1400718594.000000 ccnd[645]: 6001 ____________________ Thu May 22 00:29:54 2014
1400718594.528977 ccnd[645]: CCND_DEBUG=-1 CCND_CAP=50000
1400718594.529164 ccnd[645]: listening on /tmp/.ccnd.sock.6001
1400718594.529277 ccnd[645]: accepting ipv4 datagrams on fd 4 rcvbuf 124928
1400718594.529300 ccnd[645]: accepting ipv4 connections on fd 5
1400718594.529348 ccnd[645]: accepting ipv6 datagrams on fd 6 rcvbuf 124928
1400718594.529369 ccnd[645]: accepting ipv6 connections on fd 7
1400718594.531499 ccnd[645]: debug.2428 prefix,ff=3 0 ccnx:/ccnx/ping (16 bytes)
1400718594.531603 ccnd[645]: debug.2428 prefix,ff=3 0 ccnx:/%C1.M.S.localhost/%C1.M.SRV/ccnd (37 bytes)
1400718594.531621 ccnd[645]: debug.2428 prefix,ff=3 0 ccnx:/%C1.M.S.neighborhood (24 bytes)
1400718594.531648 ccnd[645]: debug.2428 prefix,ff=0x17 0 ccnx:/ccnx/%D7%C0.%E6%A2%06%2B%91%AF8hE%F6%C9U%84%F7%7D%A1%B3U%3F%CF%B4%1B%B0%85%A4%24x%11m (45 bytes)
1400718594.531661 ccnd[645]: debug.2428 prefix,ff=0x23 0 ccnx:/%C1.M.S.localhost (20 bytes)
1400718594.578260 ccnd[645]: accepted client fd=8 id=6
1400718594.578477 ccnd[645]: shutdown client fd=8 id=6
1400718594.578496 ccnd[645]: recycling face id 6 (slot 6)
1400718594.583451 ccnd[645]: accepted client fd=8 id=6
1400718594.583536 ccnd[645]: shutdown client fd=8 id=6
1400718594.583550 ccnd[645]: recycling face id 6 (slot 6)
1400718630.000000 ccnd[645]: 6001 ____________________ Thu May 22 00:30:30 2014
1400718630.652604 ccnd[645]: accepted client fd=8 id=6
1400718630.670127 ccnd[645]: debug.3807 interest_from 6 ccnx:/%C1.M.S.localhost/%C1.M.SRV/ccnd/KEY (51 bytes,scope=1)
1400718630.670148 ccnd[645]: version: 20090701, prefix_comps: 4, min_suffix_comps: 0, max_suffix_comps: 32767, orderpref: 0, answerfrom: 3, scope: 1, lifetime: 4.0000, excl: 0 bytes, etc: 0 bytes
1400718630.670169 ccnd[645]: fwd.3059 adding 0
1400718630.670177 ccnd[645]: fwd.3059 adding 0
1400718630.670184 ccnd[645]: outbound.3131 adding 0
1400718630.670205 ccnd[645]: debug.3523 0x148bd20.0of1,usec=1365+3998635 6 ccnx:/%C1.M.S.localhost/%C1.M.SRV/ccnd/KEY (67 bytes,scope=1) D7C02E-0285-0006-26A7-17DA40
1400718630.672309 ccnd[645]: debug.3210 interest_to 0 ccnx:/%C1.M.S.localhost/%C1.M.SRV/ccnd/KEY (67 bytes,scope=1) D7C02E-0285-0006-26A7-17DA40
1400718630.672337 ccnd[645]: debug.158 ccnd_answer_req ccnx:/%C1.M.S.localhost/%C1.M.SRV/ccnd/KEY (67 bytes,scope=1) D7C02E-0285-0006-26A7-17DA40
1400718630.673438 ccnd[645]: debug.4109 content_from 0 ccnx:/%C1.M.S.localhost/%C1.M.SRV/ccnd/KEY/%C1.M.K%00%D7%C0.%E6%A2%06%2B%91%AF8hE%F6%C9U%84%F7%7D%A1%B3U%3F%CF%B4%1B%B0%85%A4%24x%11m/%FD%057%D4P%28w/%00/%F1N%18%28B%AB%10%C3A%3BTs%B0%24Jnk%9B%8D%9E%AD%FC%E3%90%20%8Cj-%F1%E2%DD%7F (611 bytes)
1400718630.673457 ccnd[645]: fwd.3059 adding 0
1400718630.673465 ccnd[645]: fwd.3059 adding 0
1400718630.673477 ccnd[645]: face 6 q 0 delay 3 usec
1400718630.673493 ccnd[645]: debug.1526 consume 6 ccnx:/%C1.M.S.localhost/%C1.M.SRV/ccnd/KEY (67 bytes,scope=1) D7C02E-0285-0006-26A7-17DA40
1400718630.673500 ccnd[645]: sl.1598 0 ci=4 osrc=4294967295 src=0 usec=11002
1400718630.673508 ccnd[645]: sl.1598 0 ci=3 osrc=4294967295 src=0 usec=11002
1400718630.673515 ccnd[645]: fwd.3059 adding 0
1400718630.673522 ccnd[645]: fwd.3059 adding 0
1400718630.673547 ccnd[645]: debug.1268 content_to 6 ccnx:/%C1.M.S.localhost/%C1.M.SRV/ccnd/KEY/%C1.M.K%00%D7%C0.%E6%A2%06%2B%91%AF8hE%F6%C9U%84%F7%7D%A1%B3U%3F%CF%B4%1B%B0%85%A4%24x%11m/%FD%057%D4P%28w/%00/%F1N%18%28B%AB%10%C3A%3BTs%B0%24Jnk%9B%8D%9E%AD%FC%E3%90%20%8Cj-%F1%E2%DD%7F (611 bytes)
1400718630.684885 ccnd[645]: debug.3807 interest_from 6 ccnx:/%C1.M.S.localhost/%C1.M.SRV/ccnd/KEY/%C1.M.K%00%D7%C0.%E6%A2%06%2B%91%AF8hE%F6%C9U%84%F7%7D%A1%B3U%3F%CF%B4%1B%B0%85%A4%24x%11m/%FD%057%D4P%28w (108 bytes)
1400718630.684909 ccnd[645]: version: 20090701, prefix_comps: 6, min_suffix_comps: 1, max_suffix_comps: 3, orderpref: 0, answerfrom: 3, scope: -1, lifetime: 4.0000, excl: 0 bytes, etc: 0 bytes
1400718630.684942 ccnd[645]: debug.3856 first_candidate ccnx:/%C1.M.S.localhost/%C1.M.SRV/ccnd/KEY/%C1.M.K%00%D7%C0.%E6%A2%06%2B%91%AF8hE%F6%C9U%84%F7%7D%A1%B3U%3F%CF%B4%1B%B0%85%A4%24x%11m/%FD%057%D4P%28w/%00/%F1N%18%28B%AB%10%C3A%3BTs%B0%24Jnk%9B%8D%9E%AD%FC%E3%90%20%8Cj-%F1%E2%DD%7F (611 bytes)
1400718630.684992 ccnd[645]: debug.3884 matches ccnx:/%C1.M.S.localhost/%C1.M.SRV/ccnd/KEY/%C1.M.K%00%D7%C0.%E6%A2%06%2B%91%AF8hE%F6%C9U%84%F7%7D%A1%B3U%3F%CF%B4%1B%B0%85%A4%24x%11m/%FD%057%D4P%28w/%00/%F1N%18%28B%AB%10%C3A%3BTs%B0%24Jnk%9B%8D%9E%AD%FC%E3%90%20%8Cj-%F1%E2%DD%7F (611 bytes)
1400718630.685002 ccnd[645]: face 6 q 0 delay 3 usec
1400718630.685022 ccnd[645]: debug.3918 consume 6 ccnx:/%C1.M.S.localhost/%C1.M.SRV/ccnd/KEY/%C1.M.K%00%D7%C0.%E6%A2%06%2B%91%AF8hE%F6%C9U%84%F7%7D%A1%B3U%3F%CF%B4%1B%B0%85%A4%24x%11m/%FD%057%D4P%28w (108 bytes)
1400718630.685030 ccnd[645]: fwd.3059 adding 0
1400718630.685038 ccnd[645]: fwd.3059 adding 0
1400718630.685045 ccnd[645]: fwd.3059 adding 0
1400718630.685052 ccnd[645]: fwd.3059 adding 0
1400718630.685076 ccnd[645]: debug.1268 content_to 6 ccnx:/%C1.M.S.localhost/%C1.M.SRV/ccnd/KEY/%C1.M.K%00%D7%C0.%E6%A2%06%2B%91%AF8hE%F6%C9U%84%F7%7D%A1%B3U%3F%CF%B4%1B%B0%85%A4%24x%11m/%FD%057%D4P%28w/%00/%F1N%18%28B%AB%10%C3A%3BTs%B0%24Jnk%9B%8D%9E%AD%FC%E3%90%20%8Cj-%F1%E2%DD%7F (611 bytes)
1400718630.805333 ccnd[645]: debug.3807 interest_from 6 ccnx:/ccnx/%D7%C0.%E6%A2%06%2B%91%AF8hE%F6%C9U%84%F7%7D%A1%B3U%3F%CF%B4%1B%B0%85%A4%24x%11m/selfreg/%04%82%02%AA%03%B2%08%85%5D%AF%87%EAN%B9H%3B%E3U%A3%C1%C6%04%A5~%84%A6%83%A5a%9Cw%FE%B4%D3~%DF%2B%A2%D5w%A9%A7w%2F%17%9F%99%2CIs%C3%9C%8BjhP%07%8B%09%5B%84%C05y%0Ap%AF%1A%7C%17%D2%F1%82%9C9%A5%9BZ%C9%BA%1D%B7%05T%AD%5E%CB%EB2X%B2%B9%29%D4%B5%80%F4f%E6%C7%19%F9b%3F%7C%A8%B8%04%2F%28a%89e%88%29%ADw%D8%D3%D4%89%26%D9%E1%06%EB%BC%FF%D4%B7%DD%CC%172%2F%25%00%00%F2%00%01%A2%03%E2%02%85%3F%CEUL%08m2%E5%A6%28%3Ew%CDb%836%8B%D9z%DA%5B%02%D776-%A5s%B2%09%84%40%00%02%BA%B5%057%D4Rl-%00%01%E2%01%DA%0A%950%81%9F0%0D%06%09%2A%86H%86%F7%0D%01%01%01%05%00%03%81%8D%000%81%89%02%81%81%00%C0%FB%16%1F%A6%9A%5E%A0%2A%D2%80%DA%8E%D9f%C1%85r%83t%A6%28P6%CC%20O%60%D9Pi%87%F3%F6%D7%8C%F8F%BFw%3C%08%10%FF%D8%02%3E%1B%03E%0B%24%D5T%3F%21T%FC%8Fl%5C%07%22%60o%AA%AF%8E%1E6%9A%7DvVbs%2C%BCrW-Z%0F%F1%9F%CA%DA%B3%E0%06%E9%81%F7-%01%16%D5%7D%DF%D4%21E%2F%B0%C1%A7%27%AF%C2%0C%B6%C3%EC%1C%BF%5D%82T%A5%DEa%C4%14%401%10%C6%23%02%03%01%00%01%00%00%00%01%9A%09%ED%05%8A%04%CA%BEselfreg%00%F2%FA%C5ccnx.org%00%FA%ADUsers%00%FA%A5user%00%FA%A5Keys%00%FA%02%B5%C1.M.K%00%3F%CEUL%08m2%E5%A6%28%3Ew%CDb%836%8B%D9z%DA%5B%02%D776-%A5s%B2%09%84%40%00%FA%BD%FD%04%FB%C93%60%00%00%00%03%E2%02%85%D7%C0.%E6%A2%06%2B%91%AF8hE%F6%C9U%84%F7%7D%A1%B3U%3F%CF%B4%1B%B0%85%A4%24x%11m%00%04%FA%8E3%00%03%D2%D62147483647%00%00%00%00 (590 bytes,scope=1)
1400718630.805362 ccnd[645]: version: 20090701, prefix_comps: 4, min_suffix_comps: 0, max_suffix_comps: 32767, orderpref: 0, answerfrom: 3, scope: 1, lifetime: 4.0000, excl: 0 bytes, etc: 0 bytes
1400718630.805395 ccnd[645]: debug.3856 first_candidate ccnx:/%C1.M.S.localhost/%C1.M.SRV/ccnd/KEY/%C1.M.K%00%D7%C0.%E6%A2%06%2B%91%AF8hE%F6%C9U%84%F7%7D%A1%B3U%3F%CF%B4%1B%B0%85%A4%24x%11m/%FD%057%D4P%28w/%00/%F1N%18%28B%AB%10%C3A%3BTs%B0%24Jnk%9B%8D%9E%AD%FC%E3%90%20%8Cj-%F1%E2%DD%7F (611 bytes)
1400718630.805486 ccnd[645]: debug.3863 prefix_mismatch ccnx:/ccnx/%D7%C0.%E6%A2%06%2B%91%AF8hE%F6%C9U%84%F7%7D%A1%B3U%3F%CF%B4%1B%B0%85%A4%24x%11m/selfreg/%04%82%02%AA%03%B2%08%85%5D%AF%87%EAN%B9H%3B%E3U%A3%C1%C6%04%A5~%84%A6%83%A5a%9Cw%FE%B4%D3~%DF%2B%A2%D5w%A9%A7w%2F%17%9F%99%2CIs%C3%9C%8BjhP%07%8B%09%5B%84%C05y%0Ap%AF%1A%7C%17%D2%F1%82%9C9%A5%9BZ%C9%BA%1D%B7%05T%AD%5E%CB%EB2X%B2%B9%29%D4%B5%80%F4f%E6%C7%19%F9b%3F%7C%A8%B8%04%2F%28a%89e%88%29%ADw%D8%D3%D4%89%26%D9%E1%06%EB%BC%FF%D4%B7%DD%CC%172%2F%25%00%00%F2%00%01%A2%03%E2%02%85%3F%CEUL%08m2%E5%A6%28%3Ew%CDb%836%8B%D9z%DA%5B%02%D776-%A5s%B2%09%84%40%00%02%BA%B5%057%D4Rl-%00%01%E2%01%DA%0A%950%81%9F0%0D%06%09%2A%86H%86%F7%0D%01%01%01%05%00%03%81%8D%000%81%89%02%81%81%00%C0%FB%16%1F%A6%9A%5E%A0%2A%D2%80%DA%8E%D9f%C1%85r%83t%A6%28P6%CC%20O%60%D9Pi%87%F3%F6%D7%8C%F8F%BFw%3C%08%10%FF%D8%02%3E%1B%03E%0B%24%D5T%3F%21T%FC%8Fl%5C%07%22%60o%AA%AF%8E%1E6%9A%7DvVbs%2C%BCrW-Z%0F%F1%9F%CA%DA%B3%E0%06%E9%81%F7-%01%16%D5%7D%DF%D4%21E%2F%B0%C1%A7%27%AF%C2%0C%B6%C3%EC%1C%BF%5D%82T%A5%DEa%C4%14%401%10%C6%23%02%03%01%00%01%00%00%00%01%9A%09%ED%05%8A%04%CA%BEselfreg%00%F2%FA%C5ccnx.org%00%FA%ADUsers%00%FA%A5user%00%FA%A5Keys%00%FA%02%B5%C1.M.K%00%3F%CEUL%08m2%E5%A6%28%3Ew%CDb%836%8B%D9z%DA%5B%02%D776-%A5s%B2%09%84%40%00%FA%BD%FD%04%FB%C93%60%00%00%00%03%E2%02%85%D7%C0.%E6%A2%06%2B%91%AF8hE%F6%C9U%84%F7%7D%A1%B3U%3F%CF%B4%1B%B0%85%A4%24x%11m%00%04%FA%8E3%00%03%D2%D62147483647%00%00%00%00 (590 bytes,scope=1)
1400718630.805510 ccnd[645]: fwd.3059 adding 0
1400718630.805519 ccnd[645]: outbound.3131 adding 0
1400718630.805610 ccnd[645]: debug.3523 0x148bdb0.0of1,usec=2848+3997152 6 ccnx:/ccnx/%D7%C0.%E6%A2%06%2B%91%AF8hE%F6%C9U%84%F7%7D%A1%B3U%3F%CF%B4%1B%B0%85%A4%24x%11m/selfreg/%04%82%02%AA%03%B2%08%85%5D%AF%87%EAN%B9H%3B%E3U%A3%C1%C6%04%A5~%84%A6%83%A5a%9Cw%FE%B4%D3~%DF%2B%A2%D5w%A9%A7w%2F%17%9F%99%2CIs%C3%9C%8BjhP%07%8B%09%5B%84%C05y%0Ap%AF%1A%7C%17%D2%F1%82%9C9%A5%9BZ%C9%BA%1D%B7%05T%AD%5E%CB%EB2X%B2%B9%29%D4%B5%80%F4f%E6%C7%19%F9b%3F%7C%A8%B8%04%2F%28a%89e%88%29%ADw%D8%D3%D4%89%26%D9%E1%06%EB%BC%FF%D4%B7%DD%CC%172%2F%25%00%00%F2%00%01%A2%03%E2%02%85%3F%CEUL%08m2%E5%A6%28%3Ew%CDb%836%8B%D9z%DA%5B%02%D776-%A5s%B2%09%84%40%00%02%BA%B5%057%D4Rl-%00%01%E2%01%DA%0A%950%81%9F0%0D%06%09%2A%86H%86%F7%0D%01%01%01%05%00%03%81%8D%000%81%89%02%81%81%00%C0%FB%16%1F%A6%9A%5E%A0%2A%D2%80%DA%8E%D9f%C1%85r%83t%A6%28P6%CC%20O%60%D9Pi%87%F3%F6%D7%8C%F8F%BFw%3C%08%10%FF%D8%02%3E%1B%03E%0B%24%D5T%3F%21T%FC%8Fl%5C%07%22%60o%AA%AF%8E%1E6%9A%7DvVbs%2C%BCrW-Z%0F%F1%9F%CA%DA%B3%E0%06%E9%81%F7-%01%16%D5%7D%DF%D4%21E%2F%B0%C1%A7%27%AF%C2%0C%B6%C3%EC%1C%BF%5D%82T%A5%DEa%C4%14%401%10%C6%23%02%03%01%00%01%00%00%00%01%9A%09%ED%05%8A%04%CA%BEselfreg%00%F2%FA%C5ccnx.org%00%FA%ADUsers%00%FA%A5user%00%FA%A5Keys%00%FA%02%B5%C1.M.K%00%3F%CEUL%08m2%E5%A6%28%3Ew%CDb%836%8B%D9z%DA%5B%02%D776-%A5s%B2%09%84%40%00%FA%BD%FD%04%FB%C93%60%00%00%00%03%E2%02%85%D7%C0.%E6%A2%06%2B%91%AF8hE%F6%C9U%84%F7%7D%A1%B3U%3F%CF%B4%1B%B0%85%A4%24x%11m%00%04%FA%8E3%00%03%D2%D62147483647%00%00%00%00 (606 bytes,scope=1) D7C02E-0285-0006-26AF-FCA467
1400718630.808784 ccnd[645]: debug.3210 interest_to 0 ccnx:/ccnx/%D7%C0.%E6%A2%06%2B%91%AF8hE%F6%C9U%84%F7%7D%A1%B3U%3F%CF%B4%1B%B0%85%A4%24x%11m/selfreg/%04%82%02%AA%03%B2%08%85%5D%AF%87%EAN%B9H%3B%E3U%A3%C1%C6%04%A5~%84%A6%83%A5a%9Cw%FE%B4%D3~%DF%2B%A2%D5w%A9%A7w%2F%17%9F%99%2CIs%C3%9C%8BjhP%07%8B%09%5B%84%C05y%0Ap%AF%1A%7C%17%D2%F1%82%9C9%A5%9BZ%C9%BA%1D%B7%05T%AD%5E%CB%EB2X%B2%B9%29%D4%B5%80%F4f%E6%C7%19%F9b%3F%7C%A8%B8%04%2F%28a%89e%88%29%ADw%D8%D3%D4%89%26%D9%E1%06%EB%BC%FF%D4%B7%DD%CC%172%2F%25%00%00%F2%00%01%A2%03%E2%02%85%3F%CEUL%08m2%E5%A6%28%3Ew%CDb%836%8B%D9z%DA%5B%02%D776-%A5s%B2%09%84%40%00%02%BA%B5%057%D4Rl-%00%01%E2%01%DA%0A%950%81%9F0%0D%06%09%2A%86H%86%F7%0D%01%01%01%05%00%03%81%8D%000%81%89%02%81%81%00%C0%FB%16%1F%A6%9A%5E%A0%2A%D2%80%DA%8E%D9f%C1%85r%83t%A6%28P6%CC%20O%60%D9Pi%87%F3%F6%D7%8C%F8F%BFw%3C%08%10%FF%D8%02%3E%1B%03E%0B%24%D5T%3F%21T%FC%8Fl%5C%07%22%60o%AA%AF%8E%1E6%9A%7DvVbs%2C%BCrW-Z%0F%F1%9F%CA%DA%B3%E0%06%E9%81%F7-%01%16%D5%7D%DF%D4%21E%2F%B0%C1%A7%27%AF%C2%0C%B6%C3%EC%1C%BF%5D%82T%A5%DEa%C4%14%401%10%C6%23%02%03%01%00%01%00%00%00%01%9A%09%ED%05%8A%04%CA%BEselfreg%00%F2%FA%C5ccnx.org%00%FA%ADUsers%00%FA%A5user%00%FA%A5Keys%00%FA%02%B5%C1.M.K%00%3F%CEUL%08m2%E5%A6%28%3Ew%CDb%836%8B%D9z%DA%5B%02%D776-%A5s%B2%09%84%40%00%FA%BD%FD%04%FB%C93%60%00%00%00%03%E2%02%85%D7%C0.%E6%A2%06%2B%91%AF8hE%F6%C9U%84%F7%7D%A1%B3U%3F%CF%B4%1B%B0%85%A4%24x%11m%00%04%FA%8E3%00%03%D2%D62147483647%00%00%00%00 (606 bytes,scope=1) D7C02E-0285-0006-26AF-FCA467
1400718630.808886 ccnd[645]: debug.158 ccnd_answer_req ccnx:/ccnx/%D7%C0.%E6%A2%06%2B%91%AF8hE%F6%C9U%84%F7%7D%A1%B3U%3F%CF%B4%1B%B0%85%A4%24x%11m/selfreg/%04%82%02%AA%03%B2%08%85%5D%AF%87%EAN%B9H%3B%E3U%A3%C1%C6%04%A5~%84%A6%83%A5a%9Cw%FE%B4%D3~%DF%2B%A2%D5w%A9%A7w%2F%17%9F%99%2CIs%C3%9C%8BjhP%07%8B%09%5B%84%C05y%0Ap%AF%1A%7C%17%D2%F1%82%9C9%A5%9BZ%C9%BA%1D%B7%05T%AD%5E%CB%EB2X%B2%B9%29%D4%B5%80%F4f%E6%C7%19%F9b%3F%7C%A8%B8%04%2F%28a%89e%88%29%ADw%D8%D3%D4%89%26%D9%E1%06%EB%BC%FF%D4%B7%DD%CC%172%2F%25%00%00%F2%00%01%A2%03%E2%02%85%3F%CEUL%08m2%E5%A6%28%3Ew%CDb%836%8B%D9z%DA%5B%02%D776-%A5s%B2%09%84%40%00%02%BA%B5%057%D4Rl-%00%01%E2%01%DA%0A%950%81%9F0%0D%06%09%2A%86H%86%F7%0D%01%01%01%05%00%03%81%8D%000%81%89%02%81%81%00%C0%FB%16%1F%A6%9A%5E%A0%2A%D2%80%DA%8E%D9f%C1%85r%83t%A6%28P6%CC%20O%60%D9Pi%87%F3%F6%D7%8C%F8F%BFw%3C%08%10%FF%D8%02%3E%1B%03E%0B%24%D5T%3F%21T%FC%8Fl%5C%07%22%60o%AA%AF%8E%1E6%9A%7DvVbs%2C%BCrW-Z%0F%F1%9F%CA%DA%B3%E0%06%E9%81%F7-%01%16%D5%7D%DF%D4%21E%2F%B0%C1%A7%27%AF%C2%0C%B6%C3%EC%1C%BF%5D%82T%A5%DEa%C4%14%401%10%C6%23%02%03%01%00%01%00%00%00%01%9A%09%ED%05%8A%04%CA%BEselfreg%00%F2%FA%C5ccnx.org%00%FA%ADUsers%00%FA%A5user%00%FA%A5Keys%00%FA%02%B5%C1.M.K%00%3F%CEUL%08m2%E5%A6%28%3Ew%CDb%836%8B%D9z%DA%5B%02%D776-%A5s%B2%09%84%40%00%FA%BD%FD%04%FB%C93%60%00%00%00%03%E2%02%85%D7%C0.%E6%A2%06%2B%91%AF8hE%F6%C9U%84%F7%7D%A1%B3U%3F%CF%B4%1B%B0%85%A4%24x%11m%00%04%FA%8E3%00%03%D2%D62147483647%00%00%00%00 (606 bytes,scope=1) D7C02E-0285-0006-26AF-FCA467
1400718630.809044 ccnd[645]: debug.2428 prefix,ff=3 6 ccnx:/ccnx.org/Users/user/Keys/%C1.M.K%00%3F%CEUL%08m2%E5%A6%28%3Ew%CDb%836%8B%D9z%DA%5B%02%D776-%A5s%B2%09%84%40/%FD%04%FB%C93%60%00 (87 bytes)
1400718630.809696 ccnd[645]: debug.280 ccnd_answer_req_response ccnx:/ccnx/%D7%C0.%E6%A2%06%2B%91%AF8hE%F6%C9U%84%F7%7D%A1%B3U%3F%CF%B4%1B%B0%85%A4%24x%11m/selfreg/%04%82%02%AA%03%B2%08%85%5D%AF%87%EAN%B9H%3B%E3U%A3%C1%C6%04%A5~%84%A6%83%A5a%9Cw%FE%B4%D3~%DF%2B%A2%D5w%A9%A7w%2F%17%9F%99%2CIs%C3%9C%8BjhP%07%8B%09%5B%84%C05y%0Ap%AF%1A%7C%17%D2%F1%82%9C9%A5%9BZ%C9%BA%1D%B7%05T%AD%5E%CB%EB2X%B2%B9%29%D4%B5%80%F4f%E6%C7%19%F9b%3F%7C%A8%B8%04%2F%28a%89e%88%29%ADw%D8%D3%D4%89%26%D9%E1%06%EB%BC%FF%D4%B7%DD%CC%172%2F%25%00%00%F2%00%01%A2%03%E2%02%85%3F%CEUL%08m2%E5%A6%28%3Ew%CDb%836%8B%D9z%DA%5B%02%D776-%A5s%B2%09%84%40%00%02%BA%B5%057%D4Rl-%00%01%E2%01%DA%0A%950%81%9F0%0D%06%09%2A%86H%86%F7%0D%01%01%01%05%00%03%81%8D%000%81%89%02%81%81%00%C0%FB%16%1F%A6%9A%5E%A0%2A%D2%80%DA%8E%D9f%C1%85r%83t%A6%28P6%CC%20O%60%D9Pi%87%F3%F6%D7%8C%F8F%BFw%3C%08%10%FF%D8%02%3E%1B%03E%0B%24%D5T%3F%21T%FC%8Fl%5C%07%22%60o%AA%AF%8E%1E6%9A%7DvVbs%2C%BCrW-Z%0F%F1%9F%CA%DA%B3%E0%06%E9%81%F7-%01%16%D5%7D%DF%D4%21E%2F%B0%C1%A7%27%AF%C2%0C%B6%C3%EC%1C%BF%5D%82T%A5%DEa%C4%14%401%10%C6%23%02%03%01%00%01%00%00%00%01%9A%09%ED%05%8A%04%CA%BEselfreg%00%F2%FA%C5ccnx.org%00%FA%ADUsers%00%FA%A5user%00%FA%A5Keys%00%FA%02%B5%C1.M.K%00%3F%CEUL%08m2%E5%A6%28%3Ew%CDb%836%8B%D9z%DA%5B%02%D776-%A5s%B2%09%84%40%00%FA%BD%FD%04%FB%C93%60%00%00%00%03%E2%02%85%D7%C0.%E6%A2%06%2B%91%AF8hE%F6%C9U%84%F7%7D%A1%B3U%3F%CF%B4%1B%B0%85%A4%24x%11m%00%04%FA%8E3%00%03%D2%D62147483647%00%00%00%00 (1103 bytes)
1400718630.809806 ccnd[645]: debug.4109 content_from 0 ccnx:/ccnx/%D7%C0.%E6%A2%06%2B%91%AF8hE%F6%C9U%84%F7%7D%A1%B3U%3F%CF%B4%1B%B0%85%A4%24x%11m/selfreg/%04%82%02%AA%03%B2%08%85%5D%AF%87%EAN%B9H%3B%E3U%A3%C1%C6%04%A5~%84%A6%83%A5a%9Cw%FE%B4%D3~%DF%2B%A2%D5w%A9%A7w%2F%17%9F%99%2CIs%C3%9C%8BjhP%07%8B%09%5B%84%C05y%0Ap%AF%1A%7C%17%D2%F1%82%9C9%A5%9BZ%C9%BA%1D%B7%05T%AD%5E%CB%EB2X%B2%B9%29%D4%B5%80%F4f%E6%C7%19%F9b%3F%7C%A8%B8%04%2F%28a%89e%88%29%ADw%D8%D3%D4%89%26%D9%E1%06%EB%BC%FF%D4%B7%DD%CC%172%2F%25%00%00%F2%00%01%A2%03%E2%02%85%3F%CEUL%08m2%E5%A6%28%3Ew%CDb%836%8B%D9z%DA%5B%02%D776-%A5s%B2%09%84%40%00%02%BA%B5%057%D4Rl-%00%01%E2%01%DA%0A%950%81%9F0%0D%06%09%2A%86H%86%F7%0D%01%01%01%05%00%03%81%8D%000%81%89%02%81%81%00%C0%FB%16%1F%A6%9A%5E%A0%2A%D2%80%DA%8E%D9f%C1%85r%83t%A6%28P6%CC%20O%60%D9Pi%87%F3%F6%D7%8C%F8F%BFw%3C%08%10%FF%D8%02%3E%1B%03E%0B%24%D5T%3F%21T%FC%8Fl%5C%07%22%60o%AA%AF%8E%1E6%9A%7DvVbs%2C%BCrW-Z%0F%F1%9F%CA%DA%B3%E0%06%E9%81%F7-%01%16%D5%7D%DF%D4%21E%2F%B0%C1%A7%27%AF%C2%0C%B6%C3%EC%1C%BF%5D%82T%A5%DEa%C4%14%401%10%C6%23%02%03%01%00%01%00%00%00%01%9A%09%ED%05%8A%04%CA%BEselfreg%00%F2%FA%C5ccnx.org%00%FA%ADUsers%00%FA%A5user%00%FA%A5Keys%00%FA%02%B5%C1.M.K%00%3F%CEUL%08m2%E5%A6%28%3Ew%CDb%836%8B%D9z%DA%5B%02%D776-%A5s%B2%09%84%40%00%FA%BD%FD%04%FB%C93%60%00%00%00%03%E2%02%85%D7%C0.%E6%A2%06%2B%91%AF8hE%F6%C9U%84%F7%7D%A1%B3U%3F%CF%B4%1B%B0%85%A4%24x%11m%00%04%FA%8E3%00%03%D2%D62147483647%00%00%00%00/%BEp%2B%D6%96%C3%D9%89%98Hw%D9o%DC%29C%8E4%D56%8Bt%AD%FA%DF%CD%93%BDKu%7CJ (1139 bytes)
1400718630.809838 ccnd[645]: fwd.3059 adding 0
1400718630.809851 ccnd[645]: face 6 q 0 delay 3 usec
1400718630.809939 ccnd[645]: debug.1526 consume 6 ccnx:/ccnx/%D7%C0.%E6%A2%06%2B%91%AF8hE%F6%C9U%84%F7%7D%A1%B3U%3F%CF%B4%1B%B0%85%A4%24x%11m/selfreg/%04%82%02%AA%03%B2%08%85%5D%AF%87%EAN%B9H%3B%E3U%A3%C1%C6%04%A5~%84%A6%83%A5a%9Cw%FE%B4%D3~%DF%2B%A2%D5w%A9%A7w%2F%17%9F%99%2CIs%C3%9C%8BjhP%07%8B%09%5B%84%C05y%0Ap%AF%1A%7C%17%D2%F1%82%9C9%A5%9BZ%C9%BA%1D%B7%05T%AD%5E%CB%EB2X%B2%B9%29%D4%B5%80%F4f%E6%C7%19%F9b%3F%7C%A8%B8%04%2F%28a%89e%88%29%ADw%D8%D3%D4%89%26%D9%E1%06%EB%BC%FF%D4%B7%DD%CC%172%2F%25%00%00%F2%00%01%A2%03%E2%02%85%3F%CEUL%08m2%E5%A6%28%3Ew%CDb%836%8B%D9z%DA%5B%02%D776-%A5s%B2%09%84%40%00%02%BA%B5%057%D4Rl-%00%01%E2%01%DA%0A%950%81%9F0%0D%06%09%2A%86H%86%F7%0D%01%01%01%05%00%03%81%8D%000%81%89%02%81%81%00%C0%FB%16%1F%A6%9A%5E%A0%2A%D2%80%DA%8E%D9f%C1%85r%83t%A6%28P6%CC%20O%60%D9Pi%87%F3%F6%D7%8C%F8F%BFw%3C%08%10%FF%D8%02%3E%1B%03E%0B%24%D5T%3F%21T%FC%8Fl%5C%07%22%60o%AA%AF%8E%1E6%9A%7DvVbs%2C%BCrW-Z%0F%F1%9F%CA%DA%B3%E0%06%E9%81%F7-%01%16%D5%7D%DF%D4%21E%2F%B0%C1%A7%27%AF%C2%0C%B6%C3%EC%1C%BF%5D%82T%A5%DEa%C4%14%401%10%C6%23%02%03%01%00%01%00%00%00%01%9A%09%ED%05%8A%04%CA%BEselfreg%00%F2%FA%C5ccnx.org%00%FA%ADUsers%00%FA%A5user%00%FA%A5Keys%00%FA%02%B5%C1.M.K%00%3F%CEUL%08m2%E5%A6%28%3Ew%CDb%836%8B%D9z%DA%5B%02%D776-%A5s%B2%09%84%40%00%FA%BD%FD%04%FB%C93%60%00%00%00%03%E2%02%85%D7%C0.%E6%A2%06%2B%91%AF8hE%F6%C9U%84%F7%7D%A1%B3U%3F%CF%B4%1B%B0%85%A4%24x%11m%00%04%FA%8E3%00%03%D2%D62147483647%00%00%00%00 (606 bytes,scope=1) D7C02E-0285-0006-26AF-FCA467
1400718630.809949 ccnd[645]: sl.1598 0 ci=4 osrc=4294967295 src=0 usec=11002
1400718630.809957 ccnd[645]: fwd.3059 adding 0
1400718630.809963 ccnd[645]: sl.1598 0 ci=3 osrc=4294967295 src=0 usec=11002
1400718630.809971 ccnd[645]: fwd.3059 adding 0
1400718630.810061 ccnd[645]: debug.1268 content_to 6 ccnx:/ccnx/%D7%C0.%E6%A2%06%2B%91%AF8hE%F6%C9U%84%F7%7D%A1%B3U%3F%CF%B4%1B%B0%85%A4%24x%11m/selfreg/%04%82%02%AA%03%B2%08%85%5D%AF%87%EAN%B9H%3B%E3U%A3%C1%C6%04%A5~%84%A6%83%A5a%9Cw%FE%B4%D3~%DF%2B%A2%D5w%A9%A7w%2F%17%9F%99%2CIs%C3%9C%8BjhP%07%8B%09%5B%84%C05y%0Ap%AF%1A%7C%17%D2%F1%82%9C9%A5%9BZ%C9%BA%1D%B7%05T%AD%5E%CB%EB2X%B2%B9%29%D4%B5%80%F4f%E6%C7%19%F9b%3F%7C%A8%B8%04%2F%28a%89e%88%29%ADw%D8%D3%D4%89%26%D9%E1%06%EB%BC%FF%D4%B7%DD%CC%172%2F%25%00%00%F2%00%01%A2%03%E2%02%85%3F%CEUL%08m2%E5%A6%28%3Ew%CDb%836%8B%D9z%DA%5B%02%D776-%A5s%B2%09%84%40%00%02%BA%B5%057%D4Rl-%00%01%E2%01%DA%0A%950%81%9F0%0D%06%09%2A%86H%86%F7%0D%01%01%01%05%00%03%81%8D%000%81%89%02%81%81%00%C0%FB%16%1F%A6%9A%5E%A0%2A%D2%80%DA%8E%D9f%C1%85r%83t%A6%28P6%CC%20O%60%D9Pi%87%F3%F6%D7%8C%F8F%BFw%3C%08%10%FF%D8%02%3E%1B%03E%0B%24%D5T%3F%21T%FC%8Fl%5C%07%22%60o%AA%AF%8E%1E6%9A%7DvVbs%2C%BCrW-Z%0F%F1%9F%CA%DA%B3%E0%06%E9%81%F7-%01%16%D5%7D%DF%D4%21E%2F%B0%C1%A7%27%AF%C2%0C%B6%C3%EC%1C%BF%5D%82T%A5%DEa%C4%14%401%10%C6%23%02%03%01%00%01%00%00%00%01%9A%09%ED%05%8A%04%CA%BEselfreg%00%F2%FA%C5ccnx.org%00%FA%ADUsers%00%FA%A5user%00%FA%A5Keys%00%FA%02%B5%C1.M.K%00%3F%CEUL%08m2%E5%A6%28%3Ew%CDb%836%8B%D9z%DA%5B%02%D776-%A5s%B2%09%84%40%00%FA%BD%FD%04%FB%C93%60%00%00%00%03%E2%02%85%D7%C0.%E6%A2%06%2B%91%AF8hE%F6%C9U%84%F7%7D%A1%B3U%3F%CF%B4%1B%B0%85%A4%24x%11m%00%04%FA%8E3%00%03%D2%D62147483647%00%00%00%00/%BEp%2B%D6%96%C3%D9%89%98Hw%D9o%DC%29C%8E4%D56%8Bt%AD%FA%DF%CD%93%BDKu%7CJ (1139 bytes)
1400718630.907530 ccnd[645]: debug.3807 interest_from 6 ccnx:/ccnx/%D7%C0.%E6%A2%06%2B%91%AF8hE%F6%C9U%84%F7%7D%A1%B3U%3F%CF%B4%1B%B0%85%A4%24x%11m/selfreg/%04%82%02%AA%03%B2%08%85A%1C%89%FA%C7%D2%EF%A1%B4%60%0B%3C%94%9Et%CD%F6%F2%5BN%9F%F6%20%D1%93%D65%A2%8BJR.%DE%F56%27%7F%0E%13%94%CD%CE%AE%FFt%A4%F8%8AO%B3%01%8A%95%FE%BD%BD%B5~%25%5D%BB%2Fxv%3A%14%24T%9A6%8BGD%C9%0E%97%C3%05%03%E1P%F2%9F%D3%F8%8B%FC%0C%E9%B9c%E6x%25Ye%D4%F1%FC%CE%AE%E6%C7%3D%23m7%C3%F7EZ%E9%5C%92%25j%80x%00%07%25%17KQ2%2FG%AB%00%00%F2%00%01%A2%03%E2%02%85%3F%CEUL%08m2%E5%A6%28%3Ew%CDb%836%8B%D9z%DA%5B%02%D776-%A5s%B2%09%84%40%00%02%BA%B5%057%D4Rn%25%00%01%E2%01%DA%0A%950%81%9F0%0D%06%09%2A%86H%86%F7%0D%01%01%01%05%00%03%81%8D%000%81%89%02%81%81%00%C0%FB%16%1F%A6%9A%5E%A0%2A%D2%80%DA%8E%D9f%C1%85r%83t%A6%28P6%CC%20O%60%D9Pi%87%F3%F6%D7%8C%F8F%BFw%3C%08%10%FF%D8%02%3E%1B%03E%0B%24%D5T%3F%21T%FC%8Fl%5C%07%22%60o%AA%AF%8E%1E6%9A%7DvVbs%2C%BCrW-Z%0F%F1%9F%CA%DA%B3%E0%06%E9%81%F7-%01%16%D5%7D%DF%D4%21E%2F%B0%C1%A7%27%AF%C2%0C%B6%C3%EC%1C%BF%5D%82T%A5%DEa%C4%14%401%10%C6%23%02%03%01%00%01%00%00%00%01%9A%05%9D%05%8A%04%CA%BEselfreg%00%F2%FA%A5test%00%FA%8D1%00%00%03%E2%02%85%D7%C0.%E6%A2%06%2B%91%AF8hE%F6%C9U%84%F7%7D%A1%B3U%3F%CF%B4%1B%B0%85%A4%24x%11m%00%04%FA%8E3%00%03%D2%D62147483647%00%00%00%00 (516 bytes,scope=1)
1400718630.907578 ccnd[645]: version: 20090701, prefix_comps: 4, min_suffix_comps: 0, max_suffix_comps: 32767, orderpref: 0, answerfrom: 3, scope: 1, lifetime: 4.0000, excl: 0 bytes, etc: 0 bytes
1400718630.907678 ccnd[645]: debug.3856 first_candidate ccnx:/ccnx/%D7%C0.%E6%A2%06%2B%91%AF8hE%F6%C9U%84%F7%7D%A1%B3U%3F%CF%B4%1B%B0%85%A4%24x%11m/selfreg/%04%82%02%AA%03%B2%08%85%5D%AF%87%EAN%B9H%3B%E3U%A3%C1%C6%04%A5~%84%A6%83%A5a%9Cw%FE%B4%D3~%DF%2B%A2%D5w%A9%A7w%2F%17%9F%99%2CIs%C3%9C%8BjhP%07%8B%09%5B%84%C05y%0Ap%AF%1A%7C%17%D2%F1%82%9C9%A5%9BZ%C9%BA%1D%B7%05T%AD%5E%CB%EB2X%B2%B9%29%D4%B5%80%F4f%E6%C7%19%F9b%3F%7C%A8%B8%04%2F%28a%89e%88%29%ADw%D8%D3%D4%89%26%D9%E1%06%EB%BC%FF%D4%B7%DD%CC%172%2F%25%00%00%F2%00%01%A2%03%E2%02%85%3F%CEUL%08m2%E5%A6%28%3Ew%CDb%836%8B%D9z%DA%5B%02%D776-%A5s%B2%09%84%40%00%02%BA%B5%057%D4Rl-%00%01%E2%01%DA%0A%950%81%9F0%0D%06%09%2A%86H%86%F7%0D%01%01%01%05%00%03%81%8D%000%81%89%02%81%81%00%C0%FB%16%1F%A6%9A%5E%A0%2A%D2%80%DA%8E%D9f%C1%85r%83t%A6%28P6%CC%20O%60%D9Pi%87%F3%F6%D7%8C%F8F%BFw%3C%08%10%FF%D8%02%3E%1B%03E%0B%24%D5T%3F%21T%FC%8Fl%5C%07%22%60o%AA%AF%8E%1E6%9A%7DvVbs%2C%BCrW-Z%0F%F1%9F%CA%DA%B3%E0%06%E9%81%F7-%01%16%D5%7D%DF%D4%21E%2F%B0%C1%A7%27%AF%C2%0C%B6%C3%EC%1C%BF%5D%82T%A5%DEa%C4%14%401%10%C6%23%02%03%01%00%01%00%00%00%01%9A%09%ED%05%8A%04%CA%BEselfreg%00%F2%FA%C5ccnx.org%00%FA%ADUsers%00%FA%A5user%00%FA%A5Keys%00%FA%02%B5%C1.M.K%00%3F%CEUL%08m2%E5%A6%28%3Ew%CDb%836%8B%D9z%DA%5B%02%D776-%A5s%B2%09%84%40%00%FA%BD%FD%04%FB%C93%60%00%00%00%03%E2%02%85%D7%C0.%E6%A2%06%2B%91%AF8hE%F6%C9U%84%F7%7D%A1%B3U%3F%CF%B4%1B%B0%85%A4%24x%11m%00%04%FA%8E3%00%03%D2%D62147483647%00%00%00%00/%BEp%2B%D6%96%C3%D9%89%98Hw%D9o%DC%29C%8E4%D56%8Bt%AD%FA%DF%CD%93%BDKu%7CJ (1139 bytes)
1400718630.907770 ccnd[645]: debug.3863 prefix_mismatch ccnx:/ccnx/%D7%C0.%E6%A2%06%2B%91%AF8hE%F6%C9U%84%F7%7D%A1%B3U%3F%CF%B4%1B%B0%85%A4%24x%11m/selfreg/%04%82%02%AA%03%B2%08%85A%1C%89%FA%C7%D2%EF%A1%B4%60%0B%3C%94%9Et%CD%F6%F2%5BN%9F%F6%20%D1%93%D65%A2%8BJR.%DE%F56%27%7F%0E%13%94%CD%CE%AE%FFt%A4%F8%8AO%B3%01%8A%95%FE%BD%BD%B5~%25%5D%BB%2Fxv%3A%14%24T%9A6%8BGD%C9%0E%97%C3%05%03%E1P%F2%9F%D3%F8%8B%FC%0C%E9%B9c%E6x%25Ye%D4%F1%FC%CE%AE%E6%C7%3D%23m7%C3%F7EZ%E9%5C%92%25j%80x%00%07%25%17KQ2%2FG%AB%00%00%F2%00%01%A2%03%E2%02%85%3F%CEUL%08m2%E5%A6%28%3Ew%CDb%836%8B%D9z%DA%5B%02%D776-%A5s%B2%09%84%40%00%02%BA%B5%057%D4Rn%25%00%01%E2%01%DA%0A%950%81%9F0%0D%06%09%2A%86H%86%F7%0D%01%01%01%05%00%03%81%8D%000%81%89%02%81%81%00%C0%FB%16%1F%A6%9A%5E%A0%2A%D2%80%DA%8E%D9f%C1%85r%83t%A6%28P6%CC%20O%60%D9Pi%87%F3%F6%D7%8C%F8F%BFw%3C%08%10%FF%D8%02%3E%1B%03E%0B%24%D5T%3F%21T%FC%8Fl%5C%07%22%60o%AA%AF%8E%1E6%9A%7DvVbs%2C%BCrW-Z%0F%F1%9F%CA%DA%B3%E0%06%E9%81%F7-%01%16%D5%7D%DF%D4%21E%2F%B0%C1%A7%27%AF%C2%0C%B6%C3%EC%1C%BF%5D%82T%A5%DEa%C4%14%401%10%C6%23%02%03%01%00%01%00%00%00%01%9A%05%9D%05%8A%04%CA%BEselfreg%00%F2%FA%A5test%00%FA%8D1%00%00%03%E2%02%85%D7%C0.%E6%A2%06%2B%91%AF8hE%F6%C9U%84%F7%7D%A1%B3U%3F%CF%B4%1B%B0%85%A4%24x%11m%00%04%FA%8E3%00%03%D2%D62147483647%00%00%00%00 (516 bytes,scope=1)
1400718630.907780 ccnd[645]: outbound.3131 adding 0
1400718630.907865 ccnd[645]: debug.3523 0x1490f60.0of1,usec=162+3999838 6 ccnx:/ccnx/%D7%C0.%E6%A2%06%2B%91%AF8hE%F6%C9U%84%F7%7D%A1%B3U%3F%CF%B4%1B%B0%85%A4%24x%11m/selfreg/%04%82%02%AA%03%B2%08%85A%1C%89%FA%C7%D2%EF%A1%B4%60%0B%3C%94%9Et%CD%F6%F2%5BN%9F%F6%20%D1%93%D65%A2%8BJR.%DE%F56%27%7F%0E%13%94%CD%CE%AE%FFt%A4%F8%8AO%B3%01%8A%95%FE%BD%BD%B5~%25%5D%BB%2Fxv%3A%14%24T%9A6%8BGD%C9%0E%97%C3%05%03%E1P%F2%9F%D3%F8%8B%FC%0C%E9%B9c%E6x%25Ye%D4%F1%FC%CE%AE%E6%C7%3D%23m7%C3%F7EZ%E9%5C%92%25j%80x%00%07%25%17KQ2%2FG%AB%00%00%F2%00%01%A2%03%E2%02%85%3F%CEUL%08m2%E5%A6%28%3Ew%CDb%836%8B%D9z%DA%5B%02%D776-%A5s%B2%09%84%40%00%02%BA%B5%057%D4Rn%25%00%01%E2%01%DA%0A%950%81%9F0%0D%06%09%2A%86H%86%F7%0D%01%01%01%05%00%03%81%8D%000%81%89%02%81%81%00%C0%FB%16%1F%A6%9A%5E%A0%2A%D2%80%DA%8E%D9f%C1%85r%83t%A6%28P6%CC%20O%60%D9Pi%87%F3%F6%D7%8C%F8F%BFw%3C%08%10%FF%D8%02%3E%1B%03E%0B%24%D5T%3F%21T%FC%8Fl%5C%07%22%60o%AA%AF%8E%1E6%9A%7DvVbs%2C%BCrW-Z%0F%F1%9F%CA%DA%B3%E0%06%E9%81%F7-%01%16%D5%7D%DF%D4%21E%2F%B0%C1%A7%27%AF%C2%0C%B6%C3%EC%1C%BF%5D%82T%A5%DEa%C4%14%401%10%C6%23%02%03%01%00%01%00%00%00%01%9A%05%9D%05%8A%04%CA%BEselfreg%00%F2%FA%A5test%00%FA%8D1%00%00%03%E2%02%85%D7%C0.%E6%A2%06%2B%91%AF8hE%F6%C9U%84%F7%7D%A1%B3U%3F%CF%B4%1B%B0%85%A4%24x%11m%00%04%FA%8E3%00%03%D2%D62147483647%00%00%00%00 (532 bytes,scope=1) D7C02E-0285-0006-26CF-3583AC
1400718630.909030 ccnd[645]: debug.3210 interest_to 0 ccnx:/ccnx/%D7%C0.%E6%A2%06%2B%91%AF8hE%F6%C9U%84%F7%7D%A1%B3U%3F%CF%B4%1B%B0%85%A4%24x%11m/selfreg/%04%82%02%AA%03%B2%08%85A%1C%89%FA%C7%D2%EF%A1%B4%60%0B%3C%94%9Et%CD%F6%F2%5BN%9F%F6%20%D1%93%D65%A2%8BJR.%DE%F56%27%7F%0E%13%94%CD%CE%AE%FFt%A4%F8%8AO%B3%01%8A%95%FE%BD%BD%B5~%25%5D%BB%2Fxv%3A%14%24T%9A6%8BGD%C9%0E%97%C3%05%03%E1P%F2%9F%D3%F8%8B%FC%0C%E9%B9c%E6x%25Ye%D4%F1%FC%CE%AE%E6%C7%3D%23m7%C3%F7EZ%E9%5C%92%25j%80x%00%07%25%17KQ2%2FG%AB%00%00%F2%00%01%A2%03%E2%02%85%3F%CEUL%08m2%E5%A6%28%3Ew%CDb%836%8B%D9z%DA%5B%02%D776-%A5s%B2%09%84%40%00%02%BA%B5%057%D4Rn%25%00%01%E2%01%DA%0A%950%81%9F0%0D%06%09%2A%86H%86%F7%0D%01%01%01%05%00%03%81%8D%000%81%89%02%81%81%00%C0%FB%16%1F%A6%9A%5E%A0%2A%D2%80%DA%8E%D9f%C1%85r%83t%A6%28P6%CC%20O%60%D9Pi%87%F3%F6%D7%8C%F8F%BFw%3C%08%10%FF%D8%02%3E%1B%03E%0B%24%D5T%3F%21T%FC%8Fl%5C%07%22%60o%AA%AF%8E%1E6%9A%7DvVbs%2C%BCrW-Z%0F%F1%9F%CA%DA%B3%E0%06%E9%81%F7-%01%16%D5%7D%DF%D4%21E%2F%B0%C1%A7%27%AF%C2%0C%B6%C3%EC%1C%BF%5D%82T%A5%DEa%C4%14%401%10%C6%23%02%03%01%00%01%00%00%00%01%9A%05%9D%05%8A%04%CA%BEselfreg%00%F2%FA%A5test%00%FA%8D1%00%00%03%E2%02%85%D7%C0.%E6%A2%06%2B%91%AF8hE%F6%C9U%84%F7%7D%A1%B3U%3F%CF%B4%1B%B0%85%A4%24x%11m%00%04%FA%8E3%00%03%D2%D62147483647%00%00%00%00 (532 bytes,scope=1) D7C02E-0285-0006-26CF-3583AC
1400718630.909119 ccnd[645]: debug.158 ccnd_answer_req ccnx:/ccnx/%D7%C0.%E6%A2%06%2B%91%AF8hE%F6%C9U%84%F7%7D%A1%B3U%3F%CF%B4%1B%B0%85%A4%24x%11m/selfreg/%04%82%02%AA%03%B2%08%85A%1C%89%FA%C7%D2%EF%A1%B4%60%0B%3C%94%9Et%CD%F6%F2%5BN%9F%F6%20%D1%93%D65%A2%8BJR.%DE%F56%27%7F%0E%13%94%CD%CE%AE%FFt%A4%F8%8AO%B3%01%8A%95%FE%BD%BD%B5~%25%5D%BB%2Fxv%3A%14%24T%9A6%8BGD%C9%0E%97%C3%05%03%E1P%F2%9F%D3%F8%8B%FC%0C%E9%B9c%E6x%25Ye%D4%F1%FC%CE%AE%E6%C7%3D%23m7%C3%F7EZ%E9%5C%92%25j%80x%00%07%25%17KQ2%2FG%AB%00%00%F2%00%01%A2%03%E2%02%85%3F%CEUL%08m2%E5%A6%28%3Ew%CDb%836%8B%D9z%DA%5B%02%D776-%A5s%B2%09%84%40%00%02%BA%B5%057%D4Rn%25%00%01%E2%01%DA%0A%950%81%9F0%0D%06%09%2A%86H%86%F7%0D%01%01%01%05%00%03%81%8D%000%81%89%02%81%81%00%C0%FB%16%1F%A6%9A%5E%A0%2A%D2%80%DA%8E%D9f%C1%85r%83t%A6%28P6%CC%20O%60%D9Pi%87%F3%F6%D7%8C%F8F%BFw%3C%08%10%FF%D8%02%3E%1B%03E%0B%24%D5T%3F%21T%FC%8Fl%5C%07%22%60o%AA%AF%8E%1E6%9A%7DvVbs%2C%BCrW-Z%0F%F1%9F%CA%DA%B3%E0%06%E9%81%F7-%01%16%D5%7D%DF%D4%21E%2F%B0%C1%A7%27%AF%C2%0C%B6%C3%EC%1C%BF%5D%82T%A5%DEa%C4%14%401%10%C6%23%02%03%01%00%01%00%00%00%01%9A%05%9D%05%8A%04%CA%BEselfreg%00%F2%FA%A5test%00%FA%8D1%00%00%03%E2%02%85%D7%C0.%E6%A2%06%2B%91%AF8hE%F6%C9U%84%F7%7D%A1%B3U%3F%CF%B4%1B%B0%85%A4%24x%11m%00%04%FA%8E3%00%03%D2%D62147483647%00%00%00%00 (532 bytes,scope=1) D7C02E-0285-0006-26CF-3583AC
1400718630.909212 ccnd[645]: debug.2428 prefix,ff=3 6 ccnx:/test/1 (13 bytes)
1400718630.909860 ccnd[645]: debug.280 ccnd_answer_req_response ccnx:/ccnx/%D7%C0.%E6%A2%06%2B%91%AF8hE%F6%C9U%84%F7%7D%A1%B3U%3F%CF%B4%1B%B0%85%A4%24x%11m/selfreg/%04%82%02%AA%03%B2%08%85A%1C%89%FA%C7%D2%EF%A1%B4%60%0B%3C%94%9Et%CD%F6%F2%5BN%9F%F6%20%D1%93%D65%A2%8BJR.%DE%F56%27%7F%0E%13%94%CD%CE%AE%FFt%A4%F8%8AO%B3%01%8A%95%FE%BD%BD%B5~%25%5D%BB%2Fxv%3A%14%24T%9A6%8BGD%C9%0E%97%C3%05%03%E1P%F2%9F%D3%F8%8B%FC%0C%E9%B9c%E6x%25Ye%D4%F1%FC%CE%AE%E6%C7%3D%23m7%C3%F7EZ%E9%5C%92%25j%80x%00%07%25%17KQ2%2FG%AB%00%00%F2%00%01%A2%03%E2%02%85%3F%CEUL%08m2%E5%A6%28%3Ew%CDb%836%8B%D9z%DA%5B%02%D776-%A5s%B2%09%84%40%00%02%BA%B5%057%D4Rn%25%00%01%E2%01%DA%0A%950%81%9F0%0D%06%09%2A%86H%86%F7%0D%01%01%01%05%00%03%81%8D%000%81%89%02%81%81%00%C0%FB%16%1F%A6%9A%5E%A0%2A%D2%80%DA%8E%D9f%C1%85r%83t%A6%28P6%CC%20O%60%D9Pi%87%F3%F6%D7%8C%F8F%BFw%3C%08%10%FF%D8%02%3E%1B%03E%0B%24%D5T%3F%21T%FC%8Fl%5C%07%22%60o%AA%AF%8E%1E6%9A%7DvVbs%2C%BCrW-Z%0F%F1%9F%CA%DA%B3%E0%06%E9%81%F7-%01%16%D5%7D%DF%D4%21E%2F%B0%C1%A7%27%AF%C2%0C%B6%C3%EC%1C%BF%5D%82T%A5%DEa%C4%14%401%10%C6%23%02%03%01%00%01%00%00%00%01%9A%05%9D%05%8A%04%CA%BEselfreg%00%F2%FA%A5test%00%FA%8D1%00%00%03%E2%02%85%D7%C0.%E6%A2%06%2B%91%AF8hE%F6%C9U%84%F7%7D%A1%B3U%3F%CF%B4%1B%B0%85%A4%24x%11m%00%04%FA%8E3%00%03%D2%D62147483647%00%00%00%00 (955 bytes)
1400718630.909967 ccnd[645]: debug.4109 content_from 0 ccnx:/ccnx/%D7%C0.%E6%A2%06%2B%91%AF8hE%F6%C9U%84%F7%7D%A1%B3U%3F%CF%B4%1B%B0%85%A4%24x%11m/selfreg/%04%82%02%AA%03%B2%08%85A%1C%89%FA%C7%D2%EF%A1%B4%60%0B%3C%94%9Et%CD%F6%F2%5BN%9F%F6%20%D1%93%D65%A2%8BJR.%DE%F56%27%7F%0E%13%94%CD%CE%AE%FFt%A4%F8%8AO%B3%01%8A%95%FE%BD%BD%B5~%25%5D%BB%2Fxv%3A%14%24T%9A6%8BGD%C9%0E%97%C3%05%03%E1P%F2%9F%D3%F8%8B%FC%0C%E9%B9c%E6x%25Ye%D4%F1%FC%CE%AE%E6%C7%3D%23m7%C3%F7EZ%E9%5C%92%25j%80x%00%07%25%17KQ2%2FG%AB%00%00%F2%00%01%A2%03%E2%02%85%3F%CEUL%08m2%E5%A6%28%3Ew%CDb%836%8B%D9z%DA%5B%02%D776-%A5s%B2%09%84%40%00%02%BA%B5%057%D4Rn%25%00%01%E2%01%DA%0A%950%81%9F0%0D%06%09%2A%86H%86%F7%0D%01%01%01%05%00%03%81%8D%000%81%89%02%81%81%00%C0%FB%16%1F%A6%9A%5E%A0%2A%D2%80%DA%8E%D9f%C1%85r%83t%A6%28P6%CC%20O%60%D9Pi%87%F3%F6%D7%8C%F8F%BFw%3C%08%10%FF%D8%02%3E%1B%03E%0B%24%D5T%3F%21T%FC%8Fl%5C%07%22%60o%AA%AF%8E%1E6%9A%7DvVbs%2C%BCrW-Z%0F%F1%9F%CA%DA%B3%E0%06%E9%81%F7-%01%16%D5%7D%DF%D4%21E%2F%B0%C1%A7%27%AF%C2%0C%B6%C3%EC%1C%BF%5D%82T%A5%DEa%C4%14%401%10%C6%23%02%03%01%00%01%00%00%00%01%9A%05%9D%05%8A%04%CA%BEselfreg%00%F2%FA%A5test%00%FA%8D1%00%00%03%E2%02%85%D7%C0.%E6%A2%06%2B%91%AF8hE%F6%C9U%84%F7%7D%A1%B3U%3F%CF%B4%1B%B0%85%A4%24x%11m%00%04%FA%8E3%00%03%D2%D62147483647%00%00%00%00/%06%D9%2Fk%FD%20%9FF%0BT%F9%CAI%F2u%E8%07%D2.k%20%86%B3%EE%BB%2A%CA%EAf%A2%B9%95 (991 bytes)
1400718630.909991 ccnd[645]: fwd.3059 adding 0
1400718630.910004 ccnd[645]: face 6 q 0 delay 3 usec
1400718630.910083 ccnd[645]: debug.1526 consume 6 ccnx:/ccnx/%D7%C0.%E6%A2%06%2B%91%AF8hE%F6%C9U%84%F7%7D%A1%B3U%3F%CF%B4%1B%B0%85%A4%24x%11m/selfreg/%04%82%02%AA%03%B2%08%85A%1C%89%FA%C7%D2%EF%A1%B4%60%0B%3C%94%9Et%CD%F6%F2%5BN%9F%F6%20%D1%93%D65%A2%8BJR.%DE%F56%27%7F%0E%13%94%CD%CE%AE%FFt%A4%F8%8AO%B3%01%8A%95%FE%BD%BD%B5~%25%5D%BB%2Fxv%3A%14%24T%9A6%8BGD%C9%0E%97%C3%05%03%E1P%F2%9F%D3%F8%8B%FC%0C%E9%B9c%E6x%25Ye%D4%F1%FC%CE%AE%E6%C7%3D%23m7%C3%F7EZ%E9%5C%92%25j%80x%00%07%25%17KQ2%2FG%AB%00%00%F2%00%01%A2%03%E2%02%85%3F%CEUL%08m2%E5%A6%28%3Ew%CDb%836%8B%D9z%DA%5B%02%D776-%A5s%B2%09%84%40%00%02%BA%B5%057%D4Rn%25%00%01%E2%01%DA%0A%950%81%9F0%0D%06%09%2A%86H%86%F7%0D%01%01%01%05%00%03%81%8D%000%81%89%02%81%81%00%C0%FB%16%1F%A6%9A%5E%A0%2A%D2%80%DA%8E%D9f%C1%85r%83t%A6%28P6%CC%20O%60%D9Pi%87%F3%F6%D7%8C%F8F%BFw%3C%08%10%FF%D8%02%3E%1B%03E%0B%24%D5T%3F%21T%FC%8Fl%5C%07%22%60o%AA%AF%8E%1E6%9A%7DvVbs%2C%BCrW-Z%0F%F1%9F%CA%DA%B3%E0%06%E9%81%F7-%01%16%D5%7D%DF%D4%21E%2F%B0%C1%A7%27%AF%C2%0C%B6%C3%EC%1C%BF%5D%82T%A5%DEa%C4%14%401%10%C6%23%02%03%01%00%01%00%00%00%01%9A%05%9D%05%8A%04%CA%BEselfreg%00%F2%FA%A5test%00%FA%8D1%00%00%03%E2%02%85%D7%C0.%E6%A2%06%2B%91%AF8hE%F6%C9U%84%F7%7D%A1%B3U%3F%CF%B4%1B%B0%85%A4%24x%11m%00%04%FA%8E3%00%03%D2%D62147483647%00%00%00%00 (532 bytes,scope=1) D7C02E-0285-0006-26CF-3583AC
1400718630.910092 ccnd[645]: sl.1598 0 ci=4 osrc=4294967295 src=0 usec=10917
1400718630.910099 ccnd[645]: fwd.3059 adding 0
1400718630.910106 ccnd[645]: sl.1598 0 ci=3 osrc=4294967295 src=0 usec=10917
1400718630.910113 ccnd[645]: fwd.3059 adding 0
1400718630.910195 ccnd[645]: debug.1268 content_to 6 ccnx:/ccnx/%D7%C0.%E6%A2%06%2B%91%AF8hE%F6%C9U%84%F7%7D%A1%B3U%3F%CF%B4%1B%B0%85%A4%24x%11m/selfreg/%04%82%02%AA%03%B2%08%85A%1C%89%FA%C7%D2%EF%A1%B4%60%0B%3C%94%9Et%CD%F6%F2%5BN%9F%F6%20%D1%93%D65%A2%8BJR.%DE%F56%27%7F%0E%13%94%CD%CE%AE%FFt%A4%F8%8AO%B3%01%8A%95%FE%BD%BD%B5~%25%5D%BB%2Fxv%3A%14%24T%9A6%8BGD%C9%0E%97%C3%05%03%E1P%F2%9F%D3%F8%8B%FC%0C%E9%B9c%E6x%25Ye%D4%F1%FC%CE%AE%E6%C7%3D%23m7%C3%F7EZ%E9%5C%92%25j%80x%00%07%25%17KQ2%2FG%AB%00%00%F2%00%01%A2%03%E2%02%85%3F%CEUL%08m2%E5%A6%28%3Ew%CDb%836%8B%D9z%DA%5B%02%D776-%A5s%B2%09%84%40%00%02%BA%B5%057%D4Rn%25%00%01%E2%01%DA%0A%950%81%9F0%0D%06%09%2A%86H%86%F7%0D%01%01%01%05%00%03%81%8D%000%81%89%02%81%81%00%C0%FB%16%1F%A6%9A%5E%A0%2A%D2%80%DA%8E%D9f%C1%85r%83t%A6%28P6%CC%20O%60%D9Pi%87%F3%F6%D7%8C%F8F%BFw%3C%08%10%FF%D8%02%3E%1B%03E%0B%24%D5T%3F%21T%FC%8Fl%5C%07%22%60o%AA%AF%8E%1E6%9A%7DvVbs%2C%BCrW-Z%0F%F1%9F%CA%DA%B3%E0%06%E9%81%F7-%01%16%D5%7D%DF%D4%21E%2F%B0%C1%A7%27%AF%C2%0C%B6%C3%EC%1C%BF%5D%82T%A5%DEa%C4%14%401%10%C6%23%02%03%01%00%01%00%00%00%01%9A%05%9D%05%8A%04%CA%BEselfreg%00%F2%FA%A5test%00%FA%8D1%00%00%03%E2%02%85%D7%C0.%E6%A2%06%2B%91%AF8hE%F6%C9U%84%F7%7D%A1%B3U%3F%CF%B4%1B%B0%85%A4%24x%11m%00%04%FA%8E3%00%03%D2%D62147483647%00%00%00%00/%06%D9%2Fk%FD%20%9FF%0BT%F9%CAI%F2u%E8%07%D2.k%20%86%B3%EE%BB%2A%CA%EAf%A2%B9%95 (991 bytes)
1400718631.000000 ccnd[645]: 6001 ____________________ Thu May 22 00:30:31 2014
1400718631.955838 ccnd[645]: accepted datagram client id=7 (flags=0x40012) 192.168.122.2 port 6001
1400718631.955906 ccnd[645]: debug.3807 interest_from 7 ccnx:/test/1 (32 bytes) 6A536B-028F-0008-26DB-450D93
1400718631.955918 ccnd[645]: version: 20090701, prefix_comps: 2, min_suffix_comps: 0, max_suffix_comps: 32767, orderpref: 0, answerfrom: 3, scope: -1, lifetime: 4.0000, excl: 0 bytes, etc: 0 bytes
1400718631.955964 ccnd[645]: debug.3856 first_candidate ccnx:/%C1.M.S.localhost/%C1.M.SRV/ccnd/KEY/%C1.M.K%00%D7%C0.%E6%A2%06%2B%91%AF8hE%F6%C9U%84%F7%7D%A1%B3U%3F%CF%B4%1B%B0%85%A4%24x%11m/%FD%057%D4P%28w/%00/%F1N%18%28B%AB%10%C3A%3BTs%B0%24Jnk%9B%8D%9E%AD%FC%E3%90%20%8Cj-%F1%E2%DD%7F (611 bytes)
1400718631.955986 ccnd[645]: debug.3863 prefix_mismatch ccnx:/test/1 (32 bytes) 6A536B-028F-0008-26DB-450D93
1400718631.955996 ccnd[645]: fwd.3059 adding 6
1400718631.956007 ccnd[645]: outbound.3131 adding 6
1400718631.956032 ccnd[645]: debug.3523 0x148b9f0.0of1,usec=1861+3998139 7 ccnx:/test/1 (32 bytes) 6A536B-028F-0008-26DB-450D93
1400718631.956059 ccnd[645]: debug.3807 interest_from 7 ccnx:/%C1.M.S.neighborhood/%C1.M.SRV/ccnd/KEY (55 bytes,scope=2)
1400718631.956069 ccnd[645]: version: 20090701, prefix_comps: 4, min_suffix_comps: 0, max_suffix_comps: 32767, orderpref: 0, answerfrom: 3, scope: 2, lifetime: 4.0000, excl: 0 bytes, etc: 0 bytes
1400718631.956089 ccnd[645]: fwd.3059 adding 0
1400718631.956100 ccnd[645]: outbound.3131 adding 0
1400718631.956129 ccnd[645]: debug.3523 0x1491d90.0of1,usec=1549+3998451 7 ccnx:/%C1.M.S.neighborhood/%C1.M.SRV/ccnd/KEY (71 bytes,scope=2) D7C02E-0285-0007-27F4-236F83
1400718631.958313 ccnd[645]: debug.3210 interest_to 0 ccnx:/%C1.M.S.neighborhood/%C1.M.SRV/ccnd/KEY (71 bytes,scope=2) D7C02E-0285-0007-27F4-236F83
1400718631.958343 ccnd[645]: debug.158 ccnd_answer_req ccnx:/%C1.M.S.neighborhood/%C1.M.SRV/ccnd/KEY (71 bytes,scope=2) D7C02E-0285-0007-27F4-236F83
1400718631.959300 ccnd[645]: debug.4109 content_from 0 ccnx:/%C1.M.S.neighborhood/%C1.M.SRV/ccnd/KEY/%C1.M.K%00%D7%C0.%E6%A2%06%2B%91%AF8hE%F6%C9U%84%F7%7D%A1%B3U%3F%CF%B4%1B%B0%85%A4%24x%11m/%FD%057%D4P%28w/%00/%20%B8%A4%C2g%07%82%9B%07%C7%849l%23h%11%2A%EF%7B%16%1D%A7%071%20%99W%04l%EBg%E7 (617 bytes)
1400718631.959327 ccnd[645]: fwd.3059 adding 0
1400718631.959346 ccnd[645]: face 7 q 1 delay 1382 usec
1400718631.959371 ccnd[645]: debug.1526 consume 7 ccnx:/%C1.M.S.neighborhood/%C1.M.SRV/ccnd/KEY (71 bytes,scope=2) D7C02E-0285-0007-27F4-236F83
1400718631.959381 ccnd[645]: sl.1598 0 ci=4 osrc=4294967295 src=0 usec=11002
1400718631.959392 ccnd[645]: fwd.3059 adding 0
1400718631.959403 ccnd[645]: sl.1598 0 ci=3 osrc=4294967295 src=0 usec=11002
1400718631.959413 ccnd[645]: fwd.3059 adding 0
1400718631.959438 ccnd[645]: debug.3210 interest_to 6 ccnx:/test/1 (32 bytes) 6A536B-028F-0008-26DB-450D93
1400718631.960316 ccnd[645]: debug.3249 0x148b9f0.1of1,usec=250000+3748139 7 ccnx:/test/1 (32 bytes) 6A536B-028F-0008-26DB-450D93
1400718631.963623 ccnd[645]: debug.1268 content_to 7 ccnx:/%C1.M.S.neighborhood/%C1.M.SRV/ccnd/KEY/%C1.M.K%00%D7%C0.%E6%A2%06%2B%91%AF8hE%F6%C9U%84%F7%7D%A1%B3U%3F%CF%B4%1B%B0%85%A4%24x%11m/%FD%057%D4P%28w/%00/%20%B8%A4%C2g%07%82%9B%07%C7%849l%23h%11%2A%EF%7B%16%1D%A7%071%20%99W%04l%EBg%E7 (617 bytes)
1400718631.964247 ccnd[645]: debug.4109 content_from 6 ccnx:/test/1/%FD%057%D4Rn%BC/%00/%AC%B7X%5B%C9%8FO~0%8EOG%89N%7D%FE%19%15%01fFp%8D%EC%1D%C7%B5%E3C%D0%1C%D9 (433 bytes)
1400718631.964276 ccnd[645]: face 7 q 1 delay 1447 usec
1400718631.964298 ccnd[645]: debug.1526 consume 7 ccnx:/test/1 (32 bytes) 6A536B-028F-0008-26DB-450D93
1400718631.964309 ccnd[645]: sl.1598 6 ci=2 osrc=4294967295 src=6 usec=11002
1400718631.964320 ccnd[645]: sl.1598 6 ci=1 osrc=4294967295 src=6 usec=11002
1400718631.966479 ccnd[645]: debug.1268 content_to 7 ccnx:/test/1/%FD%057%D4Rn%BC/%00/%AC%B7X%5B%C9%8FO~0%8EOG%89N%7D%FE%19%15%01fFp%8D%EC%1D%C7%B5%E3C%D0%1C%D9 (433 bytes)
1400718633.000000 ccnd[645]: 6001 ____________________ Thu May 22 00:30:33 2014
1400718633.579987 ccnd[645]: accepted client fd=9 id=8
1400718633.580134 ccnd[645]: debug.3807 interest_from 8 ccnx:/%C1.M.S.localhost/%C1.M.SRV/ccnd/KEY (51 bytes,scope=1)
1400718633.580147 ccnd[645]: version: 20090701, prefix_comps: 4, min_suffix_comps: 0, max_suffix_comps: 32767, orderpref: 0, answerfrom: 3, scope: 1, lifetime: 4.0000, excl: 0 bytes, etc: 0 bytes
1400718633.580194 ccnd[645]: debug.3856 first_candidate ccnx:/%C1.M.S.localhost/%C1.M.SRV/ccnd/KEY/%C1.M.K%00%D7%C0.%E6%A2%06%2B%91%AF8hE%F6%C9U%84%F7%7D%A1%B3U%3F%CF%B4%1B%B0%85%A4%24x%11m/%FD%057%D4P%28w/%00/%F1N%18%28B%AB%10%C3A%3BTs%B0%24Jnk%9B%8D%9E%AD%FC%E3%90%20%8Cj-%F1%E2%DD%7F (611 bytes)
1400718633.580235 ccnd[645]: debug.3884 matches ccnx:/%C1.M.S.localhost/%C1.M.SRV/ccnd/KEY/%C1.M.K%00%D7%C0.%E6%A2%06%2B%91%AF8hE%F6%C9U%84%F7%7D%A1%B3U%3F%CF%B4%1B%B0%85%A4%24x%11m/%FD%057%D4P%28w/%00/%F1N%18%28B%AB%10%C3A%3BTs%B0%24Jnk%9B%8D%9E%AD%FC%E3%90%20%8Cj-%F1%E2%DD%7F (611 bytes)
1400718633.580249 ccnd[645]: face 8 q 0 delay 3 usec
1400718633.580269 ccnd[645]: debug.3918 consume 8 ccnx:/%C1.M.S.localhost/%C1.M.SRV/ccnd/KEY (51 bytes,scope=1)
1400718633.580282 ccnd[645]: fwd.3059 adding 0
1400718633.580292 ccnd[645]: fwd.3059 adding 0
1400718633.580303 ccnd[645]: fwd.3059 adding 0
1400718633.580313 ccnd[645]: fwd.3059 adding 0
1400718633.580322 ccnd[645]: fwd.3059 adding 0
1400718633.580332 ccnd[645]: fwd.3059 adding 0
1400718633.580342 ccnd[645]: fwd.3059 adding 0
1400718633.580352 ccnd[645]: fwd.3059 adding 0
1400718633.580361 ccnd[645]: fwd.3059 adding 0
1400718633.580371 ccnd[645]: fwd.3059 adding 0
1400718633.580406 ccnd[645]: debug.1268 content_to 8 ccnx:/%C1.M.S.localhost/%C1.M.SRV/ccnd/KEY/%C1.M.K%00%D7%C0.%E6%A2%06%2B%91%AF8hE%F6%C9U%84%F7%7D%A1%B3U%3F%CF%B4%1B%B0%85%A4%24x%11m/%FD%057%D4P%28w/%00/%F1N%18%28B%AB%10%C3A%3BTs%B0%24Jnk%9B%8D%9E%AD%FC%E3%90%20%8Cj-%F1%E2%DD%7F (611 bytes)
1400718633.586675 ccnd[645]: debug.3807 interest_from 8 ccnx:/ccnx/%D7%C0.%E6%A2%06%2B%91%AF8hE%F6%C9U%84%F7%7D%A1%B3U%3F%CF%B4%1B%B0%85%A4%24x%11m/newface/%04%82%02%AA%03%B2%08%850%F7%81%DB%F8M%C3f%DCW%D5%20%20%21%23i~%B6%F7G%DA%3B%B4%ECE%DECjk%99%3A%22%40Y%B0%5C%D1%AA%FE%409%8B%D5%CA%BD%FCV%FA%0F%EA%C4m%D3%B0A%3C%94%60%9B%16%04%97%8Em%DD%1E%DB%09I%09%D4%3D%A8%D1%BAr%1E%5D%16%A1%CA%26%AD%93%F7%B4%DD%AF%F8%3B%28%94%7D%D9%D7X%C3%C0%12%EA%C4%8E%2Cn%E5%9C%01i%9D%D9-%92%94%B3I%95S%9C%0854%FC%9C%061%9067%00%00%F2%00%01%A2%03%E2%02%85%3F%CEUL%08m2%E5%A6%28%3Ew%CDb%836%8B%D9z%DA%5B%02%D776-%A5s%B2%09%84%40%00%02%BA%B5%057%D4R%99%5D%00%01%E2%01%DA%0A%950%81%9F0%0D%06%09%2A%86H%86%F7%0D%01%01%01%05%00%03%81%8D%000%81%89%02%81%81%00%C0%FB%16%1F%A6%9A%5E%A0%2A%D2%80%DA%8E%D9f%C1%85r%83t%A6%28P6%CC%20O%60%D9Pi%87%F3%F6%D7%8C%F8F%BFw%3C%08%10%FF%D8%02%3E%1B%03E%0B%24%D5T%3F%21T%FC%8Fl%5C%07%22%60o%AA%AF%8E%1E6%9A%7DvVbs%2C%BCrW-Z%0F%F1%9F%CA%DA%B3%E0%06%E9%81%F7-%01%16%D5%7D%DF%D4%21E%2F%B0%C1%A7%27%AF%C2%0C%B6%C3%EC%1C%BF%5D%82T%A5%DEa%C4%14%401%10%C6%23%02%03%01%00%01%00%00%00%01%9A%06%AD%05%82%04%CA%BEnewface%00%03%E2%02%85%D7%C0.%E6%A2%06%2B%91%AF8hE%F6%C9U%84%F7%7D%A1%B3U%3F%CF%B4%1B%B0%85%A4%24x%11m%00%04%D2%8E0%00%04%DA%9617%00%04%E2%EE192.168.122.2%00%04%EA%A66001%00%03%D2%D62147483647%00%00%00%00 (534 bytes,scope=1)
1400718633.586704 ccnd[645]: version: 20090701, prefix_comps: 4, min_suffix_comps: 0, max_suffix_comps: 32767, orderpref: 0, answerfrom: 3, scope: 1, lifetime: 4.0000, excl: 0 bytes, etc: 0 bytes
1400718633.586835 ccnd[645]: debug.3856 first_candidate ccnx:/ccnx/%D7%C0.%E6%A2%06%2B%91%AF8hE%F6%C9U%84%F7%7D%A1%B3U%3F%CF%B4%1B%B0%85%A4%24x%11m/selfreg/%04%82%02%AA%03%B2%08%85A%1C%89%FA%C7%D2%EF%A1%B4%60%0B%3C%94%9Et%CD%F6%F2%5BN%9F%F6%20%D1%93%D65%A2%8BJR.%DE%F56%27%7F%0E%13%94%CD%CE%AE%FFt%A4%F8%8AO%B3%01%8A%95%FE%BD%BD%B5~%25%5D%BB%2Fxv%3A%14%24T%9A6%8BGD%C9%0E%97%C3%05%03%E1P%F2%9F%D3%F8%8B%FC%0C%E9%B9c%E6x%25Ye%D4%F1%FC%CE%AE%E6%C7%3D%23m7%C3%F7EZ%E9%5C%92%25j%80x%00%07%25%17KQ2%2FG%AB%00%00%F2%00%01%A2%03%E2%02%85%3F%CEUL%08m2%E5%A6%28%3Ew%CDb%836%8B%D9z%DA%5B%02%D776-%A5s%B2%09%84%40%00%02%BA%B5%057%D4Rn%25%00%01%E2%01%DA%0A%950%81%9F0%0D%06%09%2A%86H%86%F7%0D%01%01%01%05%00%03%81%8D%000%81%89%02%81%81%00%C0%FB%16%1F%A6%9A%5E%A0%2A%D2%80%DA%8E%D9f%C1%85r%83t%A6%28P6%CC%20O%60%D9Pi%87%F3%F6%D7%8C%F8F%BFw%3C%08%10%FF%D8%02%3E%1B%03E%0B%24%D5T%3F%21T%FC%8Fl%5C%07%22%60o%AA%AF%8E%1E6%9A%7DvVbs%2C%BCrW-Z%0F%F1%9F%CA%DA%B3%E0%06%E9%81%F7-%01%16%D5%7D%DF%D4%21E%2F%B0%C1%A7%27%AF%C2%0C%B6%C3%EC%1C%BF%5D%82T%A5%DEa%C4%14%401%10%C6%23%02%03%01%00%01%00%00%00%01%9A%05%9D%05%8A%04%CA%BEselfreg%00%F2%FA%A5test%00%FA%8D1%00%00%03%E2%02%85%D7%C0.%E6%A2%06%2B%91%AF8hE%F6%C9U%84%F7%7D%A1%B3U%3F%CF%B4%1B%B0%85%A4%24x%11m%00%04%FA%8E3%00%03%D2%D62147483647%00%00%00%00/%06%D9%2Fk%FD%20%9FF%0BT%F9%CAI%F2u%E8%07%D2.k%20%86%B3%EE%BB%2A%CA%EAf%A2%B9%95 (991 bytes)
1400718633.586952 ccnd[645]: debug.3863 prefix_mismatch ccnx:/ccnx/%D7%C0.%E6%A2%06%2B%91%AF8hE%F6%C9U%84%F7%7D%A1%B3U%3F%CF%B4%1B%B0%85%A4%24x%11m/newface/%04%82%02%AA%03%B2%08%850%F7%81%DB%F8M%C3f%DCW%D5%20%20%21%23i~%B6%F7G%DA%3B%B4%ECE%DECjk%99%3A%22%40Y%B0%5C%D1%AA%FE%409%8B%D5%CA%BD%FCV%FA%0F%EA%C4m%D3%B0A%3C%94%60%9B%16%04%97%8Em%DD%1E%DB%09I%09%D4%3D%A8%D1%BAr%1E%5D%16%A1%CA%26%AD%93%F7%B4%DD%AF%F8%3B%28%94%7D%D9%D7X%C3%C0%12%EA%C4%8E%2Cn%E5%9C%01i%9D%D9-%92%94%B3I%95S%9C%0854%FC%9C%061%9067%00%00%F2%00%01%A2%03%E2%02%85%3F%CEUL%08m2%E5%A6%28%3Ew%CDb%836%8B%D9z%DA%5B%02%D776-%A5s%B2%09%84%40%00%02%BA%B5%057%D4R%99%5D%00%01%E2%01%DA%0A%950%81%9F0%0D%06%09%2A%86H%86%F7%0D%01%01%01%05%00%03%81%8D%000%81%89%02%81%81%00%C0%FB%16%1F%A6%9A%5E%A0%2A%D2%80%DA%8E%D9f%C1%85r%83t%A6%28P6%CC%20O%60%D9Pi%87%F3%F6%D7%8C%F8F%BFw%3C%08%10%FF%D8%02%3E%1B%03E%0B%24%D5T%3F%21T%FC%8Fl%5C%07%22%60o%AA%AF%8E%1E6%9A%7DvVbs%2C%BCrW-Z%0F%F1%9F%CA%DA%B3%E0%06%E9%81%F7-%01%16%D5%7D%DF%D4%21E%2F%B0%C1%A7%27%AF%C2%0C%B6%C3%EC%1C%BF%5D%82T%A5%DEa%C4%14%401%10%C6%23%02%03%01%00%01%00%00%00%01%9A%06%AD%05%82%04%CA%BEnewface%00%03%E2%02%85%D7%C0.%E6%A2%06%2B%91%AF8hE%F6%C9U%84%F7%7D%A1%B3U%3F%CF%B4%1B%B0%85%A4%24x%11m%00%04%D2%8E0%00%04%DA%9617%00%04%E2%EE192.168.122.2%00%04%EA%A66001%00%03%D2%D62147483647%00%00%00%00 (534 bytes,scope=1)
1400718633.586966 ccnd[645]: outbound.3131 adding 0
1400718633.587090 ccnd[645]: debug.3523 0x1492100.0of1,usec=2478+3997522 8 ccnx:/ccnx/%D7%C0.%E6%A2%06%2B%91%AF8hE%F6%C9U%84%F7%7D%A1%B3U%3F%CF%B4%1B%B0%85%A4%24x%11m/newface/%04%82%02%AA%03%B2%08%850%F7%81%DB%F8M%C3f%DCW%D5%20%20%21%23i~%B6%F7G%DA%3B%B4%ECE%DECjk%99%3A%22%40Y%B0%5C%D1%AA%FE%409%8B%D5%CA%BD%FCV%FA%0F%EA%C4m%D3%B0A%3C%94%60%9B%16%04%97%8Em%DD%1E%DB%09I%09%D4%3D%A8%D1%BAr%1E%5D%16%A1%CA%26%AD%93%F7%B4%DD%AF%F8%3B%28%94%7D%D9%D7X%C3%C0%12%EA%C4%8E%2Cn%E5%9C%01i%9D%D9-%92%94%B3I%95S%9C%0854%FC%9C%061%9067%00%00%F2%00%01%A2%03%E2%02%85%3F%CEUL%08m2%E5%A6%28%3Ew%CDb%836%8B%D9z%DA%5B%02%D776-%A5s%B2%09%84%40%00%02%BA%B5%057%D4R%99%5D%00%01%E2%01%DA%0A%950%81%9F0%0D%06%09%2A%86H%86%F7%0D%01%01%01%05%00%03%81%8D%000%81%89%02%81%81%00%C0%FB%16%1F%A6%9A%5E%A0%2A%D2%80%DA%8E%D9f%C1%85r%83t%A6%28P6%CC%20O%60%D9Pi%87%F3%F6%D7%8C%F8F%BFw%3C%08%10%FF%D8%02%3E%1B%03E%0B%24%D5T%3F%21T%FC%8Fl%5C%07%22%60o%AA%AF%8E%1E6%9A%7DvVbs%2C%BCrW-Z%0F%F1%9F%CA%DA%B3%E0%06%E9%81%F7-%01%16%D5%7D%DF%D4%21E%2F%B0%C1%A7%27%AF%C2%0C%B6%C3%EC%1C%BF%5D%82T%A5%DEa%C4%14%401%10%C6%23%02%03%01%00%01%00%00%00%01%9A%06%AD%05%82%04%CA%BEnewface%00%03%E2%02%85%D7%C0.%E6%A2%06%2B%91%AF8hE%F6%C9U%84%F7%7D%A1%B3U%3F%CF%B4%1B%B0%85%A4%24x%11m%00%04%D2%8E0%00%04%DA%9617%00%04%E2%EE192.168.122.2%00%04%EA%A66001%00%03%D2%D62147483647%00%00%00%00 (550 bytes,scope=1) D7C02E-0285-0008-2994-D89286
1400718633.590360 ccnd[645]: debug.3210 interest_to 0 ccnx:/ccnx/%D7%C0.%E6%A2%06%2B%91%AF8hE%F6%C9U%84%F7%7D%A1%B3U%3F%CF%B4%1B%B0%85%A4%24x%11m/newface/%04%82%02%AA%03%B2%08%850%F7%81%DB%F8M%C3f%DCW%D5%20%20%21%23i~%B6%F7G%DA%3B%B4%ECE%DECjk%99%3A%22%40Y%B0%5C%D1%AA%FE%409%8B%D5%CA%BD%FCV%FA%0F%EA%C4m%D3%B0A%3C%94%60%9B%16%04%97%8Em%DD%1E%DB%09I%09%D4%3D%A8%D1%BAr%1E%5D%16%A1%CA%26%AD%93%F7%B4%DD%AF%F8%3B%28%94%7D%D9%D7X%C3%C0%12%EA%C4%8E%2Cn%E5%9C%01i%9D%D9-%92%94%B3I%95S%9C%0854%FC%9C%061%9067%00%00%F2%00%01%A2%03%E2%02%85%3F%CEUL%08m2%E5%A6%28%3Ew%CDb%836%8B%D9z%DA%5B%02%D776-%A5s%B2%09%84%40%00%02%BA%B5%057%D4R%99%5D%00%01%E2%01%DA%0A%950%81%9F0%0D%06%09%2A%86H%86%F7%0D%01%01%01%05%00%03%81%8D%000%81%89%02%81%81%00%C0%FB%16%1F%A6%9A%5E%A0%2A%D2%80%DA%8E%D9f%C1%85r%83t%A6%28P6%CC%20O%60%D9Pi%87%F3%F6%D7%8C%F8F%BFw%3C%08%10%FF%D8%02%3E%1B%03E%0B%24%D5T%3F%21T%FC%8Fl%5C%07%22%60o%AA%AF%8E%1E6%9A%7DvVbs%2C%BCrW-Z%0F%F1%9F%CA%DA%B3%E0%06%E9%81%F7-%01%16%D5%7D%DF%D4%21E%2F%B0%C1%A7%27%AF%C2%0C%B6%C3%EC%1C%BF%5D%82T%A5%DEa%C4%14%401%10%C6%23%02%03%01%00%01%00%00%00%01%9A%06%AD%05%82%04%CA%BEnewface%00%03%E2%02%85%D7%C0.%E6%A2%06%2B%91%AF8hE%F6%C9U%84%F7%7D%A1%B3U%3F%CF%B4%1B%B0%85%A4%24x%11m%00%04%D2%8E0%00%04%DA%9617%00%04%E2%EE192.168.122.2%00%04%EA%A66001%00%03%D2%D62147483647%00%00%00%00 (550 bytes,scope=1) D7C02E-0285-0008-2994-D89286
1400718633.590489 ccnd[645]: debug.158 ccnd_answer_req ccnx:/ccnx/%D7%C0.%E6%A2%06%2B%91%AF8hE%F6%C9U%84%F7%7D%A1%B3U%3F%CF%B4%1B%B0%85%A4%24x%11m/newface/%04%82%02%AA%03%B2%08%850%F7%81%DB%F8M%C3f%DCW%D5%20%20%21%23i~%B6%F7G%DA%3B%B4%ECE%DECjk%99%3A%22%40Y%B0%5C%D1%AA%FE%409%8B%D5%CA%BD%FCV%FA%0F%EA%C4m%D3%B0A%3C%94%60%9B%16%04%97%8Em%DD%1E%DB%09I%09%D4%3D%A8%D1%BAr%1E%5D%16%A1%CA%26%AD%93%F7%B4%DD%AF%F8%3B%28%94%7D%D9%D7X%C3%C0%12%EA%C4%8E%2Cn%E5%9C%01i%9D%D9-%92%94%B3I%95S%9C%0854%FC%9C%061%9067%00%00%F2%00%01%A2%03%E2%02%85%3F%CEUL%08m2%E5%A6%28%3Ew%CDb%836%8B%D9z%DA%5B%02%D776-%A5s%B2%09%84%40%00%02%BA%B5%057%D4R%99%5D%00%01%E2%01%DA%0A%950%81%9F0%0D%06%09%2A%86H%86%F7%0D%01%01%01%05%00%03%81%8D%000%81%89%02%81%81%00%C0%FB%16%1F%A6%9A%5E%A0%2A%D2%80%DA%8E%D9f%C1%85r%83t%A6%28P6%CC%20O%60%D9Pi%87%F3%F6%D7%8C%F8F%BFw%3C%08%10%FF%D8%02%3E%1B%03E%0B%24%D5T%3F%21T%FC%8Fl%5C%07%22%60o%AA%AF%8E%1E6%9A%7DvVbs%2C%BCrW-Z%0F%F1%9F%CA%DA%B3%E0%06%E9%81%F7-%01%16%D5%7D%DF%D4%21E%2F%B0%C1%A7%27%AF%C2%0C%B6%C3%EC%1C%BF%5D%82T%A5%DEa%C4%14%401%10%C6%23%02%03%01%00%01%00%00%00%01%9A%06%AD%05%82%04%CA%BEnewface%00%03%E2%02%85%D7%C0.%E6%A2%06%2B%91%AF8hE%F6%C9U%84%F7%7D%A1%B3U%3F%CF%B4%1B%B0%85%A4%24x%11m%00%04%D2%8E0%00%04%DA%9617%00%04%E2%EE192.168.122.2%00%04%EA%A66001%00%03%D2%D62147483647%00%00%00%00 (550 bytes,scope=1) D7C02E-0285-0008-2994-D89286
1400718633.590627 ccnd[645]: ccnd_req_newface from 8: getaddrinfo(192.168.122.2, 6001, ...) returned 0
1400718633.591586 ccnd[645]: debug.280 ccnd_answer_req_response ccnx:/ccnx/%D7%C0.%E6%A2%06%2B%91%AF8hE%F6%C9U%84%F7%7D%A1%B3U%3F%CF%B4%1B%B0%85%A4%24x%11m/newface/%04%82%02%AA%03%B2%08%850%F7%81%DB%F8M%C3f%DCW%D5%20%20%21%23i~%B6%F7G%DA%3B%B4%ECE%DECjk%99%3A%22%40Y%B0%5C%D1%AA%FE%409%8B%D5%CA%BD%FCV%FA%0F%EA%C4m%D3%B0A%3C%94%60%9B%16%04%97%8Em%DD%1E%DB%09I%09%D4%3D%A8%D1%BAr%1E%5D%16%A1%CA%26%AD%93%F7%B4%DD%AF%F8%3B%28%94%7D%D9%D7X%C3%C0%12%EA%C4%8E%2Cn%E5%9C%01i%9D%D9-%92%94%B3I%95S%9C%0854%FC%9C%061%9067%00%00%F2%00%01%A2%03%E2%02%85%3F%CEUL%08m2%E5%A6%28%3Ew%CDb%836%8B%D9z%DA%5B%02%D776-%A5s%B2%09%84%40%00%02%BA%B5%057%D4R%99%5D%00%01%E2%01%DA%0A%950%81%9F0%0D%06%09%2A%86H%86%F7%0D%01%01%01%05%00%03%81%8D%000%81%89%02%81%81%00%C0%FB%16%1F%A6%9A%5E%A0%2A%D2%80%DA%8E%D9f%C1%85r%83t%A6%28P6%CC%20O%60%D9Pi%87%F3%F6%D7%8C%F8F%BFw%3C%08%10%FF%D8%02%3E%1B%03E%0B%24%D5T%3F%21T%FC%8Fl%5C%07%22%60o%AA%AF%8E%1E6%9A%7DvVbs%2C%BCrW-Z%0F%F1%9F%CA%DA%B3%E0%06%E9%81%F7-%01%16%D5%7D%DF%D4%21E%2F%B0%C1%A7%27%AF%C2%0C%B6%C3%EC%1C%BF%5D%82T%A5%DEa%C4%14%401%10%C6%23%02%03%01%00%01%00%00%00%01%9A%06%AD%05%82%04%CA%BEnewface%00%03%E2%02%85%D7%C0.%E6%A2%06%2B%91%AF8hE%F6%C9U%84%F7%7D%A1%B3U%3F%CF%B4%1B%B0%85%A4%24x%11m%00%04%D2%8E0%00%04%DA%9617%00%04%E2%EE192.168.122.2%00%04%EA%A66001%00%03%D2%D62147483647%00%00%00%00 (986 bytes)
1400718633.591776 ccnd[645]: debug.4109 content_from 0 ccnx:/ccnx/%D7%C0.%E6%A2%06%2B%91%AF8hE%F6%C9U%84%F7%7D%A1%B3U%3F%CF%B4%1B%B0%85%A4%24x%11m/newface/%04%82%02%AA%03%B2%08%850%F7%81%DB%F8M%C3f%DCW%D5%20%20%21%23i~%B6%F7G%DA%3B%B4%ECE%DECjk%99%3A%22%40Y%B0%5C%D1%AA%FE%409%8B%D5%CA%BD%FCV%FA%0F%EA%C4m%D3%B0A%3C%94%60%9B%16%04%97%8Em%DD%1E%DB%09I%09%D4%3D%A8%D1%BAr%1E%5D%16%A1%CA%26%AD%93%F7%B4%DD%AF%F8%3B%28%94%7D%D9%D7X%C3%C0%12%EA%C4%8E%2Cn%E5%9C%01i%9D%D9-%92%94%B3I%95S%9C%0854%FC%9C%061%9067%00%00%F2%00%01%A2%03%E2%02%85%3F%CEUL%08m2%E5%A6%28%3Ew%CDb%836%8B%D9z%DA%5B%02%D776-%A5s%B2%09%84%40%00%02%BA%B5%057%D4R%99%5D%00%01%E2%01%DA%0A%950%81%9F0%0D%06%09%2A%86H%86%F7%0D%01%01%01%05%00%03%81%8D%000%81%89%02%81%81%00%C0%FB%16%1F%A6%9A%5E%A0%2A%D2%80%DA%8E%D9f%C1%85r%83t%A6%28P6%CC%20O%60%D9Pi%87%F3%F6%D7%8C%F8F%BFw%3C%08%10%FF%D8%02%3E%1B%03E%0B%24%D5T%3F%21T%FC%8Fl%5C%07%22%60o%AA%AF%8E%1E6%9A%7DvVbs%2C%BCrW-Z%0F%F1%9F%CA%DA%B3%E0%06%E9%81%F7-%01%16%D5%7D%DF%D4%21E%2F%B0%C1%A7%27%AF%C2%0C%B6%C3%EC%1C%BF%5D%82T%A5%DEa%C4%14%401%10%C6%23%02%03%01%00%01%00%00%00%01%9A%06%AD%05%82%04%CA%BEnewface%00%03%E2%02%85%D7%C0.%E6%A2%06%2B%91%AF8hE%F6%C9U%84%F7%7D%A1%B3U%3F%CF%B4%1B%B0%85%A4%24x%11m%00%04%D2%8E0%00%04%DA%9617%00%04%E2%EE192.168.122.2%00%04%EA%A66001%00%03%D2%D62147483647%00%00%00%00/%FA%F1%BA%EA%05%DE%F5%FB%96%D3F%EB%EDe%CE%E1%D6%0C%F6%B4%D5%82%9F%DB%BBX%99%82%DD%FA%246 (1022 bytes)
1400718633.591814 ccnd[645]: fwd.3059 adding 0
1400718633.591833 ccnd[645]: face 8 q 0 delay 3 usec
1400718633.591959 ccnd[645]: debug.1526 consume 8 ccnx:/ccnx/%D7%C0.%E6%A2%06%2B%91%AF8hE%F6%C9U%84%F7%7D%A1%B3U%3F%CF%B4%1B%B0%85%A4%24x%11m/newface/%04%82%02%AA%03%B2%08%850%F7%81%DB%F8M%C3f%DCW%D5%20%20%21%23i~%B6%F7G%DA%3B%B4%ECE%DECjk%99%3A%22%40Y%B0%5C%D1%AA%FE%409%8B%D5%CA%BD%FCV%FA%0F%EA%C4m%D3%B0A%3C%94%60%9B%16%04%97%8Em%DD%1E%DB%09I%09%D4%3D%A8%D1%BAr%1E%5D%16%A1%CA%26%AD%93%F7%B4%DD%AF%F8%3B%28%94%7D%D9%D7X%C3%C0%12%EA%C4%8E%2Cn%E5%9C%01i%9D%D9-%92%94%B3I%95S%9C%0854%FC%9C%061%9067%00%00%F2%00%01%A2%03%E2%02%85%3F%CEUL%08m2%E5%A6%28%3Ew%CDb%836%8B%D9z%DA%5B%02%D776-%A5s%B2%09%84%40%00%02%BA%B5%057%D4R%99%5D%00%01%E2%01%DA%0A%950%81%9F0%0D%06%09%2A%86H%86%F7%0D%01%01%01%05%00%03%81%8D%000%81%89%02%81%81%00%C0%FB%16%1F%A6%9A%5E%A0%2A%D2%80%DA%8E%D9f%C1%85r%83t%A6%28P6%CC%20O%60%D9Pi%87%F3%F6%D7%8C%F8F%BFw%3C%08%10%FF%D8%02%3E%1B%03E%0B%24%D5T%3F%21T%FC%8Fl%5C%07%22%60o%AA%AF%8E%1E6%9A%7DvVbs%2C%BCrW-Z%0F%F1%9F%CA%DA%B3%E0%06%E9%81%F7-%01%16%D5%7D%DF%D4%21E%2F%B0%C1%A7%27%AF%C2%0C%B6%C3%EC%1C%BF%5D%82T%A5%DEa%C4%14%401%10%C6%23%02%03%01%00%01%00%00%00%01%9A%06%AD%05%82%04%CA%BEnewface%00%03%E2%02%85%D7%C0.%E6%A2%06%2B%91%AF8hE%F6%C9U%84%F7%7D%A1%B3U%3F%CF%B4%1B%B0%85%A4%24x%11m%00%04%D2%8E0%00%04%DA%9617%00%04%E2%EE192.168.122.2%00%04%EA%A66001%00%03%D2%D62147483647%00%00%00%00 (550 bytes,scope=1) D7C02E-0285-0008-2994-D89286
1400718633.591973 ccnd[645]: sl.1598 0 ci=4 osrc=4294967295 src=0 usec=11002
1400718633.591984 ccnd[645]: fwd.3059 adding 0
1400718633.591995 ccnd[645]: sl.1598 0 ci=3 osrc=4294967295 src=0 usec=11002
1400718633.592126 ccnd[645]: debug.1268 content_to 8 ccnx:/ccnx/%D7%C0.%E6%A2%06%2B%91%AF8hE%F6%C9U%84%F7%7D%A1%B3U%3F%CF%B4%1B%B0%85%A4%24x%11m/newface/%04%82%02%AA%03%B2%08%850%F7%81%DB%F8M%C3f%DCW%D5%20%20%21%23i~%B6%F7G%DA%3B%B4%ECE%DECjk%99%3A%22%40Y%B0%5C%D1%AA%FE%409%8B%D5%CA%BD%FCV%FA%0F%EA%C4m%D3%B0A%3C%94%60%9B%16%04%97%8Em%DD%1E%DB%09I%09%D4%3D%A8%D1%BAr%1E%5D%16%A1%CA%26%AD%93%F7%B4%DD%AF%F8%3B%28%94%7D%D9%D7X%C3%C0%12%EA%C4%8E%2Cn%E5%9C%01i%9D%D9-%92%94%B3I%95S%9C%0854%FC%9C%061%9067%00%00%F2%00%01%A2%03%E2%02%85%3F%CEUL%08m2%E5%A6%28%3Ew%CDb%836%8B%D9z%DA%5B%02%D776-%A5s%B2%09%84%40%00%02%BA%B5%057%D4R%99%5D%00%01%E2%01%DA%0A%950%81%9F0%0D%06%09%2A%86H%86%F7%0D%01%01%01%05%00%03%81%8D%000%81%89%02%81%81%00%C0%FB%16%1F%A6%9A%5E%A0%2A%D2%80%DA%8E%D9f%C1%85r%83t%A6%28P6%CC%20O%60%D9Pi%87%F3%F6%D7%8C%F8F%BFw%3C%08%10%FF%D8%02%3E%1B%03E%0B%24%D5T%3F%21T%FC%8Fl%5C%07%22%60o%AA%AF%8E%1E6%9A%7DvVbs%2C%BCrW-Z%0F%F1%9F%CA%DA%B3%E0%06%E9%81%F7-%01%16%D5%7D%DF%D4%21E%2F%B0%C1%A7%27%AF%C2%0C%B6%C3%EC%1C%BF%5D%82T%A5%DEa%C4%14%401%10%C6%23%02%03%01%00%01%00%00%00%01%9A%06%AD%05%82%04%CA%BEnewface%00%03%E2%02%85%D7%C0.%E6%A2%06%2B%91%AF8hE%F6%C9U%84%F7%7D%A1%B3U%3F%CF%B4%1B%B0%85%A4%24x%11m%00%04%D2%8E0%00%04%DA%9617%00%04%E2%EE192.168.122.2%00%04%EA%A66001%00%03%D2%D62147483647%00%00%00%00/%FA%F1%BA%EA%05%DE%F5%FB%96%D3F%EB%EDe%CE%E1%D6%0C%F6%B4%D5%82%9F%DB%BBX%99%82%DD%FA%246 (1022 bytes)
1400718633.593243 ccnd[645]: debug.3807 interest_from 8 ccnx:/ccnx/%D7%C0.%E6%A2%06%2B%91%AF8hE%F6%C9U%84%F7%7D%A1%B3U%3F%CF%B4%1B%B0%85%A4%24x%11m/prefixreg/%04%82%02%AA%03%B2%08%85%99M%CC%EDH%DCE%1E%E8DwL%F8%D3%F6%05%B9%17%2B%D5fZ%00%81%7BU%86%FF%3Fq%B0%C6ED%A9%23%C9G%C0%9Fl%BB%12G%0C%CE%E5p%EF%F3F%B3%AC%9D4c%98ln%7BQ%01%BD%02%9F%DC%C4%C6%8E%E7%A3OAs%3F%5C%F6%A5n%D9%D4%99%E6u%E3%FE%C3%DDs%3C%22LZ%98%EF%F2%94%C4%F8%99%FA%9DY%B5%9D%26%87%14%B9%EE%3D%0D%D2%7F%AD%B2%FE%20%0AT%81%D62%8Dw4%BE%F9%00%00%F2%00%01%A2%03%E2%02%85%3F%CEUL%08m2%E5%A6%28%3Ew%CDb%836%8B%D9z%DA%5B%02%D776-%A5s%B2%09%84%40%00%02%BA%B5%057%D4R%99z%00%01%E2%01%DA%0A%950%81%9F0%0D%06%09%2A%86H%86%F7%0D%01%01%01%05%00%03%81%8D%000%81%89%02%81%81%00%C0%FB%16%1F%A6%9A%5E%A0%2A%D2%80%DA%8E%D9f%C1%85r%83t%A6%28P6%CC%20O%60%D9Pi%87%F3%F6%D7%8C%F8F%BFw%3C%08%10%FF%D8%02%3E%1B%03E%0B%24%D5T%3F%21T%FC%8Fl%5C%07%22%60o%AA%AF%8E%1E6%9A%7DvVbs%2C%BCrW-Z%0F%F1%9F%CA%DA%B3%E0%06%E9%81%F7-%01%16%D5%7D%DF%D4%21E%2F%B0%C1%A7%27%AF%C2%0C%B6%C3%EC%1C%BF%5D%82T%A5%DEa%C4%14%401%10%C6%23%02%03%01%00%01%00%00%00%01%9A%04%D5%05%8A%04%CA%CEprefixreg%00%F2%00%03%E2%02%85%D7%C0.%E6%A2%06%2B%91%AF8hE%F6%C9U%84%F7%7D%A1%B3U%3F%CF%B4%1B%B0%85%A4%24x%11m%00%04%D2%8E7%00%03%D2%D62147483647%00%00%00%00 (509 bytes,scope=1)
1400718633.593259 ccnd[645]: version: 20090701, prefix_comps: 4, min_suffix_comps: 0, max_suffix_comps: 32767, orderpref: 0, answerfrom: 3, scope: 1, lifetime: 4.0000, excl: 0 bytes, etc: 0 bytes
1400718633.593302 ccnd[645]: debug.3856 first_candidate ccnx:/test/1/%FD%057%D4Rn%BC/%00/%AC%B7X%5B%C9%8FO~0%8EOG%89N%7D%FE%19%15%01fFp%8D%EC%1D%C7%B5%E3C%D0%1C%D9 (433 bytes)
1400718633.593412 ccnd[645]: debug.3863 prefix_mismatch ccnx:/ccnx/%D7%C0.%E6%A2%06%2B%91%AF8hE%F6%C9U%84%F7%7D%A1%B3U%3F%CF%B4%1B%B0%85%A4%24x%11m/prefixreg/%04%82%02%AA%03%B2%08%85%99M%CC%EDH%DCE%1E%E8DwL%F8%D3%F6%05%B9%17%2B%D5fZ%00%81%7BU%86%FF%3Fq%B0%C6ED%A9%23%C9G%C0%9Fl%BB%12G%0C%CE%E5p%EF%F3F%B3%AC%9D4c%98ln%7BQ%01%BD%02%9F%DC%C4%C6%8E%E7%A3OAs%3F%5C%F6%A5n%D9%D4%99%E6u%E3%FE%C3%DDs%3C%22LZ%98%EF%F2%94%C4%F8%99%FA%9DY%B5%9D%26%87%14%B9%EE%3D%0D%D2%7F%AD%B2%FE%20%0AT%81%D62%8Dw4%BE%F9%00%00%F2%00%01%A2%03%E2%02%85%3F%CEUL%08m2%E5%A6%28%3Ew%CDb%836%8B%D9z%DA%5B%02%D776-%A5s%B2%09%84%40%00%02%BA%B5%057%D4R%99z%00%01%E2%01%DA%0A%950%81%9F0%0D%06%09%2A%86H%86%F7%0D%01%01%01%05%00%03%81%8D%000%81%89%02%81%81%00%C0%FB%16%1F%A6%9A%5E%A0%2A%D2%80%DA%8E%D9f%C1%85r%83t%A6%28P6%CC%20O%60%D9Pi%87%F3%F6%D7%8C%F8F%BFw%3C%08%10%FF%D8%02%3E%1B%03E%0B%24%D5T%3F%21T%FC%8Fl%5C%07%22%60o%AA%AF%8E%1E6%9A%7DvVbs%2C%BCrW-Z%0F%F1%9F%CA%DA%B3%E0%06%E9%81%F7-%01%16%D5%7D%DF%D4%21E%2F%B0%C1%A7%27%AF%C2%0C%B6%C3%EC%1C%BF%5D%82T%A5%DEa%C4%14%401%10%C6%23%02%03%01%00%01%00%00%00%01%9A%04%D5%05%8A%04%CA%CEprefixreg%00%F2%00%03%E2%02%85%D7%C0.%E6%A2%06%2B%91%AF8hE%F6%C9U%84%F7%7D%A1%B3U%3F%CF%B4%1B%B0%85%A4%24x%11m%00%04%D2%8E7%00%03%D2%D62147483647%00%00%00%00 (509 bytes,scope=1)
1400718633.593425 ccnd[645]: outbound.3131 adding 0
1400718633.593544 ccnd[645]: debug.3523 0x148f7e0.0of1,usec=1576+3998424 8 ccnx:/ccnx/%D7%C0.%E6%A2%06%2B%91%AF8hE%F6%C9U%84%F7%7D%A1%B3U%3F%CF%B4%1B%B0%85%A4%24x%11m/prefixreg/%04%82%02%AA%03%B2%08%85%99M%CC%EDH%DCE%1E%E8DwL%F8%D3%F6%05%B9%17%2B%D5fZ%00%81%7BU%86%FF%3Fq%B0%C6ED%A9%23%C9G%C0%9Fl%BB%12G%0C%CE%E5p%EF%F3F%B3%AC%9D4c%98ln%7BQ%01%BD%02%9F%DC%C4%C6%8E%E7%A3OAs%3F%5C%F6%A5n%D9%D4%99%E6u%E3%FE%C3%DDs%3C%22LZ%98%EF%F2%94%C4%F8%99%FA%9DY%B5%9D%26%87%14%B9%EE%3D%0D%D2%7F%AD%B2%FE%20%0AT%81%D62%8Dw4%BE%F9%00%00%F2%00%01%A2%03%E2%02%85%3F%CEUL%08m2%E5%A6%28%3Ew%CDb%836%8B%D9z%DA%5B%02%D776-%A5s%B2%09%84%40%00%02%BA%B5%057%D4R%99z%00%01%E2%01%DA%0A%950%81%9F0%0D%06%09%2A%86H%86%F7%0D%01%01%01%05%00%03%81%8D%000%81%89%02%81%81%00%C0%FB%16%1F%A6%9A%5E%A0%2A%D2%80%DA%8E%D9f%C1%85r%83t%A6%28P6%CC%20O%60%D9Pi%87%F3%F6%D7%8C%F8F%BFw%3C%08%10%FF%D8%02%3E%1B%03E%0B%24%D5T%3F%21T%FC%8Fl%5C%07%22%60o%AA%AF%8E%1E6%9A%7DvVbs%2C%BCrW-Z%0F%F1%9F%CA%DA%B3%E0%06%E9%81%F7-%01%16%D5%7D%DF%D4%21E%2F%B0%C1%A7%27%AF%C2%0C%B6%C3%EC%1C%BF%5D%82T%A5%DEa%C4%14%401%10%C6%23%02%03%01%00%01%00%00%00%01%9A%04%D5%05%8A%04%CA%CEprefixreg%00%F2%00%03%E2%02%85%D7%C0.%E6%A2%06%2B%91%AF8hE%F6%C9U%84%F7%7D%A1%B3U%3F%CF%B4%1B%B0%85%A4%24x%11m%00%04%D2%8E7%00%03%D2%D62147483647%00%00%00%00 (525 bytes,scope=1) D7C02E-0285-0008-2997-9DCDAC
1400718633.595826 ccnd[645]: debug.3210 interest_to 0 ccnx:/ccnx/%D7%C0.%E6%A2%06%2B%91%AF8hE%F6%C9U%84%F7%7D%A1%B3U%3F%CF%B4%1B%B0%85%A4%24x%11m/prefixreg/%04%82%02%AA%03%B2%08%85%99M%CC%EDH%DCE%1E%E8DwL%F8%D3%F6%05%B9%17%2B%D5fZ%00%81%7BU%86%FF%3Fq%B0%C6ED%A9%23%C9G%C0%9Fl%BB%12G%0C%CE%E5p%EF%F3F%B3%AC%9D4c%98ln%7BQ%01%BD%02%9F%DC%C4%C6%8E%E7%A3OAs%3F%5C%F6%A5n%D9%D4%99%E6u%E3%FE%C3%DDs%3C%22LZ%98%EF%F2%94%C4%F8%99%FA%9DY%B5%9D%26%87%14%B9%EE%3D%0D%D2%7F%AD%B2%FE%20%0AT%81%D62%8Dw4%BE%F9%00%00%F2%00%01%A2%03%E2%02%85%3F%CEUL%08m2%E5%A6%28%3Ew%CDb%836%8B%D9z%DA%5B%02%D776-%A5s%B2%09%84%40%00%02%BA%B5%057%D4R%99z%00%01%E2%01%DA%0A%950%81%9F0%0D%06%09%2A%86H%86%F7%0D%01%01%01%05%00%03%81%8D%000%81%89%02%81%81%00%C0%FB%16%1F%A6%9A%5E%A0%2A%D2%80%DA%8E%D9f%C1%85r%83t%A6%28P6%CC%20O%60%D9Pi%87%F3%F6%D7%8C%F8F%BFw%3C%08%10%FF%D8%02%3E%1B%03E%0B%24%D5T%3F%21T%FC%8Fl%5C%07%22%60o%AA%AF%8E%1E6%9A%7DvVbs%2C%BCrW-Z%0F%F1%9F%CA%DA%B3%E0%06%E9%81%F7-%01%16%D5%7D%DF%D4%21E%2F%B0%C1%A7%27%AF%C2%0C%B6%C3%EC%1C%BF%5D%82T%A5%DEa%C4%14%401%10%C6%23%02%03%01%00%01%00%00%00%01%9A%04%D5%05%8A%04%CA%CEprefixreg%00%F2%00%03%E2%02%85%D7%C0.%E6%A2%06%2B%91%AF8hE%F6%C9U%84%F7%7D%A1%B3U%3F%CF%B4%1B%B0%85%A4%24x%11m%00%04%D2%8E7%00%03%D2%D62147483647%00%00%00%00 (525 bytes,scope=1) D7C02E-0285-0008-2997-9DCDAC
1400718633.595951 ccnd[645]: debug.158 ccnd_answer_req ccnx:/ccnx/%D7%C0.%E6%A2%06%2B%91%AF8hE%F6%C9U%84%F7%7D%A1%B3U%3F%CF%B4%1B%B0%85%A4%24x%11m/prefixreg/%04%82%02%AA%03%B2%08%85%99M%CC%EDH%DCE%1E%E8DwL%F8%D3%F6%05%B9%17%2B%D5fZ%00%81%7BU%86%FF%3Fq%B0%C6ED%A9%23%C9G%C0%9Fl%BB%12G%0C%CE%E5p%EF%F3F%B3%AC%9D4c%98ln%7BQ%01%BD%02%9F%DC%C4%C6%8E%E7%A3OAs%3F%5C%F6%A5n%D9%D4%99%E6u%E3%FE%C3%DDs%3C%22LZ%98%EF%F2%94%C4%F8%99%FA%9DY%B5%9D%26%87%14%B9%EE%3D%0D%D2%7F%AD%B2%FE%20%0AT%81%D62%8Dw4%BE%F9%00%00%F2%00%01%A2%03%E2%02%85%3F%CEUL%08m2%E5%A6%28%3Ew%CDb%836%8B%D9z%DA%5B%02%D776-%A5s%B2%09%84%40%00%02%BA%B5%057%D4R%99z%00%01%E2%01%DA%0A%950%81%9F0%0D%06%09%2A%86H%86%F7%0D%01%01%01%05%00%03%81%8D%000%81%89%02%81%81%00%C0%FB%16%1F%A6%9A%5E%A0%2A%D2%80%DA%8E%D9f%C1%85r%83t%A6%28P6%CC%20O%60%D9Pi%87%F3%F6%D7%8C%F8F%BFw%3C%08%10%FF%D8%02%3E%1B%03E%0B%24%D5T%3F%21T%FC%8Fl%5C%07%22%60o%AA%AF%8E%1E6%9A%7DvVbs%2C%BCrW-Z%0F%F1%9F%CA%DA%B3%E0%06%E9%81%F7-%01%16%D5%7D%DF%D4%21E%2F%B0%C1%A7%27%AF%C2%0C%B6%C3%EC%1C%BF%5D%82T%A5%DEa%C4%14%401%10%C6%23%02%03%01%00%01%00%00%00%01%9A%04%D5%05%8A%04%CA%CEprefixreg%00%F2%00%03%E2%02%85%D7%C0.%E6%A2%06%2B%91%AF8hE%F6%C9U%84%F7%7D%A1%B3U%3F%CF%B4%1B%B0%85%A4%24x%11m%00%04%D2%8E7%00%03%D2%D62147483647%00%00%00%00 (525 bytes,scope=1) D7C02E-0285-0008-2997-9DCDAC
1400718633.596043 ccnd[645]: debug.2428 prefix,ff=3 7 ccnx:/ (2 bytes)
1400718633.596982 ccnd[645]: debug.280 ccnd_answer_req_response ccnx:/ccnx/%D7%C0.%E6%A2%06%2B%91%AF8hE%F6%C9U%84%F7%7D%A1%B3U%3F%CF%B4%1B%B0%85%A4%24x%11m/prefixreg/%04%82%02%AA%03%B2%08%85%99M%CC%EDH%DCE%1E%E8DwL%F8%D3%F6%05%B9%17%2B%D5fZ%00%81%7BU%86%FF%3Fq%B0%C6ED%A9%23%C9G%C0%9Fl%BB%12G%0C%CE%E5p%EF%F3F%B3%AC%9D4c%98ln%7BQ%01%BD%02%9F%DC%C4%C6%8E%E7%A3OAs%3F%5C%F6%A5n%D9%D4%99%E6u%E3%FE%C3%DDs%3C%22LZ%98%EF%F2%94%C4%F8%99%FA%9DY%B5%9D%26%87%14%B9%EE%3D%0D%D2%7F%AD%B2%FE%20%0AT%81%D62%8Dw4%BE%F9%00%00%F2%00%01%A2%03%E2%02%85%3F%CEUL%08m2%E5%A6%28%3Ew%CDb%836%8B%D9z%DA%5B%02%D776-%A5s%B2%09%84%40%00%02%BA%B5%057%D4R%99z%00%01%E2%01%DA%0A%950%81%9F0%0D%06%09%2A%86H%86%F7%0D%01%01%01%05%00%03%81%8D%000%81%89%02%81%81%00%C0%FB%16%1F%A6%9A%5E%A0%2A%D2%80%DA%8E%D9f%C1%85r%83t%A6%28P6%CC%20O%60%D9Pi%87%F3%F6%D7%8C%F8F%BFw%3C%08%10%FF%D8%02%3E%1B%03E%0B%24%D5T%3F%21T%FC%8Fl%5C%07%22%60o%AA%AF%8E%1E6%9A%7DvVbs%2C%BCrW-Z%0F%F1%9F%CA%DA%B3%E0%06%E9%81%F7-%01%16%D5%7D%DF%D4%21E%2F%B0%C1%A7%27%AF%C2%0C%B6%C3%EC%1C%BF%5D%82T%A5%DEa%C4%14%401%10%C6%23%02%03%01%00%01%00%00%00%01%9A%04%D5%05%8A%04%CA%CEprefixreg%00%F2%00%03%E2%02%85%D7%C0.%E6%A2%06%2B%91%AF8hE%F6%C9U%84%F7%7D%A1%B3U%3F%CF%B4%1B%B0%85%A4%24x%11m%00%04%D2%8E7%00%03%D2%D62147483647%00%00%00%00 (941 bytes)
1400718633.597133 ccnd[645]: debug.4109 content_from 0 ccnx:/ccnx/%D7%C0.%E6%A2%06%2B%91%AF8hE%F6%C9U%84%F7%7D%A1%B3U%3F%CF%B4%1B%B0%85%A4%24x%11m/prefixreg/%04%82%02%AA%03%B2%08%85%99M%CC%EDH%DCE%1E%E8DwL%F8%D3%F6%05%B9%17%2B%D5fZ%00%81%7BU%86%FF%3Fq%B0%C6ED%A9%23%C9G%C0%9Fl%BB%12G%0C%CE%E5p%EF%F3F%B3%AC%9D4c%98ln%7BQ%01%BD%02%9F%DC%C4%C6%8E%E7%A3OAs%3F%5C%F6%A5n%D9%D4%99%E6u%E3%FE%C3%DDs%3C%22LZ%98%EF%F2%94%C4%F8%99%FA%9DY%B5%9D%26%87%14%B9%EE%3D%0D%D2%7F%AD%B2%FE%20%0AT%81%D62%8Dw4%BE%F9%00%00%F2%00%01%A2%03%E2%02%85%3F%CEUL%08m2%E5%A6%28%3Ew%CDb%836%8B%D9z%DA%5B%02%D776-%A5s%B2%09%84%40%00%02%BA%B5%057%D4R%99z%00%01%E2%01%DA%0A%950%81%9F0%0D%06%09%2A%86H%86%F7%0D%01%01%01%05%00%03%81%8D%000%81%89%02%81%81%00%C0%FB%16%1F%A6%9A%5E%A0%2A%D2%80%DA%8E%D9f%C1%85r%83t%A6%28P6%CC%20O%60%D9Pi%87%F3%F6%D7%8C%F8F%BFw%3C%08%10%FF%D8%02%3E%1B%03E%0B%24%D5T%3F%21T%FC%8Fl%5C%07%22%60o%AA%AF%8E%1E6%9A%7DvVbs%2C%BCrW-Z%0F%F1%9F%CA%DA%B3%E0%06%E9%81%F7-%01%16%D5%7D%DF%D4%21E%2F%B0%C1%A7%27%AF%C2%0C%B6%C3%EC%1C%BF%5D%82T%A5%DEa%C4%14%401%10%C6%23%02%03%01%00%01%00%00%00%01%9A%04%D5%05%8A%04%CA%CEprefixreg%00%F2%00%03%E2%02%85%D7%C0.%E6%A2%06%2B%91%AF8hE%F6%C9U%84%F7%7D%A1%B3U%3F%CF%B4%1B%B0%85%A4%24x%11m%00%04%D2%8E7%00%03%D2%D62147483647%00%00%00%00/%0F%C4s%F3%A8Z%DD%EFT%ED%A7p%1E%90%DE%10%F9%D5%015%8C%C0%60%1Ds%C24%D6%CA%1C%7CO (977 bytes)
1400718633.597174 ccnd[645]: fwd.3059 adding 0
1400718633.597186 ccnd[645]: fwd.3059 adding 7
1400718633.597203 ccnd[645]: face 8 q 0 delay 3 usec
1400718633.597318 ccnd[645]: debug.1526 consume 8 ccnx:/ccnx/%D7%C0.%E6%A2%06%2B%91%AF8hE%F6%C9U%84%F7%7D%A1%B3U%3F%CF%B4%1B%B0%85%A4%24x%11m/prefixreg/%04%82%02%AA%03%B2%08%85%99M%CC%EDH%DCE%1E%E8DwL%F8%D3%F6%05%B9%17%2B%D5fZ%00%81%7BU%86%FF%3Fq%B0%C6ED%A9%23%C9G%C0%9Fl%BB%12G%0C%CE%E5p%EF%F3F%B3%AC%9D4c%98ln%7BQ%01%BD%02%9F%DC%C4%C6%8E%E7%A3OAs%3F%5C%F6%A5n%D9%D4%99%E6u%E3%FE%C3%DDs%3C%22LZ%98%EF%F2%94%C4%F8%99%FA%9DY%B5%9D%26%87%14%B9%EE%3D%0D%D2%7F%AD%B2%FE%20%0AT%81%D62%8Dw4%BE%F9%00%00%F2%00%01%A2%03%E2%02%85%3F%CEUL%08m2%E5%A6%28%3Ew%CDb%836%8B%D9z%DA%5B%02%D776-%A5s%B2%09%84%40%00%02%BA%B5%057%D4R%99z%00%01%E2%01%DA%0A%950%81%9F0%0D%06%09%2A%86H%86%F7%0D%01%01%01%05%00%03%81%8D%000%81%89%02%81%81%00%C0%FB%16%1F%A6%9A%5E%A0%2A%D2%80%DA%8E%D9f%C1%85r%83t%A6%28P6%CC%20O%60%D9Pi%87%F3%F6%D7%8C%F8F%BFw%3C%08%10%FF%D8%02%3E%1B%03E%0B%24%D5T%3F%21T%FC%8Fl%5C%07%22%60o%AA%AF%8E%1E6%9A%7DvVbs%2C%BCrW-Z%0F%F1%9F%CA%DA%B3%E0%06%E9%81%F7-%01%16%D5%7D%DF%D4%21E%2F%B0%C1%A7%27%AF%C2%0C%B6%C3%EC%1C%BF%5D%82T%A5%DEa%C4%14%401%10%C6%23%02%03%01%00%01%00%00%00%01%9A%04%D5%05%8A%04%CA%CEprefixreg%00%F2%00%03%E2%02%85%D7%C0.%E6%A2%06%2B%91%AF8hE%F6%C9U%84%F7%7D%A1%B3U%3F%CF%B4%1B%B0%85%A4%24x%11m%00%04%D2%8E7%00%03%D2%D62147483647%00%00%00%00 (525 bytes,scope=1) D7C02E-0285-0008-2997-9DCDAC
1400718633.597332 ccnd[645]: sl.1598 0 ci=4 osrc=4294967295 src=0 usec=11002
1400718633.597343 ccnd[645]: fwd.3059 adding 0
1400718633.597353 ccnd[645]: fwd.3059 adding 7
1400718633.597373 ccnd[645]: sl.1598 0 ci=3 osrc=4294967295 src=0 usec=11002
1400718633.597384 ccnd[645]: fwd.3059 adding 0
1400718633.597394 ccnd[645]: fwd.3059 adding 7
1400718633.597404 ccnd[645]: fwd.3059 adding 7
1400718633.597415 ccnd[645]: fwd.3059 adding 7
1400718633.597533 ccnd[645]: debug.1268 content_to 8 ccnx:/ccnx/%D7%C0.%E6%A2%06%2B%91%AF8hE%F6%C9U%84%F7%7D%A1%B3U%3F%CF%B4%1B%B0%85%A4%24x%11m/prefixreg/%04%82%02%AA%03%B2%08%85%99M%CC%EDH%DCE%1E%E8DwL%F8%D3%F6%05%B9%17%2B%D5fZ%00%81%7BU%86%FF%3Fq%B0%C6ED%A9%23%C9G%C0%9Fl%BB%12G%0C%CE%E5p%EF%F3F%B3%AC%9D4c%98ln%7BQ%01%BD%02%9F%DC%C4%C6%8E%E7%A3OAs%3F%5C%F6%A5n%D9%D4%99%E6u%E3%FE%C3%DDs%3C%22LZ%98%EF%F2%94%C4%F8%99%FA%9DY%B5%9D%26%87%14%B9%EE%3D%0D%D2%7F%AD%B2%FE%20%0AT%81%D62%8Dw4%BE%F9%00%00%F2%00%01%A2%03%E2%02%85%3F%CEUL%08m2%E5%A6%28%3Ew%CDb%836%8B%D9z%DA%5B%02%D776-%A5s%B2%09%84%40%00%02%BA%B5%057%D4R%99z%00%01%E2%01%DA%0A%950%81%9F0%0D%06%09%2A%86H%86%F7%0D%01%01%01%05%00%03%81%8D%000%81%89%02%81%81%00%C0%FB%16%1F%A6%9A%5E%A0%2A%D2%80%DA%8E%D9f%C1%85r%83t%A6%28P6%CC%20O%60%D9Pi%87%F3%F6%D7%8C%F8F%BFw%3C%08%10%FF%D8%02%3E%1B%03E%0B%24%D5T%3F%21T%FC%8Fl%5C%07%22%60o%AA%AF%8E%1E6%9A%7DvVbs%2C%BCrW-Z%0F%F1%9F%CA%DA%B3%E0%06%E9%81%F7-%01%16%D5%7D%DF%D4%21E%2F%B0%C1%A7%27%AF%C2%0C%B6%C3%EC%1C%BF%5D%82T%A5%DEa%C4%14%401%10%C6%23%02%03%01%00%01%00%00%00%01%9A%04%D5%05%8A%04%CA%CEprefixreg%00%F2%00%03%E2%02%85%D7%C0.%E6%A2%06%2B%91%AF8hE%F6%C9U%84%F7%7D%A1%B3U%3F%CF%B4%1B%B0%85%A4%24x%11m%00%04%D2%8E7%00%03%D2%D62147483647%00%00%00%00/%0F%C4s%F3%A8Z%DD%EFT%ED%A7p%1E%90%DE%10%F9%D5%015%8C%C0%60%1Ds%C24%D6%CA%1C%7CO (977 bytes)
1400718633.598172 ccnd[645]: shutdown client fd=9 id=8
1400718633.598193 ccnd[645]: releasing face id 8 (slot 8)
1400718636.000000 ccnd[645]: 6001 ____________________ Thu May 22 00:30:36 2014
1400718636.959905 ccnd[645]: debug.3946 stale ccnx:/%C1.M.S.neighborhood/%C1.M.SRV/ccnd/KEY/%C1.M.K%00%D7%C0.%E6%A2%06%2B%91%AF8hE%F6%C9U%84%F7%7D%A1%B3U%3F%CF%B4%1B%B0%85%A4%24x%11m/%FD%057%D4P%28w/%00/%20%B8%A4%C2g%07%82%9B%07%C7%849l%23h%11%2A%EF%7B%16%1D%A7%071%20%99W%04l%EBg%E7 (617 bytes)
1400718639.954459 ccnd[645]: debug.3807 interest_from 7 ccnx:/test/1 (32 bytes) 6A536B-028F-0008-2F9E-0C0F44
1400718639.954476 ccnd[645]: version: 20090701, prefix_comps: 2, min_suffix_comps: 0, max_suffix_comps: 32767, orderpref: 0, answerfrom: 3, scope: -1, lifetime: 4.0000, excl: 0 bytes, etc: 0 bytes
1400718639.954518 ccnd[645]: debug.3856 first_candidate ccnx:/test/1/%FD%057%D4Rn%BC/%00/%AC%B7X%5B%C9%8FO~0%8EOG%89N%7D%FE%19%15%01fFp%8D%EC%1D%C7%B5%E3C%D0%1C%D9 (433 bytes)
1400718639.954548 ccnd[645]: debug.3884 matches ccnx:/test/1/%FD%057%D4Rn%BC/%00/%AC%B7X%5B%C9%8FO~0%8EOG%89N%7D%FE%19%15%01fFp%8D%EC%1D%C7%B5%E3C%D0%1C%D9 (433 bytes)
1400718639.954561 ccnd[645]: face 7 q 1 delay 501 usec
1400718639.954582 ccnd[645]: debug.3918 consume 7 ccnx:/test/1 (32 bytes) 6A536B-028F-0008-2F9E-0C0F44
1400718639.954593 ccnd[645]: fwd.3059 adding 6
1400718639.954604 ccnd[645]: fwd.3059 adding 7
1400718639.954614 ccnd[645]: fwd.3059 adding 7
1400718639.954624 ccnd[645]: fwd.3059 adding 7
1400718639.954648 ccnd[645]: debug.3807 interest_from 7 ccnx:/%C1.M.S.neighborhood/%C1.M.SRV/ccnd/KEY (55 bytes,scope=2)
1400718639.954658 ccnd[645]: version: 20090701, prefix_comps: 4, min_suffix_comps: 0, max_suffix_comps: 32767, orderpref: 0, answerfrom: 3, scope: 2, lifetime: 4.0000, excl: 0 bytes, etc: 0 bytes
1400718639.954704 ccnd[645]: debug.3856 first_candidate ccnx:/%C1.M.S.neighborhood/%C1.M.SRV/ccnd/KEY/%C1.M.K%00%D7%C0.%E6%A2%06%2B%91%AF8hE%F6%C9U%84%F7%7D%A1%B3U%3F%CF%B4%1B%B0%85%A4%24x%11m/%FD%057%D4P%28w/%00/%20%B8%A4%C2g%07%82%9B%07%C7%849l%23h%11%2A%EF%7B%16%1D%A7%071%20%99W%04l%EBg%E7 (617 bytes)
1400718639.954716 ccnd[645]: fwd.3059 adding 0
1400718639.954726 ccnd[645]: fwd.3059 adding 7
1400718639.954736 ccnd[645]: outbound.3131 adding 0
1400718639.954766 ccnd[645]: debug.3523 0x1495900.0of1,usec=2628+3997372 7 ccnx:/%C1.M.S.neighborhood/%C1.M.SRV/ccnd/KEY (71 bytes,scope=2) D7C02E-0285-0007-2FF4-2CB15B
1400718639.955927 ccnd[645]: debug.1268 content_to 7 ccnx:/test/1/%FD%057%D4Rn%BC/%00/%AC%B7X%5B%C9%8FO~0%8EOG%89N%7D%FE%19%15%01fFp%8D%EC%1D%C7%B5%E3C%D0%1C%D9 (433 bytes)
1400718639.958075 ccnd[645]: debug.3210 interest_to 0 ccnx:/%C1.M.S.neighborhood/%C1.M.SRV/ccnd/KEY (71 bytes,scope=2) D7C02E-0285-0007-2FF4-2CB15B
1400718639.958108 ccnd[645]: debug.158 ccnd_answer_req ccnx:/%C1.M.S.neighborhood/%C1.M.SRV/ccnd/KEY (71 bytes,scope=2) D7C02E-0285-0007-2FF4-2CB15B
1400718639.958184 ccnd[645]: debug.4109 content_from 0 ccnx:/%C1.M.S.neighborhood/%C1.M.SRV/ccnd/KEY/%C1.M.K%00%D7%C0.%E6%A2%06%2B%91%AF8hE%F6%C9U%84%F7%7D%A1%B3U%3F%CF%B4%1B%B0%85%A4%24x%11m/%FD%057%D4P%28w/%00/%20%B8%A4%C2g%07%82%9B%07%C7%849l%23h%11%2A%EF%7B%16%1D%A7%071%20%99W%04l%EBg%E7 (617 bytes)
1400718639.958205 ccnd[645]: fwd.3059 adding 0
1400718639.958216 ccnd[645]: fwd.3059 adding 7
1400718639.958235 ccnd[645]: face 7 q 1 delay 1163 usec
1400718639.958259 ccnd[645]: debug.1526 consume 7 ccnx:/%C1.M.S.neighborhood/%C1.M.SRV/ccnd/KEY (71 bytes,scope=2) D7C02E-0285-0007-2FF4-2CB15B
1400718639.958270 ccnd[645]: sl.1598 0 ci=4 osrc=0 src=0 usec=11002
1400718639.958280 ccnd[645]: fwd.3059 adding 0
1400718639.958290 ccnd[645]: fwd.3059 adding 7
1400718639.958300 ccnd[645]: sl.1598 0 ci=3 osrc=0 src=0 usec=11002
1400718639.958311 ccnd[645]: fwd.3059 adding 0
1400718639.958321 ccnd[645]: fwd.3059 adding 7
1400718639.000000 ccnd[645]: 6001 ____________________ Thu May 22 00:30:39 2014
1400718639.960491 ccnd[645]: debug.1268 content_to 7 ccnx:/%C1.M.S.neighborhood/%C1.M.SRV/ccnd/KEY/%C1.M.K%00%D7%C0.%E6%A2%06%2B%91%AF8hE%F6%C9U%84%F7%7D%A1%B3U%3F%CF%B4%1B%B0%85%A4%24x%11m/%FD%057%D4P%28w/%00/%20%B8%A4%C2g%07%82%9B%07%C7%849l%23h%11%2A%EF%7B%16%1D%A7%071%20%99W%04l%EBg%E7 (617 bytes)
1400718640.810693 ccnd[645]: debug.3946 stale ccnx:/ccnx/%D7%C0.%E6%A2%06%2B%91%AF8hE%F6%C9U%84%F7%7D%A1%B3U%3F%CF%B4%1B%B0%85%A4%24x%11m/selfreg/%04%82%02%AA%03%B2%08%85%5D%AF%87%EAN%B9H%3B%E3U%A3%C1%C6%04%A5~%84%A6%83%A5a%9Cw%FE%B4%D3~%DF%2B%A2%D5w%A9%A7w%2F%17%9F%99%2CIs%C3%9C%8BjhP%07%8B%09%5B%84%C05y%0Ap%AF%1A%7C%17%D2%F1%82%9C9%A5%9BZ%C9%BA%1D%B7%05T%AD%5E%CB%EB2X%B2%B9%29%D4%B5%80%F4f%E6%C7%19%F9b%3F%7C%A8%B8%04%2F%28a%89e%88%29%ADw%D8%D3%D4%89%26%D9%E1%06%EB%BC%FF%D4%B7%DD%CC%172%2F%25%00%00%F2%00%01%A2%03%E2%02%85%3F%CEUL%08m2%E5%A6%28%3Ew%CDb%836%8B%D9z%DA%5B%02%D776-%A5s%B2%09%84%40%00%02%BA%B5%057%D4Rl-%00%01%E2%01%DA%0A%950%81%9F0%0D%06%09%2A%86H%86%F7%0D%01%01%01%05%00%03%81%8D%000%81%89%02%81%81%00%C0%FB%16%1F%A6%9A%5E%A0%2A%D2%80%DA%8E%D9f%C1%85r%83t%A6%28P6%CC%20O%60%D9Pi%87%F3%F6%D7%8C%F8F%BFw%3C%08%10%FF%D8%02%3E%1B%03E%0B%24%D5T%3F%21T%FC%8Fl%5C%07%22%60o%AA%AF%8E%1E6%9A%7DvVbs%2C%BCrW-Z%0F%F1%9F%CA%DA%B3%E0%06%E9%81%F7-%01%16%D5%7D%DF%D4%21E%2F%B0%C1%A7%27%AF%C2%0C%B6%C3%EC%1C%BF%5D%82T%A5%DEa%C4%14%401%10%C6%23%02%03%01%00%01%00%00%00%01%9A%09%ED%05%8A%04%CA%BEselfreg%00%F2%FA%C5ccnx.org%00%FA%ADUsers%00%FA%A5user%00%FA%A5Keys%00%FA%02%B5%C1.M.K%00%3F%CEUL%08m2%E5%A6%28%3Ew%CDb%836%8B%D9z%DA%5B%02%D776-%A5s%B2%09%84%40%00%FA%BD%FD%04%FB%C93%60%00%00%00%03%E2%02%85%D7%C0.%E6%A2%06%2B%91%AF8hE%F6%C9U%84%F7%7D%A1%B3U%3F%CF%B4%1B%B0%85%A4%24x%11m%00%04%FA%8E3%00%03%D2%D62147483647%00%00%00%00/%BEp%2B%D6%96%C3%D9%89%98Hw%D9o%DC%29C%8E4%D56%8Bt%AD%FA%DF%CD%93%BDKu%7CJ (1139 bytes)
1400718640.911023 ccnd[645]: debug.3946 stale ccnx:/ccnx/%D7%C0.%E6%A2%06%2B%91%AF8hE%F6%C9U%84%F7%7D%A1%B3U%3F%CF%B4%1B%B0%85%A4%24x%11m/selfreg/%04%82%02%AA%03%B2%08%85A%1C%89%FA%C7%D2%EF%A1%B4%60%0B%3C%94%9Et%CD%F6%F2%5BN%9F%F6%20%D1%93%D65%A2%8BJR.%DE%F56%27%7F%0E%13%94%CD%CE%AE%FFt%A4%F8%8AO%B3%01%8A%95%FE%BD%BD%B5~%25%5D%BB%2Fxv%3A%14%24T%9A6%8BGD%C9%0E%97%C3%05%03%E1P%F2%9F%D3%F8%8B%FC%0C%E9%B9c%E6x%25Ye%D4%F1%FC%CE%AE%E6%C7%3D%23m7%C3%F7EZ%E9%5C%92%25j%80x%00%07%25%17KQ2%2FG%AB%00%00%F2%00%01%A2%03%E2%02%85%3F%CEUL%08m2%E5%A6%28%3Ew%CDb%836%8B%D9z%DA%5B%02%D776-%A5s%B2%09%84%40%00%02%BA%B5%057%D4Rn%25%00%01%E2%01%DA%0A%950%81%9F0%0D%06%09%2A%86H%86%F7%0D%01%01%01%05%00%03%81%8D%000%81%89%02%81%81%00%C0%FB%16%1F%A6%9A%5E%A0%2A%D2%80%DA%8E%D9f%C1%85r%83t%A6%28P6%CC%20O%60%D9Pi%87%F3%F6%D7%8C%F8F%BFw%3C%08%10%FF%D8%02%3E%1B%03E%0B%24%D5T%3F%21T%FC%8Fl%5C%07%22%60o%AA%AF%8E%1E6%9A%7DvVbs%2C%BCrW-Z%0F%F1%9F%CA%DA%B3%E0%06%E9%81%F7-%01%16%D5%7D%DF%D4%21E%2F%B0%C1%A7%27%AF%C2%0C%B6%C3%EC%1C%BF%5D%82T%A5%DEa%C4%14%401%10%C6%23%02%03%01%00%01%00%00%00%01%9A%05%9D%05%8A%04%CA%BEselfreg%00%F2%FA%A5test%00%FA%8D1%00%00%03%E2%02%85%D7%C0.%E6%A2%06%2B%91%AF8hE%F6%C9U%84%F7%7D%A1%B3U%3F%CF%B4%1B%B0%85%A4%24x%11m%00%04%FA%8E3%00%03%D2%D62147483647%00%00%00%00/%06%D9%2Fk%FD%20%9FF%0BT%F9%CAI%F2u%E8%07%D2.k%20%86%B3%EE%BB%2A%CA%EAf%A2%B9%95 (991 bytes)
1400718643.593139 ccnd[645]: debug.3946 stale ccnx:/ccnx/%D7%C0.%E6%A2%06%2B%91%AF8hE%F6%C9U%84%F7%7D%A1%B3U%3F%CF%B4%1B%B0%85%A4%24x%11m/newface/%04%82%02%AA%03%B2%08%850%F7%81%DB%F8M%C3f%DCW%D5%20%20%21%23i~%B6%F7G%DA%3B%B4%ECE%DECjk%99%3A%22%40Y%B0%5C%D1%AA%FE%409%8B%D5%CA%BD%FCV%FA%0F%EA%C4m%D3%B0A%3C%94%60%9B%16%04%97%8Em%DD%1E%DB%09I%09%D4%3D%A8%D1%BAr%1E%5D%16%A1%CA%26%AD%93%F7%B4%DD%AF%F8%3B%28%94%7D%D9%D7X%C3%C0%12%EA%C4%8E%2Cn%E5%9C%01i%9D%D9-%92%94%B3I%95S%9C%0854%FC%9C%061%9067%00%00%F2%00%01%A2%03%E2%02%85%3F%CEUL%08m2%E5%A6%28%3Ew%CDb%836%8B%D9z%DA%5B%02%D776-%A5s%B2%09%84%40%00%02%BA%B5%057%D4R%99%5D%00%01%E2%01%DA%0A%950%81%9F0%0D%06%09%2A%86H%86%F7%0D%01%01%01%05%00%03%81%8D%000%81%89%02%81%81%00%C0%FB%16%1F%A6%9A%5E%A0%2A%D2%80%DA%8E%D9f%C1%85r%83t%A6%28P6%CC%20O%60%D9Pi%87%F3%F6%D7%8C%F8F%BFw%3C%08%10%FF%D8%02%3E%1B%03E%0B%24%D5T%3F%21T%FC%8Fl%5C%07%22%60o%AA%AF%8E%1E6%9A%7DvVbs%2C%BCrW-Z%0F%F1%9F%CA%DA%B3%E0%06%E9%81%F7-%01%16%D5%7D%DF%D4%21E%2F%B0%C1%A7%27%AF%C2%0C%B6%C3%EC%1C%BF%5D%82T%A5%DEa%C4%14%401%10%C6%23%02%03%01%00%01%00%00%00%01%9A%06%AD%05%82%04%CA%BEnewface%00%03%E2%02%85%D7%C0.%E6%A2%06%2B%91%AF8hE%F6%C9U%84%F7%7D%A1%B3U%3F%CF%B4%1B%B0%85%A4%24x%11m%00%04%D2%8E0%00%04%DA%9617%00%04%E2%EE192.168.122.2%00%04%EA%A66001%00%03%D2%D62147483647%00%00%00%00/%FA%F1%BA%EA%05%DE%F5%FB%96%D3F%EB%EDe%CE%E1%D6%0C%F6%B4%D5%82%9F%DB%BBX%99%82%DD%FA%246 (1022 bytes)
1400718643.598405 ccnd[645]: debug.3946 stale ccnx:/ccnx/%D7%C0.%E6%A2%06%2B%91%AF8hE%F6%C9U%84%F7%7D%A1%B3U%3F%CF%B4%1B%B0%85%A4%24x%11m/prefixreg/%04%82%02%AA%03%B2%08%85%99M%CC%EDH%DCE%1E%E8DwL%F8%D3%F6%05%B9%17%2B%D5fZ%00%81%7BU%86%FF%3Fq%B0%C6ED%A9%23%C9G%C0%9Fl%BB%12G%0C%CE%E5p%EF%F3F%B3%AC%9D4c%98ln%7BQ%01%BD%02%9F%DC%C4%C6%8E%E7%A3OAs%3F%5C%F6%A5n%D9%D4%99%E6u%E3%FE%C3%DDs%3C%22LZ%98%EF%F2%94%C4%F8%99%FA%9DY%B5%9D%26%87%14%B9%EE%3D%0D%D2%7F%AD%B2%FE%20%0AT%81%D62%8Dw4%BE%F9%00%00%F2%00%01%A2%03%E2%02%85%3F%CEUL%08m2%E5%A6%28%3Ew%CDb%836%8B%D9z%DA%5B%02%D776-%A5s%B2%09%84%40%00%02%BA%B5%057%D4R%99z%00%01%E2%01%DA%0A%950%81%9F0%0D%06%09%2A%86H%86%F7%0D%01%01%01%05%00%03%81%8D%000%81%89%02%81%81%00%C0%FB%16%1F%A6%9A%5E%A0%2A%D2%80%DA%8E%D9f%C1%85r%83t%A6%28P6%CC%20O%60%D9Pi%87%F3%F6%D7%8C%F8F%BFw%3C%08%10%FF%D8%02%3E%1B%03E%0B%24%D5T%3F%21T%FC%8Fl%5C%07%22%60o%AA%AF%8E%1E6%9A%7DvVbs%2C%BCrW-Z%0F%F1%9F%CA%DA%B3%E0%06%E9%81%F7-%01%16%D5%7D%DF%D4%21E%2F%B0%C1%A7%27%AF%C2%0C%B6%C3%EC%1C%BF%5D%82T%A5%DEa%C4%14%401%10%C6%23%02%03%01%00%01%00%00%00%01%9A%04%D5%05%8A%04%CA%CEprefixreg%00%F2%00%03%E2%02%85%D7%C0.%E6%A2%06%2B%91%AF8hE%F6%C9U%84%F7%7D%A1%B3U%3F%CF%B4%1B%B0%85%A4%24x%11m%00%04%D2%8E7%00%03%D2%D62147483647%00%00%00%00/%0F%C4s%F3%A8Z%DD%EFT%ED%A7p%1E%90%DE%10%F9%D5%015%8C%C0%60%1Ds%C24%D6%CA%1C%7CO (977 bytes)
1400718644.958983 ccnd[645]: debug.3946 stale ccnx:/%C1.M.S.neighborhood/%C1.M.SRV/ccnd/KEY/%C1.M.K%00%D7%C0.%E6%A2%06%2B%91%AF8hE%F6%C9U%84%F7%7D%A1%B3U%3F%CF%B4%1B%B0%85%A4%24x%11m/%FD%057%D4P%28w/%00/%20%B8%A4%C2g%07%82%9B%07%C7%849l%23h%11%2A%EF%7B%16%1D%A7%071%20%99W%04l%EBg%E7 (617 bytes)
