Linux 2.6.32-5-xen-amd64 (testbed-ssd) 	09/08/2013 	_x86_64_	(2 CPU)

Device:         rrqm/s   wrqm/s     r/s     w/s   rsec/s   wsec/s avgrq-sz avgqu-sz   await  svctm  %util
sda               0.00     0.53    0.01    0.08     0.80     4.90    62.62     0.00   27.31   0.40   0.00

Device:         rrqm/s   wrqm/s     r/s     w/s   rsec/s   wsec/s avgrq-sz avgqu-sz   await  svctm  %util
sda               0.00     0.00    0.00    0.00     0.00     0.00     0.00     0.00    0.00   0.00   0.00

Device:         rrqm/s   wrqm/s     r/s     w/s   rsec/s   wsec/s avgrq-sz avgqu-sz   await  svctm  %util
sda               0.00    35.20    0.00    6.80     0.00   336.00    49.41     0.00    0.71   0.24   0.16

Device:         rrqm/s   wrqm/s     r/s     w/s   rsec/s   wsec/s avgrq-sz avgqu-sz   await  svctm  %util
sda               0.00    47.60    0.00   11.60     0.00   473.60    40.83     0.07    5.93   0.21   0.24

Device:         rrqm/s   wrqm/s     r/s     w/s   rsec/s   wsec/s avgrq-sz avgqu-sz   await  svctm  %util
sda               0.00    24.60    0.00   10.60     0.00   281.60    26.57     0.04    3.85   0.15   0.16

Device:         rrqm/s   wrqm/s     r/s     w/s   rsec/s   wsec/s avgrq-sz avgqu-sz   await  svctm  %util
sda               0.00     3.00    0.00   11.00     0.00   112.00    10.18     0.00    0.00   0.00   0.00

Device:         rrqm/s   wrqm/s     r/s     w/s   rsec/s   wsec/s avgrq-sz avgqu-sz   await  svctm  %util
sda               0.00     0.60    0.00    1.80     0.00    19.20    10.67     0.00    0.00   0.00   0.00

Device:         rrqm/s   wrqm/s     r/s     w/s   rsec/s   wsec/s avgrq-sz avgqu-sz   await  svctm  %util
sda               0.00    19.80    0.00   11.00     0.00   246.40    22.40     0.03    2.40   0.15   0.16

Device:         rrqm/s   wrqm/s     r/s     w/s   rsec/s   wsec/s avgrq-sz avgqu-sz   await  svctm  %util
sda               0.00     0.60    0.00    1.60     0.00    17.60    11.00     0.00    0.00   0.00   0.00

Device:         rrqm/s   wrqm/s     r/s     w/s   rsec/s   wsec/s avgrq-sz avgqu-sz   await  svctm  %util
sda               0.00     8.20    0.00   14.60     0.00   182.40    12.49     0.05    3.62   0.11   0.16

Device:         rrqm/s   wrqm/s     r/s     w/s   rsec/s   wsec/s avgrq-sz avgqu-sz   await  svctm  %util
sda               0.00    27.20    0.00   15.60     0.00   342.40    21.95     0.10    6.26   0.15   0.24

Device:         rrqm/s   wrqm/s     r/s     w/s   rsec/s   wsec/s avgrq-sz avgqu-sz   await  svctm  %util
sda               0.00     1.80    0.00    1.80     0.00    28.80    16.00     0.00    0.44   0.44   0.08

Device:         rrqm/s   wrqm/s     r/s     w/s   rsec/s   wsec/s avgrq-sz avgqu-sz   await  svctm  %util
sda               0.00     0.00    0.00    3.80     0.00    30.40     8.00     0.00    0.00   0.00   0.00

Device:         rrqm/s   wrqm/s     r/s     w/s   rsec/s   wsec/s avgrq-sz avgqu-sz   await  svctm  %util
sda               0.00    21.20    0.00    8.20     0.00   235.20    28.68     0.02    1.95   0.20   0.16

Device:         rrqm/s   wrqm/s     r/s     w/s   rsec/s   wsec/s avgrq-sz avgqu-sz   await  svctm  %util
sda               0.00     6.00    0.00    5.40     0.00    91.20    16.89     0.01    2.67   0.15   0.08

Device:         rrqm/s   wrqm/s     r/s     w/s   rsec/s   wsec/s avgrq-sz avgqu-sz   await  svctm  %util
sda               0.00    50.20    0.00   20.40     0.00   566.40    27.76     0.10    4.67   0.16   0.32

Device:         rrqm/s   wrqm/s     r/s     w/s   rsec/s   wsec/s avgrq-sz avgqu-sz   await  svctm  %util
sda               0.00     0.00    0.00    1.20     0.00     9.60     8.00     0.00    0.67   0.67   0.08

Device:         rrqm/s   wrqm/s     r/s     w/s   rsec/s   wsec/s avgrq-sz avgqu-sz   await  svctm  %util
sda               0.00     1.00    0.00    1.80     0.00    22.40    12.44     0.00    0.00   0.00   0.00

Device:         rrqm/s   wrqm/s     r/s     w/s   rsec/s   wsec/s avgrq-sz avgqu-sz   await  svctm  %util
sda               0.00     2.80    0.00    3.60     0.00    51.20    14.22     0.00    0.00   0.00   0.00

Device:         rrqm/s   wrqm/s     r/s     w/s   rsec/s   wsec/s avgrq-sz avgqu-sz   await  svctm  %util
sda               0.00     0.40    0.00    5.00     0.00    43.20     8.64     0.00    0.00   0.00   0.00

Device:         rrqm/s   wrqm/s     r/s     w/s   rsec/s   wsec/s avgrq-sz avgqu-sz   await  svctm  %util
sda               0.00     0.00    0.00    2.20     0.00    17.60     8.00     0.00    0.00   0.00   0.00

Device:         rrqm/s   wrqm/s     r/s     w/s   rsec/s   wsec/s avgrq-sz avgqu-sz   await  svctm  %util
sda               0.00     4.80    0.00   16.60     0.00   171.20    10.31     0.03    1.73   0.05   0.08

Device:         rrqm/s   wrqm/s     r/s     w/s   rsec/s   wsec/s avgrq-sz avgqu-sz   await  svctm  %util
sda               0.00     0.60    0.00    5.20     0.00    46.40     8.92     0.00    0.00   0.00   0.00

Device:         rrqm/s   wrqm/s     r/s     w/s   rsec/s   wsec/s avgrq-sz avgqu-sz   await  svctm  %util
sda               0.00     0.00    0.00    1.20     0.00     9.60     8.00     0.00    0.00   0.00   0.00

Device:         rrqm/s   wrqm/s     r/s     w/s   rsec/s   wsec/s avgrq-sz avgqu-sz   await  svctm  %util
sda               0.00     0.00    0.00    1.20     0.00     9.60     8.00     0.00    0.00   0.00   0.00

Device:         rrqm/s   wrqm/s     r/s     w/s   rsec/s   wsec/s avgrq-sz avgqu-sz   await  svctm  %util
sda               0.00     0.00    0.00    1.20     0.00     9.60     8.00     0.00    0.00   0.00   0.00

Device:         rrqm/s   wrqm/s     r/s     w/s   rsec/s   wsec/s avgrq-sz avgqu-sz   await  svctm  %util
sda               0.00     0.20    0.00    2.80     0.00    24.00     8.57     0.00    0.00   0.00   0.00

Device:         rrqm/s   wrqm/s     r/s     w/s   rsec/s   wsec/s avgrq-sz avgqu-sz   await  svctm  %util
sda               0.00     0.00    0.00    1.60     0.00    12.80     8.00     0.00    0.00   0.00   0.00

Device:         rrqm/s   wrqm/s     r/s     w/s   rsec/s   wsec/s avgrq-sz avgqu-sz   await  svctm  %util
sda               0.00     0.00    0.00    1.40     0.00    11.20     8.00     0.00    1.14   0.57   0.08

Device:         rrqm/s   wrqm/s     r/s     w/s   rsec/s   wsec/s avgrq-sz avgqu-sz   await  svctm  %util
sda               0.00     1.00    0.00    1.60     0.00    20.80    13.00     0.00    0.00   0.00   0.00

Device:         rrqm/s   wrqm/s     r/s     w/s   rsec/s   wsec/s avgrq-sz avgqu-sz   await  svctm  %util
sda               0.00    19.20    0.00    6.20     0.00   203.20    32.77     0.01    1.03   0.13   0.08

Device:         rrqm/s   wrqm/s     r/s     w/s   rsec/s   wsec/s avgrq-sz avgqu-sz   await  svctm  %util
sda               0.00     0.00    0.00    1.20     0.00     9.60     8.00     0.00    0.00   0.00   0.00

Device:         rrqm/s   wrqm/s     r/s     w/s   rsec/s   wsec/s avgrq-sz avgqu-sz   await  svctm  %util
sda               0.00     0.00    0.00    1.20     0.00     9.60     8.00     0.00    0.00   0.00   0.00

Device:         rrqm/s   wrqm/s     r/s     w/s   rsec/s   wsec/s avgrq-sz avgqu-sz   await  svctm  %util
sda               0.00     0.00    0.00    1.20     0.00     9.60     8.00     0.00    0.00   0.00   0.00

Device:         rrqm/s   wrqm/s     r/s     w/s   rsec/s   wsec/s avgrq-sz avgqu-sz   await  svctm  %util
sda               0.00     0.60    0.00    2.80     0.00    27.20     9.71     0.00    0.00   0.00   0.00

Device:         rrqm/s   wrqm/s     r/s     w/s   rsec/s   wsec/s avgrq-sz avgqu-sz   await  svctm  %util
sda               0.00     1.00    0.00    1.60     0.00    20.80    13.00     0.00    0.00   0.00   0.00

Device:         rrqm/s   wrqm/s     r/s     w/s   rsec/s   wsec/s avgrq-sz avgqu-sz   await  svctm  %util
sda               0.00    23.80    0.00   17.00     0.00   326.40    19.20     0.00    0.24   0.09   0.16

Device:         rrqm/s   wrqm/s     r/s     w/s   rsec/s   wsec/s avgrq-sz avgqu-sz   await  svctm  %util
sda               0.00    90.40    0.00   16.60     0.00   859.20    51.76     0.09    5.64   0.24   0.40

Device:         rrqm/s   wrqm/s     r/s     w/s   rsec/s   wsec/s avgrq-sz avgqu-sz   await  svctm  %util
sda               0.00    76.00    0.00   19.20     0.00   763.20    39.75     0.06    2.96   0.17   0.32

Device:         rrqm/s   wrqm/s     r/s     w/s   rsec/s   wsec/s avgrq-sz avgqu-sz   await  svctm  %util
sda               0.00    83.20    0.00   18.00     0.00   809.60    44.98     0.07    3.64   0.22   0.40

Device:         rrqm/s   wrqm/s     r/s     w/s   rsec/s   wsec/s avgrq-sz avgqu-sz   await  svctm  %util
sda               0.00    81.40    0.00   14.60     0.00   768.00    52.60     0.04    2.52   0.22   0.32

Device:         rrqm/s   wrqm/s     r/s     w/s   rsec/s   wsec/s avgrq-sz avgqu-sz   await  svctm  %util
sda               0.00    90.20    0.00    9.60     0.00   798.40    83.17     0.05    5.67   0.42   0.40

Device:         rrqm/s   wrqm/s     r/s     w/s   rsec/s   wsec/s avgrq-sz avgqu-sz   await  svctm  %util
sda               0.00    82.00    0.00   21.00     0.00   824.00    39.24     0.03    1.52   0.19   0.40

Device:         rrqm/s   wrqm/s     r/s     w/s   rsec/s   wsec/s avgrq-sz avgqu-sz   await  svctm  %util
sda               0.00    44.20    0.00   25.00     0.00   553.60    22.14     0.03    1.18   0.10   0.24

Device:         rrqm/s   wrqm/s     r/s     w/s   rsec/s   wsec/s avgrq-sz avgqu-sz   await  svctm  %util
sda               0.00    85.00    0.00   18.00     0.00   824.00    45.78     0.07    3.69   0.22   0.40

Device:         rrqm/s   wrqm/s     r/s     w/s   rsec/s   wsec/s avgrq-sz avgqu-sz   await  svctm  %util
sda               0.00    70.40    0.00   18.00     0.00   707.20    39.29     0.05    3.02   0.18   0.32

Device:         rrqm/s   wrqm/s     r/s     w/s   rsec/s   wsec/s avgrq-sz avgqu-sz   await  svctm  %util
sda               0.00    14.60    0.00    9.80     0.00   195.20    19.92     0.00    0.41   0.08   0.08

Device:         rrqm/s   wrqm/s     r/s     w/s   rsec/s   wsec/s avgrq-sz avgqu-sz   await  svctm  %util
sda               0.00     2.80    0.00    8.80     0.00    92.80    10.55     0.00    0.00   0.00   0.00

Device:         rrqm/s   wrqm/s     r/s     w/s   rsec/s   wsec/s avgrq-sz avgqu-sz   await  svctm  %util
sda               0.00   408.60    0.00   26.00     0.00  3476.80   133.72     0.21    7.91   0.65   1.68

