1400719328.000000 ccnd[662]: 6001 ____________________ Thu May 22 00:42:08 2014
1400719328.685780 ccnd[662]: CCND_DEBUG=-1 CCND_CAP=50000
1400719328.685961 ccnd[662]: listening on /tmp/.ccnd.sock.6001
1400719328.686031 ccnd[662]: accepting ipv4 datagrams on fd 4 rcvbuf 124928
1400719328.686052 ccnd[662]: accepting ipv4 connections on fd 5
1400719328.686099 ccnd[662]: accepting ipv6 datagrams on fd 6 rcvbuf 124928
1400719328.686120 ccnd[662]: accepting ipv6 connections on fd 7
1400719328.688397 ccnd[662]: debug.2428 prefix,ff=3 0 ccnx:/ccnx/ping (16 bytes)
1400719328.688501 ccnd[662]: debug.2428 prefix,ff=3 0 ccnx:/%C1.M.S.localhost/%C1.M.SRV/ccnd (37 bytes)
1400719328.688519 ccnd[662]: debug.2428 prefix,ff=3 0 ccnx:/%C1.M.S.neighborhood (24 bytes)
1400719328.688546 ccnd[662]: debug.2428 prefix,ff=0x17 0 ccnx:/ccnx/%D7%C0.%E6%A2%06%2B%91%AF8hE%F6%C9U%84%F7%7D%A1%B3U%3F%CF%B4%1B%B0%85%A4%24x%11m (45 bytes)
1400719328.688559 ccnd[662]: debug.2428 prefix,ff=0x23 0 ccnx:/%C1.M.S.localhost (20 bytes)
1400719328.735497 ccnd[662]: accepted client fd=8 id=6
1400719328.735717 ccnd[662]: shutdown client fd=8 id=6
1400719328.735736 ccnd[662]: recycling face id 6 (slot 6)
1400719328.741578 ccnd[662]: accepted client fd=8 id=6
1400719328.741663 ccnd[662]: shutdown client fd=8 id=6
1400719328.741677 ccnd[662]: recycling face id 6 (slot 6)
1400719364.000000 ccnd[662]: 6001 ____________________ Thu May 22 00:42:44 2014
1400719364.811582 ccnd[662]: accepted client fd=8 id=6
1400719364.865151 ccnd[662]: debug.3807 interest_from 6 ccnx:/%C1.M.S.localhost/%C1.M.SRV/ccnd/KEY (51 bytes,scope=1)
1400719364.865172 ccnd[662]: version: 20090701, prefix_comps: 4, min_suffix_comps: 0, max_suffix_comps: 32767, orderpref: 0, answerfrom: 3, scope: 1, lifetime: 4.0000, excl: 0 bytes, etc: 0 bytes
1400719364.865194 ccnd[662]: fwd.3059 adding 0
1400719364.865202 ccnd[662]: fwd.3059 adding 0
1400719364.865209 ccnd[662]: outbound.3131 adding 0
1400719364.865230 ccnd[662]: debug.3523 0xfbad20.0of1,usec=177+3999823 6 ccnx:/%C1.M.S.localhost/%C1.M.SRV/ccnd/KEY (67 bytes,scope=1) D7C02E-0296-0006-04CF-497AB1
1400719364.866329 ccnd[662]: debug.3210 interest_to 0 ccnx:/%C1.M.S.localhost/%C1.M.SRV/ccnd/KEY (67 bytes,scope=1) D7C02E-0296-0006-04CF-497AB1
1400719364.866356 ccnd[662]: debug.158 ccnd_answer_req ccnx:/%C1.M.S.localhost/%C1.M.SRV/ccnd/KEY (67 bytes,scope=1) D7C02E-0296-0006-04CF-497AB1
1400719364.867453 ccnd[662]: debug.4109 content_from 0 ccnx:/%C1.M.S.localhost/%C1.M.SRV/ccnd/KEY/%C1.M.K%00%D7%C0.%E6%A2%06%2B%91%AF8hE%F6%C9U%84%F7%7D%A1%B3U%3F%CF%B4%1B%B0%85%A4%24x%11m/%FD%057%D4~%0A%F9/%00/%04%BF%F6w%DC%18F%16%B6%9B%3E%3Aq%1AfMO%CD%AD%2B%3C%88%3F%9E%07%97bSR%B5%C9%9C (611 bytes)
1400719364.867472 ccnd[662]: fwd.3059 adding 0
1400719364.867479 ccnd[662]: fwd.3059 adding 0
1400719364.867491 ccnd[662]: face 6 q 0 delay 3 usec
1400719364.867508 ccnd[662]: debug.1526 consume 6 ccnx:/%C1.M.S.localhost/%C1.M.SRV/ccnd/KEY (67 bytes,scope=1) D7C02E-0296-0006-04CF-497AB1
1400719364.867515 ccnd[662]: sl.1598 0 ci=4 osrc=4294967295 src=0 usec=9873
1400719364.867522 ccnd[662]: sl.1598 0 ci=3 osrc=4294967295 src=0 usec=9873
1400719364.867529 ccnd[662]: fwd.3059 adding 0
1400719364.867536 ccnd[662]: fwd.3059 adding 0
1400719364.867562 ccnd[662]: debug.1268 content_to 6 ccnx:/%C1.M.S.localhost/%C1.M.SRV/ccnd/KEY/%C1.M.K%00%D7%C0.%E6%A2%06%2B%91%AF8hE%F6%C9U%84%F7%7D%A1%B3U%3F%CF%B4%1B%B0%85%A4%24x%11m/%FD%057%D4~%0A%F9/%00/%04%BF%F6w%DC%18F%16%B6%9B%3E%3Aq%1AfMO%CD%AD%2B%3C%88%3F%9E%07%97bSR%B5%C9%9C (611 bytes)
1400719364.881859 ccnd[662]: debug.3807 interest_from 6 ccnx:/%C1.M.S.localhost/%C1.M.SRV/ccnd/KEY/%C1.M.K%00%D7%C0.%E6%A2%06%2B%91%AF8hE%F6%C9U%84%F7%7D%A1%B3U%3F%CF%B4%1B%B0%85%A4%24x%11m/%FD%057%D4~%0A%F9 (108 bytes)
1400719364.881886 ccnd[662]: version: 20090701, prefix_comps: 6, min_suffix_comps: 1, max_suffix_comps: 3, orderpref: 0, answerfrom: 3, scope: -1, lifetime: 4.0000, excl: 0 bytes, etc: 0 bytes
1400719364.881920 ccnd[662]: debug.3856 first_candidate ccnx:/%C1.M.S.localhost/%C1.M.SRV/ccnd/KEY/%C1.M.K%00%D7%C0.%E6%A2%06%2B%91%AF8hE%F6%C9U%84%F7%7D%A1%B3U%3F%CF%B4%1B%B0%85%A4%24x%11m/%FD%057%D4~%0A%F9/%00/%04%BF%F6w%DC%18F%16%B6%9B%3E%3Aq%1AfMO%CD%AD%2B%3C%88%3F%9E%07%97bSR%B5%C9%9C (611 bytes)
1400719364.881970 ccnd[662]: debug.3884 matches ccnx:/%C1.M.S.localhost/%C1.M.SRV/ccnd/KEY/%C1.M.K%00%D7%C0.%E6%A2%06%2B%91%AF8hE%F6%C9U%84%F7%7D%A1%B3U%3F%CF%B4%1B%B0%85%A4%24x%11m/%FD%057%D4~%0A%F9/%00/%04%BF%F6w%DC%18F%16%B6%9B%3E%3Aq%1AfMO%CD%AD%2B%3C%88%3F%9E%07%97bSR%B5%C9%9C (611 bytes)
1400719364.881981 ccnd[662]: face 6 q 0 delay 3 usec
1400719364.882000 ccnd[662]: debug.3918 consume 6 ccnx:/%C1.M.S.localhost/%C1.M.SRV/ccnd/KEY/%C1.M.K%00%D7%C0.%E6%A2%06%2B%91%AF8hE%F6%C9U%84%F7%7D%A1%B3U%3F%CF%B4%1B%B0%85%A4%24x%11m/%FD%057%D4~%0A%F9 (108 bytes)
1400719364.882009 ccnd[662]: fwd.3059 adding 0
1400719364.882016 ccnd[662]: fwd.3059 adding 0
1400719364.882023 ccnd[662]: fwd.3059 adding 0
1400719364.882030 ccnd[662]: fwd.3059 adding 0
1400719364.882055 ccnd[662]: debug.1268 content_to 6 ccnx:/%C1.M.S.localhost/%C1.M.SRV/ccnd/KEY/%C1.M.K%00%D7%C0.%E6%A2%06%2B%91%AF8hE%F6%C9U%84%F7%7D%A1%B3U%3F%CF%B4%1B%B0%85%A4%24x%11m/%FD%057%D4~%0A%F9/%00/%04%BF%F6w%DC%18F%16%B6%9B%3E%3Aq%1AfMO%CD%AD%2B%3C%88%3F%9E%07%97bSR%B5%C9%9C (611 bytes)
1400719365.044040 ccnd[662]: debug.3807 interest_from 6 ccnx:/ccnx/%D7%C0.%E6%A2%06%2B%91%AF8hE%F6%C9U%84%F7%7D%A1%B3U%3F%CF%B4%1B%B0%85%A4%24x%11m/selfreg/%04%82%02%AA%03%B2%08%85%0C%12%18%DC%88%27c%02%9F%B3L%8D%2A%D6%04%9BE%EA%E1%C0%5D%80%F4C%A6%CB%25%2A%3D%91%16%1Cwc%DF%C2%F1%D2K%F6V%DE%1F%D6%FD%07%BE%99%11%F9%95%14%AFB%1E%AB%CF%C5%D5%DE%FE%B1%88N%CA%C5%7D%B7%E8%89%9D%7C%DA%17Q%88p%E6%86%9B%C5%8E%E1%5E%60%E9%87%EB%F51%A8%EE%B1%13%13%85%16%CE%7F%D3%90%86%E9%80%99%9A%28K%3BB%C2%8E%9EY%11%3B%CB%9C%91%97%E6%06_%85%88%D0%3Ch%00%00%F2%00%01%A2%03%E2%02%85%3F%CEUL%08m2%E5%A6%28%3Ew%CDb%836%8B%D9z%DA%5B%02%D776-%A5s%B2%09%84%40%00%02%BA%B5%057%D4%80P9%00%01%E2%01%DA%0A%950%81%9F0%0D%06%09%2A%86H%86%F7%0D%01%01%01%05%00%03%81%8D%000%81%89%02%81%81%00%C0%FB%16%1F%A6%9A%5E%A0%2A%D2%80%DA%8E%D9f%C1%85r%83t%A6%28P6%CC%20O%60%D9Pi%87%F3%F6%D7%8C%F8F%BFw%3C%08%10%FF%D8%02%3E%1B%03E%0B%24%D5T%3F%21T%FC%8Fl%5C%07%22%60o%AA%AF%8E%1E6%9A%7DvVbs%2C%BCrW-Z%0F%F1%9F%CA%DA%B3%E0%06%E9%81%F7-%01%16%D5%7D%DF%D4%21E%2F%B0%C1%A7%27%AF%C2%0C%B6%C3%EC%1C%BF%5D%82T%A5%DEa%C4%14%401%10%C6%23%02%03%01%00%01%00%00%00%01%9A%09%ED%05%8A%04%CA%BEselfreg%00%F2%FA%C5ccnx.org%00%FA%ADUsers%00%FA%A5user%00%FA%A5Keys%00%FA%02%B5%C1.M.K%00%3F%CEUL%08m2%E5%A6%28%3Ew%CDb%836%8B%D9z%DA%5B%02%D776-%A5s%B2%09%84%40%00%FA%BD%FD%04%FB%C93%60%00%00%00%03%E2%02%85%D7%C0.%E6%A2%06%2B%91%AF8hE%F6%C9U%84%F7%7D%A1%B3U%3F%CF%B4%1B%B0%85%A4%24x%11m%00%04%FA%8E3%00%03%D2%D62147483647%00%00%00%00 (590 bytes,scope=1)
1400719365.044071 ccnd[662]: version: 20090701, prefix_comps: 4, min_suffix_comps: 0, max_suffix_comps: 32767, orderpref: 0, answerfrom: 3, scope: 1, lifetime: 4.0000, excl: 0 bytes, etc: 0 bytes
1400719365.000000 ccnd[662]: 6001 ____________________ Thu May 22 00:42:45 2014
1400719365.044104 ccnd[662]: debug.3856 first_candidate ccnx:/%C1.M.S.localhost/%C1.M.SRV/ccnd/KEY/%C1.M.K%00%D7%C0.%E6%A2%06%2B%91%AF8hE%F6%C9U%84%F7%7D%A1%B3U%3F%CF%B4%1B%B0%85%A4%24x%11m/%FD%057%D4~%0A%F9/%00/%04%BF%F6w%DC%18F%16%B6%9B%3E%3Aq%1AfMO%CD%AD%2B%3C%88%3F%9E%07%97bSR%B5%C9%9C (611 bytes)
1400719365.044226 ccnd[662]: debug.3863 prefix_mismatch ccnx:/ccnx/%D7%C0.%E6%A2%06%2B%91%AF8hE%F6%C9U%84%F7%7D%A1%B3U%3F%CF%B4%1B%B0%85%A4%24x%11m/selfreg/%04%82%02%AA%03%B2%08%85%0C%12%18%DC%88%27c%02%9F%B3L%8D%2A%D6%04%9BE%EA%E1%C0%5D%80%F4C%A6%CB%25%2A%3D%91%16%1Cwc%DF%C2%F1%D2K%F6V%DE%1F%D6%FD%07%BE%99%11%F9%95%14%AFB%1E%AB%CF%C5%D5%DE%FE%B1%88N%CA%C5%7D%B7%E8%89%9D%7C%DA%17Q%88p%E6%86%9B%C5%8E%E1%5E%60%E9%87%EB%F51%A8%EE%B1%13%13%85%16%CE%7F%D3%90%86%E9%80%99%9A%28K%3BB%C2%8E%9EY%11%3B%CB%9C%91%97%E6%06_%85%88%D0%3Ch%00%00%F2%00%01%A2%03%E2%02%85%3F%CEUL%08m2%E5%A6%28%3Ew%CDb%836%8B%D9z%DA%5B%02%D776-%A5s%B2%09%84%40%00%02%BA%B5%057%D4%80P9%00%01%E2%01%DA%0A%950%81%9F0%0D%06%09%2A%86H%86%F7%0D%01%01%01%05%00%03%81%8D%000%81%89%02%81%81%00%C0%FB%16%1F%A6%9A%5E%A0%2A%D2%80%DA%8E%D9f%C1%85r%83t%A6%28P6%CC%20O%60%D9Pi%87%F3%F6%D7%8C%F8F%BFw%3C%08%10%FF%D8%02%3E%1B%03E%0B%24%D5T%3F%21T%FC%8Fl%5C%07%22%60o%AA%AF%8E%1E6%9A%7DvVbs%2C%BCrW-Z%0F%F1%9F%CA%DA%B3%E0%06%E9%81%F7-%01%16%D5%7D%DF%D4%21E%2F%B0%C1%A7%27%AF%C2%0C%B6%C3%EC%1C%BF%5D%82T%A5%DEa%C4%14%401%10%C6%23%02%03%01%00%01%00%00%00%01%9A%09%ED%05%8A%04%CA%BEselfreg%00%F2%FA%C5ccnx.org%00%FA%ADUsers%00%FA%A5user%00%FA%A5Keys%00%FA%02%B5%C1.M.K%00%3F%CEUL%08m2%E5%A6%28%3Ew%CDb%836%8B%D9z%DA%5B%02%D776-%A5s%B2%09%84%40%00%FA%BD%FD%04%FB%C93%60%00%00%00%03%E2%02%85%D7%C0.%E6%A2%06%2B%91%AF8hE%F6%C9U%84%F7%7D%A1%B3U%3F%CF%B4%1B%B0%85%A4%24x%11m%00%04%FA%8E3%00%03%D2%D62147483647%00%00%00%00 (590 bytes,scope=1)
1400719365.044250 ccnd[662]: fwd.3059 adding 0
1400719365.044259 ccnd[662]: outbound.3131 adding 0
1400719365.044349 ccnd[662]: debug.3523 0xfbadb0.0of1,usec=451+3999549 6 ccnx:/ccnx/%D7%C0.%E6%A2%06%2B%91%AF8hE%F6%C9U%84%F7%7D%A1%B3U%3F%CF%B4%1B%B0%85%A4%24x%11m/selfreg/%04%82%02%AA%03%B2%08%85%0C%12%18%DC%88%27c%02%9F%B3L%8D%2A%D6%04%9BE%EA%E1%C0%5D%80%F4C%A6%CB%25%2A%3D%91%16%1Cwc%DF%C2%F1%D2K%F6V%DE%1F%D6%FD%07%BE%99%11%F9%95%14%AFB%1E%AB%CF%C5%D5%DE%FE%B1%88N%CA%C5%7D%B7%E8%89%9D%7C%DA%17Q%88p%E6%86%9B%C5%8E%E1%5E%60%E9%87%EB%F51%A8%EE%B1%13%13%85%16%CE%7F%D3%90%86%E9%80%99%9A%28K%3BB%C2%8E%9EY%11%3B%CB%9C%91%97%E6%06_%85%88%D0%3Ch%00%00%F2%00%01%A2%03%E2%02%85%3F%CEUL%08m2%E5%A6%28%3Ew%CDb%836%8B%D9z%DA%5B%02%D776-%A5s%B2%09%84%40%00%02%BA%B5%057%D4%80P9%00%01%E2%01%DA%0A%950%81%9F0%0D%06%09%2A%86H%86%F7%0D%01%01%01%05%00%03%81%8D%000%81%89%02%81%81%00%C0%FB%16%1F%A6%9A%5E%A0%2A%D2%80%DA%8E%D9f%C1%85r%83t%A6%28P6%CC%20O%60%D9Pi%87%F3%F6%D7%8C%F8F%BFw%3C%08%10%FF%D8%02%3E%1B%03E%0B%24%D5T%3F%21T%FC%8Fl%5C%07%22%60o%AA%AF%8E%1E6%9A%7DvVbs%2C%BCrW-Z%0F%F1%9F%CA%DA%B3%E0%06%E9%81%F7-%01%16%D5%7D%DF%D4%21E%2F%B0%C1%A7%27%AF%C2%0C%B6%C3%EC%1C%BF%5D%82T%A5%DEa%C4%14%401%10%C6%23%02%03%01%00%01%00%00%00%01%9A%09%ED%05%8A%04%CA%BEselfreg%00%F2%FA%C5ccnx.org%00%FA%ADUsers%00%FA%A5user%00%FA%A5Keys%00%FA%02%B5%C1.M.K%00%3F%CEUL%08m2%E5%A6%28%3Ew%CDb%836%8B%D9z%DA%5B%02%D776-%A5s%B2%09%84%40%00%FA%BD%FD%04%FB%C93%60%00%00%00%03%E2%02%85%D7%C0.%E6%A2%06%2B%91%AF8hE%F6%C9U%84%F7%7D%A1%B3U%3F%CF%B4%1B%B0%85%A4%24x%11m%00%04%FA%8E3%00%03%D2%D62147483647%00%00%00%00 (606 bytes,scope=1) D7C02E-0296-0006-04E1-5447D6
1400719365.045516 ccnd[662]: debug.3210 interest_to 0 ccnx:/ccnx/%D7%C0.%E6%A2%06%2B%91%AF8hE%F6%C9U%84%F7%7D%A1%B3U%3F%CF%B4%1B%B0%85%A4%24x%11m/selfreg/%04%82%02%AA%03%B2%08%85%0C%12%18%DC%88%27c%02%9F%B3L%8D%2A%D6%04%9BE%EA%E1%C0%5D%80%F4C%A6%CB%25%2A%3D%91%16%1Cwc%DF%C2%F1%D2K%F6V%DE%1F%D6%FD%07%BE%99%11%F9%95%14%AFB%1E%AB%CF%C5%D5%DE%FE%B1%88N%CA%C5%7D%B7%E8%89%9D%7C%DA%17Q%88p%E6%86%9B%C5%8E%E1%5E%60%E9%87%EB%F51%A8%EE%B1%13%13%85%16%CE%7F%D3%90%86%E9%80%99%9A%28K%3BB%C2%8E%9EY%11%3B%CB%9C%91%97%E6%06_%85%88%D0%3Ch%00%00%F2%00%01%A2%03%E2%02%85%3F%CEUL%08m2%E5%A6%28%3Ew%CDb%836%8B%D9z%DA%5B%02%D776-%A5s%B2%09%84%40%00%02%BA%B5%057%D4%80P9%00%01%E2%01%DA%0A%950%81%9F0%0D%06%09%2A%86H%86%F7%0D%01%01%01%05%00%03%81%8D%000%81%89%02%81%81%00%C0%FB%16%1F%A6%9A%5E%A0%2A%D2%80%DA%8E%D9f%C1%85r%83t%A6%28P6%CC%20O%60%D9Pi%87%F3%F6%D7%8C%F8F%BFw%3C%08%10%FF%D8%02%3E%1B%03E%0B%24%D5T%3F%21T%FC%8Fl%5C%07%22%60o%AA%AF%8E%1E6%9A%7DvVbs%2C%BCrW-Z%0F%F1%9F%CA%DA%B3%E0%06%E9%81%F7-%01%16%D5%7D%DF%D4%21E%2F%B0%C1%A7%27%AF%C2%0C%B6%C3%EC%1C%BF%5D%82T%A5%DEa%C4%14%401%10%C6%23%02%03%01%00%01%00%00%00%01%9A%09%ED%05%8A%04%CA%BEselfreg%00%F2%FA%C5ccnx.org%00%FA%ADUsers%00%FA%A5user%00%FA%A5Keys%00%FA%02%B5%C1.M.K%00%3F%CEUL%08m2%E5%A6%28%3Ew%CDb%836%8B%D9z%DA%5B%02%D776-%A5s%B2%09%84%40%00%FA%BD%FD%04%FB%C93%60%00%00%00%03%E2%02%85%D7%C0.%E6%A2%06%2B%91%AF8hE%F6%C9U%84%F7%7D%A1%B3U%3F%CF%B4%1B%B0%85%A4%24x%11m%00%04%FA%8E3%00%03%D2%D62147483647%00%00%00%00 (606 bytes,scope=1) D7C02E-0296-0006-04E1-5447D6
1400719365.045621 ccnd[662]: debug.158 ccnd_answer_req ccnx:/ccnx/%D7%C0.%E6%A2%06%2B%91%AF8hE%F6%C9U%84%F7%7D%A1%B3U%3F%CF%B4%1B%B0%85%A4%24x%11m/selfreg/%04%82%02%AA%03%B2%08%85%0C%12%18%DC%88%27c%02%9F%B3L%8D%2A%D6%04%9BE%EA%E1%C0%5D%80%F4C%A6%CB%25%2A%3D%91%16%1Cwc%DF%C2%F1%D2K%F6V%DE%1F%D6%FD%07%BE%99%11%F9%95%14%AFB%1E%AB%CF%C5%D5%DE%FE%B1%88N%CA%C5%7D%B7%E8%89%9D%7C%DA%17Q%88p%E6%86%9B%C5%8E%E1%5E%60%E9%87%EB%F51%A8%EE%B1%13%13%85%16%CE%7F%D3%90%86%E9%80%99%9A%28K%3BB%C2%8E%9EY%11%3B%CB%9C%91%97%E6%06_%85%88%D0%3Ch%00%00%F2%00%01%A2%03%E2%02%85%3F%CEUL%08m2%E5%A6%28%3Ew%CDb%836%8B%D9z%DA%5B%02%D776-%A5s%B2%09%84%40%00%02%BA%B5%057%D4%80P9%00%01%E2%01%DA%0A%950%81%9F0%0D%06%09%2A%86H%86%F7%0D%01%01%01%05%00%03%81%8D%000%81%89%02%81%81%00%C0%FB%16%1F%A6%9A%5E%A0%2A%D2%80%DA%8E%D9f%C1%85r%83t%A6%28P6%CC%20O%60%D9Pi%87%F3%F6%D7%8C%F8F%BFw%3C%08%10%FF%D8%02%3E%1B%03E%0B%24%D5T%3F%21T%FC%8Fl%5C%07%22%60o%AA%AF%8E%1E6%9A%7DvVbs%2C%BCrW-Z%0F%F1%9F%CA%DA%B3%E0%06%E9%81%F7-%01%16%D5%7D%DF%D4%21E%2F%B0%C1%A7%27%AF%C2%0C%B6%C3%EC%1C%BF%5D%82T%A5%DEa%C4%14%401%10%C6%23%02%03%01%00%01%00%00%00%01%9A%09%ED%05%8A%04%CA%BEselfreg%00%F2%FA%C5ccnx.org%00%FA%ADUsers%00%FA%A5user%00%FA%A5Keys%00%FA%02%B5%C1.M.K%00%3F%CEUL%08m2%E5%A6%28%3Ew%CDb%836%8B%D9z%DA%5B%02%D776-%A5s%B2%09%84%40%00%FA%BD%FD%04%FB%C93%60%00%00%00%03%E2%02%85%D7%C0.%E6%A2%06%2B%91%AF8hE%F6%C9U%84%F7%7D%A1%B3U%3F%CF%B4%1B%B0%85%A4%24x%11m%00%04%FA%8E3%00%03%D2%D62147483647%00%00%00%00 (606 bytes,scope=1) D7C02E-0296-0006-04E1-5447D6
1400719365.045776 ccnd[662]: debug.2428 prefix,ff=3 6 ccnx:/ccnx.org/Users/user/Keys/%C1.M.K%00%3F%CEUL%08m2%E5%A6%28%3Ew%CDb%836%8B%D9z%DA%5B%02%D776-%A5s%B2%09%84%40/%FD%04%FB%C93%60%00 (87 bytes)
1400719365.046429 ccnd[662]: debug.280 ccnd_answer_req_response ccnx:/ccnx/%D7%C0.%E6%A2%06%2B%91%AF8hE%F6%C9U%84%F7%7D%A1%B3U%3F%CF%B4%1B%B0%85%A4%24x%11m/selfreg/%04%82%02%AA%03%B2%08%85%0C%12%18%DC%88%27c%02%9F%B3L%8D%2A%D6%04%9BE%EA%E1%C0%5D%80%F4C%A6%CB%25%2A%3D%91%16%1Cwc%DF%C2%F1%D2K%F6V%DE%1F%D6%FD%07%BE%99%11%F9%95%14%AFB%1E%AB%CF%C5%D5%DE%FE%B1%88N%CA%C5%7D%B7%E8%89%9D%7C%DA%17Q%88p%E6%86%9B%C5%8E%E1%5E%60%E9%87%EB%F51%A8%EE%B1%13%13%85%16%CE%7F%D3%90%86%E9%80%99%9A%28K%3BB%C2%8E%9EY%11%3B%CB%9C%91%97%E6%06_%85%88%D0%3Ch%00%00%F2%00%01%A2%03%E2%02%85%3F%CEUL%08m2%E5%A6%28%3Ew%CDb%836%8B%D9z%DA%5B%02%D776-%A5s%B2%09%84%40%00%02%BA%B5%057%D4%80P9%00%01%E2%01%DA%0A%950%81%9F0%0D%06%09%2A%86H%86%F7%0D%01%01%01%05%00%03%81%8D%000%81%89%02%81%81%00%C0%FB%16%1F%A6%9A%5E%A0%2A%D2%80%DA%8E%D9f%C1%85r%83t%A6%28P6%CC%20O%60%D9Pi%87%F3%F6%D7%8C%F8F%BFw%3C%08%10%FF%D8%02%3E%1B%03E%0B%24%D5T%3F%21T%FC%8Fl%5C%07%22%60o%AA%AF%8E%1E6%9A%7DvVbs%2C%BCrW-Z%0F%F1%9F%CA%DA%B3%E0%06%E9%81%F7-%01%16%D5%7D%DF%D4%21E%2F%B0%C1%A7%27%AF%C2%0C%B6%C3%EC%1C%BF%5D%82T%A5%DEa%C4%14%401%10%C6%23%02%03%01%00%01%00%00%00%01%9A%09%ED%05%8A%04%CA%BEselfreg%00%F2%FA%C5ccnx.org%00%FA%ADUsers%00%FA%A5user%00%FA%A5Keys%00%FA%02%B5%C1.M.K%00%3F%CEUL%08m2%E5%A6%28%3Ew%CDb%836%8B%D9z%DA%5B%02%D776-%A5s%B2%09%84%40%00%FA%BD%FD%04%FB%C93%60%00%00%00%03%E2%02%85%D7%C0.%E6%A2%06%2B%91%AF8hE%F6%C9U%84%F7%7D%A1%B3U%3F%CF%B4%1B%B0%85%A4%24x%11m%00%04%FA%8E3%00%03%D2%D62147483647%00%00%00%00 (1103 bytes)
1400719365.046541 ccnd[662]: debug.4109 content_from 0 ccnx:/ccnx/%D7%C0.%E6%A2%06%2B%91%AF8hE%F6%C9U%84%F7%7D%A1%B3U%3F%CF%B4%1B%B0%85%A4%24x%11m/selfreg/%04%82%02%AA%03%B2%08%85%0C%12%18%DC%88%27c%02%9F%B3L%8D%2A%D6%04%9BE%EA%E1%C0%5D%80%F4C%A6%CB%25%2A%3D%91%16%1Cwc%DF%C2%F1%D2K%F6V%DE%1F%D6%FD%07%BE%99%11%F9%95%14%AFB%1E%AB%CF%C5%D5%DE%FE%B1%88N%CA%C5%7D%B7%E8%89%9D%7C%DA%17Q%88p%E6%86%9B%C5%8E%E1%5E%60%E9%87%EB%F51%A8%EE%B1%13%13%85%16%CE%7F%D3%90%86%E9%80%99%9A%28K%3BB%C2%8E%9EY%11%3B%CB%9C%91%97%E6%06_%85%88%D0%3Ch%00%00%F2%00%01%A2%03%E2%02%85%3F%CEUL%08m2%E5%A6%28%3Ew%CDb%836%8B%D9z%DA%5B%02%D776-%A5s%B2%09%84%40%00%02%BA%B5%057%D4%80P9%00%01%E2%01%DA%0A%950%81%9F0%0D%06%09%2A%86H%86%F7%0D%01%01%01%05%00%03%81%8D%000%81%89%02%81%81%00%C0%FB%16%1F%A6%9A%5E%A0%2A%D2%80%DA%8E%D9f%C1%85r%83t%A6%28P6%CC%20O%60%D9Pi%87%F3%F6%D7%8C%F8F%BFw%3C%08%10%FF%D8%02%3E%1B%03E%0B%24%D5T%3F%21T%FC%8Fl%5C%07%22%60o%AA%AF%8E%1E6%9A%7DvVbs%2C%BCrW-Z%0F%F1%9F%CA%DA%B3%E0%06%E9%81%F7-%01%16%D5%7D%DF%D4%21E%2F%B0%C1%A7%27%AF%C2%0C%B6%C3%EC%1C%BF%5D%82T%A5%DEa%C4%14%401%10%C6%23%02%03%01%00%01%00%00%00%01%9A%09%ED%05%8A%04%CA%BEselfreg%00%F2%FA%C5ccnx.org%00%FA%ADUsers%00%FA%A5user%00%FA%A5Keys%00%FA%02%B5%C1.M.K%00%3F%CEUL%08m2%E5%A6%28%3Ew%CDb%836%8B%D9z%DA%5B%02%D776-%A5s%B2%09%84%40%00%FA%BD%FD%04%FB%C93%60%00%00%00%03%E2%02%85%D7%C0.%E6%A2%06%2B%91%AF8hE%F6%C9U%84%F7%7D%A1%B3U%3F%CF%B4%1B%B0%85%A4%24x%11m%00%04%FA%8E3%00%03%D2%D62147483647%00%00%00%00/T%01%EC3%1D%DD%04%83%EC%D88Y%EB%24%81G%24%97%CE-%0A%DAa%E3%00%EA%8F%28%FF%C6%D4%06 (1139 bytes)
1400719365.046572 ccnd[662]: fwd.3059 adding 0
1400719365.046585 ccnd[662]: face 6 q 0 delay 3 usec
1400719365.046673 ccnd[662]: debug.1526 consume 6 ccnx:/ccnx/%D7%C0.%E6%A2%06%2B%91%AF8hE%F6%C9U%84%F7%7D%A1%B3U%3F%CF%B4%1B%B0%85%A4%24x%11m/selfreg/%04%82%02%AA%03%B2%08%85%0C%12%18%DC%88%27c%02%9F%B3L%8D%2A%D6%04%9BE%EA%E1%C0%5D%80%F4C%A6%CB%25%2A%3D%91%16%1Cwc%DF%C2%F1%D2K%F6V%DE%1F%D6%FD%07%BE%99%11%F9%95%14%AFB%1E%AB%CF%C5%D5%DE%FE%B1%88N%CA%C5%7D%B7%E8%89%9D%7C%DA%17Q%88p%E6%86%9B%C5%8E%E1%5E%60%E9%87%EB%F51%A8%EE%B1%13%13%85%16%CE%7F%D3%90%86%E9%80%99%9A%28K%3BB%C2%8E%9EY%11%3B%CB%9C%91%97%E6%06_%85%88%D0%3Ch%00%00%F2%00%01%A2%03%E2%02%85%3F%CEUL%08m2%E5%A6%28%3Ew%CDb%836%8B%D9z%DA%5B%02%D776-%A5s%B2%09%84%40%00%02%BA%B5%057%D4%80P9%00%01%E2%01%DA%0A%950%81%9F0%0D%06%09%2A%86H%86%F7%0D%01%01%01%05%00%03%81%8D%000%81%89%02%81%81%00%C0%FB%16%1F%A6%9A%5E%A0%2A%D2%80%DA%8E%D9f%C1%85r%83t%A6%28P6%CC%20O%60%D9Pi%87%F3%F6%D7%8C%F8F%BFw%3C%08%10%FF%D8%02%3E%1B%03E%0B%24%D5T%3F%21T%FC%8Fl%5C%07%22%60o%AA%AF%8E%1E6%9A%7DvVbs%2C%BCrW-Z%0F%F1%9F%CA%DA%B3%E0%06%E9%81%F7-%01%16%D5%7D%DF%D4%21E%2F%B0%C1%A7%27%AF%C2%0C%B6%C3%EC%1C%BF%5D%82T%A5%DEa%C4%14%401%10%C6%23%02%03%01%00%01%00%00%00%01%9A%09%ED%05%8A%04%CA%BEselfreg%00%F2%FA%C5ccnx.org%00%FA%ADUsers%00%FA%A5user%00%FA%A5Keys%00%FA%02%B5%C1.M.K%00%3F%CEUL%08m2%E5%A6%28%3Ew%CDb%836%8B%D9z%DA%5B%02%D776-%A5s%B2%09%84%40%00%FA%BD%FD%04%FB%C93%60%00%00%00%03%E2%02%85%D7%C0.%E6%A2%06%2B%91%AF8hE%F6%C9U%84%F7%7D%A1%B3U%3F%CF%B4%1B%B0%85%A4%24x%11m%00%04%FA%8E3%00%03%D2%D62147483647%00%00%00%00 (606 bytes,scope=1) D7C02E-0296-0006-04E1-5447D6
1400719365.046683 ccnd[662]: sl.1598 0 ci=4 osrc=4294967295 src=0 usec=9873
1400719365.046690 ccnd[662]: fwd.3059 adding 0
1400719365.046699 ccnd[662]: sl.1598 0 ci=3 osrc=4294967295 src=0 usec=9873
1400719365.046706 ccnd[662]: fwd.3059 adding 0
1400719365.046798 ccnd[662]: debug.1268 content_to 6 ccnx:/ccnx/%D7%C0.%E6%A2%06%2B%91%AF8hE%F6%C9U%84%F7%7D%A1%B3U%3F%CF%B4%1B%B0%85%A4%24x%11m/selfreg/%04%82%02%AA%03%B2%08%85%0C%12%18%DC%88%27c%02%9F%B3L%8D%2A%D6%04%9BE%EA%E1%C0%5D%80%F4C%A6%CB%25%2A%3D%91%16%1Cwc%DF%C2%F1%D2K%F6V%DE%1F%D6%FD%07%BE%99%11%F9%95%14%AFB%1E%AB%CF%C5%D5%DE%FE%B1%88N%CA%C5%7D%B7%E8%89%9D%7C%DA%17Q%88p%E6%86%9B%C5%8E%E1%5E%60%E9%87%EB%F51%A8%EE%B1%13%13%85%16%CE%7F%D3%90%86%E9%80%99%9A%28K%3BB%C2%8E%9EY%11%3B%CB%9C%91%97%E6%06_%85%88%D0%3Ch%00%00%F2%00%01%A2%03%E2%02%85%3F%CEUL%08m2%E5%A6%28%3Ew%CDb%836%8B%D9z%DA%5B%02%D776-%A5s%B2%09%84%40%00%02%BA%B5%057%D4%80P9%00%01%E2%01%DA%0A%950%81%9F0%0D%06%09%2A%86H%86%F7%0D%01%01%01%05%00%03%81%8D%000%81%89%02%81%81%00%C0%FB%16%1F%A6%9A%5E%A0%2A%D2%80%DA%8E%D9f%C1%85r%83t%A6%28P6%CC%20O%60%D9Pi%87%F3%F6%D7%8C%F8F%BFw%3C%08%10%FF%D8%02%3E%1B%03E%0B%24%D5T%3F%21T%FC%8Fl%5C%07%22%60o%AA%AF%8E%1E6%9A%7DvVbs%2C%BCrW-Z%0F%F1%9F%CA%DA%B3%E0%06%E9%81%F7-%01%16%D5%7D%DF%D4%21E%2F%B0%C1%A7%27%AF%C2%0C%B6%C3%EC%1C%BF%5D%82T%A5%DEa%C4%14%401%10%C6%23%02%03%01%00%01%00%00%00%01%9A%09%ED%05%8A%04%CA%BEselfreg%00%F2%FA%C5ccnx.org%00%FA%ADUsers%00%FA%A5user%00%FA%A5Keys%00%FA%02%B5%C1.M.K%00%3F%CEUL%08m2%E5%A6%28%3Ew%CDb%836%8B%D9z%DA%5B%02%D776-%A5s%B2%09%84%40%00%FA%BD%FD%04%FB%C93%60%00%00%00%03%E2%02%85%D7%C0.%E6%A2%06%2B%91%AF8hE%F6%C9U%84%F7%7D%A1%B3U%3F%CF%B4%1B%B0%85%A4%24x%11m%00%04%FA%8E3%00%03%D2%D62147483647%00%00%00%00/T%01%EC3%1D%DD%04%83%EC%D88Y%EB%24%81G%24%97%CE-%0A%DAa%E3%00%EA%8F%28%FF%C6%D4%06 (1139 bytes)
1400719365.122518 ccnd[662]: debug.3807 interest_from 6 ccnx:/ccnx/%D7%C0.%E6%A2%06%2B%91%AF8hE%F6%C9U%84%F7%7D%A1%B3U%3F%CF%B4%1B%B0%85%A4%24x%11m/selfreg/%04%82%02%AA%03%B2%08%85%1Cm%1C%DC%CBq%99j%0E%7F%24%13%5B%A0%A4%D6%06%FF%E4j%8F%C0.%3A6%C7%1EJ3K%A7B%D0%89%D5%FEn%FE%01i%A6%B7%9C6%3A%A3%21%C5%1C3%DA%CA%C8%1E%D6%24%A6%BB%60%F4%94%A9%E7%92%EC%12%3C%7D%8B75%EC%0E%F5%02%BD%CA%FF%3E%93_%3Ey%17%81%DD%C8%C0%B7%1D%03%BC%D8B%FC%D7I%B8%A9%AE%D3%A5c%FD%0D%07%18%DD%5C%A4%984%9A%2Cz%7C%F3%9F%9D%1CJ%2A%A4m%E6%E7%FA%14%00%00%F2%00%01%A2%03%E2%02%85%3F%CEUL%08m2%E5%A6%28%3Ew%CDb%836%8B%D9z%DA%5B%02%D776-%A5s%B2%09%84%40%00%02%BA%B5%057%D4%80Q%BE%00%01%E2%01%DA%0A%950%81%9F0%0D%06%09%2A%86H%86%F7%0D%01%01%01%05%00%03%81%8D%000%81%89%02%81%81%00%C0%FB%16%1F%A6%9A%5E%A0%2A%D2%80%DA%8E%D9f%C1%85r%83t%A6%28P6%CC%20O%60%D9Pi%87%F3%F6%D7%8C%F8F%BFw%3C%08%10%FF%D8%02%3E%1B%03E%0B%24%D5T%3F%21T%FC%8Fl%5C%07%22%60o%AA%AF%8E%1E6%9A%7DvVbs%2C%BCrW-Z%0F%F1%9F%CA%DA%B3%E0%06%E9%81%F7-%01%16%D5%7D%DF%D4%21E%2F%B0%C1%A7%27%AF%C2%0C%B6%C3%EC%1C%BF%5D%82T%A5%DEa%C4%14%401%10%C6%23%02%03%01%00%01%00%00%00%01%9A%05%9D%05%8A%04%CA%BEselfreg%00%F2%FA%A5test%00%FA%8D1%00%00%03%E2%02%85%D7%C0.%E6%A2%06%2B%91%AF8hE%F6%C9U%84%F7%7D%A1%B3U%3F%CF%B4%1B%B0%85%A4%24x%11m%00%04%FA%8E3%00%03%D2%D62147483647%00%00%00%00 (516 bytes,scope=1)
1400719365.122561 ccnd[662]: version: 20090701, prefix_comps: 4, min_suffix_comps: 0, max_suffix_comps: 32767, orderpref: 0, answerfrom: 3, scope: 1, lifetime: 4.0000, excl: 0 bytes, etc: 0 bytes
1400719365.122664 ccnd[662]: debug.3856 first_candidate ccnx:/ccnx/%D7%C0.%E6%A2%06%2B%91%AF8hE%F6%C9U%84%F7%7D%A1%B3U%3F%CF%B4%1B%B0%85%A4%24x%11m/selfreg/%04%82%02%AA%03%B2%08%85%0C%12%18%DC%88%27c%02%9F%B3L%8D%2A%D6%04%9BE%EA%E1%C0%5D%80%F4C%A6%CB%25%2A%3D%91%16%1Cwc%DF%C2%F1%D2K%F6V%DE%1F%D6%FD%07%BE%99%11%F9%95%14%AFB%1E%AB%CF%C5%D5%DE%FE%B1%88N%CA%C5%7D%B7%E8%89%9D%7C%DA%17Q%88p%E6%86%9B%C5%8E%E1%5E%60%E9%87%EB%F51%A8%EE%B1%13%13%85%16%CE%7F%D3%90%86%E9%80%99%9A%28K%3BB%C2%8E%9EY%11%3B%CB%9C%91%97%E6%06_%85%88%D0%3Ch%00%00%F2%00%01%A2%03%E2%02%85%3F%CEUL%08m2%E5%A6%28%3Ew%CDb%836%8B%D9z%DA%5B%02%D776-%A5s%B2%09%84%40%00%02%BA%B5%057%D4%80P9%00%01%E2%01%DA%0A%950%81%9F0%0D%06%09%2A%86H%86%F7%0D%01%01%01%05%00%03%81%8D%000%81%89%02%81%81%00%C0%FB%16%1F%A6%9A%5E%A0%2A%D2%80%DA%8E%D9f%C1%85r%83t%A6%28P6%CC%20O%60%D9Pi%87%F3%F6%D7%8C%F8F%BFw%3C%08%10%FF%D8%02%3E%1B%03E%0B%24%D5T%3F%21T%FC%8Fl%5C%07%22%60o%AA%AF%8E%1E6%9A%7DvVbs%2C%BCrW-Z%0F%F1%9F%CA%DA%B3%E0%06%E9%81%F7-%01%16%D5%7D%DF%D4%21E%2F%B0%C1%A7%27%AF%C2%0C%B6%C3%EC%1C%BF%5D%82T%A5%DEa%C4%14%401%10%C6%23%02%03%01%00%01%00%00%00%01%9A%09%ED%05%8A%04%CA%BEselfreg%00%F2%FA%C5ccnx.org%00%FA%ADUsers%00%FA%A5user%00%FA%A5Keys%00%FA%02%B5%C1.M.K%00%3F%CEUL%08m2%E5%A6%28%3Ew%CDb%836%8B%D9z%DA%5B%02%D776-%A5s%B2%09%84%40%00%FA%BD%FD%04%FB%C93%60%00%00%00%03%E2%02%85%D7%C0.%E6%A2%06%2B%91%AF8hE%F6%C9U%84%F7%7D%A1%B3U%3F%CF%B4%1B%B0%85%A4%24x%11m%00%04%FA%8E3%00%03%D2%D62147483647%00%00%00%00/T%01%EC3%1D%DD%04%83%EC%D88Y%EB%24%81G%24%97%CE-%0A%DAa%E3%00%EA%8F%28%FF%C6%D4%06 (1139 bytes)
1400719365.122744 ccnd[662]: debug.3863 prefix_mismatch ccnx:/ccnx/%D7%C0.%E6%A2%06%2B%91%AF8hE%F6%C9U%84%F7%7D%A1%B3U%3F%CF%B4%1B%B0%85%A4%24x%11m/selfreg/%04%82%02%AA%03%B2%08%85%1Cm%1C%DC%CBq%99j%0E%7F%24%13%5B%A0%A4%D6%06%FF%E4j%8F%C0.%3A6%C7%1EJ3K%A7B%D0%89%D5%FEn%FE%01i%A6%B7%9C6%3A%A3%21%C5%1C3%DA%CA%C8%1E%D6%24%A6%BB%60%F4%94%A9%E7%92%EC%12%3C%7D%8B75%EC%0E%F5%02%BD%CA%FF%3E%93_%3Ey%17%81%DD%C8%C0%B7%1D%03%BC%D8B%FC%D7I%B8%A9%AE%D3%A5c%FD%0D%07%18%DD%5C%A4%984%9A%2Cz%7C%F3%9F%9D%1CJ%2A%A4m%E6%E7%FA%14%00%00%F2%00%01%A2%03%E2%02%85%3F%CEUL%08m2%E5%A6%28%3Ew%CDb%836%8B%D9z%DA%5B%02%D776-%A5s%B2%09%84%40%00%02%BA%B5%057%D4%80Q%BE%00%01%E2%01%DA%0A%950%81%9F0%0D%06%09%2A%86H%86%F7%0D%01%01%01%05%00%03%81%8D%000%81%89%02%81%81%00%C0%FB%16%1F%A6%9A%5E%A0%2A%D2%80%DA%8E%D9f%C1%85r%83t%A6%28P6%CC%20O%60%D9Pi%87%F3%F6%D7%8C%F8F%BFw%3C%08%10%FF%D8%02%3E%1B%03E%0B%24%D5T%3F%21T%FC%8Fl%5C%07%22%60o%AA%AF%8E%1E6%9A%7DvVbs%2C%BCrW-Z%0F%F1%9F%CA%DA%B3%E0%06%E9%81%F7-%01%16%D5%7D%DF%D4%21E%2F%B0%C1%A7%27%AF%C2%0C%B6%C3%EC%1C%BF%5D%82T%A5%DEa%C4%14%401%10%C6%23%02%03%01%00%01%00%00%00%01%9A%05%9D%05%8A%04%CA%BEselfreg%00%F2%FA%A5test%00%FA%8D1%00%00%03%E2%02%85%D7%C0.%E6%A2%06%2B%91%AF8hE%F6%C9U%84%F7%7D%A1%B3U%3F%CF%B4%1B%B0%85%A4%24x%11m%00%04%FA%8E3%00%03%D2%D62147483647%00%00%00%00 (516 bytes,scope=1)
1400719365.122754 ccnd[662]: outbound.3131 adding 0
1400719365.122846 ccnd[662]: debug.3523 0xfbff60.0of1,usec=86+3999914 6 ccnx:/ccnx/%D7%C0.%E6%A2%06%2B%91%AF8hE%F6%C9U%84%F7%7D%A1%B3U%3F%CF%B4%1B%B0%85%A4%24x%11m/selfreg/%04%82%02%AA%03%B2%08%85%1Cm%1C%DC%CBq%99j%0E%7F%24%13%5B%A0%A4%D6%06%FF%E4j%8F%C0.%3A6%C7%1EJ3K%A7B%D0%89%D5%FEn%FE%01i%A6%B7%9C6%3A%A3%21%C5%1C3%DA%CA%C8%1E%D6%24%A6%BB%60%F4%94%A9%E7%92%EC%12%3C%7D%8B75%EC%0E%F5%02%BD%CA%FF%3E%93_%3Ey%17%81%DD%C8%C0%B7%1D%03%BC%D8B%FC%D7I%B8%A9%AE%D3%A5c%FD%0D%07%18%DD%5C%A4%984%9A%2Cz%7C%F3%9F%9D%1CJ%2A%A4m%E6%E7%FA%14%00%00%F2%00%01%A2%03%E2%02%85%3F%CEUL%08m2%E5%A6%28%3Ew%CDb%836%8B%D9z%DA%5B%02%D776-%A5s%B2%09%84%40%00%02%BA%B5%057%D4%80Q%BE%00%01%E2%01%DA%0A%950%81%9F0%0D%06%09%2A%86H%86%F7%0D%01%01%01%05%00%03%81%8D%000%81%89%02%81%81%00%C0%FB%16%1F%A6%9A%5E%A0%2A%D2%80%DA%8E%D9f%C1%85r%83t%A6%28P6%CC%20O%60%D9Pi%87%F3%F6%D7%8C%F8F%BFw%3C%08%10%FF%D8%02%3E%1B%03E%0B%24%D5T%3F%21T%FC%8Fl%5C%07%22%60o%AA%AF%8E%1E6%9A%7DvVbs%2C%BCrW-Z%0F%F1%9F%CA%DA%B3%E0%06%E9%81%F7-%01%16%D5%7D%DF%D4%21E%2F%B0%C1%A7%27%AF%C2%0C%B6%C3%EC%1C%BF%5D%82T%A5%DEa%C4%14%401%10%C6%23%02%03%01%00%01%00%00%00%01%9A%05%9D%05%8A%04%CA%BEselfreg%00%F2%FA%A5test%00%FA%8D1%00%00%03%E2%02%85%D7%C0.%E6%A2%06%2B%91%AF8hE%F6%C9U%84%F7%7D%A1%B3U%3F%CF%B4%1B%B0%85%A4%24x%11m%00%04%FA%8E3%00%03%D2%D62147483647%00%00%00%00 (532 bytes,scope=1) D7C02E-0296-0006-050B-450F1E
1400719365.124012 ccnd[662]: debug.3210 interest_to 0 ccnx:/ccnx/%D7%C0.%E6%A2%06%2B%91%AF8hE%F6%C9U%84%F7%7D%A1%B3U%3F%CF%B4%1B%B0%85%A4%24x%11m/selfreg/%04%82%02%AA%03%B2%08%85%1Cm%1C%DC%CBq%99j%0E%7F%24%13%5B%A0%A4%D6%06%FF%E4j%8F%C0.%3A6%C7%1EJ3K%A7B%D0%89%D5%FEn%FE%01i%A6%B7%9C6%3A%A3%21%C5%1C3%DA%CA%C8%1E%D6%24%A6%BB%60%F4%94%A9%E7%92%EC%12%3C%7D%8B75%EC%0E%F5%02%BD%CA%FF%3E%93_%3Ey%17%81%DD%C8%C0%B7%1D%03%BC%D8B%FC%D7I%B8%A9%AE%D3%A5c%FD%0D%07%18%DD%5C%A4%984%9A%2Cz%7C%F3%9F%9D%1CJ%2A%A4m%E6%E7%FA%14%00%00%F2%00%01%A2%03%E2%02%85%3F%CEUL%08m2%E5%A6%28%3Ew%CDb%836%8B%D9z%DA%5B%02%D776-%A5s%B2%09%84%40%00%02%BA%B5%057%D4%80Q%BE%00%01%E2%01%DA%0A%950%81%9F0%0D%06%09%2A%86H%86%F7%0D%01%01%01%05%00%03%81%8D%000%81%89%02%81%81%00%C0%FB%16%1F%A6%9A%5E%A0%2A%D2%80%DA%8E%D9f%C1%85r%83t%A6%28P6%CC%20O%60%D9Pi%87%F3%F6%D7%8C%F8F%BFw%3C%08%10%FF%D8%02%3E%1B%03E%0B%24%D5T%3F%21T%FC%8Fl%5C%07%22%60o%AA%AF%8E%1E6%9A%7DvVbs%2C%BCrW-Z%0F%F1%9F%CA%DA%B3%E0%06%E9%81%F7-%01%16%D5%7D%DF%D4%21E%2F%B0%C1%A7%27%AF%C2%0C%B6%C3%EC%1C%BF%5D%82T%A5%DEa%C4%14%401%10%C6%23%02%03%01%00%01%00%00%00%01%9A%05%9D%05%8A%04%CA%BEselfreg%00%F2%FA%A5test%00%FA%8D1%00%00%03%E2%02%85%D7%C0.%E6%A2%06%2B%91%AF8hE%F6%C9U%84%F7%7D%A1%B3U%3F%CF%B4%1B%B0%85%A4%24x%11m%00%04%FA%8E3%00%03%D2%D62147483647%00%00%00%00 (532 bytes,scope=1) D7C02E-0296-0006-050B-450F1E
1400719365.124105 ccnd[662]: debug.158 ccnd_answer_req ccnx:/ccnx/%D7%C0.%E6%A2%06%2B%91%AF8hE%F6%C9U%84%F7%7D%A1%B3U%3F%CF%B4%1B%B0%85%A4%24x%11m/selfreg/%04%82%02%AA%03%B2%08%85%1Cm%1C%DC%CBq%99j%0E%7F%24%13%5B%A0%A4%D6%06%FF%E4j%8F%C0.%3A6%C7%1EJ3K%A7B%D0%89%D5%FEn%FE%01i%A6%B7%9C6%3A%A3%21%C5%1C3%DA%CA%C8%1E%D6%24%A6%BB%60%F4%94%A9%E7%92%EC%12%3C%7D%8B75%EC%0E%F5%02%BD%CA%FF%3E%93_%3Ey%17%81%DD%C8%C0%B7%1D%03%BC%D8B%FC%D7I%B8%A9%AE%D3%A5c%FD%0D%07%18%DD%5C%A4%984%9A%2Cz%7C%F3%9F%9D%1CJ%2A%A4m%E6%E7%FA%14%00%00%F2%00%01%A2%03%E2%02%85%3F%CEUL%08m2%E5%A6%28%3Ew%CDb%836%8B%D9z%DA%5B%02%D776-%A5s%B2%09%84%40%00%02%BA%B5%057%D4%80Q%BE%00%01%E2%01%DA%0A%950%81%9F0%0D%06%09%2A%86H%86%F7%0D%01%01%01%05%00%03%81%8D%000%81%89%02%81%81%00%C0%FB%16%1F%A6%9A%5E%A0%2A%D2%80%DA%8E%D9f%C1%85r%83t%A6%28P6%CC%20O%60%D9Pi%87%F3%F6%D7%8C%F8F%BFw%3C%08%10%FF%D8%02%3E%1B%03E%0B%24%D5T%3F%21T%FC%8Fl%5C%07%22%60o%AA%AF%8E%1E6%9A%7DvVbs%2C%BCrW-Z%0F%F1%9F%CA%DA%B3%E0%06%E9%81%F7-%01%16%D5%7D%DF%D4%21E%2F%B0%C1%A7%27%AF%C2%0C%B6%C3%EC%1C%BF%5D%82T%A5%DEa%C4%14%401%10%C6%23%02%03%01%00%01%00%00%00%01%9A%05%9D%05%8A%04%CA%BEselfreg%00%F2%FA%A5test%00%FA%8D1%00%00%03%E2%02%85%D7%C0.%E6%A2%06%2B%91%AF8hE%F6%C9U%84%F7%7D%A1%B3U%3F%CF%B4%1B%B0%85%A4%24x%11m%00%04%FA%8E3%00%03%D2%D62147483647%00%00%00%00 (532 bytes,scope=1) D7C02E-0296-0006-050B-450F1E
1400719365.124213 ccnd[662]: debug.2428 prefix,ff=3 6 ccnx:/test/1 (13 bytes)
1400719365.124871 ccnd[662]: debug.280 ccnd_answer_req_response ccnx:/ccnx/%D7%C0.%E6%A2%06%2B%91%AF8hE%F6%C9U%84%F7%7D%A1%B3U%3F%CF%B4%1B%B0%85%A4%24x%11m/selfreg/%04%82%02%AA%03%B2%08%85%1Cm%1C%DC%CBq%99j%0E%7F%24%13%5B%A0%A4%D6%06%FF%E4j%8F%C0.%3A6%C7%1EJ3K%A7B%D0%89%D5%FEn%FE%01i%A6%B7%9C6%3A%A3%21%C5%1C3%DA%CA%C8%1E%D6%24%A6%BB%60%F4%94%A9%E7%92%EC%12%3C%7D%8B75%EC%0E%F5%02%BD%CA%FF%3E%93_%3Ey%17%81%DD%C8%C0%B7%1D%03%BC%D8B%FC%D7I%B8%A9%AE%D3%A5c%FD%0D%07%18%DD%5C%A4%984%9A%2Cz%7C%F3%9F%9D%1CJ%2A%A4m%E6%E7%FA%14%00%00%F2%00%01%A2%03%E2%02%85%3F%CEUL%08m2%E5%A6%28%3Ew%CDb%836%8B%D9z%DA%5B%02%D776-%A5s%B2%09%84%40%00%02%BA%B5%057%D4%80Q%BE%00%01%E2%01%DA%0A%950%81%9F0%0D%06%09%2A%86H%86%F7%0D%01%01%01%05%00%03%81%8D%000%81%89%02%81%81%00%C0%FB%16%1F%A6%9A%5E%A0%2A%D2%80%DA%8E%D9f%C1%85r%83t%A6%28P6%CC%20O%60%D9Pi%87%F3%F6%D7%8C%F8F%BFw%3C%08%10%FF%D8%02%3E%1B%03E%0B%24%D5T%3F%21T%FC%8Fl%5C%07%22%60o%AA%AF%8E%1E6%9A%7DvVbs%2C%BCrW-Z%0F%F1%9F%CA%DA%B3%E0%06%E9%81%F7-%01%16%D5%7D%DF%D4%21E%2F%B0%C1%A7%27%AF%C2%0C%B6%C3%EC%1C%BF%5D%82T%A5%DEa%C4%14%401%10%C6%23%02%03%01%00%01%00%00%00%01%9A%05%9D%05%8A%04%CA%BEselfreg%00%F2%FA%A5test%00%FA%8D1%00%00%03%E2%02%85%D7%C0.%E6%A2%06%2B%91%AF8hE%F6%C9U%84%F7%7D%A1%B3U%3F%CF%B4%1B%B0%85%A4%24x%11m%00%04%FA%8E3%00%03%D2%D62147483647%00%00%00%00 (955 bytes)
1400719365.124972 ccnd[662]: debug.4109 content_from 0 ccnx:/ccnx/%D7%C0.%E6%A2%06%2B%91%AF8hE%F6%C9U%84%F7%7D%A1%B3U%3F%CF%B4%1B%B0%85%A4%24x%11m/selfreg/%04%82%02%AA%03%B2%08%85%1Cm%1C%DC%CBq%99j%0E%7F%24%13%5B%A0%A4%D6%06%FF%E4j%8F%C0.%3A6%C7%1EJ3K%A7B%D0%89%D5%FEn%FE%01i%A6%B7%9C6%3A%A3%21%C5%1C3%DA%CA%C8%1E%D6%24%A6%BB%60%F4%94%A9%E7%92%EC%12%3C%7D%8B75%EC%0E%F5%02%BD%CA%FF%3E%93_%3Ey%17%81%DD%C8%C0%B7%1D%03%BC%D8B%FC%D7I%B8%A9%AE%D3%A5c%FD%0D%07%18%DD%5C%A4%984%9A%2Cz%7C%F3%9F%9D%1CJ%2A%A4m%E6%E7%FA%14%00%00%F2%00%01%A2%03%E2%02%85%3F%CEUL%08m2%E5%A6%28%3Ew%CDb%836%8B%D9z%DA%5B%02%D776-%A5s%B2%09%84%40%00%02%BA%B5%057%D4%80Q%BE%00%01%E2%01%DA%0A%950%81%9F0%0D%06%09%2A%86H%86%F7%0D%01%01%01%05%00%03%81%8D%000%81%89%02%81%81%00%C0%FB%16%1F%A6%9A%5E%A0%2A%D2%80%DA%8E%D9f%C1%85r%83t%A6%28P6%CC%20O%60%D9Pi%87%F3%F6%D7%8C%F8F%BFw%3C%08%10%FF%D8%02%3E%1B%03E%0B%24%D5T%3F%21T%FC%8Fl%5C%07%22%60o%AA%AF%8E%1E6%9A%7DvVbs%2C%BCrW-Z%0F%F1%9F%CA%DA%B3%E0%06%E9%81%F7-%01%16%D5%7D%DF%D4%21E%2F%B0%C1%A7%27%AF%C2%0C%B6%C3%EC%1C%BF%5D%82T%A5%DEa%C4%14%401%10%C6%23%02%03%01%00%01%00%00%00%01%9A%05%9D%05%8A%04%CA%BEselfreg%00%F2%FA%A5test%00%FA%8D1%00%00%03%E2%02%85%D7%C0.%E6%A2%06%2B%91%AF8hE%F6%C9U%84%F7%7D%A1%B3U%3F%CF%B4%1B%B0%85%A4%24x%11m%00%04%FA%8E3%00%03%D2%D62147483647%00%00%00%00/%98%98%F7KV%FD%0C-%EF%90%1F%FF%DE%F3O%C9%89%B7%E3%A7%02%EA%94%F6%B9Z%1C%15%B90%27r (991 bytes)
1400719365.124999 ccnd[662]: fwd.3059 adding 0
1400719365.125012 ccnd[662]: face 6 q 0 delay 3 usec
1400719365.125092 ccnd[662]: debug.1526 consume 6 ccnx:/ccnx/%D7%C0.%E6%A2%06%2B%91%AF8hE%F6%C9U%84%F7%7D%A1%B3U%3F%CF%B4%1B%B0%85%A4%24x%11m/selfreg/%04%82%02%AA%03%B2%08%85%1Cm%1C%DC%CBq%99j%0E%7F%24%13%5B%A0%A4%D6%06%FF%E4j%8F%C0.%3A6%C7%1EJ3K%A7B%D0%89%D5%FEn%FE%01i%A6%B7%9C6%3A%A3%21%C5%1C3%DA%CA%C8%1E%D6%24%A6%BB%60%F4%94%A9%E7%92%EC%12%3C%7D%8B75%EC%0E%F5%02%BD%CA%FF%3E%93_%3Ey%17%81%DD%C8%C0%B7%1D%03%BC%D8B%FC%D7I%B8%A9%AE%D3%A5c%FD%0D%07%18%DD%5C%A4%984%9A%2Cz%7C%F3%9F%9D%1CJ%2A%A4m%E6%E7%FA%14%00%00%F2%00%01%A2%03%E2%02%85%3F%CEUL%08m2%E5%A6%28%3Ew%CDb%836%8B%D9z%DA%5B%02%D776-%A5s%B2%09%84%40%00%02%BA%B5%057%D4%80Q%BE%00%01%E2%01%DA%0A%950%81%9F0%0D%06%09%2A%86H%86%F7%0D%01%01%01%05%00%03%81%8D%000%81%89%02%81%81%00%C0%FB%16%1F%A6%9A%5E%A0%2A%D2%80%DA%8E%D9f%C1%85r%83t%A6%28P6%CC%20O%60%D9Pi%87%F3%F6%D7%8C%F8F%BFw%3C%08%10%FF%D8%02%3E%1B%03E%0B%24%D5T%3F%21T%FC%8Fl%5C%07%22%60o%AA%AF%8E%1E6%9A%7DvVbs%2C%BCrW-Z%0F%F1%9F%CA%DA%B3%E0%06%E9%81%F7-%01%16%D5%7D%DF%D4%21E%2F%B0%C1%A7%27%AF%C2%0C%B6%C3%EC%1C%BF%5D%82T%A5%DEa%C4%14%401%10%C6%23%02%03%01%00%01%00%00%00%01%9A%05%9D%05%8A%04%CA%BEselfreg%00%F2%FA%A5test%00%FA%8D1%00%00%03%E2%02%85%D7%C0.%E6%A2%06%2B%91%AF8hE%F6%C9U%84%F7%7D%A1%B3U%3F%CF%B4%1B%B0%85%A4%24x%11m%00%04%FA%8E3%00%03%D2%D62147483647%00%00%00%00 (532 bytes,scope=1) D7C02E-0296-0006-050B-450F1E
1400719365.125109 ccnd[662]: sl.1598 0 ci=4 osrc=4294967295 src=0 usec=9796
1400719365.125117 ccnd[662]: fwd.3059 adding 0
1400719365.125124 ccnd[662]: sl.1598 0 ci=3 osrc=4294967295 src=0 usec=9796
1400719365.125131 ccnd[662]: fwd.3059 adding 0
1400719365.125217 ccnd[662]: debug.1268 content_to 6 ccnx:/ccnx/%D7%C0.%E6%A2%06%2B%91%AF8hE%F6%C9U%84%F7%7D%A1%B3U%3F%CF%B4%1B%B0%85%A4%24x%11m/selfreg/%04%82%02%AA%03%B2%08%85%1Cm%1C%DC%CBq%99j%0E%7F%24%13%5B%A0%A4%D6%06%FF%E4j%8F%C0.%3A6%C7%1EJ3K%A7B%D0%89%D5%FEn%FE%01i%A6%B7%9C6%3A%A3%21%C5%1C3%DA%CA%C8%1E%D6%24%A6%BB%60%F4%94%A9%E7%92%EC%12%3C%7D%8B75%EC%0E%F5%02%BD%CA%FF%3E%93_%3Ey%17%81%DD%C8%C0%B7%1D%03%BC%D8B%FC%D7I%B8%A9%AE%D3%A5c%FD%0D%07%18%DD%5C%A4%984%9A%2Cz%7C%F3%9F%9D%1CJ%2A%A4m%E6%E7%FA%14%00%00%F2%00%01%A2%03%E2%02%85%3F%CEUL%08m2%E5%A6%28%3Ew%CDb%836%8B%D9z%DA%5B%02%D776-%A5s%B2%09%84%40%00%02%BA%B5%057%D4%80Q%BE%00%01%E2%01%DA%0A%950%81%9F0%0D%06%09%2A%86H%86%F7%0D%01%01%01%05%00%03%81%8D%000%81%89%02%81%81%00%C0%FB%16%1F%A6%9A%5E%A0%2A%D2%80%DA%8E%D9f%C1%85r%83t%A6%28P6%CC%20O%60%D9Pi%87%F3%F6%D7%8C%F8F%BFw%3C%08%10%FF%D8%02%3E%1B%03E%0B%24%D5T%3F%21T%FC%8Fl%5C%07%22%60o%AA%AF%8E%1E6%9A%7DvVbs%2C%BCrW-Z%0F%F1%9F%CA%DA%B3%E0%06%E9%81%F7-%01%16%D5%7D%DF%D4%21E%2F%B0%C1%A7%27%AF%C2%0C%B6%C3%EC%1C%BF%5D%82T%A5%DEa%C4%14%401%10%C6%23%02%03%01%00%01%00%00%00%01%9A%05%9D%05%8A%04%CA%BEselfreg%00%F2%FA%A5test%00%FA%8D1%00%00%03%E2%02%85%D7%C0.%E6%A2%06%2B%91%AF8hE%F6%C9U%84%F7%7D%A1%B3U%3F%CF%B4%1B%B0%85%A4%24x%11m%00%04%FA%8E3%00%03%D2%D62147483647%00%00%00%00/%98%98%F7KV%FD%0C-%EF%90%1F%FF%DE%F3O%C9%89%B7%E3%A7%02%EA%94%F6%B9Z%1C%15%B90%27r (991 bytes)
1400719366.000000 ccnd[662]: 6001 ____________________ Thu May 22 00:42:46 2014
1400719366.175401 ccnd[662]: accepted datagram client id=7 (flags=0x40012) 192.168.122.2 port 6001
1400719366.175470 ccnd[662]: debug.3807 interest_from 7 ccnx:/test/1 (32 bytes) 6A536B-028A-0008-050B-2A23EF
1400719366.175482 ccnd[662]: version: 20090701, prefix_comps: 2, min_suffix_comps: 0, max_suffix_comps: 32767, orderpref: 0, answerfrom: 3, scope: -1, lifetime: 4.0000, excl: 0 bytes, etc: 0 bytes
1400719366.175527 ccnd[662]: debug.3856 first_candidate ccnx:/%C1.M.S.localhost/%C1.M.SRV/ccnd/KEY/%C1.M.K%00%D7%C0.%E6%A2%06%2B%91%AF8hE%F6%C9U%84%F7%7D%A1%B3U%3F%CF%B4%1B%B0%85%A4%24x%11m/%FD%057%D4~%0A%F9/%00/%04%BF%F6w%DC%18F%16%B6%9B%3E%3Aq%1AfMO%CD%AD%2B%3C%88%3F%9E%07%97bSR%B5%C9%9C (611 bytes)
1400719366.175549 ccnd[662]: debug.3863 prefix_mismatch ccnx:/test/1 (32 bytes) 6A536B-028A-0008-050B-2A23EF
1400719366.175559 ccnd[662]: fwd.3059 adding 6
1400719366.175570 ccnd[662]: outbound.3131 adding 6
1400719366.175596 ccnd[662]: debug.3523 0xfba9f0.0of1,usec=2076+3997924 7 ccnx:/test/1 (32 bytes) 6A536B-028A-0008-050B-2A23EF
1400719366.175622 ccnd[662]: debug.3807 interest_from 7 ccnx:/%C1.M.S.neighborhood/%C1.M.SRV/ccnd/KEY (55 bytes,scope=2)
1400719366.175632 ccnd[662]: version: 20090701, prefix_comps: 4, min_suffix_comps: 0, max_suffix_comps: 32767, orderpref: 0, answerfrom: 3, scope: 2, lifetime: 4.0000, excl: 0 bytes, etc: 0 bytes
1400719366.175652 ccnd[662]: fwd.3059 adding 0
1400719366.175663 ccnd[662]: outbound.3131 adding 0
1400719366.175692 ccnd[662]: debug.3523 0xfc0d70.0of1,usec=853+3999147 7 ccnx:/%C1.M.S.neighborhood/%C1.M.SRV/ccnd/KEY (71 bytes,scope=2) D7C02E-0296-0007-062C-68909B
1400719366.176860 ccnd[662]: debug.3210 interest_to 0 ccnx:/%C1.M.S.neighborhood/%C1.M.SRV/ccnd/KEY (71 bytes,scope=2) D7C02E-0296-0007-062C-68909B
1400719366.176890 ccnd[662]: debug.158 ccnd_answer_req ccnx:/%C1.M.S.neighborhood/%C1.M.SRV/ccnd/KEY (71 bytes,scope=2) D7C02E-0296-0007-062C-68909B
1400719366.177848 ccnd[662]: debug.4109 content_from 0 ccnx:/%C1.M.S.neighborhood/%C1.M.SRV/ccnd/KEY/%C1.M.K%00%D7%C0.%E6%A2%06%2B%91%AF8hE%F6%C9U%84%F7%7D%A1%B3U%3F%CF%B4%1B%B0%85%A4%24x%11m/%FD%057%D4~%0A%F9/%00/%E1%C7W%AC%7F%16%19%A2%C7%F1FK%8D%8D%89%93bVj%BF%DE%01%BA%8EEp%89%83%7D%BCw%E0 (617 bytes)
1400719366.177875 ccnd[662]: fwd.3059 adding 0
1400719366.177908 ccnd[662]: face 7 q 1 delay 894 usec
1400719366.177934 ccnd[662]: debug.1526 consume 7 ccnx:/%C1.M.S.neighborhood/%C1.M.SRV/ccnd/KEY (71 bytes,scope=2) D7C02E-0296-0007-062C-68909B
1400719366.177945 ccnd[662]: sl.1598 0 ci=4 osrc=4294967295 src=0 usec=9873
1400719366.177956 ccnd[662]: fwd.3059 adding 0
1400719366.177966 ccnd[662]: sl.1598 0 ci=3 osrc=4294967295 src=0 usec=9873
1400719366.177977 ccnd[662]: fwd.3059 adding 0
1400719366.178002 ccnd[662]: debug.3210 interest_to 6 ccnx:/test/1 (32 bytes) 6A536B-028A-0008-050B-2A23EF
1400719366.179800 ccnd[662]: debug.3249 0xfba9f0.1of1,usec=250000+3747924 7 ccnx:/test/1 (32 bytes) 6A536B-028A-0008-050B-2A23EF
1400719366.179859 ccnd[662]: debug.4109 content_from 6 ccnx:/test/1/%FD%057%D4%80R%21/%00/%291C%A5F%16%16%82%AF%B8%082%C7%8EtO%11%0B%14%24%3E%FE%3A%88b%94%8F%BC%FC%0CR%D6 (433 bytes)
1400719366.179893 ccnd[662]: debug.1526 consume 7 ccnx:/test/1 (32 bytes) 6A536B-028A-0008-050B-2A23EF
1400719366.179904 ccnd[662]: sl.1598 6 ci=2 osrc=4294967295 src=6 usec=9873
1400719366.179915 ccnd[662]: sl.1598 6 ci=1 osrc=4294967295 src=6 usec=9873
1400719366.179952 ccnd[662]: debug.1268 content_to 7 ccnx:/%C1.M.S.neighborhood/%C1.M.SRV/ccnd/KEY/%C1.M.K%00%D7%C0.%E6%A2%06%2B%91%AF8hE%F6%C9U%84%F7%7D%A1%B3U%3F%CF%B4%1B%B0%85%A4%24x%11m/%FD%057%D4~%0A%F9/%00/%E1%C7W%AC%7F%16%19%A2%C7%F1FK%8D%8D%89%93bVj%BF%DE%01%BA%8EEp%89%83%7D%BCw%E0 (617 bytes)
1400719366.179982 ccnd[662]: face 7 queued 1 delay 681
1400719366.180016 ccnd[662]: debug.1268 content_to 7 ccnx:/test/1/%FD%057%D4%80R%21/%00/%291C%A5F%16%16%82%AF%B8%082%C7%8EtO%11%0B%14%24%3E%FE%3A%88b%94%8F%BC%FC%0CR%D6 (433 bytes)
1400719367.000000 ccnd[662]: 6001 ____________________ Thu May 22 00:42:47 2014
1400719367.824568 ccnd[662]: accepted client fd=9 id=8
1400719367.824716 ccnd[662]: debug.3807 interest_from 8 ccnx:/%C1.M.S.localhost/%C1.M.SRV/ccnd/KEY (51 bytes,scope=1)
1400719367.824729 ccnd[662]: version: 20090701, prefix_comps: 4, min_suffix_comps: 0, max_suffix_comps: 32767, orderpref: 0, answerfrom: 3, scope: 1, lifetime: 4.0000, excl: 0 bytes, etc: 0 bytes
1400719367.824777 ccnd[662]: debug.3856 first_candidate ccnx:/%C1.M.S.localhost/%C1.M.SRV/ccnd/KEY/%C1.M.K%00%D7%C0.%E6%A2%06%2B%91%AF8hE%F6%C9U%84%F7%7D%A1%B3U%3F%CF%B4%1B%B0%85%A4%24x%11m/%FD%057%D4~%0A%F9/%00/%04%BF%F6w%DC%18F%16%B6%9B%3E%3Aq%1AfMO%CD%AD%2B%3C%88%3F%9E%07%97bSR%B5%C9%9C (611 bytes)
1400719367.824819 ccnd[662]: debug.3884 matches ccnx:/%C1.M.S.localhost/%C1.M.SRV/ccnd/KEY/%C1.M.K%00%D7%C0.%E6%A2%06%2B%91%AF8hE%F6%C9U%84%F7%7D%A1%B3U%3F%CF%B4%1B%B0%85%A4%24x%11m/%FD%057%D4~%0A%F9/%00/%04%BF%F6w%DC%18F%16%B6%9B%3E%3Aq%1AfMO%CD%AD%2B%3C%88%3F%9E%07%97bSR%B5%C9%9C (611 bytes)
1400719367.824833 ccnd[662]: face 8 q 0 delay 3 usec
1400719367.824853 ccnd[662]: debug.3918 consume 8 ccnx:/%C1.M.S.localhost/%C1.M.SRV/ccnd/KEY (51 bytes,scope=1)
1400719367.824866 ccnd[662]: fwd.3059 adding 0
1400719367.824876 ccnd[662]: fwd.3059 adding 0
1400719367.824887 ccnd[662]: fwd.3059 adding 0
1400719367.824896 ccnd[662]: fwd.3059 adding 0
1400719367.824906 ccnd[662]: fwd.3059 adding 0
1400719367.824916 ccnd[662]: fwd.3059 adding 0
1400719367.824926 ccnd[662]: fwd.3059 adding 0
1400719367.824936 ccnd[662]: fwd.3059 adding 0
1400719367.824946 ccnd[662]: fwd.3059 adding 0
1400719367.824955 ccnd[662]: fwd.3059 adding 0
1400719367.824991 ccnd[662]: debug.1268 content_to 8 ccnx:/%C1.M.S.localhost/%C1.M.SRV/ccnd/KEY/%C1.M.K%00%D7%C0.%E6%A2%06%2B%91%AF8hE%F6%C9U%84%F7%7D%A1%B3U%3F%CF%B4%1B%B0%85%A4%24x%11m/%FD%057%D4~%0A%F9/%00/%04%BF%F6w%DC%18F%16%B6%9B%3E%3Aq%1AfMO%CD%AD%2B%3C%88%3F%9E%07%97bSR%B5%C9%9C (611 bytes)
1400719367.831163 ccnd[662]: debug.3807 interest_from 8 ccnx:/ccnx/%D7%C0.%E6%A2%06%2B%91%AF8hE%F6%C9U%84%F7%7D%A1%B3U%3F%CF%B4%1B%B0%85%A4%24x%11m/newface/%04%82%02%AA%03%B2%08%85%AE6%02T%C1j%8C%FB%99%98%86%20I%2F%9F%D3%9A%C1d%1E%1B%0C%95%09%0B%AD%3AT%2FxP%20%FD%E6%97F%DA%CB%1B%1D%C87%82%F07%B6%E2%9BG%2C%10%94%DF%EE%ED0B%87%03%C6%92%1A%24%01%C5%2F0%BFJW%15%40G%81%A4%AF%09%E8%08.%ADq%2A%60%B4%F1%B4%BD%F3%2A%96%29n%29s%D3%3A%BB%C1K%BD%BA4%FFYA%5D%C6%19%A8%7CR%BE%A0%29%F2R%C89%27%BA%C2%D49%9B%82%20%7C%00%00%F2%00%01%A2%03%E2%02%85%3F%CEUL%08m2%E5%A6%28%3Ew%CDb%836%8B%D9z%DA%5B%02%D776-%A5s%B2%09%84%40%00%02%BA%B5%057%D4%80%7DF%00%01%E2%01%DA%0A%950%81%9F0%0D%06%09%2A%86H%86%F7%0D%01%01%01%05%00%03%81%8D%000%81%89%02%81%81%00%C0%FB%16%1F%A6%9A%5E%A0%2A%D2%80%DA%8E%D9f%C1%85r%83t%A6%28P6%CC%20O%60%D9Pi%87%F3%F6%D7%8C%F8F%BFw%3C%08%10%FF%D8%02%3E%1B%03E%0B%24%D5T%3F%21T%FC%8Fl%5C%07%22%60o%AA%AF%8E%1E6%9A%7DvVbs%2C%BCrW-Z%0F%F1%9F%CA%DA%B3%E0%06%E9%81%F7-%01%16%D5%7D%DF%D4%21E%2F%B0%C1%A7%27%AF%C2%0C%B6%C3%EC%1C%BF%5D%82T%A5%DEa%C4%14%401%10%C6%23%02%03%01%00%01%00%00%00%01%9A%06%AD%05%82%04%CA%BEnewface%00%03%E2%02%85%D7%C0.%E6%A2%06%2B%91%AF8hE%F6%C9U%84%F7%7D%A1%B3U%3F%CF%B4%1B%B0%85%A4%24x%11m%00%04%D2%8E0%00%04%DA%9617%00%04%E2%EE192.168.122.2%00%04%EA%A66001%00%03%D2%D62147483647%00%00%00%00 (534 bytes,scope=1)
1400719367.831193 ccnd[662]: version: 20090701, prefix_comps: 4, min_suffix_comps: 0, max_suffix_comps: 32767, orderpref: 0, answerfrom: 3, scope: 1, lifetime: 4.0000, excl: 0 bytes, etc: 0 bytes
1400719367.831326 ccnd[662]: debug.3856 first_candidate ccnx:/ccnx/%D7%C0.%E6%A2%06%2B%91%AF8hE%F6%C9U%84%F7%7D%A1%B3U%3F%CF%B4%1B%B0%85%A4%24x%11m/selfreg/%04%82%02%AA%03%B2%08%85%1Cm%1C%DC%CBq%99j%0E%7F%24%13%5B%A0%A4%D6%06%FF%E4j%8F%C0.%3A6%C7%1EJ3K%A7B%D0%89%D5%FEn%FE%01i%A6%B7%9C6%3A%A3%21%C5%1C3%DA%CA%C8%1E%D6%24%A6%BB%60%F4%94%A9%E7%92%EC%12%3C%7D%8B75%EC%0E%F5%02%BD%CA%FF%3E%93_%3Ey%17%81%DD%C8%C0%B7%1D%03%BC%D8B%FC%D7I%B8%A9%AE%D3%A5c%FD%0D%07%18%DD%5C%A4%984%9A%2Cz%7C%F3%9F%9D%1CJ%2A%A4m%E6%E7%FA%14%00%00%F2%00%01%A2%03%E2%02%85%3F%CEUL%08m2%E5%A6%28%3Ew%CDb%836%8B%D9z%DA%5B%02%D776-%A5s%B2%09%84%40%00%02%BA%B5%057%D4%80Q%BE%00%01%E2%01%DA%0A%950%81%9F0%0D%06%09%2A%86H%86%F7%0D%01%01%01%05%00%03%81%8D%000%81%89%02%81%81%00%C0%FB%16%1F%A6%9A%5E%A0%2A%D2%80%DA%8E%D9f%C1%85r%83t%A6%28P6%CC%20O%60%D9Pi%87%F3%F6%D7%8C%F8F%BFw%3C%08%10%FF%D8%02%3E%1B%03E%0B%24%D5T%3F%21T%FC%8Fl%5C%07%22%60o%AA%AF%8E%1E6%9A%7DvVbs%2C%BCrW-Z%0F%F1%9F%CA%DA%B3%E0%06%E9%81%F7-%01%16%D5%7D%DF%D4%21E%2F%B0%C1%A7%27%AF%C2%0C%B6%C3%EC%1C%BF%5D%82T%A5%DEa%C4%14%401%10%C6%23%02%03%01%00%01%00%00%00%01%9A%05%9D%05%8A%04%CA%BEselfreg%00%F2%FA%A5test%00%FA%8D1%00%00%03%E2%02%85%D7%C0.%E6%A2%06%2B%91%AF8hE%F6%C9U%84%F7%7D%A1%B3U%3F%CF%B4%1B%B0%85%A4%24x%11m%00%04%FA%8E3%00%03%D2%D62147483647%00%00%00%00/%98%98%F7KV%FD%0C-%EF%90%1F%FF%DE%F3O%C9%89%B7%E3%A7%02%EA%94%F6%B9Z%1C%15%B90%27r (991 bytes)
1400719367.831444 ccnd[662]: debug.3863 prefix_mismatch ccnx:/ccnx/%D7%C0.%E6%A2%06%2B%91%AF8hE%F6%C9U%84%F7%7D%A1%B3U%3F%CF%B4%1B%B0%85%A4%24x%11m/newface/%04%82%02%AA%03%B2%08%85%AE6%02T%C1j%8C%FB%99%98%86%20I%2F%9F%D3%9A%C1d%1E%1B%0C%95%09%0B%AD%3AT%2FxP%20%FD%E6%97F%DA%CB%1B%1D%C87%82%F07%B6%E2%9BG%2C%10%94%DF%EE%ED0B%87%03%C6%92%1A%24%01%C5%2F0%BFJW%15%40G%81%A4%AF%09%E8%08.%ADq%2A%60%B4%F1%B4%BD%F3%2A%96%29n%29s%D3%3A%BB%C1K%BD%BA4%FFYA%5D%C6%19%A8%7CR%BE%A0%29%F2R%C89%27%BA%C2%D49%9B%82%20%7C%00%00%F2%00%01%A2%03%E2%02%85%3F%CEUL%08m2%E5%A6%28%3Ew%CDb%836%8B%D9z%DA%5B%02%D776-%A5s%B2%09%84%40%00%02%BA%B5%057%D4%80%7DF%00%01%E2%01%DA%0A%950%81%9F0%0D%06%09%2A%86H%86%F7%0D%01%01%01%05%00%03%81%8D%000%81%89%02%81%81%00%C0%FB%16%1F%A6%9A%5E%A0%2A%D2%80%DA%8E%D9f%C1%85r%83t%A6%28P6%CC%20O%60%D9Pi%87%F3%F6%D7%8C%F8F%BFw%3C%08%10%FF%D8%02%3E%1B%03E%0B%24%D5T%3F%21T%FC%8Fl%5C%07%22%60o%AA%AF%8E%1E6%9A%7DvVbs%2C%BCrW-Z%0F%F1%9F%CA%DA%B3%E0%06%E9%81%F7-%01%16%D5%7D%DF%D4%21E%2F%B0%C1%A7%27%AF%C2%0C%B6%C3%EC%1C%BF%5D%82T%A5%DEa%C4%14%401%10%C6%23%02%03%01%00%01%00%00%00%01%9A%06%AD%05%82%04%CA%BEnewface%00%03%E2%02%85%D7%C0.%E6%A2%06%2B%91%AF8hE%F6%C9U%84%F7%7D%A1%B3U%3F%CF%B4%1B%B0%85%A4%24x%11m%00%04%D2%8E0%00%04%DA%9617%00%04%E2%EE192.168.122.2%00%04%EA%A66001%00%03%D2%D62147483647%00%00%00%00 (534 bytes,scope=1)
1400719367.831458 ccnd[662]: outbound.3131 adding 0
1400719367.831583 ccnd[662]: debug.3523 0xfc4870.0of1,usec=2830+3997170 8 ccnx:/ccnx/%D7%C0.%E6%A2%06%2B%91%AF8hE%F6%C9U%84%F7%7D%A1%B3U%3F%CF%B4%1B%B0%85%A4%24x%11m/newface/%04%82%02%AA%03%B2%08%85%AE6%02T%C1j%8C%FB%99%98%86%20I%2F%9F%D3%9A%C1d%1E%1B%0C%95%09%0B%AD%3AT%2FxP%20%FD%E6%97F%DA%CB%1B%1D%C87%82%F07%B6%E2%9BG%2C%10%94%DF%EE%ED0B%87%03%C6%92%1A%24%01%C5%2F0%BFJW%15%40G%81%A4%AF%09%E8%08.%ADq%2A%60%B4%F1%B4%BD%F3%2A%96%29n%29s%D3%3A%BB%C1K%BD%BA4%FFYA%5D%C6%19%A8%7CR%BE%A0%29%F2R%C89%27%BA%C2%D49%9B%82%20%7C%00%00%F2%00%01%A2%03%E2%02%85%3F%CEUL%08m2%E5%A6%28%3Ew%CDb%836%8B%D9z%DA%5B%02%D776-%A5s%B2%09%84%40%00%02%BA%B5%057%D4%80%7DF%00%01%E2%01%DA%0A%950%81%9F0%0D%06%09%2A%86H%86%F7%0D%01%01%01%05%00%03%81%8D%000%81%89%02%81%81%00%C0%FB%16%1F%A6%9A%5E%A0%2A%D2%80%DA%8E%D9f%C1%85r%83t%A6%28P6%CC%20O%60%D9Pi%87%F3%F6%D7%8C%F8F%BFw%3C%08%10%FF%D8%02%3E%1B%03E%0B%24%D5T%3F%21T%FC%8Fl%5C%07%22%60o%AA%AF%8E%1E6%9A%7DvVbs%2C%BCrW-Z%0F%F1%9F%CA%DA%B3%E0%06%E9%81%F7-%01%16%D5%7D%DF%D4%21E%2F%B0%C1%A7%27%AF%C2%0C%B6%C3%EC%1C%BF%5D%82T%A5%DEa%C4%14%401%10%C6%23%02%03%01%00%01%00%00%00%01%9A%06%AD%05%82%04%CA%BEnewface%00%03%E2%02%85%D7%C0.%E6%A2%06%2B%91%AF8hE%F6%C9U%84%F7%7D%A1%B3U%3F%CF%B4%1B%B0%85%A4%24x%11m%00%04%D2%8E0%00%04%DA%9617%00%04%E2%EE192.168.122.2%00%04%EA%A66001%00%03%D2%D62147483647%00%00%00%00 (550 bytes,scope=1) D7C02E-0296-0008-07D3-7C5032
1400719367.834854 ccnd[662]: debug.3210 interest_to 0 ccnx:/ccnx/%D7%C0.%E6%A2%06%2B%91%AF8hE%F6%C9U%84%F7%7D%A1%B3U%3F%CF%B4%1B%B0%85%A4%24x%11m/newface/%04%82%02%AA%03%B2%08%85%AE6%02T%C1j%8C%FB%99%98%86%20I%2F%9F%D3%9A%C1d%1E%1B%0C%95%09%0B%AD%3AT%2FxP%20%FD%E6%97F%DA%CB%1B%1D%C87%82%F07%B6%E2%9BG%2C%10%94%DF%EE%ED0B%87%03%C6%92%1A%24%01%C5%2F0%BFJW%15%40G%81%A4%AF%09%E8%08.%ADq%2A%60%B4%F1%B4%BD%F3%2A%96%29n%29s%D3%3A%BB%C1K%BD%BA4%FFYA%5D%C6%19%A8%7CR%BE%A0%29%F2R%C89%27%BA%C2%D49%9B%82%20%7C%00%00%F2%00%01%A2%03%E2%02%85%3F%CEUL%08m2%E5%A6%28%3Ew%CDb%836%8B%D9z%DA%5B%02%D776-%A5s%B2%09%84%40%00%02%BA%B5%057%D4%80%7DF%00%01%E2%01%DA%0A%950%81%9F0%0D%06%09%2A%86H%86%F7%0D%01%01%01%05%00%03%81%8D%000%81%89%02%81%81%00%C0%FB%16%1F%A6%9A%5E%A0%2A%D2%80%DA%8E%D9f%C1%85r%83t%A6%28P6%CC%20O%60%D9Pi%87%F3%F6%D7%8C%F8F%BFw%3C%08%10%FF%D8%02%3E%1B%03E%0B%24%D5T%3F%21T%FC%8Fl%5C%07%22%60o%AA%AF%8E%1E6%9A%7DvVbs%2C%BCrW-Z%0F%F1%9F%CA%DA%B3%E0%06%E9%81%F7-%01%16%D5%7D%DF%D4%21E%2F%B0%C1%A7%27%AF%C2%0C%B6%C3%EC%1C%BF%5D%82T%A5%DEa%C4%14%401%10%C6%23%02%03%01%00%01%00%00%00%01%9A%06%AD%05%82%04%CA%BEnewface%00%03%E2%02%85%D7%C0.%E6%A2%06%2B%91%AF8hE%F6%C9U%84%F7%7D%A1%B3U%3F%CF%B4%1B%B0%85%A4%24x%11m%00%04%D2%8E0%00%04%DA%9617%00%04%E2%EE192.168.122.2%00%04%EA%A66001%00%03%D2%D62147483647%00%00%00%00 (550 bytes,scope=1) D7C02E-0296-0008-07D3-7C5032
1400719367.834985 ccnd[662]: debug.158 ccnd_answer_req ccnx:/ccnx/%D7%C0.%E6%A2%06%2B%91%AF8hE%F6%C9U%84%F7%7D%A1%B3U%3F%CF%B4%1B%B0%85%A4%24x%11m/newface/%04%82%02%AA%03%B2%08%85%AE6%02T%C1j%8C%FB%99%98%86%20I%2F%9F%D3%9A%C1d%1E%1B%0C%95%09%0B%AD%3AT%2FxP%20%FD%E6%97F%DA%CB%1B%1D%C87%82%F07%B6%E2%9BG%2C%10%94%DF%EE%ED0B%87%03%C6%92%1A%24%01%C5%2F0%BFJW%15%40G%81%A4%AF%09%E8%08.%ADq%2A%60%B4%F1%B4%BD%F3%2A%96%29n%29s%D3%3A%BB%C1K%BD%BA4%FFYA%5D%C6%19%A8%7CR%BE%A0%29%F2R%C89%27%BA%C2%D49%9B%82%20%7C%00%00%F2%00%01%A2%03%E2%02%85%3F%CEUL%08m2%E5%A6%28%3Ew%CDb%836%8B%D9z%DA%5B%02%D776-%A5s%B2%09%84%40%00%02%BA%B5%057%D4%80%7DF%00%01%E2%01%DA%0A%950%81%9F0%0D%06%09%2A%86H%86%F7%0D%01%01%01%05%00%03%81%8D%000%81%89%02%81%81%00%C0%FB%16%1F%A6%9A%5E%A0%2A%D2%80%DA%8E%D9f%C1%85r%83t%A6%28P6%CC%20O%60%D9Pi%87%F3%F6%D7%8C%F8F%BFw%3C%08%10%FF%D8%02%3E%1B%03E%0B%24%D5T%3F%21T%FC%8Fl%5C%07%22%60o%AA%AF%8E%1E6%9A%7DvVbs%2C%BCrW-Z%0F%F1%9F%CA%DA%B3%E0%06%E9%81%F7-%01%16%D5%7D%DF%D4%21E%2F%B0%C1%A7%27%AF%C2%0C%B6%C3%EC%1C%BF%5D%82T%A5%DEa%C4%14%401%10%C6%23%02%03%01%00%01%00%00%00%01%9A%06%AD%05%82%04%CA%BEnewface%00%03%E2%02%85%D7%C0.%E6%A2%06%2B%91%AF8hE%F6%C9U%84%F7%7D%A1%B3U%3F%CF%B4%1B%B0%85%A4%24x%11m%00%04%D2%8E0%00%04%DA%9617%00%04%E2%EE192.168.122.2%00%04%EA%A66001%00%03%D2%D62147483647%00%00%00%00 (550 bytes,scope=1) D7C02E-0296-0008-07D3-7C5032
1400719367.835122 ccnd[662]: ccnd_req_newface from 8: getaddrinfo(192.168.122.2, 6001, ...) returned 0
1400719367.836078 ccnd[662]: debug.280 ccnd_answer_req_response ccnx:/ccnx/%D7%C0.%E6%A2%06%2B%91%AF8hE%F6%C9U%84%F7%7D%A1%B3U%3F%CF%B4%1B%B0%85%A4%24x%11m/newface/%04%82%02%AA%03%B2%08%85%AE6%02T%C1j%8C%FB%99%98%86%20I%2F%9F%D3%9A%C1d%1E%1B%0C%95%09%0B%AD%3AT%2FxP%20%FD%E6%97F%DA%CB%1B%1D%C87%82%F07%B6%E2%9BG%2C%10%94%DF%EE%ED0B%87%03%C6%92%1A%24%01%C5%2F0%BFJW%15%40G%81%A4%AF%09%E8%08.%ADq%2A%60%B4%F1%B4%BD%F3%2A%96%29n%29s%D3%3A%BB%C1K%BD%BA4%FFYA%5D%C6%19%A8%7CR%BE%A0%29%F2R%C89%27%BA%C2%D49%9B%82%20%7C%00%00%F2%00%01%A2%03%E2%02%85%3F%CEUL%08m2%E5%A6%28%3Ew%CDb%836%8B%D9z%DA%5B%02%D776-%A5s%B2%09%84%40%00%02%BA%B5%057%D4%80%7DF%00%01%E2%01%DA%0A%950%81%9F0%0D%06%09%2A%86H%86%F7%0D%01%01%01%05%00%03%81%8D%000%81%89%02%81%81%00%C0%FB%16%1F%A6%9A%5E%A0%2A%D2%80%DA%8E%D9f%C1%85r%83t%A6%28P6%CC%20O%60%D9Pi%87%F3%F6%D7%8C%F8F%BFw%3C%08%10%FF%D8%02%3E%1B%03E%0B%24%D5T%3F%21T%FC%8Fl%5C%07%22%60o%AA%AF%8E%1E6%9A%7DvVbs%2C%BCrW-Z%0F%F1%9F%CA%DA%B3%E0%06%E9%81%F7-%01%16%D5%7D%DF%D4%21E%2F%B0%C1%A7%27%AF%C2%0C%B6%C3%EC%1C%BF%5D%82T%A5%DEa%C4%14%401%10%C6%23%02%03%01%00%01%00%00%00%01%9A%06%AD%05%82%04%CA%BEnewface%00%03%E2%02%85%D7%C0.%E6%A2%06%2B%91%AF8hE%F6%C9U%84%F7%7D%A1%B3U%3F%CF%B4%1B%B0%85%A4%24x%11m%00%04%D2%8E0%00%04%DA%9617%00%04%E2%EE192.168.122.2%00%04%EA%A66001%00%03%D2%D62147483647%00%00%00%00 (986 bytes)
1400719367.836265 ccnd[662]: debug.4109 content_from 0 ccnx:/ccnx/%D7%C0.%E6%A2%06%2B%91%AF8hE%F6%C9U%84%F7%7D%A1%B3U%3F%CF%B4%1B%B0%85%A4%24x%11m/newface/%04%82%02%AA%03%B2%08%85%AE6%02T%C1j%8C%FB%99%98%86%20I%2F%9F%D3%9A%C1d%1E%1B%0C%95%09%0B%AD%3AT%2FxP%20%FD%E6%97F%DA%CB%1B%1D%C87%82%F07%B6%E2%9BG%2C%10%94%DF%EE%ED0B%87%03%C6%92%1A%24%01%C5%2F0%BFJW%15%40G%81%A4%AF%09%E8%08.%ADq%2A%60%B4%F1%B4%BD%F3%2A%96%29n%29s%D3%3A%BB%C1K%BD%BA4%FFYA%5D%C6%19%A8%7CR%BE%A0%29%F2R%C89%27%BA%C2%D49%9B%82%20%7C%00%00%F2%00%01%A2%03%E2%02%85%3F%CEUL%08m2%E5%A6%28%3Ew%CDb%836%8B%D9z%DA%5B%02%D776-%A5s%B2%09%84%40%00%02%BA%B5%057%D4%80%7DF%00%01%E2%01%DA%0A%950%81%9F0%0D%06%09%2A%86H%86%F7%0D%01%01%01%05%00%03%81%8D%000%81%89%02%81%81%00%C0%FB%16%1F%A6%9A%5E%A0%2A%D2%80%DA%8E%D9f%C1%85r%83t%A6%28P6%CC%20O%60%D9Pi%87%F3%F6%D7%8C%F8F%BFw%3C%08%10%FF%D8%02%3E%1B%03E%0B%24%D5T%3F%21T%FC%8Fl%5C%07%22%60o%AA%AF%8E%1E6%9A%7DvVbs%2C%BCrW-Z%0F%F1%9F%CA%DA%B3%E0%06%E9%81%F7-%01%16%D5%7D%DF%D4%21E%2F%B0%C1%A7%27%AF%C2%0C%B6%C3%EC%1C%BF%5D%82T%A5%DEa%C4%14%401%10%C6%23%02%03%01%00%01%00%00%00%01%9A%06%AD%05%82%04%CA%BEnewface%00%03%E2%02%85%D7%C0.%E6%A2%06%2B%91%AF8hE%F6%C9U%84%F7%7D%A1%B3U%3F%CF%B4%1B%B0%85%A4%24x%11m%00%04%D2%8E0%00%04%DA%9617%00%04%E2%EE192.168.122.2%00%04%EA%A66001%00%03%D2%D62147483647%00%00%00%00/%E0%13%D4%D6%E1%01%FCqj%A6%B1%06e%A2%B2%A0%1B.%22%BE%91%17%8C%20%98%EE%1FV%3D%07%1F%96 (1022 bytes)
1400719367.836304 ccnd[662]: fwd.3059 adding 0
1400719367.836323 ccnd[662]: face 8 q 0 delay 3 usec
1400719367.836443 ccnd[662]: debug.1526 consume 8 ccnx:/ccnx/%D7%C0.%E6%A2%06%2B%91%AF8hE%F6%C9U%84%F7%7D%A1%B3U%3F%CF%B4%1B%B0%85%A4%24x%11m/newface/%04%82%02%AA%03%B2%08%85%AE6%02T%C1j%8C%FB%99%98%86%20I%2F%9F%D3%9A%C1d%1E%1B%0C%95%09%0B%AD%3AT%2FxP%20%FD%E6%97F%DA%CB%1B%1D%C87%82%F07%B6%E2%9BG%2C%10%94%DF%EE%ED0B%87%03%C6%92%1A%24%01%C5%2F0%BFJW%15%40G%81%A4%AF%09%E8%08.%ADq%2A%60%B4%F1%B4%BD%F3%2A%96%29n%29s%D3%3A%BB%C1K%BD%BA4%FFYA%5D%C6%19%A8%7CR%BE%A0%29%F2R%C89%27%BA%C2%D49%9B%82%20%7C%00%00%F2%00%01%A2%03%E2%02%85%3F%CEUL%08m2%E5%A6%28%3Ew%CDb%836%8B%D9z%DA%5B%02%D776-%A5s%B2%09%84%40%00%02%BA%B5%057%D4%80%7DF%00%01%E2%01%DA%0A%950%81%9F0%0D%06%09%2A%86H%86%F7%0D%01%01%01%05%00%03%81%8D%000%81%89%02%81%81%00%C0%FB%16%1F%A6%9A%5E%A0%2A%D2%80%DA%8E%D9f%C1%85r%83t%A6%28P6%CC%20O%60%D9Pi%87%F3%F6%D7%8C%F8F%BFw%3C%08%10%FF%D8%02%3E%1B%03E%0B%24%D5T%3F%21T%FC%8Fl%5C%07%22%60o%AA%AF%8E%1E6%9A%7DvVbs%2C%BCrW-Z%0F%F1%9F%CA%DA%B3%E0%06%E9%81%F7-%01%16%D5%7D%DF%D4%21E%2F%B0%C1%A7%27%AF%C2%0C%B6%C3%EC%1C%BF%5D%82T%A5%DEa%C4%14%401%10%C6%23%02%03%01%00%01%00%00%00%01%9A%06%AD%05%82%04%CA%BEnewface%00%03%E2%02%85%D7%C0.%E6%A2%06%2B%91%AF8hE%F6%C9U%84%F7%7D%A1%B3U%3F%CF%B4%1B%B0%85%A4%24x%11m%00%04%D2%8E0%00%04%DA%9617%00%04%E2%EE192.168.122.2%00%04%EA%A66001%00%03%D2%D62147483647%00%00%00%00 (550 bytes,scope=1) D7C02E-0296-0008-07D3-7C5032
1400719367.836456 ccnd[662]: sl.1598 0 ci=4 osrc=4294967295 src=0 usec=9873
1400719367.836477 ccnd[662]: fwd.3059 adding 0
1400719367.836488 ccnd[662]: sl.1598 0 ci=3 osrc=4294967295 src=0 usec=9873
1400719367.836613 ccnd[662]: debug.1268 content_to 8 ccnx:/ccnx/%D7%C0.%E6%A2%06%2B%91%AF8hE%F6%C9U%84%F7%7D%A1%B3U%3F%CF%B4%1B%B0%85%A4%24x%11m/newface/%04%82%02%AA%03%B2%08%85%AE6%02T%C1j%8C%FB%99%98%86%20I%2F%9F%D3%9A%C1d%1E%1B%0C%95%09%0B%AD%3AT%2FxP%20%FD%E6%97F%DA%CB%1B%1D%C87%82%F07%B6%E2%9BG%2C%10%94%DF%EE%ED0B%87%03%C6%92%1A%24%01%C5%2F0%BFJW%15%40G%81%A4%AF%09%E8%08.%ADq%2A%60%B4%F1%B4%BD%F3%2A%96%29n%29s%D3%3A%BB%C1K%BD%BA4%FFYA%5D%C6%19%A8%7CR%BE%A0%29%F2R%C89%27%BA%C2%D49%9B%82%20%7C%00%00%F2%00%01%A2%03%E2%02%85%3F%CEUL%08m2%E5%A6%28%3Ew%CDb%836%8B%D9z%DA%5B%02%D776-%A5s%B2%09%84%40%00%02%BA%B5%057%D4%80%7DF%00%01%E2%01%DA%0A%950%81%9F0%0D%06%09%2A%86H%86%F7%0D%01%01%01%05%00%03%81%8D%000%81%89%02%81%81%00%C0%FB%16%1F%A6%9A%5E%A0%2A%D2%80%DA%8E%D9f%C1%85r%83t%A6%28P6%CC%20O%60%D9Pi%87%F3%F6%D7%8C%F8F%BFw%3C%08%10%FF%D8%02%3E%1B%03E%0B%24%D5T%3F%21T%FC%8Fl%5C%07%22%60o%AA%AF%8E%1E6%9A%7DvVbs%2C%BCrW-Z%0F%F1%9F%CA%DA%B3%E0%06%E9%81%F7-%01%16%D5%7D%DF%D4%21E%2F%B0%C1%A7%27%AF%C2%0C%B6%C3%EC%1C%BF%5D%82T%A5%DEa%C4%14%401%10%C6%23%02%03%01%00%01%00%00%00%01%9A%06%AD%05%82%04%CA%BEnewface%00%03%E2%02%85%D7%C0.%E6%A2%06%2B%91%AF8hE%F6%C9U%84%F7%7D%A1%B3U%3F%CF%B4%1B%B0%85%A4%24x%11m%00%04%D2%8E0%00%04%DA%9617%00%04%E2%EE192.168.122.2%00%04%EA%A66001%00%03%D2%D62147483647%00%00%00%00/%E0%13%D4%D6%E1%01%FCqj%A6%B1%06e%A2%B2%A0%1B.%22%BE%91%17%8C%20%98%EE%1FV%3D%07%1F%96 (1022 bytes)
1400719367.837437 ccnd[662]: debug.3807 interest_from 8 ccnx:/ccnx/%D7%C0.%E6%A2%06%2B%91%AF8hE%F6%C9U%84%F7%7D%A1%B3U%3F%CF%B4%1B%B0%85%A4%24x%11m/prefixreg/%04%82%02%AA%03%B2%08%85%A7%F0%F1.v%D8u%0E%E06%1D%8D%9C%E3%AD7%E0%14%8B%CF%1B%C0%0CC%98%9C%C9%11i%E1%F0W%28c%F8%E3Q%15%A3%3A%A6%C3%8EhSj%8B%88%BA%0E%03C%91i%1A%88%8A%9B1F%F4%92%09%1B%89%97%8E%A6%A3%1C%A2%04%A4%9B%5B%21H%ED%96%E4%EC%E0S%B6%FA.46%C1%97%9F%18%80%03%EDb%EF%D8%18as%A6i%5CD%D4%97%29%01h%D9%11%02z%C9fL%B3%10%9C%9C%06%C1%5C%A4%97%16%8C%00%00%F2%00%01%A2%03%E2%02%85%3F%CEUL%08m2%E5%A6%28%3Ew%CDb%836%8B%D9z%DA%5B%02%D776-%A5s%B2%09%84%40%00%02%BA%B5%057%D4%80%7Dc%00%01%E2%01%DA%0A%950%81%9F0%0D%06%09%2A%86H%86%F7%0D%01%01%01%05%00%03%81%8D%000%81%89%02%81%81%00%C0%FB%16%1F%A6%9A%5E%A0%2A%D2%80%DA%8E%D9f%C1%85r%83t%A6%28P6%CC%20O%60%D9Pi%87%F3%F6%D7%8C%F8F%BFw%3C%08%10%FF%D8%02%3E%1B%03E%0B%24%D5T%3F%21T%FC%8Fl%5C%07%22%60o%AA%AF%8E%1E6%9A%7DvVbs%2C%BCrW-Z%0F%F1%9F%CA%DA%B3%E0%06%E9%81%F7-%01%16%D5%7D%DF%D4%21E%2F%B0%C1%A7%27%AF%C2%0C%B6%C3%EC%1C%BF%5D%82T%A5%DEa%C4%14%401%10%C6%23%02%03%01%00%01%00%00%00%01%9A%04%D5%05%8A%04%CA%CEprefixreg%00%F2%00%03%E2%02%85%D7%C0.%E6%A2%06%2B%91%AF8hE%F6%C9U%84%F7%7D%A1%B3U%3F%CF%B4%1B%B0%85%A4%24x%11m%00%04%D2%8E7%00%03%D2%D62147483647%00%00%00%00 (509 bytes,scope=1)
1400719367.837448 ccnd[662]: version: 20090701, prefix_comps: 4, min_suffix_comps: 0, max_suffix_comps: 32767, orderpref: 0, answerfrom: 3, scope: 1, lifetime: 4.0000, excl: 0 bytes, etc: 0 bytes
1400719367.837474 ccnd[662]: debug.3856 first_candidate ccnx:/test/1/%FD%057%D4%80R%21/%00/%291C%A5F%16%16%82%AF%B8%082%C7%8EtO%11%0B%14%24%3E%FE%3A%88b%94%8F%BC%FC%0CR%D6 (433 bytes)
1400719367.837549 ccnd[662]: debug.3863 prefix_mismatch ccnx:/ccnx/%D7%C0.%E6%A2%06%2B%91%AF8hE%F6%C9U%84%F7%7D%A1%B3U%3F%CF%B4%1B%B0%85%A4%24x%11m/prefixreg/%04%82%02%AA%03%B2%08%85%A7%F0%F1.v%D8u%0E%E06%1D%8D%9C%E3%AD7%E0%14%8B%CF%1B%C0%0CC%98%9C%C9%11i%E1%F0W%28c%F8%E3Q%15%A3%3A%A6%C3%8EhSj%8B%88%BA%0E%03C%91i%1A%88%8A%9B1F%F4%92%09%1B%89%97%8E%A6%A3%1C%A2%04%A4%9B%5B%21H%ED%96%E4%EC%E0S%B6%FA.46%C1%97%9F%18%80%03%EDb%EF%D8%18as%A6i%5CD%D4%97%29%01h%D9%11%02z%C9fL%B3%10%9C%9C%06%C1%5C%A4%97%16%8C%00%00%F2%00%01%A2%03%E2%02%85%3F%CEUL%08m2%E5%A6%28%3Ew%CDb%836%8B%D9z%DA%5B%02%D776-%A5s%B2%09%84%40%00%02%BA%B5%057%D4%80%7Dc%00%01%E2%01%DA%0A%950%81%9F0%0D%06%09%2A%86H%86%F7%0D%01%01%01%05%00%03%81%8D%000%81%89%02%81%81%00%C0%FB%16%1F%A6%9A%5E%A0%2A%D2%80%DA%8E%D9f%C1%85r%83t%A6%28P6%CC%20O%60%D9Pi%87%F3%F6%D7%8C%F8F%BFw%3C%08%10%FF%D8%02%3E%1B%03E%0B%24%D5T%3F%21T%FC%8Fl%5C%07%22%60o%AA%AF%8E%1E6%9A%7DvVbs%2C%BCrW-Z%0F%F1%9F%CA%DA%B3%E0%06%E9%81%F7-%01%16%D5%7D%DF%D4%21E%2F%B0%C1%A7%27%AF%C2%0C%B6%C3%EC%1C%BF%5D%82T%A5%DEa%C4%14%401%10%C6%23%02%03%01%00%01%00%00%00%01%9A%04%D5%05%8A%04%CA%CEprefixreg%00%F2%00%03%E2%02%85%D7%C0.%E6%A2%06%2B%91%AF8hE%F6%C9U%84%F7%7D%A1%B3U%3F%CF%B4%1B%B0%85%A4%24x%11m%00%04%D2%8E7%00%03%D2%D62147483647%00%00%00%00 (509 bytes,scope=1)
1400719367.837565 ccnd[662]: outbound.3131 adding 0
1400719367.837646 ccnd[662]: debug.3523 0xfbe7e0.0of1,usec=3330+3996670 8 ccnx:/ccnx/%D7%C0.%E6%A2%06%2B%91%AF8hE%F6%C9U%84%F7%7D%A1%B3U%3F%CF%B4%1B%B0%85%A4%24x%11m/prefixreg/%04%82%02%AA%03%B2%08%85%A7%F0%F1.v%D8u%0E%E06%1D%8D%9C%E3%AD7%E0%14%8B%CF%1B%C0%0CC%98%9C%C9%11i%E1%F0W%28c%F8%E3Q%15%A3%3A%A6%C3%8EhSj%8B%88%BA%0E%03C%91i%1A%88%8A%9B1F%F4%92%09%1B%89%97%8E%A6%A3%1C%A2%04%A4%9B%5B%21H%ED%96%E4%EC%E0S%B6%FA.46%C1%97%9F%18%80%03%EDb%EF%D8%18as%A6i%5CD%D4%97%29%01h%D9%11%02z%C9fL%B3%10%9C%9C%06%C1%5C%A4%97%16%8C%00%00%F2%00%01%A2%03%E2%02%85%3F%CEUL%08m2%E5%A6%28%3Ew%CDb%836%8B%D9z%DA%5B%02%D776-%A5s%B2%09%84%40%00%02%BA%B5%057%D4%80%7Dc%00%01%E2%01%DA%0A%950%81%9F0%0D%06%09%2A%86H%86%F7%0D%01%01%01%05%00%03%81%8D%000%81%89%02%81%81%00%C0%FB%16%1F%A6%9A%5E%A0%2A%D2%80%DA%8E%D9f%C1%85r%83t%A6%28P6%CC%20O%60%D9Pi%87%F3%F6%D7%8C%F8F%BFw%3C%08%10%FF%D8%02%3E%1B%03E%0B%24%D5T%3F%21T%FC%8Fl%5C%07%22%60o%AA%AF%8E%1E6%9A%7DvVbs%2C%BCrW-Z%0F%F1%9F%CA%DA%B3%E0%06%E9%81%F7-%01%16%D5%7D%DF%D4%21E%2F%B0%C1%A7%27%AF%C2%0C%B6%C3%EC%1C%BF%5D%82T%A5%DEa%C4%14%401%10%C6%23%02%03%01%00%01%00%00%00%01%9A%04%D5%05%8A%04%CA%CEprefixreg%00%F2%00%03%E2%02%85%D7%C0.%E6%A2%06%2B%91%AF8hE%F6%C9U%84%F7%7D%A1%B3U%3F%CF%B4%1B%B0%85%A4%24x%11m%00%04%D2%8E7%00%03%D2%D62147483647%00%00%00%00 (525 bytes,scope=1) D7C02E-0296-0008-07D6-46F80B
1400719367.841898 ccnd[662]: debug.3210 interest_to 0 ccnx:/ccnx/%D7%C0.%E6%A2%06%2B%91%AF8hE%F6%C9U%84%F7%7D%A1%B3U%3F%CF%B4%1B%B0%85%A4%24x%11m/prefixreg/%04%82%02%AA%03%B2%08%85%A7%F0%F1.v%D8u%0E%E06%1D%8D%9C%E3%AD7%E0%14%8B%CF%1B%C0%0CC%98%9C%C9%11i%E1%F0W%28c%F8%E3Q%15%A3%3A%A6%C3%8EhSj%8B%88%BA%0E%03C%91i%1A%88%8A%9B1F%F4%92%09%1B%89%97%8E%A6%A3%1C%A2%04%A4%9B%5B%21H%ED%96%E4%EC%E0S%B6%FA.46%C1%97%9F%18%80%03%EDb%EF%D8%18as%A6i%5CD%D4%97%29%01h%D9%11%02z%C9fL%B3%10%9C%9C%06%C1%5C%A4%97%16%8C%00%00%F2%00%01%A2%03%E2%02%85%3F%CEUL%08m2%E5%A6%28%3Ew%CDb%836%8B%D9z%DA%5B%02%D776-%A5s%B2%09%84%40%00%02%BA%B5%057%D4%80%7Dc%00%01%E2%01%DA%0A%950%81%9F0%0D%06%09%2A%86H%86%F7%0D%01%01%01%05%00%03%81%8D%000%81%89%02%81%81%00%C0%FB%16%1F%A6%9A%5E%A0%2A%D2%80%DA%8E%D9f%C1%85r%83t%A6%28P6%CC%20O%60%D9Pi%87%F3%F6%D7%8C%F8F%BFw%3C%08%10%FF%D8%02%3E%1B%03E%0B%24%D5T%3F%21T%FC%8Fl%5C%07%22%60o%AA%AF%8E%1E6%9A%7DvVbs%2C%BCrW-Z%0F%F1%9F%CA%DA%B3%E0%06%E9%81%F7-%01%16%D5%7D%DF%D4%21E%2F%B0%C1%A7%27%AF%C2%0C%B6%C3%EC%1C%BF%5D%82T%A5%DEa%C4%14%401%10%C6%23%02%03%01%00%01%00%00%00%01%9A%04%D5%05%8A%04%CA%CEprefixreg%00%F2%00%03%E2%02%85%D7%C0.%E6%A2%06%2B%91%AF8hE%F6%C9U%84%F7%7D%A1%B3U%3F%CF%B4%1B%B0%85%A4%24x%11m%00%04%D2%8E7%00%03%D2%D62147483647%00%00%00%00 (525 bytes,scope=1) D7C02E-0296-0008-07D6-46F80B
1400719367.842009 ccnd[662]: debug.158 ccnd_answer_req ccnx:/ccnx/%D7%C0.%E6%A2%06%2B%91%AF8hE%F6%C9U%84%F7%7D%A1%B3U%3F%CF%B4%1B%B0%85%A4%24x%11m/prefixreg/%04%82%02%AA%03%B2%08%85%A7%F0%F1.v%D8u%0E%E06%1D%8D%9C%E3%AD7%E0%14%8B%CF%1B%C0%0CC%98%9C%C9%11i%E1%F0W%28c%F8%E3Q%15%A3%3A%A6%C3%8EhSj%8B%88%BA%0E%03C%91i%1A%88%8A%9B1F%F4%92%09%1B%89%97%8E%A6%A3%1C%A2%04%A4%9B%5B%21H%ED%96%E4%EC%E0S%B6%FA.46%C1%97%9F%18%80%03%EDb%EF%D8%18as%A6i%5CD%D4%97%29%01h%D9%11%02z%C9fL%B3%10%9C%9C%06%C1%5C%A4%97%16%8C%00%00%F2%00%01%A2%03%E2%02%85%3F%CEUL%08m2%E5%A6%28%3Ew%CDb%836%8B%D9z%DA%5B%02%D776-%A5s%B2%09%84%40%00%02%BA%B5%057%D4%80%7Dc%00%01%E2%01%DA%0A%950%81%9F0%0D%06%09%2A%86H%86%F7%0D%01%01%01%05%00%03%81%8D%000%81%89%02%81%81%00%C0%FB%16%1F%A6%9A%5E%A0%2A%D2%80%DA%8E%D9f%C1%85r%83t%A6%28P6%CC%20O%60%D9Pi%87%F3%F6%D7%8C%F8F%BFw%3C%08%10%FF%D8%02%3E%1B%03E%0B%24%D5T%3F%21T%FC%8Fl%5C%07%22%60o%AA%AF%8E%1E6%9A%7DvVbs%2C%BCrW-Z%0F%F1%9F%CA%DA%B3%E0%06%E9%81%F7-%01%16%D5%7D%DF%D4%21E%2F%B0%C1%A7%27%AF%C2%0C%B6%C3%EC%1C%BF%5D%82T%A5%DEa%C4%14%401%10%C6%23%02%03%01%00%01%00%00%00%01%9A%04%D5%05%8A%04%CA%CEprefixreg%00%F2%00%03%E2%02%85%D7%C0.%E6%A2%06%2B%91%AF8hE%F6%C9U%84%F7%7D%A1%B3U%3F%CF%B4%1B%B0%85%A4%24x%11m%00%04%D2%8E7%00%03%D2%D62147483647%00%00%00%00 (525 bytes,scope=1) D7C02E-0296-0008-07D6-46F80B
1400719367.842078 ccnd[662]: debug.2428 prefix,ff=3 7 ccnx:/ (2 bytes)
1400719367.842706 ccnd[662]: debug.280 ccnd_answer_req_response ccnx:/ccnx/%D7%C0.%E6%A2%06%2B%91%AF8hE%F6%C9U%84%F7%7D%A1%B3U%3F%CF%B4%1B%B0%85%A4%24x%11m/prefixreg/%04%82%02%AA%03%B2%08%85%A7%F0%F1.v%D8u%0E%E06%1D%8D%9C%E3%AD7%E0%14%8B%CF%1B%C0%0CC%98%9C%C9%11i%E1%F0W%28c%F8%E3Q%15%A3%3A%A6%C3%8EhSj%8B%88%BA%0E%03C%91i%1A%88%8A%9B1F%F4%92%09%1B%89%97%8E%A6%A3%1C%A2%04%A4%9B%5B%21H%ED%96%E4%EC%E0S%B6%FA.46%C1%97%9F%18%80%03%EDb%EF%D8%18as%A6i%5CD%D4%97%29%01h%D9%11%02z%C9fL%B3%10%9C%9C%06%C1%5C%A4%97%16%8C%00%00%F2%00%01%A2%03%E2%02%85%3F%CEUL%08m2%E5%A6%28%3Ew%CDb%836%8B%D9z%DA%5B%02%D776-%A5s%B2%09%84%40%00%02%BA%B5%057%D4%80%7Dc%00%01%E2%01%DA%0A%950%81%9F0%0D%06%09%2A%86H%86%F7%0D%01%01%01%05%00%03%81%8D%000%81%89%02%81%81%00%C0%FB%16%1F%A6%9A%5E%A0%2A%D2%80%DA%8E%D9f%C1%85r%83t%A6%28P6%CC%20O%60%D9Pi%87%F3%F6%D7%8C%F8F%BFw%3C%08%10%FF%D8%02%3E%1B%03E%0B%24%D5T%3F%21T%FC%8Fl%5C%07%22%60o%AA%AF%8E%1E6%9A%7DvVbs%2C%BCrW-Z%0F%F1%9F%CA%DA%B3%E0%06%E9%81%F7-%01%16%D5%7D%DF%D4%21E%2F%B0%C1%A7%27%AF%C2%0C%B6%C3%EC%1C%BF%5D%82T%A5%DEa%C4%14%401%10%C6%23%02%03%01%00%01%00%00%00%01%9A%04%D5%05%8A%04%CA%CEprefixreg%00%F2%00%03%E2%02%85%D7%C0.%E6%A2%06%2B%91%AF8hE%F6%C9U%84%F7%7D%A1%B3U%3F%CF%B4%1B%B0%85%A4%24x%11m%00%04%D2%8E7%00%03%D2%D62147483647%00%00%00%00 (941 bytes)
1400719367.842800 ccnd[662]: debug.4109 content_from 0 ccnx:/ccnx/%D7%C0.%E6%A2%06%2B%91%AF8hE%F6%C9U%84%F7%7D%A1%B3U%3F%CF%B4%1B%B0%85%A4%24x%11m/prefixreg/%04%82%02%AA%03%B2%08%85%A7%F0%F1.v%D8u%0E%E06%1D%8D%9C%E3%AD7%E0%14%8B%CF%1B%C0%0CC%98%9C%C9%11i%E1%F0W%28c%F8%E3Q%15%A3%3A%A6%C3%8EhSj%8B%88%BA%0E%03C%91i%1A%88%8A%9B1F%F4%92%09%1B%89%97%8E%A6%A3%1C%A2%04%A4%9B%5B%21H%ED%96%E4%EC%E0S%B6%FA.46%C1%97%9F%18%80%03%EDb%EF%D8%18as%A6i%5CD%D4%97%29%01h%D9%11%02z%C9fL%B3%10%9C%9C%06%C1%5C%A4%97%16%8C%00%00%F2%00%01%A2%03%E2%02%85%3F%CEUL%08m2%E5%A6%28%3Ew%CDb%836%8B%D9z%DA%5B%02%D776-%A5s%B2%09%84%40%00%02%BA%B5%057%D4%80%7Dc%00%01%E2%01%DA%0A%950%81%9F0%0D%06%09%2A%86H%86%F7%0D%01%01%01%05%00%03%81%8D%000%81%89%02%81%81%00%C0%FB%16%1F%A6%9A%5E%A0%2A%D2%80%DA%8E%D9f%C1%85r%83t%A6%28P6%CC%20O%60%D9Pi%87%F3%F6%D7%8C%F8F%BFw%3C%08%10%FF%D8%02%3E%1B%03E%0B%24%D5T%3F%21T%FC%8Fl%5C%07%22%60o%AA%AF%8E%1E6%9A%7DvVbs%2C%BCrW-Z%0F%F1%9F%CA%DA%B3%E0%06%E9%81%F7-%01%16%D5%7D%DF%D4%21E%2F%B0%C1%A7%27%AF%C2%0C%B6%C3%EC%1C%BF%5D%82T%A5%DEa%C4%14%401%10%C6%23%02%03%01%00%01%00%00%00%01%9A%04%D5%05%8A%04%CA%CEprefixreg%00%F2%00%03%E2%02%85%D7%C0.%E6%A2%06%2B%91%AF8hE%F6%C9U%84%F7%7D%A1%B3U%3F%CF%B4%1B%B0%85%A4%24x%11m%00%04%D2%8E7%00%03%D2%D62147483647%00%00%00%00/3%F6f%94%8BS%95br3a%5C%DA6%DEK8%86%9E%F2%EAg%88%98Wq%BC%B56%7B%B5%01 (977 bytes)
1400719367.842824 ccnd[662]: fwd.3059 adding 0
1400719367.842832 ccnd[662]: fwd.3059 adding 7
1400719367.842843 ccnd[662]: face 8 q 0 delay 3 usec
1400719367.842921 ccnd[662]: debug.1526 consume 8 ccnx:/ccnx/%D7%C0.%E6%A2%06%2B%91%AF8hE%F6%C9U%84%F7%7D%A1%B3U%3F%CF%B4%1B%B0%85%A4%24x%11m/prefixreg/%04%82%02%AA%03%B2%08%85%A7%F0%F1.v%D8u%0E%E06%1D%8D%9C%E3%AD7%E0%14%8B%CF%1B%C0%0CC%98%9C%C9%11i%E1%F0W%28c%F8%E3Q%15%A3%3A%A6%C3%8EhSj%8B%88%BA%0E%03C%91i%1A%88%8A%9B1F%F4%92%09%1B%89%97%8E%A6%A3%1C%A2%04%A4%9B%5B%21H%ED%96%E4%EC%E0S%B6%FA.46%C1%97%9F%18%80%03%EDb%EF%D8%18as%A6i%5CD%D4%97%29%01h%D9%11%02z%C9fL%B3%10%9C%9C%06%C1%5C%A4%97%16%8C%00%00%F2%00%01%A2%03%E2%02%85%3F%CEUL%08m2%E5%A6%28%3Ew%CDb%836%8B%D9z%DA%5B%02%D776-%A5s%B2%09%84%40%00%02%BA%B5%057%D4%80%7Dc%00%01%E2%01%DA%0A%950%81%9F0%0D%06%09%2A%86H%86%F7%0D%01%01%01%05%00%03%81%8D%000%81%89%02%81%81%00%C0%FB%16%1F%A6%9A%5E%A0%2A%D2%80%DA%8E%D9f%C1%85r%83t%A6%28P6%CC%20O%60%D9Pi%87%F3%F6%D7%8C%F8F%BFw%3C%08%10%FF%D8%02%3E%1B%03E%0B%24%D5T%3F%21T%FC%8Fl%5C%07%22%60o%AA%AF%8E%1E6%9A%7DvVbs%2C%BCrW-Z%0F%F1%9F%CA%DA%B3%E0%06%E9%81%F7-%01%16%D5%7D%DF%D4%21E%2F%B0%C1%A7%27%AF%C2%0C%B6%C3%EC%1C%BF%5D%82T%A5%DEa%C4%14%401%10%C6%23%02%03%01%00%01%00%00%00%01%9A%04%D5%05%8A%04%CA%CEprefixreg%00%F2%00%03%E2%02%85%D7%C0.%E6%A2%06%2B%91%AF8hE%F6%C9U%84%F7%7D%A1%B3U%3F%CF%B4%1B%B0%85%A4%24x%11m%00%04%D2%8E7%00%03%D2%D62147483647%00%00%00%00 (525 bytes,scope=1) D7C02E-0296-0008-07D6-46F80B
1400719367.842939 ccnd[662]: sl.1598 0 ci=4 osrc=4294967295 src=0 usec=9873
1400719367.842947 ccnd[662]: fwd.3059 adding 0
1400719367.842954 ccnd[662]: fwd.3059 adding 7
1400719367.842961 ccnd[662]: sl.1598 0 ci=3 osrc=4294967295 src=0 usec=9873
1400719367.842968 ccnd[662]: fwd.3059 adding 0
1400719367.842975 ccnd[662]: fwd.3059 adding 7
1400719367.842982 ccnd[662]: fwd.3059 adding 7
1400719367.842988 ccnd[662]: fwd.3059 adding 7
1400719367.843068 ccnd[662]: debug.1268 content_to 8 ccnx:/ccnx/%D7%C0.%E6%A2%06%2B%91%AF8hE%F6%C9U%84%F7%7D%A1%B3U%3F%CF%B4%1B%B0%85%A4%24x%11m/prefixreg/%04%82%02%AA%03%B2%08%85%A7%F0%F1.v%D8u%0E%E06%1D%8D%9C%E3%AD7%E0%14%8B%CF%1B%C0%0CC%98%9C%C9%11i%E1%F0W%28c%F8%E3Q%15%A3%3A%A6%C3%8EhSj%8B%88%BA%0E%03C%91i%1A%88%8A%9B1F%F4%92%09%1B%89%97%8E%A6%A3%1C%A2%04%A4%9B%5B%21H%ED%96%E4%EC%E0S%B6%FA.46%C1%97%9F%18%80%03%EDb%EF%D8%18as%A6i%5CD%D4%97%29%01h%D9%11%02z%C9fL%B3%10%9C%9C%06%C1%5C%A4%97%16%8C%00%00%F2%00%01%A2%03%E2%02%85%3F%CEUL%08m2%E5%A6%28%3Ew%CDb%836%8B%D9z%DA%5B%02%D776-%A5s%B2%09%84%40%00%02%BA%B5%057%D4%80%7Dc%00%01%E2%01%DA%0A%950%81%9F0%0D%06%09%2A%86H%86%F7%0D%01%01%01%05%00%03%81%8D%000%81%89%02%81%81%00%C0%FB%16%1F%A6%9A%5E%A0%2A%D2%80%DA%8E%D9f%C1%85r%83t%A6%28P6%CC%20O%60%D9Pi%87%F3%F6%D7%8C%F8F%BFw%3C%08%10%FF%D8%02%3E%1B%03E%0B%24%D5T%3F%21T%FC%8Fl%5C%07%22%60o%AA%AF%8E%1E6%9A%7DvVbs%2C%BCrW-Z%0F%F1%9F%CA%DA%B3%E0%06%E9%81%F7-%01%16%D5%7D%DF%D4%21E%2F%B0%C1%A7%27%AF%C2%0C%B6%C3%EC%1C%BF%5D%82T%A5%DEa%C4%14%401%10%C6%23%02%03%01%00%01%00%00%00%01%9A%04%D5%05%8A%04%CA%CEprefixreg%00%F2%00%03%E2%02%85%D7%C0.%E6%A2%06%2B%91%AF8hE%F6%C9U%84%F7%7D%A1%B3U%3F%CF%B4%1B%B0%85%A4%24x%11m%00%04%D2%8E7%00%03%D2%D62147483647%00%00%00%00/3%F6f%94%8BS%95br3a%5C%DA6%DEK8%86%9E%F2%EAg%88%98Wq%BC%B56%7B%B5%01 (977 bytes)
1400719367.843505 ccnd[662]: shutdown client fd=9 id=8
1400719367.843531 ccnd[662]: releasing face id 8 (slot 8)
1400719371.000000 ccnd[662]: 6001 ____________________ Thu May 22 00:42:51 2014
1400719371.180311 ccnd[662]: debug.3946 stale ccnx:/%C1.M.S.neighborhood/%C1.M.SRV/ccnd/KEY/%C1.M.K%00%D7%C0.%E6%A2%06%2B%91%AF8hE%F6%C9U%84%F7%7D%A1%B3U%3F%CF%B4%1B%B0%85%A4%24x%11m/%FD%057%D4~%0A%F9/%00/%E1%C7W%AC%7F%16%19%A2%C7%F1FK%8D%8D%89%93bVj%BF%DE%01%BA%8EEp%89%83%7D%BCw%E0 (617 bytes)
1400719374.172989 ccnd[662]: debug.3807 interest_from 7 ccnx:/test/1 (32 bytes) 6A536B-028A-0008-0DCA-685CEF
1400719374.173008 ccnd[662]: version: 20090701, prefix_comps: 2, min_suffix_comps: 0, max_suffix_comps: 32767, orderpref: 0, answerfrom: 3, scope: -1, lifetime: 4.0000, excl: 0 bytes, etc: 0 bytes
1400719374.173045 ccnd[662]: debug.3856 first_candidate ccnx:/test/1/%FD%057%D4%80R%21/%00/%291C%A5F%16%16%82%AF%B8%082%C7%8EtO%11%0B%14%24%3E%FE%3A%88b%94%8F%BC%FC%0CR%D6 (433 bytes)
1400719374.173076 ccnd[662]: debug.3884 matches ccnx:/test/1/%FD%057%D4%80R%21/%00/%291C%A5F%16%16%82%AF%B8%082%C7%8EtO%11%0B%14%24%3E%FE%3A%88b%94%8F%BC%FC%0CR%D6 (433 bytes)
1400719374.173089 ccnd[662]: face 7 q 1 delay 1378 usec
1400719374.173110 ccnd[662]: debug.3918 consume 7 ccnx:/test/1 (32 bytes) 6A536B-028A-0008-0DCA-685CEF
1400719374.173121 ccnd[662]: fwd.3059 adding 6
1400719374.173132 ccnd[662]: fwd.3059 adding 7
1400719374.173142 ccnd[662]: fwd.3059 adding 7
1400719374.173152 ccnd[662]: fwd.3059 adding 7
1400719374.173175 ccnd[662]: debug.3807 interest_from 7 ccnx:/%C1.M.S.neighborhood/%C1.M.SRV/ccnd/KEY (55 bytes,scope=2)
1400719374.173186 ccnd[662]: version: 20090701, prefix_comps: 4, min_suffix_comps: 0, max_suffix_comps: 32767, orderpref: 0, answerfrom: 3, scope: 2, lifetime: 4.0000, excl: 0 bytes, etc: 0 bytes
1400719374.173236 ccnd[662]: debug.3856 first_candidate ccnx:/%C1.M.S.neighborhood/%C1.M.SRV/ccnd/KEY/%C1.M.K%00%D7%C0.%E6%A2%06%2B%91%AF8hE%F6%C9U%84%F7%7D%A1%B3U%3F%CF%B4%1B%B0%85%A4%24x%11m/%FD%057%D4~%0A%F9/%00/%E1%C7W%AC%7F%16%19%A2%C7%F1FK%8D%8D%89%93bVj%BF%DE%01%BA%8EEp%89%83%7D%BCw%E0 (617 bytes)
1400719374.173267 ccnd[662]: fwd.3059 adding 0
1400719374.173278 ccnd[662]: fwd.3059 adding 7
1400719374.173289 ccnd[662]: outbound.3131 adding 0
1400719374.173318 ccnd[662]: debug.3523 0xfc0f60.0of1,usec=1338+3998662 7 ccnx:/%C1.M.S.neighborhood/%C1.M.SRV/ccnd/KEY (71 bytes,scope=2) D7C02E-0296-0007-0E2C-115F3E
1400719374.175485 ccnd[662]: debug.1268 content_to 7 ccnx:/test/1/%FD%057%D4%80R%21/%00/%291C%A5F%16%16%82%AF%B8%082%C7%8EtO%11%0B%14%24%3E%FE%3A%88b%94%8F%BC%FC%0CR%D6 (433 bytes)
1400719374.175526 ccnd[662]: debug.3210 interest_to 0 ccnx:/%C1.M.S.neighborhood/%C1.M.SRV/ccnd/KEY (71 bytes,scope=2) D7C02E-0296-0007-0E2C-115F3E
1400719374.175562 ccnd[662]: debug.158 ccnd_answer_req ccnx:/%C1.M.S.neighborhood/%C1.M.SRV/ccnd/KEY (71 bytes,scope=2) D7C02E-0296-0007-0E2C-115F3E
1400719374.175638 ccnd[662]: debug.4109 content_from 0 ccnx:/%C1.M.S.neighborhood/%C1.M.SRV/ccnd/KEY/%C1.M.K%00%D7%C0.%E6%A2%06%2B%91%AF8hE%F6%C9U%84%F7%7D%A1%B3U%3F%CF%B4%1B%B0%85%A4%24x%11m/%FD%057%D4~%0A%F9/%00/%E1%C7W%AC%7F%16%19%A2%C7%F1FK%8D%8D%89%93bVj%BF%DE%01%BA%8EEp%89%83%7D%BCw%E0 (617 bytes)
1400719374.175659 ccnd[662]: fwd.3059 adding 0
1400719374.175670 ccnd[662]: fwd.3059 adding 7
1400719374.175686 ccnd[662]: face 7 q 1 delay 1201 usec
1400719374.175710 ccnd[662]: debug.1526 consume 7 ccnx:/%C1.M.S.neighborhood/%C1.M.SRV/ccnd/KEY (71 bytes,scope=2) D7C02E-0296-0007-0E2C-115F3E
1400719374.175720 ccnd[662]: sl.1598 0 ci=4 osrc=0 src=0 usec=9873
1400719374.175731 ccnd[662]: fwd.3059 adding 0
1400719374.175741 ccnd[662]: fwd.3059 adding 7
1400719374.175751 ccnd[662]: sl.1598 0 ci=3 osrc=0 src=0 usec=9873
1400719374.175762 ccnd[662]: fwd.3059 adding 0
1400719374.175771 ccnd[662]: fwd.3059 adding 7
1400719374.000000 ccnd[662]: 6001 ____________________ Thu May 22 00:42:54 2014
1400719374.177945 ccnd[662]: debug.1268 content_to 7 ccnx:/%C1.M.S.neighborhood/%C1.M.SRV/ccnd/KEY/%C1.M.K%00%D7%C0.%E6%A2%06%2B%91%AF8hE%F6%C9U%84%F7%7D%A1%B3U%3F%CF%B4%1B%B0%85%A4%24x%11m/%FD%057%D4~%0A%F9/%00/%E1%C7W%AC%7F%16%19%A2%C7%F1FK%8D%8D%89%93bVj%BF%DE%01%BA%8EEp%89%83%7D%BCw%E0 (617 bytes)
1400719375.047166 ccnd[662]: debug.3946 stale ccnx:/ccnx/%D7%C0.%E6%A2%06%2B%91%AF8hE%F6%C9U%84%F7%7D%A1%B3U%3F%CF%B4%1B%B0%85%A4%24x%11m/selfreg/%04%82%02%AA%03%B2%08%85%0C%12%18%DC%88%27c%02%9F%B3L%8D%2A%D6%04%9BE%EA%E1%C0%5D%80%F4C%A6%CB%25%2A%3D%91%16%1Cwc%DF%C2%F1%D2K%F6V%DE%1F%D6%FD%07%BE%99%11%F9%95%14%AFB%1E%AB%CF%C5%D5%DE%FE%B1%88N%CA%C5%7D%B7%E8%89%9D%7C%DA%17Q%88p%E6%86%9B%C5%8E%E1%5E%60%E9%87%EB%F51%A8%EE%B1%13%13%85%16%CE%7F%D3%90%86%E9%80%99%9A%28K%3BB%C2%8E%9EY%11%3B%CB%9C%91%97%E6%06_%85%88%D0%3Ch%00%00%F2%00%01%A2%03%E2%02%85%3F%CEUL%08m2%E5%A6%28%3Ew%CDb%836%8B%D9z%DA%5B%02%D776-%A5s%B2%09%84%40%00%02%BA%B5%057%D4%80P9%00%01%E2%01%DA%0A%950%81%9F0%0D%06%09%2A%86H%86%F7%0D%01%01%01%05%00%03%81%8D%000%81%89%02%81%81%00%C0%FB%16%1F%A6%9A%5E%A0%2A%D2%80%DA%8E%D9f%C1%85r%83t%A6%28P6%CC%20O%60%D9Pi%87%F3%F6%D7%8C%F8F%BFw%3C%08%10%FF%D8%02%3E%1B%03E%0B%24%D5T%3F%21T%FC%8Fl%5C%07%22%60o%AA%AF%8E%1E6%9A%7DvVbs%2C%BCrW-Z%0F%F1%9F%CA%DA%B3%E0%06%E9%81%F7-%01%16%D5%7D%DF%D4%21E%2F%B0%C1%A7%27%AF%C2%0C%B6%C3%EC%1C%BF%5D%82T%A5%DEa%C4%14%401%10%C6%23%02%03%01%00%01%00%00%00%01%9A%09%ED%05%8A%04%CA%BEselfreg%00%F2%FA%C5ccnx.org%00%FA%ADUsers%00%FA%A5user%00%FA%A5Keys%00%FA%02%B5%C1.M.K%00%3F%CEUL%08m2%E5%A6%28%3Ew%CDb%836%8B%D9z%DA%5B%02%D776-%A5s%B2%09%84%40%00%FA%BD%FD%04%FB%C93%60%00%00%00%03%E2%02%85%D7%C0.%E6%A2%06%2B%91%AF8hE%F6%C9U%84%F7%7D%A1%B3U%3F%CF%B4%1B%B0%85%A4%24x%11m%00%04%FA%8E3%00%03%D2%D62147483647%00%00%00%00/T%01%EC3%1D%DD%04%83%EC%D88Y%EB%24%81G%24%97%CE-%0A%DAa%E3%00%EA%8F%28%FF%C6%D4%06 (1139 bytes)
1400719375.125452 ccnd[662]: debug.3946 stale ccnx:/ccnx/%D7%C0.%E6%A2%06%2B%91%AF8hE%F6%C9U%84%F7%7D%A1%B3U%3F%CF%B4%1B%B0%85%A4%24x%11m/selfreg/%04%82%02%AA%03%B2%08%85%1Cm%1C%DC%CBq%99j%0E%7F%24%13%5B%A0%A4%D6%06%FF%E4j%8F%C0.%3A6%C7%1EJ3K%A7B%D0%89%D5%FEn%FE%01i%A6%B7%9C6%3A%A3%21%C5%1C3%DA%CA%C8%1E%D6%24%A6%BB%60%F4%94%A9%E7%92%EC%12%3C%7D%8B75%EC%0E%F5%02%BD%CA%FF%3E%93_%3Ey%17%81%DD%C8%C0%B7%1D%03%BC%D8B%FC%D7I%B8%A9%AE%D3%A5c%FD%0D%07%18%DD%5C%A4%984%9A%2Cz%7C%F3%9F%9D%1CJ%2A%A4m%E6%E7%FA%14%00%00%F2%00%01%A2%03%E2%02%85%3F%CEUL%08m2%E5%A6%28%3Ew%CDb%836%8B%D9z%DA%5B%02%D776-%A5s%B2%09%84%40%00%02%BA%B5%057%D4%80Q%BE%00%01%E2%01%DA%0A%950%81%9F0%0D%06%09%2A%86H%86%F7%0D%01%01%01%05%00%03%81%8D%000%81%89%02%81%81%00%C0%FB%16%1F%A6%9A%5E%A0%2A%D2%80%DA%8E%D9f%C1%85r%83t%A6%28P6%CC%20O%60%D9Pi%87%F3%F6%D7%8C%F8F%BFw%3C%08%10%FF%D8%02%3E%1B%03E%0B%24%D5T%3F%21T%FC%8Fl%5C%07%22%60o%AA%AF%8E%1E6%9A%7DvVbs%2C%BCrW-Z%0F%F1%9F%CA%DA%B3%E0%06%E9%81%F7-%01%16%D5%7D%DF%D4%21E%2F%B0%C1%A7%27%AF%C2%0C%B6%C3%EC%1C%BF%5D%82T%A5%DEa%C4%14%401%10%C6%23%02%03%01%00%01%00%00%00%01%9A%05%9D%05%8A%04%CA%BEselfreg%00%F2%FA%A5test%00%FA%8D1%00%00%03%E2%02%85%D7%C0.%E6%A2%06%2B%91%AF8hE%F6%C9U%84%F7%7D%A1%B3U%3F%CF%B4%1B%B0%85%A4%24x%11m%00%04%FA%8E3%00%03%D2%D62147483647%00%00%00%00/%98%98%F7KV%FD%0C-%EF%90%1F%FF%DE%F3O%C9%89%B7%E3%A7%02%EA%94%F6%B9Z%1C%15%B90%27r (991 bytes)
1400719377.837602 ccnd[662]: debug.3946 stale ccnx:/ccnx/%D7%C0.%E6%A2%06%2B%91%AF8hE%F6%C9U%84%F7%7D%A1%B3U%3F%CF%B4%1B%B0%85%A4%24x%11m/newface/%04%82%02%AA%03%B2%08%85%AE6%02T%C1j%8C%FB%99%98%86%20I%2F%9F%D3%9A%C1d%1E%1B%0C%95%09%0B%AD%3AT%2FxP%20%FD%E6%97F%DA%CB%1B%1D%C87%82%F07%B6%E2%9BG%2C%10%94%DF%EE%ED0B%87%03%C6%92%1A%24%01%C5%2F0%BFJW%15%40G%81%A4%AF%09%E8%08.%ADq%2A%60%B4%F1%B4%BD%F3%2A%96%29n%29s%D3%3A%BB%C1K%BD%BA4%FFYA%5D%C6%19%A8%7CR%BE%A0%29%F2R%C89%27%BA%C2%D49%9B%82%20%7C%00%00%F2%00%01%A2%03%E2%02%85%3F%CEUL%08m2%E5%A6%28%3Ew%CDb%836%8B%D9z%DA%5B%02%D776-%A5s%B2%09%84%40%00%02%BA%B5%057%D4%80%7DF%00%01%E2%01%DA%0A%950%81%9F0%0D%06%09%2A%86H%86%F7%0D%01%01%01%05%00%03%81%8D%000%81%89%02%81%81%00%C0%FB%16%1F%A6%9A%5E%A0%2A%D2%80%DA%8E%D9f%C1%85r%83t%A6%28P6%CC%20O%60%D9Pi%87%F3%F6%D7%8C%F8F%BFw%3C%08%10%FF%D8%02%3E%1B%03E%0B%24%D5T%3F%21T%FC%8Fl%5C%07%22%60o%AA%AF%8E%1E6%9A%7DvVbs%2C%BCrW-Z%0F%F1%9F%CA%DA%B3%E0%06%E9%81%F7-%01%16%D5%7D%DF%D4%21E%2F%B0%C1%A7%27%AF%C2%0C%B6%C3%EC%1C%BF%5D%82T%A5%DEa%C4%14%401%10%C6%23%02%03%01%00%01%00%00%00%01%9A%06%AD%05%82%04%CA%BEnewface%00%03%E2%02%85%D7%C0.%E6%A2%06%2B%91%AF8hE%F6%C9U%84%F7%7D%A1%B3U%3F%CF%B4%1B%B0%85%A4%24x%11m%00%04%D2%8E0%00%04%DA%9617%00%04%E2%EE192.168.122.2%00%04%EA%A66001%00%03%D2%D62147483647%00%00%00%00/%E0%13%D4%D6%E1%01%FCqj%A6%B1%06e%A2%B2%A0%1B.%22%BE%91%17%8C%20%98%EE%1FV%3D%07%1F%96 (1022 bytes)
1400719377.843868 ccnd[662]: debug.3946 stale ccnx:/ccnx/%D7%C0.%E6%A2%06%2B%91%AF8hE%F6%C9U%84%F7%7D%A1%B3U%3F%CF%B4%1B%B0%85%A4%24x%11m/prefixreg/%04%82%02%AA%03%B2%08%85%A7%F0%F1.v%D8u%0E%E06%1D%8D%9C%E3%AD7%E0%14%8B%CF%1B%C0%0CC%98%9C%C9%11i%E1%F0W%28c%F8%E3Q%15%A3%3A%A6%C3%8EhSj%8B%88%BA%0E%03C%91i%1A%88%8A%9B1F%F4%92%09%1B%89%97%8E%A6%A3%1C%A2%04%A4%9B%5B%21H%ED%96%E4%EC%E0S%B6%FA.46%C1%97%9F%18%80%03%EDb%EF%D8%18as%A6i%5CD%D4%97%29%01h%D9%11%02z%C9fL%B3%10%9C%9C%06%C1%5C%A4%97%16%8C%00%00%F2%00%01%A2%03%E2%02%85%3F%CEUL%08m2%E5%A6%28%3Ew%CDb%836%8B%D9z%DA%5B%02%D776-%A5s%B2%09%84%40%00%02%BA%B5%057%D4%80%7Dc%00%01%E2%01%DA%0A%950%81%9F0%0D%06%09%2A%86H%86%F7%0D%01%01%01%05%00%03%81%8D%000%81%89%02%81%81%00%C0%FB%16%1F%A6%9A%5E%A0%2A%D2%80%DA%8E%D9f%C1%85r%83t%A6%28P6%CC%20O%60%D9Pi%87%F3%F6%D7%8C%F8F%BFw%3C%08%10%FF%D8%02%3E%1B%03E%0B%24%D5T%3F%21T%FC%8Fl%5C%07%22%60o%AA%AF%8E%1E6%9A%7DvVbs%2C%BCrW-Z%0F%F1%9F%CA%DA%B3%E0%06%E9%81%F7-%01%16%D5%7D%DF%D4%21E%2F%B0%C1%A7%27%AF%C2%0C%B6%C3%EC%1C%BF%5D%82T%A5%DEa%C4%14%401%10%C6%23%02%03%01%00%01%00%00%00%01%9A%04%D5%05%8A%04%CA%CEprefixreg%00%F2%00%03%E2%02%85%D7%C0.%E6%A2%06%2B%91%AF8hE%F6%C9U%84%F7%7D%A1%B3U%3F%CF%B4%1B%B0%85%A4%24x%11m%00%04%D2%8E7%00%03%D2%D62147483647%00%00%00%00/3%F6f%94%8BS%95br3a%5C%DA6%DEK8%86%9E%F2%EAg%88%98Wq%BC%B56%7B%B5%01 (977 bytes)
1400719379.176426 ccnd[662]: debug.3946 stale ccnx:/%C1.M.S.neighborhood/%C1.M.SRV/ccnd/KEY/%C1.M.K%00%D7%C0.%E6%A2%06%2B%91%AF8hE%F6%C9U%84%F7%7D%A1%B3U%3F%CF%B4%1B%B0%85%A4%24x%11m/%FD%057%D4~%0A%F9/%00/%E1%C7W%AC%7F%16%19%A2%C7%F1FK%8D%8D%89%93bVj%BF%DE%01%BA%8EEp%89%83%7D%BCw%E0 (617 bytes)
