1400718356.000000 ccnd[645]: 6001 ____________________ Thu May 22 00:25:56 2014
1400718356.660086 ccnd[645]: CCND_DEBUG=-1 CCND_CAP=50000
1400718356.660270 ccnd[645]: listening on /tmp/.ccnd.sock.6001
1400718356.660344 ccnd[645]: accepting ipv4 datagrams on fd 4 rcvbuf 124928
1400718356.660366 ccnd[645]: accepting ipv4 connections on fd 5
1400718356.660413 ccnd[645]: accepting ipv6 datagrams on fd 6 rcvbuf 124928
1400718356.660436 ccnd[645]: accepting ipv6 connections on fd 7
1400718356.662513 ccnd[645]: debug.2428 prefix,ff=3 0 ccnx:/ccnx/ping (16 bytes)
1400718356.662614 ccnd[645]: debug.2428 prefix,ff=3 0 ccnx:/%C1.M.S.localhost/%C1.M.SRV/ccnd (37 bytes)
1400718356.662632 ccnd[645]: debug.2428 prefix,ff=3 0 ccnx:/%C1.M.S.neighborhood (24 bytes)
1400718356.662659 ccnd[645]: debug.2428 prefix,ff=0x17 0 ccnx:/ccnx/%D7%C0.%E6%A2%06%2B%91%AF8hE%F6%C9U%84%F7%7D%A1%B3U%3F%CF%B4%1B%B0%85%A4%24x%11m (45 bytes)
1400718356.662673 ccnd[645]: debug.2428 prefix,ff=0x23 0 ccnx:/%C1.M.S.localhost (20 bytes)
1400718356.709251 ccnd[645]: accepted client fd=8 id=6
1400718356.709472 ccnd[645]: shutdown client fd=8 id=6
1400718356.709491 ccnd[645]: recycling face id 6 (slot 6)
1400718356.717667 ccnd[645]: accepted client fd=8 id=6
1400718356.717751 ccnd[645]: shutdown client fd=8 id=6
1400718356.717765 ccnd[645]: recycling face id 6 (slot 6)
1400718392.000000 ccnd[645]: 6001 ____________________ Thu May 22 00:26:32 2014
1400718392.778278 ccnd[645]: accepted client fd=8 id=6
1400718392.817720 ccnd[645]: debug.3807 interest_from 6 ccnx:/%C1.M.S.localhost/%C1.M.SRV/ccnd/KEY (51 bytes,scope=1)
1400718392.817742 ccnd[645]: version: 20090701, prefix_comps: 4, min_suffix_comps: 0, max_suffix_comps: 32767, orderpref: 0, answerfrom: 3, scope: 1, lifetime: 4.0000, excl: 0 bytes, etc: 0 bytes
1400718392.817762 ccnd[645]: fwd.3059 adding 0
1400718392.817774 ccnd[645]: fwd.3059 adding 0
1400718392.817781 ccnd[645]: outbound.3131 adding 0
1400718392.817803 ccnd[645]: debug.3523 0x250dd20.0of1,usec=614+3999386 6 ccnx:/%C1.M.S.localhost/%C1.M.SRV/ccnd/KEY (67 bytes,scope=1) D7C02E-0285-0006-38C7-02F393
1400718392.818971 ccnd[645]: debug.3210 interest_to 0 ccnx:/%C1.M.S.localhost/%C1.M.SRV/ccnd/KEY (67 bytes,scope=1) D7C02E-0285-0006-38C7-02F393
1400718392.818993 ccnd[645]: debug.158 ccnd_answer_req ccnx:/%C1.M.S.localhost/%C1.M.SRV/ccnd/KEY (67 bytes,scope=1) D7C02E-0285-0006-38C7-02F393
1400718392.820104 ccnd[645]: debug.4109 content_from 0 ccnx:/%C1.M.S.localhost/%C1.M.SRV/ccnd/KEY/%C1.M.K%00%D7%C0.%E6%A2%06%2B%91%AF8hE%F6%C9U%84%F7%7D%A1%B3U%3F%CF%B4%1B%B0%85%A4%24x%11m/%FD%057%D4AJ%90/%00/%B0%D2%20YZ%DD%1E%5C%C3%2A%C5%A2%3A%98GvA%D3%A2%8Cld%9E%C3%A3%A3%5E%17%DFb%8C%23 (611 bytes)
1400718392.820121 ccnd[645]: fwd.3059 adding 0
1400718392.820129 ccnd[645]: fwd.3059 adding 0
1400718392.820141 ccnd[645]: face 6 q 0 delay 3 usec
1400718392.820157 ccnd[645]: debug.1526 consume 6 ccnx:/%C1.M.S.localhost/%C1.M.SRV/ccnd/KEY (67 bytes,scope=1) D7C02E-0285-0006-38C7-02F393
1400718392.820164 ccnd[645]: sl.1598 0 ci=4 osrc=4294967295 src=0 usec=11607
1400718392.820172 ccnd[645]: sl.1598 0 ci=3 osrc=4294967295 src=0 usec=11607
1400718392.820179 ccnd[645]: fwd.3059 adding 0
1400718392.820186 ccnd[645]: fwd.3059 adding 0
1400718392.820211 ccnd[645]: debug.1268 content_to 6 ccnx:/%C1.M.S.localhost/%C1.M.SRV/ccnd/KEY/%C1.M.K%00%D7%C0.%E6%A2%06%2B%91%AF8hE%F6%C9U%84%F7%7D%A1%B3U%3F%CF%B4%1B%B0%85%A4%24x%11m/%FD%057%D4AJ%90/%00/%B0%D2%20YZ%DD%1E%5C%C3%2A%C5%A2%3A%98GvA%D3%A2%8Cld%9E%C3%A3%A3%5E%17%DFb%8C%23 (611 bytes)
1400718392.824657 ccnd[645]: debug.3807 interest_from 6 ccnx:/%C1.M.S.localhost/%C1.M.SRV/ccnd/KEY/%C1.M.K%00%D7%C0.%E6%A2%06%2B%91%AF8hE%F6%C9U%84%F7%7D%A1%B3U%3F%CF%B4%1B%B0%85%A4%24x%11m/%FD%057%D4AJ%90 (108 bytes)
1400718392.824679 ccnd[645]: version: 20090701, prefix_comps: 6, min_suffix_comps: 1, max_suffix_comps: 3, orderpref: 0, answerfrom: 3, scope: -1, lifetime: 4.0000, excl: 0 bytes, etc: 0 bytes
1400718392.824712 ccnd[645]: debug.3856 first_candidate ccnx:/%C1.M.S.localhost/%C1.M.SRV/ccnd/KEY/%C1.M.K%00%D7%C0.%E6%A2%06%2B%91%AF8hE%F6%C9U%84%F7%7D%A1%B3U%3F%CF%B4%1B%B0%85%A4%24x%11m/%FD%057%D4AJ%90/%00/%B0%D2%20YZ%DD%1E%5C%C3%2A%C5%A2%3A%98GvA%D3%A2%8Cld%9E%C3%A3%A3%5E%17%DFb%8C%23 (611 bytes)
1400718392.824757 ccnd[645]: debug.3884 matches ccnx:/%C1.M.S.localhost/%C1.M.SRV/ccnd/KEY/%C1.M.K%00%D7%C0.%E6%A2%06%2B%91%AF8hE%F6%C9U%84%F7%7D%A1%B3U%3F%CF%B4%1B%B0%85%A4%24x%11m/%FD%057%D4AJ%90/%00/%B0%D2%20YZ%DD%1E%5C%C3%2A%C5%A2%3A%98GvA%D3%A2%8Cld%9E%C3%A3%A3%5E%17%DFb%8C%23 (611 bytes)
1400718392.824767 ccnd[645]: face 6 q 0 delay 3 usec
1400718392.824786 ccnd[645]: debug.3918 consume 6 ccnx:/%C1.M.S.localhost/%C1.M.SRV/ccnd/KEY/%C1.M.K%00%D7%C0.%E6%A2%06%2B%91%AF8hE%F6%C9U%84%F7%7D%A1%B3U%3F%CF%B4%1B%B0%85%A4%24x%11m/%FD%057%D4AJ%90 (108 bytes)
1400718392.824795 ccnd[645]: fwd.3059 adding 0
1400718392.824802 ccnd[645]: fwd.3059 adding 0
1400718392.824809 ccnd[645]: fwd.3059 adding 0
1400718392.824816 ccnd[645]: fwd.3059 adding 0
1400718392.824841 ccnd[645]: debug.1268 content_to 6 ccnx:/%C1.M.S.localhost/%C1.M.SRV/ccnd/KEY/%C1.M.K%00%D7%C0.%E6%A2%06%2B%91%AF8hE%F6%C9U%84%F7%7D%A1%B3U%3F%CF%B4%1B%B0%85%A4%24x%11m/%FD%057%D4AJ%90/%00/%B0%D2%20YZ%DD%1E%5C%C3%2A%C5%A2%3A%98GvA%D3%A2%8Cld%9E%C3%A3%A3%5E%17%DFb%8C%23 (611 bytes)
1400718392.953305 ccnd[645]: debug.3807 interest_from 6 ccnx:/ccnx/%D7%C0.%E6%A2%06%2B%91%AF8hE%F6%C9U%84%F7%7D%A1%B3U%3F%CF%B4%1B%B0%85%A4%24x%11m/selfreg/%04%82%02%AA%03%B2%08%85%18%1F%2F%F3%B3m%0D%2C%F6%BEgZ%B2%F6d%1D%EB2%27v3%E8%B5%C0%17Qo%08%E9%241%FBg%8B7%04%60%2C%3C%C7%25%3FI%80%3B%DE%24%E3%85%C4tf%18%F3%8F%22%F9%1F%7C%AB%11%7F%FA%24%BB%99b6%91%85%17%9Bf%C6Wx%97%06%F9%5CzrUUg%EF%60A%29%94%23%01a%DB%9F%0C%E9%A9%04%97%F6%F7%EC%DC%B1%CD%9A%A5%95%88%C9%10%1E%F4%07%D0Ll%FA%BC_%B3%F559%3CeO%00%00%F2%00%01%A2%03%E2%02%85%3F%CEUL%08m2%E5%A6%28%3Ew%CDb%836%8B%D9z%DA%5B%02%D776-%A5s%B2%09%84%40%00%02%BA%B5%057%D4C%8E%8F%00%01%E2%01%DA%0A%950%81%9F0%0D%06%09%2A%86H%86%F7%0D%01%01%01%05%00%03%81%8D%000%81%89%02%81%81%00%C0%FB%16%1F%A6%9A%5E%A0%2A%D2%80%DA%8E%D9f%C1%85r%83t%A6%28P6%CC%20O%60%D9Pi%87%F3%F6%D7%8C%F8F%BFw%3C%08%10%FF%D8%02%3E%1B%03E%0B%24%D5T%3F%21T%FC%8Fl%5C%07%22%60o%AA%AF%8E%1E6%9A%7DvVbs%2C%BCrW-Z%0F%F1%9F%CA%DA%B3%E0%06%E9%81%F7-%01%16%D5%7D%DF%D4%21E%2F%B0%C1%A7%27%AF%C2%0C%B6%C3%EC%1C%BF%5D%82T%A5%DEa%C4%14%401%10%C6%23%02%03%01%00%01%00%00%00%01%9A%09%ED%05%8A%04%CA%BEselfreg%00%F2%FA%C5ccnx.org%00%FA%ADUsers%00%FA%A5user%00%FA%A5Keys%00%FA%02%B5%C1.M.K%00%3F%CEUL%08m2%E5%A6%28%3Ew%CDb%836%8B%D9z%DA%5B%02%D776-%A5s%B2%09%84%40%00%FA%BD%FD%04%FB%C93%60%00%00%00%03%E2%02%85%D7%C0.%E6%A2%06%2B%91%AF8hE%F6%C9U%84%F7%7D%A1%B3U%3F%CF%B4%1B%B0%85%A4%24x%11m%00%04%FA%8E3%00%03%D2%D62147483647%00%00%00%00 (590 bytes,scope=1)
1400718392.953336 ccnd[645]: version: 20090701, prefix_comps: 4, min_suffix_comps: 0, max_suffix_comps: 32767, orderpref: 0, answerfrom: 3, scope: 1, lifetime: 4.0000, excl: 0 bytes, etc: 0 bytes
1400718392.953370 ccnd[645]: debug.3856 first_candidate ccnx:/%C1.M.S.localhost/%C1.M.SRV/ccnd/KEY/%C1.M.K%00%D7%C0.%E6%A2%06%2B%91%AF8hE%F6%C9U%84%F7%7D%A1%B3U%3F%CF%B4%1B%B0%85%A4%24x%11m/%FD%057%D4AJ%90/%00/%B0%D2%20YZ%DD%1E%5C%C3%2A%C5%A2%3A%98GvA%D3%A2%8Cld%9E%C3%A3%A3%5E%17%DFb%8C%23 (611 bytes)
1400718392.953467 ccnd[645]: debug.3863 prefix_mismatch ccnx:/ccnx/%D7%C0.%E6%A2%06%2B%91%AF8hE%F6%C9U%84%F7%7D%A1%B3U%3F%CF%B4%1B%B0%85%A4%24x%11m/selfreg/%04%82%02%AA%03%B2%08%85%18%1F%2F%F3%B3m%0D%2C%F6%BEgZ%B2%F6d%1D%EB2%27v3%E8%B5%C0%17Qo%08%E9%241%FBg%8B7%04%60%2C%3C%C7%25%3FI%80%3B%DE%24%E3%85%C4tf%18%F3%8F%22%F9%1F%7C%AB%11%7F%FA%24%BB%99b6%91%85%17%9Bf%C6Wx%97%06%F9%5CzrUUg%EF%60A%29%94%23%01a%DB%9F%0C%E9%A9%04%97%F6%F7%EC%DC%B1%CD%9A%A5%95%88%C9%10%1E%F4%07%D0Ll%FA%BC_%B3%F559%3CeO%00%00%F2%00%01%A2%03%E2%02%85%3F%CEUL%08m2%E5%A6%28%3Ew%CDb%836%8B%D9z%DA%5B%02%D776-%A5s%B2%09%84%40%00%02%BA%B5%057%D4C%8E%8F%00%01%E2%01%DA%0A%950%81%9F0%0D%06%09%2A%86H%86%F7%0D%01%01%01%05%00%03%81%8D%000%81%89%02%81%81%00%C0%FB%16%1F%A6%9A%5E%A0%2A%D2%80%DA%8E%D9f%C1%85r%83t%A6%28P6%CC%20O%60%D9Pi%87%F3%F6%D7%8C%F8F%BFw%3C%08%10%FF%D8%02%3E%1B%03E%0B%24%D5T%3F%21T%FC%8Fl%5C%07%22%60o%AA%AF%8E%1E6%9A%7DvVbs%2C%BCrW-Z%0F%F1%9F%CA%DA%B3%E0%06%E9%81%F7-%01%16%D5%7D%DF%D4%21E%2F%B0%C1%A7%27%AF%C2%0C%B6%C3%EC%1C%BF%5D%82T%A5%DEa%C4%14%401%10%C6%23%02%03%01%00%01%00%00%00%01%9A%09%ED%05%8A%04%CA%BEselfreg%00%F2%FA%C5ccnx.org%00%FA%ADUsers%00%FA%A5user%00%FA%A5Keys%00%FA%02%B5%C1.M.K%00%3F%CEUL%08m2%E5%A6%28%3Ew%CDb%836%8B%D9z%DA%5B%02%D776-%A5s%B2%09%84%40%00%FA%BD%FD%04%FB%C93%60%00%00%00%03%E2%02%85%D7%C0.%E6%A2%06%2B%91%AF8hE%F6%C9U%84%F7%7D%A1%B3U%3F%CF%B4%1B%B0%85%A4%24x%11m%00%04%FA%8E3%00%03%D2%D62147483647%00%00%00%00 (590 bytes,scope=1)
1400718392.953493 ccnd[645]: fwd.3059 adding 0
1400718392.953501 ccnd[645]: outbound.3131 adding 0
1400718392.953593 ccnd[645]: debug.3523 0x250ddb0.0of1,usec=946+3999054 6 ccnx:/ccnx/%D7%C0.%E6%A2%06%2B%91%AF8hE%F6%C9U%84%F7%7D%A1%B3U%3F%CF%B4%1B%B0%85%A4%24x%11m/selfreg/%04%82%02%AA%03%B2%08%85%18%1F%2F%F3%B3m%0D%2C%F6%BEgZ%B2%F6d%1D%EB2%27v3%E8%B5%C0%17Qo%08%E9%241%FBg%8B7%04%60%2C%3C%C7%25%3FI%80%3B%DE%24%E3%85%C4tf%18%F3%8F%22%F9%1F%7C%AB%11%7F%FA%24%BB%99b6%91%85%17%9Bf%C6Wx%97%06%F9%5CzrUUg%EF%60A%29%94%23%01a%DB%9F%0C%E9%A9%04%97%F6%F7%EC%DC%B1%CD%9A%A5%95%88%C9%10%1E%F4%07%D0Ll%FA%BC_%B3%F559%3CeO%00%00%F2%00%01%A2%03%E2%02%85%3F%CEUL%08m2%E5%A6%28%3Ew%CDb%836%8B%D9z%DA%5B%02%D776-%A5s%B2%09%84%40%00%02%BA%B5%057%D4C%8E%8F%00%01%E2%01%DA%0A%950%81%9F0%0D%06%09%2A%86H%86%F7%0D%01%01%01%05%00%03%81%8D%000%81%89%02%81%81%00%C0%FB%16%1F%A6%9A%5E%A0%2A%D2%80%DA%8E%D9f%C1%85r%83t%A6%28P6%CC%20O%60%D9Pi%87%F3%F6%D7%8C%F8F%BFw%3C%08%10%FF%D8%02%3E%1B%03E%0B%24%D5T%3F%21T%FC%8Fl%5C%07%22%60o%AA%AF%8E%1E6%9A%7DvVbs%2C%BCrW-Z%0F%F1%9F%CA%DA%B3%E0%06%E9%81%F7-%01%16%D5%7D%DF%D4%21E%2F%B0%C1%A7%27%AF%C2%0C%B6%C3%EC%1C%BF%5D%82T%A5%DEa%C4%14%401%10%C6%23%02%03%01%00%01%00%00%00%01%9A%09%ED%05%8A%04%CA%BEselfreg%00%F2%FA%C5ccnx.org%00%FA%ADUsers%00%FA%A5user%00%FA%A5Keys%00%FA%02%B5%C1.M.K%00%3F%CEUL%08m2%E5%A6%28%3Ew%CDb%836%8B%D9z%DA%5B%02%D776-%A5s%B2%09%84%40%00%FA%BD%FD%04%FB%C93%60%00%00%00%03%E2%02%85%D7%C0.%E6%A2%06%2B%91%AF8hE%F6%C9U%84%F7%7D%A1%B3U%3F%CF%B4%1B%B0%85%A4%24x%11m%00%04%FA%8E3%00%03%D2%D62147483647%00%00%00%00 (606 bytes,scope=1) D7C02E-0285-0006-38D3-F223B1
1400718392.954761 ccnd[645]: debug.3210 interest_to 0 ccnx:/ccnx/%D7%C0.%E6%A2%06%2B%91%AF8hE%F6%C9U%84%F7%7D%A1%B3U%3F%CF%B4%1B%B0%85%A4%24x%11m/selfreg/%04%82%02%AA%03%B2%08%85%18%1F%2F%F3%B3m%0D%2C%F6%BEgZ%B2%F6d%1D%EB2%27v3%E8%B5%C0%17Qo%08%E9%241%FBg%8B7%04%60%2C%3C%C7%25%3FI%80%3B%DE%24%E3%85%C4tf%18%F3%8F%22%F9%1F%7C%AB%11%7F%FA%24%BB%99b6%91%85%17%9Bf%C6Wx%97%06%F9%5CzrUUg%EF%60A%29%94%23%01a%DB%9F%0C%E9%A9%04%97%F6%F7%EC%DC%B1%CD%9A%A5%95%88%C9%10%1E%F4%07%D0Ll%FA%BC_%B3%F559%3CeO%00%00%F2%00%01%A2%03%E2%02%85%3F%CEUL%08m2%E5%A6%28%3Ew%CDb%836%8B%D9z%DA%5B%02%D776-%A5s%B2%09%84%40%00%02%BA%B5%057%D4C%8E%8F%00%01%E2%01%DA%0A%950%81%9F0%0D%06%09%2A%86H%86%F7%0D%01%01%01%05%00%03%81%8D%000%81%89%02%81%81%00%C0%FB%16%1F%A6%9A%5E%A0%2A%D2%80%DA%8E%D9f%C1%85r%83t%A6%28P6%CC%20O%60%D9Pi%87%F3%F6%D7%8C%F8F%BFw%3C%08%10%FF%D8%02%3E%1B%03E%0B%24%D5T%3F%21T%FC%8Fl%5C%07%22%60o%AA%AF%8E%1E6%9A%7DvVbs%2C%BCrW-Z%0F%F1%9F%CA%DA%B3%E0%06%E9%81%F7-%01%16%D5%7D%DF%D4%21E%2F%B0%C1%A7%27%AF%C2%0C%B6%C3%EC%1C%BF%5D%82T%A5%DEa%C4%14%401%10%C6%23%02%03%01%00%01%00%00%00%01%9A%09%ED%05%8A%04%CA%BEselfreg%00%F2%FA%C5ccnx.org%00%FA%ADUsers%00%FA%A5user%00%FA%A5Keys%00%FA%02%B5%C1.M.K%00%3F%CEUL%08m2%E5%A6%28%3Ew%CDb%836%8B%D9z%DA%5B%02%D776-%A5s%B2%09%84%40%00%FA%BD%FD%04%FB%C93%60%00%00%00%03%E2%02%85%D7%C0.%E6%A2%06%2B%91%AF8hE%F6%C9U%84%F7%7D%A1%B3U%3F%CF%B4%1B%B0%85%A4%24x%11m%00%04%FA%8E3%00%03%D2%D62147483647%00%00%00%00 (606 bytes,scope=1) D7C02E-0285-0006-38D3-F223B1
1400718392.954857 ccnd[645]: debug.158 ccnd_answer_req ccnx:/ccnx/%D7%C0.%E6%A2%06%2B%91%AF8hE%F6%C9U%84%F7%7D%A1%B3U%3F%CF%B4%1B%B0%85%A4%24x%11m/selfreg/%04%82%02%AA%03%B2%08%85%18%1F%2F%F3%B3m%0D%2C%F6%BEgZ%B2%F6d%1D%EB2%27v3%E8%B5%C0%17Qo%08%E9%241%FBg%8B7%04%60%2C%3C%C7%25%3FI%80%3B%DE%24%E3%85%C4tf%18%F3%8F%22%F9%1F%7C%AB%11%7F%FA%24%BB%99b6%91%85%17%9Bf%C6Wx%97%06%F9%5CzrUUg%EF%60A%29%94%23%01a%DB%9F%0C%E9%A9%04%97%F6%F7%EC%DC%B1%CD%9A%A5%95%88%C9%10%1E%F4%07%D0Ll%FA%BC_%B3%F559%3CeO%00%00%F2%00%01%A2%03%E2%02%85%3F%CEUL%08m2%E5%A6%28%3Ew%CDb%836%8B%D9z%DA%5B%02%D776-%A5s%B2%09%84%40%00%02%BA%B5%057%D4C%8E%8F%00%01%E2%01%DA%0A%950%81%9F0%0D%06%09%2A%86H%86%F7%0D%01%01%01%05%00%03%81%8D%000%81%89%02%81%81%00%C0%FB%16%1F%A6%9A%5E%A0%2A%D2%80%DA%8E%D9f%C1%85r%83t%A6%28P6%CC%20O%60%D9Pi%87%F3%F6%D7%8C%F8F%BFw%3C%08%10%FF%D8%02%3E%1B%03E%0B%24%D5T%3F%21T%FC%8Fl%5C%07%22%60o%AA%AF%8E%1E6%9A%7DvVbs%2C%BCrW-Z%0F%F1%9F%CA%DA%B3%E0%06%E9%81%F7-%01%16%D5%7D%DF%D4%21E%2F%B0%C1%A7%27%AF%C2%0C%B6%C3%EC%1C%BF%5D%82T%A5%DEa%C4%14%401%10%C6%23%02%03%01%00%01%00%00%00%01%9A%09%ED%05%8A%04%CA%BEselfreg%00%F2%FA%C5ccnx.org%00%FA%ADUsers%00%FA%A5user%00%FA%A5Keys%00%FA%02%B5%C1.M.K%00%3F%CEUL%08m2%E5%A6%28%3Ew%CDb%836%8B%D9z%DA%5B%02%D776-%A5s%B2%09%84%40%00%FA%BD%FD%04%FB%C93%60%00%00%00%03%E2%02%85%D7%C0.%E6%A2%06%2B%91%AF8hE%F6%C9U%84%F7%7D%A1%B3U%3F%CF%B4%1B%B0%85%A4%24x%11m%00%04%FA%8E3%00%03%D2%D62147483647%00%00%00%00 (606 bytes,scope=1) D7C02E-0285-0006-38D3-F223B1
1400718392.955008 ccnd[645]: debug.2428 prefix,ff=3 6 ccnx:/ccnx.org/Users/user/Keys/%C1.M.K%00%3F%CEUL%08m2%E5%A6%28%3Ew%CDb%836%8B%D9z%DA%5B%02%D776-%A5s%B2%09%84%40/%FD%04%FB%C93%60%00 (87 bytes)
1400718392.955668 ccnd[645]: debug.280 ccnd_answer_req_response ccnx:/ccnx/%D7%C0.%E6%A2%06%2B%91%AF8hE%F6%C9U%84%F7%7D%A1%B3U%3F%CF%B4%1B%B0%85%A4%24x%11m/selfreg/%04%82%02%AA%03%B2%08%85%18%1F%2F%F3%B3m%0D%2C%F6%BEgZ%B2%F6d%1D%EB2%27v3%E8%B5%C0%17Qo%08%E9%241%FBg%8B7%04%60%2C%3C%C7%25%3FI%80%3B%DE%24%E3%85%C4tf%18%F3%8F%22%F9%1F%7C%AB%11%7F%FA%24%BB%99b6%91%85%17%9Bf%C6Wx%97%06%F9%5CzrUUg%EF%60A%29%94%23%01a%DB%9F%0C%E9%A9%04%97%F6%F7%EC%DC%B1%CD%9A%A5%95%88%C9%10%1E%F4%07%D0Ll%FA%BC_%B3%F559%3CeO%00%00%F2%00%01%A2%03%E2%02%85%3F%CEUL%08m2%E5%A6%28%3Ew%CDb%836%8B%D9z%DA%5B%02%D776-%A5s%B2%09%84%40%00%02%BA%B5%057%D4C%8E%8F%00%01%E2%01%DA%0A%950%81%9F0%0D%06%09%2A%86H%86%F7%0D%01%01%01%05%00%03%81%8D%000%81%89%02%81%81%00%C0%FB%16%1F%A6%9A%5E%A0%2A%D2%80%DA%8E%D9f%C1%85r%83t%A6%28P6%CC%20O%60%D9Pi%87%F3%F6%D7%8C%F8F%BFw%3C%08%10%FF%D8%02%3E%1B%03E%0B%24%D5T%3F%21T%FC%8Fl%5C%07%22%60o%AA%AF%8E%1E6%9A%7DvVbs%2C%BCrW-Z%0F%F1%9F%CA%DA%B3%E0%06%E9%81%F7-%01%16%D5%7D%DF%D4%21E%2F%B0%C1%A7%27%AF%C2%0C%B6%C3%EC%1C%BF%5D%82T%A5%DEa%C4%14%401%10%C6%23%02%03%01%00%01%00%00%00%01%9A%09%ED%05%8A%04%CA%BEselfreg%00%F2%FA%C5ccnx.org%00%FA%ADUsers%00%FA%A5user%00%FA%A5Keys%00%FA%02%B5%C1.M.K%00%3F%CEUL%08m2%E5%A6%28%3Ew%CDb%836%8B%D9z%DA%5B%02%D776-%A5s%B2%09%84%40%00%FA%BD%FD%04%FB%C93%60%00%00%00%03%E2%02%85%D7%C0.%E6%A2%06%2B%91%AF8hE%F6%C9U%84%F7%7D%A1%B3U%3F%CF%B4%1B%B0%85%A4%24x%11m%00%04%FA%8E3%00%03%D2%D62147483647%00%00%00%00 (1103 bytes)
1400718392.955776 ccnd[645]: debug.4109 content_from 0 ccnx:/ccnx/%D7%C0.%E6%A2%06%2B%91%AF8hE%F6%C9U%84%F7%7D%A1%B3U%3F%CF%B4%1B%B0%85%A4%24x%11m/selfreg/%04%82%02%AA%03%B2%08%85%18%1F%2F%F3%B3m%0D%2C%F6%BEgZ%B2%F6d%1D%EB2%27v3%E8%B5%C0%17Qo%08%E9%241%FBg%8B7%04%60%2C%3C%C7%25%3FI%80%3B%DE%24%E3%85%C4tf%18%F3%8F%22%F9%1F%7C%AB%11%7F%FA%24%BB%99b6%91%85%17%9Bf%C6Wx%97%06%F9%5CzrUUg%EF%60A%29%94%23%01a%DB%9F%0C%E9%A9%04%97%F6%F7%EC%DC%B1%CD%9A%A5%95%88%C9%10%1E%F4%07%D0Ll%FA%BC_%B3%F559%3CeO%00%00%F2%00%01%A2%03%E2%02%85%3F%CEUL%08m2%E5%A6%28%3Ew%CDb%836%8B%D9z%DA%5B%02%D776-%A5s%B2%09%84%40%00%02%BA%B5%057%D4C%8E%8F%00%01%E2%01%DA%0A%950%81%9F0%0D%06%09%2A%86H%86%F7%0D%01%01%01%05%00%03%81%8D%000%81%89%02%81%81%00%C0%FB%16%1F%A6%9A%5E%A0%2A%D2%80%DA%8E%D9f%C1%85r%83t%A6%28P6%CC%20O%60%D9Pi%87%F3%F6%D7%8C%F8F%BFw%3C%08%10%FF%D8%02%3E%1B%03E%0B%24%D5T%3F%21T%FC%8Fl%5C%07%22%60o%AA%AF%8E%1E6%9A%7DvVbs%2C%BCrW-Z%0F%F1%9F%CA%DA%B3%E0%06%E9%81%F7-%01%16%D5%7D%DF%D4%21E%2F%B0%C1%A7%27%AF%C2%0C%B6%C3%EC%1C%BF%5D%82T%A5%DEa%C4%14%401%10%C6%23%02%03%01%00%01%00%00%00%01%9A%09%ED%05%8A%04%CA%BEselfreg%00%F2%FA%C5ccnx.org%00%FA%ADUsers%00%FA%A5user%00%FA%A5Keys%00%FA%02%B5%C1.M.K%00%3F%CEUL%08m2%E5%A6%28%3Ew%CDb%836%8B%D9z%DA%5B%02%D776-%A5s%B2%09%84%40%00%FA%BD%FD%04%FB%C93%60%00%00%00%03%E2%02%85%D7%C0.%E6%A2%06%2B%91%AF8hE%F6%C9U%84%F7%7D%A1%B3U%3F%CF%B4%1B%B0%85%A4%24x%11m%00%04%FA%8E3%00%03%D2%D62147483647%00%00%00%00/%B0U%26%AAM8%F0%D05DX%AE%1D%A0%F9%82%01%7C4x%1A%06b%DF%F4%E96%F9h%26%2F%1A (1139 bytes)
1400718392.955805 ccnd[645]: fwd.3059 adding 0
1400718392.955818 ccnd[645]: face 6 q 0 delay 3 usec
1400718392.955905 ccnd[645]: debug.1526 consume 6 ccnx:/ccnx/%D7%C0.%E6%A2%06%2B%91%AF8hE%F6%C9U%84%F7%7D%A1%B3U%3F%CF%B4%1B%B0%85%A4%24x%11m/selfreg/%04%82%02%AA%03%B2%08%85%18%1F%2F%F3%B3m%0D%2C%F6%BEgZ%B2%F6d%1D%EB2%27v3%E8%B5%C0%17Qo%08%E9%241%FBg%8B7%04%60%2C%3C%C7%25%3FI%80%3B%DE%24%E3%85%C4tf%18%F3%8F%22%F9%1F%7C%AB%11%7F%FA%24%BB%99b6%91%85%17%9Bf%C6Wx%97%06%F9%5CzrUUg%EF%60A%29%94%23%01a%DB%9F%0C%E9%A9%04%97%F6%F7%EC%DC%B1%CD%9A%A5%95%88%C9%10%1E%F4%07%D0Ll%FA%BC_%B3%F559%3CeO%00%00%F2%00%01%A2%03%E2%02%85%3F%CEUL%08m2%E5%A6%28%3Ew%CDb%836%8B%D9z%DA%5B%02%D776-%A5s%B2%09%84%40%00%02%BA%B5%057%D4C%8E%8F%00%01%E2%01%DA%0A%950%81%9F0%0D%06%09%2A%86H%86%F7%0D%01%01%01%05%00%03%81%8D%000%81%89%02%81%81%00%C0%FB%16%1F%A6%9A%5E%A0%2A%D2%80%DA%8E%D9f%C1%85r%83t%A6%28P6%CC%20O%60%D9Pi%87%F3%F6%D7%8C%F8F%BFw%3C%08%10%FF%D8%02%3E%1B%03E%0B%24%D5T%3F%21T%FC%8Fl%5C%07%22%60o%AA%AF%8E%1E6%9A%7DvVbs%2C%BCrW-Z%0F%F1%9F%CA%DA%B3%E0%06%E9%81%F7-%01%16%D5%7D%DF%D4%21E%2F%B0%C1%A7%27%AF%C2%0C%B6%C3%EC%1C%BF%5D%82T%A5%DEa%C4%14%401%10%C6%23%02%03%01%00%01%00%00%00%01%9A%09%ED%05%8A%04%CA%BEselfreg%00%F2%FA%C5ccnx.org%00%FA%ADUsers%00%FA%A5user%00%FA%A5Keys%00%FA%02%B5%C1.M.K%00%3F%CEUL%08m2%E5%A6%28%3Ew%CDb%836%8B%D9z%DA%5B%02%D776-%A5s%B2%09%84%40%00%FA%BD%FD%04%FB%C93%60%00%00%00%03%E2%02%85%D7%C0.%E6%A2%06%2B%91%AF8hE%F6%C9U%84%F7%7D%A1%B3U%3F%CF%B4%1B%B0%85%A4%24x%11m%00%04%FA%8E3%00%03%D2%D62147483647%00%00%00%00 (606 bytes,scope=1) D7C02E-0285-0006-38D3-F223B1
1400718392.955915 ccnd[645]: sl.1598 0 ci=4 osrc=4294967295 src=0 usec=11607
1400718392.955922 ccnd[645]: fwd.3059 adding 0
1400718392.955929 ccnd[645]: sl.1598 0 ci=3 osrc=4294967295 src=0 usec=11607
1400718392.955937 ccnd[645]: fwd.3059 adding 0
1400718392.956027 ccnd[645]: debug.1268 content_to 6 ccnx:/ccnx/%D7%C0.%E6%A2%06%2B%91%AF8hE%F6%C9U%84%F7%7D%A1%B3U%3F%CF%B4%1B%B0%85%A4%24x%11m/selfreg/%04%82%02%AA%03%B2%08%85%18%1F%2F%F3%B3m%0D%2C%F6%BEgZ%B2%F6d%1D%EB2%27v3%E8%B5%C0%17Qo%08%E9%241%FBg%8B7%04%60%2C%3C%C7%25%3FI%80%3B%DE%24%E3%85%C4tf%18%F3%8F%22%F9%1F%7C%AB%11%7F%FA%24%BB%99b6%91%85%17%9Bf%C6Wx%97%06%F9%5CzrUUg%EF%60A%29%94%23%01a%DB%9F%0C%E9%A9%04%97%F6%F7%EC%DC%B1%CD%9A%A5%95%88%C9%10%1E%F4%07%D0Ll%FA%BC_%B3%F559%3CeO%00%00%F2%00%01%A2%03%E2%02%85%3F%CEUL%08m2%E5%A6%28%3Ew%CDb%836%8B%D9z%DA%5B%02%D776-%A5s%B2%09%84%40%00%02%BA%B5%057%D4C%8E%8F%00%01%E2%01%DA%0A%950%81%9F0%0D%06%09%2A%86H%86%F7%0D%01%01%01%05%00%03%81%8D%000%81%89%02%81%81%00%C0%FB%16%1F%A6%9A%5E%A0%2A%D2%80%DA%8E%D9f%C1%85r%83t%A6%28P6%CC%20O%60%D9Pi%87%F3%F6%D7%8C%F8F%BFw%3C%08%10%FF%D8%02%3E%1B%03E%0B%24%D5T%3F%21T%FC%8Fl%5C%07%22%60o%AA%AF%8E%1E6%9A%7DvVbs%2C%BCrW-Z%0F%F1%9F%CA%DA%B3%E0%06%E9%81%F7-%01%16%D5%7D%DF%D4%21E%2F%B0%C1%A7%27%AF%C2%0C%B6%C3%EC%1C%BF%5D%82T%A5%DEa%C4%14%401%10%C6%23%02%03%01%00%01%00%00%00%01%9A%09%ED%05%8A%04%CA%BEselfreg%00%F2%FA%C5ccnx.org%00%FA%ADUsers%00%FA%A5user%00%FA%A5Keys%00%FA%02%B5%C1.M.K%00%3F%CEUL%08m2%E5%A6%28%3Ew%CDb%836%8B%D9z%DA%5B%02%D776-%A5s%B2%09%84%40%00%FA%BD%FD%04%FB%C93%60%00%00%00%03%E2%02%85%D7%C0.%E6%A2%06%2B%91%AF8hE%F6%C9U%84%F7%7D%A1%B3U%3F%CF%B4%1B%B0%85%A4%24x%11m%00%04%FA%8E3%00%03%D2%D62147483647%00%00%00%00/%B0U%26%AAM8%F0%D05DX%AE%1D%A0%F9%82%01%7C4x%1A%06b%DF%F4%E96%F9h%26%2F%1A (1139 bytes)
1400718393.000000 ccnd[645]: 6001 ____________________ Thu May 22 00:26:33 2014
1400718393.064523 ccnd[645]: debug.3807 interest_from 6 ccnx:/ccnx/%D7%C0.%E6%A2%06%2B%91%AF8hE%F6%C9U%84%F7%7D%A1%B3U%3F%CF%B4%1B%B0%85%A4%24x%11m/selfreg/%04%82%02%AA%03%B2%08%85%A8%3AKO%B5%7B%EE%BEm%CA%90%13%9B%28%FD%EE%98%26%83%D1%18%13%82k%EE%A0%EAFn%D5%BA%F7T7yZ%C5E%09%BF%D6%0CN%B2U%B1m%407%CE%AB%D5%A5%9E%B4%A9%C6%8FZ%CC%C7%F1%28%C4%C6H%DC%861n%EAb%912%C5%94%0C%A5%C5%18%1B%1B%EB%AE%C1%7B%00X%8E%A7wi%98z%9C%5EV%11%8ASsw%25%98%96%E5%DA%1B%02%8B%87%B4i%E2%E1%1D%22N%A0T%EF%25%D0%15A%D3%01%B0%00%00%F2%00%01%A2%03%E2%02%85%3F%CEUL%08m2%E5%A6%28%3Ew%CDb%836%8B%D9z%DA%5B%02%D776-%A5s%B2%09%84%40%00%02%BA%B5%057%D4C%90%8F%00%01%E2%01%DA%0A%950%81%9F0%0D%06%09%2A%86H%86%F7%0D%01%01%01%05%00%03%81%8D%000%81%89%02%81%81%00%C0%FB%16%1F%A6%9A%5E%A0%2A%D2%80%DA%8E%D9f%C1%85r%83t%A6%28P6%CC%20O%60%D9Pi%87%F3%F6%D7%8C%F8F%BFw%3C%08%10%FF%D8%02%3E%1B%03E%0B%24%D5T%3F%21T%FC%8Fl%5C%07%22%60o%AA%AF%8E%1E6%9A%7DvVbs%2C%BCrW-Z%0F%F1%9F%CA%DA%B3%E0%06%E9%81%F7-%01%16%D5%7D%DF%D4%21E%2F%B0%C1%A7%27%AF%C2%0C%B6%C3%EC%1C%BF%5D%82T%A5%DEa%C4%14%401%10%C6%23%02%03%01%00%01%00%00%00%01%9A%05%9D%05%8A%04%CA%BEselfreg%00%F2%FA%A5test%00%FA%8D1%00%00%03%E2%02%85%D7%C0.%E6%A2%06%2B%91%AF8hE%F6%C9U%84%F7%7D%A1%B3U%3F%CF%B4%1B%B0%85%A4%24x%11m%00%04%FA%8E3%00%03%D2%D62147483647%00%00%00%00 (516 bytes,scope=1)
1400718393.064590 ccnd[645]: version: 20090701, prefix_comps: 4, min_suffix_comps: 0, max_suffix_comps: 32767, orderpref: 0, answerfrom: 3, scope: 1, lifetime: 4.0000, excl: 0 bytes, etc: 0 bytes
1400718393.064689 ccnd[645]: debug.3856 first_candidate ccnx:/ccnx/%D7%C0.%E6%A2%06%2B%91%AF8hE%F6%C9U%84%F7%7D%A1%B3U%3F%CF%B4%1B%B0%85%A4%24x%11m/selfreg/%04%82%02%AA%03%B2%08%85%18%1F%2F%F3%B3m%0D%2C%F6%BEgZ%B2%F6d%1D%EB2%27v3%E8%B5%C0%17Qo%08%E9%241%FBg%8B7%04%60%2C%3C%C7%25%3FI%80%3B%DE%24%E3%85%C4tf%18%F3%8F%22%F9%1F%7C%AB%11%7F%FA%24%BB%99b6%91%85%17%9Bf%C6Wx%97%06%F9%5CzrUUg%EF%60A%29%94%23%01a%DB%9F%0C%E9%A9%04%97%F6%F7%EC%DC%B1%CD%9A%A5%95%88%C9%10%1E%F4%07%D0Ll%FA%BC_%B3%F559%3CeO%00%00%F2%00%01%A2%03%E2%02%85%3F%CEUL%08m2%E5%A6%28%3Ew%CDb%836%8B%D9z%DA%5B%02%D776-%A5s%B2%09%84%40%00%02%BA%B5%057%D4C%8E%8F%00%01%E2%01%DA%0A%950%81%9F0%0D%06%09%2A%86H%86%F7%0D%01%01%01%05%00%03%81%8D%000%81%89%02%81%81%00%C0%FB%16%1F%A6%9A%5E%A0%2A%D2%80%DA%8E%D9f%C1%85r%83t%A6%28P6%CC%20O%60%D9Pi%87%F3%F6%D7%8C%F8F%BFw%3C%08%10%FF%D8%02%3E%1B%03E%0B%24%D5T%3F%21T%FC%8Fl%5C%07%22%60o%AA%AF%8E%1E6%9A%7DvVbs%2C%BCrW-Z%0F%F1%9F%CA%DA%B3%E0%06%E9%81%F7-%01%16%D5%7D%DF%D4%21E%2F%B0%C1%A7%27%AF%C2%0C%B6%C3%EC%1C%BF%5D%82T%A5%DEa%C4%14%401%10%C6%23%02%03%01%00%01%00%00%00%01%9A%09%ED%05%8A%04%CA%BEselfreg%00%F2%FA%C5ccnx.org%00%FA%ADUsers%00%FA%A5user%00%FA%A5Keys%00%FA%02%B5%C1.M.K%00%3F%CEUL%08m2%E5%A6%28%3Ew%CDb%836%8B%D9z%DA%5B%02%D776-%A5s%B2%09%84%40%00%FA%BD%FD%04%FB%C93%60%00%00%00%03%E2%02%85%D7%C0.%E6%A2%06%2B%91%AF8hE%F6%C9U%84%F7%7D%A1%B3U%3F%CF%B4%1B%B0%85%A4%24x%11m%00%04%FA%8E3%00%03%D2%D62147483647%00%00%00%00/%B0U%26%AAM8%F0%D05DX%AE%1D%A0%F9%82%01%7C4x%1A%06b%DF%F4%E96%F9h%26%2F%1A (1139 bytes)
1400718393.064768 ccnd[645]: debug.3863 prefix_mismatch ccnx:/ccnx/%D7%C0.%E6%A2%06%2B%91%AF8hE%F6%C9U%84%F7%7D%A1%B3U%3F%CF%B4%1B%B0%85%A4%24x%11m/selfreg/%04%82%02%AA%03%B2%08%85%A8%3AKO%B5%7B%EE%BEm%CA%90%13%9B%28%FD%EE%98%26%83%D1%18%13%82k%EE%A0%EAFn%D5%BA%F7T7yZ%C5E%09%BF%D6%0CN%B2U%B1m%407%CE%AB%D5%A5%9E%B4%A9%C6%8FZ%CC%C7%F1%28%C4%C6H%DC%861n%EAb%912%C5%94%0C%A5%C5%18%1B%1B%EB%AE%C1%7B%00X%8E%A7wi%98z%9C%5EV%11%8ASsw%25%98%96%E5%DA%1B%02%8B%87%B4i%E2%E1%1D%22N%A0T%EF%25%D0%15A%D3%01%B0%00%00%F2%00%01%A2%03%E2%02%85%3F%CEUL%08m2%E5%A6%28%3Ew%CDb%836%8B%D9z%DA%5B%02%D776-%A5s%B2%09%84%40%00%02%BA%B5%057%D4C%90%8F%00%01%E2%01%DA%0A%950%81%9F0%0D%06%09%2A%86H%86%F7%0D%01%01%01%05%00%03%81%8D%000%81%89%02%81%81%00%C0%FB%16%1F%A6%9A%5E%A0%2A%D2%80%DA%8E%D9f%C1%85r%83t%A6%28P6%CC%20O%60%D9Pi%87%F3%F6%D7%8C%F8F%BFw%3C%08%10%FF%D8%02%3E%1B%03E%0B%24%D5T%3F%21T%FC%8Fl%5C%07%22%60o%AA%AF%8E%1E6%9A%7DvVbs%2C%BCrW-Z%0F%F1%9F%CA%DA%B3%E0%06%E9%81%F7-%01%16%D5%7D%DF%D4%21E%2F%B0%C1%A7%27%AF%C2%0C%B6%C3%EC%1C%BF%5D%82T%A5%DEa%C4%14%401%10%C6%23%02%03%01%00%01%00%00%00%01%9A%05%9D%05%8A%04%CA%BEselfreg%00%F2%FA%A5test%00%FA%8D1%00%00%03%E2%02%85%D7%C0.%E6%A2%06%2B%91%AF8hE%F6%C9U%84%F7%7D%A1%B3U%3F%CF%B4%1B%B0%85%A4%24x%11m%00%04%FA%8E3%00%03%D2%D62147483647%00%00%00%00 (516 bytes,scope=1)
1400718393.064777 ccnd[645]: outbound.3131 adding 0
1400718393.064862 ccnd[645]: debug.3523 0x2512f60.0of1,usec=61+3999939 6 ccnx:/ccnx/%D7%C0.%E6%A2%06%2B%91%AF8hE%F6%C9U%84%F7%7D%A1%B3U%3F%CF%B4%1B%B0%85%A4%24x%11m/selfreg/%04%82%02%AA%03%B2%08%85%A8%3AKO%B5%7B%EE%BEm%CA%90%13%9B%28%FD%EE%98%26%83%D1%18%13%82k%EE%A0%EAFn%D5%BA%F7T7yZ%C5E%09%BF%D6%0CN%B2U%B1m%407%CE%AB%D5%A5%9E%B4%A9%C6%8FZ%CC%C7%F1%28%C4%C6H%DC%861n%EAb%912%C5%94%0C%A5%C5%18%1B%1B%EB%AE%C1%7B%00X%8E%A7wi%98z%9C%5EV%11%8ASsw%25%98%96%E5%DA%1B%02%8B%87%B4i%E2%E1%1D%22N%A0T%EF%25%D0%15A%D3%01%B0%00%00%F2%00%01%A2%03%E2%02%85%3F%CEUL%08m2%E5%A6%28%3Ew%CDb%836%8B%D9z%DA%5B%02%D776-%A5s%B2%09%84%40%00%02%BA%B5%057%D4C%90%8F%00%01%E2%01%DA%0A%950%81%9F0%0D%06%09%2A%86H%86%F7%0D%01%01%01%05%00%03%81%8D%000%81%89%02%81%81%00%C0%FB%16%1F%A6%9A%5E%A0%2A%D2%80%DA%8E%D9f%C1%85r%83t%A6%28P6%CC%20O%60%D9Pi%87%F3%F6%D7%8C%F8F%BFw%3C%08%10%FF%D8%02%3E%1B%03E%0B%24%D5T%3F%21T%FC%8Fl%5C%07%22%60o%AA%AF%8E%1E6%9A%7DvVbs%2C%BCrW-Z%0F%F1%9F%CA%DA%B3%E0%06%E9%81%F7-%01%16%D5%7D%DF%D4%21E%2F%B0%C1%A7%27%AF%C2%0C%B6%C3%EC%1C%BF%5D%82T%A5%DEa%C4%14%401%10%C6%23%02%03%01%00%01%00%00%00%01%9A%05%9D%05%8A%04%CA%BEselfreg%00%F2%FA%A5test%00%FA%8D1%00%00%03%E2%02%85%D7%C0.%E6%A2%06%2B%91%AF8hE%F6%C9U%84%F7%7D%A1%B3U%3F%CF%B4%1B%B0%85%A4%24x%11m%00%04%FA%8E3%00%03%D2%D62147483647%00%00%00%00 (532 bytes,scope=1) D7C02E-0285-0006-38F4-1EB628
1400718393.066039 ccnd[645]: debug.3210 interest_to 0 ccnx:/ccnx/%D7%C0.%E6%A2%06%2B%91%AF8hE%F6%C9U%84%F7%7D%A1%B3U%3F%CF%B4%1B%B0%85%A4%24x%11m/selfreg/%04%82%02%AA%03%B2%08%85%A8%3AKO%B5%7B%EE%BEm%CA%90%13%9B%28%FD%EE%98%26%83%D1%18%13%82k%EE%A0%EAFn%D5%BA%F7T7yZ%C5E%09%BF%D6%0CN%B2U%B1m%407%CE%AB%D5%A5%9E%B4%A9%C6%8FZ%CC%C7%F1%28%C4%C6H%DC%861n%EAb%912%C5%94%0C%A5%C5%18%1B%1B%EB%AE%C1%7B%00X%8E%A7wi%98z%9C%5EV%11%8ASsw%25%98%96%E5%DA%1B%02%8B%87%B4i%E2%E1%1D%22N%A0T%EF%25%D0%15A%D3%01%B0%00%00%F2%00%01%A2%03%E2%02%85%3F%CEUL%08m2%E5%A6%28%3Ew%CDb%836%8B%D9z%DA%5B%02%D776-%A5s%B2%09%84%40%00%02%BA%B5%057%D4C%90%8F%00%01%E2%01%DA%0A%950%81%9F0%0D%06%09%2A%86H%86%F7%0D%01%01%01%05%00%03%81%8D%000%81%89%02%81%81%00%C0%FB%16%1F%A6%9A%5E%A0%2A%D2%80%DA%8E%D9f%C1%85r%83t%A6%28P6%CC%20O%60%D9Pi%87%F3%F6%D7%8C%F8F%BFw%3C%08%10%FF%D8%02%3E%1B%03E%0B%24%D5T%3F%21T%FC%8Fl%5C%07%22%60o%AA%AF%8E%1E6%9A%7DvVbs%2C%BCrW-Z%0F%F1%9F%CA%DA%B3%E0%06%E9%81%F7-%01%16%D5%7D%DF%D4%21E%2F%B0%C1%A7%27%AF%C2%0C%B6%C3%EC%1C%BF%5D%82T%A5%DEa%C4%14%401%10%C6%23%02%03%01%00%01%00%00%00%01%9A%05%9D%05%8A%04%CA%BEselfreg%00%F2%FA%A5test%00%FA%8D1%00%00%03%E2%02%85%D7%C0.%E6%A2%06%2B%91%AF8hE%F6%C9U%84%F7%7D%A1%B3U%3F%CF%B4%1B%B0%85%A4%24x%11m%00%04%FA%8E3%00%03%D2%D62147483647%00%00%00%00 (532 bytes,scope=1) D7C02E-0285-0006-38F4-1EB628
1400718393.066133 ccnd[645]: debug.158 ccnd_answer_req ccnx:/ccnx/%D7%C0.%E6%A2%06%2B%91%AF8hE%F6%C9U%84%F7%7D%A1%B3U%3F%CF%B4%1B%B0%85%A4%24x%11m/selfreg/%04%82%02%AA%03%B2%08%85%A8%3AKO%B5%7B%EE%BEm%CA%90%13%9B%28%FD%EE%98%26%83%D1%18%13%82k%EE%A0%EAFn%D5%BA%F7T7yZ%C5E%09%BF%D6%0CN%B2U%B1m%407%CE%AB%D5%A5%9E%B4%A9%C6%8FZ%CC%C7%F1%28%C4%C6H%DC%861n%EAb%912%C5%94%0C%A5%C5%18%1B%1B%EB%AE%C1%7B%00X%8E%A7wi%98z%9C%5EV%11%8ASsw%25%98%96%E5%DA%1B%02%8B%87%B4i%E2%E1%1D%22N%A0T%EF%25%D0%15A%D3%01%B0%00%00%F2%00%01%A2%03%E2%02%85%3F%CEUL%08m2%E5%A6%28%3Ew%CDb%836%8B%D9z%DA%5B%02%D776-%A5s%B2%09%84%40%00%02%BA%B5%057%D4C%90%8F%00%01%E2%01%DA%0A%950%81%9F0%0D%06%09%2A%86H%86%F7%0D%01%01%01%05%00%03%81%8D%000%81%89%02%81%81%00%C0%FB%16%1F%A6%9A%5E%A0%2A%D2%80%DA%8E%D9f%C1%85r%83t%A6%28P6%CC%20O%60%D9Pi%87%F3%F6%D7%8C%F8F%BFw%3C%08%10%FF%D8%02%3E%1B%03E%0B%24%D5T%3F%21T%FC%8Fl%5C%07%22%60o%AA%AF%8E%1E6%9A%7DvVbs%2C%BCrW-Z%0F%F1%9F%CA%DA%B3%E0%06%E9%81%F7-%01%16%D5%7D%DF%D4%21E%2F%B0%C1%A7%27%AF%C2%0C%B6%C3%EC%1C%BF%5D%82T%A5%DEa%C4%14%401%10%C6%23%02%03%01%00%01%00%00%00%01%9A%05%9D%05%8A%04%CA%BEselfreg%00%F2%FA%A5test%00%FA%8D1%00%00%03%E2%02%85%D7%C0.%E6%A2%06%2B%91%AF8hE%F6%C9U%84%F7%7D%A1%B3U%3F%CF%B4%1B%B0%85%A4%24x%11m%00%04%FA%8E3%00%03%D2%D62147483647%00%00%00%00 (532 bytes,scope=1) D7C02E-0285-0006-38F4-1EB628
1400718393.066232 ccnd[645]: debug.2428 prefix,ff=3 6 ccnx:/test/1 (13 bytes)
1400718393.066885 ccnd[645]: debug.280 ccnd_answer_req_response ccnx:/ccnx/%D7%C0.%E6%A2%06%2B%91%AF8hE%F6%C9U%84%F7%7D%A1%B3U%3F%CF%B4%1B%B0%85%A4%24x%11m/selfreg/%04%82%02%AA%03%B2%08%85%A8%3AKO%B5%7B%EE%BEm%CA%90%13%9B%28%FD%EE%98%26%83%D1%18%13%82k%EE%A0%EAFn%D5%BA%F7T7yZ%C5E%09%BF%D6%0CN%B2U%B1m%407%CE%AB%D5%A5%9E%B4%A9%C6%8FZ%CC%C7%F1%28%C4%C6H%DC%861n%EAb%912%C5%94%0C%A5%C5%18%1B%1B%EB%AE%C1%7B%00X%8E%A7wi%98z%9C%5EV%11%8ASsw%25%98%96%E5%DA%1B%02%8B%87%B4i%E2%E1%1D%22N%A0T%EF%25%D0%15A%D3%01%B0%00%00%F2%00%01%A2%03%E2%02%85%3F%CEUL%08m2%E5%A6%28%3Ew%CDb%836%8B%D9z%DA%5B%02%D776-%A5s%B2%09%84%40%00%02%BA%B5%057%D4C%90%8F%00%01%E2%01%DA%0A%950%81%9F0%0D%06%09%2A%86H%86%F7%0D%01%01%01%05%00%03%81%8D%000%81%89%02%81%81%00%C0%FB%16%1F%A6%9A%5E%A0%2A%D2%80%DA%8E%D9f%C1%85r%83t%A6%28P6%CC%20O%60%D9Pi%87%F3%F6%D7%8C%F8F%BFw%3C%08%10%FF%D8%02%3E%1B%03E%0B%24%D5T%3F%21T%FC%8Fl%5C%07%22%60o%AA%AF%8E%1E6%9A%7DvVbs%2C%BCrW-Z%0F%F1%9F%CA%DA%B3%E0%06%E9%81%F7-%01%16%D5%7D%DF%D4%21E%2F%B0%C1%A7%27%AF%C2%0C%B6%C3%EC%1C%BF%5D%82T%A5%DEa%C4%14%401%10%C6%23%02%03%01%00%01%00%00%00%01%9A%05%9D%05%8A%04%CA%BEselfreg%00%F2%FA%A5test%00%FA%8D1%00%00%03%E2%02%85%D7%C0.%E6%A2%06%2B%91%AF8hE%F6%C9U%84%F7%7D%A1%B3U%3F%CF%B4%1B%B0%85%A4%24x%11m%00%04%FA%8E3%00%03%D2%D62147483647%00%00%00%00 (955 bytes)
1400718393.066996 ccnd[645]: debug.4109 content_from 0 ccnx:/ccnx/%D7%C0.%E6%A2%06%2B%91%AF8hE%F6%C9U%84%F7%7D%A1%B3U%3F%CF%B4%1B%B0%85%A4%24x%11m/selfreg/%04%82%02%AA%03%B2%08%85%A8%3AKO%B5%7B%EE%BEm%CA%90%13%9B%28%FD%EE%98%26%83%D1%18%13%82k%EE%A0%EAFn%D5%BA%F7T7yZ%C5E%09%BF%D6%0CN%B2U%B1m%407%CE%AB%D5%A5%9E%B4%A9%C6%8FZ%CC%C7%F1%28%C4%C6H%DC%861n%EAb%912%C5%94%0C%A5%C5%18%1B%1B%EB%AE%C1%7B%00X%8E%A7wi%98z%9C%5EV%11%8ASsw%25%98%96%E5%DA%1B%02%8B%87%B4i%E2%E1%1D%22N%A0T%EF%25%D0%15A%D3%01%B0%00%00%F2%00%01%A2%03%E2%02%85%3F%CEUL%08m2%E5%A6%28%3Ew%CDb%836%8B%D9z%DA%5B%02%D776-%A5s%B2%09%84%40%00%02%BA%B5%057%D4C%90%8F%00%01%E2%01%DA%0A%950%81%9F0%0D%06%09%2A%86H%86%F7%0D%01%01%01%05%00%03%81%8D%000%81%89%02%81%81%00%C0%FB%16%1F%A6%9A%5E%A0%2A%D2%80%DA%8E%D9f%C1%85r%83t%A6%28P6%CC%20O%60%D9Pi%87%F3%F6%D7%8C%F8F%BFw%3C%08%10%FF%D8%02%3E%1B%03E%0B%24%D5T%3F%21T%FC%8Fl%5C%07%22%60o%AA%AF%8E%1E6%9A%7DvVbs%2C%BCrW-Z%0F%F1%9F%CA%DA%B3%E0%06%E9%81%F7-%01%16%D5%7D%DF%D4%21E%2F%B0%C1%A7%27%AF%C2%0C%B6%C3%EC%1C%BF%5D%82T%A5%DEa%C4%14%401%10%C6%23%02%03%01%00%01%00%00%00%01%9A%05%9D%05%8A%04%CA%BEselfreg%00%F2%FA%A5test%00%FA%8D1%00%00%03%E2%02%85%D7%C0.%E6%A2%06%2B%91%AF8hE%F6%C9U%84%F7%7D%A1%B3U%3F%CF%B4%1B%B0%85%A4%24x%11m%00%04%FA%8E3%00%03%D2%D62147483647%00%00%00%00/X%EBY%23N%C0Z%5E%C2%3Ff%5BL%EB%9602%DC%03%03%CD%DB%D1%D1%8A%2A%D1%29B%05m%18 (991 bytes)
1400718393.067021 ccnd[645]: fwd.3059 adding 0
1400718393.067034 ccnd[645]: face 6 q 0 delay 3 usec
1400718393.067113 ccnd[645]: debug.1526 consume 6 ccnx:/ccnx/%D7%C0.%E6%A2%06%2B%91%AF8hE%F6%C9U%84%F7%7D%A1%B3U%3F%CF%B4%1B%B0%85%A4%24x%11m/selfreg/%04%82%02%AA%03%B2%08%85%A8%3AKO%B5%7B%EE%BEm%CA%90%13%9B%28%FD%EE%98%26%83%D1%18%13%82k%EE%A0%EAFn%D5%BA%F7T7yZ%C5E%09%BF%D6%0CN%B2U%B1m%407%CE%AB%D5%A5%9E%B4%A9%C6%8FZ%CC%C7%F1%28%C4%C6H%DC%861n%EAb%912%C5%94%0C%A5%C5%18%1B%1B%EB%AE%C1%7B%00X%8E%A7wi%98z%9C%5EV%11%8ASsw%25%98%96%E5%DA%1B%02%8B%87%B4i%E2%E1%1D%22N%A0T%EF%25%D0%15A%D3%01%B0%00%00%F2%00%01%A2%03%E2%02%85%3F%CEUL%08m2%E5%A6%28%3Ew%CDb%836%8B%D9z%DA%5B%02%D776-%A5s%B2%09%84%40%00%02%BA%B5%057%D4C%90%8F%00%01%E2%01%DA%0A%950%81%9F0%0D%06%09%2A%86H%86%F7%0D%01%01%01%05%00%03%81%8D%000%81%89%02%81%81%00%C0%FB%16%1F%A6%9A%5E%A0%2A%D2%80%DA%8E%D9f%C1%85r%83t%A6%28P6%CC%20O%60%D9Pi%87%F3%F6%D7%8C%F8F%BFw%3C%08%10%FF%D8%02%3E%1B%03E%0B%24%D5T%3F%21T%FC%8Fl%5C%07%22%60o%AA%AF%8E%1E6%9A%7DvVbs%2C%BCrW-Z%0F%F1%9F%CA%DA%B3%E0%06%E9%81%F7-%01%16%D5%7D%DF%D4%21E%2F%B0%C1%A7%27%AF%C2%0C%B6%C3%EC%1C%BF%5D%82T%A5%DEa%C4%14%401%10%C6%23%02%03%01%00%01%00%00%00%01%9A%05%9D%05%8A%04%CA%BEselfreg%00%F2%FA%A5test%00%FA%8D1%00%00%03%E2%02%85%D7%C0.%E6%A2%06%2B%91%AF8hE%F6%C9U%84%F7%7D%A1%B3U%3F%CF%B4%1B%B0%85%A4%24x%11m%00%04%FA%8E3%00%03%D2%D62147483647%00%00%00%00 (532 bytes,scope=1) D7C02E-0285-0006-38F4-1EB628
1400718393.067122 ccnd[645]: sl.1598 0 ci=4 osrc=4294967295 src=0 usec=11517
1400718393.067130 ccnd[645]: fwd.3059 adding 0
1400718393.067137 ccnd[645]: sl.1598 0 ci=3 osrc=4294967295 src=0 usec=11517
1400718393.067144 ccnd[645]: fwd.3059 adding 0
1400718393.067226 ccnd[645]: debug.1268 content_to 6 ccnx:/ccnx/%D7%C0.%E6%A2%06%2B%91%AF8hE%F6%C9U%84%F7%7D%A1%B3U%3F%CF%B4%1B%B0%85%A4%24x%11m/selfreg/%04%82%02%AA%03%B2%08%85%A8%3AKO%B5%7B%EE%BEm%CA%90%13%9B%28%FD%EE%98%26%83%D1%18%13%82k%EE%A0%EAFn%D5%BA%F7T7yZ%C5E%09%BF%D6%0CN%B2U%B1m%407%CE%AB%D5%A5%9E%B4%A9%C6%8FZ%CC%C7%F1%28%C4%C6H%DC%861n%EAb%912%C5%94%0C%A5%C5%18%1B%1B%EB%AE%C1%7B%00X%8E%A7wi%98z%9C%5EV%11%8ASsw%25%98%96%E5%DA%1B%02%8B%87%B4i%E2%E1%1D%22N%A0T%EF%25%D0%15A%D3%01%B0%00%00%F2%00%01%A2%03%E2%02%85%3F%CEUL%08m2%E5%A6%28%3Ew%CDb%836%8B%D9z%DA%5B%02%D776-%A5s%B2%09%84%40%00%02%BA%B5%057%D4C%90%8F%00%01%E2%01%DA%0A%950%81%9F0%0D%06%09%2A%86H%86%F7%0D%01%01%01%05%00%03%81%8D%000%81%89%02%81%81%00%C0%FB%16%1F%A6%9A%5E%A0%2A%D2%80%DA%8E%D9f%C1%85r%83t%A6%28P6%CC%20O%60%D9Pi%87%F3%F6%D7%8C%F8F%BFw%3C%08%10%FF%D8%02%3E%1B%03E%0B%24%D5T%3F%21T%FC%8Fl%5C%07%22%60o%AA%AF%8E%1E6%9A%7DvVbs%2C%BCrW-Z%0F%F1%9F%CA%DA%B3%E0%06%E9%81%F7-%01%16%D5%7D%DF%D4%21E%2F%B0%C1%A7%27%AF%C2%0C%B6%C3%EC%1C%BF%5D%82T%A5%DEa%C4%14%401%10%C6%23%02%03%01%00%01%00%00%00%01%9A%05%9D%05%8A%04%CA%BEselfreg%00%F2%FA%A5test%00%FA%8D1%00%00%03%E2%02%85%D7%C0.%E6%A2%06%2B%91%AF8hE%F6%C9U%84%F7%7D%A1%B3U%3F%CF%B4%1B%B0%85%A4%24x%11m%00%04%FA%8E3%00%03%D2%D62147483647%00%00%00%00/X%EBY%23N%C0Z%5E%C2%3Ff%5BL%EB%9602%DC%03%03%CD%DB%D1%D1%8A%2A%D1%29B%05m%18 (991 bytes)
1400718394.252236 ccnd[645]: accepted datagram client id=7 (flags=0x40012) 192.168.122.2 port 6001
1400718394.252288 ccnd[645]: debug.3807 interest_from 7 ccnx:/test/1 (32 bytes) 6A536B-028D-0008-3925-2BADEF
1400718394.252300 ccnd[645]: version: 20090701, prefix_comps: 2, min_suffix_comps: 0, max_suffix_comps: 32767, orderpref: 0, answerfrom: 3, scope: -1, lifetime: 4.0000, excl: 0 bytes, etc: 0 bytes
1400718394.252346 ccnd[645]: debug.3856 first_candidate ccnx:/%C1.M.S.localhost/%C1.M.SRV/ccnd/KEY/%C1.M.K%00%D7%C0.%E6%A2%06%2B%91%AF8hE%F6%C9U%84%F7%7D%A1%B3U%3F%CF%B4%1B%B0%85%A4%24x%11m/%FD%057%D4AJ%90/%00/%B0%D2%20YZ%DD%1E%5C%C3%2A%C5%A2%3A%98GvA%D3%A2%8Cld%9E%C3%A3%A3%5E%17%DFb%8C%23 (611 bytes)
1400718394.252368 ccnd[645]: debug.3863 prefix_mismatch ccnx:/test/1 (32 bytes) 6A536B-028D-0008-3925-2BADEF
1400718394.252379 ccnd[645]: fwd.3059 adding 6
1400718394.252390 ccnd[645]: outbound.3131 adding 6
1400718394.252415 ccnd[645]: debug.3523 0x250d9f0.0of1,usec=3117+3996883 7 ccnx:/test/1 (32 bytes) 6A536B-028D-0008-3925-2BADEF
1400718394.252442 ccnd[645]: debug.3807 interest_from 7 ccnx:/%C1.M.S.neighborhood/%C1.M.SRV/ccnd/KEY (55 bytes,scope=2)
1400718394.252452 ccnd[645]: version: 20090701, prefix_comps: 4, min_suffix_comps: 0, max_suffix_comps: 32767, orderpref: 0, answerfrom: 3, scope: 2, lifetime: 4.0000, excl: 0 bytes, etc: 0 bytes
1400718394.252473 ccnd[645]: fwd.3059 adding 0
1400718394.252484 ccnd[645]: outbound.3131 adding 0
1400718394.252513 ccnd[645]: debug.3523 0x2513cd0.0of1,usec=296+3999704 7 ccnx:/%C1.M.S.neighborhood/%C1.M.SRV/ccnd/KEY (71 bytes,scope=2) D7C02E-0285-0007-3A40-89F684
1400718394.000000 ccnd[645]: 6001 ____________________ Thu May 22 00:26:34 2014
1400718394.253680 ccnd[645]: debug.3210 interest_to 0 ccnx:/%C1.M.S.neighborhood/%C1.M.SRV/ccnd/KEY (71 bytes,scope=2) D7C02E-0285-0007-3A40-89F684
1400718394.253727 ccnd[645]: debug.158 ccnd_answer_req ccnx:/%C1.M.S.neighborhood/%C1.M.SRV/ccnd/KEY (71 bytes,scope=2) D7C02E-0285-0007-3A40-89F684
1400718394.254685 ccnd[645]: debug.4109 content_from 0 ccnx:/%C1.M.S.neighborhood/%C1.M.SRV/ccnd/KEY/%C1.M.K%00%D7%C0.%E6%A2%06%2B%91%AF8hE%F6%C9U%84%F7%7D%A1%B3U%3F%CF%B4%1B%B0%85%A4%24x%11m/%FD%057%D4AJ%90/%00/%3D%ED%2F%94%5C%F3%E5Lil%C0%C6%279%91%9A%A2%5D%DA%8FI%95%27%F1%13%C7j%ED%D6%93%2B%2C (617 bytes)
1400718394.254712 ccnd[645]: fwd.3059 adding 0
1400718394.254731 ccnd[645]: face 7 q 1 delay 802 usec
1400718394.254756 ccnd[645]: debug.1526 consume 7 ccnx:/%C1.M.S.neighborhood/%C1.M.SRV/ccnd/KEY (71 bytes,scope=2) D7C02E-0285-0007-3A40-89F684
1400718394.254766 ccnd[645]: sl.1598 0 ci=4 osrc=4294967295 src=0 usec=11607
1400718394.254778 ccnd[645]: fwd.3059 adding 0
1400718394.254788 ccnd[645]: sl.1598 0 ci=3 osrc=4294967295 src=0 usec=11607
1400718394.254799 ccnd[645]: fwd.3059 adding 0
1400718394.255993 ccnd[645]: debug.1268 content_to 7 ccnx:/%C1.M.S.neighborhood/%C1.M.SRV/ccnd/KEY/%C1.M.K%00%D7%C0.%E6%A2%06%2B%91%AF8hE%F6%C9U%84%F7%7D%A1%B3U%3F%CF%B4%1B%B0%85%A4%24x%11m/%FD%057%D4AJ%90/%00/%3D%ED%2F%94%5C%F3%E5Lil%C0%C6%279%91%9A%A2%5D%DA%8FI%95%27%F1%13%C7j%ED%D6%93%2B%2C (617 bytes)
1400718394.256037 ccnd[645]: debug.3210 interest_to 6 ccnx:/test/1 (32 bytes) 6A536B-028D-0008-3925-2BADEF
1400718394.256880 ccnd[645]: debug.3249 0x250d9f0.1of1,usec=250000+3746883 7 ccnx:/test/1 (32 bytes) 6A536B-028D-0008-3925-2BADEF
1400718394.260729 ccnd[645]: debug.4109 content_from 6 ccnx:/test/1/%FD%057%D4C%91%1B/%00/%E9p%98Yk%26%D9%23%19M%20%FC%2C3%27w%83%93a%E3%D2%FE%EA%F6%5C%22%1F%86%8DeN%E3 (433 bytes)
1400718394.260759 ccnd[645]: face 7 q 1 delay 1311 usec
1400718394.260781 ccnd[645]: debug.1526 consume 7 ccnx:/test/1 (32 bytes) 6A536B-028D-0008-3925-2BADEF
1400718394.260792 ccnd[645]: sl.1598 6 ci=2 osrc=4294967295 src=6 usec=11607
1400718394.260803 ccnd[645]: sl.1598 6 ci=1 osrc=4294967295 src=6 usec=11607
1400718394.262963 ccnd[645]: debug.1268 content_to 7 ccnx:/test/1/%FD%057%D4C%91%1B/%00/%E9p%98Yk%26%D9%23%19M%20%FC%2C3%27w%83%93a%E3%D2%FE%EA%F6%5C%22%1F%86%8DeN%E3 (433 bytes)
1400718395.899889 ccnd[645]: accepted client fd=9 id=8
1400718395.900026 ccnd[645]: debug.3807 interest_from 8 ccnx:/%C1.M.S.localhost/%C1.M.SRV/ccnd/KEY (51 bytes,scope=1)
1400718395.900039 ccnd[645]: version: 20090701, prefix_comps: 4, min_suffix_comps: 0, max_suffix_comps: 32767, orderpref: 0, answerfrom: 3, scope: 1, lifetime: 4.0000, excl: 0 bytes, etc: 0 bytes
1400718395.900088 ccnd[645]: debug.3856 first_candidate ccnx:/%C1.M.S.localhost/%C1.M.SRV/ccnd/KEY/%C1.M.K%00%D7%C0.%E6%A2%06%2B%91%AF8hE%F6%C9U%84%F7%7D%A1%B3U%3F%CF%B4%1B%B0%85%A4%24x%11m/%FD%057%D4AJ%90/%00/%B0%D2%20YZ%DD%1E%5C%C3%2A%C5%A2%3A%98GvA%D3%A2%8Cld%9E%C3%A3%A3%5E%17%DFb%8C%23 (611 bytes)
1400718395.900129 ccnd[645]: debug.3884 matches ccnx:/%C1.M.S.localhost/%C1.M.SRV/ccnd/KEY/%C1.M.K%00%D7%C0.%E6%A2%06%2B%91%AF8hE%F6%C9U%84%F7%7D%A1%B3U%3F%CF%B4%1B%B0%85%A4%24x%11m/%FD%057%D4AJ%90/%00/%B0%D2%20YZ%DD%1E%5C%C3%2A%C5%A2%3A%98GvA%D3%A2%8Cld%9E%C3%A3%A3%5E%17%DFb%8C%23 (611 bytes)
1400718395.900144 ccnd[645]: face 8 q 0 delay 3 usec
1400718395.900164 ccnd[645]: debug.3918 consume 8 ccnx:/%C1.M.S.localhost/%C1.M.SRV/ccnd/KEY (51 bytes,scope=1)
1400718395.900177 ccnd[645]: fwd.3059 adding 0
1400718395.900188 ccnd[645]: fwd.3059 adding 0
1400718395.900198 ccnd[645]: fwd.3059 adding 0
1400718395.900208 ccnd[645]: fwd.3059 adding 0
1400718395.900218 ccnd[645]: fwd.3059 adding 0
1400718395.900228 ccnd[645]: fwd.3059 adding 0
1400718395.000000 ccnd[645]: 6001 ____________________ Thu May 22 00:26:35 2014
1400718395.900237 ccnd[645]: fwd.3059 adding 0
1400718395.900259 ccnd[645]: fwd.3059 adding 0
1400718395.900269 ccnd[645]: fwd.3059 adding 0
1400718395.900279 ccnd[645]: fwd.3059 adding 0
1400718395.900315 ccnd[645]: debug.1268 content_to 8 ccnx:/%C1.M.S.localhost/%C1.M.SRV/ccnd/KEY/%C1.M.K%00%D7%C0.%E6%A2%06%2B%91%AF8hE%F6%C9U%84%F7%7D%A1%B3U%3F%CF%B4%1B%B0%85%A4%24x%11m/%FD%057%D4AJ%90/%00/%B0%D2%20YZ%DD%1E%5C%C3%2A%C5%A2%3A%98GvA%D3%A2%8Cld%9E%C3%A3%A3%5E%17%DFb%8C%23 (611 bytes)
1400718395.906513 ccnd[645]: debug.3807 interest_from 8 ccnx:/ccnx/%D7%C0.%E6%A2%06%2B%91%AF8hE%F6%C9U%84%F7%7D%A1%B3U%3F%CF%B4%1B%B0%85%A4%24x%11m/newface/%04%82%02%AA%03%B2%08%85%04%DA0G%12%F3%16%97W9%3A%EB%8B%BE%C0%C3sf%15l%BA%3A%B5%A4%27D%ED%A9%3F%7CT%9E%F4%1F%B3%FD%BA%B6-%A4%2C%B0%FA%0F%D8%DEv%D3%10%C7%D0AFm-%9D%E8%B1.oo%88%5C2%0D%DE%AA%7F%8E%AC%E9%7F%22%93%26%E7.%09%26h%60E%BB%20%B1%97%A4%FAJ%89b%99T%BF%88%289%C8%A7%89V%BA%C7h%5E%1F%07%D4%0F%1C%09%FC%E9%0F%F7%D9%0F%C8%EA%E2%D5b%16%26%D7%3D7%BC%00%00%F2%00%01%A2%03%E2%02%85%3F%CEUL%08m2%E5%A6%28%3Ew%CDb%836%8B%D9z%DA%5B%02%D776-%A5s%B2%09%84%40%00%02%BA%B5%057%D4C%BE%7B%00%01%E2%01%DA%0A%950%81%9F0%0D%06%09%2A%86H%86%F7%0D%01%01%01%05%00%03%81%8D%000%81%89%02%81%81%00%C0%FB%16%1F%A6%9A%5E%A0%2A%D2%80%DA%8E%D9f%C1%85r%83t%A6%28P6%CC%20O%60%D9Pi%87%F3%F6%D7%8C%F8F%BFw%3C%08%10%FF%D8%02%3E%1B%03E%0B%24%D5T%3F%21T%FC%8Fl%5C%07%22%60o%AA%AF%8E%1E6%9A%7DvVbs%2C%BCrW-Z%0F%F1%9F%CA%DA%B3%E0%06%E9%81%F7-%01%16%D5%7D%DF%D4%21E%2F%B0%C1%A7%27%AF%C2%0C%B6%C3%EC%1C%BF%5D%82T%A5%DEa%C4%14%401%10%C6%23%02%03%01%00%01%00%00%00%01%9A%06%AD%05%82%04%CA%BEnewface%00%03%E2%02%85%D7%C0.%E6%A2%06%2B%91%AF8hE%F6%C9U%84%F7%7D%A1%B3U%3F%CF%B4%1B%B0%85%A4%24x%11m%00%04%D2%8E0%00%04%DA%9617%00%04%E2%EE192.168.122.2%00%04%EA%A66001%00%03%D2%D62147483647%00%00%00%00 (534 bytes,scope=1)
1400718395.906543 ccnd[645]: version: 20090701, prefix_comps: 4, min_suffix_comps: 0, max_suffix_comps: 32767, orderpref: 0, answerfrom: 3, scope: 1, lifetime: 4.0000, excl: 0 bytes, etc: 0 bytes
1400718395.906678 ccnd[645]: debug.3856 first_candidate ccnx:/ccnx/%D7%C0.%E6%A2%06%2B%91%AF8hE%F6%C9U%84%F7%7D%A1%B3U%3F%CF%B4%1B%B0%85%A4%24x%11m/selfreg/%04%82%02%AA%03%B2%08%85%A8%3AKO%B5%7B%EE%BEm%CA%90%13%9B%28%FD%EE%98%26%83%D1%18%13%82k%EE%A0%EAFn%D5%BA%F7T7yZ%C5E%09%BF%D6%0CN%B2U%B1m%407%CE%AB%D5%A5%9E%B4%A9%C6%8FZ%CC%C7%F1%28%C4%C6H%DC%861n%EAb%912%C5%94%0C%A5%C5%18%1B%1B%EB%AE%C1%7B%00X%8E%A7wi%98z%9C%5EV%11%8ASsw%25%98%96%E5%DA%1B%02%8B%87%B4i%E2%E1%1D%22N%A0T%EF%25%D0%15A%D3%01%B0%00%00%F2%00%01%A2%03%E2%02%85%3F%CEUL%08m2%E5%A6%28%3Ew%CDb%836%8B%D9z%DA%5B%02%D776-%A5s%B2%09%84%40%00%02%BA%B5%057%D4C%90%8F%00%01%E2%01%DA%0A%950%81%9F0%0D%06%09%2A%86H%86%F7%0D%01%01%01%05%00%03%81%8D%000%81%89%02%81%81%00%C0%FB%16%1F%A6%9A%5E%A0%2A%D2%80%DA%8E%D9f%C1%85r%83t%A6%28P6%CC%20O%60%D9Pi%87%F3%F6%D7%8C%F8F%BFw%3C%08%10%FF%D8%02%3E%1B%03E%0B%24%D5T%3F%21T%FC%8Fl%5C%07%22%60o%AA%AF%8E%1E6%9A%7DvVbs%2C%BCrW-Z%0F%F1%9F%CA%DA%B3%E0%06%E9%81%F7-%01%16%D5%7D%DF%D4%21E%2F%B0%C1%A7%27%AF%C2%0C%B6%C3%EC%1C%BF%5D%82T%A5%DEa%C4%14%401%10%C6%23%02%03%01%00%01%00%00%00%01%9A%05%9D%05%8A%04%CA%BEselfreg%00%F2%FA%A5test%00%FA%8D1%00%00%03%E2%02%85%D7%C0.%E6%A2%06%2B%91%AF8hE%F6%C9U%84%F7%7D%A1%B3U%3F%CF%B4%1B%B0%85%A4%24x%11m%00%04%FA%8E3%00%03%D2%D62147483647%00%00%00%00/X%EBY%23N%C0Z%5E%C2%3Ff%5BL%EB%9602%DC%03%03%CD%DB%D1%D1%8A%2A%D1%29B%05m%18 (991 bytes)
1400718395.906798 ccnd[645]: debug.3863 prefix_mismatch ccnx:/ccnx/%D7%C0.%E6%A2%06%2B%91%AF8hE%F6%C9U%84%F7%7D%A1%B3U%3F%CF%B4%1B%B0%85%A4%24x%11m/newface/%04%82%02%AA%03%B2%08%85%04%DA0G%12%F3%16%97W9%3A%EB%8B%BE%C0%C3sf%15l%BA%3A%B5%A4%27D%ED%A9%3F%7CT%9E%F4%1F%B3%FD%BA%B6-%A4%2C%B0%FA%0F%D8%DEv%D3%10%C7%D0AFm-%9D%E8%B1.oo%88%5C2%0D%DE%AA%7F%8E%AC%E9%7F%22%93%26%E7.%09%26h%60E%BB%20%B1%97%A4%FAJ%89b%99T%BF%88%289%C8%A7%89V%BA%C7h%5E%1F%07%D4%0F%1C%09%FC%E9%0F%F7%D9%0F%C8%EA%E2%D5b%16%26%D7%3D7%BC%00%00%F2%00%01%A2%03%E2%02%85%3F%CEUL%08m2%E5%A6%28%3Ew%CDb%836%8B%D9z%DA%5B%02%D776-%A5s%B2%09%84%40%00%02%BA%B5%057%D4C%BE%7B%00%01%E2%01%DA%0A%950%81%9F0%0D%06%09%2A%86H%86%F7%0D%01%01%01%05%00%03%81%8D%000%81%89%02%81%81%00%C0%FB%16%1F%A6%9A%5E%A0%2A%D2%80%DA%8E%D9f%C1%85r%83t%A6%28P6%CC%20O%60%D9Pi%87%F3%F6%D7%8C%F8F%BFw%3C%08%10%FF%D8%02%3E%1B%03E%0B%24%D5T%3F%21T%FC%8Fl%5C%07%22%60o%AA%AF%8E%1E6%9A%7DvVbs%2C%BCrW-Z%0F%F1%9F%CA%DA%B3%E0%06%E9%81%F7-%01%16%D5%7D%DF%D4%21E%2F%B0%C1%A7%27%AF%C2%0C%B6%C3%EC%1C%BF%5D%82T%A5%DEa%C4%14%401%10%C6%23%02%03%01%00%01%00%00%00%01%9A%06%AD%05%82%04%CA%BEnewface%00%03%E2%02%85%D7%C0.%E6%A2%06%2B%91%AF8hE%F6%C9U%84%F7%7D%A1%B3U%3F%CF%B4%1B%B0%85%A4%24x%11m%00%04%D2%8E0%00%04%DA%9617%00%04%E2%EE192.168.122.2%00%04%EA%A66001%00%03%D2%D62147483647%00%00%00%00 (534 bytes,scope=1)
1400718395.906812 ccnd[645]: outbound.3131 adding 0
1400718395.906934 ccnd[645]: debug.3523 0x2517be0.0of1,usec=55+3999945 8 ccnx:/ccnx/%D7%C0.%E6%A2%06%2B%91%AF8hE%F6%C9U%84%F7%7D%A1%B3U%3F%CF%B4%1B%B0%85%A4%24x%11m/newface/%04%82%02%AA%03%B2%08%85%04%DA0G%12%F3%16%97W9%3A%EB%8B%BE%C0%C3sf%15l%BA%3A%B5%A4%27D%ED%A9%3F%7CT%9E%F4%1F%B3%FD%BA%B6-%A4%2C%B0%FA%0F%D8%DEv%D3%10%C7%D0AFm-%9D%E8%B1.oo%88%5C2%0D%DE%AA%7F%8E%AC%E9%7F%22%93%26%E7.%09%26h%60E%BB%20%B1%97%A4%FAJ%89b%99T%BF%88%289%C8%A7%89V%BA%C7h%5E%1F%07%D4%0F%1C%09%FC%E9%0F%F7%D9%0F%C8%EA%E2%D5b%16%26%D7%3D7%BC%00%00%F2%00%01%A2%03%E2%02%85%3F%CEUL%08m2%E5%A6%28%3Ew%CDb%836%8B%D9z%DA%5B%02%D776-%A5s%B2%09%84%40%00%02%BA%B5%057%D4C%BE%7B%00%01%E2%01%DA%0A%950%81%9F0%0D%06%09%2A%86H%86%F7%0D%01%01%01%05%00%03%81%8D%000%81%89%02%81%81%00%C0%FB%16%1F%A6%9A%5E%A0%2A%D2%80%DA%8E%D9f%C1%85r%83t%A6%28P6%CC%20O%60%D9Pi%87%F3%F6%D7%8C%F8F%BFw%3C%08%10%FF%D8%02%3E%1B%03E%0B%24%D5T%3F%21T%FC%8Fl%5C%07%22%60o%AA%AF%8E%1E6%9A%7DvVbs%2C%BCrW-Z%0F%F1%9F%CA%DA%B3%E0%06%E9%81%F7-%01%16%D5%7D%DF%D4%21E%2F%B0%C1%A7%27%AF%C2%0C%B6%C3%EC%1C%BF%5D%82T%A5%DEa%C4%14%401%10%C6%23%02%03%01%00%01%00%00%00%01%9A%06%AD%05%82%04%CA%BEnewface%00%03%E2%02%85%D7%C0.%E6%A2%06%2B%91%AF8hE%F6%C9U%84%F7%7D%A1%B3U%3F%CF%B4%1B%B0%85%A4%24x%11m%00%04%D2%8E0%00%04%DA%9617%00%04%E2%EE192.168.122.2%00%04%EA%A66001%00%03%D2%D62147483647%00%00%00%00 (550 bytes,scope=1) D7C02E-0285-0008-3BE6-881091
1400718395.908202 ccnd[645]: debug.3210 interest_to 0 ccnx:/ccnx/%D7%C0.%E6%A2%06%2B%91%AF8hE%F6%C9U%84%F7%7D%A1%B3U%3F%CF%B4%1B%B0%85%A4%24x%11m/newface/%04%82%02%AA%03%B2%08%85%04%DA0G%12%F3%16%97W9%3A%EB%8B%BE%C0%C3sf%15l%BA%3A%B5%A4%27D%ED%A9%3F%7CT%9E%F4%1F%B3%FD%BA%B6-%A4%2C%B0%FA%0F%D8%DEv%D3%10%C7%D0AFm-%9D%E8%B1.oo%88%5C2%0D%DE%AA%7F%8E%AC%E9%7F%22%93%26%E7.%09%26h%60E%BB%20%B1%97%A4%FAJ%89b%99T%BF%88%289%C8%A7%89V%BA%C7h%5E%1F%07%D4%0F%1C%09%FC%E9%0F%F7%D9%0F%C8%EA%E2%D5b%16%26%D7%3D7%BC%00%00%F2%00%01%A2%03%E2%02%85%3F%CEUL%08m2%E5%A6%28%3Ew%CDb%836%8B%D9z%DA%5B%02%D776-%A5s%B2%09%84%40%00%02%BA%B5%057%D4C%BE%7B%00%01%E2%01%DA%0A%950%81%9F0%0D%06%09%2A%86H%86%F7%0D%01%01%01%05%00%03%81%8D%000%81%89%02%81%81%00%C0%FB%16%1F%A6%9A%5E%A0%2A%D2%80%DA%8E%D9f%C1%85r%83t%A6%28P6%CC%20O%60%D9Pi%87%F3%F6%D7%8C%F8F%BFw%3C%08%10%FF%D8%02%3E%1B%03E%0B%24%D5T%3F%21T%FC%8Fl%5C%07%22%60o%AA%AF%8E%1E6%9A%7DvVbs%2C%BCrW-Z%0F%F1%9F%CA%DA%B3%E0%06%E9%81%F7-%01%16%D5%7D%DF%D4%21E%2F%B0%C1%A7%27%AF%C2%0C%B6%C3%EC%1C%BF%5D%82T%A5%DEa%C4%14%401%10%C6%23%02%03%01%00%01%00%00%00%01%9A%06%AD%05%82%04%CA%BEnewface%00%03%E2%02%85%D7%C0.%E6%A2%06%2B%91%AF8hE%F6%C9U%84%F7%7D%A1%B3U%3F%CF%B4%1B%B0%85%A4%24x%11m%00%04%D2%8E0%00%04%DA%9617%00%04%E2%EE192.168.122.2%00%04%EA%A66001%00%03%D2%D62147483647%00%00%00%00 (550 bytes,scope=1) D7C02E-0285-0008-3BE6-881091
1400718395.908332 ccnd[645]: debug.158 ccnd_answer_req ccnx:/ccnx/%D7%C0.%E6%A2%06%2B%91%AF8hE%F6%C9U%84%F7%7D%A1%B3U%3F%CF%B4%1B%B0%85%A4%24x%11m/newface/%04%82%02%AA%03%B2%08%85%04%DA0G%12%F3%16%97W9%3A%EB%8B%BE%C0%C3sf%15l%BA%3A%B5%A4%27D%ED%A9%3F%7CT%9E%F4%1F%B3%FD%BA%B6-%A4%2C%B0%FA%0F%D8%DEv%D3%10%C7%D0AFm-%9D%E8%B1.oo%88%5C2%0D%DE%AA%7F%8E%AC%E9%7F%22%93%26%E7.%09%26h%60E%BB%20%B1%97%A4%FAJ%89b%99T%BF%88%289%C8%A7%89V%BA%C7h%5E%1F%07%D4%0F%1C%09%FC%E9%0F%F7%D9%0F%C8%EA%E2%D5b%16%26%D7%3D7%BC%00%00%F2%00%01%A2%03%E2%02%85%3F%CEUL%08m2%E5%A6%28%3Ew%CDb%836%8B%D9z%DA%5B%02%D776-%A5s%B2%09%84%40%00%02%BA%B5%057%D4C%BE%7B%00%01%E2%01%DA%0A%950%81%9F0%0D%06%09%2A%86H%86%F7%0D%01%01%01%05%00%03%81%8D%000%81%89%02%81%81%00%C0%FB%16%1F%A6%9A%5E%A0%2A%D2%80%DA%8E%D9f%C1%85r%83t%A6%28P6%CC%20O%60%D9Pi%87%F3%F6%D7%8C%F8F%BFw%3C%08%10%FF%D8%02%3E%1B%03E%0B%24%D5T%3F%21T%FC%8Fl%5C%07%22%60o%AA%AF%8E%1E6%9A%7DvVbs%2C%BCrW-Z%0F%F1%9F%CA%DA%B3%E0%06%E9%81%F7-%01%16%D5%7D%DF%D4%21E%2F%B0%C1%A7%27%AF%C2%0C%B6%C3%EC%1C%BF%5D%82T%A5%DEa%C4%14%401%10%C6%23%02%03%01%00%01%00%00%00%01%9A%06%AD%05%82%04%CA%BEnewface%00%03%E2%02%85%D7%C0.%E6%A2%06%2B%91%AF8hE%F6%C9U%84%F7%7D%A1%B3U%3F%CF%B4%1B%B0%85%A4%24x%11m%00%04%D2%8E0%00%04%DA%9617%00%04%E2%EE192.168.122.2%00%04%EA%A66001%00%03%D2%D62147483647%00%00%00%00 (550 bytes,scope=1) D7C02E-0285-0008-3BE6-881091
1400718395.908469 ccnd[645]: ccnd_req_newface from 8: getaddrinfo(192.168.122.2, 6001, ...) returned 0
1400718395.909428 ccnd[645]: debug.280 ccnd_answer_req_response ccnx:/ccnx/%D7%C0.%E6%A2%06%2B%91%AF8hE%F6%C9U%84%F7%7D%A1%B3U%3F%CF%B4%1B%B0%85%A4%24x%11m/newface/%04%82%02%AA%03%B2%08%85%04%DA0G%12%F3%16%97W9%3A%EB%8B%BE%C0%C3sf%15l%BA%3A%B5%A4%27D%ED%A9%3F%7CT%9E%F4%1F%B3%FD%BA%B6-%A4%2C%B0%FA%0F%D8%DEv%D3%10%C7%D0AFm-%9D%E8%B1.oo%88%5C2%0D%DE%AA%7F%8E%AC%E9%7F%22%93%26%E7.%09%26h%60E%BB%20%B1%97%A4%FAJ%89b%99T%BF%88%289%C8%A7%89V%BA%C7h%5E%1F%07%D4%0F%1C%09%FC%E9%0F%F7%D9%0F%C8%EA%E2%D5b%16%26%D7%3D7%BC%00%00%F2%00%01%A2%03%E2%02%85%3F%CEUL%08m2%E5%A6%28%3Ew%CDb%836%8B%D9z%DA%5B%02%D776-%A5s%B2%09%84%40%00%02%BA%B5%057%D4C%BE%7B%00%01%E2%01%DA%0A%950%81%9F0%0D%06%09%2A%86H%86%F7%0D%01%01%01%05%00%03%81%8D%000%81%89%02%81%81%00%C0%FB%16%1F%A6%9A%5E%A0%2A%D2%80%DA%8E%D9f%C1%85r%83t%A6%28P6%CC%20O%60%D9Pi%87%F3%F6%D7%8C%F8F%BFw%3C%08%10%FF%D8%02%3E%1B%03E%0B%24%D5T%3F%21T%FC%8Fl%5C%07%22%60o%AA%AF%8E%1E6%9A%7DvVbs%2C%BCrW-Z%0F%F1%9F%CA%DA%B3%E0%06%E9%81%F7-%01%16%D5%7D%DF%D4%21E%2F%B0%C1%A7%27%AF%C2%0C%B6%C3%EC%1C%BF%5D%82T%A5%DEa%C4%14%401%10%C6%23%02%03%01%00%01%00%00%00%01%9A%06%AD%05%82%04%CA%BEnewface%00%03%E2%02%85%D7%C0.%E6%A2%06%2B%91%AF8hE%F6%C9U%84%F7%7D%A1%B3U%3F%CF%B4%1B%B0%85%A4%24x%11m%00%04%D2%8E0%00%04%DA%9617%00%04%E2%EE192.168.122.2%00%04%EA%A66001%00%03%D2%D62147483647%00%00%00%00 (986 bytes)
1400718395.909591 ccnd[645]: debug.4109 content_from 0 ccnx:/ccnx/%D7%C0.%E6%A2%06%2B%91%AF8hE%F6%C9U%84%F7%7D%A1%B3U%3F%CF%B4%1B%B0%85%A4%24x%11m/newface/%04%82%02%AA%03%B2%08%85%04%DA0G%12%F3%16%97W9%3A%EB%8B%BE%C0%C3sf%15l%BA%3A%B5%A4%27D%ED%A9%3F%7CT%9E%F4%1F%B3%FD%BA%B6-%A4%2C%B0%FA%0F%D8%DEv%D3%10%C7%D0AFm-%9D%E8%B1.oo%88%5C2%0D%DE%AA%7F%8E%AC%E9%7F%22%93%26%E7.%09%26h%60E%BB%20%B1%97%A4%FAJ%89b%99T%BF%88%289%C8%A7%89V%BA%C7h%5E%1F%07%D4%0F%1C%09%FC%E9%0F%F7%D9%0F%C8%EA%E2%D5b%16%26%D7%3D7%BC%00%00%F2%00%01%A2%03%E2%02%85%3F%CEUL%08m2%E5%A6%28%3Ew%CDb%836%8B%D9z%DA%5B%02%D776-%A5s%B2%09%84%40%00%02%BA%B5%057%D4C%BE%7B%00%01%E2%01%DA%0A%950%81%9F0%0D%06%09%2A%86H%86%F7%0D%01%01%01%05%00%03%81%8D%000%81%89%02%81%81%00%C0%FB%16%1F%A6%9A%5E%A0%2A%D2%80%DA%8E%D9f%C1%85r%83t%A6%28P6%CC%20O%60%D9Pi%87%F3%F6%D7%8C%F8F%BFw%3C%08%10%FF%D8%02%3E%1B%03E%0B%24%D5T%3F%21T%FC%8Fl%5C%07%22%60o%AA%AF%8E%1E6%9A%7DvVbs%2C%BCrW-Z%0F%F1%9F%CA%DA%B3%E0%06%E9%81%F7-%01%16%D5%7D%DF%D4%21E%2F%B0%C1%A7%27%AF%C2%0C%B6%C3%EC%1C%BF%5D%82T%A5%DEa%C4%14%401%10%C6%23%02%03%01%00%01%00%00%00%01%9A%06%AD%05%82%04%CA%BEnewface%00%03%E2%02%85%D7%C0.%E6%A2%06%2B%91%AF8hE%F6%C9U%84%F7%7D%A1%B3U%3F%CF%B4%1B%B0%85%A4%24x%11m%00%04%D2%8E0%00%04%DA%9617%00%04%E2%EE192.168.122.2%00%04%EA%A66001%00%03%D2%D62147483647%00%00%00%00/%27e%9B%07%D5%1C%3D~%FA%E3%BA%ACi%E0%5C%D2%B0%F7%9EG%3E%C2%C5%F6%AE%9A%06m%F9Pf%83 (1022 bytes)
1400718395.909626 ccnd[645]: fwd.3059 adding 0
1400718395.909645 ccnd[645]: face 8 q 0 delay 3 usec
1400718395.909765 ccnd[645]: debug.1526 consume 8 ccnx:/ccnx/%D7%C0.%E6%A2%06%2B%91%AF8hE%F6%C9U%84%F7%7D%A1%B3U%3F%CF%B4%1B%B0%85%A4%24x%11m/newface/%04%82%02%AA%03%B2%08%85%04%DA0G%12%F3%16%97W9%3A%EB%8B%BE%C0%C3sf%15l%BA%3A%B5%A4%27D%ED%A9%3F%7CT%9E%F4%1F%B3%FD%BA%B6-%A4%2C%B0%FA%0F%D8%DEv%D3%10%C7%D0AFm-%9D%E8%B1.oo%88%5C2%0D%DE%AA%7F%8E%AC%E9%7F%22%93%26%E7.%09%26h%60E%BB%20%B1%97%A4%FAJ%89b%99T%BF%88%289%C8%A7%89V%BA%C7h%5E%1F%07%D4%0F%1C%09%FC%E9%0F%F7%D9%0F%C8%EA%E2%D5b%16%26%D7%3D7%BC%00%00%F2%00%01%A2%03%E2%02%85%3F%CEUL%08m2%E5%A6%28%3Ew%CDb%836%8B%D9z%DA%5B%02%D776-%A5s%B2%09%84%40%00%02%BA%B5%057%D4C%BE%7B%00%01%E2%01%DA%0A%950%81%9F0%0D%06%09%2A%86H%86%F7%0D%01%01%01%05%00%03%81%8D%000%81%89%02%81%81%00%C0%FB%16%1F%A6%9A%5E%A0%2A%D2%80%DA%8E%D9f%C1%85r%83t%A6%28P6%CC%20O%60%D9Pi%87%F3%F6%D7%8C%F8F%BFw%3C%08%10%FF%D8%02%3E%1B%03E%0B%24%D5T%3F%21T%FC%8Fl%5C%07%22%60o%AA%AF%8E%1E6%9A%7DvVbs%2C%BCrW-Z%0F%F1%9F%CA%DA%B3%E0%06%E9%81%F7-%01%16%D5%7D%DF%D4%21E%2F%B0%C1%A7%27%AF%C2%0C%B6%C3%EC%1C%BF%5D%82T%A5%DEa%C4%14%401%10%C6%23%02%03%01%00%01%00%00%00%01%9A%06%AD%05%82%04%CA%BEnewface%00%03%E2%02%85%D7%C0.%E6%A2%06%2B%91%AF8hE%F6%C9U%84%F7%7D%A1%B3U%3F%CF%B4%1B%B0%85%A4%24x%11m%00%04%D2%8E0%00%04%DA%9617%00%04%E2%EE192.168.122.2%00%04%EA%A66001%00%03%D2%D62147483647%00%00%00%00 (550 bytes,scope=1) D7C02E-0285-0008-3BE6-881091
1400718395.909778 ccnd[645]: sl.1598 0 ci=4 osrc=4294967295 src=0 usec=11607
1400718395.909790 ccnd[645]: fwd.3059 adding 0
1400718395.909800 ccnd[645]: sl.1598 0 ci=3 osrc=4294967295 src=0 usec=11607
1400718395.909924 ccnd[645]: debug.1268 content_to 8 ccnx:/ccnx/%D7%C0.%E6%A2%06%2B%91%AF8hE%F6%C9U%84%F7%7D%A1%B3U%3F%CF%B4%1B%B0%85%A4%24x%11m/newface/%04%82%02%AA%03%B2%08%85%04%DA0G%12%F3%16%97W9%3A%EB%8B%BE%C0%C3sf%15l%BA%3A%B5%A4%27D%ED%A9%3F%7CT%9E%F4%1F%B3%FD%BA%B6-%A4%2C%B0%FA%0F%D8%DEv%D3%10%C7%D0AFm-%9D%E8%B1.oo%88%5C2%0D%DE%AA%7F%8E%AC%E9%7F%22%93%26%E7.%09%26h%60E%BB%20%B1%97%A4%FAJ%89b%99T%BF%88%289%C8%A7%89V%BA%C7h%5E%1F%07%D4%0F%1C%09%FC%E9%0F%F7%D9%0F%C8%EA%E2%D5b%16%26%D7%3D7%BC%00%00%F2%00%01%A2%03%E2%02%85%3F%CEUL%08m2%E5%A6%28%3Ew%CDb%836%8B%D9z%DA%5B%02%D776-%A5s%B2%09%84%40%00%02%BA%B5%057%D4C%BE%7B%00%01%E2%01%DA%0A%950%81%9F0%0D%06%09%2A%86H%86%F7%0D%01%01%01%05%00%03%81%8D%000%81%89%02%81%81%00%C0%FB%16%1F%A6%9A%5E%A0%2A%D2%80%DA%8E%D9f%C1%85r%83t%A6%28P6%CC%20O%60%D9Pi%87%F3%F6%D7%8C%F8F%BFw%3C%08%10%FF%D8%02%3E%1B%03E%0B%24%D5T%3F%21T%FC%8Fl%5C%07%22%60o%AA%AF%8E%1E6%9A%7DvVbs%2C%BCrW-Z%0F%F1%9F%CA%DA%B3%E0%06%E9%81%F7-%01%16%D5%7D%DF%D4%21E%2F%B0%C1%A7%27%AF%C2%0C%B6%C3%EC%1C%BF%5D%82T%A5%DEa%C4%14%401%10%C6%23%02%03%01%00%01%00%00%00%01%9A%06%AD%05%82%04%CA%BEnewface%00%03%E2%02%85%D7%C0.%E6%A2%06%2B%91%AF8hE%F6%C9U%84%F7%7D%A1%B3U%3F%CF%B4%1B%B0%85%A4%24x%11m%00%04%D2%8E0%00%04%DA%9617%00%04%E2%EE192.168.122.2%00%04%EA%A66001%00%03%D2%D62147483647%00%00%00%00/%27e%9B%07%D5%1C%3D~%FA%E3%BA%ACi%E0%5C%D2%B0%F7%9EG%3E%C2%C5%F6%AE%9A%06m%F9Pf%83 (1022 bytes)
1400718395.911036 ccnd[645]: debug.3807 interest_from 8 ccnx:/ccnx/%D7%C0.%E6%A2%06%2B%91%AF8hE%F6%C9U%84%F7%7D%A1%B3U%3F%CF%B4%1B%B0%85%A4%24x%11m/prefixreg/%04%82%02%AA%03%B2%08%85y%D7e%E7yL%CF%85%BE%BFF%E7%91.~%D5nFyh%9C%08%80%19%856m%1F%E9FW%F8%21%AC_%B5%B0%F6-%AA%A5%C6%04uT%09zC%FFIiZ%9C%9A%22%E0%A9%7B%E5B%D3%AC%17%9C%F8%CD3%2A%0A%E7g%E6%F4%40%8E%23c%F4%8F0%EE%1ELk%BAx%AE%EB%04%CB%DF%1E%CF%D3_%CD%B8V%91%E7%7C%1Ag%AC%C08%EC%FEv%21%8C%40P%17o%23%D3%8A%E8%F6%F3%BF%A5%D6d%E3%CF%BC%00%00%F2%00%01%A2%03%E2%02%85%3F%CEUL%08m2%E5%A6%28%3Ew%CDb%836%8B%D9z%DA%5B%02%D776-%A5s%B2%09%84%40%00%02%BA%B5%057%D4C%BE%90%00%01%E2%01%DA%0A%950%81%9F0%0D%06%09%2A%86H%86%F7%0D%01%01%01%05%00%03%81%8D%000%81%89%02%81%81%00%C0%FB%16%1F%A6%9A%5E%A0%2A%D2%80%DA%8E%D9f%C1%85r%83t%A6%28P6%CC%20O%60%D9Pi%87%F3%F6%D7%8C%F8F%BFw%3C%08%10%FF%D8%02%3E%1B%03E%0B%24%D5T%3F%21T%FC%8Fl%5C%07%22%60o%AA%AF%8E%1E6%9A%7DvVbs%2C%BCrW-Z%0F%F1%9F%CA%DA%B3%E0%06%E9%81%F7-%01%16%D5%7D%DF%D4%21E%2F%B0%C1%A7%27%AF%C2%0C%B6%C3%EC%1C%BF%5D%82T%A5%DEa%C4%14%401%10%C6%23%02%03%01%00%01%00%00%00%01%9A%04%D5%05%8A%04%CA%CEprefixreg%00%F2%00%03%E2%02%85%D7%C0.%E6%A2%06%2B%91%AF8hE%F6%C9U%84%F7%7D%A1%B3U%3F%CF%B4%1B%B0%85%A4%24x%11m%00%04%D2%8E7%00%03%D2%D62147483647%00%00%00%00 (509 bytes,scope=1)
1400718395.911051 ccnd[645]: version: 20090701, prefix_comps: 4, min_suffix_comps: 0, max_suffix_comps: 32767, orderpref: 0, answerfrom: 3, scope: 1, lifetime: 4.0000, excl: 0 bytes, etc: 0 bytes
1400718395.911092 ccnd[645]: debug.3856 first_candidate ccnx:/test/1/%FD%057%D4C%91%1B/%00/%E9p%98Yk%26%D9%23%19M%20%FC%2C3%27w%83%93a%E3%D2%FE%EA%F6%5C%22%1F%86%8DeN%E3 (433 bytes)
1400718395.911202 ccnd[645]: debug.3863 prefix_mismatch ccnx:/ccnx/%D7%C0.%E6%A2%06%2B%91%AF8hE%F6%C9U%84%F7%7D%A1%B3U%3F%CF%B4%1B%B0%85%A4%24x%11m/prefixreg/%04%82%02%AA%03%B2%08%85y%D7e%E7yL%CF%85%BE%BFF%E7%91.~%D5nFyh%9C%08%80%19%856m%1F%E9FW%F8%21%AC_%B5%B0%F6-%AA%A5%C6%04uT%09zC%FFIiZ%9C%9A%22%E0%A9%7B%E5B%D3%AC%17%9C%F8%CD3%2A%0A%E7g%E6%F4%40%8E%23c%F4%8F0%EE%1ELk%BAx%AE%EB%04%CB%DF%1E%CF%D3_%CD%B8V%91%E7%7C%1Ag%AC%C08%EC%FEv%21%8C%40P%17o%23%D3%8A%E8%F6%F3%BF%A5%D6d%E3%CF%BC%00%00%F2%00%01%A2%03%E2%02%85%3F%CEUL%08m2%E5%A6%28%3Ew%CDb%836%8B%D9z%DA%5B%02%D776-%A5s%B2%09%84%40%00%02%BA%B5%057%D4C%BE%90%00%01%E2%01%DA%0A%950%81%9F0%0D%06%09%2A%86H%86%F7%0D%01%01%01%05%00%03%81%8D%000%81%89%02%81%81%00%C0%FB%16%1F%A6%9A%5E%A0%2A%D2%80%DA%8E%D9f%C1%85r%83t%A6%28P6%CC%20O%60%D9Pi%87%F3%F6%D7%8C%F8F%BFw%3C%08%10%FF%D8%02%3E%1B%03E%0B%24%D5T%3F%21T%FC%8Fl%5C%07%22%60o%AA%AF%8E%1E6%9A%7DvVbs%2C%BCrW-Z%0F%F1%9F%CA%DA%B3%E0%06%E9%81%F7-%01%16%D5%7D%DF%D4%21E%2F%B0%C1%A7%27%AF%C2%0C%B6%C3%EC%1C%BF%5D%82T%A5%DEa%C4%14%401%10%C6%23%02%03%01%00%01%00%00%00%01%9A%04%D5%05%8A%04%CA%CEprefixreg%00%F2%00%03%E2%02%85%D7%C0.%E6%A2%06%2B%91%AF8hE%F6%C9U%84%F7%7D%A1%B3U%3F%CF%B4%1B%B0%85%A4%24x%11m%00%04%D2%8E7%00%03%D2%D62147483647%00%00%00%00 (509 bytes,scope=1)
1400718395.911215 ccnd[645]: outbound.3131 adding 0
1400718395.911333 ccnd[645]: debug.3523 0x2517790.0of1,usec=509+3999491 8 ccnx:/ccnx/%D7%C0.%E6%A2%06%2B%91%AF8hE%F6%C9U%84%F7%7D%A1%B3U%3F%CF%B4%1B%B0%85%A4%24x%11m/prefixreg/%04%82%02%AA%03%B2%08%85y%D7e%E7yL%CF%85%BE%BFF%E7%91.~%D5nFyh%9C%08%80%19%856m%1F%E9FW%F8%21%AC_%B5%B0%F6-%AA%A5%C6%04uT%09zC%FFIiZ%9C%9A%22%E0%A9%7B%E5B%D3%AC%17%9C%F8%CD3%2A%0A%E7g%E6%F4%40%8E%23c%F4%8F0%EE%1ELk%BAx%AE%EB%04%CB%DF%1E%CF%D3_%CD%B8V%91%E7%7C%1Ag%AC%C08%EC%FEv%21%8C%40P%17o%23%D3%8A%E8%F6%F3%BF%A5%D6d%E3%CF%BC%00%00%F2%00%01%A2%03%E2%02%85%3F%CEUL%08m2%E5%A6%28%3Ew%CDb%836%8B%D9z%DA%5B%02%D776-%A5s%B2%09%84%40%00%02%BA%B5%057%D4C%BE%90%00%01%E2%01%DA%0A%950%81%9F0%0D%06%09%2A%86H%86%F7%0D%01%01%01%05%00%03%81%8D%000%81%89%02%81%81%00%C0%FB%16%1F%A6%9A%5E%A0%2A%D2%80%DA%8E%D9f%C1%85r%83t%A6%28P6%CC%20O%60%D9Pi%87%F3%F6%D7%8C%F8F%BFw%3C%08%10%FF%D8%02%3E%1B%03E%0B%24%D5T%3F%21T%FC%8Fl%5C%07%22%60o%AA%AF%8E%1E6%9A%7DvVbs%2C%BCrW-Z%0F%F1%9F%CA%DA%B3%E0%06%E9%81%F7-%01%16%D5%7D%DF%D4%21E%2F%B0%C1%A7%27%AF%C2%0C%B6%C3%EC%1C%BF%5D%82T%A5%DEa%C4%14%401%10%C6%23%02%03%01%00%01%00%00%00%01%9A%04%D5%05%8A%04%CA%CEprefixreg%00%F2%00%03%E2%02%85%D7%C0.%E6%A2%06%2B%91%AF8hE%F6%C9U%84%F7%7D%A1%B3U%3F%CF%B4%1B%B0%85%A4%24x%11m%00%04%D2%8E7%00%03%D2%D62147483647%00%00%00%00 (525 bytes,scope=1) D7C02E-0285-0008-3BE8-FC0A10
1400718395.912597 ccnd[645]: debug.3210 interest_to 0 ccnx:/ccnx/%D7%C0.%E6%A2%06%2B%91%AF8hE%F6%C9U%84%F7%7D%A1%B3U%3F%CF%B4%1B%B0%85%A4%24x%11m/prefixreg/%04%82%02%AA%03%B2%08%85y%D7e%E7yL%CF%85%BE%BFF%E7%91.~%D5nFyh%9C%08%80%19%856m%1F%E9FW%F8%21%AC_%B5%B0%F6-%AA%A5%C6%04uT%09zC%FFIiZ%9C%9A%22%E0%A9%7B%E5B%D3%AC%17%9C%F8%CD3%2A%0A%E7g%E6%F4%40%8E%23c%F4%8F0%EE%1ELk%BAx%AE%EB%04%CB%DF%1E%CF%D3_%CD%B8V%91%E7%7C%1Ag%AC%C08%EC%FEv%21%8C%40P%17o%23%D3%8A%E8%F6%F3%BF%A5%D6d%E3%CF%BC%00%00%F2%00%01%A2%03%E2%02%85%3F%CEUL%08m2%E5%A6%28%3Ew%CDb%836%8B%D9z%DA%5B%02%D776-%A5s%B2%09%84%40%00%02%BA%B5%057%D4C%BE%90%00%01%E2%01%DA%0A%950%81%9F0%0D%06%09%2A%86H%86%F7%0D%01%01%01%05%00%03%81%8D%000%81%89%02%81%81%00%C0%FB%16%1F%A6%9A%5E%A0%2A%D2%80%DA%8E%D9f%C1%85r%83t%A6%28P6%CC%20O%60%D9Pi%87%F3%F6%D7%8C%F8F%BFw%3C%08%10%FF%D8%02%3E%1B%03E%0B%24%D5T%3F%21T%FC%8Fl%5C%07%22%60o%AA%AF%8E%1E6%9A%7DvVbs%2C%BCrW-Z%0F%F1%9F%CA%DA%B3%E0%06%E9%81%F7-%01%16%D5%7D%DF%D4%21E%2F%B0%C1%A7%27%AF%C2%0C%B6%C3%EC%1C%BF%5D%82T%A5%DEa%C4%14%401%10%C6%23%02%03%01%00%01%00%00%00%01%9A%04%D5%05%8A%04%CA%CEprefixreg%00%F2%00%03%E2%02%85%D7%C0.%E6%A2%06%2B%91%AF8hE%F6%C9U%84%F7%7D%A1%B3U%3F%CF%B4%1B%B0%85%A4%24x%11m%00%04%D2%8E7%00%03%D2%D62147483647%00%00%00%00 (525 bytes,scope=1) D7C02E-0285-0008-3BE8-FC0A10
1400718395.912720 ccnd[645]: debug.158 ccnd_answer_req ccnx:/ccnx/%D7%C0.%E6%A2%06%2B%91%AF8hE%F6%C9U%84%F7%7D%A1%B3U%3F%CF%B4%1B%B0%85%A4%24x%11m/prefixreg/%04%82%02%AA%03%B2%08%85y%D7e%E7yL%CF%85%BE%BFF%E7%91.~%D5nFyh%9C%08%80%19%856m%1F%E9FW%F8%21%AC_%B5%B0%F6-%AA%A5%C6%04uT%09zC%FFIiZ%9C%9A%22%E0%A9%7B%E5B%D3%AC%17%9C%F8%CD3%2A%0A%E7g%E6%F4%40%8E%23c%F4%8F0%EE%1ELk%BAx%AE%EB%04%CB%DF%1E%CF%D3_%CD%B8V%91%E7%7C%1Ag%AC%C08%EC%FEv%21%8C%40P%17o%23%D3%8A%E8%F6%F3%BF%A5%D6d%E3%CF%BC%00%00%F2%00%01%A2%03%E2%02%85%3F%CEUL%08m2%E5%A6%28%3Ew%CDb%836%8B%D9z%DA%5B%02%D776-%A5s%B2%09%84%40%00%02%BA%B5%057%D4C%BE%90%00%01%E2%01%DA%0A%950%81%9F0%0D%06%09%2A%86H%86%F7%0D%01%01%01%05%00%03%81%8D%000%81%89%02%81%81%00%C0%FB%16%1F%A6%9A%5E%A0%2A%D2%80%DA%8E%D9f%C1%85r%83t%A6%28P6%CC%20O%60%D9Pi%87%F3%F6%D7%8C%F8F%BFw%3C%08%10%FF%D8%02%3E%1B%03E%0B%24%D5T%3F%21T%FC%8Fl%5C%07%22%60o%AA%AF%8E%1E6%9A%7DvVbs%2C%BCrW-Z%0F%F1%9F%CA%DA%B3%E0%06%E9%81%F7-%01%16%D5%7D%DF%D4%21E%2F%B0%C1%A7%27%AF%C2%0C%B6%C3%EC%1C%BF%5D%82T%A5%DEa%C4%14%401%10%C6%23%02%03%01%00%01%00%00%00%01%9A%04%D5%05%8A%04%CA%CEprefixreg%00%F2%00%03%E2%02%85%D7%C0.%E6%A2%06%2B%91%AF8hE%F6%C9U%84%F7%7D%A1%B3U%3F%CF%B4%1B%B0%85%A4%24x%11m%00%04%D2%8E7%00%03%D2%D62147483647%00%00%00%00 (525 bytes,scope=1) D7C02E-0285-0008-3BE8-FC0A10
1400718395.912811 ccnd[645]: debug.2428 prefix,ff=3 7 ccnx:/ (2 bytes)
1400718395.913778 ccnd[645]: debug.280 ccnd_answer_req_response ccnx:/ccnx/%D7%C0.%E6%A2%06%2B%91%AF8hE%F6%C9U%84%F7%7D%A1%B3U%3F%CF%B4%1B%B0%85%A4%24x%11m/prefixreg/%04%82%02%AA%03%B2%08%85y%D7e%E7yL%CF%85%BE%BFF%E7%91.~%D5nFyh%9C%08%80%19%856m%1F%E9FW%F8%21%AC_%B5%B0%F6-%AA%A5%C6%04uT%09zC%FFIiZ%9C%9A%22%E0%A9%7B%E5B%D3%AC%17%9C%F8%CD3%2A%0A%E7g%E6%F4%40%8E%23c%F4%8F0%EE%1ELk%BAx%AE%EB%04%CB%DF%1E%CF%D3_%CD%B8V%91%E7%7C%1Ag%AC%C08%EC%FEv%21%8C%40P%17o%23%D3%8A%E8%F6%F3%BF%A5%D6d%E3%CF%BC%00%00%F2%00%01%A2%03%E2%02%85%3F%CEUL%08m2%E5%A6%28%3Ew%CDb%836%8B%D9z%DA%5B%02%D776-%A5s%B2%09%84%40%00%02%BA%B5%057%D4C%BE%90%00%01%E2%01%DA%0A%950%81%9F0%0D%06%09%2A%86H%86%F7%0D%01%01%01%05%00%03%81%8D%000%81%89%02%81%81%00%C0%FB%16%1F%A6%9A%5E%A0%2A%D2%80%DA%8E%D9f%C1%85r%83t%A6%28P6%CC%20O%60%D9Pi%87%F3%F6%D7%8C%F8F%BFw%3C%08%10%FF%D8%02%3E%1B%03E%0B%24%D5T%3F%21T%FC%8Fl%5C%07%22%60o%AA%AF%8E%1E6%9A%7DvVbs%2C%BCrW-Z%0F%F1%9F%CA%DA%B3%E0%06%E9%81%F7-%01%16%D5%7D%DF%D4%21E%2F%B0%C1%A7%27%AF%C2%0C%B6%C3%EC%1C%BF%5D%82T%A5%DEa%C4%14%401%10%C6%23%02%03%01%00%01%00%00%00%01%9A%04%D5%05%8A%04%CA%CEprefixreg%00%F2%00%03%E2%02%85%D7%C0.%E6%A2%06%2B%91%AF8hE%F6%C9U%84%F7%7D%A1%B3U%3F%CF%B4%1B%B0%85%A4%24x%11m%00%04%D2%8E7%00%03%D2%D62147483647%00%00%00%00 (941 bytes)
1400718395.913938 ccnd[645]: debug.4109 content_from 0 ccnx:/ccnx/%D7%C0.%E6%A2%06%2B%91%AF8hE%F6%C9U%84%F7%7D%A1%B3U%3F%CF%B4%1B%B0%85%A4%24x%11m/prefixreg/%04%82%02%AA%03%B2%08%85y%D7e%E7yL%CF%85%BE%BFF%E7%91.~%D5nFyh%9C%08%80%19%856m%1F%E9FW%F8%21%AC_%B5%B0%F6-%AA%A5%C6%04uT%09zC%FFIiZ%9C%9A%22%E0%A9%7B%E5B%D3%AC%17%9C%F8%CD3%2A%0A%E7g%E6%F4%40%8E%23c%F4%8F0%EE%1ELk%BAx%AE%EB%04%CB%DF%1E%CF%D3_%CD%B8V%91%E7%7C%1Ag%AC%C08%EC%FEv%21%8C%40P%17o%23%D3%8A%E8%F6%F3%BF%A5%D6d%E3%CF%BC%00%00%F2%00%01%A2%03%E2%02%85%3F%CEUL%08m2%E5%A6%28%3Ew%CDb%836%8B%D9z%DA%5B%02%D776-%A5s%B2%09%84%40%00%02%BA%B5%057%D4C%BE%90%00%01%E2%01%DA%0A%950%81%9F0%0D%06%09%2A%86H%86%F7%0D%01%01%01%05%00%03%81%8D%000%81%89%02%81%81%00%C0%FB%16%1F%A6%9A%5E%A0%2A%D2%80%DA%8E%D9f%C1%85r%83t%A6%28P6%CC%20O%60%D9Pi%87%F3%F6%D7%8C%F8F%BFw%3C%08%10%FF%D8%02%3E%1B%03E%0B%24%D5T%3F%21T%FC%8Fl%5C%07%22%60o%AA%AF%8E%1E6%9A%7DvVbs%2C%BCrW-Z%0F%F1%9F%CA%DA%B3%E0%06%E9%81%F7-%01%16%D5%7D%DF%D4%21E%2F%B0%C1%A7%27%AF%C2%0C%B6%C3%EC%1C%BF%5D%82T%A5%DEa%C4%14%401%10%C6%23%02%03%01%00%01%00%00%00%01%9A%04%D5%05%8A%04%CA%CEprefixreg%00%F2%00%03%E2%02%85%D7%C0.%E6%A2%06%2B%91%AF8hE%F6%C9U%84%F7%7D%A1%B3U%3F%CF%B4%1B%B0%85%A4%24x%11m%00%04%D2%8E7%00%03%D2%D62147483647%00%00%00%00/%83%08%22%F1%00sJ%F3%D4%3F%B2%2C%86%E1%BA%C9%AC%E5m%7FqR%DE%3D%D6t%02N%E0t%C8%5D (977 bytes)
1400718395.913977 ccnd[645]: fwd.3059 adding 0
1400718395.913988 ccnd[645]: fwd.3059 adding 7
1400718395.914005 ccnd[645]: face 8 q 0 delay 3 usec
1400718395.914126 ccnd[645]: debug.1526 consume 8 ccnx:/ccnx/%D7%C0.%E6%A2%06%2B%91%AF8hE%F6%C9U%84%F7%7D%A1%B3U%3F%CF%B4%1B%B0%85%A4%24x%11m/prefixreg/%04%82%02%AA%03%B2%08%85y%D7e%E7yL%CF%85%BE%BFF%E7%91.~%D5nFyh%9C%08%80%19%856m%1F%E9FW%F8%21%AC_%B5%B0%F6-%AA%A5%C6%04uT%09zC%FFIiZ%9C%9A%22%E0%A9%7B%E5B%D3%AC%17%9C%F8%CD3%2A%0A%E7g%E6%F4%40%8E%23c%F4%8F0%EE%1ELk%BAx%AE%EB%04%CB%DF%1E%CF%D3_%CD%B8V%91%E7%7C%1Ag%AC%C08%EC%FEv%21%8C%40P%17o%23%D3%8A%E8%F6%F3%BF%A5%D6d%E3%CF%BC%00%00%F2%00%01%A2%03%E2%02%85%3F%CEUL%08m2%E5%A6%28%3Ew%CDb%836%8B%D9z%DA%5B%02%D776-%A5s%B2%09%84%40%00%02%BA%B5%057%D4C%BE%90%00%01%E2%01%DA%0A%950%81%9F0%0D%06%09%2A%86H%86%F7%0D%01%01%01%05%00%03%81%8D%000%81%89%02%81%81%00%C0%FB%16%1F%A6%9A%5E%A0%2A%D2%80%DA%8E%D9f%C1%85r%83t%A6%28P6%CC%20O%60%D9Pi%87%F3%F6%D7%8C%F8F%BFw%3C%08%10%FF%D8%02%3E%1B%03E%0B%24%D5T%3F%21T%FC%8Fl%5C%07%22%60o%AA%AF%8E%1E6%9A%7DvVbs%2C%BCrW-Z%0F%F1%9F%CA%DA%B3%E0%06%E9%81%F7-%01%16%D5%7D%DF%D4%21E%2F%B0%C1%A7%27%AF%C2%0C%B6%C3%EC%1C%BF%5D%82T%A5%DEa%C4%14%401%10%C6%23%02%03%01%00%01%00%00%00%01%9A%04%D5%05%8A%04%CA%CEprefixreg%00%F2%00%03%E2%02%85%D7%C0.%E6%A2%06%2B%91%AF8hE%F6%C9U%84%F7%7D%A1%B3U%3F%CF%B4%1B%B0%85%A4%24x%11m%00%04%D2%8E7%00%03%D2%D62147483647%00%00%00%00 (525 bytes,scope=1) D7C02E-0285-0008-3BE8-FC0A10
1400718395.914139 ccnd[645]: sl.1598 0 ci=4 osrc=4294967295 src=0 usec=11607
1400718395.914150 ccnd[645]: fwd.3059 adding 0
1400718395.914160 ccnd[645]: fwd.3059 adding 7
1400718395.914171 ccnd[645]: sl.1598 0 ci=3 osrc=4294967295 src=0 usec=11607
1400718395.914192 ccnd[645]: fwd.3059 adding 0
1400718395.914202 ccnd[645]: fwd.3059 adding 7
1400718395.914213 ccnd[645]: fwd.3059 adding 7
1400718395.914223 ccnd[645]: fwd.3059 adding 7
1400718395.914347 ccnd[645]: debug.1268 content_to 8 ccnx:/ccnx/%D7%C0.%E6%A2%06%2B%91%AF8hE%F6%C9U%84%F7%7D%A1%B3U%3F%CF%B4%1B%B0%85%A4%24x%11m/prefixreg/%04%82%02%AA%03%B2%08%85y%D7e%E7yL%CF%85%BE%BFF%E7%91.~%D5nFyh%9C%08%80%19%856m%1F%E9FW%F8%21%AC_%B5%B0%F6-%AA%A5%C6%04uT%09zC%FFIiZ%9C%9A%22%E0%A9%7B%E5B%D3%AC%17%9C%F8%CD3%2A%0A%E7g%E6%F4%40%8E%23c%F4%8F0%EE%1ELk%BAx%AE%EB%04%CB%DF%1E%CF%D3_%CD%B8V%91%E7%7C%1Ag%AC%C08%EC%FEv%21%8C%40P%17o%23%D3%8A%E8%F6%F3%BF%A5%D6d%E3%CF%BC%00%00%F2%00%01%A2%03%E2%02%85%3F%CEUL%08m2%E5%A6%28%3Ew%CDb%836%8B%D9z%DA%5B%02%D776-%A5s%B2%09%84%40%00%02%BA%B5%057%D4C%BE%90%00%01%E2%01%DA%0A%950%81%9F0%0D%06%09%2A%86H%86%F7%0D%01%01%01%05%00%03%81%8D%000%81%89%02%81%81%00%C0%FB%16%1F%A6%9A%5E%A0%2A%D2%80%DA%8E%D9f%C1%85r%83t%A6%28P6%CC%20O%60%D9Pi%87%F3%F6%D7%8C%F8F%BFw%3C%08%10%FF%D8%02%3E%1B%03E%0B%24%D5T%3F%21T%FC%8Fl%5C%07%22%60o%AA%AF%8E%1E6%9A%7DvVbs%2C%BCrW-Z%0F%F1%9F%CA%DA%B3%E0%06%E9%81%F7-%01%16%D5%7D%DF%D4%21E%2F%B0%C1%A7%27%AF%C2%0C%B6%C3%EC%1C%BF%5D%82T%A5%DEa%C4%14%401%10%C6%23%02%03%01%00%01%00%00%00%01%9A%04%D5%05%8A%04%CA%CEprefixreg%00%F2%00%03%E2%02%85%D7%C0.%E6%A2%06%2B%91%AF8hE%F6%C9U%84%F7%7D%A1%B3U%3F%CF%B4%1B%B0%85%A4%24x%11m%00%04%D2%8E7%00%03%D2%D62147483647%00%00%00%00/%83%08%22%F1%00sJ%F3%D4%3F%B2%2C%86%E1%BA%C9%AC%E5m%7FqR%DE%3D%D6t%02N%E0t%C8%5D (977 bytes)
1400718395.914968 ccnd[645]: shutdown client fd=9 id=8
1400718395.915004 ccnd[645]: releasing face id 8 (slot 8)
1400718399.000000 ccnd[645]: 6001 ____________________ Thu May 22 00:26:39 2014
1400718399.255627 ccnd[645]: debug.3946 stale ccnx:/%C1.M.S.neighborhood/%C1.M.SRV/ccnd/KEY/%C1.M.K%00%D7%C0.%E6%A2%06%2B%91%AF8hE%F6%C9U%84%F7%7D%A1%B3U%3F%CF%B4%1B%B0%85%A4%24x%11m/%FD%057%D4AJ%90/%00/%3D%ED%2F%94%5C%F3%E5Lil%C0%C6%279%91%9A%A2%5D%DA%8FI%95%27%F1%13%C7j%ED%D6%93%2B%2C (617 bytes)
1400718402.254216 ccnd[645]: debug.3807 interest_from 7 ccnx:/test/1 (32 bytes) 6A536B-028D-0008-41C0-3566DA
1400718402.254238 ccnd[645]: version: 20090701, prefix_comps: 2, min_suffix_comps: 0, max_suffix_comps: 32767, orderpref: 0, answerfrom: 3, scope: -1, lifetime: 4.0000, excl: 0 bytes, etc: 0 bytes
1400718402.254275 ccnd[645]: debug.3856 first_candidate ccnx:/test/1/%FD%057%D4C%91%1B/%00/%E9p%98Yk%26%D9%23%19M%20%FC%2C3%27w%83%93a%E3%D2%FE%EA%F6%5C%22%1F%86%8DeN%E3 (433 bytes)
1400718402.254305 ccnd[645]: debug.3884 matches ccnx:/test/1/%FD%057%D4C%91%1B/%00/%E9p%98Yk%26%D9%23%19M%20%FC%2C3%27w%83%93a%E3%D2%FE%EA%F6%5C%22%1F%86%8DeN%E3 (433 bytes)
1400718402.254319 ccnd[645]: face 7 q 1 delay 1068 usec
1400718402.254340 ccnd[645]: debug.3918 consume 7 ccnx:/test/1 (32 bytes) 6A536B-028D-0008-41C0-3566DA
1400718402.254351 ccnd[645]: fwd.3059 adding 6
1400718402.254362 ccnd[645]: fwd.3059 adding 7
1400718402.254372 ccnd[645]: fwd.3059 adding 7
1400718402.254382 ccnd[645]: fwd.3059 adding 7
1400718402.254406 ccnd[645]: debug.3807 interest_from 7 ccnx:/%C1.M.S.neighborhood/%C1.M.SRV/ccnd/KEY (55 bytes,scope=2)
1400718402.254416 ccnd[645]: version: 20090701, prefix_comps: 4, min_suffix_comps: 0, max_suffix_comps: 32767, orderpref: 0, answerfrom: 3, scope: 2, lifetime: 4.0000, excl: 0 bytes, etc: 0 bytes
1400718402.254464 ccnd[645]: debug.3856 first_candidate ccnx:/%C1.M.S.neighborhood/%C1.M.SRV/ccnd/KEY/%C1.M.K%00%D7%C0.%E6%A2%06%2B%91%AF8hE%F6%C9U%84%F7%7D%A1%B3U%3F%CF%B4%1B%B0%85%A4%24x%11m/%FD%057%D4AJ%90/%00/%3D%ED%2F%94%5C%F3%E5Lil%C0%C6%279%91%9A%A2%5D%DA%8FI%95%27%F1%13%C7j%ED%D6%93%2B%2C (617 bytes)
1400718402.254475 ccnd[645]: fwd.3059 adding 0
1400718402.254486 ccnd[645]: fwd.3059 adding 7
1400718402.254496 ccnd[645]: outbound.3131 adding 0
1400718402.254525 ccnd[645]: debug.3523 0x2517b30.0of1,usec=873+3999127 7 ccnx:/%C1.M.S.neighborhood/%C1.M.SRV/ccnd/KEY (71 bytes,scope=2) D7C02E-0285-0007-4241-48DB71
1400718402.255693 ccnd[645]: debug.1268 content_to 7 ccnx:/test/1/%FD%057%D4C%91%1B/%00/%E9p%98Yk%26%D9%23%19M%20%FC%2C3%27w%83%93a%E3%D2%FE%EA%F6%5C%22%1F%86%8DeN%E3 (433 bytes)
1400718402.255752 ccnd[645]: debug.3210 interest_to 0 ccnx:/%C1.M.S.neighborhood/%C1.M.SRV/ccnd/KEY (71 bytes,scope=2) D7C02E-0285-0007-4241-48DB71
1400718402.255789 ccnd[645]: debug.158 ccnd_answer_req ccnx:/%C1.M.S.neighborhood/%C1.M.SRV/ccnd/KEY (71 bytes,scope=2) D7C02E-0285-0007-4241-48DB71
1400718402.255865 ccnd[645]: debug.4109 content_from 0 ccnx:/%C1.M.S.neighborhood/%C1.M.SRV/ccnd/KEY/%C1.M.K%00%D7%C0.%E6%A2%06%2B%91%AF8hE%F6%C9U%84%F7%7D%A1%B3U%3F%CF%B4%1B%B0%85%A4%24x%11m/%FD%057%D4AJ%90/%00/%3D%ED%2F%94%5C%F3%E5Lil%C0%C6%279%91%9A%A2%5D%DA%8FI%95%27%F1%13%C7j%ED%D6%93%2B%2C (617 bytes)
1400718402.255886 ccnd[645]: fwd.3059 adding 0
1400718402.255897 ccnd[645]: fwd.3059 adding 7
1400718402.255913 ccnd[645]: face 7 q 1 delay 567 usec
1400718402.255937 ccnd[645]: debug.1526 consume 7 ccnx:/%C1.M.S.neighborhood/%C1.M.SRV/ccnd/KEY (71 bytes,scope=2) D7C02E-0285-0007-4241-48DB71
1400718402.255947 ccnd[645]: sl.1598 0 ci=4 osrc=0 src=0 usec=11607
1400718402.255958 ccnd[645]: fwd.3059 adding 0
1400718402.255968 ccnd[645]: fwd.3059 adding 7
1400718402.255978 ccnd[645]: sl.1598 0 ci=3 osrc=0 src=0 usec=11607
1400718402.255989 ccnd[645]: fwd.3059 adding 0
1400718402.255999 ccnd[645]: fwd.3059 adding 7
1400718402.000000 ccnd[645]: 6001 ____________________ Thu May 22 00:26:42 2014
1400718402.257171 ccnd[645]: debug.1268 content_to 7 ccnx:/%C1.M.S.neighborhood/%C1.M.SRV/ccnd/KEY/%C1.M.K%00%D7%C0.%E6%A2%06%2B%91%AF8hE%F6%C9U%84%F7%7D%A1%B3U%3F%CF%B4%1B%B0%85%A4%24x%11m/%FD%057%D4AJ%90/%00/%3D%ED%2F%94%5C%F3%E5Lil%C0%C6%279%91%9A%A2%5D%DA%8FI%95%27%F1%13%C7j%ED%D6%93%2B%2C (617 bytes)
1400718402.957219 ccnd[645]: debug.3946 stale ccnx:/ccnx/%D7%C0.%E6%A2%06%2B%91%AF8hE%F6%C9U%84%F7%7D%A1%B3U%3F%CF%B4%1B%B0%85%A4%24x%11m/selfreg/%04%82%02%AA%03%B2%08%85%18%1F%2F%F3%B3m%0D%2C%F6%BEgZ%B2%F6d%1D%EB2%27v3%E8%B5%C0%17Qo%08%E9%241%FBg%8B7%04%60%2C%3C%C7%25%3FI%80%3B%DE%24%E3%85%C4tf%18%F3%8F%22%F9%1F%7C%AB%11%7F%FA%24%BB%99b6%91%85%17%9Bf%C6Wx%97%06%F9%5CzrUUg%EF%60A%29%94%23%01a%DB%9F%0C%E9%A9%04%97%F6%F7%EC%DC%B1%CD%9A%A5%95%88%C9%10%1E%F4%07%D0Ll%FA%BC_%B3%F559%3CeO%00%00%F2%00%01%A2%03%E2%02%85%3F%CEUL%08m2%E5%A6%28%3Ew%CDb%836%8B%D9z%DA%5B%02%D776-%A5s%B2%09%84%40%00%02%BA%B5%057%D4C%8E%8F%00%01%E2%01%DA%0A%950%81%9F0%0D%06%09%2A%86H%86%F7%0D%01%01%01%05%00%03%81%8D%000%81%89%02%81%81%00%C0%FB%16%1F%A6%9A%5E%A0%2A%D2%80%DA%8E%D9f%C1%85r%83t%A6%28P6%CC%20O%60%D9Pi%87%F3%F6%D7%8C%F8F%BFw%3C%08%10%FF%D8%02%3E%1B%03E%0B%24%D5T%3F%21T%FC%8Fl%5C%07%22%60o%AA%AF%8E%1E6%9A%7DvVbs%2C%BCrW-Z%0F%F1%9F%CA%DA%B3%E0%06%E9%81%F7-%01%16%D5%7D%DF%D4%21E%2F%B0%C1%A7%27%AF%C2%0C%B6%C3%EC%1C%BF%5D%82T%A5%DEa%C4%14%401%10%C6%23%02%03%01%00%01%00%00%00%01%9A%09%ED%05%8A%04%CA%BEselfreg%00%F2%FA%C5ccnx.org%00%FA%ADUsers%00%FA%A5user%00%FA%A5Keys%00%FA%02%B5%C1.M.K%00%3F%CEUL%08m2%E5%A6%28%3Ew%CDb%836%8B%D9z%DA%5B%02%D776-%A5s%B2%09%84%40%00%FA%BD%FD%04%FB%C93%60%00%00%00%03%E2%02%85%D7%C0.%E6%A2%06%2B%91%AF8hE%F6%C9U%84%F7%7D%A1%B3U%3F%CF%B4%1B%B0%85%A4%24x%11m%00%04%FA%8E3%00%03%D2%D62147483647%00%00%00%00/%B0U%26%AAM8%F0%D05DX%AE%1D%A0%F9%82%01%7C4x%1A%06b%DF%F4%E96%F9h%26%2F%1A (1139 bytes)
1400718403.067570 ccnd[645]: debug.3946 stale ccnx:/ccnx/%D7%C0.%E6%A2%06%2B%91%AF8hE%F6%C9U%84%F7%7D%A1%B3U%3F%CF%B4%1B%B0%85%A4%24x%11m/selfreg/%04%82%02%AA%03%B2%08%85%A8%3AKO%B5%7B%EE%BEm%CA%90%13%9B%28%FD%EE%98%26%83%D1%18%13%82k%EE%A0%EAFn%D5%BA%F7T7yZ%C5E%09%BF%D6%0CN%B2U%B1m%407%CE%AB%D5%A5%9E%B4%A9%C6%8FZ%CC%C7%F1%28%C4%C6H%DC%861n%EAb%912%C5%94%0C%A5%C5%18%1B%1B%EB%AE%C1%7B%00X%8E%A7wi%98z%9C%5EV%11%8ASsw%25%98%96%E5%DA%1B%02%8B%87%B4i%E2%E1%1D%22N%A0T%EF%25%D0%15A%D3%01%B0%00%00%F2%00%01%A2%03%E2%02%85%3F%CEUL%08m2%E5%A6%28%3Ew%CDb%836%8B%D9z%DA%5B%02%D776-%A5s%B2%09%84%40%00%02%BA%B5%057%D4C%90%8F%00%01%E2%01%DA%0A%950%81%9F0%0D%06%09%2A%86H%86%F7%0D%01%01%01%05%00%03%81%8D%000%81%89%02%81%81%00%C0%FB%16%1F%A6%9A%5E%A0%2A%D2%80%DA%8E%D9f%C1%85r%83t%A6%28P6%CC%20O%60%D9Pi%87%F3%F6%D7%8C%F8F%BFw%3C%08%10%FF%D8%02%3E%1B%03E%0B%24%D5T%3F%21T%FC%8Fl%5C%07%22%60o%AA%AF%8E%1E6%9A%7DvVbs%2C%BCrW-Z%0F%F1%9F%CA%DA%B3%E0%06%E9%81%F7-%01%16%D5%7D%DF%D4%21E%2F%B0%C1%A7%27%AF%C2%0C%B6%C3%EC%1C%BF%5D%82T%A5%DEa%C4%14%401%10%C6%23%02%03%01%00%01%00%00%00%01%9A%05%9D%05%8A%04%CA%BEselfreg%00%F2%FA%A5test%00%FA%8D1%00%00%03%E2%02%85%D7%C0.%E6%A2%06%2B%91%AF8hE%F6%C9U%84%F7%7D%A1%B3U%3F%CF%B4%1B%B0%85%A4%24x%11m%00%04%FA%8E3%00%03%D2%D62147483647%00%00%00%00/X%EBY%23N%C0Z%5E%C2%3Ff%5BL%EB%9602%DC%03%03%CD%DB%D1%D1%8A%2A%D1%29B%05m%18 (991 bytes)
1400718405.910845 ccnd[645]: debug.3946 stale ccnx:/ccnx/%D7%C0.%E6%A2%06%2B%91%AF8hE%F6%C9U%84%F7%7D%A1%B3U%3F%CF%B4%1B%B0%85%A4%24x%11m/newface/%04%82%02%AA%03%B2%08%85%04%DA0G%12%F3%16%97W9%3A%EB%8B%BE%C0%C3sf%15l%BA%3A%B5%A4%27D%ED%A9%3F%7CT%9E%F4%1F%B3%FD%BA%B6-%A4%2C%B0%FA%0F%D8%DEv%D3%10%C7%D0AFm-%9D%E8%B1.oo%88%5C2%0D%DE%AA%7F%8E%AC%E9%7F%22%93%26%E7.%09%26h%60E%BB%20%B1%97%A4%FAJ%89b%99T%BF%88%289%C8%A7%89V%BA%C7h%5E%1F%07%D4%0F%1C%09%FC%E9%0F%F7%D9%0F%C8%EA%E2%D5b%16%26%D7%3D7%BC%00%00%F2%00%01%A2%03%E2%02%85%3F%CEUL%08m2%E5%A6%28%3Ew%CDb%836%8B%D9z%DA%5B%02%D776-%A5s%B2%09%84%40%00%02%BA%B5%057%D4C%BE%7B%00%01%E2%01%DA%0A%950%81%9F0%0D%06%09%2A%86H%86%F7%0D%01%01%01%05%00%03%81%8D%000%81%89%02%81%81%00%C0%FB%16%1F%A6%9A%5E%A0%2A%D2%80%DA%8E%D9f%C1%85r%83t%A6%28P6%CC%20O%60%D9Pi%87%F3%F6%D7%8C%F8F%BFw%3C%08%10%FF%D8%02%3E%1B%03E%0B%24%D5T%3F%21T%FC%8Fl%5C%07%22%60o%AA%AF%8E%1E6%9A%7DvVbs%2C%BCrW-Z%0F%F1%9F%CA%DA%B3%E0%06%E9%81%F7-%01%16%D5%7D%DF%D4%21E%2F%B0%C1%A7%27%AF%C2%0C%B6%C3%EC%1C%BF%5D%82T%A5%DEa%C4%14%401%10%C6%23%02%03%01%00%01%00%00%00%01%9A%06%AD%05%82%04%CA%BEnewface%00%03%E2%02%85%D7%C0.%E6%A2%06%2B%91%AF8hE%F6%C9U%84%F7%7D%A1%B3U%3F%CF%B4%1B%B0%85%A4%24x%11m%00%04%D2%8E0%00%04%DA%9617%00%04%E2%EE192.168.122.2%00%04%EA%A66001%00%03%D2%D62147483647%00%00%00%00/%27e%9B%07%D5%1C%3D~%FA%E3%BA%ACi%E0%5C%D2%B0%F7%9EG%3E%C2%C5%F6%AE%9A%06m%F9Pf%83 (1022 bytes)
1400718405.915112 ccnd[645]: debug.3946 stale ccnx:/ccnx/%D7%C0.%E6%A2%06%2B%91%AF8hE%F6%C9U%84%F7%7D%A1%B3U%3F%CF%B4%1B%B0%85%A4%24x%11m/prefixreg/%04%82%02%AA%03%B2%08%85y%D7e%E7yL%CF%85%BE%BFF%E7%91.~%D5nFyh%9C%08%80%19%856m%1F%E9FW%F8%21%AC_%B5%B0%F6-%AA%A5%C6%04uT%09zC%FFIiZ%9C%9A%22%E0%A9%7B%E5B%D3%AC%17%9C%F8%CD3%2A%0A%E7g%E6%F4%40%8E%23c%F4%8F0%EE%1ELk%BAx%AE%EB%04%CB%DF%1E%CF%D3_%CD%B8V%91%E7%7C%1Ag%AC%C08%EC%FEv%21%8C%40P%17o%23%D3%8A%E8%F6%F3%BF%A5%D6d%E3%CF%BC%00%00%F2%00%01%A2%03%E2%02%85%3F%CEUL%08m2%E5%A6%28%3Ew%CDb%836%8B%D9z%DA%5B%02%D776-%A5s%B2%09%84%40%00%02%BA%B5%057%D4C%BE%90%00%01%E2%01%DA%0A%950%81%9F0%0D%06%09%2A%86H%86%F7%0D%01%01%01%05%00%03%81%8D%000%81%89%02%81%81%00%C0%FB%16%1F%A6%9A%5E%A0%2A%D2%80%DA%8E%D9f%C1%85r%83t%A6%28P6%CC%20O%60%D9Pi%87%F3%F6%D7%8C%F8F%BFw%3C%08%10%FF%D8%02%3E%1B%03E%0B%24%D5T%3F%21T%FC%8Fl%5C%07%22%60o%AA%AF%8E%1E6%9A%7DvVbs%2C%BCrW-Z%0F%F1%9F%CA%DA%B3%E0%06%E9%81%F7-%01%16%D5%7D%DF%D4%21E%2F%B0%C1%A7%27%AF%C2%0C%B6%C3%EC%1C%BF%5D%82T%A5%DEa%C4%14%401%10%C6%23%02%03%01%00%01%00%00%00%01%9A%04%D5%05%8A%04%CA%CEprefixreg%00%F2%00%03%E2%02%85%D7%C0.%E6%A2%06%2B%91%AF8hE%F6%C9U%84%F7%7D%A1%B3U%3F%CF%B4%1B%B0%85%A4%24x%11m%00%04%D2%8E7%00%03%D2%D62147483647%00%00%00%00/%83%08%22%F1%00sJ%F3%D4%3F%B2%2C%86%E1%BA%C9%AC%E5m%7FqR%DE%3D%D6t%02N%E0t%C8%5D (977 bytes)
1400718407.256669 ccnd[645]: debug.3946 stale ccnx:/%C1.M.S.neighborhood/%C1.M.SRV/ccnd/KEY/%C1.M.K%00%D7%C0.%E6%A2%06%2B%91%AF8hE%F6%C9U%84%F7%7D%A1%B3U%3F%CF%B4%1B%B0%85%A4%24x%11m/%FD%057%D4AJ%90/%00/%3D%ED%2F%94%5C%F3%E5Lil%C0%C6%279%91%9A%A2%5D%DA%8FI%95%27%F1%13%C7j%ED%D6%93%2B%2C (617 bytes)
