<?xml version="1.0" encoding="UTF-8" standalone="no"?>
<!DOCTYPE log SYSTEM "logger.dtd">
<log>
<record>
  <date>2013-09-08T02:57:10</date>
  <millis>1378609030459</millis>
  <sequence>0</sequence>
  <logger>ccnx.Default</logger>
  <level>INFO</level>
  <class>dtgp.util.Logger</class>
  <method>msg</method>
  <thread>10</thread>
  <message>Initializing game...</message>
</record>
<record>
  <date>2013-09-08T02:57:10</date>
  <millis>1378609030467</millis>
  <sequence>1</sequence>
  <logger>ccnx.Default</logger>
  <level>INFO</level>
  <class>dtgp.util.Logger</class>
  <method>msg</method>
  <thread>10</thread>
  <message>Connecting to CCN network...</message>
</record>
<record>
  <date>2013-09-08T02:57:11</date>
  <millis>1378609031144</millis>
  <sequence>2</sequence>
  <logger>ccnx.Keys</logger>
  <level>INFO</level>
  <class>org.ccnx.ccn.impl.security.keys.BasicKeyManager</class>
  <method>loadKeyStore</method>
  <thread>10</thread>
  <message>Loading CCN key store from /home/user/.ccnx/.ccnx_keystore...last modified 1337758518000(ms).</message>
</record>
<record>
  <date>2013-09-08T02:57:11</date>
  <millis>1378609031144</millis>
  <sequence>3</sequence>
  <logger>ccnx.Keys</logger>
  <level>INFO</level>
  <class>org.ccnx.ccn.impl.security.keys.BasicKeyManager</class>
  <method>readKeyStore</method>
  <thread>10</thread>
  <message>Loading CCN key store...</message>
</record>
<record>
  <date>2013-09-08T02:57:11</date>
  <millis>1378609031250</millis>
  <sequence>4</sequence>
  <logger>ccnx.Keys</logger>
  <level>INFO</level>
  <class>org.ccnx.ccn.impl.security.keys.BasicKeyManager</class>
  <method>loadKeyStore</method>
  <thread>10</thread>
  <message>Loaded CCN key store from /home/user/.ccnx/.ccnx_keystore...version 2012-05-23 07:35:18.0 ms: 1337758518000</message>
</record>
<record>
  <date>2013-09-08T02:57:11</date>
  <millis>1378609031252</millis>
  <sequence>5</sequence>
  <logger>ccnx.Keys</logger>
  <level>INFO</level>
  <class>org.ccnx.ccn.impl.security.keys.BasicKeyManager</class>
  <method>loadValuesFromKeystore</method>
  <thread>10</thread>
  <message>Loading key store file:/home/user/.ccnx/.ccnx_keystore version 2012-05-23 07:35:18.0 version component %FD%04%FB%C93%60%00 millis 1337758518000</message>
</record>
<record>
  <date>2013-09-08T02:57:11</date>
  <millis>1378609031303</millis>
  <sequence>6</sequence>
  <logger>ccnx.Keys</logger>
  <level>INFO</level>
  <class>org.ccnx.ccn.impl.security.keys.BasicKeyManager</class>
  <method>loadValuesFromKeystore</method>
  <thread>10</thread>
  <message>Default key ID for user user: P85VTAhtMuWmKD53zWKDNovZetpbAtc3Ni2lc7IJhEA=</message>
</record>
<record>
  <date>2013-09-08T02:57:11</date>
  <millis>1378609031364</millis>
  <sequence>7</sequence>
  <logger>ccnx.Default</logger>
  <level>INFO</level>
  <class>org.ccnx.ccn.impl.security.keys.SecureKeyCache</class>
  <method>loadKeyStore</method>
  <thread>10</thread>
  <message>KeyCache: loading signing key P85VTAhtMuWmKD53zWKDNovZetpbAtc3Ni2lc7IJhEA=, remembering public key in public key cache.</message>
</record>
<record>
  <date>2013-09-08T02:57:11</date>
  <millis>1378609031370</millis>
  <sequence>8</sequence>
  <logger>ccnx.AccessControl</logger>
  <level>INFO</level>
  <class>org.ccnx.ccn.impl.security.keys.SecureKeyCache</class>
  <method>addMyPrivateKey</method>
  <thread>10</thread>
  <message>SecureKeyCache: adding my private key 3fce554c086d32e5a6283e77cd6283368bd97ada5b02d737362da573b2098440</message>
</record>
<record>
  <date>2013-09-08T02:57:11</date>
  <millis>1378609031371</millis>
  <sequence>9</sequence>
  <logger>ccnx.Keys</logger>
  <level>INFO</level>
  <class>org.ccnx.ccn.impl.security.keys.BasicKeyManager</class>
  <method>loadValuesFromConfiguration</method>
  <thread>10</thread>
  <message>loadValuesFromConfiguration: attempting to load configuration from /home/user/.ccnx/ccnx_config.bin</message>
</record>
<record>
  <date>2013-09-08T02:57:11</date>
  <millis>1378609031371</millis>
  <sequence>10</sequence>
  <logger>ccnx.Keys</logger>
  <level>INFO</level>
  <class>org.ccnx.ccn.impl.security.keys.BasicKeyManager</class>
  <method>loadValuesFromConfiguration</method>
  <thread>10</thread>
  <message>loadValuesFromConfiguration: configuration file /home/user/.ccnx/ccnx_config.bin does not exist.</message>
</record>
<record>
  <date>2013-09-08T02:57:11</date>
  <millis>1378609031372</millis>
  <sequence>11</sequence>
  <logger>ccnx.Keys</logger>
  <level>INFO</level>
  <class>org.ccnx.ccn.impl.security.keys.BasicKeyManager</class>
  <method>loadSavedSecureKeyCache</method>
  <thread>10</thread>
  <message>Not loading key cache in response to user configuration variable.</message>
</record>
<record>
  <date>2013-09-08T02:57:11</date>
  <millis>1378609031396</millis>
  <sequence>12</sequence>
  <logger>ccnx.NetManager</logger>
  <level>WARNING</level>
  <class>org.ccnx.ccn.impl.CCNNetworkManager</class>
  <method>&lt;init&gt;</method>
  <thread>10</thread>
  <message>NetworkManager 1: Non-standard CCN agent port 6001 per property ccn.agent.port</message>
</record>
<record>
  <date>2013-09-08T02:57:11</date>
  <millis>1378609031397</millis>
  <sequence>13</sequence>
  <logger>ccnx.NetManager</logger>
  <level>INFO</level>
  <class>org.ccnx.ccn.impl.CCNNetworkManager</class>
  <method>&lt;init&gt;</method>
  <thread>10</thread>
  <message>NetworkManager 1: Contacting CCN agent at localhost:6001</message>
</record>
<record>
  <date>2013-09-08T02:57:11</date>
  <millis>1378609031409</millis>
  <sequence>14</sequence>
  <logger>ccnx.NetManager</logger>
  <level>INFO</level>
  <class>org.ccnx.ccn.impl.CCNNetworkChannel</class>
  <method>&lt;init&gt;</method>
  <thread>10</thread>
  <message>NetworkChannel 1: Starting up CCNNetworkChannel using TCP.</message>
</record>
<record>
  <date>2013-09-08T02:57:11</date>
  <millis>1378609031409</millis>
  <sequence>15</sequence>
  <logger>ccnx.NetManager</logger>
  <level>INFO</level>
  <class>org.ccnx.ccn.impl.CCNNetworkChannel</class>
  <method>open</method>
  <thread>10</thread>
  <message>NetworkChannel 1: open()</message>
</record>
<record>
  <date>2013-09-08T02:57:11</date>
  <millis>1378609031427</millis>
  <sequence>16</sequence>
  <logger>ccnx.NetManager</logger>
  <level>INFO</level>
  <class>org.ccnx.ccn.impl.CCNNetworkChannel</class>
  <method>open</method>
  <thread>10</thread>
  <message>NetworkChannel 1: Contacting CCN agent at localhost:6001 on local port 52391</message>
</record>
<record>
  <date>2013-09-08T02:57:11</date>
  <millis>1378609031428</millis>
  <sequence>17</sequence>
  <logger>ccnx.NetManager</logger>
  <level>INFO</level>
  <class>org.ccnx.ccn.CCNHandle</class>
  <method>&lt;init&gt;</method>
  <thread>10</thread>
  <message>CCNHandle 1: Handle is now open</message>
</record>
<record>
  <date>2013-09-08T02:57:11</date>
  <millis>1378609031432</millis>
  <sequence>18</sequence>
  <logger>ccnx.NetManager</logger>
  <level>INFO</level>
  <class>org.ccnx.ccn.impl.CCNNetworkManager</class>
  <method>run</method>
  <thread>11</thread>
  <message>NetworkManager 1: CCNNetworkManager processing thread started for port: 6001</message>
</record>
<record>
  <date>2013-09-08T02:57:11</date>
  <millis>1378609031488</millis>
  <sequence>19</sequence>
  <logger>ccnx.Keys</logger>
  <level>INFO</level>
  <class>org.ccnx.ccn.impl.security.keys.PublicKeyCache</class>
  <method>getPublicKeyObject</method>
  <thread>10</thread>
  <message>Retrieved key 18Au5qIGK5GvOGhF9slVhPd9obNVP8+0G7CFpCR4EW0= using locator NAME: /%C1.M.S.localhost/%C1.M.SRV/ccnd/KEY/%C1.M.K%00%D7%C0.%E6%A2%06%2B%91%AF8hE%F6%C9U%84%F7%7D%A1%B3U%3F%CF%B4%1B%B0%85%A4%24x%11m/%FD%05%22%BEv%2Ar.</message>
</record>
<record>
  <date>2013-09-08T02:57:11</date>
  <millis>1378609031488</millis>
  <sequence>20</sequence>
  <logger>ccnx.Keys</logger>
  <level>INFO</level>
  <class>org.ccnx.ccn.impl.security.keys.PublicKeyCache</class>
  <method>getPublicKeyObject</method>
  <thread>10</thread>
  <message>Retrieved key 18Au5qIGK5GvOGhF9slVhPd9obNVP8+0G7CFpCR4EW0= using locator NAME: /%C1.M.S.localhost/%C1.M.SRV/ccnd/KEY/%C1.M.K%00%D7%C0.%E6%A2%06%2B%91%AF8hE%F6%C9U%84%F7%7D%A1%B3U%3F%CF%B4%1B%B0%85%A4%24x%11m/%FD%05%22%BEv%2Ar - got /%C1.M.S.localhost/%C1.M.SRV/ccnd/KEY/%C1.M.K%00%D7%C0.%E6%A2%06%2B%91%AF8hE%F6%C9U%84%F7%7D%A1%B3U%3F%CF%B4%1B%B0%85%A4%24x%11m/%FD%05%22%BEv%2Ar/%00</message>
</record>
<record>
  <date>2013-09-08T02:57:11</date>
  <millis>1378609031507</millis>
  <sequence>21</sequence>
  <logger>ccnx.IO</logger>
  <level>INFO</level>
  <class>org.ccnx.ccn.io.CCNAbstractInputStream</class>
  <method>&lt;init&gt;</method>
  <thread>10</thread>
  <message>CCNAbstractInputStream: /%C1.M.S.localhost/%C1.M.SRV/ccnd/KEY/%C1.M.K%00%D7%C0.%E6%A2%06%2B%91%AF8hE%F6%C9U%84%F7%7D%A1%B3U%3F%CF%B4%1B%B0%85%A4%24x%11m/%FD%05%22%BEv%2Ar segment 0</message>
</record>
<record>
  <date>2013-09-08T02:57:11</date>
  <millis>1378609031507</millis>
  <sequence>22</sequence>
  <logger>ccnx.Pipeline</logger>
  <level>INFO</level>
  <class>org.ccnx.ccn.io.CCNAbstractInputStream</class>
  <method>startPipeline</method>
  <thread>10</thread>
  <message>PIPELINE: starting pipelining</message>
</record>
<record>
  <date>2013-09-08T02:57:11</date>
  <millis>1378609031507</millis>
  <sequence>23</sequence>
  <logger>ccnx.Pipeline</logger>
  <level>INFO</level>
  <class>org.ccnx.ccn.io.CCNAbstractInputStream</class>
  <method>startPipeline</method>
  <thread>10</thread>
  <message>PIPELINE: BaseName for pipeline: /%C1.M.S.localhost/%C1.M.SRV/ccnd/KEY/%C1.M.K%00%D7%C0.%E6%A2%06%2B%91%AF8hE%F6%C9U%84%F7%7D%A1%B3U%3F%CF%B4%1B%B0%85%A4%24x%11m/%FD%05%22%BEv%2Ar base name: /%C1.M.S.localhost/%C1.M.SRV/ccnd/KEY/%C1.M.K%00%D7%C0.%E6%A2%06%2B%91%AF8hE%F6%C9U%84%F7%7D%A1%B3U%3F%CF%B4%1B%B0%85%A4%24x%11m/%FD%05%22%BEv%2Ar</message>
</record>
<record>
  <date>2013-09-08T02:57:11</date>
  <millis>1378609031508</millis>
  <sequence>24</sequence>
  <logger>ccnx.Pipeline</logger>
  <level>INFO</level>
  <class>org.ccnx.ccn.io.CCNAbstractInputStream</class>
  <method>startPipeline</method>
  <thread>10</thread>
  <message>PIPELINE: we already have the first segment...  start from there: /%C1.M.S.localhost/%C1.M.SRV/ccnd/KEY/%C1.M.K%00%D7%C0.%E6%A2%06%2B%91%AF8hE%F6%C9U%84%F7%7D%A1%B3U%3F%CF%B4%1B%B0%85%A4%24x%11m/%FD%05%22%BEv%2Ar/%00</message>
</record>
<record>
  <date>2013-09-08T02:57:11</date>
  <millis>1378609031508</millis>
  <sequence>25</sequence>
  <logger>ccnx.Pipeline</logger>
  <level>INFO</level>
  <class>org.ccnx.ccn.io.CCNAbstractInputStream</class>
  <method>startPipeline</method>
  <thread>10</thread>
  <message>PIPELINE: we already have the last segment...  don't need to pipeline (returning)</message>
</record>
<record>
  <date>2013-09-08T02:57:11</date>
  <millis>1378609031514</millis>
  <sequence>26</sequence>
  <logger>ccnx.Pipeline</logger>
  <level>INFO</level>
  <class>org.ccnx.ccn.io.CCNAbstractInputStream</class>
  <method>seek</method>
  <thread>10</thread>
  <message>PIPELINE: in seek(0) currentSegment 0</message>
</record>
<record>
  <date>2013-09-08T02:57:11</date>
  <millis>1378609031514</millis>
  <sequence>27</sequence>
  <logger>ccnx.Pipeline</logger>
  <level>INFO</level>
  <class>org.ccnx.ccn.io.CCNAbstractInputStream</class>
  <method>tell</method>
  <thread>10</thread>
  <message>PIPELINE: in tell() currentSegment 0</message>
</record>
<record>
  <date>2013-09-08T02:57:11</date>
  <millis>1378609031514</millis>
  <sequence>28</sequence>
  <logger>ccnx.Pipeline</logger>
  <level>INFO</level>
  <class>org.ccnx.ccn.io.CCNAbstractInputStream</class>
  <method>skip</method>
  <thread>10</thread>
  <message>PIPELINE: in skip(0) currentSegment 0</message>
</record>
<record>
  <date>2013-09-08T02:57:11</date>
  <millis>1378609031544</millis>
  <sequence>29</sequence>
  <logger>ccnx.Keys</logger>
  <level>INFO</level>
  <class>org.ccnx.ccn.impl.security.keys.PublicKeyCache</class>
  <method>getPublicKeyObject</method>
  <thread>10</thread>
  <message>Retrieved public key using name: /%C1.M.S.localhost/%C1.M.SRV/ccnd/KEY/%C1.M.K%00%D7%C0.%E6%A2%06%2B%91%AF8hE%F6%C9U%84%F7%7D%A1%B3U%3F%CF%B4%1B%B0%85%A4%24x%11m/%FD%05%22%BEv%2Ar</message>
</record>
<record>
  <date>2013-09-08T02:57:11</date>
  <millis>1378609031544</millis>
  <sequence>30</sequence>
  <logger>ccnx.Keys</logger>
  <level>INFO</level>
  <class>org.ccnx.ccn.impl.security.keys.PublicKeyCache</class>
  <method>getPublicKey</method>
  <thread>10</thread>
  <message>Retrieved key 18Au5qIGK5GvOGhF9slVhPd9obNVP8+0G7CFpCR4EW0= from network with locator NAME: /%C1.M.S.localhost/%C1.M.SRV/ccnd/KEY/%C1.M.K%00%D7%C0.%E6%A2%06%2B%91%AF8hE%F6%C9U%84%F7%7D%A1%B3U%3F%CF%B4%1B%B0%85%A4%24x%11m/%FD%05%22%BEv%2Ar!</message>
</record>
<record>
  <date>2013-09-08T02:57:11</date>
  <millis>1378609031546</millis>
  <sequence>31</sequence>
  <logger>ccnx.Default</logger>
  <level>INFO</level>
  <class>org.ccnx.ccn.config.PlatformConfiguration</class>
  <method>&lt;clinit&gt;</method>
  <thread>10</thread>
  <message>BC provider: BC</message>
</record>
<record>
  <date>2013-09-08T02:57:11</date>
  <millis>1378609031558</millis>
  <sequence>32</sequence>
  <logger>ccnx.Default</logger>
  <level>INFO</level>
  <class>org.ccnx.ccn.config.PlatformConfiguration</class>
  <method>&lt;clinit&gt;</method>
  <thread>10</thread>
  <message>Provider info: BouncyCastle Security Provider v1.43 version: 1.43</message>
</record>
<record>
  <date>2013-09-08T02:57:11</date>
  <millis>1378609031558</millis>
  <sequence>33</sequence>
  <logger>ccnx.Default</logger>
  <level>INFO</level>
  <class>org.ccnx.ccn.config.PlatformConfiguration</class>
  <method>&lt;clinit&gt;</method>
  <thread>10</thread>
  <message>java.vm.name = OpenJDK 64-Bit Server VM</message>
</record>
<record>
  <date>2013-09-08T02:57:11</date>
  <millis>1378609031593</millis>
  <sequence>34</sequence>
  <logger>ccnx.IO</logger>
  <level>INFO</level>
  <class>org.ccnx.ccn.impl.CCNFlowControl</class>
  <method>addNameSpace</method>
  <thread>10</thread>
  <message>Flow controller addNameSpace: added namespace: /ccnx.org/Users/user/Keys/%C1.M.K%00%3F%CEUL%08m2%E5%A6%28%3Ew%CDb%836%8B%D9z%DA%5B%02%D776-%A5s%B2%09%84%40/%FD%04%FB%C93%60%00</message>
</record>
<record>
  <date>2013-09-08T02:57:11</date>
  <millis>1378609031646</millis>
  <sequence>35</sequence>
  <logger>ccnx.Keys</logger>
  <level>INFO</level>
  <class>org.ccnx.ccn.impl.security.keys.BasicKeyManager</class>
  <method>getKeyLocator</method>
  <thread>10</thread>
  <message>getKeyLocator: returning locator KEY: P85VTAhtMuWmKD53zWKDNovZetpbAtc3Ni2lc7IJhEA= for key P85VTAhtMuWmKD53zWKDNovZetpbAtc3Ni2lc7IJhEA=</message>
</record>
<record>
  <date>2013-09-08T02:57:11</date>
  <millis>1378609031662</millis>
  <sequence>36</sequence>
  <logger>ccnx.Keys</logger>
  <level>INFO</level>
  <class>org.ccnx.ccn.KeyManager</class>
  <method>publishKey</method>
  <thread>10</thread>
  <message>publishKey: key not previously published, making new key object /ccnx.org/Users/user/Keys/%C1.M.K%00%3F%CEUL%08m2%E5%A6%28%3Ew%CDb%836%8B%D9z%DA%5B%02%D776-%A5s%B2%09%84%40 with version 2012-05-23 07:35:18.0 displayed as %FD%04%FB%C93%60%00</message>
</record>
<record>
  <date>2013-09-08T02:57:11</date>
  <millis>1378609031664</millis>
  <sequence>37</sequence>
  <logger>ccnx.IO</logger>
  <level>INFO</level>
  <class>org.ccnx.ccn.io.CCNAbstractOutputStream</class>
  <method>&lt;init&gt;</method>
  <thread>10</thread>
  <message>CCNAbstractOutputStream: /ccnx.org/Users/user/Keys/%C1.M.K%00%3F%CEUL%08m2%E5%A6%28%3Ew%CDb%836%8B%D9z%DA%5B%02%D776-%A5s%B2%09%84%40/%FD%04%FB%C93%60%00 blocksize is 4096</message>
</record>
<record>
  <date>2013-09-08T02:57:11</date>
  <millis>1378609031666</millis>
  <sequence>38</sequence>
  <logger>ccnx.IO</logger>
  <level>INFO</level>
  <class>org.ccnx.ccn.io.CCNAbstractOutputStream</class>
  <method>startWrite</method>
  <thread>10</thread>
  <message>CCNAbstractOutputStream: startWrite -- searching for keys.</message>
</record>
<record>
  <date>2013-09-08T02:57:11</date>
  <millis>1378609031670</millis>
  <sequence>39</sequence>
  <logger>ccnx.AccessControl</logger>
  <level>INFO</level>
  <class>org.ccnx.ccn.profiles.security.access.AccessControlManager</class>
  <method>keysForOutput</method>
  <thread>10</thread>
  <message>keysForOutput: found an acm: (null)</message>
</record>
<record>
  <date>2013-09-08T02:57:11</date>
  <millis>1378609031670</millis>
  <sequence>40</sequence>
  <logger>ccnx.IO</logger>
  <level>INFO</level>
  <class>org.ccnx.ccn.io.CCNOutputStream</class>
  <method>flushToNetwork</method>
  <thread>10</thread>
  <message>flush: outputting to the segmenter, baseName /ccnx.org/Users/user/Keys/%C1.M.K%00%3F%CEUL%08m2%E5%A6%28%3Ew%CDb%836%8B%D9z%DA%5B%02%D776-%A5s%B2%09%84%40/%FD%04%FB%C93%60%00 basenameindex %00; 162 bytes written, holding back 162 flushing final blocks? false.</message>
</record>
<record>
  <date>2013-09-08T02:57:11</date>
  <millis>1378609031671</millis>
  <sequence>41</sequence>
  <logger>ccnx.IO</logger>
  <level>INFO</level>
  <class>org.ccnx.ccn.io.CCNOutputStream</class>
  <method>flushToNetwork</method>
  <thread>10</thread>
  <message>HEADER: CCNOutputStream: flushToNetwork: new _baseNameIndex 0</message>
</record>
<record>
  <date>2013-09-08T02:57:11</date>
  <millis>1378609031671</millis>
  <sequence>42</sequence>
  <logger>ccnx.IO</logger>
  <level>INFO</level>
  <class>org.ccnx.ccn.io.CCNOutputStream</class>
  <method>flushToNetwork</method>
  <thread>10</thread>
  <message>flush: outputting to the segmenter, baseName /ccnx.org/Users/user/Keys/%C1.M.K%00%3F%CEUL%08m2%E5%A6%28%3Ew%CDb%836%8B%D9z%DA%5B%02%D776-%A5s%B2%09%84%40/%FD%04%FB%C93%60%00 basenameindex %00; 162 bytes written, holding back 0 flushing final blocks? true.</message>
</record>
<record>
  <date>2013-09-08T02:57:11</date>
  <millis>1378609031674</millis>
  <sequence>43</sequence>
  <logger>ccnx.IO</logger>
  <level>INFO</level>
  <class>org.ccnx.ccn.io.CCNOutputStream</class>
  <method>flushToNetwork</method>
  <thread>10</thread>
  <message>HEADER: CCNOutputStream: flushToNetwork: new _baseNameIndex 1</message>
</record>
<record>
  <date>2013-09-08T02:57:11</date>
  <millis>1378609031674</millis>
  <sequence>44</sequence>
  <logger>ccnx.IO</logger>
  <level>INFO</level>
  <class>org.ccnx.ccn.io.CCNOutputStream</class>
  <method>close</method>
  <thread>10</thread>
  <message>CCNOutputStream close: /ccnx.org/Users/user/Keys/%C1.M.K%00%3F%CEUL%08m2%E5%A6%28%3Ew%CDb%836%8B%D9z%DA%5B%02%D776-%A5s%B2%09%84%40/%FD%04%FB%C93%60%00</message>
</record>
<record>
  <date>2013-09-08T02:57:11</date>
  <millis>1378609031679</millis>
  <sequence>45</sequence>
  <logger>ccnx.Keys</logger>
  <level>INFO</level>
  <class>org.ccnx.ccn.KeyManager</class>
  <method>publishKey</method>
  <thread>10</thread>
  <message>Published key Sun RSA public key, 1024 bits
  modulus: 135515730741970300619524312848087570934064847375151356585979084294777182880762622181873711448853282416959097500261212440524116969539524736868412447388635477571462931795186547314185772803679668430525151807847552466697188897703971229919242881009113025121583910733198803237713676991272899853950119558461671917091
  public exponent: 65537 to name /ccnx.org/Users/user/Keys/%C1.M.K%00%3F%CEUL%08m2%E5%A6%28%3Ew%CDb%836%8B%D9z%DA%5B%02%D776-%A5s%B2%09%84%40/%FD%04%FB%C93%60%00 with key locator NAME: /ccnx.org/Users/user/Keys/%C1.M.K%00%3F%CEUL%08m2%E5%A6%28%3Ew%CDb%836%8B%D9z%DA%5B%02%D776-%A5s%B2%09%84%40/%FD%04%FB%C93%60%00 KEY:fueal60gr9ismj2gfjnplh86dkbr5tdkmo2qsrjcbd5eep0j120; ephemeral digest %5Di%5C%96%D13%CCl%E1%CC%B1%04%81%A9%AE%E7%13%83%16%F9%91%E8t-%3C%88%EB0%D5%D8%A6n.</message>
</record>
<record>
  <date>2013-09-08T02:57:11</date>
  <millis>1378609031683</millis>
  <sequence>46</sequence>
  <logger>ccnx.Keys</logger>
  <level>INFO</level>
  <class>org.ccnx.ccn.impl.security.keys.BasicKeyManager</class>
  <method>publishKey</method>
  <thread>10</thread>
  <message>publishKey: published key P85VTAhtMuWmKD53zWKDNovZetpbAtc3Ni2lc7IJhEA=
 under specified key name /ccnx.org/Users/user/Keys/%C1.M.K%00%3F%CEUL%08m2%E5%A6%28%3Ew%CDb%836%8B%D9z%DA%5B%02%D776-%A5s%B2%09%84%40/%FD%04%FB%C93%60%00
 key locator: NAME: /ccnx.org/Users/user/Keys/%C1.M.K%00%3F%CEUL%08m2%E5%A6%28%3Ew%CDb%836%8B%D9z%DA%5B%02%D776-%A5s%B2%09%84%40/%FD%04%FB%C93%60%00 KEY:fueal60gr9ismj2gfjnplh86dkbr5tdkmo2qsrjcbd5eep0j120</message>
</record>
<record>
  <date>2013-09-08T02:57:11</date>
  <millis>1378609031683</millis>
  <sequence>47</sequence>
  <logger>ccnx.Keys</logger>
  <level>INFO</level>
  <class>org.ccnx.ccn.impl.security.keys.BasicKeyManager</class>
  <method>publishKey</method>
  <thread>10</thread>
  <message>publishKey: storing key locator P85VTAhtMuWmKD53zWKDNovZetpbAtc3Ni2lc7IJhEA= for key NAME: /ccnx.org/Users/user/Keys/%C1.M.K%00%3F%CEUL%08m2%E5%A6%28%3Ew%CDb%836%8B%D9z%DA%5B%02%D776-%A5s%B2%09%84%40/%FD%04%FB%C93%60%00 KEY:fueal60gr9ismj2gfjnplh86dkbr5tdkmo2qsrjcbd5eep0j120</message>
</record>
<record>
  <date>2013-09-08T02:57:11</date>
  <millis>1378609031684</millis>
  <sequence>48</sequence>
  <logger>ccnx.Default</logger>
  <level>INFO</level>
  <class>dtgp.util.Logger</class>
  <method>msg</method>
  <thread>10</thread>
  <message>Connected to 1194101165 over TCP.</message>
</record>
<record>
  <date>2013-09-08T02:57:11</date>
  <millis>1378609031684</millis>
  <sequence>49</sequence>
  <logger>ccnx.Default</logger>
  <level>INFO</level>
  <class>dtgp.util.Logger</class>
  <method>msg</method>
  <thread>10</thread>
  <message>Our public key digest is: 18Au5qIGK5GvOGhF9slVhPd9obNVP8+0G7CFpCR4EW0=</message>
</record>
<record>
  <date>2013-09-08T02:57:11</date>
  <millis>1378609031686</millis>
  <sequence>50</sequence>
  <logger>ccnx.Default</logger>
  <level>INFO</level>
  <class>dtgp.util.Logger</class>
  <method>msg</method>
  <thread>10</thread>
  <message>Listening for prefix: /</message>
</record>
<record>
  <date>2013-09-08T02:57:11</date>
  <millis>1378609031704</millis>
  <sequence>51</sequence>
  <logger>ccnx.Default</logger>
  <level>INFO</level>
  <class>dtgp.util.Logger</class>
  <method>msg</method>
  <thread>10</thread>
  <message>My player id: 1194101165</message>
</record>
<record>
  <date>2013-09-08T02:57:11</date>
  <millis>1378609031704</millis>
  <sequence>52</sequence>
  <logger>ccnx.Default</logger>
  <level>INFO</level>
  <class>dtgp.util.Logger</class>
  <method>msg</method>
  <thread>10</thread>
  <message>Opponent's id: </message>
</record>
<record>
  <date>2013-09-08T02:57:11</date>
  <millis>1378609031704</millis>
  <sequence>53</sequence>
  <logger>ccnx.Default</logger>
  <level>INFO</level>
  <class>dtgp.util.Logger</class>
  <method>msg</method>
  <thread>10</thread>
  <message>Initialized new game with ID: 1123839314</message>
</record>
<record>
  <date>2013-09-08T02:57:11</date>
  <millis>1378609031705</millis>
  <sequence>54</sequence>
  <logger>ccnx.Default</logger>
  <level>INFO</level>
  <class>dtgp.util.Logger</class>
  <method>msg</method>
  <thread>10</thread>
  <message>Listening for prefix: /uu/core/games/ttt/new</message>
</record>
<record>
  <date>2013-09-08T02:57:14</date>
  <millis>1378609034468</millis>
  <sequence>55</sequence>
  <logger>ccnx.Default</logger>
  <level>INFO</level>
  <class>dtgp.util.Logger</class>
  <method>msg</method>
  <thread>11</thread>
  <message>Got an Interest: /uu/core/games/ttt/new/238035477</message>
</record>
<record>
  <date>2013-09-08T02:57:14</date>
  <millis>1378609034469</millis>
  <sequence>56</sequence>
  <logger>ccnx.Default</logger>
  <level>INFO</level>
  <class>dtgp.util.Logger</class>
  <method>msg</method>
  <thread>11</thread>
  <message>New game Interest: GameID = 238035477</message>
</record>
<record>
  <date>2013-09-08T02:57:14</date>
  <millis>1378609034469</millis>
  <sequence>57</sequence>
  <logger>ccnx.Default</logger>
  <level>INFO</level>
  <class>dtgp.util.Logger</class>
  <method>msg</method>
  <thread>11</thread>
  <message>Creating CO: /uu/core/games/ttt/new/238035477</message>
</record>
<record>
  <date>2013-09-08T02:57:14</date>
  <millis>1378609034475</millis>
  <sequence>58</sequence>
  <logger>ccnx.Keys</logger>
  <level>INFO</level>
  <class>org.ccnx.ccn.impl.security.keys.BasicKeyManager</class>
  <method>getKeyLocator</method>
  <thread>11</thread>
  <message>getKeyLocator: returning locator NAME: /ccnx.org/Users/user/Keys/%C1.M.K%00%3F%CEUL%08m2%E5%A6%28%3Ew%CDb%836%8B%D9z%DA%5B%02%D776-%A5s%B2%09%84%40/%FD%04%FB%C93%60%00 KEY:fueal60gr9ismj2gfjnplh86dkbr5tdkmo2qsrjcbd5eep0j120 for key P85VTAhtMuWmKD53zWKDNovZetpbAtc3Ni2lc7IJhEA=</message>
</record>
<record>
  <date>2013-09-08T02:57:14</date>
  <millis>1378609034479</millis>
  <sequence>59</sequence>
  <logger>ccnx.Default</logger>
  <level>INFO</level>
  <class>dtgp.util.Logger</class>
  <method>msg</method>
  <thread>11</thread>
  <message>We are waiting for: /uu/core/games/ttt/new/238035477</message>
</record>
<record>
  <date>2013-09-08T02:57:14</date>
  <millis>1378609034479</millis>
  <sequence>60</sequence>
  <logger>ccnx.Default</logger>
  <level>INFO</level>
  <class>dtgp.util.Logger</class>
  <method>msg</method>
  <thread>11</thread>
  <message>MATCH, sending the CO back for: /uu/core/games/ttt/new/238035477</message>
</record>
<record>
  <date>2013-09-08T02:57:14</date>
  <millis>1378609034509</millis>
  <sequence>61</sequence>
  <logger>ccnx.Default</logger>
  <level>INFO</level>
  <class>dtgp.util.Logger</class>
  <method>msg</method>
  <thread>10</thread>
  <message>Unregistering prefix: /uu/core/games/ttt/new</message>
</record>
<record>
  <date>2013-09-08T02:57:14</date>
  <millis>1378609034510</millis>
  <sequence>62</sequence>
  <logger>ccnx.Default</logger>
  <level>INFO</level>
  <class>dtgp.util.Logger</class>
  <method>msg</method>
  <thread>10</thread>
  <message>We've sent our game object.</message>
</record>
<record>
  <date>2013-09-08T02:57:14</date>
  <millis>1378609034511</millis>
  <sequence>63</sequence>
  <logger>ccnx.Default</logger>
  <level>INFO</level>
  <class>dtgp.util.Logger</class>
  <method>msg</method>
  <thread>10</thread>
  <message>Sending move..</message>
</record>
<record>
  <date>2013-09-08T02:57:14</date>
  <millis>1378609034511</millis>
  <sequence>64</sequence>
  <logger>ccnx.Default</logger>
  <level>INFO</level>
  <class>dtgp.util.Logger</class>
  <method>msg</method>
  <thread>10</thread>
  <message>Creating CO: /uu/core/games/ttt/238035477/move/1</message>
</record>
<record>
  <date>2013-09-08T02:57:14</date>
  <millis>1378609034513</millis>
  <sequence>65</sequence>
  <logger>ccnx.Keys</logger>
  <level>INFO</level>
  <class>org.ccnx.ccn.impl.security.keys.BasicKeyManager</class>
  <method>getKeyLocator</method>
  <thread>10</thread>
  <message>getKeyLocator: returning locator NAME: /ccnx.org/Users/user/Keys/%C1.M.K%00%3F%CEUL%08m2%E5%A6%28%3Ew%CDb%836%8B%D9z%DA%5B%02%D776-%A5s%B2%09%84%40/%FD%04%FB%C93%60%00 KEY:fueal60gr9ismj2gfjnplh86dkbr5tdkmo2qsrjcbd5eep0j120 for key P85VTAhtMuWmKD53zWKDNovZetpbAtc3Ni2lc7IJhEA=</message>
</record>
<record>
  <date>2013-09-08T02:57:14</date>
  <millis>1378609034516</millis>
  <sequence>66</sequence>
  <logger>ccnx.Default</logger>
  <level>INFO</level>
  <class>dtgp.util.Logger</class>
  <method>msg</method>
  <thread>10</thread>
  <message>Listening for prefix: /uu/core/games/ttt/238035477/move/1</message>
</record>
<record>
  <date>2013-09-08T02:57:15</date>
  <millis>1378609035962</millis>
  <sequence>67</sequence>
  <logger>ccnx.Default</logger>
  <level>INFO</level>
  <class>dtgp.util.Logger</class>
  <method>msg</method>
  <thread>11</thread>
  <message>Got an Interest: /uu/core/games/ttt/238035477/move/1</message>
</record>
<record>
  <date>2013-09-08T02:57:15</date>
  <millis>1378609035962</millis>
  <sequence>68</sequence>
  <logger>ccnx.Default</logger>
  <level>INFO</level>
  <class>dtgp.util.Logger</class>
  <method>msg</method>
  <thread>11</thread>
  <message>We are waiting for: /uu/core/games/ttt/238035477/move/1</message>
</record>
<record>
  <date>2013-09-08T02:57:15</date>
  <millis>1378609035963</millis>
  <sequence>69</sequence>
  <logger>ccnx.Default</logger>
  <level>INFO</level>
  <class>dtgp.util.Logger</class>
  <method>msg</method>
  <thread>11</thread>
  <message>MATCH, sending the CO back for: /uu/core/games/ttt/238035477/move/1</message>
</record>
<record>
  <date>2013-09-08T02:57:15</date>
  <millis>1378609035967</millis>
  <sequence>70</sequence>
  <logger>ccnx.Default</logger>
  <level>INFO</level>
  <class>dtgp.util.Logger</class>
  <method>msg</method>
  <thread>10</thread>
  <message>Unregistering prefix: /uu/core/games/ttt/238035477/move/1</message>
</record>
<record>
  <date>2013-09-08T02:57:15</date>
  <millis>1378609035967</millis>
  <sequence>71</sequence>
  <logger>ccnx.Default</logger>
  <level>INFO</level>
  <class>dtgp.util.Logger</class>
  <method>msg</method>
  <thread>10</thread>
  <message>Asking for move #..2</message>
</record>
<record>
  <date>2013-09-08T02:57:15</date>
  <millis>1378609035968</millis>
  <sequence>72</sequence>
  <logger>ccnx.Default</logger>
  <level>INFO</level>
  <class>dtgp.util.Logger</class>
  <method>msg</method>
  <thread>10</thread>
  <message>Sending request for:/uu/core/games/ttt/238035477/move/2</message>
</record>
<record>
  <date>2013-09-08T02:57:15</date>
  <millis>1378609035968</millis>
  <sequence>73</sequence>
  <logger>ccnx.Default</logger>
  <level>INFO</level>
  <class>dtgp.util.Logger</class>
  <method>msg</method>
  <thread>10</thread>
  <message>GET LOOP: Sending: /uu/core/games/ttt/238035477/move/2</message>
</record>
<record>
  <date>2013-09-08T02:57:16</date>
  <millis>1378609036008</millis>
  <sequence>74</sequence>
  <logger>ccnx.Default</logger>
  <level>INFO</level>
  <class>dtgp.util.Logger</class>
  <method>msg</method>
  <thread>10</thread>
  <message>Exiting loop, Got CO:/uu/core/games/ttt/238035477/move/2</message>
</record>
<record>
  <date>2013-09-08T02:57:16</date>
  <millis>1378609036008</millis>
  <sequence>75</sequence>
  <logger>ccnx.Default</logger>
  <level>INFO</level>
  <class>dtgp.util.Logger</class>
  <method>msg</method>
  <thread>10</thread>
  <message>Disassembling Move CO:</message>
</record>
<record>
  <date>2013-09-08T02:57:16</date>
  <millis>1378609036010</millis>
  <sequence>76</sequence>
  <logger>ccnx.Default</logger>
  <level>INFO</level>
  <class>dtgp.util.Logger</class>
  <method>msg</method>
  <thread>10</thread>
  <message>Sending move..</message>
</record>
<record>
  <date>2013-09-08T02:57:16</date>
  <millis>1378609036012</millis>
  <sequence>77</sequence>
  <logger>ccnx.Default</logger>
  <level>INFO</level>
  <class>dtgp.util.Logger</class>
  <method>msg</method>
  <thread>10</thread>
  <message>Creating CO: /uu/core/games/ttt/238035477/move/3</message>
</record>
<record>
  <date>2013-09-08T02:57:16</date>
  <millis>1378609036012</millis>
  <sequence>78</sequence>
  <logger>ccnx.Keys</logger>
  <level>INFO</level>
  <class>org.ccnx.ccn.impl.security.keys.BasicKeyManager</class>
  <method>getKeyLocator</method>
  <thread>10</thread>
  <message>getKeyLocator: returning locator NAME: /ccnx.org/Users/user/Keys/%C1.M.K%00%3F%CEUL%08m2%E5%A6%28%3Ew%CDb%836%8B%D9z%DA%5B%02%D776-%A5s%B2%09%84%40/%FD%04%FB%C93%60%00 KEY:fueal60gr9ismj2gfjnplh86dkbr5tdkmo2qsrjcbd5eep0j120 for key P85VTAhtMuWmKD53zWKDNovZetpbAtc3Ni2lc7IJhEA=</message>
</record>
<record>
  <date>2013-09-08T02:57:16</date>
  <millis>1378609036015</millis>
  <sequence>79</sequence>
  <logger>ccnx.Default</logger>
  <level>INFO</level>
  <class>dtgp.util.Logger</class>
  <method>msg</method>
  <thread>10</thread>
  <message>Listening for prefix: /uu/core/games/ttt/238035477/move/3</message>
</record>
<record>
  <date>2013-09-08T02:57:16</date>
  <millis>1378609036047</millis>
  <sequence>80</sequence>
  <logger>ccnx.Default</logger>
  <level>INFO</level>
  <class>dtgp.util.Logger</class>
  <method>msg</method>
  <thread>11</thread>
  <message>Got an Interest: /uu/core/games/ttt/238035477/move/3</message>
</record>
<record>
  <date>2013-09-08T02:57:16</date>
  <millis>1378609036047</millis>
  <sequence>81</sequence>
  <logger>ccnx.Default</logger>
  <level>INFO</level>
  <class>dtgp.util.Logger</class>
  <method>msg</method>
  <thread>11</thread>
  <message>We are waiting for: /uu/core/games/ttt/238035477/move/3</message>
</record>
<record>
  <date>2013-09-08T02:57:16</date>
  <millis>1378609036047</millis>
  <sequence>82</sequence>
  <logger>ccnx.Default</logger>
  <level>INFO</level>
  <class>dtgp.util.Logger</class>
  <method>msg</method>
  <thread>11</thread>
  <message>MATCH, sending the CO back for: /uu/core/games/ttt/238035477/move/3</message>
</record>
<record>
  <date>2013-09-08T02:57:16</date>
  <millis>1378609036056</millis>
  <sequence>83</sequence>
  <logger>ccnx.Default</logger>
  <level>INFO</level>
  <class>dtgp.util.Logger</class>
  <method>msg</method>
  <thread>10</thread>
  <message>Unregistering prefix: /uu/core/games/ttt/238035477/move/3</message>
</record>
<record>
  <date>2013-09-08T02:57:16</date>
  <millis>1378609036056</millis>
  <sequence>84</sequence>
  <logger>ccnx.Default</logger>
  <level>INFO</level>
  <class>dtgp.util.Logger</class>
  <method>msg</method>
  <thread>10</thread>
  <message>Asking for move #..4</message>
</record>
<record>
  <date>2013-09-08T02:57:16</date>
  <millis>1378609036056</millis>
  <sequence>85</sequence>
  <logger>ccnx.Default</logger>
  <level>INFO</level>
  <class>dtgp.util.Logger</class>
  <method>msg</method>
  <thread>10</thread>
  <message>Sending request for:/uu/core/games/ttt/238035477/move/4</message>
</record>
<record>
  <date>2013-09-08T02:57:16</date>
  <millis>1378609036056</millis>
  <sequence>86</sequence>
  <logger>ccnx.Default</logger>
  <level>INFO</level>
  <class>dtgp.util.Logger</class>
  <method>msg</method>
  <thread>10</thread>
  <message>GET LOOP: Sending: /uu/core/games/ttt/238035477/move/4</message>
</record>
<record>
  <date>2013-09-08T02:57:21</date>
  <millis>1378609041057</millis>
  <sequence>87</sequence>
  <logger>ccnx.Default</logger>
  <level>INFO</level>
  <class>dtgp.util.Logger</class>
  <method>msg</method>
  <thread>10</thread>
  <message>Exiting loop, We sent back a  CO!</message>
</record>
<record>
  <date>2013-09-08T02:57:21</date>
  <millis>1378609041058</millis>
  <sequence>88</sequence>
  <logger>ccnx.Default</logger>
  <level>INFO</level>
  <class>dtgp.util.Logger</class>
  <method>msg</method>
  <thread>10</thread>
  <message>Sending request for:/uu/core/games/ttt/238035477/move/4</message>
</record>
<record>
  <date>2013-09-08T02:57:21</date>
  <millis>1378609041058</millis>
  <sequence>89</sequence>
  <logger>ccnx.Default</logger>
  <level>INFO</level>
  <class>dtgp.util.Logger</class>
  <method>msg</method>
  <thread>10</thread>
  <message>GET LOOP: Sending: /uu/core/games/ttt/238035477/move/4</message>
</record>
<record>
  <date>2013-09-08T02:57:26</date>
  <millis>1378609046058</millis>
  <sequence>90</sequence>
  <logger>ccnx.Default</logger>
  <level>INFO</level>
  <class>dtgp.util.Logger</class>
  <method>msg</method>
  <thread>10</thread>
  <message>Exiting loop, We sent back a  CO!</message>
</record>
<record>
  <date>2013-09-08T02:57:26</date>
  <millis>1378609046059</millis>
  <sequence>91</sequence>
  <logger>ccnx.Default</logger>
  <level>INFO</level>
  <class>dtgp.util.Logger</class>
  <method>msg</method>
  <thread>10</thread>
  <message>Sending request for:/uu/core/games/ttt/238035477/move/4</message>
</record>
<record>
  <date>2013-09-08T02:57:26</date>
  <millis>1378609046059</millis>
  <sequence>92</sequence>
  <logger>ccnx.Default</logger>
  <level>INFO</level>
  <class>dtgp.util.Logger</class>
  <method>msg</method>
  <thread>10</thread>
  <message>GET LOOP: Sending: /uu/core/games/ttt/238035477/move/4</message>
</record>
<record>
  <date>2013-09-08T02:57:26</date>
  <millis>1378609046117</millis>
  <sequence>93</sequence>
  <logger>ccnx.Default</logger>
  <level>INFO</level>
  <class>dtgp.util.Logger</class>
  <method>msg</method>
  <thread>10</thread>
  <message>Exiting loop, Got CO:/uu/core/games/ttt/238035477/move/4</message>
</record>
<record>
  <date>2013-09-08T02:57:26</date>
  <millis>1378609046117</millis>
  <sequence>94</sequence>
  <logger>ccnx.Default</logger>
  <level>INFO</level>
  <class>dtgp.util.Logger</class>
  <method>msg</method>
  <thread>10</thread>
  <message>Disassembling Move CO:</message>
</record>
<record>
  <date>2013-09-08T02:57:26</date>
  <millis>1378609046118</millis>
  <sequence>95</sequence>
  <logger>ccnx.Default</logger>
  <level>INFO</level>
  <class>dtgp.util.Logger</class>
  <method>msg</method>
  <thread>10</thread>
  <message>Sending move..</message>
</record>
<record>
  <date>2013-09-08T02:57:26</date>
  <millis>1378609046118</millis>
  <sequence>96</sequence>
  <logger>ccnx.Default</logger>
  <level>INFO</level>
  <class>dtgp.util.Logger</class>
  <method>msg</method>
  <thread>10</thread>
  <message>Creating CO: /uu/core/games/ttt/238035477/move/5</message>
</record>
<record>
  <date>2013-09-08T02:57:26</date>
  <millis>1378609046118</millis>
  <sequence>97</sequence>
  <logger>ccnx.Keys</logger>
  <level>INFO</level>
  <class>org.ccnx.ccn.impl.security.keys.BasicKeyManager</class>
  <method>getKeyLocator</method>
  <thread>10</thread>
  <message>getKeyLocator: returning locator NAME: /ccnx.org/Users/user/Keys/%C1.M.K%00%3F%CEUL%08m2%E5%A6%28%3Ew%CDb%836%8B%D9z%DA%5B%02%D776-%A5s%B2%09%84%40/%FD%04%FB%C93%60%00 KEY:fueal60gr9ismj2gfjnplh86dkbr5tdkmo2qsrjcbd5eep0j120 for key P85VTAhtMuWmKD53zWKDNovZetpbAtc3Ni2lc7IJhEA=</message>
</record>
<record>
  <date>2013-09-08T02:57:26</date>
  <millis>1378609046121</millis>
  <sequence>98</sequence>
  <logger>ccnx.Default</logger>
  <level>INFO</level>
  <class>dtgp.util.Logger</class>
  <method>msg</method>
  <thread>10</thread>
  <message>Listening for prefix: /uu/core/games/ttt/238035477/move/5</message>
</record>
<record>
  <date>2013-09-08T02:57:26</date>
  <millis>1378609046190</millis>
  <sequence>99</sequence>
  <logger>ccnx.Default</logger>
  <level>INFO</level>
  <class>dtgp.util.Logger</class>
  <method>msg</method>
  <thread>11</thread>
  <message>Got an Interest: /uu/core/games/ttt/238035477/move/5</message>
</record>
<record>
  <date>2013-09-08T02:57:26</date>
  <millis>1378609046190</millis>
  <sequence>100</sequence>
  <logger>ccnx.Default</logger>
  <level>INFO</level>
  <class>dtgp.util.Logger</class>
  <method>msg</method>
  <thread>11</thread>
  <message>We are waiting for: /uu/core/games/ttt/238035477/move/5</message>
</record>
<record>
  <date>2013-09-08T02:57:26</date>
  <millis>1378609046190</millis>
  <sequence>101</sequence>
  <logger>ccnx.Default</logger>
  <level>INFO</level>
  <class>dtgp.util.Logger</class>
  <method>msg</method>
  <thread>11</thread>
  <message>MATCH, sending the CO back for: /uu/core/games/ttt/238035477/move/5</message>
</record>
<record>
  <date>2013-09-08T02:57:26</date>
  <millis>1378609046194</millis>
  <sequence>102</sequence>
  <logger>ccnx.Default</logger>
  <level>INFO</level>
  <class>dtgp.util.Logger</class>
  <method>msg</method>
  <thread>10</thread>
  <message>Unregistering prefix: /uu/core/games/ttt/238035477/move/5</message>
</record>
<record>
  <date>2013-09-08T02:57:26</date>
  <millis>1378609046195</millis>
  <sequence>103</sequence>
  <logger>ccnx.Default</logger>
  <level>INFO</level>
  <class>dtgp.util.Logger</class>
  <method>msg</method>
  <thread>10</thread>
  <message>Ending TTTMain...</message>
</record>
<record>
  <date>2013-09-08T02:57:26</date>
  <millis>1378609046196</millis>
  <sequence>104</sequence>
  <logger>ccnx.Default</logger>
  <level>INFO</level>
  <class>dtgp.util.Logger</class>
  <method>msg</method>
  <thread>10</thread>
  <message>Requesting game 238035477 to be terminated: /uu/core/games/ttt/fin/238035477</message>
</record>
<record>
  <date>2013-09-08T02:57:26</date>
  <millis>1378609046196</millis>
  <sequence>105</sequence>
  <logger>ccnx.Default</logger>
  <level>INFO</level>
  <class>dtgp.util.Logger</class>
  <method>msg</method>
  <thread>10</thread>
  <message>Sending request for:/uu/core/games/ttt/fin/238035477</message>
</record>
<record>
  <date>2013-09-08T02:57:26</date>
  <millis>1378609046196</millis>
  <sequence>106</sequence>
  <logger>ccnx.Default</logger>
  <level>INFO</level>
  <class>dtgp.util.Logger</class>
  <method>msg</method>
  <thread>10</thread>
  <message>GET LOOP: Sending: /uu/core/games/ttt/fin/238035477</message>
</record>
<record>
  <date>2013-09-08T02:57:31</date>
  <millis>1378609051197</millis>
  <sequence>107</sequence>
  <logger>ccnx.Default</logger>
  <level>INFO</level>
  <class>dtgp.util.Logger</class>
  <method>msg</method>
  <thread>10</thread>
  <message>Exiting loop, We sent back a  CO!</message>
</record>
<record>
  <date>2013-09-08T02:57:31</date>
  <millis>1378609051197</millis>
  <sequence>108</sequence>
  <logger>ccnx.Default</logger>
  <level>INFO</level>
  <class>dtgp.util.Logger</class>
  <method>msg</method>
  <thread>10</thread>
  <message>Sending request for:/uu/core/games/ttt/fin/238035477</message>
</record>
<record>
  <date>2013-09-08T02:57:31</date>
  <millis>1378609051197</millis>
  <sequence>109</sequence>
  <logger>ccnx.Default</logger>
  <level>INFO</level>
  <class>dtgp.util.Logger</class>
  <method>msg</method>
  <thread>10</thread>
  <message>GET LOOP: Sending: /uu/core/games/ttt/fin/238035477</message>
</record>
<record>
  <date>2013-09-08T02:57:31</date>
  <millis>1378609051262</millis>
  <sequence>110</sequence>
  <logger>ccnx.Default</logger>
  <level>INFO</level>
  <class>dtgp.util.Logger</class>
  <method>msg</method>
  <thread>10</thread>
  <message>Exiting loop, Got CO:/uu/core/games/ttt/fin/238035477</message>
</record>
<record>
  <date>2013-09-08T02:57:31</date>
  <millis>1378609051263</millis>
  <sequence>111</sequence>
  <logger>ccnx.Default</logger>
  <level>INFO</level>
  <class>dtgp.util.Logger</class>
  <method>msg</method>
  <thread>10</thread>
  <message>Disassembling CO :/uu/core/games/ttt/fin/238035477</message>
</record>
<record>
  <date>2013-09-08T02:57:31</date>
  <millis>1378609051263</millis>
  <sequence>112</sequence>
  <logger>ccnx.Default</logger>
  <level>INFO</level>
  <class>dtgp.util.Logger</class>
  <method>msg</method>
  <thread>10</thread>
  <message>Disassembled Game object with ID: 238035477</message>
</record>
<record>
  <date>2013-09-08T02:57:31</date>
  <millis>1378609051263</millis>
  <sequence>113</sequence>
  <logger>ccnx.Default</logger>
  <level>INFO</level>
  <class>dtgp.util.Logger</class>
  <method>msg</method>
  <thread>10</thread>
  <message>Shutting down...</message>
</record>
<record>
  <date>2013-09-08T02:57:31</date>
  <millis>1378609051264</millis>
  <sequence>114</sequence>
  <logger>ccnx.Default</logger>
  <level>INFO</level>
  <class>dtgp.util.Logger</class>
  <method>msg</method>
  <thread>10</thread>
  <message>Unregistering prefix: /</message>
</record>
<record>
  <date>2013-09-08T02:57:31</date>
  <millis>1378609051264</millis>
  <sequence>115</sequence>
  <logger>ccnx.Default</logger>
  <level>INFO</level>
  <class>dtgp.util.Logger</class>
  <method>msg</method>
  <thread>10</thread>
  <message>Shutting down...</message>
</record>
<record>
  <date>2013-09-08T02:57:31</date>
  <millis>1378609051264</millis>
  <sequence>116</sequence>
  <logger>ccnx.NetManager</logger>
  <level>INFO</level>
  <class>org.ccnx.ccn.impl.CCNNetworkManager</class>
  <method>shutdown</method>
  <thread>10</thread>
  <message>NetworkManager 1: Shutdown requested</message>
</record>
<record>
  <date>2013-09-08T02:57:31</date>
  <millis>1378609051264</millis>
  <sequence>117</sequence>
  <logger>ccnx.NetManager</logger>
  <level>INFO</level>
  <class>org.ccnx.ccn.impl.CCNNetworkManager</class>
  <method>run</method>
  <thread>11</thread>
  <message>NetworkManager 1: Shutdown complete for port: 6001</message>
</record>
<record>
  <date>2013-09-08T02:57:31</date>
  <millis>1378609051265</millis>
  <sequence>118</sequence>
  <logger>ccnx.NetManager</logger>
  <level>INFO</level>
  <class>org.ccnx.ccn.impl.CCNNetworkChannel</class>
  <method>close</method>
  <thread>10</thread>
  <message>NetworkChannel 1: close(false)</message>
</record>
<record>
  <date>2013-09-08T02:57:31</date>
  <millis>1378609051265</millis>
  <sequence>119</sequence>
  <logger>ccnx.Default</logger>
  <level>INFO</level>
  <class>dtgp.util.Logger</class>
  <method>msg</method>
  <thread>10</thread>
  <message>Exiting..</message>
</record>
</log>
