1400718844.000000 ccnd[679]: 6001 ____________________ Thu May 22 00:34:04 2014
1400718844.909608 ccnd[679]: CCND_DEBUG=-1 CCND_CAP=50000
1400718844.909787 ccnd[679]: listening on /tmp/.ccnd.sock.6001
1400718844.909856 ccnd[679]: accepting ipv4 datagrams on fd 4 rcvbuf 124928
1400718844.909877 ccnd[679]: accepting ipv4 connections on fd 5
1400718844.909923 ccnd[679]: accepting ipv6 datagrams on fd 6 rcvbuf 124928
1400718844.909944 ccnd[679]: accepting ipv6 connections on fd 7
1400718844.918029 ccnd[679]: debug.2428 prefix,ff=3 0 ccnx:/ccnx/ping (16 bytes)
1400718844.918678 ccnd[679]: debug.2428 prefix,ff=3 0 ccnx:/%C1.M.S.localhost/%C1.M.SRV/ccnd (37 bytes)
1400718844.918697 ccnd[679]: debug.2428 prefix,ff=3 0 ccnx:/%C1.M.S.neighborhood (24 bytes)
1400718844.918724 ccnd[679]: debug.2428 prefix,ff=0x17 0 ccnx:/ccnx/%D7%C0.%E6%A2%06%2B%91%AF8hE%F6%C9U%84%F7%7D%A1%B3U%3F%CF%B4%1B%B0%85%A4%24x%11m (45 bytes)
1400718844.918737 ccnd[679]: debug.2428 prefix,ff=0x23 0 ccnx:/%C1.M.S.localhost (20 bytes)
1400718844.968934 ccnd[679]: accepted client fd=8 id=6
1400718844.969153 ccnd[679]: shutdown client fd=8 id=6
1400718844.969171 ccnd[679]: recycling face id 6 (slot 6)
1400718844.975089 ccnd[679]: accepted client fd=8 id=6
1400718844.975173 ccnd[679]: shutdown client fd=8 id=6
1400718844.975187 ccnd[679]: recycling face id 6 (slot 6)
1400718881.000000 ccnd[679]: 6001 ____________________ Thu May 22 00:34:41 2014
1400718881.040980 ccnd[679]: accepted client fd=8 id=6
1400718881.059561 ccnd[679]: debug.3807 interest_from 6 ccnx:/%C1.M.S.localhost/%C1.M.SRV/ccnd/KEY (51 bytes,scope=1)
1400718881.059580 ccnd[679]: version: 20090701, prefix_comps: 4, min_suffix_comps: 0, max_suffix_comps: 32767, orderpref: 0, answerfrom: 3, scope: 1, lifetime: 4.0000, excl: 0 bytes, etc: 0 bytes
1400718881.059601 ccnd[679]: fwd.3059 adding 0
1400718881.059609 ccnd[679]: fwd.3059 adding 0
1400718881.059616 ccnd[679]: outbound.3131 adding 0
1400718881.059636 ccnd[679]: debug.3523 0xbf1d20.0of1,usec=495+3999505 6 ccnx:/%C1.M.S.localhost/%C1.M.SRV/ccnd/KEY (67 bytes,scope=1) D7C02E-02A7-0006-210A-9F864A
1400718881.060797 ccnd[679]: debug.3210 interest_to 0 ccnx:/%C1.M.S.localhost/%C1.M.SRV/ccnd/KEY (67 bytes,scope=1) D7C02E-02A7-0006-210A-9F864A
1400718881.060820 ccnd[679]: debug.158 ccnd_answer_req ccnx:/%C1.M.S.localhost/%C1.M.SRV/ccnd/KEY (67 bytes,scope=1) D7C02E-02A7-0006-210A-9F864A
1400718881.061909 ccnd[679]: debug.4109 content_from 0 ccnx:/%C1.M.S.localhost/%C1.M.SRV/ccnd/KEY/%C1.M.K%00%D7%C0.%E6%A2%06%2B%91%AF8hE%F6%C9U%84%F7%7D%A1%B3U%3F%CF%B4%1B%B0%85%A4%24x%11m/%FD%057%D4_%CE%8E/%00/%B5%19%7Do%F1x%AB%FD%FC%A0%ADU%16v%F1%7Fp%ED%B3O%C0%0D%EF%A8%83%12DG%C1%B2%5Dc (611 bytes)
1400718881.061926 ccnd[679]: fwd.3059 adding 0
1400718881.061934 ccnd[679]: fwd.3059 adding 0
1400718881.061945 ccnd[679]: face 6 q 0 delay 3 usec
1400718881.061962 ccnd[679]: debug.1526 consume 6 ccnx:/%C1.M.S.localhost/%C1.M.SRV/ccnd/KEY (67 bytes,scope=1) D7C02E-02A7-0006-210A-9F864A
1400718881.061969 ccnd[679]: sl.1598 0 ci=4 osrc=4294967295 src=0 usec=9156
1400718881.061976 ccnd[679]: sl.1598 0 ci=3 osrc=4294967295 src=0 usec=9156
1400718881.061983 ccnd[679]: fwd.3059 adding 0
1400718881.061990 ccnd[679]: fwd.3059 adding 0
1400718881.062015 ccnd[679]: debug.1268 content_to 6 ccnx:/%C1.M.S.localhost/%C1.M.SRV/ccnd/KEY/%C1.M.K%00%D7%C0.%E6%A2%06%2B%91%AF8hE%F6%C9U%84%F7%7D%A1%B3U%3F%CF%B4%1B%B0%85%A4%24x%11m/%FD%057%D4_%CE%8E/%00/%B5%19%7Do%F1x%AB%FD%FC%A0%ADU%16v%F1%7Fp%ED%B3O%C0%0D%EF%A8%83%12DG%C1%B2%5Dc (611 bytes)
1400718881.072564 ccnd[679]: debug.3807 interest_from 6 ccnx:/%C1.M.S.localhost/%C1.M.SRV/ccnd/KEY/%C1.M.K%00%D7%C0.%E6%A2%06%2B%91%AF8hE%F6%C9U%84%F7%7D%A1%B3U%3F%CF%B4%1B%B0%85%A4%24x%11m/%FD%057%D4_%CE%8E (108 bytes)
1400718881.072588 ccnd[679]: version: 20090701, prefix_comps: 6, min_suffix_comps: 1, max_suffix_comps: 3, orderpref: 0, answerfrom: 3, scope: -1, lifetime: 4.0000, excl: 0 bytes, etc: 0 bytes
1400718881.072620 ccnd[679]: debug.3856 first_candidate ccnx:/%C1.M.S.localhost/%C1.M.SRV/ccnd/KEY/%C1.M.K%00%D7%C0.%E6%A2%06%2B%91%AF8hE%F6%C9U%84%F7%7D%A1%B3U%3F%CF%B4%1B%B0%85%A4%24x%11m/%FD%057%D4_%CE%8E/%00/%B5%19%7Do%F1x%AB%FD%FC%A0%ADU%16v%F1%7Fp%ED%B3O%C0%0D%EF%A8%83%12DG%C1%B2%5Dc (611 bytes)
1400718881.072668 ccnd[679]: debug.3884 matches ccnx:/%C1.M.S.localhost/%C1.M.SRV/ccnd/KEY/%C1.M.K%00%D7%C0.%E6%A2%06%2B%91%AF8hE%F6%C9U%84%F7%7D%A1%B3U%3F%CF%B4%1B%B0%85%A4%24x%11m/%FD%057%D4_%CE%8E/%00/%B5%19%7Do%F1x%AB%FD%FC%A0%ADU%16v%F1%7Fp%ED%B3O%C0%0D%EF%A8%83%12DG%C1%B2%5Dc (611 bytes)
1400718881.072677 ccnd[679]: face 6 q 0 delay 3 usec
1400718881.072697 ccnd[679]: debug.3918 consume 6 ccnx:/%C1.M.S.localhost/%C1.M.SRV/ccnd/KEY/%C1.M.K%00%D7%C0.%E6%A2%06%2B%91%AF8hE%F6%C9U%84%F7%7D%A1%B3U%3F%CF%B4%1B%B0%85%A4%24x%11m/%FD%057%D4_%CE%8E (108 bytes)
1400718881.072705 ccnd[679]: fwd.3059 adding 0
1400718881.072712 ccnd[679]: fwd.3059 adding 0
1400718881.072719 ccnd[679]: fwd.3059 adding 0
1400718881.072726 ccnd[679]: fwd.3059 adding 0
1400718881.072750 ccnd[679]: debug.1268 content_to 6 ccnx:/%C1.M.S.localhost/%C1.M.SRV/ccnd/KEY/%C1.M.K%00%D7%C0.%E6%A2%06%2B%91%AF8hE%F6%C9U%84%F7%7D%A1%B3U%3F%CF%B4%1B%B0%85%A4%24x%11m/%FD%057%D4_%CE%8E/%00/%B5%19%7Do%F1x%AB%FD%FC%A0%ADU%16v%F1%7Fp%ED%B3O%C0%0D%EF%A8%83%12DG%C1%B2%5Dc (611 bytes)
1400718881.199928 ccnd[679]: debug.3807 interest_from 6 ccnx:/ccnx/%D7%C0.%E6%A2%06%2B%91%AF8hE%F6%C9U%84%F7%7D%A1%B3U%3F%CF%B4%1B%B0%85%A4%24x%11m/selfreg/%04%82%02%AA%03%B2%08%85%A8%25%21%9F%96o%AE%D8%8A%0A%5E%7F%EE%D3%B0%80A%FB%1D%3C%D1%AE%1A%3A%0Ex%C7%E7%B0%11%83%B2%1B%B8xl%85%A6Ut%80e%26mFB%A3%5E%13%FB%2B%C2%25E%F2A%E3%F5%C2%BCZ%CB%EF%5D%9F7%B5%2BX%F9%CD%D7N%A6%C6%3A%8Ft%84%868%3A%B0%DD15%95%04%9B%9F%CA%7C%21L%CD%F5%0C%17g%01%CA%2B%5B%EB%5D%E0%8C~%85E7%13%FD%0B%F7%A4%BE%D5%3E%F5%09X%21%0F%F1-%8Bv%00%00%F2%00%01%A2%03%E2%02%85%3F%CEUL%08m2%E5%A6%28%3Ew%CDb%836%8B%D9z%DA%5B%02%D776-%A5s%B2%09%84%40%00%02%BA%B5%057%D4b%12s%00%01%E2%01%DA%0A%950%81%9F0%0D%06%09%2A%86H%86%F7%0D%01%01%01%05%00%03%81%8D%000%81%89%02%81%81%00%C0%FB%16%1F%A6%9A%5E%A0%2A%D2%80%DA%8E%D9f%C1%85r%83t%A6%28P6%CC%20O%60%D9Pi%87%F3%F6%D7%8C%F8F%BFw%3C%08%10%FF%D8%02%3E%1B%03E%0B%24%D5T%3F%21T%FC%8Fl%5C%07%22%60o%AA%AF%8E%1E6%9A%7DvVbs%2C%BCrW-Z%0F%F1%9F%CA%DA%B3%E0%06%E9%81%F7-%01%16%D5%7D%DF%D4%21E%2F%B0%C1%A7%27%AF%C2%0C%B6%C3%EC%1C%BF%5D%82T%A5%DEa%C4%14%401%10%C6%23%02%03%01%00%01%00%00%00%01%9A%09%ED%05%8A%04%CA%BEselfreg%00%F2%FA%C5ccnx.org%00%FA%ADUsers%00%FA%A5user%00%FA%A5Keys%00%FA%02%B5%C1.M.K%00%3F%CEUL%08m2%E5%A6%28%3Ew%CDb%836%8B%D9z%DA%5B%02%D776-%A5s%B2%09%84%40%00%FA%BD%FD%04%FB%C93%60%00%00%00%03%E2%02%85%D7%C0.%E6%A2%06%2B%91%AF8hE%F6%C9U%84%F7%7D%A1%B3U%3F%CF%B4%1B%B0%85%A4%24x%11m%00%04%FA%8E3%00%03%D2%D62147483647%00%00%00%00 (590 bytes,scope=1)
1400718881.199958 ccnd[679]: version: 20090701, prefix_comps: 4, min_suffix_comps: 0, max_suffix_comps: 32767, orderpref: 0, answerfrom: 3, scope: 1, lifetime: 4.0000, excl: 0 bytes, etc: 0 bytes
1400718881.199992 ccnd[679]: debug.3856 first_candidate ccnx:/%C1.M.S.localhost/%C1.M.SRV/ccnd/KEY/%C1.M.K%00%D7%C0.%E6%A2%06%2B%91%AF8hE%F6%C9U%84%F7%7D%A1%B3U%3F%CF%B4%1B%B0%85%A4%24x%11m/%FD%057%D4_%CE%8E/%00/%B5%19%7Do%F1x%AB%FD%FC%A0%ADU%16v%F1%7Fp%ED%B3O%C0%0D%EF%A8%83%12DG%C1%B2%5Dc (611 bytes)
1400718881.200085 ccnd[679]: debug.3863 prefix_mismatch ccnx:/ccnx/%D7%C0.%E6%A2%06%2B%91%AF8hE%F6%C9U%84%F7%7D%A1%B3U%3F%CF%B4%1B%B0%85%A4%24x%11m/selfreg/%04%82%02%AA%03%B2%08%85%A8%25%21%9F%96o%AE%D8%8A%0A%5E%7F%EE%D3%B0%80A%FB%1D%3C%D1%AE%1A%3A%0Ex%C7%E7%B0%11%83%B2%1B%B8xl%85%A6Ut%80e%26mFB%A3%5E%13%FB%2B%C2%25E%F2A%E3%F5%C2%BCZ%CB%EF%5D%9F7%B5%2BX%F9%CD%D7N%A6%C6%3A%8Ft%84%868%3A%B0%DD15%95%04%9B%9F%CA%7C%21L%CD%F5%0C%17g%01%CA%2B%5B%EB%5D%E0%8C~%85E7%13%FD%0B%F7%A4%BE%D5%3E%F5%09X%21%0F%F1-%8Bv%00%00%F2%00%01%A2%03%E2%02%85%3F%CEUL%08m2%E5%A6%28%3Ew%CDb%836%8B%D9z%DA%5B%02%D776-%A5s%B2%09%84%40%00%02%BA%B5%057%D4b%12s%00%01%E2%01%DA%0A%950%81%9F0%0D%06%09%2A%86H%86%F7%0D%01%01%01%05%00%03%81%8D%000%81%89%02%81%81%00%C0%FB%16%1F%A6%9A%5E%A0%2A%D2%80%DA%8E%D9f%C1%85r%83t%A6%28P6%CC%20O%60%D9Pi%87%F3%F6%D7%8C%F8F%BFw%3C%08%10%FF%D8%02%3E%1B%03E%0B%24%D5T%3F%21T%FC%8Fl%5C%07%22%60o%AA%AF%8E%1E6%9A%7DvVbs%2C%BCrW-Z%0F%F1%9F%CA%DA%B3%E0%06%E9%81%F7-%01%16%D5%7D%DF%D4%21E%2F%B0%C1%A7%27%AF%C2%0C%B6%C3%EC%1C%BF%5D%82T%A5%DEa%C4%14%401%10%C6%23%02%03%01%00%01%00%00%00%01%9A%09%ED%05%8A%04%CA%BEselfreg%00%F2%FA%C5ccnx.org%00%FA%ADUsers%00%FA%A5user%00%FA%A5Keys%00%FA%02%B5%C1.M.K%00%3F%CEUL%08m2%E5%A6%28%3Ew%CDb%836%8B%D9z%DA%5B%02%D776-%A5s%B2%09%84%40%00%FA%BD%FD%04%FB%C93%60%00%00%00%03%E2%02%85%D7%C0.%E6%A2%06%2B%91%AF8hE%F6%C9U%84%F7%7D%A1%B3U%3F%CF%B4%1B%B0%85%A4%24x%11m%00%04%FA%8E3%00%03%D2%D62147483647%00%00%00%00 (590 bytes,scope=1)
1400718881.200110 ccnd[679]: fwd.3059 adding 0
1400718881.200118 ccnd[679]: outbound.3131 adding 0
1400718881.200210 ccnd[679]: debug.3523 0xbf1db0.0of1,usec=3200+3996800 6 ccnx:/ccnx/%D7%C0.%E6%A2%06%2B%91%AF8hE%F6%C9U%84%F7%7D%A1%B3U%3F%CF%B4%1B%B0%85%A4%24x%11m/selfreg/%04%82%02%AA%03%B2%08%85%A8%25%21%9F%96o%AE%D8%8A%0A%5E%7F%EE%D3%B0%80A%FB%1D%3C%D1%AE%1A%3A%0Ex%C7%E7%B0%11%83%B2%1B%B8xl%85%A6Ut%80e%26mFB%A3%5E%13%FB%2B%C2%25E%F2A%E3%F5%C2%BCZ%CB%EF%5D%9F7%B5%2BX%F9%CD%D7N%A6%C6%3A%8Ft%84%868%3A%B0%DD15%95%04%9B%9F%CA%7C%21L%CD%F5%0C%17g%01%CA%2B%5B%EB%5D%E0%8C~%85E7%13%FD%0B%F7%A4%BE%D5%3E%F5%09X%21%0F%F1-%8Bv%00%00%F2%00%01%A2%03%E2%02%85%3F%CEUL%08m2%E5%A6%28%3Ew%CDb%836%8B%D9z%DA%5B%02%D776-%A5s%B2%09%84%40%00%02%BA%B5%057%D4b%12s%00%01%E2%01%DA%0A%950%81%9F0%0D%06%09%2A%86H%86%F7%0D%01%01%01%05%00%03%81%8D%000%81%89%02%81%81%00%C0%FB%16%1F%A6%9A%5E%A0%2A%D2%80%DA%8E%D9f%C1%85r%83t%A6%28P6%CC%20O%60%D9Pi%87%F3%F6%D7%8C%F8F%BFw%3C%08%10%FF%D8%02%3E%1B%03E%0B%24%D5T%3F%21T%FC%8Fl%5C%07%22%60o%AA%AF%8E%1E6%9A%7DvVbs%2C%BCrW-Z%0F%F1%9F%CA%DA%B3%E0%06%E9%81%F7-%01%16%D5%7D%DF%D4%21E%2F%B0%C1%A7%27%AF%C2%0C%B6%C3%EC%1C%BF%5D%82T%A5%DEa%C4%14%401%10%C6%23%02%03%01%00%01%00%00%00%01%9A%09%ED%05%8A%04%CA%BEselfreg%00%F2%FA%C5ccnx.org%00%FA%ADUsers%00%FA%A5user%00%FA%A5Keys%00%FA%02%B5%C1.M.K%00%3F%CEUL%08m2%E5%A6%28%3Ew%CDb%836%8B%D9z%DA%5B%02%D776-%A5s%B2%09%84%40%00%FA%BD%FD%04%FB%C93%60%00%00%00%03%E2%02%85%D7%C0.%E6%A2%06%2B%91%AF8hE%F6%C9U%84%F7%7D%A1%B3U%3F%CF%B4%1B%B0%85%A4%24x%11m%00%04%FA%8E3%00%03%D2%D62147483647%00%00%00%00 (606 bytes,scope=1) D7C02E-02A7-0006-2112-3F39CC
1400718881.204391 ccnd[679]: debug.3210 interest_to 0 ccnx:/ccnx/%D7%C0.%E6%A2%06%2B%91%AF8hE%F6%C9U%84%F7%7D%A1%B3U%3F%CF%B4%1B%B0%85%A4%24x%11m/selfreg/%04%82%02%AA%03%B2%08%85%A8%25%21%9F%96o%AE%D8%8A%0A%5E%7F%EE%D3%B0%80A%FB%1D%3C%D1%AE%1A%3A%0Ex%C7%E7%B0%11%83%B2%1B%B8xl%85%A6Ut%80e%26mFB%A3%5E%13%FB%2B%C2%25E%F2A%E3%F5%C2%BCZ%CB%EF%5D%9F7%B5%2BX%F9%CD%D7N%A6%C6%3A%8Ft%84%868%3A%B0%DD15%95%04%9B%9F%CA%7C%21L%CD%F5%0C%17g%01%CA%2B%5B%EB%5D%E0%8C~%85E7%13%FD%0B%F7%A4%BE%D5%3E%F5%09X%21%0F%F1-%8Bv%00%00%F2%00%01%A2%03%E2%02%85%3F%CEUL%08m2%E5%A6%28%3Ew%CDb%836%8B%D9z%DA%5B%02%D776-%A5s%B2%09%84%40%00%02%BA%B5%057%D4b%12s%00%01%E2%01%DA%0A%950%81%9F0%0D%06%09%2A%86H%86%F7%0D%01%01%01%05%00%03%81%8D%000%81%89%02%81%81%00%C0%FB%16%1F%A6%9A%5E%A0%2A%D2%80%DA%8E%D9f%C1%85r%83t%A6%28P6%CC%20O%60%D9Pi%87%F3%F6%D7%8C%F8F%BFw%3C%08%10%FF%D8%02%3E%1B%03E%0B%24%D5T%3F%21T%FC%8Fl%5C%07%22%60o%AA%AF%8E%1E6%9A%7DvVbs%2C%BCrW-Z%0F%F1%9F%CA%DA%B3%E0%06%E9%81%F7-%01%16%D5%7D%DF%D4%21E%2F%B0%C1%A7%27%AF%C2%0C%B6%C3%EC%1C%BF%5D%82T%A5%DEa%C4%14%401%10%C6%23%02%03%01%00%01%00%00%00%01%9A%09%ED%05%8A%04%CA%BEselfreg%00%F2%FA%C5ccnx.org%00%FA%ADUsers%00%FA%A5user%00%FA%A5Keys%00%FA%02%B5%C1.M.K%00%3F%CEUL%08m2%E5%A6%28%3Ew%CDb%836%8B%D9z%DA%5B%02%D776-%A5s%B2%09%84%40%00%FA%BD%FD%04%FB%C93%60%00%00%00%03%E2%02%85%D7%C0.%E6%A2%06%2B%91%AF8hE%F6%C9U%84%F7%7D%A1%B3U%3F%CF%B4%1B%B0%85%A4%24x%11m%00%04%FA%8E3%00%03%D2%D62147483647%00%00%00%00 (606 bytes,scope=1) D7C02E-02A7-0006-2112-3F39CC
1400718881.204504 ccnd[679]: debug.158 ccnd_answer_req ccnx:/ccnx/%D7%C0.%E6%A2%06%2B%91%AF8hE%F6%C9U%84%F7%7D%A1%B3U%3F%CF%B4%1B%B0%85%A4%24x%11m/selfreg/%04%82%02%AA%03%B2%08%85%A8%25%21%9F%96o%AE%D8%8A%0A%5E%7F%EE%D3%B0%80A%FB%1D%3C%D1%AE%1A%3A%0Ex%C7%E7%B0%11%83%B2%1B%B8xl%85%A6Ut%80e%26mFB%A3%5E%13%FB%2B%C2%25E%F2A%E3%F5%C2%BCZ%CB%EF%5D%9F7%B5%2BX%F9%CD%D7N%A6%C6%3A%8Ft%84%868%3A%B0%DD15%95%04%9B%9F%CA%7C%21L%CD%F5%0C%17g%01%CA%2B%5B%EB%5D%E0%8C~%85E7%13%FD%0B%F7%A4%BE%D5%3E%F5%09X%21%0F%F1-%8Bv%00%00%F2%00%01%A2%03%E2%02%85%3F%CEUL%08m2%E5%A6%28%3Ew%CDb%836%8B%D9z%DA%5B%02%D776-%A5s%B2%09%84%40%00%02%BA%B5%057%D4b%12s%00%01%E2%01%DA%0A%950%81%9F0%0D%06%09%2A%86H%86%F7%0D%01%01%01%05%00%03%81%8D%000%81%89%02%81%81%00%C0%FB%16%1F%A6%9A%5E%A0%2A%D2%80%DA%8E%D9f%C1%85r%83t%A6%28P6%CC%20O%60%D9Pi%87%F3%F6%D7%8C%F8F%BFw%3C%08%10%FF%D8%02%3E%1B%03E%0B%24%D5T%3F%21T%FC%8Fl%5C%07%22%60o%AA%AF%8E%1E6%9A%7DvVbs%2C%BCrW-Z%0F%F1%9F%CA%DA%B3%E0%06%E9%81%F7-%01%16%D5%7D%DF%D4%21E%2F%B0%C1%A7%27%AF%C2%0C%B6%C3%EC%1C%BF%5D%82T%A5%DEa%C4%14%401%10%C6%23%02%03%01%00%01%00%00%00%01%9A%09%ED%05%8A%04%CA%BEselfreg%00%F2%FA%C5ccnx.org%00%FA%ADUsers%00%FA%A5user%00%FA%A5Keys%00%FA%02%B5%C1.M.K%00%3F%CEUL%08m2%E5%A6%28%3Ew%CDb%836%8B%D9z%DA%5B%02%D776-%A5s%B2%09%84%40%00%FA%BD%FD%04%FB%C93%60%00%00%00%03%E2%02%85%D7%C0.%E6%A2%06%2B%91%AF8hE%F6%C9U%84%F7%7D%A1%B3U%3F%CF%B4%1B%B0%85%A4%24x%11m%00%04%FA%8E3%00%03%D2%D62147483647%00%00%00%00 (606 bytes,scope=1) D7C02E-02A7-0006-2112-3F39CC
1400718881.204658 ccnd[679]: debug.2428 prefix,ff=3 6 ccnx:/ccnx.org/Users/user/Keys/%C1.M.K%00%3F%CEUL%08m2%E5%A6%28%3Ew%CDb%836%8B%D9z%DA%5B%02%D776-%A5s%B2%09%84%40/%FD%04%FB%C93%60%00 (87 bytes)
1400718881.205317 ccnd[679]: debug.280 ccnd_answer_req_response ccnx:/ccnx/%D7%C0.%E6%A2%06%2B%91%AF8hE%F6%C9U%84%F7%7D%A1%B3U%3F%CF%B4%1B%B0%85%A4%24x%11m/selfreg/%04%82%02%AA%03%B2%08%85%A8%25%21%9F%96o%AE%D8%8A%0A%5E%7F%EE%D3%B0%80A%FB%1D%3C%D1%AE%1A%3A%0Ex%C7%E7%B0%11%83%B2%1B%B8xl%85%A6Ut%80e%26mFB%A3%5E%13%FB%2B%C2%25E%F2A%E3%F5%C2%BCZ%CB%EF%5D%9F7%B5%2BX%F9%CD%D7N%A6%C6%3A%8Ft%84%868%3A%B0%DD15%95%04%9B%9F%CA%7C%21L%CD%F5%0C%17g%01%CA%2B%5B%EB%5D%E0%8C~%85E7%13%FD%0B%F7%A4%BE%D5%3E%F5%09X%21%0F%F1-%8Bv%00%00%F2%00%01%A2%03%E2%02%85%3F%CEUL%08m2%E5%A6%28%3Ew%CDb%836%8B%D9z%DA%5B%02%D776-%A5s%B2%09%84%40%00%02%BA%B5%057%D4b%12s%00%01%E2%01%DA%0A%950%81%9F0%0D%06%09%2A%86H%86%F7%0D%01%01%01%05%00%03%81%8D%000%81%89%02%81%81%00%C0%FB%16%1F%A6%9A%5E%A0%2A%D2%80%DA%8E%D9f%C1%85r%83t%A6%28P6%CC%20O%60%D9Pi%87%F3%F6%D7%8C%F8F%BFw%3C%08%10%FF%D8%02%3E%1B%03E%0B%24%D5T%3F%21T%FC%8Fl%5C%07%22%60o%AA%AF%8E%1E6%9A%7DvVbs%2C%BCrW-Z%0F%F1%9F%CA%DA%B3%E0%06%E9%81%F7-%01%16%D5%7D%DF%D4%21E%2F%B0%C1%A7%27%AF%C2%0C%B6%C3%EC%1C%BF%5D%82T%A5%DEa%C4%14%401%10%C6%23%02%03%01%00%01%00%00%00%01%9A%09%ED%05%8A%04%CA%BEselfreg%00%F2%FA%C5ccnx.org%00%FA%ADUsers%00%FA%A5user%00%FA%A5Keys%00%FA%02%B5%C1.M.K%00%3F%CEUL%08m2%E5%A6%28%3Ew%CDb%836%8B%D9z%DA%5B%02%D776-%A5s%B2%09%84%40%00%FA%BD%FD%04%FB%C93%60%00%00%00%03%E2%02%85%D7%C0.%E6%A2%06%2B%91%AF8hE%F6%C9U%84%F7%7D%A1%B3U%3F%CF%B4%1B%B0%85%A4%24x%11m%00%04%FA%8E3%00%03%D2%D62147483647%00%00%00%00 (1103 bytes)
1400718881.205448 ccnd[679]: debug.4109 content_from 0 ccnx:/ccnx/%D7%C0.%E6%A2%06%2B%91%AF8hE%F6%C9U%84%F7%7D%A1%B3U%3F%CF%B4%1B%B0%85%A4%24x%11m/selfreg/%04%82%02%AA%03%B2%08%85%A8%25%21%9F%96o%AE%D8%8A%0A%5E%7F%EE%D3%B0%80A%FB%1D%3C%D1%AE%1A%3A%0Ex%C7%E7%B0%11%83%B2%1B%B8xl%85%A6Ut%80e%26mFB%A3%5E%13%FB%2B%C2%25E%F2A%E3%F5%C2%BCZ%CB%EF%5D%9F7%B5%2BX%F9%CD%D7N%A6%C6%3A%8Ft%84%868%3A%B0%DD15%95%04%9B%9F%CA%7C%21L%CD%F5%0C%17g%01%CA%2B%5B%EB%5D%E0%8C~%85E7%13%FD%0B%F7%A4%BE%D5%3E%F5%09X%21%0F%F1-%8Bv%00%00%F2%00%01%A2%03%E2%02%85%3F%CEUL%08m2%E5%A6%28%3Ew%CDb%836%8B%D9z%DA%5B%02%D776-%A5s%B2%09%84%40%00%02%BA%B5%057%D4b%12s%00%01%E2%01%DA%0A%950%81%9F0%0D%06%09%2A%86H%86%F7%0D%01%01%01%05%00%03%81%8D%000%81%89%02%81%81%00%C0%FB%16%1F%A6%9A%5E%A0%2A%D2%80%DA%8E%D9f%C1%85r%83t%A6%28P6%CC%20O%60%D9Pi%87%F3%F6%D7%8C%F8F%BFw%3C%08%10%FF%D8%02%3E%1B%03E%0B%24%D5T%3F%21T%FC%8Fl%5C%07%22%60o%AA%AF%8E%1E6%9A%7DvVbs%2C%BCrW-Z%0F%F1%9F%CA%DA%B3%E0%06%E9%81%F7-%01%16%D5%7D%DF%D4%21E%2F%B0%C1%A7%27%AF%C2%0C%B6%C3%EC%1C%BF%5D%82T%A5%DEa%C4%14%401%10%C6%23%02%03%01%00%01%00%00%00%01%9A%09%ED%05%8A%04%CA%BEselfreg%00%F2%FA%C5ccnx.org%00%FA%ADUsers%00%FA%A5user%00%FA%A5Keys%00%FA%02%B5%C1.M.K%00%3F%CEUL%08m2%E5%A6%28%3Ew%CDb%836%8B%D9z%DA%5B%02%D776-%A5s%B2%09%84%40%00%FA%BD%FD%04%FB%C93%60%00%00%00%03%E2%02%85%D7%C0.%E6%A2%06%2B%91%AF8hE%F6%C9U%84%F7%7D%A1%B3U%3F%CF%B4%1B%B0%85%A4%24x%11m%00%04%FA%8E3%00%03%D2%D62147483647%00%00%00%00/T6%167%E7%EBy%E7%2Bt0%28%7D%AF%2C%D4y%C6y%B1%FA%84%FBl%BA4%C9l%23%85%C0%8E (1139 bytes)
1400718881.205488 ccnd[679]: fwd.3059 adding 0
1400718881.205511 ccnd[679]: face 6 q 0 delay 3 usec
1400718881.205599 ccnd[679]: debug.1526 consume 6 ccnx:/ccnx/%D7%C0.%E6%A2%06%2B%91%AF8hE%F6%C9U%84%F7%7D%A1%B3U%3F%CF%B4%1B%B0%85%A4%24x%11m/selfreg/%04%82%02%AA%03%B2%08%85%A8%25%21%9F%96o%AE%D8%8A%0A%5E%7F%EE%D3%B0%80A%FB%1D%3C%D1%AE%1A%3A%0Ex%C7%E7%B0%11%83%B2%1B%B8xl%85%A6Ut%80e%26mFB%A3%5E%13%FB%2B%C2%25E%F2A%E3%F5%C2%BCZ%CB%EF%5D%9F7%B5%2BX%F9%CD%D7N%A6%C6%3A%8Ft%84%868%3A%B0%DD15%95%04%9B%9F%CA%7C%21L%CD%F5%0C%17g%01%CA%2B%5B%EB%5D%E0%8C~%85E7%13%FD%0B%F7%A4%BE%D5%3E%F5%09X%21%0F%F1-%8Bv%00%00%F2%00%01%A2%03%E2%02%85%3F%CEUL%08m2%E5%A6%28%3Ew%CDb%836%8B%D9z%DA%5B%02%D776-%A5s%B2%09%84%40%00%02%BA%B5%057%D4b%12s%00%01%E2%01%DA%0A%950%81%9F0%0D%06%09%2A%86H%86%F7%0D%01%01%01%05%00%03%81%8D%000%81%89%02%81%81%00%C0%FB%16%1F%A6%9A%5E%A0%2A%D2%80%DA%8E%D9f%C1%85r%83t%A6%28P6%CC%20O%60%D9Pi%87%F3%F6%D7%8C%F8F%BFw%3C%08%10%FF%D8%02%3E%1B%03E%0B%24%D5T%3F%21T%FC%8Fl%5C%07%22%60o%AA%AF%8E%1E6%9A%7DvVbs%2C%BCrW-Z%0F%F1%9F%CA%DA%B3%E0%06%E9%81%F7-%01%16%D5%7D%DF%D4%21E%2F%B0%C1%A7%27%AF%C2%0C%B6%C3%EC%1C%BF%5D%82T%A5%DEa%C4%14%401%10%C6%23%02%03%01%00%01%00%00%00%01%9A%09%ED%05%8A%04%CA%BEselfreg%00%F2%FA%C5ccnx.org%00%FA%ADUsers%00%FA%A5user%00%FA%A5Keys%00%FA%02%B5%C1.M.K%00%3F%CEUL%08m2%E5%A6%28%3Ew%CDb%836%8B%D9z%DA%5B%02%D776-%A5s%B2%09%84%40%00%FA%BD%FD%04%FB%C93%60%00%00%00%03%E2%02%85%D7%C0.%E6%A2%06%2B%91%AF8hE%F6%C9U%84%F7%7D%A1%B3U%3F%CF%B4%1B%B0%85%A4%24x%11m%00%04%FA%8E3%00%03%D2%D62147483647%00%00%00%00 (606 bytes,scope=1) D7C02E-02A7-0006-2112-3F39CC
1400718881.205608 ccnd[679]: sl.1598 0 ci=4 osrc=4294967295 src=0 usec=9156
1400718881.205616 ccnd[679]: fwd.3059 adding 0
1400718881.205623 ccnd[679]: sl.1598 0 ci=3 osrc=4294967295 src=0 usec=9156
1400718881.205630 ccnd[679]: fwd.3059 adding 0
1400718881.205738 ccnd[679]: debug.1268 content_to 6 ccnx:/ccnx/%D7%C0.%E6%A2%06%2B%91%AF8hE%F6%C9U%84%F7%7D%A1%B3U%3F%CF%B4%1B%B0%85%A4%24x%11m/selfreg/%04%82%02%AA%03%B2%08%85%A8%25%21%9F%96o%AE%D8%8A%0A%5E%7F%EE%D3%B0%80A%FB%1D%3C%D1%AE%1A%3A%0Ex%C7%E7%B0%11%83%B2%1B%B8xl%85%A6Ut%80e%26mFB%A3%5E%13%FB%2B%C2%25E%F2A%E3%F5%C2%BCZ%CB%EF%5D%9F7%B5%2BX%F9%CD%D7N%A6%C6%3A%8Ft%84%868%3A%B0%DD15%95%04%9B%9F%CA%7C%21L%CD%F5%0C%17g%01%CA%2B%5B%EB%5D%E0%8C~%85E7%13%FD%0B%F7%A4%BE%D5%3E%F5%09X%21%0F%F1-%8Bv%00%00%F2%00%01%A2%03%E2%02%85%3F%CEUL%08m2%E5%A6%28%3Ew%CDb%836%8B%D9z%DA%5B%02%D776-%A5s%B2%09%84%40%00%02%BA%B5%057%D4b%12s%00%01%E2%01%DA%0A%950%81%9F0%0D%06%09%2A%86H%86%F7%0D%01%01%01%05%00%03%81%8D%000%81%89%02%81%81%00%C0%FB%16%1F%A6%9A%5E%A0%2A%D2%80%DA%8E%D9f%C1%85r%83t%A6%28P6%CC%20O%60%D9Pi%87%F3%F6%D7%8C%F8F%BFw%3C%08%10%FF%D8%02%3E%1B%03E%0B%24%D5T%3F%21T%FC%8Fl%5C%07%22%60o%AA%AF%8E%1E6%9A%7DvVbs%2C%BCrW-Z%0F%F1%9F%CA%DA%B3%E0%06%E9%81%F7-%01%16%D5%7D%DF%D4%21E%2F%B0%C1%A7%27%AF%C2%0C%B6%C3%EC%1C%BF%5D%82T%A5%DEa%C4%14%401%10%C6%23%02%03%01%00%01%00%00%00%01%9A%09%ED%05%8A%04%CA%BEselfreg%00%F2%FA%C5ccnx.org%00%FA%ADUsers%00%FA%A5user%00%FA%A5Keys%00%FA%02%B5%C1.M.K%00%3F%CEUL%08m2%E5%A6%28%3Ew%CDb%836%8B%D9z%DA%5B%02%D776-%A5s%B2%09%84%40%00%FA%BD%FD%04%FB%C93%60%00%00%00%03%E2%02%85%D7%C0.%E6%A2%06%2B%91%AF8hE%F6%C9U%84%F7%7D%A1%B3U%3F%CF%B4%1B%B0%85%A4%24x%11m%00%04%FA%8E3%00%03%D2%D62147483647%00%00%00%00/T6%167%E7%EBy%E7%2Bt0%28%7D%AF%2C%D4y%C6y%B1%FA%84%FBl%BA4%C9l%23%85%C0%8E (1139 bytes)
1400718881.307974 ccnd[679]: debug.3807 interest_from 6 ccnx:/ccnx/%D7%C0.%E6%A2%06%2B%91%AF8hE%F6%C9U%84%F7%7D%A1%B3U%3F%CF%B4%1B%B0%85%A4%24x%11m/selfreg/%04%82%02%AA%03%B2%08%85X%E8%16%5CB%EA%0E%88U%D2%B0%1B%ABxR%C0T%85O%3A%9A%DF%B1%85%C6%A0%95%F9%DD%18Jx%90%D1%B5%92%83%19%9E%1Cy%5B%E2%FE%85%2F%9A%0D%D1M%93%DC%3C%A16%B5q%A1ct%AEo%B8O%CF%C9%DC%EC%F3%F1%E2%DC6%2B%14%0D%86%BB%8F%D9t%3A%C3%9FSMy%E8%D5%B3%3A%03%E9%8F%15x%28%197%1B_%D4%F6%B3%1D%90R%3A%D0z%00%8B%CC%83%C1%2C%D4F%A9%D1%14%FCq%CA%05%B2%AB%9C%00%00%F2%00%01%A2%03%E2%02%85%3F%CEUL%08m2%E5%A6%28%3Ew%CDb%836%8B%D9z%DA%5B%02%D776-%A5s%B2%09%84%40%00%02%BA%B5%057%D4b%14%83%00%01%E2%01%DA%0A%950%81%9F0%0D%06%09%2A%86H%86%F7%0D%01%01%01%05%00%03%81%8D%000%81%89%02%81%81%00%C0%FB%16%1F%A6%9A%5E%A0%2A%D2%80%DA%8E%D9f%C1%85r%83t%A6%28P6%CC%20O%60%D9Pi%87%F3%F6%D7%8C%F8F%BFw%3C%08%10%FF%D8%02%3E%1B%03E%0B%24%D5T%3F%21T%FC%8Fl%5C%07%22%60o%AA%AF%8E%1E6%9A%7DvVbs%2C%BCrW-Z%0F%F1%9F%CA%DA%B3%E0%06%E9%81%F7-%01%16%D5%7D%DF%D4%21E%2F%B0%C1%A7%27%AF%C2%0C%B6%C3%EC%1C%BF%5D%82T%A5%DEa%C4%14%401%10%C6%23%02%03%01%00%01%00%00%00%01%9A%05%9D%05%8A%04%CA%BEselfreg%00%F2%FA%A5test%00%FA%8D1%00%00%03%E2%02%85%D7%C0.%E6%A2%06%2B%91%AF8hE%F6%C9U%84%F7%7D%A1%B3U%3F%CF%B4%1B%B0%85%A4%24x%11m%00%04%FA%8E3%00%03%D2%D62147483647%00%00%00%00 (516 bytes,scope=1)
1400718881.308020 ccnd[679]: version: 20090701, prefix_comps: 4, min_suffix_comps: 0, max_suffix_comps: 32767, orderpref: 0, answerfrom: 3, scope: 1, lifetime: 4.0000, excl: 0 bytes, etc: 0 bytes
1400718881.308118 ccnd[679]: debug.3856 first_candidate ccnx:/ccnx/%D7%C0.%E6%A2%06%2B%91%AF8hE%F6%C9U%84%F7%7D%A1%B3U%3F%CF%B4%1B%B0%85%A4%24x%11m/selfreg/%04%82%02%AA%03%B2%08%85%A8%25%21%9F%96o%AE%D8%8A%0A%5E%7F%EE%D3%B0%80A%FB%1D%3C%D1%AE%1A%3A%0Ex%C7%E7%B0%11%83%B2%1B%B8xl%85%A6Ut%80e%26mFB%A3%5E%13%FB%2B%C2%25E%F2A%E3%F5%C2%BCZ%CB%EF%5D%9F7%B5%2BX%F9%CD%D7N%A6%C6%3A%8Ft%84%868%3A%B0%DD15%95%04%9B%9F%CA%7C%21L%CD%F5%0C%17g%01%CA%2B%5B%EB%5D%E0%8C~%85E7%13%FD%0B%F7%A4%BE%D5%3E%F5%09X%21%0F%F1-%8Bv%00%00%F2%00%01%A2%03%E2%02%85%3F%CEUL%08m2%E5%A6%28%3Ew%CDb%836%8B%D9z%DA%5B%02%D776-%A5s%B2%09%84%40%00%02%BA%B5%057%D4b%12s%00%01%E2%01%DA%0A%950%81%9F0%0D%06%09%2A%86H%86%F7%0D%01%01%01%05%00%03%81%8D%000%81%89%02%81%81%00%C0%FB%16%1F%A6%9A%5E%A0%2A%D2%80%DA%8E%D9f%C1%85r%83t%A6%28P6%CC%20O%60%D9Pi%87%F3%F6%D7%8C%F8F%BFw%3C%08%10%FF%D8%02%3E%1B%03E%0B%24%D5T%3F%21T%FC%8Fl%5C%07%22%60o%AA%AF%8E%1E6%9A%7DvVbs%2C%BCrW-Z%0F%F1%9F%CA%DA%B3%E0%06%E9%81%F7-%01%16%D5%7D%DF%D4%21E%2F%B0%C1%A7%27%AF%C2%0C%B6%C3%EC%1C%BF%5D%82T%A5%DEa%C4%14%401%10%C6%23%02%03%01%00%01%00%00%00%01%9A%09%ED%05%8A%04%CA%BEselfreg%00%F2%FA%C5ccnx.org%00%FA%ADUsers%00%FA%A5user%00%FA%A5Keys%00%FA%02%B5%C1.M.K%00%3F%CEUL%08m2%E5%A6%28%3Ew%CDb%836%8B%D9z%DA%5B%02%D776-%A5s%B2%09%84%40%00%FA%BD%FD%04%FB%C93%60%00%00%00%03%E2%02%85%D7%C0.%E6%A2%06%2B%91%AF8hE%F6%C9U%84%F7%7D%A1%B3U%3F%CF%B4%1B%B0%85%A4%24x%11m%00%04%FA%8E3%00%03%D2%D62147483647%00%00%00%00/T6%167%E7%EBy%E7%2Bt0%28%7D%AF%2C%D4y%C6y%B1%FA%84%FBl%BA4%C9l%23%85%C0%8E (1139 bytes)
1400718881.308197 ccnd[679]: debug.3863 prefix_mismatch ccnx:/ccnx/%D7%C0.%E6%A2%06%2B%91%AF8hE%F6%C9U%84%F7%7D%A1%B3U%3F%CF%B4%1B%B0%85%A4%24x%11m/selfreg/%04%82%02%AA%03%B2%08%85X%E8%16%5CB%EA%0E%88U%D2%B0%1B%ABxR%C0T%85O%3A%9A%DF%B1%85%C6%A0%95%F9%DD%18Jx%90%D1%B5%92%83%19%9E%1Cy%5B%E2%FE%85%2F%9A%0D%D1M%93%DC%3C%A16%B5q%A1ct%AEo%B8O%CF%C9%DC%EC%F3%F1%E2%DC6%2B%14%0D%86%BB%8F%D9t%3A%C3%9FSMy%E8%D5%B3%3A%03%E9%8F%15x%28%197%1B_%D4%F6%B3%1D%90R%3A%D0z%00%8B%CC%83%C1%2C%D4F%A9%D1%14%FCq%CA%05%B2%AB%9C%00%00%F2%00%01%A2%03%E2%02%85%3F%CEUL%08m2%E5%A6%28%3Ew%CDb%836%8B%D9z%DA%5B%02%D776-%A5s%B2%09%84%40%00%02%BA%B5%057%D4b%14%83%00%01%E2%01%DA%0A%950%81%9F0%0D%06%09%2A%86H%86%F7%0D%01%01%01%05%00%03%81%8D%000%81%89%02%81%81%00%C0%FB%16%1F%A6%9A%5E%A0%2A%D2%80%DA%8E%D9f%C1%85r%83t%A6%28P6%CC%20O%60%D9Pi%87%F3%F6%D7%8C%F8F%BFw%3C%08%10%FF%D8%02%3E%1B%03E%0B%24%D5T%3F%21T%FC%8Fl%5C%07%22%60o%AA%AF%8E%1E6%9A%7DvVbs%2C%BCrW-Z%0F%F1%9F%CA%DA%B3%E0%06%E9%81%F7-%01%16%D5%7D%DF%D4%21E%2F%B0%C1%A7%27%AF%C2%0C%B6%C3%EC%1C%BF%5D%82T%A5%DEa%C4%14%401%10%C6%23%02%03%01%00%01%00%00%00%01%9A%05%9D%05%8A%04%CA%BEselfreg%00%F2%FA%A5test%00%FA%8D1%00%00%03%E2%02%85%D7%C0.%E6%A2%06%2B%91%AF8hE%F6%C9U%84%F7%7D%A1%B3U%3F%CF%B4%1B%B0%85%A4%24x%11m%00%04%FA%8E3%00%03%D2%D62147483647%00%00%00%00 (516 bytes,scope=1)
1400718881.308207 ccnd[679]: outbound.3131 adding 0
1400718881.308290 ccnd[679]: debug.3523 0xbf6f60.0of1,usec=111+3999889 6 ccnx:/ccnx/%D7%C0.%E6%A2%06%2B%91%AF8hE%F6%C9U%84%F7%7D%A1%B3U%3F%CF%B4%1B%B0%85%A4%24x%11m/selfreg/%04%82%02%AA%03%B2%08%85X%E8%16%5CB%EA%0E%88U%D2%B0%1B%ABxR%C0T%85O%3A%9A%DF%B1%85%C6%A0%95%F9%DD%18Jx%90%D1%B5%92%83%19%9E%1Cy%5B%E2%FE%85%2F%9A%0D%D1M%93%DC%3C%A16%B5q%A1ct%AEo%B8O%CF%C9%DC%EC%F3%F1%E2%DC6%2B%14%0D%86%BB%8F%D9t%3A%C3%9FSMy%E8%D5%B3%3A%03%E9%8F%15x%28%197%1B_%D4%F6%B3%1D%90R%3A%D0z%00%8B%CC%83%C1%2C%D4F%A9%D1%14%FCq%CA%05%B2%AB%9C%00%00%F2%00%01%A2%03%E2%02%85%3F%CEUL%08m2%E5%A6%28%3Ew%CDb%836%8B%D9z%DA%5B%02%D776-%A5s%B2%09%84%40%00%02%BA%B5%057%D4b%14%83%00%01%E2%01%DA%0A%950%81%9F0%0D%06%09%2A%86H%86%F7%0D%01%01%01%05%00%03%81%8D%000%81%89%02%81%81%00%C0%FB%16%1F%A6%9A%5E%A0%2A%D2%80%DA%8E%D9f%C1%85r%83t%A6%28P6%CC%20O%60%D9Pi%87%F3%F6%D7%8C%F8F%BFw%3C%08%10%FF%D8%02%3E%1B%03E%0B%24%D5T%3F%21T%FC%8Fl%5C%07%22%60o%AA%AF%8E%1E6%9A%7DvVbs%2C%BCrW-Z%0F%F1%9F%CA%DA%B3%E0%06%E9%81%F7-%01%16%D5%7D%DF%D4%21E%2F%B0%C1%A7%27%AF%C2%0C%B6%C3%EC%1C%BF%5D%82T%A5%DEa%C4%14%401%10%C6%23%02%03%01%00%01%00%00%00%01%9A%05%9D%05%8A%04%CA%BEselfreg%00%F2%FA%A5test%00%FA%8D1%00%00%03%E2%02%85%D7%C0.%E6%A2%06%2B%91%AF8hE%F6%C9U%84%F7%7D%A1%B3U%3F%CF%B4%1B%B0%85%A4%24x%11m%00%04%FA%8E3%00%03%D2%D62147483647%00%00%00%00 (532 bytes,scope=1) D7C02E-02A7-0006-2134-9F1A5F
1400718881.309458 ccnd[679]: debug.3210 interest_to 0 ccnx:/ccnx/%D7%C0.%E6%A2%06%2B%91%AF8hE%F6%C9U%84%F7%7D%A1%B3U%3F%CF%B4%1B%B0%85%A4%24x%11m/selfreg/%04%82%02%AA%03%B2%08%85X%E8%16%5CB%EA%0E%88U%D2%B0%1B%ABxR%C0T%85O%3A%9A%DF%B1%85%C6%A0%95%F9%DD%18Jx%90%D1%B5%92%83%19%9E%1Cy%5B%E2%FE%85%2F%9A%0D%D1M%93%DC%3C%A16%B5q%A1ct%AEo%B8O%CF%C9%DC%EC%F3%F1%E2%DC6%2B%14%0D%86%BB%8F%D9t%3A%C3%9FSMy%E8%D5%B3%3A%03%E9%8F%15x%28%197%1B_%D4%F6%B3%1D%90R%3A%D0z%00%8B%CC%83%C1%2C%D4F%A9%D1%14%FCq%CA%05%B2%AB%9C%00%00%F2%00%01%A2%03%E2%02%85%3F%CEUL%08m2%E5%A6%28%3Ew%CDb%836%8B%D9z%DA%5B%02%D776-%A5s%B2%09%84%40%00%02%BA%B5%057%D4b%14%83%00%01%E2%01%DA%0A%950%81%9F0%0D%06%09%2A%86H%86%F7%0D%01%01%01%05%00%03%81%8D%000%81%89%02%81%81%00%C0%FB%16%1F%A6%9A%5E%A0%2A%D2%80%DA%8E%D9f%C1%85r%83t%A6%28P6%CC%20O%60%D9Pi%87%F3%F6%D7%8C%F8F%BFw%3C%08%10%FF%D8%02%3E%1B%03E%0B%24%D5T%3F%21T%FC%8Fl%5C%07%22%60o%AA%AF%8E%1E6%9A%7DvVbs%2C%BCrW-Z%0F%F1%9F%CA%DA%B3%E0%06%E9%81%F7-%01%16%D5%7D%DF%D4%21E%2F%B0%C1%A7%27%AF%C2%0C%B6%C3%EC%1C%BF%5D%82T%A5%DEa%C4%14%401%10%C6%23%02%03%01%00%01%00%00%00%01%9A%05%9D%05%8A%04%CA%BEselfreg%00%F2%FA%A5test%00%FA%8D1%00%00%03%E2%02%85%D7%C0.%E6%A2%06%2B%91%AF8hE%F6%C9U%84%F7%7D%A1%B3U%3F%CF%B4%1B%B0%85%A4%24x%11m%00%04%FA%8E3%00%03%D2%D62147483647%00%00%00%00 (532 bytes,scope=1) D7C02E-02A7-0006-2134-9F1A5F
1400718881.309547 ccnd[679]: debug.158 ccnd_answer_req ccnx:/ccnx/%D7%C0.%E6%A2%06%2B%91%AF8hE%F6%C9U%84%F7%7D%A1%B3U%3F%CF%B4%1B%B0%85%A4%24x%11m/selfreg/%04%82%02%AA%03%B2%08%85X%E8%16%5CB%EA%0E%88U%D2%B0%1B%ABxR%C0T%85O%3A%9A%DF%B1%85%C6%A0%95%F9%DD%18Jx%90%D1%B5%92%83%19%9E%1Cy%5B%E2%FE%85%2F%9A%0D%D1M%93%DC%3C%A16%B5q%A1ct%AEo%B8O%CF%C9%DC%EC%F3%F1%E2%DC6%2B%14%0D%86%BB%8F%D9t%3A%C3%9FSMy%E8%D5%B3%3A%03%E9%8F%15x%28%197%1B_%D4%F6%B3%1D%90R%3A%D0z%00%8B%CC%83%C1%2C%D4F%A9%D1%14%FCq%CA%05%B2%AB%9C%00%00%F2%00%01%A2%03%E2%02%85%3F%CEUL%08m2%E5%A6%28%3Ew%CDb%836%8B%D9z%DA%5B%02%D776-%A5s%B2%09%84%40%00%02%BA%B5%057%D4b%14%83%00%01%E2%01%DA%0A%950%81%9F0%0D%06%09%2A%86H%86%F7%0D%01%01%01%05%00%03%81%8D%000%81%89%02%81%81%00%C0%FB%16%1F%A6%9A%5E%A0%2A%D2%80%DA%8E%D9f%C1%85r%83t%A6%28P6%CC%20O%60%D9Pi%87%F3%F6%D7%8C%F8F%BFw%3C%08%10%FF%D8%02%3E%1B%03E%0B%24%D5T%3F%21T%FC%8Fl%5C%07%22%60o%AA%AF%8E%1E6%9A%7DvVbs%2C%BCrW-Z%0F%F1%9F%CA%DA%B3%E0%06%E9%81%F7-%01%16%D5%7D%DF%D4%21E%2F%B0%C1%A7%27%AF%C2%0C%B6%C3%EC%1C%BF%5D%82T%A5%DEa%C4%14%401%10%C6%23%02%03%01%00%01%00%00%00%01%9A%05%9D%05%8A%04%CA%BEselfreg%00%F2%FA%A5test%00%FA%8D1%00%00%03%E2%02%85%D7%C0.%E6%A2%06%2B%91%AF8hE%F6%C9U%84%F7%7D%A1%B3U%3F%CF%B4%1B%B0%85%A4%24x%11m%00%04%FA%8E3%00%03%D2%D62147483647%00%00%00%00 (532 bytes,scope=1) D7C02E-02A7-0006-2134-9F1A5F
1400718881.309639 ccnd[679]: debug.2428 prefix,ff=3 6 ccnx:/test/1 (13 bytes)
1400718881.310283 ccnd[679]: debug.280 ccnd_answer_req_response ccnx:/ccnx/%D7%C0.%E6%A2%06%2B%91%AF8hE%F6%C9U%84%F7%7D%A1%B3U%3F%CF%B4%1B%B0%85%A4%24x%11m/selfreg/%04%82%02%AA%03%B2%08%85X%E8%16%5CB%EA%0E%88U%D2%B0%1B%ABxR%C0T%85O%3A%9A%DF%B1%85%C6%A0%95%F9%DD%18Jx%90%D1%B5%92%83%19%9E%1Cy%5B%E2%FE%85%2F%9A%0D%D1M%93%DC%3C%A16%B5q%A1ct%AEo%B8O%CF%C9%DC%EC%F3%F1%E2%DC6%2B%14%0D%86%BB%8F%D9t%3A%C3%9FSMy%E8%D5%B3%3A%03%E9%8F%15x%28%197%1B_%D4%F6%B3%1D%90R%3A%D0z%00%8B%CC%83%C1%2C%D4F%A9%D1%14%FCq%CA%05%B2%AB%9C%00%00%F2%00%01%A2%03%E2%02%85%3F%CEUL%08m2%E5%A6%28%3Ew%CDb%836%8B%D9z%DA%5B%02%D776-%A5s%B2%09%84%40%00%02%BA%B5%057%D4b%14%83%00%01%E2%01%DA%0A%950%81%9F0%0D%06%09%2A%86H%86%F7%0D%01%01%01%05%00%03%81%8D%000%81%89%02%81%81%00%C0%FB%16%1F%A6%9A%5E%A0%2A%D2%80%DA%8E%D9f%C1%85r%83t%A6%28P6%CC%20O%60%D9Pi%87%F3%F6%D7%8C%F8F%BFw%3C%08%10%FF%D8%02%3E%1B%03E%0B%24%D5T%3F%21T%FC%8Fl%5C%07%22%60o%AA%AF%8E%1E6%9A%7DvVbs%2C%BCrW-Z%0F%F1%9F%CA%DA%B3%E0%06%E9%81%F7-%01%16%D5%7D%DF%D4%21E%2F%B0%C1%A7%27%AF%C2%0C%B6%C3%EC%1C%BF%5D%82T%A5%DEa%C4%14%401%10%C6%23%02%03%01%00%01%00%00%00%01%9A%05%9D%05%8A%04%CA%BEselfreg%00%F2%FA%A5test%00%FA%8D1%00%00%03%E2%02%85%D7%C0.%E6%A2%06%2B%91%AF8hE%F6%C9U%84%F7%7D%A1%B3U%3F%CF%B4%1B%B0%85%A4%24x%11m%00%04%FA%8E3%00%03%D2%D62147483647%00%00%00%00 (955 bytes)
1400718881.310390 ccnd[679]: debug.4109 content_from 0 ccnx:/ccnx/%D7%C0.%E6%A2%06%2B%91%AF8hE%F6%C9U%84%F7%7D%A1%B3U%3F%CF%B4%1B%B0%85%A4%24x%11m/selfreg/%04%82%02%AA%03%B2%08%85X%E8%16%5CB%EA%0E%88U%D2%B0%1B%ABxR%C0T%85O%3A%9A%DF%B1%85%C6%A0%95%F9%DD%18Jx%90%D1%B5%92%83%19%9E%1Cy%5B%E2%FE%85%2F%9A%0D%D1M%93%DC%3C%A16%B5q%A1ct%AEo%B8O%CF%C9%DC%EC%F3%F1%E2%DC6%2B%14%0D%86%BB%8F%D9t%3A%C3%9FSMy%E8%D5%B3%3A%03%E9%8F%15x%28%197%1B_%D4%F6%B3%1D%90R%3A%D0z%00%8B%CC%83%C1%2C%D4F%A9%D1%14%FCq%CA%05%B2%AB%9C%00%00%F2%00%01%A2%03%E2%02%85%3F%CEUL%08m2%E5%A6%28%3Ew%CDb%836%8B%D9z%DA%5B%02%D776-%A5s%B2%09%84%40%00%02%BA%B5%057%D4b%14%83%00%01%E2%01%DA%0A%950%81%9F0%0D%06%09%2A%86H%86%F7%0D%01%01%01%05%00%03%81%8D%000%81%89%02%81%81%00%C0%FB%16%1F%A6%9A%5E%A0%2A%D2%80%DA%8E%D9f%C1%85r%83t%A6%28P6%CC%20O%60%D9Pi%87%F3%F6%D7%8C%F8F%BFw%3C%08%10%FF%D8%02%3E%1B%03E%0B%24%D5T%3F%21T%FC%8Fl%5C%07%22%60o%AA%AF%8E%1E6%9A%7DvVbs%2C%BCrW-Z%0F%F1%9F%CA%DA%B3%E0%06%E9%81%F7-%01%16%D5%7D%DF%D4%21E%2F%B0%C1%A7%27%AF%C2%0C%B6%C3%EC%1C%BF%5D%82T%A5%DEa%C4%14%401%10%C6%23%02%03%01%00%01%00%00%00%01%9A%05%9D%05%8A%04%CA%BEselfreg%00%F2%FA%A5test%00%FA%8D1%00%00%03%E2%02%85%D7%C0.%E6%A2%06%2B%91%AF8hE%F6%C9U%84%F7%7D%A1%B3U%3F%CF%B4%1B%B0%85%A4%24x%11m%00%04%FA%8E3%00%03%D2%D62147483647%00%00%00%00/%A7%18%A0%D86%CE%FCTd%0C%04%81%E6%CD%FF%5B%1C%C2%5E%BA%09n%96%F8%13%96%A1%AD%CF%E8%AD%B9 (991 bytes)
1400718881.310414 ccnd[679]: fwd.3059 adding 0
1400718881.310427 ccnd[679]: face 6 q 0 delay 3 usec
1400718881.310505 ccnd[679]: debug.1526 consume 6 ccnx:/ccnx/%D7%C0.%E6%A2%06%2B%91%AF8hE%F6%C9U%84%F7%7D%A1%B3U%3F%CF%B4%1B%B0%85%A4%24x%11m/selfreg/%04%82%02%AA%03%B2%08%85X%E8%16%5CB%EA%0E%88U%D2%B0%1B%ABxR%C0T%85O%3A%9A%DF%B1%85%C6%A0%95%F9%DD%18Jx%90%D1%B5%92%83%19%9E%1Cy%5B%E2%FE%85%2F%9A%0D%D1M%93%DC%3C%A16%B5q%A1ct%AEo%B8O%CF%C9%DC%EC%F3%F1%E2%DC6%2B%14%0D%86%BB%8F%D9t%3A%C3%9FSMy%E8%D5%B3%3A%03%E9%8F%15x%28%197%1B_%D4%F6%B3%1D%90R%3A%D0z%00%8B%CC%83%C1%2C%D4F%A9%D1%14%FCq%CA%05%B2%AB%9C%00%00%F2%00%01%A2%03%E2%02%85%3F%CEUL%08m2%E5%A6%28%3Ew%CDb%836%8B%D9z%DA%5B%02%D776-%A5s%B2%09%84%40%00%02%BA%B5%057%D4b%14%83%00%01%E2%01%DA%0A%950%81%9F0%0D%06%09%2A%86H%86%F7%0D%01%01%01%05%00%03%81%8D%000%81%89%02%81%81%00%C0%FB%16%1F%A6%9A%5E%A0%2A%D2%80%DA%8E%D9f%C1%85r%83t%A6%28P6%CC%20O%60%D9Pi%87%F3%F6%D7%8C%F8F%BFw%3C%08%10%FF%D8%02%3E%1B%03E%0B%24%D5T%3F%21T%FC%8Fl%5C%07%22%60o%AA%AF%8E%1E6%9A%7DvVbs%2C%BCrW-Z%0F%F1%9F%CA%DA%B3%E0%06%E9%81%F7-%01%16%D5%7D%DF%D4%21E%2F%B0%C1%A7%27%AF%C2%0C%B6%C3%EC%1C%BF%5D%82T%A5%DEa%C4%14%401%10%C6%23%02%03%01%00%01%00%00%00%01%9A%05%9D%05%8A%04%CA%BEselfreg%00%F2%FA%A5test%00%FA%8D1%00%00%03%E2%02%85%D7%C0.%E6%A2%06%2B%91%AF8hE%F6%C9U%84%F7%7D%A1%B3U%3F%CF%B4%1B%B0%85%A4%24x%11m%00%04%FA%8E3%00%03%D2%D62147483647%00%00%00%00 (532 bytes,scope=1) D7C02E-02A7-0006-2134-9F1A5F
1400718881.310514 ccnd[679]: sl.1598 0 ci=4 osrc=4294967295 src=0 usec=9085
1400718881.310522 ccnd[679]: fwd.3059 adding 0
1400718881.310528 ccnd[679]: sl.1598 0 ci=3 osrc=4294967295 src=0 usec=9085
1400718881.310536 ccnd[679]: fwd.3059 adding 0
1400718881.310618 ccnd[679]: debug.1268 content_to 6 ccnx:/ccnx/%D7%C0.%E6%A2%06%2B%91%AF8hE%F6%C9U%84%F7%7D%A1%B3U%3F%CF%B4%1B%B0%85%A4%24x%11m/selfreg/%04%82%02%AA%03%B2%08%85X%E8%16%5CB%EA%0E%88U%D2%B0%1B%ABxR%C0T%85O%3A%9A%DF%B1%85%C6%A0%95%F9%DD%18Jx%90%D1%B5%92%83%19%9E%1Cy%5B%E2%FE%85%2F%9A%0D%D1M%93%DC%3C%A16%B5q%A1ct%AEo%B8O%CF%C9%DC%EC%F3%F1%E2%DC6%2B%14%0D%86%BB%8F%D9t%3A%C3%9FSMy%E8%D5%B3%3A%03%E9%8F%15x%28%197%1B_%D4%F6%B3%1D%90R%3A%D0z%00%8B%CC%83%C1%2C%D4F%A9%D1%14%FCq%CA%05%B2%AB%9C%00%00%F2%00%01%A2%03%E2%02%85%3F%CEUL%08m2%E5%A6%28%3Ew%CDb%836%8B%D9z%DA%5B%02%D776-%A5s%B2%09%84%40%00%02%BA%B5%057%D4b%14%83%00%01%E2%01%DA%0A%950%81%9F0%0D%06%09%2A%86H%86%F7%0D%01%01%01%05%00%03%81%8D%000%81%89%02%81%81%00%C0%FB%16%1F%A6%9A%5E%A0%2A%D2%80%DA%8E%D9f%C1%85r%83t%A6%28P6%CC%20O%60%D9Pi%87%F3%F6%D7%8C%F8F%BFw%3C%08%10%FF%D8%02%3E%1B%03E%0B%24%D5T%3F%21T%FC%8Fl%5C%07%22%60o%AA%AF%8E%1E6%9A%7DvVbs%2C%BCrW-Z%0F%F1%9F%CA%DA%B3%E0%06%E9%81%F7-%01%16%D5%7D%DF%D4%21E%2F%B0%C1%A7%27%AF%C2%0C%B6%C3%EC%1C%BF%5D%82T%A5%DEa%C4%14%401%10%C6%23%02%03%01%00%01%00%00%00%01%9A%05%9D%05%8A%04%CA%BEselfreg%00%F2%FA%A5test%00%FA%8D1%00%00%03%E2%02%85%D7%C0.%E6%A2%06%2B%91%AF8hE%F6%C9U%84%F7%7D%A1%B3U%3F%CF%B4%1B%B0%85%A4%24x%11m%00%04%FA%8E3%00%03%D2%D62147483647%00%00%00%00/%A7%18%A0%D86%CE%FCTd%0C%04%81%E6%CD%FF%5B%1C%C2%5E%BA%09n%96%F8%13%96%A1%AD%CF%E8%AD%B9 (991 bytes)
1400718882.000000 ccnd[679]: 6001 ____________________ Thu May 22 00:34:42 2014
1400718882.406840 ccnd[679]: accepted datagram client id=7 (flags=0x40012) 192.168.122.2 port 6001
1400718882.406909 ccnd[679]: debug.3807 interest_from 7 ccnx:/test/1 (32 bytes) 6A536B-0284-0008-214F-BE8EE8
1400718882.406921 ccnd[679]: version: 20090701, prefix_comps: 2, min_suffix_comps: 0, max_suffix_comps: 32767, orderpref: 0, answerfrom: 3, scope: -1, lifetime: 4.0000, excl: 0 bytes, etc: 0 bytes
1400718882.406967 ccnd[679]: debug.3856 first_candidate ccnx:/%C1.M.S.localhost/%C1.M.SRV/ccnd/KEY/%C1.M.K%00%D7%C0.%E6%A2%06%2B%91%AF8hE%F6%C9U%84%F7%7D%A1%B3U%3F%CF%B4%1B%B0%85%A4%24x%11m/%FD%057%D4_%CE%8E/%00/%B5%19%7Do%F1x%AB%FD%FC%A0%ADU%16v%F1%7Fp%ED%B3O%C0%0D%EF%A8%83%12DG%C1%B2%5Dc (611 bytes)
1400718882.407006 ccnd[679]: debug.3863 prefix_mismatch ccnx:/test/1 (32 bytes) 6A536B-0284-0008-214F-BE8EE8
1400718882.407017 ccnd[679]: fwd.3059 adding 6
1400718882.407028 ccnd[679]: outbound.3131 adding 6
1400718882.407051 ccnd[679]: debug.3523 0xbf19f0.0of1,usec=62+3999938 7 ccnx:/test/1 (32 bytes) 6A536B-0284-0008-214F-BE8EE8
1400718882.407078 ccnd[679]: debug.3807 interest_from 7 ccnx:/%C1.M.S.neighborhood/%C1.M.SRV/ccnd/KEY (55 bytes,scope=2)
1400718882.407088 ccnd[679]: version: 20090701, prefix_comps: 4, min_suffix_comps: 0, max_suffix_comps: 32767, orderpref: 0, answerfrom: 3, scope: 2, lifetime: 4.0000, excl: 0 bytes, etc: 0 bytes
1400718882.407108 ccnd[679]: fwd.3059 adding 0
1400718882.407120 ccnd[679]: outbound.3131 adding 0
1400718882.407148 ccnd[679]: debug.3523 0xbf7d90.0of1,usec=2951+3997049 7 ccnx:/%C1.M.S.neighborhood/%C1.M.SRV/ccnd/KEY (71 bytes,scope=2) D7C02E-02A7-0007-2268-2A5C68
1400718882.407174 ccnd[679]: debug.3210 interest_to 6 ccnx:/test/1 (32 bytes) 6A536B-0284-0008-214F-BE8EE8
1400718882.407230 ccnd[679]: debug.3249 0xbf19f0.1of1,usec=250000+3749938 7 ccnx:/test/1 (32 bytes) 6A536B-0284-0008-214F-BE8EE8
1400718882.410343 ccnd[679]: debug.3210 interest_to 0 ccnx:/%C1.M.S.neighborhood/%C1.M.SRV/ccnd/KEY (71 bytes,scope=2) D7C02E-02A7-0007-2268-2A5C68
1400718882.410377 ccnd[679]: debug.158 ccnd_answer_req ccnx:/%C1.M.S.neighborhood/%C1.M.SRV/ccnd/KEY (71 bytes,scope=2) D7C02E-02A7-0007-2268-2A5C68
1400718882.411407 ccnd[679]: debug.4109 content_from 0 ccnx:/%C1.M.S.neighborhood/%C1.M.SRV/ccnd/KEY/%C1.M.K%00%D7%C0.%E6%A2%06%2B%91%AF8hE%F6%C9U%84%F7%7D%A1%B3U%3F%CF%B4%1B%B0%85%A4%24x%11m/%FD%057%D4_%CE%8E/%00/%94s%F6S%80%DC%2B%D6%DC%7Bn3%9A%F0%1A%C6%86O%CA%5C%1B%F2%B5%BAh%9E%08%DDP%B9%19%F1 (617 bytes)
1400718882.411435 ccnd[679]: fwd.3059 adding 0
1400718882.411454 ccnd[679]: face 7 q 1 delay 822 usec
1400718882.411479 ccnd[679]: debug.1526 consume 7 ccnx:/%C1.M.S.neighborhood/%C1.M.SRV/ccnd/KEY (71 bytes,scope=2) D7C02E-02A7-0007-2268-2A5C68
1400718882.411504 ccnd[679]: sl.1598 0 ci=4 osrc=4294967295 src=0 usec=9156
1400718882.411516 ccnd[679]: fwd.3059 adding 0
1400718882.411527 ccnd[679]: sl.1598 0 ci=3 osrc=4294967295 src=0 usec=9156
1400718882.411537 ccnd[679]: fwd.3059 adding 0
1400718882.413021 ccnd[679]: debug.4109 content_from 6 ccnx:/test/1/%FD%057%D4b%14%FE/%00/%16%91.%F3%9AV%AEQVM%11o%F4P5Su%AD%DD%A8M%0AY%09%8E%A9%08y%06%C0%F8A (433 bytes)
1400718882.413057 ccnd[679]: debug.1526 consume 7 ccnx:/test/1 (32 bytes) 6A536B-0284-0008-214F-BE8EE8
1400718882.413068 ccnd[679]: sl.1598 6 ci=2 osrc=4294967295 src=6 usec=9156
1400718882.413080 ccnd[679]: sl.1598 6 ci=1 osrc=4294967295 src=6 usec=9156
1400718882.413117 ccnd[679]: debug.1268 content_to 7 ccnx:/%C1.M.S.neighborhood/%C1.M.SRV/ccnd/KEY/%C1.M.K%00%D7%C0.%E6%A2%06%2B%91%AF8hE%F6%C9U%84%F7%7D%A1%B3U%3F%CF%B4%1B%B0%85%A4%24x%11m/%FD%057%D4_%CE%8E/%00/%94s%F6S%80%DC%2B%D6%DC%7Bn3%9A%F0%1A%C6%86O%CA%5C%1B%F2%B5%BAh%9E%08%DDP%B9%19%F1 (617 bytes)
1400718882.413150 ccnd[679]: face 7 queued 1 delay 1201
1400718882.414308 ccnd[679]: debug.1268 content_to 7 ccnx:/test/1/%FD%057%D4b%14%FE/%00/%16%91.%F3%9AV%AEQVM%11o%F4P5Su%AD%DD%A8M%0AY%09%8E%A9%08y%06%C0%F8A (433 bytes)
1400718884.000000 ccnd[679]: 6001 ____________________ Thu May 22 00:34:44 2014
1400718884.055323 ccnd[679]: accepted client fd=9 id=8
1400718884.055476 ccnd[679]: debug.3807 interest_from 8 ccnx:/%C1.M.S.localhost/%C1.M.SRV/ccnd/KEY (51 bytes,scope=1)
1400718884.055489 ccnd[679]: version: 20090701, prefix_comps: 4, min_suffix_comps: 0, max_suffix_comps: 32767, orderpref: 0, answerfrom: 3, scope: 1, lifetime: 4.0000, excl: 0 bytes, etc: 0 bytes
1400718884.055538 ccnd[679]: debug.3856 first_candidate ccnx:/%C1.M.S.localhost/%C1.M.SRV/ccnd/KEY/%C1.M.K%00%D7%C0.%E6%A2%06%2B%91%AF8hE%F6%C9U%84%F7%7D%A1%B3U%3F%CF%B4%1B%B0%85%A4%24x%11m/%FD%057%D4_%CE%8E/%00/%B5%19%7Do%F1x%AB%FD%FC%A0%ADU%16v%F1%7Fp%ED%B3O%C0%0D%EF%A8%83%12DG%C1%B2%5Dc (611 bytes)
1400718884.055579 ccnd[679]: debug.3884 matches ccnx:/%C1.M.S.localhost/%C1.M.SRV/ccnd/KEY/%C1.M.K%00%D7%C0.%E6%A2%06%2B%91%AF8hE%F6%C9U%84%F7%7D%A1%B3U%3F%CF%B4%1B%B0%85%A4%24x%11m/%FD%057%D4_%CE%8E/%00/%B5%19%7Do%F1x%AB%FD%FC%A0%ADU%16v%F1%7Fp%ED%B3O%C0%0D%EF%A8%83%12DG%C1%B2%5Dc (611 bytes)
1400718884.055593 ccnd[679]: face 8 q 0 delay 3 usec
1400718884.055613 ccnd[679]: debug.3918 consume 8 ccnx:/%C1.M.S.localhost/%C1.M.SRV/ccnd/KEY (51 bytes,scope=1)
1400718884.055626 ccnd[679]: fwd.3059 adding 0
1400718884.055636 ccnd[679]: fwd.3059 adding 0
1400718884.055646 ccnd[679]: fwd.3059 adding 0
1400718884.055656 ccnd[679]: fwd.3059 adding 0
1400718884.055666 ccnd[679]: fwd.3059 adding 0
1400718884.055676 ccnd[679]: fwd.3059 adding 0
1400718884.055685 ccnd[679]: fwd.3059 adding 0
1400718884.055695 ccnd[679]: fwd.3059 adding 0
1400718884.055705 ccnd[679]: fwd.3059 adding 0
1400718884.055715 ccnd[679]: fwd.3059 adding 0
1400718884.055750 ccnd[679]: debug.1268 content_to 8 ccnx:/%C1.M.S.localhost/%C1.M.SRV/ccnd/KEY/%C1.M.K%00%D7%C0.%E6%A2%06%2B%91%AF8hE%F6%C9U%84%F7%7D%A1%B3U%3F%CF%B4%1B%B0%85%A4%24x%11m/%FD%057%D4_%CE%8E/%00/%B5%19%7Do%F1x%AB%FD%FC%A0%ADU%16v%F1%7Fp%ED%B3O%C0%0D%EF%A8%83%12DG%C1%B2%5Dc (611 bytes)
1400718884.061963 ccnd[679]: debug.3807 interest_from 8 ccnx:/ccnx/%D7%C0.%E6%A2%06%2B%91%AF8hE%F6%C9U%84%F7%7D%A1%B3U%3F%CF%B4%1B%B0%85%A4%24x%11m/newface/%04%82%02%AA%03%B2%08%857%BF%D2%A9%80%DC5%C1g%AA%24K%EC%0De%9C%15%15%BE%B5%13%AC%82iI%1AK%C1%27%D6G%C9-G%C7%C0~%99%7C%1D%C9%AA%C4%12%17JT%E6%B3%07u%97%9A%D6J%19%BC%BF%98d%90%3CSe%00eM%5Bsw%8B%DDE%BEb%95%8D8Y%EAK%AC%5BN%A8bdIX4%9E%DE%8A%FBh%BB%C8%11%3FR%FF%B2%9AO%F7%BCN%15%83V%D1b%126%D1%ADT-%5E%8EYZ%7B%FF%18%CB%8C%A4%00%00%F2%00%01%A2%03%E2%02%85%3F%CEUL%08m2%E5%A6%28%3Ew%CDb%836%8B%D9z%DA%5B%02%D776-%A5s%B2%09%84%40%00%02%BA%B5%057%D4b%40%F8%00%01%E2%01%DA%0A%950%81%9F0%0D%06%09%2A%86H%86%F7%0D%01%01%01%05%00%03%81%8D%000%81%89%02%81%81%00%C0%FB%16%1F%A6%9A%5E%A0%2A%D2%80%DA%8E%D9f%C1%85r%83t%A6%28P6%CC%20O%60%D9Pi%87%F3%F6%D7%8C%F8F%BFw%3C%08%10%FF%D8%02%3E%1B%03E%0B%24%D5T%3F%21T%FC%8Fl%5C%07%22%60o%AA%AF%8E%1E6%9A%7DvVbs%2C%BCrW-Z%0F%F1%9F%CA%DA%B3%E0%06%E9%81%F7-%01%16%D5%7D%DF%D4%21E%2F%B0%C1%A7%27%AF%C2%0C%B6%C3%EC%1C%BF%5D%82T%A5%DEa%C4%14%401%10%C6%23%02%03%01%00%01%00%00%00%01%9A%06%AD%05%82%04%CA%BEnewface%00%03%E2%02%85%D7%C0.%E6%A2%06%2B%91%AF8hE%F6%C9U%84%F7%7D%A1%B3U%3F%CF%B4%1B%B0%85%A4%24x%11m%00%04%D2%8E0%00%04%DA%9617%00%04%E2%EE192.168.122.2%00%04%EA%A66001%00%03%D2%D62147483647%00%00%00%00 (534 bytes,scope=1)
1400718884.061993 ccnd[679]: version: 20090701, prefix_comps: 4, min_suffix_comps: 0, max_suffix_comps: 32767, orderpref: 0, answerfrom: 3, scope: 1, lifetime: 4.0000, excl: 0 bytes, etc: 0 bytes
1400718884.062122 ccnd[679]: debug.3856 first_candidate ccnx:/ccnx/%D7%C0.%E6%A2%06%2B%91%AF8hE%F6%C9U%84%F7%7D%A1%B3U%3F%CF%B4%1B%B0%85%A4%24x%11m/selfreg/%04%82%02%AA%03%B2%08%85X%E8%16%5CB%EA%0E%88U%D2%B0%1B%ABxR%C0T%85O%3A%9A%DF%B1%85%C6%A0%95%F9%DD%18Jx%90%D1%B5%92%83%19%9E%1Cy%5B%E2%FE%85%2F%9A%0D%D1M%93%DC%3C%A16%B5q%A1ct%AEo%B8O%CF%C9%DC%EC%F3%F1%E2%DC6%2B%14%0D%86%BB%8F%D9t%3A%C3%9FSMy%E8%D5%B3%3A%03%E9%8F%15x%28%197%1B_%D4%F6%B3%1D%90R%3A%D0z%00%8B%CC%83%C1%2C%D4F%A9%D1%14%FCq%CA%05%B2%AB%9C%00%00%F2%00%01%A2%03%E2%02%85%3F%CEUL%08m2%E5%A6%28%3Ew%CDb%836%8B%D9z%DA%5B%02%D776-%A5s%B2%09%84%40%00%02%BA%B5%057%D4b%14%83%00%01%E2%01%DA%0A%950%81%9F0%0D%06%09%2A%86H%86%F7%0D%01%01%01%05%00%03%81%8D%000%81%89%02%81%81%00%C0%FB%16%1F%A6%9A%5E%A0%2A%D2%80%DA%8E%D9f%C1%85r%83t%A6%28P6%CC%20O%60%D9Pi%87%F3%F6%D7%8C%F8F%BFw%3C%08%10%FF%D8%02%3E%1B%03E%0B%24%D5T%3F%21T%FC%8Fl%5C%07%22%60o%AA%AF%8E%1E6%9A%7DvVbs%2C%BCrW-Z%0F%F1%9F%CA%DA%B3%E0%06%E9%81%F7-%01%16%D5%7D%DF%D4%21E%2F%B0%C1%A7%27%AF%C2%0C%B6%C3%EC%1C%BF%5D%82T%A5%DEa%C4%14%401%10%C6%23%02%03%01%00%01%00%00%00%01%9A%05%9D%05%8A%04%CA%BEselfreg%00%F2%FA%A5test%00%FA%8D1%00%00%03%E2%02%85%D7%C0.%E6%A2%06%2B%91%AF8hE%F6%C9U%84%F7%7D%A1%B3U%3F%CF%B4%1B%B0%85%A4%24x%11m%00%04%FA%8E3%00%03%D2%D62147483647%00%00%00%00/%A7%18%A0%D86%CE%FCTd%0C%04%81%E6%CD%FF%5B%1C%C2%5E%BA%09n%96%F8%13%96%A1%AD%CF%E8%AD%B9 (991 bytes)
1400718884.062237 ccnd[679]: debug.3863 prefix_mismatch ccnx:/ccnx/%D7%C0.%E6%A2%06%2B%91%AF8hE%F6%C9U%84%F7%7D%A1%B3U%3F%CF%B4%1B%B0%85%A4%24x%11m/newface/%04%82%02%AA%03%B2%08%857%BF%D2%A9%80%DC5%C1g%AA%24K%EC%0De%9C%15%15%BE%B5%13%AC%82iI%1AK%C1%27%D6G%C9-G%C7%C0~%99%7C%1D%C9%AA%C4%12%17JT%E6%B3%07u%97%9A%D6J%19%BC%BF%98d%90%3CSe%00eM%5Bsw%8B%DDE%BEb%95%8D8Y%EAK%AC%5BN%A8bdIX4%9E%DE%8A%FBh%BB%C8%11%3FR%FF%B2%9AO%F7%BCN%15%83V%D1b%126%D1%ADT-%5E%8EYZ%7B%FF%18%CB%8C%A4%00%00%F2%00%01%A2%03%E2%02%85%3F%CEUL%08m2%E5%A6%28%3Ew%CDb%836%8B%D9z%DA%5B%02%D776-%A5s%B2%09%84%40%00%02%BA%B5%057%D4b%40%F8%00%01%E2%01%DA%0A%950%81%9F0%0D%06%09%2A%86H%86%F7%0D%01%01%01%05%00%03%81%8D%000%81%89%02%81%81%00%C0%FB%16%1F%A6%9A%5E%A0%2A%D2%80%DA%8E%D9f%C1%85r%83t%A6%28P6%CC%20O%60%D9Pi%87%F3%F6%D7%8C%F8F%BFw%3C%08%10%FF%D8%02%3E%1B%03E%0B%24%D5T%3F%21T%FC%8Fl%5C%07%22%60o%AA%AF%8E%1E6%9A%7DvVbs%2C%BCrW-Z%0F%F1%9F%CA%DA%B3%E0%06%E9%81%F7-%01%16%D5%7D%DF%D4%21E%2F%B0%C1%A7%27%AF%C2%0C%B6%C3%EC%1C%BF%5D%82T%A5%DEa%C4%14%401%10%C6%23%02%03%01%00%01%00%00%00%01%9A%06%AD%05%82%04%CA%BEnewface%00%03%E2%02%85%D7%C0.%E6%A2%06%2B%91%AF8hE%F6%C9U%84%F7%7D%A1%B3U%3F%CF%B4%1B%B0%85%A4%24x%11m%00%04%D2%8E0%00%04%DA%9617%00%04%E2%EE192.168.122.2%00%04%EA%A66001%00%03%D2%D62147483647%00%00%00%00 (534 bytes,scope=1)
1400718884.062251 ccnd[679]: outbound.3131 adding 0
1400718884.062372 ccnd[679]: debug.3523 0xbf57e0.0of1,usec=348+3999652 8 ccnx:/ccnx/%D7%C0.%E6%A2%06%2B%91%AF8hE%F6%C9U%84%F7%7D%A1%B3U%3F%CF%B4%1B%B0%85%A4%24x%11m/newface/%04%82%02%AA%03%B2%08%857%BF%D2%A9%80%DC5%C1g%AA%24K%EC%0De%9C%15%15%BE%B5%13%AC%82iI%1AK%C1%27%D6G%C9-G%C7%C0~%99%7C%1D%C9%AA%C4%12%17JT%E6%B3%07u%97%9A%D6J%19%BC%BF%98d%90%3CSe%00eM%5Bsw%8B%DDE%BEb%95%8D8Y%EAK%AC%5BN%A8bdIX4%9E%DE%8A%FBh%BB%C8%11%3FR%FF%B2%9AO%F7%BCN%15%83V%D1b%126%D1%ADT-%5E%8EYZ%7B%FF%18%CB%8C%A4%00%00%F2%00%01%A2%03%E2%02%85%3F%CEUL%08m2%E5%A6%28%3Ew%CDb%836%8B%D9z%DA%5B%02%D776-%A5s%B2%09%84%40%00%02%BA%B5%057%D4b%40%F8%00%01%E2%01%DA%0A%950%81%9F0%0D%06%09%2A%86H%86%F7%0D%01%01%01%05%00%03%81%8D%000%81%89%02%81%81%00%C0%FB%16%1F%A6%9A%5E%A0%2A%D2%80%DA%8E%D9f%C1%85r%83t%A6%28P6%CC%20O%60%D9Pi%87%F3%F6%D7%8C%F8F%BFw%3C%08%10%FF%D8%02%3E%1B%03E%0B%24%D5T%3F%21T%FC%8Fl%5C%07%22%60o%AA%AF%8E%1E6%9A%7DvVbs%2C%BCrW-Z%0F%F1%9F%CA%DA%B3%E0%06%E9%81%F7-%01%16%D5%7D%DF%D4%21E%2F%B0%C1%A7%27%AF%C2%0C%B6%C3%EC%1C%BF%5D%82T%A5%DEa%C4%14%401%10%C6%23%02%03%01%00%01%00%00%00%01%9A%06%AD%05%82%04%CA%BEnewface%00%03%E2%02%85%D7%C0.%E6%A2%06%2B%91%AF8hE%F6%C9U%84%F7%7D%A1%B3U%3F%CF%B4%1B%B0%85%A4%24x%11m%00%04%D2%8E0%00%04%DA%9617%00%04%E2%EE192.168.122.2%00%04%EA%A66001%00%03%D2%D62147483647%00%00%00%00 (550 bytes,scope=1) D7C02E-02A7-0008-240E-737A10
1400718884.063640 ccnd[679]: debug.3210 interest_to 0 ccnx:/ccnx/%D7%C0.%E6%A2%06%2B%91%AF8hE%F6%C9U%84%F7%7D%A1%B3U%3F%CF%B4%1B%B0%85%A4%24x%11m/newface/%04%82%02%AA%03%B2%08%857%BF%D2%A9%80%DC5%C1g%AA%24K%EC%0De%9C%15%15%BE%B5%13%AC%82iI%1AK%C1%27%D6G%C9-G%C7%C0~%99%7C%1D%C9%AA%C4%12%17JT%E6%B3%07u%97%9A%D6J%19%BC%BF%98d%90%3CSe%00eM%5Bsw%8B%DDE%BEb%95%8D8Y%EAK%AC%5BN%A8bdIX4%9E%DE%8A%FBh%BB%C8%11%3FR%FF%B2%9AO%F7%BCN%15%83V%D1b%126%D1%ADT-%5E%8EYZ%7B%FF%18%CB%8C%A4%00%00%F2%00%01%A2%03%E2%02%85%3F%CEUL%08m2%E5%A6%28%3Ew%CDb%836%8B%D9z%DA%5B%02%D776-%A5s%B2%09%84%40%00%02%BA%B5%057%D4b%40%F8%00%01%E2%01%DA%0A%950%81%9F0%0D%06%09%2A%86H%86%F7%0D%01%01%01%05%00%03%81%8D%000%81%89%02%81%81%00%C0%FB%16%1F%A6%9A%5E%A0%2A%D2%80%DA%8E%D9f%C1%85r%83t%A6%28P6%CC%20O%60%D9Pi%87%F3%F6%D7%8C%F8F%BFw%3C%08%10%FF%D8%02%3E%1B%03E%0B%24%D5T%3F%21T%FC%8Fl%5C%07%22%60o%AA%AF%8E%1E6%9A%7DvVbs%2C%BCrW-Z%0F%F1%9F%CA%DA%B3%E0%06%E9%81%F7-%01%16%D5%7D%DF%D4%21E%2F%B0%C1%A7%27%AF%C2%0C%B6%C3%EC%1C%BF%5D%82T%A5%DEa%C4%14%401%10%C6%23%02%03%01%00%01%00%00%00%01%9A%06%AD%05%82%04%CA%BEnewface%00%03%E2%02%85%D7%C0.%E6%A2%06%2B%91%AF8hE%F6%C9U%84%F7%7D%A1%B3U%3F%CF%B4%1B%B0%85%A4%24x%11m%00%04%D2%8E0%00%04%DA%9617%00%04%E2%EE192.168.122.2%00%04%EA%A66001%00%03%D2%D62147483647%00%00%00%00 (550 bytes,scope=1) D7C02E-02A7-0008-240E-737A10
1400718884.063768 ccnd[679]: debug.158 ccnd_answer_req ccnx:/ccnx/%D7%C0.%E6%A2%06%2B%91%AF8hE%F6%C9U%84%F7%7D%A1%B3U%3F%CF%B4%1B%B0%85%A4%24x%11m/newface/%04%82%02%AA%03%B2%08%857%BF%D2%A9%80%DC5%C1g%AA%24K%EC%0De%9C%15%15%BE%B5%13%AC%82iI%1AK%C1%27%D6G%C9-G%C7%C0~%99%7C%1D%C9%AA%C4%12%17JT%E6%B3%07u%97%9A%D6J%19%BC%BF%98d%90%3CSe%00eM%5Bsw%8B%DDE%BEb%95%8D8Y%EAK%AC%5BN%A8bdIX4%9E%DE%8A%FBh%BB%C8%11%3FR%FF%B2%9AO%F7%BCN%15%83V%D1b%126%D1%ADT-%5E%8EYZ%7B%FF%18%CB%8C%A4%00%00%F2%00%01%A2%03%E2%02%85%3F%CEUL%08m2%E5%A6%28%3Ew%CDb%836%8B%D9z%DA%5B%02%D776-%A5s%B2%09%84%40%00%02%BA%B5%057%D4b%40%F8%00%01%E2%01%DA%0A%950%81%9F0%0D%06%09%2A%86H%86%F7%0D%01%01%01%05%00%03%81%8D%000%81%89%02%81%81%00%C0%FB%16%1F%A6%9A%5E%A0%2A%D2%80%DA%8E%D9f%C1%85r%83t%A6%28P6%CC%20O%60%D9Pi%87%F3%F6%D7%8C%F8F%BFw%3C%08%10%FF%D8%02%3E%1B%03E%0B%24%D5T%3F%21T%FC%8Fl%5C%07%22%60o%AA%AF%8E%1E6%9A%7DvVbs%2C%BCrW-Z%0F%F1%9F%CA%DA%B3%E0%06%E9%81%F7-%01%16%D5%7D%DF%D4%21E%2F%B0%C1%A7%27%AF%C2%0C%B6%C3%EC%1C%BF%5D%82T%A5%DEa%C4%14%401%10%C6%23%02%03%01%00%01%00%00%00%01%9A%06%AD%05%82%04%CA%BEnewface%00%03%E2%02%85%D7%C0.%E6%A2%06%2B%91%AF8hE%F6%C9U%84%F7%7D%A1%B3U%3F%CF%B4%1B%B0%85%A4%24x%11m%00%04%D2%8E0%00%04%DA%9617%00%04%E2%EE192.168.122.2%00%04%EA%A66001%00%03%D2%D62147483647%00%00%00%00 (550 bytes,scope=1) D7C02E-02A7-0008-240E-737A10
1400718884.063904 ccnd[679]: ccnd_req_newface from 8: getaddrinfo(192.168.122.2, 6001, ...) returned 0
1400718884.064865 ccnd[679]: debug.280 ccnd_answer_req_response ccnx:/ccnx/%D7%C0.%E6%A2%06%2B%91%AF8hE%F6%C9U%84%F7%7D%A1%B3U%3F%CF%B4%1B%B0%85%A4%24x%11m/newface/%04%82%02%AA%03%B2%08%857%BF%D2%A9%80%DC5%C1g%AA%24K%EC%0De%9C%15%15%BE%B5%13%AC%82iI%1AK%C1%27%D6G%C9-G%C7%C0~%99%7C%1D%C9%AA%C4%12%17JT%E6%B3%07u%97%9A%D6J%19%BC%BF%98d%90%3CSe%00eM%5Bsw%8B%DDE%BEb%95%8D8Y%EAK%AC%5BN%A8bdIX4%9E%DE%8A%FBh%BB%C8%11%3FR%FF%B2%9AO%F7%BCN%15%83V%D1b%126%D1%ADT-%5E%8EYZ%7B%FF%18%CB%8C%A4%00%00%F2%00%01%A2%03%E2%02%85%3F%CEUL%08m2%E5%A6%28%3Ew%CDb%836%8B%D9z%DA%5B%02%D776-%A5s%B2%09%84%40%00%02%BA%B5%057%D4b%40%F8%00%01%E2%01%DA%0A%950%81%9F0%0D%06%09%2A%86H%86%F7%0D%01%01%01%05%00%03%81%8D%000%81%89%02%81%81%00%C0%FB%16%1F%A6%9A%5E%A0%2A%D2%80%DA%8E%D9f%C1%85r%83t%A6%28P6%CC%20O%60%D9Pi%87%F3%F6%D7%8C%F8F%BFw%3C%08%10%FF%D8%02%3E%1B%03E%0B%24%D5T%3F%21T%FC%8Fl%5C%07%22%60o%AA%AF%8E%1E6%9A%7DvVbs%2C%BCrW-Z%0F%F1%9F%CA%DA%B3%E0%06%E9%81%F7-%01%16%D5%7D%DF%D4%21E%2F%B0%C1%A7%27%AF%C2%0C%B6%C3%EC%1C%BF%5D%82T%A5%DEa%C4%14%401%10%C6%23%02%03%01%00%01%00%00%00%01%9A%06%AD%05%82%04%CA%BEnewface%00%03%E2%02%85%D7%C0.%E6%A2%06%2B%91%AF8hE%F6%C9U%84%F7%7D%A1%B3U%3F%CF%B4%1B%B0%85%A4%24x%11m%00%04%D2%8E0%00%04%DA%9617%00%04%E2%EE192.168.122.2%00%04%EA%A66001%00%03%D2%D62147483647%00%00%00%00 (986 bytes)
1400718884.065025 ccnd[679]: debug.4109 content_from 0 ccnx:/ccnx/%D7%C0.%E6%A2%06%2B%91%AF8hE%F6%C9U%84%F7%7D%A1%B3U%3F%CF%B4%1B%B0%85%A4%24x%11m/newface/%04%82%02%AA%03%B2%08%857%BF%D2%A9%80%DC5%C1g%AA%24K%EC%0De%9C%15%15%BE%B5%13%AC%82iI%1AK%C1%27%D6G%C9-G%C7%C0~%99%7C%1D%C9%AA%C4%12%17JT%E6%B3%07u%97%9A%D6J%19%BC%BF%98d%90%3CSe%00eM%5Bsw%8B%DDE%BEb%95%8D8Y%EAK%AC%5BN%A8bdIX4%9E%DE%8A%FBh%BB%C8%11%3FR%FF%B2%9AO%F7%BCN%15%83V%D1b%126%D1%ADT-%5E%8EYZ%7B%FF%18%CB%8C%A4%00%00%F2%00%01%A2%03%E2%02%85%3F%CEUL%08m2%E5%A6%28%3Ew%CDb%836%8B%D9z%DA%5B%02%D776-%A5s%B2%09%84%40%00%02%BA%B5%057%D4b%40%F8%00%01%E2%01%DA%0A%950%81%9F0%0D%06%09%2A%86H%86%F7%0D%01%01%01%05%00%03%81%8D%000%81%89%02%81%81%00%C0%FB%16%1F%A6%9A%5E%A0%2A%D2%80%DA%8E%D9f%C1%85r%83t%A6%28P6%CC%20O%60%D9Pi%87%F3%F6%D7%8C%F8F%BFw%3C%08%10%FF%D8%02%3E%1B%03E%0B%24%D5T%3F%21T%FC%8Fl%5C%07%22%60o%AA%AF%8E%1E6%9A%7DvVbs%2C%BCrW-Z%0F%F1%9F%CA%DA%B3%E0%06%E9%81%F7-%01%16%D5%7D%DF%D4%21E%2F%B0%C1%A7%27%AF%C2%0C%B6%C3%EC%1C%BF%5D%82T%A5%DEa%C4%14%401%10%C6%23%02%03%01%00%01%00%00%00%01%9A%06%AD%05%82%04%CA%BEnewface%00%03%E2%02%85%D7%C0.%E6%A2%06%2B%91%AF8hE%F6%C9U%84%F7%7D%A1%B3U%3F%CF%B4%1B%B0%85%A4%24x%11m%00%04%D2%8E0%00%04%DA%9617%00%04%E2%EE192.168.122.2%00%04%EA%A66001%00%03%D2%D62147483647%00%00%00%00/U%07%D4%3D%0AR%A6%17%28%18%0C%A7%BE0%D7%C6A%C03%E1%D8%B7%D2%AAV%9A3%18%B36%F96 (1022 bytes)
1400718884.065060 ccnd[679]: fwd.3059 adding 0
1400718884.065078 ccnd[679]: face 8 q 0 delay 3 usec
1400718884.065195 ccnd[679]: debug.1526 consume 8 ccnx:/ccnx/%D7%C0.%E6%A2%06%2B%91%AF8hE%F6%C9U%84%F7%7D%A1%B3U%3F%CF%B4%1B%B0%85%A4%24x%11m/newface/%04%82%02%AA%03%B2%08%857%BF%D2%A9%80%DC5%C1g%AA%24K%EC%0De%9C%15%15%BE%B5%13%AC%82iI%1AK%C1%27%D6G%C9-G%C7%C0~%99%7C%1D%C9%AA%C4%12%17JT%E6%B3%07u%97%9A%D6J%19%BC%BF%98d%90%3CSe%00eM%5Bsw%8B%DDE%BEb%95%8D8Y%EAK%AC%5BN%A8bdIX4%9E%DE%8A%FBh%BB%C8%11%3FR%FF%B2%9AO%F7%BCN%15%83V%D1b%126%D1%ADT-%5E%8EYZ%7B%FF%18%CB%8C%A4%00%00%F2%00%01%A2%03%E2%02%85%3F%CEUL%08m2%E5%A6%28%3Ew%CDb%836%8B%D9z%DA%5B%02%D776-%A5s%B2%09%84%40%00%02%BA%B5%057%D4b%40%F8%00%01%E2%01%DA%0A%950%81%9F0%0D%06%09%2A%86H%86%F7%0D%01%01%01%05%00%03%81%8D%000%81%89%02%81%81%00%C0%FB%16%1F%A6%9A%5E%A0%2A%D2%80%DA%8E%D9f%C1%85r%83t%A6%28P6%CC%20O%60%D9Pi%87%F3%F6%D7%8C%F8F%BFw%3C%08%10%FF%D8%02%3E%1B%03E%0B%24%D5T%3F%21T%FC%8Fl%5C%07%22%60o%AA%AF%8E%1E6%9A%7DvVbs%2C%BCrW-Z%0F%F1%9F%CA%DA%B3%E0%06%E9%81%F7-%01%16%D5%7D%DF%D4%21E%2F%B0%C1%A7%27%AF%C2%0C%B6%C3%EC%1C%BF%5D%82T%A5%DEa%C4%14%401%10%C6%23%02%03%01%00%01%00%00%00%01%9A%06%AD%05%82%04%CA%BEnewface%00%03%E2%02%85%D7%C0.%E6%A2%06%2B%91%AF8hE%F6%C9U%84%F7%7D%A1%B3U%3F%CF%B4%1B%B0%85%A4%24x%11m%00%04%D2%8E0%00%04%DA%9617%00%04%E2%EE192.168.122.2%00%04%EA%A66001%00%03%D2%D62147483647%00%00%00%00 (550 bytes,scope=1) D7C02E-02A7-0008-240E-737A10
1400718884.065208 ccnd[679]: sl.1598 0 ci=4 osrc=4294967295 src=0 usec=9156
1400718884.065220 ccnd[679]: fwd.3059 adding 0
1400718884.065230 ccnd[679]: sl.1598 0 ci=3 osrc=4294967295 src=0 usec=9156
1400718884.065351 ccnd[679]: debug.1268 content_to 8 ccnx:/ccnx/%D7%C0.%E6%A2%06%2B%91%AF8hE%F6%C9U%84%F7%7D%A1%B3U%3F%CF%B4%1B%B0%85%A4%24x%11m/newface/%04%82%02%AA%03%B2%08%857%BF%D2%A9%80%DC5%C1g%AA%24K%EC%0De%9C%15%15%BE%B5%13%AC%82iI%1AK%C1%27%D6G%C9-G%C7%C0~%99%7C%1D%C9%AA%C4%12%17JT%E6%B3%07u%97%9A%D6J%19%BC%BF%98d%90%3CSe%00eM%5Bsw%8B%DDE%BEb%95%8D8Y%EAK%AC%5BN%A8bdIX4%9E%DE%8A%FBh%BB%C8%11%3FR%FF%B2%9AO%F7%BCN%15%83V%D1b%126%D1%ADT-%5E%8EYZ%7B%FF%18%CB%8C%A4%00%00%F2%00%01%A2%03%E2%02%85%3F%CEUL%08m2%E5%A6%28%3Ew%CDb%836%8B%D9z%DA%5B%02%D776-%A5s%B2%09%84%40%00%02%BA%B5%057%D4b%40%F8%00%01%E2%01%DA%0A%950%81%9F0%0D%06%09%2A%86H%86%F7%0D%01%01%01%05%00%03%81%8D%000%81%89%02%81%81%00%C0%FB%16%1F%A6%9A%5E%A0%2A%D2%80%DA%8E%D9f%C1%85r%83t%A6%28P6%CC%20O%60%D9Pi%87%F3%F6%D7%8C%F8F%BFw%3C%08%10%FF%D8%02%3E%1B%03E%0B%24%D5T%3F%21T%FC%8Fl%5C%07%22%60o%AA%AF%8E%1E6%9A%7DvVbs%2C%BCrW-Z%0F%F1%9F%CA%DA%B3%E0%06%E9%81%F7-%01%16%D5%7D%DF%D4%21E%2F%B0%C1%A7%27%AF%C2%0C%B6%C3%EC%1C%BF%5D%82T%A5%DEa%C4%14%401%10%C6%23%02%03%01%00%01%00%00%00%01%9A%06%AD%05%82%04%CA%BEnewface%00%03%E2%02%85%D7%C0.%E6%A2%06%2B%91%AF8hE%F6%C9U%84%F7%7D%A1%B3U%3F%CF%B4%1B%B0%85%A4%24x%11m%00%04%D2%8E0%00%04%DA%9617%00%04%E2%EE192.168.122.2%00%04%EA%A66001%00%03%D2%D62147483647%00%00%00%00/U%07%D4%3D%0AR%A6%17%28%18%0C%A7%BE0%D7%C6A%C03%E1%D8%B7%D2%AAV%9A3%18%B36%F96 (1022 bytes)
1400718884.066466 ccnd[679]: debug.3807 interest_from 8 ccnx:/ccnx/%D7%C0.%E6%A2%06%2B%91%AF8hE%F6%C9U%84%F7%7D%A1%B3U%3F%CF%B4%1B%B0%85%A4%24x%11m/prefixreg/%04%82%02%AA%03%B2%08%85r%85%17e9%BD%DB%87%046t%5E%08eHSCk%06z%0E7%AC%5B%1Dl%22a%01%3D3-%BBK%13%88%7B%EF%F2%D5d%BE%1FL%1C%9C%D9%12%FEl%FB%07W%26%8B50%E9%98%BDaT%C2%EE%40b%A9h%AE8%C5H%A0%C6%D2x%AE%E2%CB%99H%F0%7D5%C0%A0%F5%C9%D4%23%DC%A7%E9%87%A9%13%96%88%60%5E%A7%8F%84%C3sc7%0CK%04S%96%14%EDJ%5B%9B%D5b%85%5D%E0%A5%A5%E6%96i%7C%00%00%F2%00%01%A2%03%E2%02%85%3F%CEUL%08m2%E5%A6%28%3Ew%CDb%836%8B%D9z%DA%5B%02%D776-%A5s%B2%09%84%40%00%02%BA%B5%057%D4bA%0C%00%01%E2%01%DA%0A%950%81%9F0%0D%06%09%2A%86H%86%F7%0D%01%01%01%05%00%03%81%8D%000%81%89%02%81%81%00%C0%FB%16%1F%A6%9A%5E%A0%2A%D2%80%DA%8E%D9f%C1%85r%83t%A6%28P6%CC%20O%60%D9Pi%87%F3%F6%D7%8C%F8F%BFw%3C%08%10%FF%D8%02%3E%1B%03E%0B%24%D5T%3F%21T%FC%8Fl%5C%07%22%60o%AA%AF%8E%1E6%9A%7DvVbs%2C%BCrW-Z%0F%F1%9F%CA%DA%B3%E0%06%E9%81%F7-%01%16%D5%7D%DF%D4%21E%2F%B0%C1%A7%27%AF%C2%0C%B6%C3%EC%1C%BF%5D%82T%A5%DEa%C4%14%401%10%C6%23%02%03%01%00%01%00%00%00%01%9A%04%D5%05%8A%04%CA%CEprefixreg%00%F2%00%03%E2%02%85%D7%C0.%E6%A2%06%2B%91%AF8hE%F6%C9U%84%F7%7D%A1%B3U%3F%CF%B4%1B%B0%85%A4%24x%11m%00%04%D2%8E7%00%03%D2%D62147483647%00%00%00%00 (509 bytes,scope=1)
1400718884.066482 ccnd[679]: version: 20090701, prefix_comps: 4, min_suffix_comps: 0, max_suffix_comps: 32767, orderpref: 0, answerfrom: 3, scope: 1, lifetime: 4.0000, excl: 0 bytes, etc: 0 bytes
1400718884.066522 ccnd[679]: debug.3856 first_candidate ccnx:/test/1/%FD%057%D4b%14%FE/%00/%16%91.%F3%9AV%AEQVM%11o%F4P5Su%AD%DD%A8M%0AY%09%8E%A9%08y%06%C0%F8A (433 bytes)
1400718884.066635 ccnd[679]: debug.3863 prefix_mismatch ccnx:/ccnx/%D7%C0.%E6%A2%06%2B%91%AF8hE%F6%C9U%84%F7%7D%A1%B3U%3F%CF%B4%1B%B0%85%A4%24x%11m/prefixreg/%04%82%02%AA%03%B2%08%85r%85%17e9%BD%DB%87%046t%5E%08eHSCk%06z%0E7%AC%5B%1Dl%22a%01%3D3-%BBK%13%88%7B%EF%F2%D5d%BE%1FL%1C%9C%D9%12%FEl%FB%07W%26%8B50%E9%98%BDaT%C2%EE%40b%A9h%AE8%C5H%A0%C6%D2x%AE%E2%CB%99H%F0%7D5%C0%A0%F5%C9%D4%23%DC%A7%E9%87%A9%13%96%88%60%5E%A7%8F%84%C3sc7%0CK%04S%96%14%EDJ%5B%9B%D5b%85%5D%E0%A5%A5%E6%96i%7C%00%00%F2%00%01%A2%03%E2%02%85%3F%CEUL%08m2%E5%A6%28%3Ew%CDb%836%8B%D9z%DA%5B%02%D776-%A5s%B2%09%84%40%00%02%BA%B5%057%D4bA%0C%00%01%E2%01%DA%0A%950%81%9F0%0D%06%09%2A%86H%86%F7%0D%01%01%01%05%00%03%81%8D%000%81%89%02%81%81%00%C0%FB%16%1F%A6%9A%5E%A0%2A%D2%80%DA%8E%D9f%C1%85r%83t%A6%28P6%CC%20O%60%D9Pi%87%F3%F6%D7%8C%F8F%BFw%3C%08%10%FF%D8%02%3E%1B%03E%0B%24%D5T%3F%21T%FC%8Fl%5C%07%22%60o%AA%AF%8E%1E6%9A%7DvVbs%2C%BCrW-Z%0F%F1%9F%CA%DA%B3%E0%06%E9%81%F7-%01%16%D5%7D%DF%D4%21E%2F%B0%C1%A7%27%AF%C2%0C%B6%C3%EC%1C%BF%5D%82T%A5%DEa%C4%14%401%10%C6%23%02%03%01%00%01%00%00%00%01%9A%04%D5%05%8A%04%CA%CEprefixreg%00%F2%00%03%E2%02%85%D7%C0.%E6%A2%06%2B%91%AF8hE%F6%C9U%84%F7%7D%A1%B3U%3F%CF%B4%1B%B0%85%A4%24x%11m%00%04%D2%8E7%00%03%D2%D62147483647%00%00%00%00 (509 bytes,scope=1)
1400718884.066649 ccnd[679]: outbound.3131 adding 0
1400718884.066767 ccnd[679]: debug.3523 0xbf8e50.0of1,usec=2658+3997342 8 ccnx:/ccnx/%D7%C0.%E6%A2%06%2B%91%AF8hE%F6%C9U%84%F7%7D%A1%B3U%3F%CF%B4%1B%B0%85%A4%24x%11m/prefixreg/%04%82%02%AA%03%B2%08%85r%85%17e9%BD%DB%87%046t%5E%08eHSCk%06z%0E7%AC%5B%1Dl%22a%01%3D3-%BBK%13%88%7B%EF%F2%D5d%BE%1FL%1C%9C%D9%12%FEl%FB%07W%26%8B50%E9%98%BDaT%C2%EE%40b%A9h%AE8%C5H%A0%C6%D2x%AE%E2%CB%99H%F0%7D5%C0%A0%F5%C9%D4%23%DC%A7%E9%87%A9%13%96%88%60%5E%A7%8F%84%C3sc7%0CK%04S%96%14%EDJ%5B%9B%D5b%85%5D%E0%A5%A5%E6%96i%7C%00%00%F2%00%01%A2%03%E2%02%85%3F%CEUL%08m2%E5%A6%28%3Ew%CDb%836%8B%D9z%DA%5B%02%D776-%A5s%B2%09%84%40%00%02%BA%B5%057%D4bA%0C%00%01%E2%01%DA%0A%950%81%9F0%0D%06%09%2A%86H%86%F7%0D%01%01%01%05%00%03%81%8D%000%81%89%02%81%81%00%C0%FB%16%1F%A6%9A%5E%A0%2A%D2%80%DA%8E%D9f%C1%85r%83t%A6%28P6%CC%20O%60%D9Pi%87%F3%F6%D7%8C%F8F%BFw%3C%08%10%FF%D8%02%3E%1B%03E%0B%24%D5T%3F%21T%FC%8Fl%5C%07%22%60o%AA%AF%8E%1E6%9A%7DvVbs%2C%BCrW-Z%0F%F1%9F%CA%DA%B3%E0%06%E9%81%F7-%01%16%D5%7D%DF%D4%21E%2F%B0%C1%A7%27%AF%C2%0C%B6%C3%EC%1C%BF%5D%82T%A5%DEa%C4%14%401%10%C6%23%02%03%01%00%01%00%00%00%01%9A%04%D5%05%8A%04%CA%CEprefixreg%00%F2%00%03%E2%02%85%D7%C0.%E6%A2%06%2B%91%AF8hE%F6%C9U%84%F7%7D%A1%B3U%3F%CF%B4%1B%B0%85%A4%24x%11m%00%04%D2%8E7%00%03%D2%D62147483647%00%00%00%00 (525 bytes,scope=1) D7C02E-02A7-0008-2410-AC06D6
1400718884.070036 ccnd[679]: debug.3210 interest_to 0 ccnx:/ccnx/%D7%C0.%E6%A2%06%2B%91%AF8hE%F6%C9U%84%F7%7D%A1%B3U%3F%CF%B4%1B%B0%85%A4%24x%11m/prefixreg/%04%82%02%AA%03%B2%08%85r%85%17e9%BD%DB%87%046t%5E%08eHSCk%06z%0E7%AC%5B%1Dl%22a%01%3D3-%BBK%13%88%7B%EF%F2%D5d%BE%1FL%1C%9C%D9%12%FEl%FB%07W%26%8B50%E9%98%BDaT%C2%EE%40b%A9h%AE8%C5H%A0%C6%D2x%AE%E2%CB%99H%F0%7D5%C0%A0%F5%C9%D4%23%DC%A7%E9%87%A9%13%96%88%60%5E%A7%8F%84%C3sc7%0CK%04S%96%14%EDJ%5B%9B%D5b%85%5D%E0%A5%A5%E6%96i%7C%00%00%F2%00%01%A2%03%E2%02%85%3F%CEUL%08m2%E5%A6%28%3Ew%CDb%836%8B%D9z%DA%5B%02%D776-%A5s%B2%09%84%40%00%02%BA%B5%057%D4bA%0C%00%01%E2%01%DA%0A%950%81%9F0%0D%06%09%2A%86H%86%F7%0D%01%01%01%05%00%03%81%8D%000%81%89%02%81%81%00%C0%FB%16%1F%A6%9A%5E%A0%2A%D2%80%DA%8E%D9f%C1%85r%83t%A6%28P6%CC%20O%60%D9Pi%87%F3%F6%D7%8C%F8F%BFw%3C%08%10%FF%D8%02%3E%1B%03E%0B%24%D5T%3F%21T%FC%8Fl%5C%07%22%60o%AA%AF%8E%1E6%9A%7DvVbs%2C%BCrW-Z%0F%F1%9F%CA%DA%B3%E0%06%E9%81%F7-%01%16%D5%7D%DF%D4%21E%2F%B0%C1%A7%27%AF%C2%0C%B6%C3%EC%1C%BF%5D%82T%A5%DEa%C4%14%401%10%C6%23%02%03%01%00%01%00%00%00%01%9A%04%D5%05%8A%04%CA%CEprefixreg%00%F2%00%03%E2%02%85%D7%C0.%E6%A2%06%2B%91%AF8hE%F6%C9U%84%F7%7D%A1%B3U%3F%CF%B4%1B%B0%85%A4%24x%11m%00%04%D2%8E7%00%03%D2%D62147483647%00%00%00%00 (525 bytes,scope=1) D7C02E-02A7-0008-2410-AC06D6
1400718884.070160 ccnd[679]: debug.158 ccnd_answer_req ccnx:/ccnx/%D7%C0.%E6%A2%06%2B%91%AF8hE%F6%C9U%84%F7%7D%A1%B3U%3F%CF%B4%1B%B0%85%A4%24x%11m/prefixreg/%04%82%02%AA%03%B2%08%85r%85%17e9%BD%DB%87%046t%5E%08eHSCk%06z%0E7%AC%5B%1Dl%22a%01%3D3-%BBK%13%88%7B%EF%F2%D5d%BE%1FL%1C%9C%D9%12%FEl%FB%07W%26%8B50%E9%98%BDaT%C2%EE%40b%A9h%AE8%C5H%A0%C6%D2x%AE%E2%CB%99H%F0%7D5%C0%A0%F5%C9%D4%23%DC%A7%E9%87%A9%13%96%88%60%5E%A7%8F%84%C3sc7%0CK%04S%96%14%EDJ%5B%9B%D5b%85%5D%E0%A5%A5%E6%96i%7C%00%00%F2%00%01%A2%03%E2%02%85%3F%CEUL%08m2%E5%A6%28%3Ew%CDb%836%8B%D9z%DA%5B%02%D776-%A5s%B2%09%84%40%00%02%BA%B5%057%D4bA%0C%00%01%E2%01%DA%0A%950%81%9F0%0D%06%09%2A%86H%86%F7%0D%01%01%01%05%00%03%81%8D%000%81%89%02%81%81%00%C0%FB%16%1F%A6%9A%5E%A0%2A%D2%80%DA%8E%D9f%C1%85r%83t%A6%28P6%CC%20O%60%D9Pi%87%F3%F6%D7%8C%F8F%BFw%3C%08%10%FF%D8%02%3E%1B%03E%0B%24%D5T%3F%21T%FC%8Fl%5C%07%22%60o%AA%AF%8E%1E6%9A%7DvVbs%2C%BCrW-Z%0F%F1%9F%CA%DA%B3%E0%06%E9%81%F7-%01%16%D5%7D%DF%D4%21E%2F%B0%C1%A7%27%AF%C2%0C%B6%C3%EC%1C%BF%5D%82T%A5%DEa%C4%14%401%10%C6%23%02%03%01%00%01%00%00%00%01%9A%04%D5%05%8A%04%CA%CEprefixreg%00%F2%00%03%E2%02%85%D7%C0.%E6%A2%06%2B%91%AF8hE%F6%C9U%84%F7%7D%A1%B3U%3F%CF%B4%1B%B0%85%A4%24x%11m%00%04%D2%8E7%00%03%D2%D62147483647%00%00%00%00 (525 bytes,scope=1) D7C02E-02A7-0008-2410-AC06D6
1400718884.070252 ccnd[679]: debug.2428 prefix,ff=3 7 ccnx:/ (2 bytes)
1400718884.071213 ccnd[679]: debug.280 ccnd_answer_req_response ccnx:/ccnx/%D7%C0.%E6%A2%06%2B%91%AF8hE%F6%C9U%84%F7%7D%A1%B3U%3F%CF%B4%1B%B0%85%A4%24x%11m/prefixreg/%04%82%02%AA%03%B2%08%85r%85%17e9%BD%DB%87%046t%5E%08eHSCk%06z%0E7%AC%5B%1Dl%22a%01%3D3-%BBK%13%88%7B%EF%F2%D5d%BE%1FL%1C%9C%D9%12%FEl%FB%07W%26%8B50%E9%98%BDaT%C2%EE%40b%A9h%AE8%C5H%A0%C6%D2x%AE%E2%CB%99H%F0%7D5%C0%A0%F5%C9%D4%23%DC%A7%E9%87%A9%13%96%88%60%5E%A7%8F%84%C3sc7%0CK%04S%96%14%EDJ%5B%9B%D5b%85%5D%E0%A5%A5%E6%96i%7C%00%00%F2%00%01%A2%03%E2%02%85%3F%CEUL%08m2%E5%A6%28%3Ew%CDb%836%8B%D9z%DA%5B%02%D776-%A5s%B2%09%84%40%00%02%BA%B5%057%D4bA%0C%00%01%E2%01%DA%0A%950%81%9F0%0D%06%09%2A%86H%86%F7%0D%01%01%01%05%00%03%81%8D%000%81%89%02%81%81%00%C0%FB%16%1F%A6%9A%5E%A0%2A%D2%80%DA%8E%D9f%C1%85r%83t%A6%28P6%CC%20O%60%D9Pi%87%F3%F6%D7%8C%F8F%BFw%3C%08%10%FF%D8%02%3E%1B%03E%0B%24%D5T%3F%21T%FC%8Fl%5C%07%22%60o%AA%AF%8E%1E6%9A%7DvVbs%2C%BCrW-Z%0F%F1%9F%CA%DA%B3%E0%06%E9%81%F7-%01%16%D5%7D%DF%D4%21E%2F%B0%C1%A7%27%AF%C2%0C%B6%C3%EC%1C%BF%5D%82T%A5%DEa%C4%14%401%10%C6%23%02%03%01%00%01%00%00%00%01%9A%04%D5%05%8A%04%CA%CEprefixreg%00%F2%00%03%E2%02%85%D7%C0.%E6%A2%06%2B%91%AF8hE%F6%C9U%84%F7%7D%A1%B3U%3F%CF%B4%1B%B0%85%A4%24x%11m%00%04%D2%8E7%00%03%D2%D62147483647%00%00%00%00 (941 bytes)
1400718884.071364 ccnd[679]: debug.4109 content_from 0 ccnx:/ccnx/%D7%C0.%E6%A2%06%2B%91%AF8hE%F6%C9U%84%F7%7D%A1%B3U%3F%CF%B4%1B%B0%85%A4%24x%11m/prefixreg/%04%82%02%AA%03%B2%08%85r%85%17e9%BD%DB%87%046t%5E%08eHSCk%06z%0E7%AC%5B%1Dl%22a%01%3D3-%BBK%13%88%7B%EF%F2%D5d%BE%1FL%1C%9C%D9%12%FEl%FB%07W%26%8B50%E9%98%BDaT%C2%EE%40b%A9h%AE8%C5H%A0%C6%D2x%AE%E2%CB%99H%F0%7D5%C0%A0%F5%C9%D4%23%DC%A7%E9%87%A9%13%96%88%60%5E%A7%8F%84%C3sc7%0CK%04S%96%14%EDJ%5B%9B%D5b%85%5D%E0%A5%A5%E6%96i%7C%00%00%F2%00%01%A2%03%E2%02%85%3F%CEUL%08m2%E5%A6%28%3Ew%CDb%836%8B%D9z%DA%5B%02%D776-%A5s%B2%09%84%40%00%02%BA%B5%057%D4bA%0C%00%01%E2%01%DA%0A%950%81%9F0%0D%06%09%2A%86H%86%F7%0D%01%01%01%05%00%03%81%8D%000%81%89%02%81%81%00%C0%FB%16%1F%A6%9A%5E%A0%2A%D2%80%DA%8E%D9f%C1%85r%83t%A6%28P6%CC%20O%60%D9Pi%87%F3%F6%D7%8C%F8F%BFw%3C%08%10%FF%D8%02%3E%1B%03E%0B%24%D5T%3F%21T%FC%8Fl%5C%07%22%60o%AA%AF%8E%1E6%9A%7DvVbs%2C%BCrW-Z%0F%F1%9F%CA%DA%B3%E0%06%E9%81%F7-%01%16%D5%7D%DF%D4%21E%2F%B0%C1%A7%27%AF%C2%0C%B6%C3%EC%1C%BF%5D%82T%A5%DEa%C4%14%401%10%C6%23%02%03%01%00%01%00%00%00%01%9A%04%D5%05%8A%04%CA%CEprefixreg%00%F2%00%03%E2%02%85%D7%C0.%E6%A2%06%2B%91%AF8hE%F6%C9U%84%F7%7D%A1%B3U%3F%CF%B4%1B%B0%85%A4%24x%11m%00%04%D2%8E7%00%03%D2%D62147483647%00%00%00%00/Grb%26%AC%AB7%40%25%16%8E%09%FF%A79R%E4%157%D8%19%E8%F8%1B%8CH%DD%9A%C2%A1%AAv (977 bytes)
1400718884.071403 ccnd[679]: fwd.3059 adding 0
1400718884.071415 ccnd[679]: fwd.3059 adding 7
1400718884.071431 ccnd[679]: face 8 q 0 delay 3 usec
1400718884.071546 ccnd[679]: debug.1526 consume 8 ccnx:/ccnx/%D7%C0.%E6%A2%06%2B%91%AF8hE%F6%C9U%84%F7%7D%A1%B3U%3F%CF%B4%1B%B0%85%A4%24x%11m/prefixreg/%04%82%02%AA%03%B2%08%85r%85%17e9%BD%DB%87%046t%5E%08eHSCk%06z%0E7%AC%5B%1Dl%22a%01%3D3-%BBK%13%88%7B%EF%F2%D5d%BE%1FL%1C%9C%D9%12%FEl%FB%07W%26%8B50%E9%98%BDaT%C2%EE%40b%A9h%AE8%C5H%A0%C6%D2x%AE%E2%CB%99H%F0%7D5%C0%A0%F5%C9%D4%23%DC%A7%E9%87%A9%13%96%88%60%5E%A7%8F%84%C3sc7%0CK%04S%96%14%EDJ%5B%9B%D5b%85%5D%E0%A5%A5%E6%96i%7C%00%00%F2%00%01%A2%03%E2%02%85%3F%CEUL%08m2%E5%A6%28%3Ew%CDb%836%8B%D9z%DA%5B%02%D776-%A5s%B2%09%84%40%00%02%BA%B5%057%D4bA%0C%00%01%E2%01%DA%0A%950%81%9F0%0D%06%09%2A%86H%86%F7%0D%01%01%01%05%00%03%81%8D%000%81%89%02%81%81%00%C0%FB%16%1F%A6%9A%5E%A0%2A%D2%80%DA%8E%D9f%C1%85r%83t%A6%28P6%CC%20O%60%D9Pi%87%F3%F6%D7%8C%F8F%BFw%3C%08%10%FF%D8%02%3E%1B%03E%0B%24%D5T%3F%21T%FC%8Fl%5C%07%22%60o%AA%AF%8E%1E6%9A%7DvVbs%2C%BCrW-Z%0F%F1%9F%CA%DA%B3%E0%06%E9%81%F7-%01%16%D5%7D%DF%D4%21E%2F%B0%C1%A7%27%AF%C2%0C%B6%C3%EC%1C%BF%5D%82T%A5%DEa%C4%14%401%10%C6%23%02%03%01%00%01%00%00%00%01%9A%04%D5%05%8A%04%CA%CEprefixreg%00%F2%00%03%E2%02%85%D7%C0.%E6%A2%06%2B%91%AF8hE%F6%C9U%84%F7%7D%A1%B3U%3F%CF%B4%1B%B0%85%A4%24x%11m%00%04%D2%8E7%00%03%D2%D62147483647%00%00%00%00 (525 bytes,scope=1) D7C02E-02A7-0008-2410-AC06D6
1400718884.071560 ccnd[679]: sl.1598 0 ci=4 osrc=4294967295 src=0 usec=9156
1400718884.071571 ccnd[679]: fwd.3059 adding 0
1400718884.071581 ccnd[679]: fwd.3059 adding 7
1400718884.071592 ccnd[679]: sl.1598 0 ci=3 osrc=4294967295 src=0 usec=9156
1400718884.071603 ccnd[679]: fwd.3059 adding 0
1400718884.071613 ccnd[679]: fwd.3059 adding 7
1400718884.071623 ccnd[679]: fwd.3059 adding 7
1400718884.071633 ccnd[679]: fwd.3059 adding 7
1400718884.071763 ccnd[679]: debug.1268 content_to 8 ccnx:/ccnx/%D7%C0.%E6%A2%06%2B%91%AF8hE%F6%C9U%84%F7%7D%A1%B3U%3F%CF%B4%1B%B0%85%A4%24x%11m/prefixreg/%04%82%02%AA%03%B2%08%85r%85%17e9%BD%DB%87%046t%5E%08eHSCk%06z%0E7%AC%5B%1Dl%22a%01%3D3-%BBK%13%88%7B%EF%F2%D5d%BE%1FL%1C%9C%D9%12%FEl%FB%07W%26%8B50%E9%98%BDaT%C2%EE%40b%A9h%AE8%C5H%A0%C6%D2x%AE%E2%CB%99H%F0%7D5%C0%A0%F5%C9%D4%23%DC%A7%E9%87%A9%13%96%88%60%5E%A7%8F%84%C3sc7%0CK%04S%96%14%EDJ%5B%9B%D5b%85%5D%E0%A5%A5%E6%96i%7C%00%00%F2%00%01%A2%03%E2%02%85%3F%CEUL%08m2%E5%A6%28%3Ew%CDb%836%8B%D9z%DA%5B%02%D776-%A5s%B2%09%84%40%00%02%BA%B5%057%D4bA%0C%00%01%E2%01%DA%0A%950%81%9F0%0D%06%09%2A%86H%86%F7%0D%01%01%01%05%00%03%81%8D%000%81%89%02%81%81%00%C0%FB%16%1F%A6%9A%5E%A0%2A%D2%80%DA%8E%D9f%C1%85r%83t%A6%28P6%CC%20O%60%D9Pi%87%F3%F6%D7%8C%F8F%BFw%3C%08%10%FF%D8%02%3E%1B%03E%0B%24%D5T%3F%21T%FC%8Fl%5C%07%22%60o%AA%AF%8E%1E6%9A%7DvVbs%2C%BCrW-Z%0F%F1%9F%CA%DA%B3%E0%06%E9%81%F7-%01%16%D5%7D%DF%D4%21E%2F%B0%C1%A7%27%AF%C2%0C%B6%C3%EC%1C%BF%5D%82T%A5%DEa%C4%14%401%10%C6%23%02%03%01%00%01%00%00%00%01%9A%04%D5%05%8A%04%CA%CEprefixreg%00%F2%00%03%E2%02%85%D7%C0.%E6%A2%06%2B%91%AF8hE%F6%C9U%84%F7%7D%A1%B3U%3F%CF%B4%1B%B0%85%A4%24x%11m%00%04%D2%8E7%00%03%D2%D62147483647%00%00%00%00/Grb%26%AC%AB7%40%25%16%8E%09%FF%A79R%E4%157%D8%19%E8%F8%1B%8CH%DD%9A%C2%A1%AAv (977 bytes)
1400718884.072392 ccnd[679]: shutdown client fd=9 id=8
1400718884.072430 ccnd[679]: releasing face id 8 (slot 8)
1400718887.000000 ccnd[679]: 6001 ____________________ Thu May 22 00:34:47 2014
1400718887.414231 ccnd[679]: debug.3946 stale ccnx:/%C1.M.S.neighborhood/%C1.M.SRV/ccnd/KEY/%C1.M.K%00%D7%C0.%E6%A2%06%2B%91%AF8hE%F6%C9U%84%F7%7D%A1%B3U%3F%CF%B4%1B%B0%85%A4%24x%11m/%FD%057%D4_%CE%8E/%00/%94s%F6S%80%DC%2B%D6%DC%7Bn3%9A%F0%1A%C6%86O%CA%5C%1B%F2%B5%BAh%9E%08%DDP%B9%19%F1 (617 bytes)
1400718890.406124 ccnd[679]: debug.3807 interest_from 7 ccnx:/test/1 (32 bytes) 6A536B-0284-0008-2A02-B1B985
1400718890.406144 ccnd[679]: version: 20090701, prefix_comps: 2, min_suffix_comps: 0, max_suffix_comps: 32767, orderpref: 0, answerfrom: 3, scope: -1, lifetime: 4.0000, excl: 0 bytes, etc: 0 bytes
1400718890.406178 ccnd[679]: debug.3856 first_candidate ccnx:/test/1/%FD%057%D4b%14%FE/%00/%16%91.%F3%9AV%AEQVM%11o%F4P5Su%AD%DD%A8M%0AY%09%8E%A9%08y%06%C0%F8A (433 bytes)
1400718890.406208 ccnd[679]: debug.3884 matches ccnx:/test/1/%FD%057%D4b%14%FE/%00/%16%91.%F3%9AV%AEQVM%11o%F4P5Su%AD%DD%A8M%0AY%09%8E%A9%08y%06%C0%F8A (433 bytes)
1400718890.406221 ccnd[679]: face 7 q 1 delay 1170 usec
1400718890.406242 ccnd[679]: debug.3918 consume 7 ccnx:/test/1 (32 bytes) 6A536B-0284-0008-2A02-B1B985
1400718890.406253 ccnd[679]: fwd.3059 adding 6
1400718890.406263 ccnd[679]: fwd.3059 adding 7
1400718890.406274 ccnd[679]: fwd.3059 adding 7
1400718890.406284 ccnd[679]: fwd.3059 adding 7
1400718890.406307 ccnd[679]: debug.3807 interest_from 7 ccnx:/%C1.M.S.neighborhood/%C1.M.SRV/ccnd/KEY (55 bytes,scope=2)
1400718890.406317 ccnd[679]: version: 20090701, prefix_comps: 4, min_suffix_comps: 0, max_suffix_comps: 32767, orderpref: 0, answerfrom: 3, scope: 2, lifetime: 4.0000, excl: 0 bytes, etc: 0 bytes
1400718890.406362 ccnd[679]: debug.3856 first_candidate ccnx:/%C1.M.S.neighborhood/%C1.M.SRV/ccnd/KEY/%C1.M.K%00%D7%C0.%E6%A2%06%2B%91%AF8hE%F6%C9U%84%F7%7D%A1%B3U%3F%CF%B4%1B%B0%85%A4%24x%11m/%FD%057%D4_%CE%8E/%00/%94s%F6S%80%DC%2B%D6%DC%7Bn3%9A%F0%1A%C6%86O%CA%5C%1B%F2%B5%BAh%9E%08%DDP%B9%19%F1 (617 bytes)
1400718890.406373 ccnd[679]: fwd.3059 adding 0
1400718890.406383 ccnd[679]: fwd.3059 adding 7
1400718890.406393 ccnd[679]: outbound.3131 adding 0
1400718890.406423 ccnd[679]: debug.3523 0xbffd50.0of1,usec=4011+3995989 7 ccnx:/%C1.M.S.neighborhood/%C1.M.SRV/ccnd/KEY (71 bytes,scope=2) D7C02E-02A7-0007-2A67-9AFA6D
1400718890.407592 ccnd[679]: debug.1268 content_to 7 ccnx:/test/1/%FD%057%D4b%14%FE/%00/%16%91.%F3%9AV%AEQVM%11o%F4P5Su%AD%DD%A8M%0AY%09%8E%A9%08y%06%C0%F8A (433 bytes)
1400718890.410770 ccnd[679]: debug.3210 interest_to 0 ccnx:/%C1.M.S.neighborhood/%C1.M.SRV/ccnd/KEY (71 bytes,scope=2) D7C02E-02A7-0007-2A67-9AFA6D
1400718890.410825 ccnd[679]: debug.158 ccnd_answer_req ccnx:/%C1.M.S.neighborhood/%C1.M.SRV/ccnd/KEY (71 bytes,scope=2) D7C02E-02A7-0007-2A67-9AFA6D
1400718890.410903 ccnd[679]: debug.4109 content_from 0 ccnx:/%C1.M.S.neighborhood/%C1.M.SRV/ccnd/KEY/%C1.M.K%00%D7%C0.%E6%A2%06%2B%91%AF8hE%F6%C9U%84%F7%7D%A1%B3U%3F%CF%B4%1B%B0%85%A4%24x%11m/%FD%057%D4_%CE%8E/%00/%94s%F6S%80%DC%2B%D6%DC%7Bn3%9A%F0%1A%C6%86O%CA%5C%1B%F2%B5%BAh%9E%08%DDP%B9%19%F1 (617 bytes)
1400718890.410924 ccnd[679]: fwd.3059 adding 0
1400718890.410935 ccnd[679]: fwd.3059 adding 7
1400718890.410951 ccnd[679]: face 7 q 1 delay 1368 usec
1400718890.410992 ccnd[679]: debug.1526 consume 7 ccnx:/%C1.M.S.neighborhood/%C1.M.SRV/ccnd/KEY (71 bytes,scope=2) D7C02E-02A7-0007-2A67-9AFA6D
1400718890.411003 ccnd[679]: sl.1598 0 ci=4 osrc=0 src=0 usec=9156
1400718890.411015 ccnd[679]: fwd.3059 adding 0
1400718890.411024 ccnd[679]: fwd.3059 adding 7
1400718890.411034 ccnd[679]: sl.1598 0 ci=3 osrc=0 src=0 usec=9156
1400718890.411045 ccnd[679]: fwd.3059 adding 0
1400718890.411055 ccnd[679]: fwd.3059 adding 7
1400718890.000000 ccnd[679]: 6001 ____________________ Thu May 22 00:34:50 2014
1400718890.413231 ccnd[679]: debug.1268 content_to 7 ccnx:/%C1.M.S.neighborhood/%C1.M.SRV/ccnd/KEY/%C1.M.K%00%D7%C0.%E6%A2%06%2B%91%AF8hE%F6%C9U%84%F7%7D%A1%B3U%3F%CF%B4%1B%B0%85%A4%24x%11m/%FD%057%D4_%CE%8E/%00/%94s%F6S%80%DC%2B%D6%DC%7Bn3%9A%F0%1A%C6%86O%CA%5C%1B%F2%B5%BAh%9E%08%DDP%B9%19%F1 (617 bytes)
1400718891.206359 ccnd[679]: debug.3946 stale ccnx:/ccnx/%D7%C0.%E6%A2%06%2B%91%AF8hE%F6%C9U%84%F7%7D%A1%B3U%3F%CF%B4%1B%B0%85%A4%24x%11m/selfreg/%04%82%02%AA%03%B2%08%85%A8%25%21%9F%96o%AE%D8%8A%0A%5E%7F%EE%D3%B0%80A%FB%1D%3C%D1%AE%1A%3A%0Ex%C7%E7%B0%11%83%B2%1B%B8xl%85%A6Ut%80e%26mFB%A3%5E%13%FB%2B%C2%25E%F2A%E3%F5%C2%BCZ%CB%EF%5D%9F7%B5%2BX%F9%CD%D7N%A6%C6%3A%8Ft%84%868%3A%B0%DD15%95%04%9B%9F%CA%7C%21L%CD%F5%0C%17g%01%CA%2B%5B%EB%5D%E0%8C~%85E7%13%FD%0B%F7%A4%BE%D5%3E%F5%09X%21%0F%F1-%8Bv%00%00%F2%00%01%A2%03%E2%02%85%3F%CEUL%08m2%E5%A6%28%3Ew%CDb%836%8B%D9z%DA%5B%02%D776-%A5s%B2%09%84%40%00%02%BA%B5%057%D4b%12s%00%01%E2%01%DA%0A%950%81%9F0%0D%06%09%2A%86H%86%F7%0D%01%01%01%05%00%03%81%8D%000%81%89%02%81%81%00%C0%FB%16%1F%A6%9A%5E%A0%2A%D2%80%DA%8E%D9f%C1%85r%83t%A6%28P6%CC%20O%60%D9Pi%87%F3%F6%D7%8C%F8F%BFw%3C%08%10%FF%D8%02%3E%1B%03E%0B%24%D5T%3F%21T%FC%8Fl%5C%07%22%60o%AA%AF%8E%1E6%9A%7DvVbs%2C%BCrW-Z%0F%F1%9F%CA%DA%B3%E0%06%E9%81%F7-%01%16%D5%7D%DF%D4%21E%2F%B0%C1%A7%27%AF%C2%0C%B6%C3%EC%1C%BF%5D%82T%A5%DEa%C4%14%401%10%C6%23%02%03%01%00%01%00%00%00%01%9A%09%ED%05%8A%04%CA%BEselfreg%00%F2%FA%C5ccnx.org%00%FA%ADUsers%00%FA%A5user%00%FA%A5Keys%00%FA%02%B5%C1.M.K%00%3F%CEUL%08m2%E5%A6%28%3Ew%CDb%836%8B%D9z%DA%5B%02%D776-%A5s%B2%09%84%40%00%FA%BD%FD%04%FB%C93%60%00%00%00%03%E2%02%85%D7%C0.%E6%A2%06%2B%91%AF8hE%F6%C9U%84%F7%7D%A1%B3U%3F%CF%B4%1B%B0%85%A4%24x%11m%00%04%FA%8E3%00%03%D2%D62147483647%00%00%00%00/T6%167%E7%EBy%E7%2Bt0%28%7D%AF%2C%D4y%C6y%B1%FA%84%FBl%BA4%C9l%23%85%C0%8E (1139 bytes)
1400718891.311693 ccnd[679]: debug.3946 stale ccnx:/ccnx/%D7%C0.%E6%A2%06%2B%91%AF8hE%F6%C9U%84%F7%7D%A1%B3U%3F%CF%B4%1B%B0%85%A4%24x%11m/selfreg/%04%82%02%AA%03%B2%08%85X%E8%16%5CB%EA%0E%88U%D2%B0%1B%ABxR%C0T%85O%3A%9A%DF%B1%85%C6%A0%95%F9%DD%18Jx%90%D1%B5%92%83%19%9E%1Cy%5B%E2%FE%85%2F%9A%0D%D1M%93%DC%3C%A16%B5q%A1ct%AEo%B8O%CF%C9%DC%EC%F3%F1%E2%DC6%2B%14%0D%86%BB%8F%D9t%3A%C3%9FSMy%E8%D5%B3%3A%03%E9%8F%15x%28%197%1B_%D4%F6%B3%1D%90R%3A%D0z%00%8B%CC%83%C1%2C%D4F%A9%D1%14%FCq%CA%05%B2%AB%9C%00%00%F2%00%01%A2%03%E2%02%85%3F%CEUL%08m2%E5%A6%28%3Ew%CDb%836%8B%D9z%DA%5B%02%D776-%A5s%B2%09%84%40%00%02%BA%B5%057%D4b%14%83%00%01%E2%01%DA%0A%950%81%9F0%0D%06%09%2A%86H%86%F7%0D%01%01%01%05%00%03%81%8D%000%81%89%02%81%81%00%C0%FB%16%1F%A6%9A%5E%A0%2A%D2%80%DA%8E%D9f%C1%85r%83t%A6%28P6%CC%20O%60%D9Pi%87%F3%F6%D7%8C%F8F%BFw%3C%08%10%FF%D8%02%3E%1B%03E%0B%24%D5T%3F%21T%FC%8Fl%5C%07%22%60o%AA%AF%8E%1E6%9A%7DvVbs%2C%BCrW-Z%0F%F1%9F%CA%DA%B3%E0%06%E9%81%F7-%01%16%D5%7D%DF%D4%21E%2F%B0%C1%A7%27%AF%C2%0C%B6%C3%EC%1C%BF%5D%82T%A5%DEa%C4%14%401%10%C6%23%02%03%01%00%01%00%00%00%01%9A%05%9D%05%8A%04%CA%BEselfreg%00%F2%FA%A5test%00%FA%8D1%00%00%03%E2%02%85%D7%C0.%E6%A2%06%2B%91%AF8hE%F6%C9U%84%F7%7D%A1%B3U%3F%CF%B4%1B%B0%85%A4%24x%11m%00%04%FA%8E3%00%03%D2%D62147483647%00%00%00%00/%A7%18%A0%D86%CE%FCTd%0C%04%81%E6%CD%FF%5B%1C%C2%5E%BA%09n%96%F8%13%96%A1%AD%CF%E8%AD%B9 (991 bytes)
1400718894.066871 ccnd[679]: debug.3946 stale ccnx:/ccnx/%D7%C0.%E6%A2%06%2B%91%AF8hE%F6%C9U%84%F7%7D%A1%B3U%3F%CF%B4%1B%B0%85%A4%24x%11m/newface/%04%82%02%AA%03%B2%08%857%BF%D2%A9%80%DC5%C1g%AA%24K%EC%0De%9C%15%15%BE%B5%13%AC%82iI%1AK%C1%27%D6G%C9-G%C7%C0~%99%7C%1D%C9%AA%C4%12%17JT%E6%B3%07u%97%9A%D6J%19%BC%BF%98d%90%3CSe%00eM%5Bsw%8B%DDE%BEb%95%8D8Y%EAK%AC%5BN%A8bdIX4%9E%DE%8A%FBh%BB%C8%11%3FR%FF%B2%9AO%F7%BCN%15%83V%D1b%126%D1%ADT-%5E%8EYZ%7B%FF%18%CB%8C%A4%00%00%F2%00%01%A2%03%E2%02%85%3F%CEUL%08m2%E5%A6%28%3Ew%CDb%836%8B%D9z%DA%5B%02%D776-%A5s%B2%09%84%40%00%02%BA%B5%057%D4b%40%F8%00%01%E2%01%DA%0A%950%81%9F0%0D%06%09%2A%86H%86%F7%0D%01%01%01%05%00%03%81%8D%000%81%89%02%81%81%00%C0%FB%16%1F%A6%9A%5E%A0%2A%D2%80%DA%8E%D9f%C1%85r%83t%A6%28P6%CC%20O%60%D9Pi%87%F3%F6%D7%8C%F8F%BFw%3C%08%10%FF%D8%02%3E%1B%03E%0B%24%D5T%3F%21T%FC%8Fl%5C%07%22%60o%AA%AF%8E%1E6%9A%7DvVbs%2C%BCrW-Z%0F%F1%9F%CA%DA%B3%E0%06%E9%81%F7-%01%16%D5%7D%DF%D4%21E%2F%B0%C1%A7%27%AF%C2%0C%B6%C3%EC%1C%BF%5D%82T%A5%DEa%C4%14%401%10%C6%23%02%03%01%00%01%00%00%00%01%9A%06%AD%05%82%04%CA%BEnewface%00%03%E2%02%85%D7%C0.%E6%A2%06%2B%91%AF8hE%F6%C9U%84%F7%7D%A1%B3U%3F%CF%B4%1B%B0%85%A4%24x%11m%00%04%D2%8E0%00%04%DA%9617%00%04%E2%EE192.168.122.2%00%04%EA%A66001%00%03%D2%D62147483647%00%00%00%00/U%07%D4%3D%0AR%A6%17%28%18%0C%A7%BE0%D7%C6A%C03%E1%D8%B7%D2%AAV%9A3%18%B36%F96 (1022 bytes)
1400718894.072138 ccnd[679]: debug.3946 stale ccnx:/ccnx/%D7%C0.%E6%A2%06%2B%91%AF8hE%F6%C9U%84%F7%7D%A1%B3U%3F%CF%B4%1B%B0%85%A4%24x%11m/prefixreg/%04%82%02%AA%03%B2%08%85r%85%17e9%BD%DB%87%046t%5E%08eHSCk%06z%0E7%AC%5B%1Dl%22a%01%3D3-%BBK%13%88%7B%EF%F2%D5d%BE%1FL%1C%9C%D9%12%FEl%FB%07W%26%8B50%E9%98%BDaT%C2%EE%40b%A9h%AE8%C5H%A0%C6%D2x%AE%E2%CB%99H%F0%7D5%C0%A0%F5%C9%D4%23%DC%A7%E9%87%A9%13%96%88%60%5E%A7%8F%84%C3sc7%0CK%04S%96%14%EDJ%5B%9B%D5b%85%5D%E0%A5%A5%E6%96i%7C%00%00%F2%00%01%A2%03%E2%02%85%3F%CEUL%08m2%E5%A6%28%3Ew%CDb%836%8B%D9z%DA%5B%02%D776-%A5s%B2%09%84%40%00%02%BA%B5%057%D4bA%0C%00%01%E2%01%DA%0A%950%81%9F0%0D%06%09%2A%86H%86%F7%0D%01%01%01%05%00%03%81%8D%000%81%89%02%81%81%00%C0%FB%16%1F%A6%9A%5E%A0%2A%D2%80%DA%8E%D9f%C1%85r%83t%A6%28P6%CC%20O%60%D9Pi%87%F3%F6%D7%8C%F8F%BFw%3C%08%10%FF%D8%02%3E%1B%03E%0B%24%D5T%3F%21T%FC%8Fl%5C%07%22%60o%AA%AF%8E%1E6%9A%7DvVbs%2C%BCrW-Z%0F%F1%9F%CA%DA%B3%E0%06%E9%81%F7-%01%16%D5%7D%DF%D4%21E%2F%B0%C1%A7%27%AF%C2%0C%B6%C3%EC%1C%BF%5D%82T%A5%DEa%C4%14%401%10%C6%23%02%03%01%00%01%00%00%00%01%9A%04%D5%05%8A%04%CA%CEprefixreg%00%F2%00%03%E2%02%85%D7%C0.%E6%A2%06%2B%91%AF8hE%F6%C9U%84%F7%7D%A1%B3U%3F%CF%B4%1B%B0%85%A4%24x%11m%00%04%D2%8E7%00%03%D2%D62147483647%00%00%00%00/Grb%26%AC%AB7%40%25%16%8E%09%FF%A79R%E4%157%D8%19%E8%F8%1B%8CH%DD%9A%C2%A1%AAv (977 bytes)
1400718895.411697 ccnd[679]: debug.3946 stale ccnx:/%C1.M.S.neighborhood/%C1.M.SRV/ccnd/KEY/%C1.M.K%00%D7%C0.%E6%A2%06%2B%91%AF8hE%F6%C9U%84%F7%7D%A1%B3U%3F%CF%B4%1B%B0%85%A4%24x%11m/%FD%057%D4_%CE%8E/%00/%94s%F6S%80%DC%2B%D6%DC%7Bn3%9A%F0%1A%C6%86O%CA%5C%1B%F2%B5%BAh%9E%08%DDP%B9%19%F1 (617 bytes)
