1400719086.000000 ccnd[670]: 6001 ____________________ Thu May 22 00:38:06 2014
1400719086.675319 ccnd[670]: CCND_DEBUG=-1 CCND_CAP=50000
1400719086.675498 ccnd[670]: listening on /tmp/.ccnd.sock.6001
1400719086.675565 ccnd[670]: accepting ipv4 datagrams on fd 4 rcvbuf 124928
1400719086.675587 ccnd[670]: accepting ipv4 connections on fd 5
1400719086.675633 ccnd[670]: accepting ipv6 datagrams on fd 6 rcvbuf 124928
1400719086.675655 ccnd[670]: accepting ipv6 connections on fd 7
1400719086.677800 ccnd[670]: debug.2428 prefix,ff=3 0 ccnx:/ccnx/ping (16 bytes)
1400719086.677903 ccnd[670]: debug.2428 prefix,ff=3 0 ccnx:/%C1.M.S.localhost/%C1.M.SRV/ccnd (37 bytes)
1400719086.677920 ccnd[670]: debug.2428 prefix,ff=3 0 ccnx:/%C1.M.S.neighborhood (24 bytes)
1400719086.677948 ccnd[670]: debug.2428 prefix,ff=0x17 0 ccnx:/ccnx/%D7%C0.%E6%A2%06%2B%91%AF8hE%F6%C9U%84%F7%7D%A1%B3U%3F%CF%B4%1B%B0%85%A4%24x%11m (45 bytes)
1400719086.677961 ccnd[670]: debug.2428 prefix,ff=0x23 0 ccnx:/%C1.M.S.localhost (20 bytes)
1400719086.725765 ccnd[670]: accepted client fd=8 id=6
1400719086.725985 ccnd[670]: shutdown client fd=8 id=6
1400719086.726004 ccnd[670]: recycling face id 6 (slot 6)
1400719086.731865 ccnd[670]: accepted client fd=8 id=6
1400719086.731951 ccnd[670]: shutdown client fd=8 id=6
1400719086.731965 ccnd[670]: recycling face id 6 (slot 6)
1400719122.000000 ccnd[670]: 6001 ____________________ Thu May 22 00:38:42 2014
1400719122.827669 ccnd[670]: accepted client fd=8 id=6
1400719122.879637 ccnd[670]: debug.3807 interest_from 6 ccnx:/%C1.M.S.localhost/%C1.M.SRV/ccnd/KEY (51 bytes,scope=1)
1400719122.879661 ccnd[670]: version: 20090701, prefix_comps: 4, min_suffix_comps: 0, max_suffix_comps: 32767, orderpref: 0, answerfrom: 3, scope: 1, lifetime: 4.0000, excl: 0 bytes, etc: 0 bytes
1400719122.879681 ccnd[670]: fwd.3059 adding 0
1400719122.879689 ccnd[670]: fwd.3059 adding 0
1400719122.879696 ccnd[670]: outbound.3131 adding 0
1400719122.879717 ccnd[670]: debug.3523 0x115bd20.0of1,usec=632+3999368 6 ccnx:/%C1.M.S.localhost/%C1.M.SRV/ccnd/KEY (67 bytes,scope=1) D7C02E-029E-0006-12D3-A4770D
1400719122.880812 ccnd[670]: debug.3210 interest_to 0 ccnx:/%C1.M.S.localhost/%C1.M.SRV/ccnd/KEY (67 bytes,scope=1) D7C02E-029E-0006-12D3-A4770D
1400719122.880836 ccnd[670]: debug.158 ccnd_answer_req ccnx:/%C1.M.S.localhost/%C1.M.SRV/ccnd/KEY (67 bytes,scope=1) D7C02E-029E-0006-12D3-A4770D
1400719122.881939 ccnd[670]: debug.4109 content_from 0 ccnx:/%C1.M.S.localhost/%C1.M.SRV/ccnd/KEY/%C1.M.K%00%D7%C0.%E6%A2%06%2B%91%AF8hE%F6%C9U%84%F7%7D%A1%B3U%3F%CF%B4%1B%B0%85%A4%24x%11m/%FD%057%D4n%EA%CE/%00/G%16%D6%1F%01%F6%BA%90%1F%1E4%C6E%E4%82%0C%EF%D5x%0B%B8%D0%26%FE%97%AB%18%11%B5F%FC%F6 (611 bytes)
1400719122.881956 ccnd[670]: fwd.3059 adding 0
1400719122.881964 ccnd[670]: fwd.3059 adding 0
1400719122.881975 ccnd[670]: face 6 q 0 delay 3 usec
1400719122.881992 ccnd[670]: debug.1526 consume 6 ccnx:/%C1.M.S.localhost/%C1.M.SRV/ccnd/KEY (67 bytes,scope=1) D7C02E-029E-0006-12D3-A4770D
1400719122.881999 ccnd[670]: sl.1598 0 ci=4 osrc=4294967295 src=0 usec=8865
1400719122.882006 ccnd[670]: sl.1598 0 ci=3 osrc=4294967295 src=0 usec=8865
1400719122.882013 ccnd[670]: fwd.3059 adding 0
1400719122.882020 ccnd[670]: fwd.3059 adding 0
1400719122.882046 ccnd[670]: debug.1268 content_to 6 ccnx:/%C1.M.S.localhost/%C1.M.SRV/ccnd/KEY/%C1.M.K%00%D7%C0.%E6%A2%06%2B%91%AF8hE%F6%C9U%84%F7%7D%A1%B3U%3F%CF%B4%1B%B0%85%A4%24x%11m/%FD%057%D4n%EA%CE/%00/G%16%D6%1F%01%F6%BA%90%1F%1E4%C6E%E4%82%0C%EF%D5x%0B%B8%D0%26%FE%97%AB%18%11%B5F%FC%F6 (611 bytes)
1400719122.894865 ccnd[670]: debug.3807 interest_from 6 ccnx:/%C1.M.S.localhost/%C1.M.SRV/ccnd/KEY/%C1.M.K%00%D7%C0.%E6%A2%06%2B%91%AF8hE%F6%C9U%84%F7%7D%A1%B3U%3F%CF%B4%1B%B0%85%A4%24x%11m/%FD%057%D4n%EA%CE (108 bytes)
1400719122.894889 ccnd[670]: version: 20090701, prefix_comps: 6, min_suffix_comps: 1, max_suffix_comps: 3, orderpref: 0, answerfrom: 3, scope: -1, lifetime: 4.0000, excl: 0 bytes, etc: 0 bytes
1400719122.894923 ccnd[670]: debug.3856 first_candidate ccnx:/%C1.M.S.localhost/%C1.M.SRV/ccnd/KEY/%C1.M.K%00%D7%C0.%E6%A2%06%2B%91%AF8hE%F6%C9U%84%F7%7D%A1%B3U%3F%CF%B4%1B%B0%85%A4%24x%11m/%FD%057%D4n%EA%CE/%00/G%16%D6%1F%01%F6%BA%90%1F%1E4%C6E%E4%82%0C%EF%D5x%0B%B8%D0%26%FE%97%AB%18%11%B5F%FC%F6 (611 bytes)
1400719122.894972 ccnd[670]: debug.3884 matches ccnx:/%C1.M.S.localhost/%C1.M.SRV/ccnd/KEY/%C1.M.K%00%D7%C0.%E6%A2%06%2B%91%AF8hE%F6%C9U%84%F7%7D%A1%B3U%3F%CF%B4%1B%B0%85%A4%24x%11m/%FD%057%D4n%EA%CE/%00/G%16%D6%1F%01%F6%BA%90%1F%1E4%C6E%E4%82%0C%EF%D5x%0B%B8%D0%26%FE%97%AB%18%11%B5F%FC%F6 (611 bytes)
1400719122.894982 ccnd[670]: face 6 q 0 delay 3 usec
1400719122.895002 ccnd[670]: debug.3918 consume 6 ccnx:/%C1.M.S.localhost/%C1.M.SRV/ccnd/KEY/%C1.M.K%00%D7%C0.%E6%A2%06%2B%91%AF8hE%F6%C9U%84%F7%7D%A1%B3U%3F%CF%B4%1B%B0%85%A4%24x%11m/%FD%057%D4n%EA%CE (108 bytes)
1400719122.895010 ccnd[670]: fwd.3059 adding 0
1400719122.895017 ccnd[670]: fwd.3059 adding 0
1400719122.895025 ccnd[670]: fwd.3059 adding 0
1400719122.895032 ccnd[670]: fwd.3059 adding 0
1400719122.895057 ccnd[670]: debug.1268 content_to 6 ccnx:/%C1.M.S.localhost/%C1.M.SRV/ccnd/KEY/%C1.M.K%00%D7%C0.%E6%A2%06%2B%91%AF8hE%F6%C9U%84%F7%7D%A1%B3U%3F%CF%B4%1B%B0%85%A4%24x%11m/%FD%057%D4n%EA%CE/%00/G%16%D6%1F%01%F6%BA%90%1F%1E4%C6E%E4%82%0C%EF%D5x%0B%B8%D0%26%FE%97%AB%18%11%B5F%FC%F6 (611 bytes)
1400719123.076275 ccnd[670]: debug.3807 interest_from 6 ccnx:/ccnx/%D7%C0.%E6%A2%06%2B%91%AF8hE%F6%C9U%84%F7%7D%A1%B3U%3F%CF%B4%1B%B0%85%A4%24x%11m/selfreg/%04%82%02%AA%03%B2%08%85%1A%DF%12%0D%C4%F4oj%1D%FD%7FS%9FM%28%0Br%3C%A4%F6f%15%98%AFE4%9F%7C%E6%F1X%92%8B%09%EE%7C%85Y%A2%F0%BB_%82%0C%E4%F1%BA%2A%B6%7D%BD%B8%BEC%FF%D3%8C%25t%14I%F1%D5%94I%EC%0Cg%C83%2B%96%B3%D4%8Db%01%1A%A1PzEy%A7k%9D%2C%80%B9a%85%02%7D%DF%2F%85%AD%80%EBo%9A%8F%B7%E8%17%C5%EA%B0%0B%23g0%B3%60%23n%CE%A1%A8%1ET%C4%13%05%DA~%7C%1F%00%00%F2%00%01%A2%03%E2%02%85%3F%CEUL%08m2%E5%A6%28%3Ew%CDb%836%8B%D9z%DA%5B%02%D776-%A5s%B2%09%84%40%00%02%BA%B5%057%D4q0%83%00%01%E2%01%DA%0A%950%81%9F0%0D%06%09%2A%86H%86%F7%0D%01%01%01%05%00%03%81%8D%000%81%89%02%81%81%00%C0%FB%16%1F%A6%9A%5E%A0%2A%D2%80%DA%8E%D9f%C1%85r%83t%A6%28P6%CC%20O%60%D9Pi%87%F3%F6%D7%8C%F8F%BFw%3C%08%10%FF%D8%02%3E%1B%03E%0B%24%D5T%3F%21T%FC%8Fl%5C%07%22%60o%AA%AF%8E%1E6%9A%7DvVbs%2C%BCrW-Z%0F%F1%9F%CA%DA%B3%E0%06%E9%81%F7-%01%16%D5%7D%DF%D4%21E%2F%B0%C1%A7%27%AF%C2%0C%B6%C3%EC%1C%BF%5D%82T%A5%DEa%C4%14%401%10%C6%23%02%03%01%00%01%00%00%00%01%9A%09%ED%05%8A%04%CA%BEselfreg%00%F2%FA%C5ccnx.org%00%FA%ADUsers%00%FA%A5user%00%FA%A5Keys%00%FA%02%B5%C1.M.K%00%3F%CEUL%08m2%E5%A6%28%3Ew%CDb%836%8B%D9z%DA%5B%02%D776-%A5s%B2%09%84%40%00%FA%BD%FD%04%FB%C93%60%00%00%00%03%E2%02%85%D7%C0.%E6%A2%06%2B%91%AF8hE%F6%C9U%84%F7%7D%A1%B3U%3F%CF%B4%1B%B0%85%A4%24x%11m%00%04%FA%8E3%00%03%D2%D62147483647%00%00%00%00 (590 bytes,scope=1)
1400719123.076305 ccnd[670]: version: 20090701, prefix_comps: 4, min_suffix_comps: 0, max_suffix_comps: 32767, orderpref: 0, answerfrom: 3, scope: 1, lifetime: 4.0000, excl: 0 bytes, etc: 0 bytes
1400719123.000000 ccnd[670]: 6001 ____________________ Thu May 22 00:38:43 2014
1400719123.076339 ccnd[670]: debug.3856 first_candidate ccnx:/%C1.M.S.localhost/%C1.M.SRV/ccnd/KEY/%C1.M.K%00%D7%C0.%E6%A2%06%2B%91%AF8hE%F6%C9U%84%F7%7D%A1%B3U%3F%CF%B4%1B%B0%85%A4%24x%11m/%FD%057%D4n%EA%CE/%00/G%16%D6%1F%01%F6%BA%90%1F%1E4%C6E%E4%82%0C%EF%D5x%0B%B8%D0%26%FE%97%AB%18%11%B5F%FC%F6 (611 bytes)
1400719123.076449 ccnd[670]: debug.3863 prefix_mismatch ccnx:/ccnx/%D7%C0.%E6%A2%06%2B%91%AF8hE%F6%C9U%84%F7%7D%A1%B3U%3F%CF%B4%1B%B0%85%A4%24x%11m/selfreg/%04%82%02%AA%03%B2%08%85%1A%DF%12%0D%C4%F4oj%1D%FD%7FS%9FM%28%0Br%3C%A4%F6f%15%98%AFE4%9F%7C%E6%F1X%92%8B%09%EE%7C%85Y%A2%F0%BB_%82%0C%E4%F1%BA%2A%B6%7D%BD%B8%BEC%FF%D3%8C%25t%14I%F1%D5%94I%EC%0Cg%C83%2B%96%B3%D4%8Db%01%1A%A1PzEy%A7k%9D%2C%80%B9a%85%02%7D%DF%2F%85%AD%80%EBo%9A%8F%B7%E8%17%C5%EA%B0%0B%23g0%B3%60%23n%CE%A1%A8%1ET%C4%13%05%DA~%7C%1F%00%00%F2%00%01%A2%03%E2%02%85%3F%CEUL%08m2%E5%A6%28%3Ew%CDb%836%8B%D9z%DA%5B%02%D776-%A5s%B2%09%84%40%00%02%BA%B5%057%D4q0%83%00%01%E2%01%DA%0A%950%81%9F0%0D%06%09%2A%86H%86%F7%0D%01%01%01%05%00%03%81%8D%000%81%89%02%81%81%00%C0%FB%16%1F%A6%9A%5E%A0%2A%D2%80%DA%8E%D9f%C1%85r%83t%A6%28P6%CC%20O%60%D9Pi%87%F3%F6%D7%8C%F8F%BFw%3C%08%10%FF%D8%02%3E%1B%03E%0B%24%D5T%3F%21T%FC%8Fl%5C%07%22%60o%AA%AF%8E%1E6%9A%7DvVbs%2C%BCrW-Z%0F%F1%9F%CA%DA%B3%E0%06%E9%81%F7-%01%16%D5%7D%DF%D4%21E%2F%B0%C1%A7%27%AF%C2%0C%B6%C3%EC%1C%BF%5D%82T%A5%DEa%C4%14%401%10%C6%23%02%03%01%00%01%00%00%00%01%9A%09%ED%05%8A%04%CA%BEselfreg%00%F2%FA%C5ccnx.org%00%FA%ADUsers%00%FA%A5user%00%FA%A5Keys%00%FA%02%B5%C1.M.K%00%3F%CEUL%08m2%E5%A6%28%3Ew%CDb%836%8B%D9z%DA%5B%02%D776-%A5s%B2%09%84%40%00%FA%BD%FD%04%FB%C93%60%00%00%00%03%E2%02%85%D7%C0.%E6%A2%06%2B%91%AF8hE%F6%C9U%84%F7%7D%A1%B3U%3F%CF%B4%1B%B0%85%A4%24x%11m%00%04%FA%8E3%00%03%D2%D62147483647%00%00%00%00 (590 bytes,scope=1)
1400719123.076472 ccnd[670]: fwd.3059 adding 0
1400719123.076481 ccnd[670]: outbound.3131 adding 0
1400719123.076573 ccnd[670]: debug.3523 0x115bdb0.0of1,usec=3787+3996213 6 ccnx:/ccnx/%D7%C0.%E6%A2%06%2B%91%AF8hE%F6%C9U%84%F7%7D%A1%B3U%3F%CF%B4%1B%B0%85%A4%24x%11m/selfreg/%04%82%02%AA%03%B2%08%85%1A%DF%12%0D%C4%F4oj%1D%FD%7FS%9FM%28%0Br%3C%A4%F6f%15%98%AFE4%9F%7C%E6%F1X%92%8B%09%EE%7C%85Y%A2%F0%BB_%82%0C%E4%F1%BA%2A%B6%7D%BD%B8%BEC%FF%D3%8C%25t%14I%F1%D5%94I%EC%0Cg%C83%2B%96%B3%D4%8Db%01%1A%A1PzEy%A7k%9D%2C%80%B9a%85%02%7D%DF%2F%85%AD%80%EBo%9A%8F%B7%E8%17%C5%EA%B0%0B%23g0%B3%60%23n%CE%A1%A8%1ET%C4%13%05%DA~%7C%1F%00%00%F2%00%01%A2%03%E2%02%85%3F%CEUL%08m2%E5%A6%28%3Ew%CDb%836%8B%D9z%DA%5B%02%D776-%A5s%B2%09%84%40%00%02%BA%B5%057%D4q0%83%00%01%E2%01%DA%0A%950%81%9F0%0D%06%09%2A%86H%86%F7%0D%01%01%01%05%00%03%81%8D%000%81%89%02%81%81%00%C0%FB%16%1F%A6%9A%5E%A0%2A%D2%80%DA%8E%D9f%C1%85r%83t%A6%28P6%CC%20O%60%D9Pi%87%F3%F6%D7%8C%F8F%BFw%3C%08%10%FF%D8%02%3E%1B%03E%0B%24%D5T%3F%21T%FC%8Fl%5C%07%22%60o%AA%AF%8E%1E6%9A%7DvVbs%2C%BCrW-Z%0F%F1%9F%CA%DA%B3%E0%06%E9%81%F7-%01%16%D5%7D%DF%D4%21E%2F%B0%C1%A7%27%AF%C2%0C%B6%C3%EC%1C%BF%5D%82T%A5%DEa%C4%14%401%10%C6%23%02%03%01%00%01%00%00%00%01%9A%09%ED%05%8A%04%CA%BEselfreg%00%F2%FA%C5ccnx.org%00%FA%ADUsers%00%FA%A5user%00%FA%A5Keys%00%FA%02%B5%C1.M.K%00%3F%CEUL%08m2%E5%A6%28%3Ew%CDb%836%8B%D9z%DA%5B%02%D776-%A5s%B2%09%84%40%00%FA%BD%FD%04%FB%C93%60%00%00%00%03%E2%02%85%D7%C0.%E6%A2%06%2B%91%AF8hE%F6%C9U%84%F7%7D%A1%B3U%3F%CF%B4%1B%B0%85%A4%24x%11m%00%04%FA%8E3%00%03%D2%D62147483647%00%00%00%00 (606 bytes,scope=1) D7C02E-029E-0006-12E5-8ECEA6
1400719123.080744 ccnd[670]: debug.3210 interest_to 0 ccnx:/ccnx/%D7%C0.%E6%A2%06%2B%91%AF8hE%F6%C9U%84%F7%7D%A1%B3U%3F%CF%B4%1B%B0%85%A4%24x%11m/selfreg/%04%82%02%AA%03%B2%08%85%1A%DF%12%0D%C4%F4oj%1D%FD%7FS%9FM%28%0Br%3C%A4%F6f%15%98%AFE4%9F%7C%E6%F1X%92%8B%09%EE%7C%85Y%A2%F0%BB_%82%0C%E4%F1%BA%2A%B6%7D%BD%B8%BEC%FF%D3%8C%25t%14I%F1%D5%94I%EC%0Cg%C83%2B%96%B3%D4%8Db%01%1A%A1PzEy%A7k%9D%2C%80%B9a%85%02%7D%DF%2F%85%AD%80%EBo%9A%8F%B7%E8%17%C5%EA%B0%0B%23g0%B3%60%23n%CE%A1%A8%1ET%C4%13%05%DA~%7C%1F%00%00%F2%00%01%A2%03%E2%02%85%3F%CEUL%08m2%E5%A6%28%3Ew%CDb%836%8B%D9z%DA%5B%02%D776-%A5s%B2%09%84%40%00%02%BA%B5%057%D4q0%83%00%01%E2%01%DA%0A%950%81%9F0%0D%06%09%2A%86H%86%F7%0D%01%01%01%05%00%03%81%8D%000%81%89%02%81%81%00%C0%FB%16%1F%A6%9A%5E%A0%2A%D2%80%DA%8E%D9f%C1%85r%83t%A6%28P6%CC%20O%60%D9Pi%87%F3%F6%D7%8C%F8F%BFw%3C%08%10%FF%D8%02%3E%1B%03E%0B%24%D5T%3F%21T%FC%8Fl%5C%07%22%60o%AA%AF%8E%1E6%9A%7DvVbs%2C%BCrW-Z%0F%F1%9F%CA%DA%B3%E0%06%E9%81%F7-%01%16%D5%7D%DF%D4%21E%2F%B0%C1%A7%27%AF%C2%0C%B6%C3%EC%1C%BF%5D%82T%A5%DEa%C4%14%401%10%C6%23%02%03%01%00%01%00%00%00%01%9A%09%ED%05%8A%04%CA%BEselfreg%00%F2%FA%C5ccnx.org%00%FA%ADUsers%00%FA%A5user%00%FA%A5Keys%00%FA%02%B5%C1.M.K%00%3F%CEUL%08m2%E5%A6%28%3Ew%CDb%836%8B%D9z%DA%5B%02%D776-%A5s%B2%09%84%40%00%FA%BD%FD%04%FB%C93%60%00%00%00%03%E2%02%85%D7%C0.%E6%A2%06%2B%91%AF8hE%F6%C9U%84%F7%7D%A1%B3U%3F%CF%B4%1B%B0%85%A4%24x%11m%00%04%FA%8E3%00%03%D2%D62147483647%00%00%00%00 (606 bytes,scope=1) D7C02E-029E-0006-12E5-8ECEA6
1400719123.080877 ccnd[670]: debug.158 ccnd_answer_req ccnx:/ccnx/%D7%C0.%E6%A2%06%2B%91%AF8hE%F6%C9U%84%F7%7D%A1%B3U%3F%CF%B4%1B%B0%85%A4%24x%11m/selfreg/%04%82%02%AA%03%B2%08%85%1A%DF%12%0D%C4%F4oj%1D%FD%7FS%9FM%28%0Br%3C%A4%F6f%15%98%AFE4%9F%7C%E6%F1X%92%8B%09%EE%7C%85Y%A2%F0%BB_%82%0C%E4%F1%BA%2A%B6%7D%BD%B8%BEC%FF%D3%8C%25t%14I%F1%D5%94I%EC%0Cg%C83%2B%96%B3%D4%8Db%01%1A%A1PzEy%A7k%9D%2C%80%B9a%85%02%7D%DF%2F%85%AD%80%EBo%9A%8F%B7%E8%17%C5%EA%B0%0B%23g0%B3%60%23n%CE%A1%A8%1ET%C4%13%05%DA~%7C%1F%00%00%F2%00%01%A2%03%E2%02%85%3F%CEUL%08m2%E5%A6%28%3Ew%CDb%836%8B%D9z%DA%5B%02%D776-%A5s%B2%09%84%40%00%02%BA%B5%057%D4q0%83%00%01%E2%01%DA%0A%950%81%9F0%0D%06%09%2A%86H%86%F7%0D%01%01%01%05%00%03%81%8D%000%81%89%02%81%81%00%C0%FB%16%1F%A6%9A%5E%A0%2A%D2%80%DA%8E%D9f%C1%85r%83t%A6%28P6%CC%20O%60%D9Pi%87%F3%F6%D7%8C%F8F%BFw%3C%08%10%FF%D8%02%3E%1B%03E%0B%24%D5T%3F%21T%FC%8Fl%5C%07%22%60o%AA%AF%8E%1E6%9A%7DvVbs%2C%BCrW-Z%0F%F1%9F%CA%DA%B3%E0%06%E9%81%F7-%01%16%D5%7D%DF%D4%21E%2F%B0%C1%A7%27%AF%C2%0C%B6%C3%EC%1C%BF%5D%82T%A5%DEa%C4%14%401%10%C6%23%02%03%01%00%01%00%00%00%01%9A%09%ED%05%8A%04%CA%BEselfreg%00%F2%FA%C5ccnx.org%00%FA%ADUsers%00%FA%A5user%00%FA%A5Keys%00%FA%02%B5%C1.M.K%00%3F%CEUL%08m2%E5%A6%28%3Ew%CDb%836%8B%D9z%DA%5B%02%D776-%A5s%B2%09%84%40%00%FA%BD%FD%04%FB%C93%60%00%00%00%03%E2%02%85%D7%C0.%E6%A2%06%2B%91%AF8hE%F6%C9U%84%F7%7D%A1%B3U%3F%CF%B4%1B%B0%85%A4%24x%11m%00%04%FA%8E3%00%03%D2%D62147483647%00%00%00%00 (606 bytes,scope=1) D7C02E-029E-0006-12E5-8ECEA6
1400719123.081032 ccnd[670]: debug.2428 prefix,ff=3 6 ccnx:/ccnx.org/Users/user/Keys/%C1.M.K%00%3F%CEUL%08m2%E5%A6%28%3Ew%CDb%836%8B%D9z%DA%5B%02%D776-%A5s%B2%09%84%40/%FD%04%FB%C93%60%00 (87 bytes)
1400719123.081697 ccnd[670]: debug.280 ccnd_answer_req_response ccnx:/ccnx/%D7%C0.%E6%A2%06%2B%91%AF8hE%F6%C9U%84%F7%7D%A1%B3U%3F%CF%B4%1B%B0%85%A4%24x%11m/selfreg/%04%82%02%AA%03%B2%08%85%1A%DF%12%0D%C4%F4oj%1D%FD%7FS%9FM%28%0Br%3C%A4%F6f%15%98%AFE4%9F%7C%E6%F1X%92%8B%09%EE%7C%85Y%A2%F0%BB_%82%0C%E4%F1%BA%2A%B6%7D%BD%B8%BEC%FF%D3%8C%25t%14I%F1%D5%94I%EC%0Cg%C83%2B%96%B3%D4%8Db%01%1A%A1PzEy%A7k%9D%2C%80%B9a%85%02%7D%DF%2F%85%AD%80%EBo%9A%8F%B7%E8%17%C5%EA%B0%0B%23g0%B3%60%23n%CE%A1%A8%1ET%C4%13%05%DA~%7C%1F%00%00%F2%00%01%A2%03%E2%02%85%3F%CEUL%08m2%E5%A6%28%3Ew%CDb%836%8B%D9z%DA%5B%02%D776-%A5s%B2%09%84%40%00%02%BA%B5%057%D4q0%83%00%01%E2%01%DA%0A%950%81%9F0%0D%06%09%2A%86H%86%F7%0D%01%01%01%05%00%03%81%8D%000%81%89%02%81%81%00%C0%FB%16%1F%A6%9A%5E%A0%2A%D2%80%DA%8E%D9f%C1%85r%83t%A6%28P6%CC%20O%60%D9Pi%87%F3%F6%D7%8C%F8F%BFw%3C%08%10%FF%D8%02%3E%1B%03E%0B%24%D5T%3F%21T%FC%8Fl%5C%07%22%60o%AA%AF%8E%1E6%9A%7DvVbs%2C%BCrW-Z%0F%F1%9F%CA%DA%B3%E0%06%E9%81%F7-%01%16%D5%7D%DF%D4%21E%2F%B0%C1%A7%27%AF%C2%0C%B6%C3%EC%1C%BF%5D%82T%A5%DEa%C4%14%401%10%C6%23%02%03%01%00%01%00%00%00%01%9A%09%ED%05%8A%04%CA%BEselfreg%00%F2%FA%C5ccnx.org%00%FA%ADUsers%00%FA%A5user%00%FA%A5Keys%00%FA%02%B5%C1.M.K%00%3F%CEUL%08m2%E5%A6%28%3Ew%CDb%836%8B%D9z%DA%5B%02%D776-%A5s%B2%09%84%40%00%FA%BD%FD%04%FB%C93%60%00%00%00%03%E2%02%85%D7%C0.%E6%A2%06%2B%91%AF8hE%F6%C9U%84%F7%7D%A1%B3U%3F%CF%B4%1B%B0%85%A4%24x%11m%00%04%FA%8E3%00%03%D2%D62147483647%00%00%00%00 (1103 bytes)
1400719123.081805 ccnd[670]: debug.4109 content_from 0 ccnx:/ccnx/%D7%C0.%E6%A2%06%2B%91%AF8hE%F6%C9U%84%F7%7D%A1%B3U%3F%CF%B4%1B%B0%85%A4%24x%11m/selfreg/%04%82%02%AA%03%B2%08%85%1A%DF%12%0D%C4%F4oj%1D%FD%7FS%9FM%28%0Br%3C%A4%F6f%15%98%AFE4%9F%7C%E6%F1X%92%8B%09%EE%7C%85Y%A2%F0%BB_%82%0C%E4%F1%BA%2A%B6%7D%BD%B8%BEC%FF%D3%8C%25t%14I%F1%D5%94I%EC%0Cg%C83%2B%96%B3%D4%8Db%01%1A%A1PzEy%A7k%9D%2C%80%B9a%85%02%7D%DF%2F%85%AD%80%EBo%9A%8F%B7%E8%17%C5%EA%B0%0B%23g0%B3%60%23n%CE%A1%A8%1ET%C4%13%05%DA~%7C%1F%00%00%F2%00%01%A2%03%E2%02%85%3F%CEUL%08m2%E5%A6%28%3Ew%CDb%836%8B%D9z%DA%5B%02%D776-%A5s%B2%09%84%40%00%02%BA%B5%057%D4q0%83%00%01%E2%01%DA%0A%950%81%9F0%0D%06%09%2A%86H%86%F7%0D%01%01%01%05%00%03%81%8D%000%81%89%02%81%81%00%C0%FB%16%1F%A6%9A%5E%A0%2A%D2%80%DA%8E%D9f%C1%85r%83t%A6%28P6%CC%20O%60%D9Pi%87%F3%F6%D7%8C%F8F%BFw%3C%08%10%FF%D8%02%3E%1B%03E%0B%24%D5T%3F%21T%FC%8Fl%5C%07%22%60o%AA%AF%8E%1E6%9A%7DvVbs%2C%BCrW-Z%0F%F1%9F%CA%DA%B3%E0%06%E9%81%F7-%01%16%D5%7D%DF%D4%21E%2F%B0%C1%A7%27%AF%C2%0C%B6%C3%EC%1C%BF%5D%82T%A5%DEa%C4%14%401%10%C6%23%02%03%01%00%01%00%00%00%01%9A%09%ED%05%8A%04%CA%BEselfreg%00%F2%FA%C5ccnx.org%00%FA%ADUsers%00%FA%A5user%00%FA%A5Keys%00%FA%02%B5%C1.M.K%00%3F%CEUL%08m2%E5%A6%28%3Ew%CDb%836%8B%D9z%DA%5B%02%D776-%A5s%B2%09%84%40%00%FA%BD%FD%04%FB%C93%60%00%00%00%03%E2%02%85%D7%C0.%E6%A2%06%2B%91%AF8hE%F6%C9U%84%F7%7D%A1%B3U%3F%CF%B4%1B%B0%85%A4%24x%11m%00%04%FA%8E3%00%03%D2%D62147483647%00%00%00%00/_F%EB%C0%FC%F0%1A%BC%2F%22d%17W%E2%B3%04k%2B%23%CFH%9Dg%BB%E4%06E%9D%05%DB%CB%26 (1139 bytes)
1400719123.081835 ccnd[670]: fwd.3059 adding 0
1400719123.081848 ccnd[670]: face 6 q 0 delay 3 usec
1400719123.081935 ccnd[670]: debug.1526 consume 6 ccnx:/ccnx/%D7%C0.%E6%A2%06%2B%91%AF8hE%F6%C9U%84%F7%7D%A1%B3U%3F%CF%B4%1B%B0%85%A4%24x%11m/selfreg/%04%82%02%AA%03%B2%08%85%1A%DF%12%0D%C4%F4oj%1D%FD%7FS%9FM%28%0Br%3C%A4%F6f%15%98%AFE4%9F%7C%E6%F1X%92%8B%09%EE%7C%85Y%A2%F0%BB_%82%0C%E4%F1%BA%2A%B6%7D%BD%B8%BEC%FF%D3%8C%25t%14I%F1%D5%94I%EC%0Cg%C83%2B%96%B3%D4%8Db%01%1A%A1PzEy%A7k%9D%2C%80%B9a%85%02%7D%DF%2F%85%AD%80%EBo%9A%8F%B7%E8%17%C5%EA%B0%0B%23g0%B3%60%23n%CE%A1%A8%1ET%C4%13%05%DA~%7C%1F%00%00%F2%00%01%A2%03%E2%02%85%3F%CEUL%08m2%E5%A6%28%3Ew%CDb%836%8B%D9z%DA%5B%02%D776-%A5s%B2%09%84%40%00%02%BA%B5%057%D4q0%83%00%01%E2%01%DA%0A%950%81%9F0%0D%06%09%2A%86H%86%F7%0D%01%01%01%05%00%03%81%8D%000%81%89%02%81%81%00%C0%FB%16%1F%A6%9A%5E%A0%2A%D2%80%DA%8E%D9f%C1%85r%83t%A6%28P6%CC%20O%60%D9Pi%87%F3%F6%D7%8C%F8F%BFw%3C%08%10%FF%D8%02%3E%1B%03E%0B%24%D5T%3F%21T%FC%8Fl%5C%07%22%60o%AA%AF%8E%1E6%9A%7DvVbs%2C%BCrW-Z%0F%F1%9F%CA%DA%B3%E0%06%E9%81%F7-%01%16%D5%7D%DF%D4%21E%2F%B0%C1%A7%27%AF%C2%0C%B6%C3%EC%1C%BF%5D%82T%A5%DEa%C4%14%401%10%C6%23%02%03%01%00%01%00%00%00%01%9A%09%ED%05%8A%04%CA%BEselfreg%00%F2%FA%C5ccnx.org%00%FA%ADUsers%00%FA%A5user%00%FA%A5Keys%00%FA%02%B5%C1.M.K%00%3F%CEUL%08m2%E5%A6%28%3Ew%CDb%836%8B%D9z%DA%5B%02%D776-%A5s%B2%09%84%40%00%FA%BD%FD%04%FB%C93%60%00%00%00%03%E2%02%85%D7%C0.%E6%A2%06%2B%91%AF8hE%F6%C9U%84%F7%7D%A1%B3U%3F%CF%B4%1B%B0%85%A4%24x%11m%00%04%FA%8E3%00%03%D2%D62147483647%00%00%00%00 (606 bytes,scope=1) D7C02E-029E-0006-12E5-8ECEA6
1400719123.081945 ccnd[670]: sl.1598 0 ci=4 osrc=4294967295 src=0 usec=8865
1400719123.081952 ccnd[670]: fwd.3059 adding 0
1400719123.081959 ccnd[670]: sl.1598 0 ci=3 osrc=4294967295 src=0 usec=8865
1400719123.081966 ccnd[670]: fwd.3059 adding 0
1400719123.082057 ccnd[670]: debug.1268 content_to 6 ccnx:/ccnx/%D7%C0.%E6%A2%06%2B%91%AF8hE%F6%C9U%84%F7%7D%A1%B3U%3F%CF%B4%1B%B0%85%A4%24x%11m/selfreg/%04%82%02%AA%03%B2%08%85%1A%DF%12%0D%C4%F4oj%1D%FD%7FS%9FM%28%0Br%3C%A4%F6f%15%98%AFE4%9F%7C%E6%F1X%92%8B%09%EE%7C%85Y%A2%F0%BB_%82%0C%E4%F1%BA%2A%B6%7D%BD%B8%BEC%FF%D3%8C%25t%14I%F1%D5%94I%EC%0Cg%C83%2B%96%B3%D4%8Db%01%1A%A1PzEy%A7k%9D%2C%80%B9a%85%02%7D%DF%2F%85%AD%80%EBo%9A%8F%B7%E8%17%C5%EA%B0%0B%23g0%B3%60%23n%CE%A1%A8%1ET%C4%13%05%DA~%7C%1F%00%00%F2%00%01%A2%03%E2%02%85%3F%CEUL%08m2%E5%A6%28%3Ew%CDb%836%8B%D9z%DA%5B%02%D776-%A5s%B2%09%84%40%00%02%BA%B5%057%D4q0%83%00%01%E2%01%DA%0A%950%81%9F0%0D%06%09%2A%86H%86%F7%0D%01%01%01%05%00%03%81%8D%000%81%89%02%81%81%00%C0%FB%16%1F%A6%9A%5E%A0%2A%D2%80%DA%8E%D9f%C1%85r%83t%A6%28P6%CC%20O%60%D9Pi%87%F3%F6%D7%8C%F8F%BFw%3C%08%10%FF%D8%02%3E%1B%03E%0B%24%D5T%3F%21T%FC%8Fl%5C%07%22%60o%AA%AF%8E%1E6%9A%7DvVbs%2C%BCrW-Z%0F%F1%9F%CA%DA%B3%E0%06%E9%81%F7-%01%16%D5%7D%DF%D4%21E%2F%B0%C1%A7%27%AF%C2%0C%B6%C3%EC%1C%BF%5D%82T%A5%DEa%C4%14%401%10%C6%23%02%03%01%00%01%00%00%00%01%9A%09%ED%05%8A%04%CA%BEselfreg%00%F2%FA%C5ccnx.org%00%FA%ADUsers%00%FA%A5user%00%FA%A5Keys%00%FA%02%B5%C1.M.K%00%3F%CEUL%08m2%E5%A6%28%3Ew%CDb%836%8B%D9z%DA%5B%02%D776-%A5s%B2%09%84%40%00%FA%BD%FD%04%FB%C93%60%00%00%00%03%E2%02%85%D7%C0.%E6%A2%06%2B%91%AF8hE%F6%C9U%84%F7%7D%A1%B3U%3F%CF%B4%1B%B0%85%A4%24x%11m%00%04%FA%8E3%00%03%D2%D62147483647%00%00%00%00/_F%EB%C0%FC%F0%1A%BC%2F%22d%17W%E2%B3%04k%2B%23%CFH%9Dg%BB%E4%06E%9D%05%DB%CB%26 (1139 bytes)
1400719123.196688 ccnd[670]: debug.3807 interest_from 6 ccnx:/ccnx/%D7%C0.%E6%A2%06%2B%91%AF8hE%F6%C9U%84%F7%7D%A1%B3U%3F%CF%B4%1B%B0%85%A4%24x%11m/selfreg/%04%82%02%AA%03%B2%08%85B%17%28%11%F0%CB%07%99%F0%1F%A5%1Ea%AC%D3%AC%11%17De5%D0%A0%B3d%2C%18%9Ey%3D%EC%E3%C8%87%ED%C8%0DB%24%FC%3A%C3%09w%DA%F7%AAn%F9%29t%10%40%FC%EE%B3%1D%5C%E0%2A%B6%EE%258%8B%C5%E7%9A%17DX%03%3Cnv6%20%A2%60X%EAn0e%5B%C8n%C7%A4%F9Rj%14%D3%16mV%9D%BB%99%3B%9F%DF%A7%EC%1B-J%E5%3F%C9%12P%FA%9A%5C%94%D3%E9%03ww%0BC%D5%1A%E2%A2%00%00%F2%00%01%A2%03%E2%02%85%3F%CEUL%08m2%E5%A6%28%3Ew%CDb%836%8B%D9z%DA%5B%02%D776-%A5s%B2%09%84%40%00%02%BA%B5%057%D4q2%B4%00%01%E2%01%DA%0A%950%81%9F0%0D%06%09%2A%86H%86%F7%0D%01%01%01%05%00%03%81%8D%000%81%89%02%81%81%00%C0%FB%16%1F%A6%9A%5E%A0%2A%D2%80%DA%8E%D9f%C1%85r%83t%A6%28P6%CC%20O%60%D9Pi%87%F3%F6%D7%8C%F8F%BFw%3C%08%10%FF%D8%02%3E%1B%03E%0B%24%D5T%3F%21T%FC%8Fl%5C%07%22%60o%AA%AF%8E%1E6%9A%7DvVbs%2C%BCrW-Z%0F%F1%9F%CA%DA%B3%E0%06%E9%81%F7-%01%16%D5%7D%DF%D4%21E%2F%B0%C1%A7%27%AF%C2%0C%B6%C3%EC%1C%BF%5D%82T%A5%DEa%C4%14%401%10%C6%23%02%03%01%00%01%00%00%00%01%9A%05%9D%05%8A%04%CA%BEselfreg%00%F2%FA%A5test%00%FA%8D1%00%00%03%E2%02%85%D7%C0.%E6%A2%06%2B%91%AF8hE%F6%C9U%84%F7%7D%A1%B3U%3F%CF%B4%1B%B0%85%A4%24x%11m%00%04%FA%8E3%00%03%D2%D62147483647%00%00%00%00 (516 bytes,scope=1)
1400719123.196724 ccnd[670]: version: 20090701, prefix_comps: 4, min_suffix_comps: 0, max_suffix_comps: 32767, orderpref: 0, answerfrom: 3, scope: 1, lifetime: 4.0000, excl: 0 bytes, etc: 0 bytes
1400719123.196822 ccnd[670]: debug.3856 first_candidate ccnx:/ccnx/%D7%C0.%E6%A2%06%2B%91%AF8hE%F6%C9U%84%F7%7D%A1%B3U%3F%CF%B4%1B%B0%85%A4%24x%11m/selfreg/%04%82%02%AA%03%B2%08%85%1A%DF%12%0D%C4%F4oj%1D%FD%7FS%9FM%28%0Br%3C%A4%F6f%15%98%AFE4%9F%7C%E6%F1X%92%8B%09%EE%7C%85Y%A2%F0%BB_%82%0C%E4%F1%BA%2A%B6%7D%BD%B8%BEC%FF%D3%8C%25t%14I%F1%D5%94I%EC%0Cg%C83%2B%96%B3%D4%8Db%01%1A%A1PzEy%A7k%9D%2C%80%B9a%85%02%7D%DF%2F%85%AD%80%EBo%9A%8F%B7%E8%17%C5%EA%B0%0B%23g0%B3%60%23n%CE%A1%A8%1ET%C4%13%05%DA~%7C%1F%00%00%F2%00%01%A2%03%E2%02%85%3F%CEUL%08m2%E5%A6%28%3Ew%CDb%836%8B%D9z%DA%5B%02%D776-%A5s%B2%09%84%40%00%02%BA%B5%057%D4q0%83%00%01%E2%01%DA%0A%950%81%9F0%0D%06%09%2A%86H%86%F7%0D%01%01%01%05%00%03%81%8D%000%81%89%02%81%81%00%C0%FB%16%1F%A6%9A%5E%A0%2A%D2%80%DA%8E%D9f%C1%85r%83t%A6%28P6%CC%20O%60%D9Pi%87%F3%F6%D7%8C%F8F%BFw%3C%08%10%FF%D8%02%3E%1B%03E%0B%24%D5T%3F%21T%FC%8Fl%5C%07%22%60o%AA%AF%8E%1E6%9A%7DvVbs%2C%BCrW-Z%0F%F1%9F%CA%DA%B3%E0%06%E9%81%F7-%01%16%D5%7D%DF%D4%21E%2F%B0%C1%A7%27%AF%C2%0C%B6%C3%EC%1C%BF%5D%82T%A5%DEa%C4%14%401%10%C6%23%02%03%01%00%01%00%00%00%01%9A%09%ED%05%8A%04%CA%BEselfreg%00%F2%FA%C5ccnx.org%00%FA%ADUsers%00%FA%A5user%00%FA%A5Keys%00%FA%02%B5%C1.M.K%00%3F%CEUL%08m2%E5%A6%28%3Ew%CDb%836%8B%D9z%DA%5B%02%D776-%A5s%B2%09%84%40%00%FA%BD%FD%04%FB%C93%60%00%00%00%03%E2%02%85%D7%C0.%E6%A2%06%2B%91%AF8hE%F6%C9U%84%F7%7D%A1%B3U%3F%CF%B4%1B%B0%85%A4%24x%11m%00%04%FA%8E3%00%03%D2%D62147483647%00%00%00%00/_F%EB%C0%FC%F0%1A%BC%2F%22d%17W%E2%B3%04k%2B%23%CFH%9Dg%BB%E4%06E%9D%05%DB%CB%26 (1139 bytes)
1400719123.196901 ccnd[670]: debug.3863 prefix_mismatch ccnx:/ccnx/%D7%C0.%E6%A2%06%2B%91%AF8hE%F6%C9U%84%F7%7D%A1%B3U%3F%CF%B4%1B%B0%85%A4%24x%11m/selfreg/%04%82%02%AA%03%B2%08%85B%17%28%11%F0%CB%07%99%F0%1F%A5%1Ea%AC%D3%AC%11%17De5%D0%A0%B3d%2C%18%9Ey%3D%EC%E3%C8%87%ED%C8%0DB%24%FC%3A%C3%09w%DA%F7%AAn%F9%29t%10%40%FC%EE%B3%1D%5C%E0%2A%B6%EE%258%8B%C5%E7%9A%17DX%03%3Cnv6%20%A2%60X%EAn0e%5B%C8n%C7%A4%F9Rj%14%D3%16mV%9D%BB%99%3B%9F%DF%A7%EC%1B-J%E5%3F%C9%12P%FA%9A%5C%94%D3%E9%03ww%0BC%D5%1A%E2%A2%00%00%F2%00%01%A2%03%E2%02%85%3F%CEUL%08m2%E5%A6%28%3Ew%CDb%836%8B%D9z%DA%5B%02%D776-%A5s%B2%09%84%40%00%02%BA%B5%057%D4q2%B4%00%01%E2%01%DA%0A%950%81%9F0%0D%06%09%2A%86H%86%F7%0D%01%01%01%05%00%03%81%8D%000%81%89%02%81%81%00%C0%FB%16%1F%A6%9A%5E%A0%2A%D2%80%DA%8E%D9f%C1%85r%83t%A6%28P6%CC%20O%60%D9Pi%87%F3%F6%D7%8C%F8F%BFw%3C%08%10%FF%D8%02%3E%1B%03E%0B%24%D5T%3F%21T%FC%8Fl%5C%07%22%60o%AA%AF%8E%1E6%9A%7DvVbs%2C%BCrW-Z%0F%F1%9F%CA%DA%B3%E0%06%E9%81%F7-%01%16%D5%7D%DF%D4%21E%2F%B0%C1%A7%27%AF%C2%0C%B6%C3%EC%1C%BF%5D%82T%A5%DEa%C4%14%401%10%C6%23%02%03%01%00%01%00%00%00%01%9A%05%9D%05%8A%04%CA%BEselfreg%00%F2%FA%A5test%00%FA%8D1%00%00%03%E2%02%85%D7%C0.%E6%A2%06%2B%91%AF8hE%F6%C9U%84%F7%7D%A1%B3U%3F%CF%B4%1B%B0%85%A4%24x%11m%00%04%FA%8E3%00%03%D2%D62147483647%00%00%00%00 (516 bytes,scope=1)
1400719123.196911 ccnd[670]: outbound.3131 adding 0
1400719123.196994 ccnd[670]: debug.3523 0x1160f60.0of1,usec=209+3999791 6 ccnx:/ccnx/%D7%C0.%E6%A2%06%2B%91%AF8hE%F6%C9U%84%F7%7D%A1%B3U%3F%CF%B4%1B%B0%85%A4%24x%11m/selfreg/%04%82%02%AA%03%B2%08%85B%17%28%11%F0%CB%07%99%F0%1F%A5%1Ea%AC%D3%AC%11%17De5%D0%A0%B3d%2C%18%9Ey%3D%EC%E3%C8%87%ED%C8%0DB%24%FC%3A%C3%09w%DA%F7%AAn%F9%29t%10%40%FC%EE%B3%1D%5C%E0%2A%B6%EE%258%8B%C5%E7%9A%17DX%03%3Cnv6%20%A2%60X%EAn0e%5B%C8n%C7%A4%F9Rj%14%D3%16mV%9D%BB%99%3B%9F%DF%A7%EC%1B-J%E5%3F%C9%12P%FA%9A%5C%94%D3%E9%03ww%0BC%D5%1A%E2%A2%00%00%F2%00%01%A2%03%E2%02%85%3F%CEUL%08m2%E5%A6%28%3Ew%CDb%836%8B%D9z%DA%5B%02%D776-%A5s%B2%09%84%40%00%02%BA%B5%057%D4q2%B4%00%01%E2%01%DA%0A%950%81%9F0%0D%06%09%2A%86H%86%F7%0D%01%01%01%05%00%03%81%8D%000%81%89%02%81%81%00%C0%FB%16%1F%A6%9A%5E%A0%2A%D2%80%DA%8E%D9f%C1%85r%83t%A6%28P6%CC%20O%60%D9Pi%87%F3%F6%D7%8C%F8F%BFw%3C%08%10%FF%D8%02%3E%1B%03E%0B%24%D5T%3F%21T%FC%8Fl%5C%07%22%60o%AA%AF%8E%1E6%9A%7DvVbs%2C%BCrW-Z%0F%F1%9F%CA%DA%B3%E0%06%E9%81%F7-%01%16%D5%7D%DF%D4%21E%2F%B0%C1%A7%27%AF%C2%0C%B6%C3%EC%1C%BF%5D%82T%A5%DEa%C4%14%401%10%C6%23%02%03%01%00%01%00%00%00%01%9A%05%9D%05%8A%04%CA%BEselfreg%00%F2%FA%A5test%00%FA%8D1%00%00%03%E2%02%85%D7%C0.%E6%A2%06%2B%91%AF8hE%F6%C9U%84%F7%7D%A1%B3U%3F%CF%B4%1B%B0%85%A4%24x%11m%00%04%FA%8E3%00%03%D2%D62147483647%00%00%00%00 (532 bytes,scope=1) D7C02E-029E-0006-1314-696239
1400719123.198153 ccnd[670]: debug.3210 interest_to 0 ccnx:/ccnx/%D7%C0.%E6%A2%06%2B%91%AF8hE%F6%C9U%84%F7%7D%A1%B3U%3F%CF%B4%1B%B0%85%A4%24x%11m/selfreg/%04%82%02%AA%03%B2%08%85B%17%28%11%F0%CB%07%99%F0%1F%A5%1Ea%AC%D3%AC%11%17De5%D0%A0%B3d%2C%18%9Ey%3D%EC%E3%C8%87%ED%C8%0DB%24%FC%3A%C3%09w%DA%F7%AAn%F9%29t%10%40%FC%EE%B3%1D%5C%E0%2A%B6%EE%258%8B%C5%E7%9A%17DX%03%3Cnv6%20%A2%60X%EAn0e%5B%C8n%C7%A4%F9Rj%14%D3%16mV%9D%BB%99%3B%9F%DF%A7%EC%1B-J%E5%3F%C9%12P%FA%9A%5C%94%D3%E9%03ww%0BC%D5%1A%E2%A2%00%00%F2%00%01%A2%03%E2%02%85%3F%CEUL%08m2%E5%A6%28%3Ew%CDb%836%8B%D9z%DA%5B%02%D776-%A5s%B2%09%84%40%00%02%BA%B5%057%D4q2%B4%00%01%E2%01%DA%0A%950%81%9F0%0D%06%09%2A%86H%86%F7%0D%01%01%01%05%00%03%81%8D%000%81%89%02%81%81%00%C0%FB%16%1F%A6%9A%5E%A0%2A%D2%80%DA%8E%D9f%C1%85r%83t%A6%28P6%CC%20O%60%D9Pi%87%F3%F6%D7%8C%F8F%BFw%3C%08%10%FF%D8%02%3E%1B%03E%0B%24%D5T%3F%21T%FC%8Fl%5C%07%22%60o%AA%AF%8E%1E6%9A%7DvVbs%2C%BCrW-Z%0F%F1%9F%CA%DA%B3%E0%06%E9%81%F7-%01%16%D5%7D%DF%D4%21E%2F%B0%C1%A7%27%AF%C2%0C%B6%C3%EC%1C%BF%5D%82T%A5%DEa%C4%14%401%10%C6%23%02%03%01%00%01%00%00%00%01%9A%05%9D%05%8A%04%CA%BEselfreg%00%F2%FA%A5test%00%FA%8D1%00%00%03%E2%02%85%D7%C0.%E6%A2%06%2B%91%AF8hE%F6%C9U%84%F7%7D%A1%B3U%3F%CF%B4%1B%B0%85%A4%24x%11m%00%04%FA%8E3%00%03%D2%D62147483647%00%00%00%00 (532 bytes,scope=1) D7C02E-029E-0006-1314-696239
1400719123.198241 ccnd[670]: debug.158 ccnd_answer_req ccnx:/ccnx/%D7%C0.%E6%A2%06%2B%91%AF8hE%F6%C9U%84%F7%7D%A1%B3U%3F%CF%B4%1B%B0%85%A4%24x%11m/selfreg/%04%82%02%AA%03%B2%08%85B%17%28%11%F0%CB%07%99%F0%1F%A5%1Ea%AC%D3%AC%11%17De5%D0%A0%B3d%2C%18%9Ey%3D%EC%E3%C8%87%ED%C8%0DB%24%FC%3A%C3%09w%DA%F7%AAn%F9%29t%10%40%FC%EE%B3%1D%5C%E0%2A%B6%EE%258%8B%C5%E7%9A%17DX%03%3Cnv6%20%A2%60X%EAn0e%5B%C8n%C7%A4%F9Rj%14%D3%16mV%9D%BB%99%3B%9F%DF%A7%EC%1B-J%E5%3F%C9%12P%FA%9A%5C%94%D3%E9%03ww%0BC%D5%1A%E2%A2%00%00%F2%00%01%A2%03%E2%02%85%3F%CEUL%08m2%E5%A6%28%3Ew%CDb%836%8B%D9z%DA%5B%02%D776-%A5s%B2%09%84%40%00%02%BA%B5%057%D4q2%B4%00%01%E2%01%DA%0A%950%81%9F0%0D%06%09%2A%86H%86%F7%0D%01%01%01%05%00%03%81%8D%000%81%89%02%81%81%00%C0%FB%16%1F%A6%9A%5E%A0%2A%D2%80%DA%8E%D9f%C1%85r%83t%A6%28P6%CC%20O%60%D9Pi%87%F3%F6%D7%8C%F8F%BFw%3C%08%10%FF%D8%02%3E%1B%03E%0B%24%D5T%3F%21T%FC%8Fl%5C%07%22%60o%AA%AF%8E%1E6%9A%7DvVbs%2C%BCrW-Z%0F%F1%9F%CA%DA%B3%E0%06%E9%81%F7-%01%16%D5%7D%DF%D4%21E%2F%B0%C1%A7%27%AF%C2%0C%B6%C3%EC%1C%BF%5D%82T%A5%DEa%C4%14%401%10%C6%23%02%03%01%00%01%00%00%00%01%9A%05%9D%05%8A%04%CA%BEselfreg%00%F2%FA%A5test%00%FA%8D1%00%00%03%E2%02%85%D7%C0.%E6%A2%06%2B%91%AF8hE%F6%C9U%84%F7%7D%A1%B3U%3F%CF%B4%1B%B0%85%A4%24x%11m%00%04%FA%8E3%00%03%D2%D62147483647%00%00%00%00 (532 bytes,scope=1) D7C02E-029E-0006-1314-696239
1400719123.198333 ccnd[670]: debug.2428 prefix,ff=3 6 ccnx:/test/1 (13 bytes)
1400719123.198974 ccnd[670]: debug.280 ccnd_answer_req_response ccnx:/ccnx/%D7%C0.%E6%A2%06%2B%91%AF8hE%F6%C9U%84%F7%7D%A1%B3U%3F%CF%B4%1B%B0%85%A4%24x%11m/selfreg/%04%82%02%AA%03%B2%08%85B%17%28%11%F0%CB%07%99%F0%1F%A5%1Ea%AC%D3%AC%11%17De5%D0%A0%B3d%2C%18%9Ey%3D%EC%E3%C8%87%ED%C8%0DB%24%FC%3A%C3%09w%DA%F7%AAn%F9%29t%10%40%FC%EE%B3%1D%5C%E0%2A%B6%EE%258%8B%C5%E7%9A%17DX%03%3Cnv6%20%A2%60X%EAn0e%5B%C8n%C7%A4%F9Rj%14%D3%16mV%9D%BB%99%3B%9F%DF%A7%EC%1B-J%E5%3F%C9%12P%FA%9A%5C%94%D3%E9%03ww%0BC%D5%1A%E2%A2%00%00%F2%00%01%A2%03%E2%02%85%3F%CEUL%08m2%E5%A6%28%3Ew%CDb%836%8B%D9z%DA%5B%02%D776-%A5s%B2%09%84%40%00%02%BA%B5%057%D4q2%B4%00%01%E2%01%DA%0A%950%81%9F0%0D%06%09%2A%86H%86%F7%0D%01%01%01%05%00%03%81%8D%000%81%89%02%81%81%00%C0%FB%16%1F%A6%9A%5E%A0%2A%D2%80%DA%8E%D9f%C1%85r%83t%A6%28P6%CC%20O%60%D9Pi%87%F3%F6%D7%8C%F8F%BFw%3C%08%10%FF%D8%02%3E%1B%03E%0B%24%D5T%3F%21T%FC%8Fl%5C%07%22%60o%AA%AF%8E%1E6%9A%7DvVbs%2C%BCrW-Z%0F%F1%9F%CA%DA%B3%E0%06%E9%81%F7-%01%16%D5%7D%DF%D4%21E%2F%B0%C1%A7%27%AF%C2%0C%B6%C3%EC%1C%BF%5D%82T%A5%DEa%C4%14%401%10%C6%23%02%03%01%00%01%00%00%00%01%9A%05%9D%05%8A%04%CA%BEselfreg%00%F2%FA%A5test%00%FA%8D1%00%00%03%E2%02%85%D7%C0.%E6%A2%06%2B%91%AF8hE%F6%C9U%84%F7%7D%A1%B3U%3F%CF%B4%1B%B0%85%A4%24x%11m%00%04%FA%8E3%00%03%D2%D62147483647%00%00%00%00 (955 bytes)
1400719123.199079 ccnd[670]: debug.4109 content_from 0 ccnx:/ccnx/%D7%C0.%E6%A2%06%2B%91%AF8hE%F6%C9U%84%F7%7D%A1%B3U%3F%CF%B4%1B%B0%85%A4%24x%11m/selfreg/%04%82%02%AA%03%B2%08%85B%17%28%11%F0%CB%07%99%F0%1F%A5%1Ea%AC%D3%AC%11%17De5%D0%A0%B3d%2C%18%9Ey%3D%EC%E3%C8%87%ED%C8%0DB%24%FC%3A%C3%09w%DA%F7%AAn%F9%29t%10%40%FC%EE%B3%1D%5C%E0%2A%B6%EE%258%8B%C5%E7%9A%17DX%03%3Cnv6%20%A2%60X%EAn0e%5B%C8n%C7%A4%F9Rj%14%D3%16mV%9D%BB%99%3B%9F%DF%A7%EC%1B-J%E5%3F%C9%12P%FA%9A%5C%94%D3%E9%03ww%0BC%D5%1A%E2%A2%00%00%F2%00%01%A2%03%E2%02%85%3F%CEUL%08m2%E5%A6%28%3Ew%CDb%836%8B%D9z%DA%5B%02%D776-%A5s%B2%09%84%40%00%02%BA%B5%057%D4q2%B4%00%01%E2%01%DA%0A%950%81%9F0%0D%06%09%2A%86H%86%F7%0D%01%01%01%05%00%03%81%8D%000%81%89%02%81%81%00%C0%FB%16%1F%A6%9A%5E%A0%2A%D2%80%DA%8E%D9f%C1%85r%83t%A6%28P6%CC%20O%60%D9Pi%87%F3%F6%D7%8C%F8F%BFw%3C%08%10%FF%D8%02%3E%1B%03E%0B%24%D5T%3F%21T%FC%8Fl%5C%07%22%60o%AA%AF%8E%1E6%9A%7DvVbs%2C%BCrW-Z%0F%F1%9F%CA%DA%B3%E0%06%E9%81%F7-%01%16%D5%7D%DF%D4%21E%2F%B0%C1%A7%27%AF%C2%0C%B6%C3%EC%1C%BF%5D%82T%A5%DEa%C4%14%401%10%C6%23%02%03%01%00%01%00%00%00%01%9A%05%9D%05%8A%04%CA%BEselfreg%00%F2%FA%A5test%00%FA%8D1%00%00%03%E2%02%85%D7%C0.%E6%A2%06%2B%91%AF8hE%F6%C9U%84%F7%7D%A1%B3U%3F%CF%B4%1B%B0%85%A4%24x%11m%00%04%FA%8E3%00%03%D2%D62147483647%00%00%00%00/%7D%D4%7C%BE%B2%E9V%A1%7F%DB%FA%0FdU%8E%D6%B1M%B8%0F%0C%A8%E2%1FpM%C8o%18%27%3F%9B (991 bytes)
1400719123.199103 ccnd[670]: fwd.3059 adding 0
1400719123.199116 ccnd[670]: face 6 q 0 delay 3 usec
1400719123.199194 ccnd[670]: debug.1526 consume 6 ccnx:/ccnx/%D7%C0.%E6%A2%06%2B%91%AF8hE%F6%C9U%84%F7%7D%A1%B3U%3F%CF%B4%1B%B0%85%A4%24x%11m/selfreg/%04%82%02%AA%03%B2%08%85B%17%28%11%F0%CB%07%99%F0%1F%A5%1Ea%AC%D3%AC%11%17De5%D0%A0%B3d%2C%18%9Ey%3D%EC%E3%C8%87%ED%C8%0DB%24%FC%3A%C3%09w%DA%F7%AAn%F9%29t%10%40%FC%EE%B3%1D%5C%E0%2A%B6%EE%258%8B%C5%E7%9A%17DX%03%3Cnv6%20%A2%60X%EAn0e%5B%C8n%C7%A4%F9Rj%14%D3%16mV%9D%BB%99%3B%9F%DF%A7%EC%1B-J%E5%3F%C9%12P%FA%9A%5C%94%D3%E9%03ww%0BC%D5%1A%E2%A2%00%00%F2%00%01%A2%03%E2%02%85%3F%CEUL%08m2%E5%A6%28%3Ew%CDb%836%8B%D9z%DA%5B%02%D776-%A5s%B2%09%84%40%00%02%BA%B5%057%D4q2%B4%00%01%E2%01%DA%0A%950%81%9F0%0D%06%09%2A%86H%86%F7%0D%01%01%01%05%00%03%81%8D%000%81%89%02%81%81%00%C0%FB%16%1F%A6%9A%5E%A0%2A%D2%80%DA%8E%D9f%C1%85r%83t%A6%28P6%CC%20O%60%D9Pi%87%F3%F6%D7%8C%F8F%BFw%3C%08%10%FF%D8%02%3E%1B%03E%0B%24%D5T%3F%21T%FC%8Fl%5C%07%22%60o%AA%AF%8E%1E6%9A%7DvVbs%2C%BCrW-Z%0F%F1%9F%CA%DA%B3%E0%06%E9%81%F7-%01%16%D5%7D%DF%D4%21E%2F%B0%C1%A7%27%AF%C2%0C%B6%C3%EC%1C%BF%5D%82T%A5%DEa%C4%14%401%10%C6%23%02%03%01%00%01%00%00%00%01%9A%05%9D%05%8A%04%CA%BEselfreg%00%F2%FA%A5test%00%FA%8D1%00%00%03%E2%02%85%D7%C0.%E6%A2%06%2B%91%AF8hE%F6%C9U%84%F7%7D%A1%B3U%3F%CF%B4%1B%B0%85%A4%24x%11m%00%04%FA%8E3%00%03%D2%D62147483647%00%00%00%00 (532 bytes,scope=1) D7C02E-029E-0006-1314-696239
1400719123.199203 ccnd[670]: sl.1598 0 ci=4 osrc=4294967295 src=0 usec=8796
1400719123.199210 ccnd[670]: fwd.3059 adding 0
1400719123.199217 ccnd[670]: sl.1598 0 ci=3 osrc=4294967295 src=0 usec=8796
1400719123.199232 ccnd[670]: fwd.3059 adding 0
1400719123.199314 ccnd[670]: debug.1268 content_to 6 ccnx:/ccnx/%D7%C0.%E6%A2%06%2B%91%AF8hE%F6%C9U%84%F7%7D%A1%B3U%3F%CF%B4%1B%B0%85%A4%24x%11m/selfreg/%04%82%02%AA%03%B2%08%85B%17%28%11%F0%CB%07%99%F0%1F%A5%1Ea%AC%D3%AC%11%17De5%D0%A0%B3d%2C%18%9Ey%3D%EC%E3%C8%87%ED%C8%0DB%24%FC%3A%C3%09w%DA%F7%AAn%F9%29t%10%40%FC%EE%B3%1D%5C%E0%2A%B6%EE%258%8B%C5%E7%9A%17DX%03%3Cnv6%20%A2%60X%EAn0e%5B%C8n%C7%A4%F9Rj%14%D3%16mV%9D%BB%99%3B%9F%DF%A7%EC%1B-J%E5%3F%C9%12P%FA%9A%5C%94%D3%E9%03ww%0BC%D5%1A%E2%A2%00%00%F2%00%01%A2%03%E2%02%85%3F%CEUL%08m2%E5%A6%28%3Ew%CDb%836%8B%D9z%DA%5B%02%D776-%A5s%B2%09%84%40%00%02%BA%B5%057%D4q2%B4%00%01%E2%01%DA%0A%950%81%9F0%0D%06%09%2A%86H%86%F7%0D%01%01%01%05%00%03%81%8D%000%81%89%02%81%81%00%C0%FB%16%1F%A6%9A%5E%A0%2A%D2%80%DA%8E%D9f%C1%85r%83t%A6%28P6%CC%20O%60%D9Pi%87%F3%F6%D7%8C%F8F%BFw%3C%08%10%FF%D8%02%3E%1B%03E%0B%24%D5T%3F%21T%FC%8Fl%5C%07%22%60o%AA%AF%8E%1E6%9A%7DvVbs%2C%BCrW-Z%0F%F1%9F%CA%DA%B3%E0%06%E9%81%F7-%01%16%D5%7D%DF%D4%21E%2F%B0%C1%A7%27%AF%C2%0C%B6%C3%EC%1C%BF%5D%82T%A5%DEa%C4%14%401%10%C6%23%02%03%01%00%01%00%00%00%01%9A%05%9D%05%8A%04%CA%BEselfreg%00%F2%FA%A5test%00%FA%8D1%00%00%03%E2%02%85%D7%C0.%E6%A2%06%2B%91%AF8hE%F6%C9U%84%F7%7D%A1%B3U%3F%CF%B4%1B%B0%85%A4%24x%11m%00%04%FA%8E3%00%03%D2%D62147483647%00%00%00%00/%7D%D4%7C%BE%B2%E9V%A1%7F%DB%FA%0FdU%8E%D6%B1M%B8%0F%0C%A8%E2%1FpM%C8o%18%27%3F%9B (991 bytes)
1400719124.000000 ccnd[670]: 6001 ____________________ Thu May 22 00:38:44 2014
1400719124.256862 ccnd[670]: accepted datagram client id=7 (flags=0x40012) 192.168.122.2 port 6001
1400719124.256931 ccnd[670]: debug.3807 interest_from 7 ccnx:/test/1 (32 bytes) 6A536B-029A-0008-130B-58F690
1400719124.256942 ccnd[670]: version: 20090701, prefix_comps: 2, min_suffix_comps: 0, max_suffix_comps: 32767, orderpref: 0, answerfrom: 3, scope: -1, lifetime: 4.0000, excl: 0 bytes, etc: 0 bytes
1400719124.256989 ccnd[670]: debug.3856 first_candidate ccnx:/%C1.M.S.localhost/%C1.M.SRV/ccnd/KEY/%C1.M.K%00%D7%C0.%E6%A2%06%2B%91%AF8hE%F6%C9U%84%F7%7D%A1%B3U%3F%CF%B4%1B%B0%85%A4%24x%11m/%FD%057%D4n%EA%CE/%00/G%16%D6%1F%01%F6%BA%90%1F%1E4%C6E%E4%82%0C%EF%D5x%0B%B8%D0%26%FE%97%AB%18%11%B5F%FC%F6 (611 bytes)
1400719124.257010 ccnd[670]: debug.3863 prefix_mismatch ccnx:/test/1 (32 bytes) 6A536B-029A-0008-130B-58F690
1400719124.257021 ccnd[670]: fwd.3059 adding 6
1400719124.257032 ccnd[670]: outbound.3131 adding 6
1400719124.257057 ccnd[670]: debug.3523 0x115b9f0.0of1,usec=2905+3997095 7 ccnx:/test/1 (32 bytes) 6A536B-029A-0008-130B-58F690
1400719124.257083 ccnd[670]: debug.3807 interest_from 7 ccnx:/%C1.M.S.neighborhood/%C1.M.SRV/ccnd/KEY (55 bytes,scope=2)
1400719124.257093 ccnd[670]: version: 20090701, prefix_comps: 4, min_suffix_comps: 0, max_suffix_comps: 32767, orderpref: 0, answerfrom: 3, scope: 2, lifetime: 4.0000, excl: 0 bytes, etc: 0 bytes
1400719124.257113 ccnd[670]: fwd.3059 adding 0
1400719124.257125 ccnd[670]: outbound.3131 adding 0
1400719124.257153 ccnd[670]: debug.3523 0x1161d90.0of1,usec=2432+3997568 7 ccnx:/%C1.M.S.neighborhood/%C1.M.SRV/ccnd/KEY (71 bytes,scope=2) D7C02E-029E-0007-1441-8F6681
1400719124.260324 ccnd[670]: debug.3210 interest_to 0 ccnx:/%C1.M.S.neighborhood/%C1.M.SRV/ccnd/KEY (71 bytes,scope=2) D7C02E-029E-0007-1441-8F6681
1400719124.260355 ccnd[670]: debug.158 ccnd_answer_req ccnx:/%C1.M.S.neighborhood/%C1.M.SRV/ccnd/KEY (71 bytes,scope=2) D7C02E-029E-0007-1441-8F6681
1400719124.261312 ccnd[670]: debug.4109 content_from 0 ccnx:/%C1.M.S.neighborhood/%C1.M.SRV/ccnd/KEY/%C1.M.K%00%D7%C0.%E6%A2%06%2B%91%AF8hE%F6%C9U%84%F7%7D%A1%B3U%3F%CF%B4%1B%B0%85%A4%24x%11m/%FD%057%D4n%EA%CE/%00/%27%BDRL6%95g%F2%0EI%F6S%FEy%E5%17~%80%DF%16%0D%15%F2z%D4y%AA%3E%F68%07%8B (617 bytes)
1400719124.261339 ccnd[670]: fwd.3059 adding 0
1400719124.261358 ccnd[670]: face 7 q 1 delay 1075 usec
1400719124.261383 ccnd[670]: debug.1526 consume 7 ccnx:/%C1.M.S.neighborhood/%C1.M.SRV/ccnd/KEY (71 bytes,scope=2) D7C02E-029E-0007-1441-8F6681
1400719124.261393 ccnd[670]: sl.1598 0 ci=4 osrc=4294967295 src=0 usec=8865
1400719124.261404 ccnd[670]: fwd.3059 adding 0
1400719124.261432 ccnd[670]: sl.1598 0 ci=3 osrc=4294967295 src=0 usec=8865
1400719124.261443 ccnd[670]: fwd.3059 adding 0
1400719124.261468 ccnd[670]: debug.3210 interest_to 6 ccnx:/test/1 (32 bytes) 6A536B-029A-0008-130B-58F690
1400719124.263242 ccnd[670]: debug.3249 0x115b9f0.1of1,usec=250000+3747095 7 ccnx:/test/1 (32 bytes) 6A536B-029A-0008-130B-58F690
1400719124.263301 ccnd[670]: debug.4109 content_from 6 ccnx:/test/1/%FD%057%D4q3%3B/%00/8%EE%DB%A6%84%99%84%C8%280%91%AB%2Fd%01%AB%270%A2%D4p%2Bb%D3xJ%C7E%D5%1A%7FJ (433 bytes)
1400719124.263336 ccnd[670]: debug.1526 consume 7 ccnx:/test/1 (32 bytes) 6A536B-029A-0008-130B-58F690
1400719124.263347 ccnd[670]: sl.1598 6 ci=2 osrc=4294967295 src=6 usec=8865
1400719124.263359 ccnd[670]: sl.1598 6 ci=1 osrc=4294967295 src=6 usec=8865
1400719124.263395 ccnd[670]: debug.1268 content_to 7 ccnx:/%C1.M.S.neighborhood/%C1.M.SRV/ccnd/KEY/%C1.M.K%00%D7%C0.%E6%A2%06%2B%91%AF8hE%F6%C9U%84%F7%7D%A1%B3U%3F%CF%B4%1B%B0%85%A4%24x%11m/%FD%057%D4n%EA%CE/%00/%27%BDRL6%95g%F2%0EI%F6S%FEy%E5%17~%80%DF%16%0D%15%F2z%D4y%AA%3E%F68%07%8B (617 bytes)
1400719124.263425 ccnd[670]: face 7 queued 1 delay 1235
1400719124.264533 ccnd[670]: debug.1268 content_to 7 ccnx:/test/1/%FD%057%D4q3%3B/%00/8%EE%DB%A6%84%99%84%C8%280%91%AB%2Fd%01%AB%270%A2%D4p%2Bb%D3xJ%C7E%D5%1A%7FJ (433 bytes)
1400719125.000000 ccnd[670]: 6001 ____________________ Thu May 22 00:38:45 2014
1400719125.901926 ccnd[670]: accepted client fd=9 id=8
1400719125.902075 ccnd[670]: debug.3807 interest_from 8 ccnx:/%C1.M.S.localhost/%C1.M.SRV/ccnd/KEY (51 bytes,scope=1)
1400719125.902088 ccnd[670]: version: 20090701, prefix_comps: 4, min_suffix_comps: 0, max_suffix_comps: 32767, orderpref: 0, answerfrom: 3, scope: 1, lifetime: 4.0000, excl: 0 bytes, etc: 0 bytes
1400719125.902135 ccnd[670]: debug.3856 first_candidate ccnx:/%C1.M.S.localhost/%C1.M.SRV/ccnd/KEY/%C1.M.K%00%D7%C0.%E6%A2%06%2B%91%AF8hE%F6%C9U%84%F7%7D%A1%B3U%3F%CF%B4%1B%B0%85%A4%24x%11m/%FD%057%D4n%EA%CE/%00/G%16%D6%1F%01%F6%BA%90%1F%1E4%C6E%E4%82%0C%EF%D5x%0B%B8%D0%26%FE%97%AB%18%11%B5F%FC%F6 (611 bytes)
1400719125.902177 ccnd[670]: debug.3884 matches ccnx:/%C1.M.S.localhost/%C1.M.SRV/ccnd/KEY/%C1.M.K%00%D7%C0.%E6%A2%06%2B%91%AF8hE%F6%C9U%84%F7%7D%A1%B3U%3F%CF%B4%1B%B0%85%A4%24x%11m/%FD%057%D4n%EA%CE/%00/G%16%D6%1F%01%F6%BA%90%1F%1E4%C6E%E4%82%0C%EF%D5x%0B%B8%D0%26%FE%97%AB%18%11%B5F%FC%F6 (611 bytes)
1400719125.902191 ccnd[670]: face 8 q 0 delay 3 usec
1400719125.902212 ccnd[670]: debug.3918 consume 8 ccnx:/%C1.M.S.localhost/%C1.M.SRV/ccnd/KEY (51 bytes,scope=1)
1400719125.902224 ccnd[670]: fwd.3059 adding 0
1400719125.902235 ccnd[670]: fwd.3059 adding 0
1400719125.902245 ccnd[670]: fwd.3059 adding 0
1400719125.902255 ccnd[670]: fwd.3059 adding 0
1400719125.902265 ccnd[670]: fwd.3059 adding 0
1400719125.902274 ccnd[670]: fwd.3059 adding 0
1400719125.902284 ccnd[670]: fwd.3059 adding 0
1400719125.902294 ccnd[670]: fwd.3059 adding 0
1400719125.902304 ccnd[670]: fwd.3059 adding 0
1400719125.902313 ccnd[670]: fwd.3059 adding 0
1400719125.902349 ccnd[670]: debug.1268 content_to 8 ccnx:/%C1.M.S.localhost/%C1.M.SRV/ccnd/KEY/%C1.M.K%00%D7%C0.%E6%A2%06%2B%91%AF8hE%F6%C9U%84%F7%7D%A1%B3U%3F%CF%B4%1B%B0%85%A4%24x%11m/%FD%057%D4n%EA%CE/%00/G%16%D6%1F%01%F6%BA%90%1F%1E4%C6E%E4%82%0C%EF%D5x%0B%B8%D0%26%FE%97%AB%18%11%B5F%FC%F6 (611 bytes)
1400719125.908578 ccnd[670]: debug.3807 interest_from 8 ccnx:/ccnx/%D7%C0.%E6%A2%06%2B%91%AF8hE%F6%C9U%84%F7%7D%A1%B3U%3F%CF%B4%1B%B0%85%A4%24x%11m/newface/%04%82%02%AA%03%B2%08%85_d%D4B%C9%C88%DB%3A%15%7F%9B%B0%D3%2A%D3%FD%29%1BY%E1%96%1AO5%F1%C1%22%E3%93%7Cm%20%AE%AF%A5W%95%CC%B4M%95%25P%CD%B5%E2%F3%2B%C4%DA%E2-t%FE%2C6h%94B%20%0B%23%FD%7BC%20%EC%0Ea%B8%C3R%86%20%8C%FCH%C7%3C%D6%A3C%3B%7B%C4%3D%D4%B5%1FcM%11.%8C7%7F%8E%C7Q%A2%C5yPwq%A0%A3%A3%60%7B%23%CB%9A%92%FC%24%1B%EF%BCk1%A7%FF%F9%7B%AD%C2%00%00%F2%00%01%A2%03%E2%02%85%3F%CEUL%08m2%E5%A6%28%3Ew%CDb%836%8B%D9z%DA%5B%02%D776-%A5s%B2%09%84%40%00%02%BA%B5%057%D4q%5E%83%00%01%E2%01%DA%0A%950%81%9F0%0D%06%09%2A%86H%86%F7%0D%01%01%01%05%00%03%81%8D%000%81%89%02%81%81%00%C0%FB%16%1F%A6%9A%5E%A0%2A%D2%80%DA%8E%D9f%C1%85r%83t%A6%28P6%CC%20O%60%D9Pi%87%F3%F6%D7%8C%F8F%BFw%3C%08%10%FF%D8%02%3E%1B%03E%0B%24%D5T%3F%21T%FC%8Fl%5C%07%22%60o%AA%AF%8E%1E6%9A%7DvVbs%2C%BCrW-Z%0F%F1%9F%CA%DA%B3%E0%06%E9%81%F7-%01%16%D5%7D%DF%D4%21E%2F%B0%C1%A7%27%AF%C2%0C%B6%C3%EC%1C%BF%5D%82T%A5%DEa%C4%14%401%10%C6%23%02%03%01%00%01%00%00%00%01%9A%06%AD%05%82%04%CA%BEnewface%00%03%E2%02%85%D7%C0.%E6%A2%06%2B%91%AF8hE%F6%C9U%84%F7%7D%A1%B3U%3F%CF%B4%1B%B0%85%A4%24x%11m%00%04%D2%8E0%00%04%DA%9617%00%04%E2%EE192.168.122.2%00%04%EA%A66001%00%03%D2%D62147483647%00%00%00%00 (534 bytes,scope=1)
1400719125.908608 ccnd[670]: version: 20090701, prefix_comps: 4, min_suffix_comps: 0, max_suffix_comps: 32767, orderpref: 0, answerfrom: 3, scope: 1, lifetime: 4.0000, excl: 0 bytes, etc: 0 bytes
1400719125.908739 ccnd[670]: debug.3856 first_candidate ccnx:/ccnx/%D7%C0.%E6%A2%06%2B%91%AF8hE%F6%C9U%84%F7%7D%A1%B3U%3F%CF%B4%1B%B0%85%A4%24x%11m/selfreg/%04%82%02%AA%03%B2%08%85B%17%28%11%F0%CB%07%99%F0%1F%A5%1Ea%AC%D3%AC%11%17De5%D0%A0%B3d%2C%18%9Ey%3D%EC%E3%C8%87%ED%C8%0DB%24%FC%3A%C3%09w%DA%F7%AAn%F9%29t%10%40%FC%EE%B3%1D%5C%E0%2A%B6%EE%258%8B%C5%E7%9A%17DX%03%3Cnv6%20%A2%60X%EAn0e%5B%C8n%C7%A4%F9Rj%14%D3%16mV%9D%BB%99%3B%9F%DF%A7%EC%1B-J%E5%3F%C9%12P%FA%9A%5C%94%D3%E9%03ww%0BC%D5%1A%E2%A2%00%00%F2%00%01%A2%03%E2%02%85%3F%CEUL%08m2%E5%A6%28%3Ew%CDb%836%8B%D9z%DA%5B%02%D776-%A5s%B2%09%84%40%00%02%BA%B5%057%D4q2%B4%00%01%E2%01%DA%0A%950%81%9F0%0D%06%09%2A%86H%86%F7%0D%01%01%01%05%00%03%81%8D%000%81%89%02%81%81%00%C0%FB%16%1F%A6%9A%5E%A0%2A%D2%80%DA%8E%D9f%C1%85r%83t%A6%28P6%CC%20O%60%D9Pi%87%F3%F6%D7%8C%F8F%BFw%3C%08%10%FF%D8%02%3E%1B%03E%0B%24%D5T%3F%21T%FC%8Fl%5C%07%22%60o%AA%AF%8E%1E6%9A%7DvVbs%2C%BCrW-Z%0F%F1%9F%CA%DA%B3%E0%06%E9%81%F7-%01%16%D5%7D%DF%D4%21E%2F%B0%C1%A7%27%AF%C2%0C%B6%C3%EC%1C%BF%5D%82T%A5%DEa%C4%14%401%10%C6%23%02%03%01%00%01%00%00%00%01%9A%05%9D%05%8A%04%CA%BEselfreg%00%F2%FA%A5test%00%FA%8D1%00%00%03%E2%02%85%D7%C0.%E6%A2%06%2B%91%AF8hE%F6%C9U%84%F7%7D%A1%B3U%3F%CF%B4%1B%B0%85%A4%24x%11m%00%04%FA%8E3%00%03%D2%D62147483647%00%00%00%00/%7D%D4%7C%BE%B2%E9V%A1%7F%DB%FA%0FdU%8E%D6%B1M%B8%0F%0C%A8%E2%1FpM%C8o%18%27%3F%9B (991 bytes)
1400719125.908857 ccnd[670]: debug.3863 prefix_mismatch ccnx:/ccnx/%D7%C0.%E6%A2%06%2B%91%AF8hE%F6%C9U%84%F7%7D%A1%B3U%3F%CF%B4%1B%B0%85%A4%24x%11m/newface/%04%82%02%AA%03%B2%08%85_d%D4B%C9%C88%DB%3A%15%7F%9B%B0%D3%2A%D3%FD%29%1BY%E1%96%1AO5%F1%C1%22%E3%93%7Cm%20%AE%AF%A5W%95%CC%B4M%95%25P%CD%B5%E2%F3%2B%C4%DA%E2-t%FE%2C6h%94B%20%0B%23%FD%7BC%20%EC%0Ea%B8%C3R%86%20%8C%FCH%C7%3C%D6%A3C%3B%7B%C4%3D%D4%B5%1FcM%11.%8C7%7F%8E%C7Q%A2%C5yPwq%A0%A3%A3%60%7B%23%CB%9A%92%FC%24%1B%EF%BCk1%A7%FF%F9%7B%AD%C2%00%00%F2%00%01%A2%03%E2%02%85%3F%CEUL%08m2%E5%A6%28%3Ew%CDb%836%8B%D9z%DA%5B%02%D776-%A5s%B2%09%84%40%00%02%BA%B5%057%D4q%5E%83%00%01%E2%01%DA%0A%950%81%9F0%0D%06%09%2A%86H%86%F7%0D%01%01%01%05%00%03%81%8D%000%81%89%02%81%81%00%C0%FB%16%1F%A6%9A%5E%A0%2A%D2%80%DA%8E%D9f%C1%85r%83t%A6%28P6%CC%20O%60%D9Pi%87%F3%F6%D7%8C%F8F%BFw%3C%08%10%FF%D8%02%3E%1B%03E%0B%24%D5T%3F%21T%FC%8Fl%5C%07%22%60o%AA%AF%8E%1E6%9A%7DvVbs%2C%BCrW-Z%0F%F1%9F%CA%DA%B3%E0%06%E9%81%F7-%01%16%D5%7D%DF%D4%21E%2F%B0%C1%A7%27%AF%C2%0C%B6%C3%EC%1C%BF%5D%82T%A5%DEa%C4%14%401%10%C6%23%02%03%01%00%01%00%00%00%01%9A%06%AD%05%82%04%CA%BEnewface%00%03%E2%02%85%D7%C0.%E6%A2%06%2B%91%AF8hE%F6%C9U%84%F7%7D%A1%B3U%3F%CF%B4%1B%B0%85%A4%24x%11m%00%04%D2%8E0%00%04%DA%9617%00%04%E2%EE192.168.122.2%00%04%EA%A66001%00%03%D2%D62147483647%00%00%00%00 (534 bytes,scope=1)
1400719125.908870 ccnd[670]: outbound.3131 adding 0
1400719125.908996 ccnd[670]: debug.3523 0x115f7e0.0of1,usec=1036+3998964 8 ccnx:/ccnx/%D7%C0.%E6%A2%06%2B%91%AF8hE%F6%C9U%84%F7%7D%A1%B3U%3F%CF%B4%1B%B0%85%A4%24x%11m/newface/%04%82%02%AA%03%B2%08%85_d%D4B%C9%C88%DB%3A%15%7F%9B%B0%D3%2A%D3%FD%29%1BY%E1%96%1AO5%F1%C1%22%E3%93%7Cm%20%AE%AF%A5W%95%CC%B4M%95%25P%CD%B5%E2%F3%2B%C4%DA%E2-t%FE%2C6h%94B%20%0B%23%FD%7BC%20%EC%0Ea%B8%C3R%86%20%8C%FCH%C7%3C%D6%A3C%3B%7B%C4%3D%D4%B5%1FcM%11.%8C7%7F%8E%C7Q%A2%C5yPwq%A0%A3%A3%60%7B%23%CB%9A%92%FC%24%1B%EF%BCk1%A7%FF%F9%7B%AD%C2%00%00%F2%00%01%A2%03%E2%02%85%3F%CEUL%08m2%E5%A6%28%3Ew%CDb%836%8B%D9z%DA%5B%02%D776-%A5s%B2%09%84%40%00%02%BA%B5%057%D4q%5E%83%00%01%E2%01%DA%0A%950%81%9F0%0D%06%09%2A%86H%86%F7%0D%01%01%01%05%00%03%81%8D%000%81%89%02%81%81%00%C0%FB%16%1F%A6%9A%5E%A0%2A%D2%80%DA%8E%D9f%C1%85r%83t%A6%28P6%CC%20O%60%D9Pi%87%F3%F6%D7%8C%F8F%BFw%3C%08%10%FF%D8%02%3E%1B%03E%0B%24%D5T%3F%21T%FC%8Fl%5C%07%22%60o%AA%AF%8E%1E6%9A%7DvVbs%2C%BCrW-Z%0F%F1%9F%CA%DA%B3%E0%06%E9%81%F7-%01%16%D5%7D%DF%D4%21E%2F%B0%C1%A7%27%AF%C2%0C%B6%C3%EC%1C%BF%5D%82T%A5%DEa%C4%14%401%10%C6%23%02%03%01%00%01%00%00%00%01%9A%06%AD%05%82%04%CA%BEnewface%00%03%E2%02%85%D7%C0.%E6%A2%06%2B%91%AF8hE%F6%C9U%84%F7%7D%A1%B3U%3F%CF%B4%1B%B0%85%A4%24x%11m%00%04%D2%8E0%00%04%DA%9617%00%04%E2%EE192.168.122.2%00%04%EA%A66001%00%03%D2%D62147483647%00%00%00%00 (550 bytes,scope=1) D7C02E-029E-0008-15E6-3624E7
1400719125.910264 ccnd[670]: debug.3210 interest_to 0 ccnx:/ccnx/%D7%C0.%E6%A2%06%2B%91%AF8hE%F6%C9U%84%F7%7D%A1%B3U%3F%CF%B4%1B%B0%85%A4%24x%11m/newface/%04%82%02%AA%03%B2%08%85_d%D4B%C9%C88%DB%3A%15%7F%9B%B0%D3%2A%D3%FD%29%1BY%E1%96%1AO5%F1%C1%22%E3%93%7Cm%20%AE%AF%A5W%95%CC%B4M%95%25P%CD%B5%E2%F3%2B%C4%DA%E2-t%FE%2C6h%94B%20%0B%23%FD%7BC%20%EC%0Ea%B8%C3R%86%20%8C%FCH%C7%3C%D6%A3C%3B%7B%C4%3D%D4%B5%1FcM%11.%8C7%7F%8E%C7Q%A2%C5yPwq%A0%A3%A3%60%7B%23%CB%9A%92%FC%24%1B%EF%BCk1%A7%FF%F9%7B%AD%C2%00%00%F2%00%01%A2%03%E2%02%85%3F%CEUL%08m2%E5%A6%28%3Ew%CDb%836%8B%D9z%DA%5B%02%D776-%A5s%B2%09%84%40%00%02%BA%B5%057%D4q%5E%83%00%01%E2%01%DA%0A%950%81%9F0%0D%06%09%2A%86H%86%F7%0D%01%01%01%05%00%03%81%8D%000%81%89%02%81%81%00%C0%FB%16%1F%A6%9A%5E%A0%2A%D2%80%DA%8E%D9f%C1%85r%83t%A6%28P6%CC%20O%60%D9Pi%87%F3%F6%D7%8C%F8F%BFw%3C%08%10%FF%D8%02%3E%1B%03E%0B%24%D5T%3F%21T%FC%8Fl%5C%07%22%60o%AA%AF%8E%1E6%9A%7DvVbs%2C%BCrW-Z%0F%F1%9F%CA%DA%B3%E0%06%E9%81%F7-%01%16%D5%7D%DF%D4%21E%2F%B0%C1%A7%27%AF%C2%0C%B6%C3%EC%1C%BF%5D%82T%A5%DEa%C4%14%401%10%C6%23%02%03%01%00%01%00%00%00%01%9A%06%AD%05%82%04%CA%BEnewface%00%03%E2%02%85%D7%C0.%E6%A2%06%2B%91%AF8hE%F6%C9U%84%F7%7D%A1%B3U%3F%CF%B4%1B%B0%85%A4%24x%11m%00%04%D2%8E0%00%04%DA%9617%00%04%E2%EE192.168.122.2%00%04%EA%A66001%00%03%D2%D62147483647%00%00%00%00 (550 bytes,scope=1) D7C02E-029E-0008-15E6-3624E7
1400719125.910395 ccnd[670]: debug.158 ccnd_answer_req ccnx:/ccnx/%D7%C0.%E6%A2%06%2B%91%AF8hE%F6%C9U%84%F7%7D%A1%B3U%3F%CF%B4%1B%B0%85%A4%24x%11m/newface/%04%82%02%AA%03%B2%08%85_d%D4B%C9%C88%DB%3A%15%7F%9B%B0%D3%2A%D3%FD%29%1BY%E1%96%1AO5%F1%C1%22%E3%93%7Cm%20%AE%AF%A5W%95%CC%B4M%95%25P%CD%B5%E2%F3%2B%C4%DA%E2-t%FE%2C6h%94B%20%0B%23%FD%7BC%20%EC%0Ea%B8%C3R%86%20%8C%FCH%C7%3C%D6%A3C%3B%7B%C4%3D%D4%B5%1FcM%11.%8C7%7F%8E%C7Q%A2%C5yPwq%A0%A3%A3%60%7B%23%CB%9A%92%FC%24%1B%EF%BCk1%A7%FF%F9%7B%AD%C2%00%00%F2%00%01%A2%03%E2%02%85%3F%CEUL%08m2%E5%A6%28%3Ew%CDb%836%8B%D9z%DA%5B%02%D776-%A5s%B2%09%84%40%00%02%BA%B5%057%D4q%5E%83%00%01%E2%01%DA%0A%950%81%9F0%0D%06%09%2A%86H%86%F7%0D%01%01%01%05%00%03%81%8D%000%81%89%02%81%81%00%C0%FB%16%1F%A6%9A%5E%A0%2A%D2%80%DA%8E%D9f%C1%85r%83t%A6%28P6%CC%20O%60%D9Pi%87%F3%F6%D7%8C%F8F%BFw%3C%08%10%FF%D8%02%3E%1B%03E%0B%24%D5T%3F%21T%FC%8Fl%5C%07%22%60o%AA%AF%8E%1E6%9A%7DvVbs%2C%BCrW-Z%0F%F1%9F%CA%DA%B3%E0%06%E9%81%F7-%01%16%D5%7D%DF%D4%21E%2F%B0%C1%A7%27%AF%C2%0C%B6%C3%EC%1C%BF%5D%82T%A5%DEa%C4%14%401%10%C6%23%02%03%01%00%01%00%00%00%01%9A%06%AD%05%82%04%CA%BEnewface%00%03%E2%02%85%D7%C0.%E6%A2%06%2B%91%AF8hE%F6%C9U%84%F7%7D%A1%B3U%3F%CF%B4%1B%B0%85%A4%24x%11m%00%04%D2%8E0%00%04%DA%9617%00%04%E2%EE192.168.122.2%00%04%EA%A66001%00%03%D2%D62147483647%00%00%00%00 (550 bytes,scope=1) D7C02E-029E-0008-15E6-3624E7
1400719125.910531 ccnd[670]: ccnd_req_newface from 8: getaddrinfo(192.168.122.2, 6001, ...) returned 0
1400719125.911485 ccnd[670]: debug.280 ccnd_answer_req_response ccnx:/ccnx/%D7%C0.%E6%A2%06%2B%91%AF8hE%F6%C9U%84%F7%7D%A1%B3U%3F%CF%B4%1B%B0%85%A4%24x%11m/newface/%04%82%02%AA%03%B2%08%85_d%D4B%C9%C88%DB%3A%15%7F%9B%B0%D3%2A%D3%FD%29%1BY%E1%96%1AO5%F1%C1%22%E3%93%7Cm%20%AE%AF%A5W%95%CC%B4M%95%25P%CD%B5%E2%F3%2B%C4%DA%E2-t%FE%2C6h%94B%20%0B%23%FD%7BC%20%EC%0Ea%B8%C3R%86%20%8C%FCH%C7%3C%D6%A3C%3B%7B%C4%3D%D4%B5%1FcM%11.%8C7%7F%8E%C7Q%A2%C5yPwq%A0%A3%A3%60%7B%23%CB%9A%92%FC%24%1B%EF%BCk1%A7%FF%F9%7B%AD%C2%00%00%F2%00%01%A2%03%E2%02%85%3F%CEUL%08m2%E5%A6%28%3Ew%CDb%836%8B%D9z%DA%5B%02%D776-%A5s%B2%09%84%40%00%02%BA%B5%057%D4q%5E%83%00%01%E2%01%DA%0A%950%81%9F0%0D%06%09%2A%86H%86%F7%0D%01%01%01%05%00%03%81%8D%000%81%89%02%81%81%00%C0%FB%16%1F%A6%9A%5E%A0%2A%D2%80%DA%8E%D9f%C1%85r%83t%A6%28P6%CC%20O%60%D9Pi%87%F3%F6%D7%8C%F8F%BFw%3C%08%10%FF%D8%02%3E%1B%03E%0B%24%D5T%3F%21T%FC%8Fl%5C%07%22%60o%AA%AF%8E%1E6%9A%7DvVbs%2C%BCrW-Z%0F%F1%9F%CA%DA%B3%E0%06%E9%81%F7-%01%16%D5%7D%DF%D4%21E%2F%B0%C1%A7%27%AF%C2%0C%B6%C3%EC%1C%BF%5D%82T%A5%DEa%C4%14%401%10%C6%23%02%03%01%00%01%00%00%00%01%9A%06%AD%05%82%04%CA%BEnewface%00%03%E2%02%85%D7%C0.%E6%A2%06%2B%91%AF8hE%F6%C9U%84%F7%7D%A1%B3U%3F%CF%B4%1B%B0%85%A4%24x%11m%00%04%D2%8E0%00%04%DA%9617%00%04%E2%EE192.168.122.2%00%04%EA%A66001%00%03%D2%D62147483647%00%00%00%00 (986 bytes)
1400719125.911646 ccnd[670]: debug.4109 content_from 0 ccnx:/ccnx/%D7%C0.%E6%A2%06%2B%91%AF8hE%F6%C9U%84%F7%7D%A1%B3U%3F%CF%B4%1B%B0%85%A4%24x%11m/newface/%04%82%02%AA%03%B2%08%85_d%D4B%C9%C88%DB%3A%15%7F%9B%B0%D3%2A%D3%FD%29%1BY%E1%96%1AO5%F1%C1%22%E3%93%7Cm%20%AE%AF%A5W%95%CC%B4M%95%25P%CD%B5%E2%F3%2B%C4%DA%E2-t%FE%2C6h%94B%20%0B%23%FD%7BC%20%EC%0Ea%B8%C3R%86%20%8C%FCH%C7%3C%D6%A3C%3B%7B%C4%3D%D4%B5%1FcM%11.%8C7%7F%8E%C7Q%A2%C5yPwq%A0%A3%A3%60%7B%23%CB%9A%92%FC%24%1B%EF%BCk1%A7%FF%F9%7B%AD%C2%00%00%F2%00%01%A2%03%E2%02%85%3F%CEUL%08m2%E5%A6%28%3Ew%CDb%836%8B%D9z%DA%5B%02%D776-%A5s%B2%09%84%40%00%02%BA%B5%057%D4q%5E%83%00%01%E2%01%DA%0A%950%81%9F0%0D%06%09%2A%86H%86%F7%0D%01%01%01%05%00%03%81%8D%000%81%89%02%81%81%00%C0%FB%16%1F%A6%9A%5E%A0%2A%D2%80%DA%8E%D9f%C1%85r%83t%A6%28P6%CC%20O%60%D9Pi%87%F3%F6%D7%8C%F8F%BFw%3C%08%10%FF%D8%02%3E%1B%03E%0B%24%D5T%3F%21T%FC%8Fl%5C%07%22%60o%AA%AF%8E%1E6%9A%7DvVbs%2C%BCrW-Z%0F%F1%9F%CA%DA%B3%E0%06%E9%81%F7-%01%16%D5%7D%DF%D4%21E%2F%B0%C1%A7%27%AF%C2%0C%B6%C3%EC%1C%BF%5D%82T%A5%DEa%C4%14%401%10%C6%23%02%03%01%00%01%00%00%00%01%9A%06%AD%05%82%04%CA%BEnewface%00%03%E2%02%85%D7%C0.%E6%A2%06%2B%91%AF8hE%F6%C9U%84%F7%7D%A1%B3U%3F%CF%B4%1B%B0%85%A4%24x%11m%00%04%D2%8E0%00%04%DA%9617%00%04%E2%EE192.168.122.2%00%04%EA%A66001%00%03%D2%D62147483647%00%00%00%00/%CFz%83%05%8D%D1%8E%18s%EC%DA%2C%F0%91c%A8%28%0F%A7%92%A2O%14~H%9B%FBnk%00%29%ED (1022 bytes)
1400719125.911682 ccnd[670]: fwd.3059 adding 0
1400719125.911701 ccnd[670]: face 8 q 0 delay 3 usec
1400719125.911820 ccnd[670]: debug.1526 consume 8 ccnx:/ccnx/%D7%C0.%E6%A2%06%2B%91%AF8hE%F6%C9U%84%F7%7D%A1%B3U%3F%CF%B4%1B%B0%85%A4%24x%11m/newface/%04%82%02%AA%03%B2%08%85_d%D4B%C9%C88%DB%3A%15%7F%9B%B0%D3%2A%D3%FD%29%1BY%E1%96%1AO5%F1%C1%22%E3%93%7Cm%20%AE%AF%A5W%95%CC%B4M%95%25P%CD%B5%E2%F3%2B%C4%DA%E2-t%FE%2C6h%94B%20%0B%23%FD%7BC%20%EC%0Ea%B8%C3R%86%20%8C%FCH%C7%3C%D6%A3C%3B%7B%C4%3D%D4%B5%1FcM%11.%8C7%7F%8E%C7Q%A2%C5yPwq%A0%A3%A3%60%7B%23%CB%9A%92%FC%24%1B%EF%BCk1%A7%FF%F9%7B%AD%C2%00%00%F2%00%01%A2%03%E2%02%85%3F%CEUL%08m2%E5%A6%28%3Ew%CDb%836%8B%D9z%DA%5B%02%D776-%A5s%B2%09%84%40%00%02%BA%B5%057%D4q%5E%83%00%01%E2%01%DA%0A%950%81%9F0%0D%06%09%2A%86H%86%F7%0D%01%01%01%05%00%03%81%8D%000%81%89%02%81%81%00%C0%FB%16%1F%A6%9A%5E%A0%2A%D2%80%DA%8E%D9f%C1%85r%83t%A6%28P6%CC%20O%60%D9Pi%87%F3%F6%D7%8C%F8F%BFw%3C%08%10%FF%D8%02%3E%1B%03E%0B%24%D5T%3F%21T%FC%8Fl%5C%07%22%60o%AA%AF%8E%1E6%9A%7DvVbs%2C%BCrW-Z%0F%F1%9F%CA%DA%B3%E0%06%E9%81%F7-%01%16%D5%7D%DF%D4%21E%2F%B0%C1%A7%27%AF%C2%0C%B6%C3%EC%1C%BF%5D%82T%A5%DEa%C4%14%401%10%C6%23%02%03%01%00%01%00%00%00%01%9A%06%AD%05%82%04%CA%BEnewface%00%03%E2%02%85%D7%C0.%E6%A2%06%2B%91%AF8hE%F6%C9U%84%F7%7D%A1%B3U%3F%CF%B4%1B%B0%85%A4%24x%11m%00%04%D2%8E0%00%04%DA%9617%00%04%E2%EE192.168.122.2%00%04%EA%A66001%00%03%D2%D62147483647%00%00%00%00 (550 bytes,scope=1) D7C02E-029E-0008-15E6-3624E7
1400719125.911833 ccnd[670]: sl.1598 0 ci=4 osrc=4294967295 src=0 usec=8865
1400719125.911845 ccnd[670]: fwd.3059 adding 0
1400719125.911855 ccnd[670]: sl.1598 0 ci=3 osrc=4294967295 src=0 usec=8865
1400719125.911977 ccnd[670]: debug.1268 content_to 8 ccnx:/ccnx/%D7%C0.%E6%A2%06%2B%91%AF8hE%F6%C9U%84%F7%7D%A1%B3U%3F%CF%B4%1B%B0%85%A4%24x%11m/newface/%04%82%02%AA%03%B2%08%85_d%D4B%C9%C88%DB%3A%15%7F%9B%B0%D3%2A%D3%FD%29%1BY%E1%96%1AO5%F1%C1%22%E3%93%7Cm%20%AE%AF%A5W%95%CC%B4M%95%25P%CD%B5%E2%F3%2B%C4%DA%E2-t%FE%2C6h%94B%20%0B%23%FD%7BC%20%EC%0Ea%B8%C3R%86%20%8C%FCH%C7%3C%D6%A3C%3B%7B%C4%3D%D4%B5%1FcM%11.%8C7%7F%8E%C7Q%A2%C5yPwq%A0%A3%A3%60%7B%23%CB%9A%92%FC%24%1B%EF%BCk1%A7%FF%F9%7B%AD%C2%00%00%F2%00%01%A2%03%E2%02%85%3F%CEUL%08m2%E5%A6%28%3Ew%CDb%836%8B%D9z%DA%5B%02%D776-%A5s%B2%09%84%40%00%02%BA%B5%057%D4q%5E%83%00%01%E2%01%DA%0A%950%81%9F0%0D%06%09%2A%86H%86%F7%0D%01%01%01%05%00%03%81%8D%000%81%89%02%81%81%00%C0%FB%16%1F%A6%9A%5E%A0%2A%D2%80%DA%8E%D9f%C1%85r%83t%A6%28P6%CC%20O%60%D9Pi%87%F3%F6%D7%8C%F8F%BFw%3C%08%10%FF%D8%02%3E%1B%03E%0B%24%D5T%3F%21T%FC%8Fl%5C%07%22%60o%AA%AF%8E%1E6%9A%7DvVbs%2C%BCrW-Z%0F%F1%9F%CA%DA%B3%E0%06%E9%81%F7-%01%16%D5%7D%DF%D4%21E%2F%B0%C1%A7%27%AF%C2%0C%B6%C3%EC%1C%BF%5D%82T%A5%DEa%C4%14%401%10%C6%23%02%03%01%00%01%00%00%00%01%9A%06%AD%05%82%04%CA%BEnewface%00%03%E2%02%85%D7%C0.%E6%A2%06%2B%91%AF8hE%F6%C9U%84%F7%7D%A1%B3U%3F%CF%B4%1B%B0%85%A4%24x%11m%00%04%D2%8E0%00%04%DA%9617%00%04%E2%EE192.168.122.2%00%04%EA%A66001%00%03%D2%D62147483647%00%00%00%00/%CFz%83%05%8D%D1%8E%18s%EC%DA%2C%F0%91c%A8%28%0F%A7%92%A2O%14~H%9B%FBnk%00%29%ED (1022 bytes)
1400719125.913096 ccnd[670]: debug.3807 interest_from 8 ccnx:/ccnx/%D7%C0.%E6%A2%06%2B%91%AF8hE%F6%C9U%84%F7%7D%A1%B3U%3F%CF%B4%1B%B0%85%A4%24x%11m/prefixreg/%04%82%02%AA%03%B2%08%859%E5%B7%95p%AA%3E%D6%2Aj%BF%E8a%BB%86%CC0%DE%B3%CF%F6%90%EB%1FPNL%DB82%23p%11%A9%1D%29%21%CE%E4fO%2BQ.%5B%87%F8%F6%26%F8%E3Wx%D3%1B%0E%CCy%AE%02%E6%9C%C0c%1B%BCO%9FV%26X%1B%E5%FC%B7%83%B9%82j%FC%E1%BA8%2F%BF%B2%2Cp%C0%1BP%5D2%29%E2M5l%BCm%00%855%05%9E%A1%83Rw%F1%CA%C8%25%29%9D%E6c%1C1%F5%12%D6%0A%D3%C0%B7%09%BE%00%00%F2%00%01%A2%03%E2%02%85%3F%CEUL%08m2%E5%A6%28%3Ew%CDb%836%8B%D9z%DA%5B%02%D776-%A5s%B2%09%84%40%00%02%BA%B5%057%D4q%5E%98%00%01%E2%01%DA%0A%950%81%9F0%0D%06%09%2A%86H%86%F7%0D%01%01%01%05%00%03%81%8D%000%81%89%02%81%81%00%C0%FB%16%1F%A6%9A%5E%A0%2A%D2%80%DA%8E%D9f%C1%85r%83t%A6%28P6%CC%20O%60%D9Pi%87%F3%F6%D7%8C%F8F%BFw%3C%08%10%FF%D8%02%3E%1B%03E%0B%24%D5T%3F%21T%FC%8Fl%5C%07%22%60o%AA%AF%8E%1E6%9A%7DvVbs%2C%BCrW-Z%0F%F1%9F%CA%DA%B3%E0%06%E9%81%F7-%01%16%D5%7D%DF%D4%21E%2F%B0%C1%A7%27%AF%C2%0C%B6%C3%EC%1C%BF%5D%82T%A5%DEa%C4%14%401%10%C6%23%02%03%01%00%01%00%00%00%01%9A%04%D5%05%8A%04%CA%CEprefixreg%00%F2%00%03%E2%02%85%D7%C0.%E6%A2%06%2B%91%AF8hE%F6%C9U%84%F7%7D%A1%B3U%3F%CF%B4%1B%B0%85%A4%24x%11m%00%04%D2%8E7%00%03%D2%D62147483647%00%00%00%00 (509 bytes,scope=1)
1400719125.913111 ccnd[670]: version: 20090701, prefix_comps: 4, min_suffix_comps: 0, max_suffix_comps: 32767, orderpref: 0, answerfrom: 3, scope: 1, lifetime: 4.0000, excl: 0 bytes, etc: 0 bytes
1400719125.913153 ccnd[670]: debug.3856 first_candidate ccnx:/test/1/%FD%057%D4q3%3B/%00/8%EE%DB%A6%84%99%84%C8%280%91%AB%2Fd%01%AB%270%A2%D4p%2Bb%D3xJ%C7E%D5%1A%7FJ (433 bytes)
1400719125.913265 ccnd[670]: debug.3863 prefix_mismatch ccnx:/ccnx/%D7%C0.%E6%A2%06%2B%91%AF8hE%F6%C9U%84%F7%7D%A1%B3U%3F%CF%B4%1B%B0%85%A4%24x%11m/prefixreg/%04%82%02%AA%03%B2%08%859%E5%B7%95p%AA%3E%D6%2Aj%BF%E8a%BB%86%CC0%DE%B3%CF%F6%90%EB%1FPNL%DB82%23p%11%A9%1D%29%21%CE%E4fO%2BQ.%5B%87%F8%F6%26%F8%E3Wx%D3%1B%0E%CCy%AE%02%E6%9C%C0c%1B%BCO%9FV%26X%1B%E5%FC%B7%83%B9%82j%FC%E1%BA8%2F%BF%B2%2Cp%C0%1BP%5D2%29%E2M5l%BCm%00%855%05%9E%A1%83Rw%F1%CA%C8%25%29%9D%E6c%1C1%F5%12%D6%0A%D3%C0%B7%09%BE%00%00%F2%00%01%A2%03%E2%02%85%3F%CEUL%08m2%E5%A6%28%3Ew%CDb%836%8B%D9z%DA%5B%02%D776-%A5s%B2%09%84%40%00%02%BA%B5%057%D4q%5E%98%00%01%E2%01%DA%0A%950%81%9F0%0D%06%09%2A%86H%86%F7%0D%01%01%01%05%00%03%81%8D%000%81%89%02%81%81%00%C0%FB%16%1F%A6%9A%5E%A0%2A%D2%80%DA%8E%D9f%C1%85r%83t%A6%28P6%CC%20O%60%D9Pi%87%F3%F6%D7%8C%F8F%BFw%3C%08%10%FF%D8%02%3E%1B%03E%0B%24%D5T%3F%21T%FC%8Fl%5C%07%22%60o%AA%AF%8E%1E6%9A%7DvVbs%2C%BCrW-Z%0F%F1%9F%CA%DA%B3%E0%06%E9%81%F7-%01%16%D5%7D%DF%D4%21E%2F%B0%C1%A7%27%AF%C2%0C%B6%C3%EC%1C%BF%5D%82T%A5%DEa%C4%14%401%10%C6%23%02%03%01%00%01%00%00%00%01%9A%04%D5%05%8A%04%CA%CEprefixreg%00%F2%00%03%E2%02%85%D7%C0.%E6%A2%06%2B%91%AF8hE%F6%C9U%84%F7%7D%A1%B3U%3F%CF%B4%1B%B0%85%A4%24x%11m%00%04%D2%8E7%00%03%D2%D62147483647%00%00%00%00 (509 bytes,scope=1)
1400719125.913289 ccnd[670]: outbound.3131 adding 0
1400719125.913410 ccnd[670]: debug.3523 0x1165af0.0of1,usec=2681+3997319 8 ccnx:/ccnx/%D7%C0.%E6%A2%06%2B%91%AF8hE%F6%C9U%84%F7%7D%A1%B3U%3F%CF%B4%1B%B0%85%A4%24x%11m/prefixreg/%04%82%02%AA%03%B2%08%859%E5%B7%95p%AA%3E%D6%2Aj%BF%E8a%BB%86%CC0%DE%B3%CF%F6%90%EB%1FPNL%DB82%23p%11%A9%1D%29%21%CE%E4fO%2BQ.%5B%87%F8%F6%26%F8%E3Wx%D3%1B%0E%CCy%AE%02%E6%9C%C0c%1B%BCO%9FV%26X%1B%E5%FC%B7%83%B9%82j%FC%E1%BA8%2F%BF%B2%2Cp%C0%1BP%5D2%29%E2M5l%BCm%00%855%05%9E%A1%83Rw%F1%CA%C8%25%29%9D%E6c%1C1%F5%12%D6%0A%D3%C0%B7%09%BE%00%00%F2%00%01%A2%03%E2%02%85%3F%CEUL%08m2%E5%A6%28%3Ew%CDb%836%8B%D9z%DA%5B%02%D776-%A5s%B2%09%84%40%00%02%BA%B5%057%D4q%5E%98%00%01%E2%01%DA%0A%950%81%9F0%0D%06%09%2A%86H%86%F7%0D%01%01%01%05%00%03%81%8D%000%81%89%02%81%81%00%C0%FB%16%1F%A6%9A%5E%A0%2A%D2%80%DA%8E%D9f%C1%85r%83t%A6%28P6%CC%20O%60%D9Pi%87%F3%F6%D7%8C%F8F%BFw%3C%08%10%FF%D8%02%3E%1B%03E%0B%24%D5T%3F%21T%FC%8Fl%5C%07%22%60o%AA%AF%8E%1E6%9A%7DvVbs%2C%BCrW-Z%0F%F1%9F%CA%DA%B3%E0%06%E9%81%F7-%01%16%D5%7D%DF%D4%21E%2F%B0%C1%A7%27%AF%C2%0C%B6%C3%EC%1C%BF%5D%82T%A5%DEa%C4%14%401%10%C6%23%02%03%01%00%01%00%00%00%01%9A%04%D5%05%8A%04%CA%CEprefixreg%00%F2%00%03%E2%02%85%D7%C0.%E6%A2%06%2B%91%AF8hE%F6%C9U%84%F7%7D%A1%B3U%3F%CF%B4%1B%B0%85%A4%24x%11m%00%04%D2%8E7%00%03%D2%D62147483647%00%00%00%00 (525 bytes,scope=1) D7C02E-029E-0008-15E9-1911D3
1400719125.916671 ccnd[670]: debug.3210 interest_to 0 ccnx:/ccnx/%D7%C0.%E6%A2%06%2B%91%AF8hE%F6%C9U%84%F7%7D%A1%B3U%3F%CF%B4%1B%B0%85%A4%24x%11m/prefixreg/%04%82%02%AA%03%B2%08%859%E5%B7%95p%AA%3E%D6%2Aj%BF%E8a%BB%86%CC0%DE%B3%CF%F6%90%EB%1FPNL%DB82%23p%11%A9%1D%29%21%CE%E4fO%2BQ.%5B%87%F8%F6%26%F8%E3Wx%D3%1B%0E%CCy%AE%02%E6%9C%C0c%1B%BCO%9FV%26X%1B%E5%FC%B7%83%B9%82j%FC%E1%BA8%2F%BF%B2%2Cp%C0%1BP%5D2%29%E2M5l%BCm%00%855%05%9E%A1%83Rw%F1%CA%C8%25%29%9D%E6c%1C1%F5%12%D6%0A%D3%C0%B7%09%BE%00%00%F2%00%01%A2%03%E2%02%85%3F%CEUL%08m2%E5%A6%28%3Ew%CDb%836%8B%D9z%DA%5B%02%D776-%A5s%B2%09%84%40%00%02%BA%B5%057%D4q%5E%98%00%01%E2%01%DA%0A%950%81%9F0%0D%06%09%2A%86H%86%F7%0D%01%01%01%05%00%03%81%8D%000%81%89%02%81%81%00%C0%FB%16%1F%A6%9A%5E%A0%2A%D2%80%DA%8E%D9f%C1%85r%83t%A6%28P6%CC%20O%60%D9Pi%87%F3%F6%D7%8C%F8F%BFw%3C%08%10%FF%D8%02%3E%1B%03E%0B%24%D5T%3F%21T%FC%8Fl%5C%07%22%60o%AA%AF%8E%1E6%9A%7DvVbs%2C%BCrW-Z%0F%F1%9F%CA%DA%B3%E0%06%E9%81%F7-%01%16%D5%7D%DF%D4%21E%2F%B0%C1%A7%27%AF%C2%0C%B6%C3%EC%1C%BF%5D%82T%A5%DEa%C4%14%401%10%C6%23%02%03%01%00%01%00%00%00%01%9A%04%D5%05%8A%04%CA%CEprefixreg%00%F2%00%03%E2%02%85%D7%C0.%E6%A2%06%2B%91%AF8hE%F6%C9U%84%F7%7D%A1%B3U%3F%CF%B4%1B%B0%85%A4%24x%11m%00%04%D2%8E7%00%03%D2%D62147483647%00%00%00%00 (525 bytes,scope=1) D7C02E-029E-0008-15E9-1911D3
1400719125.916797 ccnd[670]: debug.158 ccnd_answer_req ccnx:/ccnx/%D7%C0.%E6%A2%06%2B%91%AF8hE%F6%C9U%84%F7%7D%A1%B3U%3F%CF%B4%1B%B0%85%A4%24x%11m/prefixreg/%04%82%02%AA%03%B2%08%859%E5%B7%95p%AA%3E%D6%2Aj%BF%E8a%BB%86%CC0%DE%B3%CF%F6%90%EB%1FPNL%DB82%23p%11%A9%1D%29%21%CE%E4fO%2BQ.%5B%87%F8%F6%26%F8%E3Wx%D3%1B%0E%CCy%AE%02%E6%9C%C0c%1B%BCO%9FV%26X%1B%E5%FC%B7%83%B9%82j%FC%E1%BA8%2F%BF%B2%2Cp%C0%1BP%5D2%29%E2M5l%BCm%00%855%05%9E%A1%83Rw%F1%CA%C8%25%29%9D%E6c%1C1%F5%12%D6%0A%D3%C0%B7%09%BE%00%00%F2%00%01%A2%03%E2%02%85%3F%CEUL%08m2%E5%A6%28%3Ew%CDb%836%8B%D9z%DA%5B%02%D776-%A5s%B2%09%84%40%00%02%BA%B5%057%D4q%5E%98%00%01%E2%01%DA%0A%950%81%9F0%0D%06%09%2A%86H%86%F7%0D%01%01%01%05%00%03%81%8D%000%81%89%02%81%81%00%C0%FB%16%1F%A6%9A%5E%A0%2A%D2%80%DA%8E%D9f%C1%85r%83t%A6%28P6%CC%20O%60%D9Pi%87%F3%F6%D7%8C%F8F%BFw%3C%08%10%FF%D8%02%3E%1B%03E%0B%24%D5T%3F%21T%FC%8Fl%5C%07%22%60o%AA%AF%8E%1E6%9A%7DvVbs%2C%BCrW-Z%0F%F1%9F%CA%DA%B3%E0%06%E9%81%F7-%01%16%D5%7D%DF%D4%21E%2F%B0%C1%A7%27%AF%C2%0C%B6%C3%EC%1C%BF%5D%82T%A5%DEa%C4%14%401%10%C6%23%02%03%01%00%01%00%00%00%01%9A%04%D5%05%8A%04%CA%CEprefixreg%00%F2%00%03%E2%02%85%D7%C0.%E6%A2%06%2B%91%AF8hE%F6%C9U%84%F7%7D%A1%B3U%3F%CF%B4%1B%B0%85%A4%24x%11m%00%04%D2%8E7%00%03%D2%D62147483647%00%00%00%00 (525 bytes,scope=1) D7C02E-029E-0008-15E9-1911D3
1400719125.916889 ccnd[670]: debug.2428 prefix,ff=3 7 ccnx:/ (2 bytes)
1400719125.917857 ccnd[670]: debug.280 ccnd_answer_req_response ccnx:/ccnx/%D7%C0.%E6%A2%06%2B%91%AF8hE%F6%C9U%84%F7%7D%A1%B3U%3F%CF%B4%1B%B0%85%A4%24x%11m/prefixreg/%04%82%02%AA%03%B2%08%859%E5%B7%95p%AA%3E%D6%2Aj%BF%E8a%BB%86%CC0%DE%B3%CF%F6%90%EB%1FPNL%DB82%23p%11%A9%1D%29%21%CE%E4fO%2BQ.%5B%87%F8%F6%26%F8%E3Wx%D3%1B%0E%CCy%AE%02%E6%9C%C0c%1B%BCO%9FV%26X%1B%E5%FC%B7%83%B9%82j%FC%E1%BA8%2F%BF%B2%2Cp%C0%1BP%5D2%29%E2M5l%BCm%00%855%05%9E%A1%83Rw%F1%CA%C8%25%29%9D%E6c%1C1%F5%12%D6%0A%D3%C0%B7%09%BE%00%00%F2%00%01%A2%03%E2%02%85%3F%CEUL%08m2%E5%A6%28%3Ew%CDb%836%8B%D9z%DA%5B%02%D776-%A5s%B2%09%84%40%00%02%BA%B5%057%D4q%5E%98%00%01%E2%01%DA%0A%950%81%9F0%0D%06%09%2A%86H%86%F7%0D%01%01%01%05%00%03%81%8D%000%81%89%02%81%81%00%C0%FB%16%1F%A6%9A%5E%A0%2A%D2%80%DA%8E%D9f%C1%85r%83t%A6%28P6%CC%20O%60%D9Pi%87%F3%F6%D7%8C%F8F%BFw%3C%08%10%FF%D8%02%3E%1B%03E%0B%24%D5T%3F%21T%FC%8Fl%5C%07%22%60o%AA%AF%8E%1E6%9A%7DvVbs%2C%BCrW-Z%0F%F1%9F%CA%DA%B3%E0%06%E9%81%F7-%01%16%D5%7D%DF%D4%21E%2F%B0%C1%A7%27%AF%C2%0C%B6%C3%EC%1C%BF%5D%82T%A5%DEa%C4%14%401%10%C6%23%02%03%01%00%01%00%00%00%01%9A%04%D5%05%8A%04%CA%CEprefixreg%00%F2%00%03%E2%02%85%D7%C0.%E6%A2%06%2B%91%AF8hE%F6%C9U%84%F7%7D%A1%B3U%3F%CF%B4%1B%B0%85%A4%24x%11m%00%04%D2%8E7%00%03%D2%D62147483647%00%00%00%00 (941 bytes)
1400719125.917998 ccnd[670]: debug.4109 content_from 0 ccnx:/ccnx/%D7%C0.%E6%A2%06%2B%91%AF8hE%F6%C9U%84%F7%7D%A1%B3U%3F%CF%B4%1B%B0%85%A4%24x%11m/prefixreg/%04%82%02%AA%03%B2%08%859%E5%B7%95p%AA%3E%D6%2Aj%BF%E8a%BB%86%CC0%DE%B3%CF%F6%90%EB%1FPNL%DB82%23p%11%A9%1D%29%21%CE%E4fO%2BQ.%5B%87%F8%F6%26%F8%E3Wx%D3%1B%0E%CCy%AE%02%E6%9C%C0c%1B%BCO%9FV%26X%1B%E5%FC%B7%83%B9%82j%FC%E1%BA8%2F%BF%B2%2Cp%C0%1BP%5D2%29%E2M5l%BCm%00%855%05%9E%A1%83Rw%F1%CA%C8%25%29%9D%E6c%1C1%F5%12%D6%0A%D3%C0%B7%09%BE%00%00%F2%00%01%A2%03%E2%02%85%3F%CEUL%08m2%E5%A6%28%3Ew%CDb%836%8B%D9z%DA%5B%02%D776-%A5s%B2%09%84%40%00%02%BA%B5%057%D4q%5E%98%00%01%E2%01%DA%0A%950%81%9F0%0D%06%09%2A%86H%86%F7%0D%01%01%01%05%00%03%81%8D%000%81%89%02%81%81%00%C0%FB%16%1F%A6%9A%5E%A0%2A%D2%80%DA%8E%D9f%C1%85r%83t%A6%28P6%CC%20O%60%D9Pi%87%F3%F6%D7%8C%F8F%BFw%3C%08%10%FF%D8%02%3E%1B%03E%0B%24%D5T%3F%21T%FC%8Fl%5C%07%22%60o%AA%AF%8E%1E6%9A%7DvVbs%2C%BCrW-Z%0F%F1%9F%CA%DA%B3%E0%06%E9%81%F7-%01%16%D5%7D%DF%D4%21E%2F%B0%C1%A7%27%AF%C2%0C%B6%C3%EC%1C%BF%5D%82T%A5%DEa%C4%14%401%10%C6%23%02%03%01%00%01%00%00%00%01%9A%04%D5%05%8A%04%CA%CEprefixreg%00%F2%00%03%E2%02%85%D7%C0.%E6%A2%06%2B%91%AF8hE%F6%C9U%84%F7%7D%A1%B3U%3F%CF%B4%1B%B0%85%A4%24x%11m%00%04%D2%8E7%00%03%D2%D62147483647%00%00%00%00/%C7_x%BF%22%0DY%11%E5%08%E3%FA%ED%DE2%AEn%C6%1BxG%E9%E0%98%EF%CD%7B%3F%87t%3D%DA (977 bytes)
1400719125.918037 ccnd[670]: fwd.3059 adding 0
1400719125.918049 ccnd[670]: fwd.3059 adding 7
1400719125.918066 ccnd[670]: face 8 q 0 delay 3 usec
1400719125.918180 ccnd[670]: debug.1526 consume 8 ccnx:/ccnx/%D7%C0.%E6%A2%06%2B%91%AF8hE%F6%C9U%84%F7%7D%A1%B3U%3F%CF%B4%1B%B0%85%A4%24x%11m/prefixreg/%04%82%02%AA%03%B2%08%859%E5%B7%95p%AA%3E%D6%2Aj%BF%E8a%BB%86%CC0%DE%B3%CF%F6%90%EB%1FPNL%DB82%23p%11%A9%1D%29%21%CE%E4fO%2BQ.%5B%87%F8%F6%26%F8%E3Wx%D3%1B%0E%CCy%AE%02%E6%9C%C0c%1B%BCO%9FV%26X%1B%E5%FC%B7%83%B9%82j%FC%E1%BA8%2F%BF%B2%2Cp%C0%1BP%5D2%29%E2M5l%BCm%00%855%05%9E%A1%83Rw%F1%CA%C8%25%29%9D%E6c%1C1%F5%12%D6%0A%D3%C0%B7%09%BE%00%00%F2%00%01%A2%03%E2%02%85%3F%CEUL%08m2%E5%A6%28%3Ew%CDb%836%8B%D9z%DA%5B%02%D776-%A5s%B2%09%84%40%00%02%BA%B5%057%D4q%5E%98%00%01%E2%01%DA%0A%950%81%9F0%0D%06%09%2A%86H%86%F7%0D%01%01%01%05%00%03%81%8D%000%81%89%02%81%81%00%C0%FB%16%1F%A6%9A%5E%A0%2A%D2%80%DA%8E%D9f%C1%85r%83t%A6%28P6%CC%20O%60%D9Pi%87%F3%F6%D7%8C%F8F%BFw%3C%08%10%FF%D8%02%3E%1B%03E%0B%24%D5T%3F%21T%FC%8Fl%5C%07%22%60o%AA%AF%8E%1E6%9A%7DvVbs%2C%BCrW-Z%0F%F1%9F%CA%DA%B3%E0%06%E9%81%F7-%01%16%D5%7D%DF%D4%21E%2F%B0%C1%A7%27%AF%C2%0C%B6%C3%EC%1C%BF%5D%82T%A5%DEa%C4%14%401%10%C6%23%02%03%01%00%01%00%00%00%01%9A%04%D5%05%8A%04%CA%CEprefixreg%00%F2%00%03%E2%02%85%D7%C0.%E6%A2%06%2B%91%AF8hE%F6%C9U%84%F7%7D%A1%B3U%3F%CF%B4%1B%B0%85%A4%24x%11m%00%04%D2%8E7%00%03%D2%D62147483647%00%00%00%00 (525 bytes,scope=1) D7C02E-029E-0008-15E9-1911D3
1400719125.918194 ccnd[670]: sl.1598 0 ci=4 osrc=4294967295 src=0 usec=8865
1400719125.918216 ccnd[670]: fwd.3059 adding 0
1400719125.918227 ccnd[670]: fwd.3059 adding 7
1400719125.918264 ccnd[670]: sl.1598 0 ci=3 osrc=4294967295 src=0 usec=8865
1400719125.918275 ccnd[670]: fwd.3059 adding 0
1400719125.918285 ccnd[670]: fwd.3059 adding 7
1400719125.918295 ccnd[670]: fwd.3059 adding 7
1400719125.918306 ccnd[670]: fwd.3059 adding 7
1400719125.918425 ccnd[670]: debug.1268 content_to 8 ccnx:/ccnx/%D7%C0.%E6%A2%06%2B%91%AF8hE%F6%C9U%84%F7%7D%A1%B3U%3F%CF%B4%1B%B0%85%A4%24x%11m/prefixreg/%04%82%02%AA%03%B2%08%859%E5%B7%95p%AA%3E%D6%2Aj%BF%E8a%BB%86%CC0%DE%B3%CF%F6%90%EB%1FPNL%DB82%23p%11%A9%1D%29%21%CE%E4fO%2BQ.%5B%87%F8%F6%26%F8%E3Wx%D3%1B%0E%CCy%AE%02%E6%9C%C0c%1B%BCO%9FV%26X%1B%E5%FC%B7%83%B9%82j%FC%E1%BA8%2F%BF%B2%2Cp%C0%1BP%5D2%29%E2M5l%BCm%00%855%05%9E%A1%83Rw%F1%CA%C8%25%29%9D%E6c%1C1%F5%12%D6%0A%D3%C0%B7%09%BE%00%00%F2%00%01%A2%03%E2%02%85%3F%CEUL%08m2%E5%A6%28%3Ew%CDb%836%8B%D9z%DA%5B%02%D776-%A5s%B2%09%84%40%00%02%BA%B5%057%D4q%5E%98%00%01%E2%01%DA%0A%950%81%9F0%0D%06%09%2A%86H%86%F7%0D%01%01%01%05%00%03%81%8D%000%81%89%02%81%81%00%C0%FB%16%1F%A6%9A%5E%A0%2A%D2%80%DA%8E%D9f%C1%85r%83t%A6%28P6%CC%20O%60%D9Pi%87%F3%F6%D7%8C%F8F%BFw%3C%08%10%FF%D8%02%3E%1B%03E%0B%24%D5T%3F%21T%FC%8Fl%5C%07%22%60o%AA%AF%8E%1E6%9A%7DvVbs%2C%BCrW-Z%0F%F1%9F%CA%DA%B3%E0%06%E9%81%F7-%01%16%D5%7D%DF%D4%21E%2F%B0%C1%A7%27%AF%C2%0C%B6%C3%EC%1C%BF%5D%82T%A5%DEa%C4%14%401%10%C6%23%02%03%01%00%01%00%00%00%01%9A%04%D5%05%8A%04%CA%CEprefixreg%00%F2%00%03%E2%02%85%D7%C0.%E6%A2%06%2B%91%AF8hE%F6%C9U%84%F7%7D%A1%B3U%3F%CF%B4%1B%B0%85%A4%24x%11m%00%04%D2%8E7%00%03%D2%D62147483647%00%00%00%00/%C7_x%BF%22%0DY%11%E5%08%E3%FA%ED%DE2%AEn%C6%1BxG%E9%E0%98%EF%CD%7B%3F%87t%3D%DA (977 bytes)
1400719125.919063 ccnd[670]: shutdown client fd=9 id=8
1400719125.919100 ccnd[670]: releasing face id 8 (slot 8)
1400719129.000000 ccnd[670]: 6001 ____________________ Thu May 22 00:38:49 2014
1400719129.261772 ccnd[670]: debug.3946 stale ccnx:/%C1.M.S.neighborhood/%C1.M.SRV/ccnd/KEY/%C1.M.K%00%D7%C0.%E6%A2%06%2B%91%AF8hE%F6%C9U%84%F7%7D%A1%B3U%3F%CF%B4%1B%B0%85%A4%24x%11m/%FD%057%D4n%EA%CE/%00/%27%BDRL6%95g%F2%0EI%F6S%FEy%E5%17~%80%DF%16%0D%15%F2z%D4y%AA%3E%F68%07%8B (617 bytes)
1400719132.254043 ccnd[670]: debug.3807 interest_from 7 ccnx:/test/1 (32 bytes) 6A536B-029A-0008-1BC5-787151
1400719132.254065 ccnd[670]: version: 20090701, prefix_comps: 2, min_suffix_comps: 0, max_suffix_comps: 32767, orderpref: 0, answerfrom: 3, scope: -1, lifetime: 4.0000, excl: 0 bytes, etc: 0 bytes
1400719132.254104 ccnd[670]: debug.3856 first_candidate ccnx:/test/1/%FD%057%D4q3%3B/%00/8%EE%DB%A6%84%99%84%C8%280%91%AB%2Fd%01%AB%270%A2%D4p%2Bb%D3xJ%C7E%D5%1A%7FJ (433 bytes)
1400719132.254134 ccnd[670]: debug.3884 matches ccnx:/test/1/%FD%057%D4q3%3B/%00/8%EE%DB%A6%84%99%84%C8%280%91%AB%2Fd%01%AB%270%A2%D4p%2Bb%D3xJ%C7E%D5%1A%7FJ (433 bytes)
1400719132.254147 ccnd[670]: face 7 q 1 delay 994 usec
1400719132.254168 ccnd[670]: debug.3918 consume 7 ccnx:/test/1 (32 bytes) 6A536B-029A-0008-1BC5-787151
1400719132.254179 ccnd[670]: fwd.3059 adding 6
1400719132.254190 ccnd[670]: fwd.3059 adding 7
1400719132.254200 ccnd[670]: fwd.3059 adding 7
1400719132.254210 ccnd[670]: fwd.3059 adding 7
1400719132.254236 ccnd[670]: debug.3807 interest_from 7 ccnx:/%C1.M.S.neighborhood/%C1.M.SRV/ccnd/KEY (55 bytes,scope=2)
1400719132.254246 ccnd[670]: version: 20090701, prefix_comps: 4, min_suffix_comps: 0, max_suffix_comps: 32767, orderpref: 0, answerfrom: 3, scope: 2, lifetime: 4.0000, excl: 0 bytes, etc: 0 bytes
1400719132.254290 ccnd[670]: debug.3856 first_candidate ccnx:/%C1.M.S.neighborhood/%C1.M.SRV/ccnd/KEY/%C1.M.K%00%D7%C0.%E6%A2%06%2B%91%AF8hE%F6%C9U%84%F7%7D%A1%B3U%3F%CF%B4%1B%B0%85%A4%24x%11m/%FD%057%D4n%EA%CE/%00/%27%BDRL6%95g%F2%0EI%F6S%FEy%E5%17~%80%DF%16%0D%15%F2z%D4y%AA%3E%F68%07%8B (617 bytes)
1400719132.254302 ccnd[670]: fwd.3059 adding 0
1400719132.254312 ccnd[670]: fwd.3059 adding 7
1400719132.254322 ccnd[670]: outbound.3131 adding 0
1400719132.254351 ccnd[670]: debug.3523 0x11662a0.0of1,usec=2069+3997931 7 ccnx:/%C1.M.S.neighborhood/%C1.M.SRV/ccnd/KEY (71 bytes,scope=2) D7C02E-029E-0007-1C41-4E1E2F
1400719132.255540 ccnd[670]: debug.1268 content_to 7 ccnx:/test/1/%FD%057%D4q3%3B/%00/8%EE%DB%A6%84%99%84%C8%280%91%AB%2Fd%01%AB%270%A2%D4p%2Bb%D3xJ%C7E%D5%1A%7FJ (433 bytes)
1400719132.256714 ccnd[670]: debug.3210 interest_to 0 ccnx:/%C1.M.S.neighborhood/%C1.M.SRV/ccnd/KEY (71 bytes,scope=2) D7C02E-029E-0007-1C41-4E1E2F
1400719132.256745 ccnd[670]: debug.158 ccnd_answer_req ccnx:/%C1.M.S.neighborhood/%C1.M.SRV/ccnd/KEY (71 bytes,scope=2) D7C02E-029E-0007-1C41-4E1E2F
1400719132.256822 ccnd[670]: debug.4109 content_from 0 ccnx:/%C1.M.S.neighborhood/%C1.M.SRV/ccnd/KEY/%C1.M.K%00%D7%C0.%E6%A2%06%2B%91%AF8hE%F6%C9U%84%F7%7D%A1%B3U%3F%CF%B4%1B%B0%85%A4%24x%11m/%FD%057%D4n%EA%CE/%00/%27%BDRL6%95g%F2%0EI%F6S%FEy%E5%17~%80%DF%16%0D%15%F2z%D4y%AA%3E%F68%07%8B (617 bytes)
1400719132.256843 ccnd[670]: fwd.3059 adding 0
1400719132.256854 ccnd[670]: fwd.3059 adding 7
1400719132.256870 ccnd[670]: face 7 q 1 delay 686 usec
1400719132.256894 ccnd[670]: debug.1526 consume 7 ccnx:/%C1.M.S.neighborhood/%C1.M.SRV/ccnd/KEY (71 bytes,scope=2) D7C02E-029E-0007-1C41-4E1E2F
1400719132.256904 ccnd[670]: sl.1598 0 ci=4 osrc=0 src=0 usec=8865
1400719132.256915 ccnd[670]: fwd.3059 adding 0
1400719132.256925 ccnd[670]: fwd.3059 adding 7
1400719132.256935 ccnd[670]: sl.1598 0 ci=3 osrc=0 src=0 usec=8865
1400719132.256946 ccnd[670]: fwd.3059 adding 0
1400719132.256956 ccnd[670]: fwd.3059 adding 7
1400719132.000000 ccnd[670]: 6001 ____________________ Thu May 22 00:38:52 2014
1400719132.258127 ccnd[670]: debug.1268 content_to 7 ccnx:/%C1.M.S.neighborhood/%C1.M.SRV/ccnd/KEY/%C1.M.K%00%D7%C0.%E6%A2%06%2B%91%AF8hE%F6%C9U%84%F7%7D%A1%B3U%3F%CF%B4%1B%B0%85%A4%24x%11m/%FD%057%D4n%EA%CE/%00/%27%BDRL6%95g%F2%0EI%F6S%FEy%E5%17~%80%DF%16%0D%15%F2z%D4y%AA%3E%F68%07%8B (617 bytes)
1400719133.083302 ccnd[670]: debug.3946 stale ccnx:/ccnx/%D7%C0.%E6%A2%06%2B%91%AF8hE%F6%C9U%84%F7%7D%A1%B3U%3F%CF%B4%1B%B0%85%A4%24x%11m/selfreg/%04%82%02%AA%03%B2%08%85%1A%DF%12%0D%C4%F4oj%1D%FD%7FS%9FM%28%0Br%3C%A4%F6f%15%98%AFE4%9F%7C%E6%F1X%92%8B%09%EE%7C%85Y%A2%F0%BB_%82%0C%E4%F1%BA%2A%B6%7D%BD%B8%BEC%FF%D3%8C%25t%14I%F1%D5%94I%EC%0Cg%C83%2B%96%B3%D4%8Db%01%1A%A1PzEy%A7k%9D%2C%80%B9a%85%02%7D%DF%2F%85%AD%80%EBo%9A%8F%B7%E8%17%C5%EA%B0%0B%23g0%B3%60%23n%CE%A1%A8%1ET%C4%13%05%DA~%7C%1F%00%00%F2%00%01%A2%03%E2%02%85%3F%CEUL%08m2%E5%A6%28%3Ew%CDb%836%8B%D9z%DA%5B%02%D776-%A5s%B2%09%84%40%00%02%BA%B5%057%D4q0%83%00%01%E2%01%DA%0A%950%81%9F0%0D%06%09%2A%86H%86%F7%0D%01%01%01%05%00%03%81%8D%000%81%89%02%81%81%00%C0%FB%16%1F%A6%9A%5E%A0%2A%D2%80%DA%8E%D9f%C1%85r%83t%A6%28P6%CC%20O%60%D9Pi%87%F3%F6%D7%8C%F8F%BFw%3C%08%10%FF%D8%02%3E%1B%03E%0B%24%D5T%3F%21T%FC%8Fl%5C%07%22%60o%AA%AF%8E%1E6%9A%7DvVbs%2C%BCrW-Z%0F%F1%9F%CA%DA%B3%E0%06%E9%81%F7-%01%16%D5%7D%DF%D4%21E%2F%B0%C1%A7%27%AF%C2%0C%B6%C3%EC%1C%BF%5D%82T%A5%DEa%C4%14%401%10%C6%23%02%03%01%00%01%00%00%00%01%9A%09%ED%05%8A%04%CA%BEselfreg%00%F2%FA%C5ccnx.org%00%FA%ADUsers%00%FA%A5user%00%FA%A5Keys%00%FA%02%B5%C1.M.K%00%3F%CEUL%08m2%E5%A6%28%3Ew%CDb%836%8B%D9z%DA%5B%02%D776-%A5s%B2%09%84%40%00%FA%BD%FD%04%FB%C93%60%00%00%00%03%E2%02%85%D7%C0.%E6%A2%06%2B%91%AF8hE%F6%C9U%84%F7%7D%A1%B3U%3F%CF%B4%1B%B0%85%A4%24x%11m%00%04%FA%8E3%00%03%D2%D62147483647%00%00%00%00/_F%EB%C0%FC%F0%1A%BC%2F%22d%17W%E2%B3%04k%2B%23%CFH%9Dg%BB%E4%06E%9D%05%DB%CB%26 (1139 bytes)
1400719133.199977 ccnd[670]: debug.3946 stale ccnx:/ccnx/%D7%C0.%E6%A2%06%2B%91%AF8hE%F6%C9U%84%F7%7D%A1%B3U%3F%CF%B4%1B%B0%85%A4%24x%11m/selfreg/%04%82%02%AA%03%B2%08%85B%17%28%11%F0%CB%07%99%F0%1F%A5%1Ea%AC%D3%AC%11%17De5%D0%A0%B3d%2C%18%9Ey%3D%EC%E3%C8%87%ED%C8%0DB%24%FC%3A%C3%09w%DA%F7%AAn%F9%29t%10%40%FC%EE%B3%1D%5C%E0%2A%B6%EE%258%8B%C5%E7%9A%17DX%03%3Cnv6%20%A2%60X%EAn0e%5B%C8n%C7%A4%F9Rj%14%D3%16mV%9D%BB%99%3B%9F%DF%A7%EC%1B-J%E5%3F%C9%12P%FA%9A%5C%94%D3%E9%03ww%0BC%D5%1A%E2%A2%00%00%F2%00%01%A2%03%E2%02%85%3F%CEUL%08m2%E5%A6%28%3Ew%CDb%836%8B%D9z%DA%5B%02%D776-%A5s%B2%09%84%40%00%02%BA%B5%057%D4q2%B4%00%01%E2%01%DA%0A%950%81%9F0%0D%06%09%2A%86H%86%F7%0D%01%01%01%05%00%03%81%8D%000%81%89%02%81%81%00%C0%FB%16%1F%A6%9A%5E%A0%2A%D2%80%DA%8E%D9f%C1%85r%83t%A6%28P6%CC%20O%60%D9Pi%87%F3%F6%D7%8C%F8F%BFw%3C%08%10%FF%D8%02%3E%1B%03E%0B%24%D5T%3F%21T%FC%8Fl%5C%07%22%60o%AA%AF%8E%1E6%9A%7DvVbs%2C%BCrW-Z%0F%F1%9F%CA%DA%B3%E0%06%E9%81%F7-%01%16%D5%7D%DF%D4%21E%2F%B0%C1%A7%27%AF%C2%0C%B6%C3%EC%1C%BF%5D%82T%A5%DEa%C4%14%401%10%C6%23%02%03%01%00%01%00%00%00%01%9A%05%9D%05%8A%04%CA%BEselfreg%00%F2%FA%A5test%00%FA%8D1%00%00%03%E2%02%85%D7%C0.%E6%A2%06%2B%91%AF8hE%F6%C9U%84%F7%7D%A1%B3U%3F%CF%B4%1B%B0%85%A4%24x%11m%00%04%FA%8E3%00%03%D2%D62147483647%00%00%00%00/%7D%D4%7C%BE%B2%E9V%A1%7F%DB%FA%0FdU%8E%D6%B1M%B8%0F%0C%A8%E2%1FpM%C8o%18%27%3F%9B (991 bytes)
1400719135.913122 ccnd[670]: debug.3946 stale ccnx:/ccnx/%D7%C0.%E6%A2%06%2B%91%AF8hE%F6%C9U%84%F7%7D%A1%B3U%3F%CF%B4%1B%B0%85%A4%24x%11m/newface/%04%82%02%AA%03%B2%08%85_d%D4B%C9%C88%DB%3A%15%7F%9B%B0%D3%2A%D3%FD%29%1BY%E1%96%1AO5%F1%C1%22%E3%93%7Cm%20%AE%AF%A5W%95%CC%B4M%95%25P%CD%B5%E2%F3%2B%C4%DA%E2-t%FE%2C6h%94B%20%0B%23%FD%7BC%20%EC%0Ea%B8%C3R%86%20%8C%FCH%C7%3C%D6%A3C%3B%7B%C4%3D%D4%B5%1FcM%11.%8C7%7F%8E%C7Q%A2%C5yPwq%A0%A3%A3%60%7B%23%CB%9A%92%FC%24%1B%EF%BCk1%A7%FF%F9%7B%AD%C2%00%00%F2%00%01%A2%03%E2%02%85%3F%CEUL%08m2%E5%A6%28%3Ew%CDb%836%8B%D9z%DA%5B%02%D776-%A5s%B2%09%84%40%00%02%BA%B5%057%D4q%5E%83%00%01%E2%01%DA%0A%950%81%9F0%0D%06%09%2A%86H%86%F7%0D%01%01%01%05%00%03%81%8D%000%81%89%02%81%81%00%C0%FB%16%1F%A6%9A%5E%A0%2A%D2%80%DA%8E%D9f%C1%85r%83t%A6%28P6%CC%20O%60%D9Pi%87%F3%F6%D7%8C%F8F%BFw%3C%08%10%FF%D8%02%3E%1B%03E%0B%24%D5T%3F%21T%FC%8Fl%5C%07%22%60o%AA%AF%8E%1E6%9A%7DvVbs%2C%BCrW-Z%0F%F1%9F%CA%DA%B3%E0%06%E9%81%F7-%01%16%D5%7D%DF%D4%21E%2F%B0%C1%A7%27%AF%C2%0C%B6%C3%EC%1C%BF%5D%82T%A5%DEa%C4%14%401%10%C6%23%02%03%01%00%01%00%00%00%01%9A%06%AD%05%82%04%CA%BEnewface%00%03%E2%02%85%D7%C0.%E6%A2%06%2B%91%AF8hE%F6%C9U%84%F7%7D%A1%B3U%3F%CF%B4%1B%B0%85%A4%24x%11m%00%04%D2%8E0%00%04%DA%9617%00%04%E2%EE192.168.122.2%00%04%EA%A66001%00%03%D2%D62147483647%00%00%00%00/%CFz%83%05%8D%D1%8E%18s%EC%DA%2C%F0%91c%A8%28%0F%A7%92%A2O%14~H%9B%FBnk%00%29%ED (1022 bytes)
1400719135.918388 ccnd[670]: debug.3946 stale ccnx:/ccnx/%D7%C0.%E6%A2%06%2B%91%AF8hE%F6%C9U%84%F7%7D%A1%B3U%3F%CF%B4%1B%B0%85%A4%24x%11m/prefixreg/%04%82%02%AA%03%B2%08%859%E5%B7%95p%AA%3E%D6%2Aj%BF%E8a%BB%86%CC0%DE%B3%CF%F6%90%EB%1FPNL%DB82%23p%11%A9%1D%29%21%CE%E4fO%2BQ.%5B%87%F8%F6%26%F8%E3Wx%D3%1B%0E%CCy%AE%02%E6%9C%C0c%1B%BCO%9FV%26X%1B%E5%FC%B7%83%B9%82j%FC%E1%BA8%2F%BF%B2%2Cp%C0%1BP%5D2%29%E2M5l%BCm%00%855%05%9E%A1%83Rw%F1%CA%C8%25%29%9D%E6c%1C1%F5%12%D6%0A%D3%C0%B7%09%BE%00%00%F2%00%01%A2%03%E2%02%85%3F%CEUL%08m2%E5%A6%28%3Ew%CDb%836%8B%D9z%DA%5B%02%D776-%A5s%B2%09%84%40%00%02%BA%B5%057%D4q%5E%98%00%01%E2%01%DA%0A%950%81%9F0%0D%06%09%2A%86H%86%F7%0D%01%01%01%05%00%03%81%8D%000%81%89%02%81%81%00%C0%FB%16%1F%A6%9A%5E%A0%2A%D2%80%DA%8E%D9f%C1%85r%83t%A6%28P6%CC%20O%60%D9Pi%87%F3%F6%D7%8C%F8F%BFw%3C%08%10%FF%D8%02%3E%1B%03E%0B%24%D5T%3F%21T%FC%8Fl%5C%07%22%60o%AA%AF%8E%1E6%9A%7DvVbs%2C%BCrW-Z%0F%F1%9F%CA%DA%B3%E0%06%E9%81%F7-%01%16%D5%7D%DF%D4%21E%2F%B0%C1%A7%27%AF%C2%0C%B6%C3%EC%1C%BF%5D%82T%A5%DEa%C4%14%401%10%C6%23%02%03%01%00%01%00%00%00%01%9A%04%D5%05%8A%04%CA%CEprefixreg%00%F2%00%03%E2%02%85%D7%C0.%E6%A2%06%2B%91%AF8hE%F6%C9U%84%F7%7D%A1%B3U%3F%CF%B4%1B%B0%85%A4%24x%11m%00%04%D2%8E7%00%03%D2%D62147483647%00%00%00%00/%C7_x%BF%22%0DY%11%E5%08%E3%FA%ED%DE2%AEn%C6%1BxG%E9%E0%98%EF%CD%7B%3F%87t%3D%DA (977 bytes)
1400719137.257941 ccnd[670]: debug.3946 stale ccnx:/%C1.M.S.neighborhood/%C1.M.SRV/ccnd/KEY/%C1.M.K%00%D7%C0.%E6%A2%06%2B%91%AF8hE%F6%C9U%84%F7%7D%A1%B3U%3F%CF%B4%1B%B0%85%A4%24x%11m/%FD%057%D4n%EA%CE/%00/%27%BDRL6%95g%F2%0EI%F6S%FEy%E5%17~%80%DF%16%0D%15%F2z%D4y%AA%3E%F68%07%8B (617 bytes)
