<?xml version="1.0" encoding="UTF-8" standalone="no"?>
<!DOCTYPE log SYSTEM "logger.dtd">
<log>
<record>
  <date>2014-05-22T02:35:38</date>
  <millis>1400726138669</millis>
  <sequence>0</sequence>
  <logger>ccnx.Default</logger>
  <level>INFO</level>
  <class>thoth.CCNComms</class>
  <method>createConnection</method>
  <thread>10</thread>
  <message>Connecting to CCN network...</message>
</record>
<record>
  <date>2014-05-22T02:35:39</date>
  <millis>1400726139094</millis>
  <sequence>1</sequence>
  <logger>ccnx.Keys</logger>
  <level>INFO</level>
  <class>org.ccnx.ccn.impl.security.keys.BasicKeyManager</class>
  <method>loadKeyStore</method>
  <thread>10</thread>
  <message>Loading CCN key store from /home/user/.ccnx/.ccnx_keystore...last modified 1339284522000(ms).</message>
</record>
<record>
  <date>2014-05-22T02:35:39</date>
  <millis>1400726139095</millis>
  <sequence>2</sequence>
  <logger>ccnx.Keys</logger>
  <level>INFO</level>
  <class>org.ccnx.ccn.impl.security.keys.BasicKeyManager</class>
  <method>readKeyStore</method>
  <thread>10</thread>
  <message>Loading CCN key store...</message>
</record>
<record>
  <date>2014-05-22T02:35:39</date>
  <millis>1400726139169</millis>
  <sequence>3</sequence>
  <logger>ccnx.Keys</logger>
  <level>INFO</level>
  <class>org.ccnx.ccn.impl.security.keys.BasicKeyManager</class>
  <method>loadKeyStore</method>
  <thread>10</thread>
  <message>Loaded CCN key store from /home/user/.ccnx/.ccnx_keystore...version 2012-06-09 23:28:42.0 ms: 1339284522000</message>
</record>
<record>
  <date>2014-05-22T02:35:39</date>
  <millis>1400726139171</millis>
  <sequence>4</sequence>
  <logger>ccnx.Keys</logger>
  <level>INFO</level>
  <class>org.ccnx.ccn.impl.security.keys.BasicKeyManager</class>
  <method>loadValuesFromKeystore</method>
  <thread>10</thread>
  <message>Loading key store file:/home/user/.ccnx/.ccnx_keystore version 2012-06-09 23:28:42.0 version component %FD%04%FD%3D%C2%A0%00 millis 1339284522000</message>
</record>
<record>
  <date>2014-05-22T02:35:39</date>
  <millis>1400726139215</millis>
  <sequence>5</sequence>
  <logger>ccnx.Keys</logger>
  <level>INFO</level>
  <class>org.ccnx.ccn.impl.security.keys.BasicKeyManager</class>
  <method>loadValuesFromKeystore</method>
  <thread>10</thread>
  <message>Default key ID for user user: NDBl6SA2X/2RSIjLUpMcCyd//ya/g0WvG3GA78B591I=</message>
</record>
<record>
  <date>2014-05-22T02:35:39</date>
  <millis>1400726139256</millis>
  <sequence>6</sequence>
  <logger>ccnx.Default</logger>
  <level>INFO</level>
  <class>org.ccnx.ccn.impl.security.keys.SecureKeyCache</class>
  <method>loadKeyStore</method>
  <thread>10</thread>
  <message>KeyCache: loading signing key NDBl6SA2X/2RSIjLUpMcCyd//ya/g0WvG3GA78B591I=, remembering public key in public key cache.</message>
</record>
<record>
  <date>2014-05-22T02:35:39</date>
  <millis>1400726139263</millis>
  <sequence>7</sequence>
  <logger>ccnx.AccessControl</logger>
  <level>INFO</level>
  <class>org.ccnx.ccn.impl.security.keys.SecureKeyCache</class>
  <method>addMyPrivateKey</method>
  <thread>10</thread>
  <message>SecureKeyCache: adding my private key 343065e920365ffd914888cb52931c0b277fff26bf8345af1b7180efc079f752</message>
</record>
<record>
  <date>2014-05-22T02:35:39</date>
  <millis>1400726139264</millis>
  <sequence>8</sequence>
  <logger>ccnx.Keys</logger>
  <level>INFO</level>
  <class>org.ccnx.ccn.impl.security.keys.BasicKeyManager</class>
  <method>loadValuesFromConfiguration</method>
  <thread>10</thread>
  <message>loadValuesFromConfiguration: attempting to load configuration from /home/user/.ccnx/ccnx_config.bin</message>
</record>
<record>
  <date>2014-05-22T02:35:39</date>
  <millis>1400726139264</millis>
  <sequence>9</sequence>
  <logger>ccnx.Keys</logger>
  <level>INFO</level>
  <class>org.ccnx.ccn.impl.security.keys.BasicKeyManager</class>
  <method>loadValuesFromConfiguration</method>
  <thread>10</thread>
  <message>loadValuesFromConfiguration: configuration file /home/user/.ccnx/ccnx_config.bin does not exist.</message>
</record>
<record>
  <date>2014-05-22T02:35:39</date>
  <millis>1400726139265</millis>
  <sequence>10</sequence>
  <logger>ccnx.Keys</logger>
  <level>INFO</level>
  <class>org.ccnx.ccn.impl.security.keys.BasicKeyManager</class>
  <method>loadSavedSecureKeyCache</method>
  <thread>10</thread>
  <message>Not loading key cache in response to user configuration variable.</message>
</record>
<record>
  <date>2014-05-22T02:35:39</date>
  <millis>1400726139288</millis>
  <sequence>11</sequence>
  <logger>ccnx.NetManager</logger>
  <level>WARNING</level>
  <class>org.ccnx.ccn.impl.CCNNetworkManager</class>
  <method>&lt;init&gt;</method>
  <thread>10</thread>
  <message>NetworkManager 1: Non-standard CCN agent port 6001 per property ccn.agent.port</message>
</record>
<record>
  <date>2014-05-22T02:35:39</date>
  <millis>1400726139288</millis>
  <sequence>12</sequence>
  <logger>ccnx.NetManager</logger>
  <level>INFO</level>
  <class>org.ccnx.ccn.impl.CCNNetworkManager</class>
  <method>&lt;init&gt;</method>
  <thread>10</thread>
  <message>NetworkManager 1: Contacting CCN agent at localhost:6001</message>
</record>
<record>
  <date>2014-05-22T02:35:39</date>
  <millis>1400726139308</millis>
  <sequence>13</sequence>
  <logger>ccnx.NetManager</logger>
  <level>INFO</level>
  <class>org.ccnx.ccn.impl.CCNNetworkChannel</class>
  <method>&lt;init&gt;</method>
  <thread>10</thread>
  <message>NetworkChannel 1: Starting up CCNNetworkChannel using TCP.</message>
</record>
<record>
  <date>2014-05-22T02:35:39</date>
  <millis>1400726139308</millis>
  <sequence>14</sequence>
  <logger>ccnx.NetManager</logger>
  <level>INFO</level>
  <class>org.ccnx.ccn.impl.CCNNetworkChannel</class>
  <method>open</method>
  <thread>10</thread>
  <message>NetworkChannel 1: open()</message>
</record>
<record>
  <date>2014-05-22T02:35:39</date>
  <millis>1400726139317</millis>
  <sequence>15</sequence>
  <logger>ccnx.NetManager</logger>
  <level>INFO</level>
  <class>org.ccnx.ccn.impl.CCNNetworkChannel</class>
  <method>open</method>
  <thread>10</thread>
  <message>NetworkChannel 1: Contacting CCN agent at localhost:6001 on local port 44924</message>
</record>
<record>
  <date>2014-05-22T02:35:39</date>
  <millis>1400726139317</millis>
  <sequence>16</sequence>
  <logger>ccnx.NetManager</logger>
  <level>INFO</level>
  <class>org.ccnx.ccn.CCNHandle</class>
  <method>&lt;init&gt;</method>
  <thread>10</thread>
  <message>CCNHandle 1: Handle is now open</message>
</record>
<record>
  <date>2014-05-22T02:35:39</date>
  <millis>1400726139321</millis>
  <sequence>17</sequence>
  <logger>ccnx.NetManager</logger>
  <level>INFO</level>
  <class>org.ccnx.ccn.impl.CCNNetworkManager</class>
  <method>run</method>
  <thread>11</thread>
  <message>NetworkManager 1: CCNNetworkManager processing thread started for port: 6001</message>
</record>
<record>
  <date>2014-05-22T02:35:39</date>
  <millis>1400726139344</millis>
  <sequence>18</sequence>
  <logger>ccnx.Keys</logger>
  <level>INFO</level>
  <class>org.ccnx.ccn.impl.security.keys.PublicKeyCache</class>
  <method>getPublicKeyObject</method>
  <thread>10</thread>
  <message>Retrieved key /JbXYOK6qCSnLQg8luvsyCGPjR6c39ciWCPAmAzYsbQ= using locator NAME: /%C1.M.S.localhost/%C1.M.SRV/ccnd/KEY/%C1.M.K%00%FC%96%D7%60%E2%BA%A8%24%A7-%08%3C%96%EB%EC%C8%21%8F%8D%1E%9C%DF%D7%22X%23%C0%98%0C%D8%B1%B4/%FD%057%D6%25s%7D.</message>
</record>
<record>
  <date>2014-05-22T02:35:39</date>
  <millis>1400726139344</millis>
  <sequence>19</sequence>
  <logger>ccnx.Keys</logger>
  <level>INFO</level>
  <class>org.ccnx.ccn.impl.security.keys.PublicKeyCache</class>
  <method>getPublicKeyObject</method>
  <thread>10</thread>
  <message>Retrieved key /JbXYOK6qCSnLQg8luvsyCGPjR6c39ciWCPAmAzYsbQ= using locator NAME: /%C1.M.S.localhost/%C1.M.SRV/ccnd/KEY/%C1.M.K%00%FC%96%D7%60%E2%BA%A8%24%A7-%08%3C%96%EB%EC%C8%21%8F%8D%1E%9C%DF%D7%22X%23%C0%98%0C%D8%B1%B4/%FD%057%D6%25s%7D - got /%C1.M.S.localhost/%C1.M.SRV/ccnd/KEY/%C1.M.K%00%FC%96%D7%60%E2%BA%A8%24%A7-%08%3C%96%EB%EC%C8%21%8F%8D%1E%9C%DF%D7%22X%23%C0%98%0C%D8%B1%B4/%FD%057%D6%25s%7D/%00</message>
</record>
<record>
  <date>2014-05-22T02:35:39</date>
  <millis>1400726139363</millis>
  <sequence>20</sequence>
  <logger>ccnx.IO</logger>
  <level>INFO</level>
  <class>org.ccnx.ccn.io.CCNAbstractInputStream</class>
  <method>&lt;init&gt;</method>
  <thread>10</thread>
  <message>CCNAbstractInputStream: /%C1.M.S.localhost/%C1.M.SRV/ccnd/KEY/%C1.M.K%00%FC%96%D7%60%E2%BA%A8%24%A7-%08%3C%96%EB%EC%C8%21%8F%8D%1E%9C%DF%D7%22X%23%C0%98%0C%D8%B1%B4/%FD%057%D6%25s%7D segment 0</message>
</record>
<record>
  <date>2014-05-22T02:35:39</date>
  <millis>1400726139363</millis>
  <sequence>21</sequence>
  <logger>ccnx.Pipeline</logger>
  <level>INFO</level>
  <class>org.ccnx.ccn.io.CCNAbstractInputStream</class>
  <method>startPipeline</method>
  <thread>10</thread>
  <message>PIPELINE: starting pipelining</message>
</record>
<record>
  <date>2014-05-22T02:35:39</date>
  <millis>1400726139363</millis>
  <sequence>22</sequence>
  <logger>ccnx.Pipeline</logger>
  <level>INFO</level>
  <class>org.ccnx.ccn.io.CCNAbstractInputStream</class>
  <method>startPipeline</method>
  <thread>10</thread>
  <message>PIPELINE: BaseName for pipeline: /%C1.M.S.localhost/%C1.M.SRV/ccnd/KEY/%C1.M.K%00%FC%96%D7%60%E2%BA%A8%24%A7-%08%3C%96%EB%EC%C8%21%8F%8D%1E%9C%DF%D7%22X%23%C0%98%0C%D8%B1%B4/%FD%057%D6%25s%7D base name: /%C1.M.S.localhost/%C1.M.SRV/ccnd/KEY/%C1.M.K%00%FC%96%D7%60%E2%BA%A8%24%A7-%08%3C%96%EB%EC%C8%21%8F%8D%1E%9C%DF%D7%22X%23%C0%98%0C%D8%B1%B4/%FD%057%D6%25s%7D</message>
</record>
<record>
  <date>2014-05-22T02:35:39</date>
  <millis>1400726139364</millis>
  <sequence>23</sequence>
  <logger>ccnx.Pipeline</logger>
  <level>INFO</level>
  <class>org.ccnx.ccn.io.CCNAbstractInputStream</class>
  <method>startPipeline</method>
  <thread>10</thread>
  <message>PIPELINE: we already have the first segment...  start from there: /%C1.M.S.localhost/%C1.M.SRV/ccnd/KEY/%C1.M.K%00%FC%96%D7%60%E2%BA%A8%24%A7-%08%3C%96%EB%EC%C8%21%8F%8D%1E%9C%DF%D7%22X%23%C0%98%0C%D8%B1%B4/%FD%057%D6%25s%7D/%00</message>
</record>
<record>
  <date>2014-05-22T02:35:39</date>
  <millis>1400726139364</millis>
  <sequence>24</sequence>
  <logger>ccnx.Pipeline</logger>
  <level>INFO</level>
  <class>org.ccnx.ccn.io.CCNAbstractInputStream</class>
  <method>startPipeline</method>
  <thread>10</thread>
  <message>PIPELINE: we already have the last segment...  don't need to pipeline (returning)</message>
</record>
<record>
  <date>2014-05-22T02:35:39</date>
  <millis>1400726139370</millis>
  <sequence>25</sequence>
  <logger>ccnx.Pipeline</logger>
  <level>INFO</level>
  <class>org.ccnx.ccn.io.CCNAbstractInputStream</class>
  <method>seek</method>
  <thread>10</thread>
  <message>PIPELINE: in seek(0) currentSegment 0</message>
</record>
<record>
  <date>2014-05-22T02:35:39</date>
  <millis>1400726139370</millis>
  <sequence>26</sequence>
  <logger>ccnx.Pipeline</logger>
  <level>INFO</level>
  <class>org.ccnx.ccn.io.CCNAbstractInputStream</class>
  <method>tell</method>
  <thread>10</thread>
  <message>PIPELINE: in tell() currentSegment 0</message>
</record>
<record>
  <date>2014-05-22T02:35:39</date>
  <millis>1400726139370</millis>
  <sequence>27</sequence>
  <logger>ccnx.Pipeline</logger>
  <level>INFO</level>
  <class>org.ccnx.ccn.io.CCNAbstractInputStream</class>
  <method>skip</method>
  <thread>10</thread>
  <message>PIPELINE: in skip(0) currentSegment 0</message>
</record>
<record>
  <date>2014-05-22T02:35:39</date>
  <millis>1400726139400</millis>
  <sequence>28</sequence>
  <logger>ccnx.Keys</logger>
  <level>INFO</level>
  <class>org.ccnx.ccn.impl.security.keys.PublicKeyCache</class>
  <method>getPublicKeyObject</method>
  <thread>10</thread>
  <message>Retrieved public key using name: /%C1.M.S.localhost/%C1.M.SRV/ccnd/KEY/%C1.M.K%00%FC%96%D7%60%E2%BA%A8%24%A7-%08%3C%96%EB%EC%C8%21%8F%8D%1E%9C%DF%D7%22X%23%C0%98%0C%D8%B1%B4/%FD%057%D6%25s%7D</message>
</record>
<record>
  <date>2014-05-22T02:35:39</date>
  <millis>1400726139401</millis>
  <sequence>29</sequence>
  <logger>ccnx.Keys</logger>
  <level>INFO</level>
  <class>org.ccnx.ccn.impl.security.keys.PublicKeyCache</class>
  <method>getPublicKey</method>
  <thread>10</thread>
  <message>Retrieved key /JbXYOK6qCSnLQg8luvsyCGPjR6c39ciWCPAmAzYsbQ= from network with locator NAME: /%C1.M.S.localhost/%C1.M.SRV/ccnd/KEY/%C1.M.K%00%FC%96%D7%60%E2%BA%A8%24%A7-%08%3C%96%EB%EC%C8%21%8F%8D%1E%9C%DF%D7%22X%23%C0%98%0C%D8%B1%B4/%FD%057%D6%25s%7D!</message>
</record>
<record>
  <date>2014-05-22T02:35:39</date>
  <millis>1400726139402</millis>
  <sequence>30</sequence>
  <logger>ccnx.Default</logger>
  <level>INFO</level>
  <class>org.ccnx.ccn.config.PlatformConfiguration</class>
  <method>&lt;clinit&gt;</method>
  <thread>10</thread>
  <message>BC provider: BC</message>
</record>
<record>
  <date>2014-05-22T02:35:39</date>
  <millis>1400726139416</millis>
  <sequence>31</sequence>
  <logger>ccnx.Default</logger>
  <level>INFO</level>
  <class>org.ccnx.ccn.config.PlatformConfiguration</class>
  <method>&lt;clinit&gt;</method>
  <thread>10</thread>
  <message>Provider info: BouncyCastle Security Provider v1.43 version: 1.43</message>
</record>
<record>
  <date>2014-05-22T02:35:39</date>
  <millis>1400726139416</millis>
  <sequence>32</sequence>
  <logger>ccnx.Default</logger>
  <level>INFO</level>
  <class>org.ccnx.ccn.config.PlatformConfiguration</class>
  <method>&lt;clinit&gt;</method>
  <thread>10</thread>
  <message>java.vm.name = OpenJDK 64-Bit Server VM</message>
</record>
<record>
  <date>2014-05-22T02:35:39</date>
  <millis>1400726139471</millis>
  <sequence>33</sequence>
  <logger>ccnx.IO</logger>
  <level>INFO</level>
  <class>org.ccnx.ccn.impl.CCNFlowControl</class>
  <method>addNameSpace</method>
  <thread>10</thread>
  <message>Flow controller addNameSpace: added namespace: /ccnx.org/Users/user/Keys/%C1.M.K%0040e%E9%206_%FD%91H%88%CBR%93%1C%0B%27%7F%FF%26%BF%83E%AF%1Bq%80%EF%C0y%F7R/%FD%04%FD%3D%C2%A0%00</message>
</record>
<record>
  <date>2014-05-22T02:35:39</date>
  <millis>1400726139471</millis>
  <sequence>34</sequence>
  <logger>ccnx.Keys</logger>
  <level>INFO</level>
  <class>org.ccnx.ccn.impl.security.keys.BasicKeyManager</class>
  <method>getKeyLocator</method>
  <thread>10</thread>
  <message>getKeyLocator: returning locator KEY: NDBl6SA2X/2RSIjLUpMcCyd//ya/g0WvG3GA78B591I= for key NDBl6SA2X/2RSIjLUpMcCyd//ya/g0WvG3GA78B591I=</message>
</record>
<record>
  <date>2014-05-22T02:35:39</date>
  <millis>1400726139472</millis>
  <sequence>35</sequence>
  <logger>ccnx.Keys</logger>
  <level>INFO</level>
  <class>org.ccnx.ccn.KeyManager</class>
  <method>publishKey</method>
  <thread>10</thread>
  <message>publishKey: key not previously published, making new key object /ccnx.org/Users/user/Keys/%C1.M.K%0040e%E9%206_%FD%91H%88%CBR%93%1C%0B%27%7F%FF%26%BF%83E%AF%1Bq%80%EF%C0y%F7R with version 2012-06-09 23:28:42.0 displayed as %FD%04%FD%3D%C2%A0%00</message>
</record>
<record>
  <date>2014-05-22T02:35:39</date>
  <millis>1400726139487</millis>
  <sequence>36</sequence>
  <logger>ccnx.IO</logger>
  <level>INFO</level>
  <class>org.ccnx.ccn.io.CCNAbstractOutputStream</class>
  <method>&lt;init&gt;</method>
  <thread>10</thread>
  <message>CCNAbstractOutputStream: /ccnx.org/Users/user/Keys/%C1.M.K%0040e%E9%206_%FD%91H%88%CBR%93%1C%0B%27%7F%FF%26%BF%83E%AF%1Bq%80%EF%C0y%F7R/%FD%04%FD%3D%C2%A0%00 blocksize is 4096</message>
</record>
<record>
  <date>2014-05-22T02:35:39</date>
  <millis>1400726139488</millis>
  <sequence>37</sequence>
  <logger>ccnx.IO</logger>
  <level>INFO</level>
  <class>org.ccnx.ccn.io.CCNAbstractOutputStream</class>
  <method>startWrite</method>
  <thread>10</thread>
  <message>CCNAbstractOutputStream: startWrite -- searching for keys.</message>
</record>
<record>
  <date>2014-05-22T02:35:39</date>
  <millis>1400726139499</millis>
  <sequence>38</sequence>
  <logger>ccnx.AccessControl</logger>
  <level>INFO</level>
  <class>org.ccnx.ccn.profiles.security.access.AccessControlManager</class>
  <method>keysForOutput</method>
  <thread>10</thread>
  <message>keysForOutput: found an acm: (null)</message>
</record>
<record>
  <date>2014-05-22T02:35:39</date>
  <millis>1400726139500</millis>
  <sequence>39</sequence>
  <logger>ccnx.IO</logger>
  <level>INFO</level>
  <class>org.ccnx.ccn.io.CCNOutputStream</class>
  <method>flushToNetwork</method>
  <thread>10</thread>
  <message>flush: outputting to the segmenter, baseName /ccnx.org/Users/user/Keys/%C1.M.K%0040e%E9%206_%FD%91H%88%CBR%93%1C%0B%27%7F%FF%26%BF%83E%AF%1Bq%80%EF%C0y%F7R/%FD%04%FD%3D%C2%A0%00 basenameindex %00; 162 bytes written, holding back 162 flushing final blocks? false.</message>
</record>
<record>
  <date>2014-05-22T02:35:39</date>
  <millis>1400726139501</millis>
  <sequence>40</sequence>
  <logger>ccnx.IO</logger>
  <level>INFO</level>
  <class>org.ccnx.ccn.io.CCNOutputStream</class>
  <method>flushToNetwork</method>
  <thread>10</thread>
  <message>HEADER: CCNOutputStream: flushToNetwork: new _baseNameIndex 0</message>
</record>
<record>
  <date>2014-05-22T02:35:39</date>
  <millis>1400726139501</millis>
  <sequence>41</sequence>
  <logger>ccnx.IO</logger>
  <level>INFO</level>
  <class>org.ccnx.ccn.io.CCNOutputStream</class>
  <method>flushToNetwork</method>
  <thread>10</thread>
  <message>flush: outputting to the segmenter, baseName /ccnx.org/Users/user/Keys/%C1.M.K%0040e%E9%206_%FD%91H%88%CBR%93%1C%0B%27%7F%FF%26%BF%83E%AF%1Bq%80%EF%C0y%F7R/%FD%04%FD%3D%C2%A0%00 basenameindex %00; 162 bytes written, holding back 0 flushing final blocks? true.</message>
</record>
<record>
  <date>2014-05-22T02:35:39</date>
  <millis>1400726139529</millis>
  <sequence>42</sequence>
  <logger>ccnx.IO</logger>
  <level>INFO</level>
  <class>org.ccnx.ccn.io.CCNOutputStream</class>
  <method>flushToNetwork</method>
  <thread>10</thread>
  <message>HEADER: CCNOutputStream: flushToNetwork: new _baseNameIndex 1</message>
</record>
<record>
  <date>2014-05-22T02:35:39</date>
  <millis>1400726139530</millis>
  <sequence>43</sequence>
  <logger>ccnx.IO</logger>
  <level>INFO</level>
  <class>org.ccnx.ccn.io.CCNOutputStream</class>
  <method>close</method>
  <thread>10</thread>
  <message>CCNOutputStream close: /ccnx.org/Users/user/Keys/%C1.M.K%0040e%E9%206_%FD%91H%88%CBR%93%1C%0B%27%7F%FF%26%BF%83E%AF%1Bq%80%EF%C0y%F7R/%FD%04%FD%3D%C2%A0%00</message>
</record>
<record>
  <date>2014-05-22T02:35:39</date>
  <millis>1400726139534</millis>
  <sequence>44</sequence>
  <logger>ccnx.Keys</logger>
  <level>INFO</level>
  <class>org.ccnx.ccn.KeyManager</class>
  <method>publishKey</method>
  <thread>10</thread>
  <message>Published key Sun RSA public key, 1024 bits
  modulus: 139160262927869691682034188230355162392821151440585875664598707058816534540055441170262184502720487580094612612102973222747623284494175412646561359839423926214125820127294983198356937842729967750256556873757032368235760681668551498038561168246055419726103784123075486574670716711067217422310445247314148457489
  public exponent: 65537 to name /ccnx.org/Users/user/Keys/%C1.M.K%0040e%E9%206_%FD%91H%88%CBR%93%1C%0B%27%7F%FF%26%BF%83E%AF%1Bq%80%EF%C0y%F7R/%FD%04%FD%3D%C2%A0%00 with key locator NAME: /ccnx.org/Users/user/Keys/%C1.M.K%0040e%E9%206_%FD%91H%88%CBR%93%1C%0B%27%7F%FF%26%BF%83E%AF%1Bq%80%EF%C0y%F7R/%FD%04%FD%3D%C2%A0%00 KEY:d1gcnki0divvm8kh26baa9ho2p7fvvidfs38mnhmsc0tv07jtqi; ephemeral digest %A2%21%3F%1C%80%A4%A0%81%BC%25%00%A9t%7D%95%0E%1C%A1%D1D%0B%EC%5DHh%84%89%9D%25%BE%08%28.</message>
</record>
<record>
  <date>2014-05-22T02:35:39</date>
  <millis>1400726139536</millis>
  <sequence>45</sequence>
  <logger>ccnx.Keys</logger>
  <level>INFO</level>
  <class>org.ccnx.ccn.impl.security.keys.BasicKeyManager</class>
  <method>publishKey</method>
  <thread>10</thread>
  <message>publishKey: published key NDBl6SA2X/2RSIjLUpMcCyd//ya/g0WvG3GA78B591I=
 under specified key name /ccnx.org/Users/user/Keys/%C1.M.K%0040e%E9%206_%FD%91H%88%CBR%93%1C%0B%27%7F%FF%26%BF%83E%AF%1Bq%80%EF%C0y%F7R/%FD%04%FD%3D%C2%A0%00
 key locator: NAME: /ccnx.org/Users/user/Keys/%C1.M.K%0040e%E9%206_%FD%91H%88%CBR%93%1C%0B%27%7F%FF%26%BF%83E%AF%1Bq%80%EF%C0y%F7R/%FD%04%FD%3D%C2%A0%00 KEY:d1gcnki0divvm8kh26baa9ho2p7fvvidfs38mnhmsc0tv07jtqi</message>
</record>
<record>
  <date>2014-05-22T02:35:39</date>
  <millis>1400726139536</millis>
  <sequence>46</sequence>
  <logger>ccnx.Keys</logger>
  <level>INFO</level>
  <class>org.ccnx.ccn.impl.security.keys.BasicKeyManager</class>
  <method>publishKey</method>
  <thread>10</thread>
  <message>publishKey: storing key locator NDBl6SA2X/2RSIjLUpMcCyd//ya/g0WvG3GA78B591I= for key NAME: /ccnx.org/Users/user/Keys/%C1.M.K%0040e%E9%206_%FD%91H%88%CBR%93%1C%0B%27%7F%FF%26%BF%83E%AF%1Bq%80%EF%C0y%F7R/%FD%04%FD%3D%C2%A0%00 KEY:d1gcnki0divvm8kh26baa9ho2p7fvvidfs38mnhmsc0tv07jtqi</message>
</record>
<record>
  <date>2014-05-22T02:35:39</date>
  <millis>1400726139537</millis>
  <sequence>47</sequence>
  <logger>ccnx.Default</logger>
  <level>INFO</level>
  <class>thoth.CCNComms</class>
  <method>createConnection</method>
  <thread>10</thread>
  <message>Connected to /JbXYOK6qCSnLQg8luvsyCGPjR6c39ciWCPAmAzYsbQ= over TCP.</message>
</record>
<record>
  <date>2014-05-22T02:35:39</date>
  <millis>1400726139537</millis>
  <sequence>48</sequence>
  <logger>ccnx.Default</logger>
  <level>INFO</level>
  <class>thoth.DTNode</class>
  <method>PowerOn</method>
  <thread>10</thread>
  <message>Our public key is: NDBl6SA2X/2RSIjLUpMcCyd//ya/g0WvG3GA78B591I=</message>
</record>
<record>
  <date>2014-05-22T02:35:39</date>
  <millis>1400726139537</millis>
  <sequence>49</sequence>
  <logger>ccnx.Default</logger>
  <level>INFO</level>
  <class>thoth.DTNode</class>
  <method>PowerOn</method>
  <thread>10</thread>
  <message>Our public key fingerprint is: 1b7180efc079f752</message>
</record>
<record>
  <date>2014-05-22T02:35:39</date>
  <millis>1400726139552</millis>
  <sequence>50</sequence>
  <logger>ccnx.Default</logger>
  <level>INFO</level>
  <class>thoth.DTNode.BeaconGenerator</class>
  <method>run</method>
  <thread>12</thread>
  <message>Starting beacon thread..</message>
</record>
<record>
  <date>2014-05-22T02:35:39</date>
  <millis>1400726139553</millis>
  <sequence>51</sequence>
  <logger>ccnx.Default</logger>
  <level>INFO</level>
  <class>thoth.DTNode</class>
  <method>waitForTestbedSync</method>
  <thread>10</thread>
  <message>Waiting for synchronization signal..</message>
</record>
<record>
  <date>2014-05-22T02:35:39</date>
  <millis>1400726139554</millis>
  <sequence>52</sequence>
  <logger>ccnx.Default</logger>
  <level>INFO</level>
  <class>thoth.DTNode.BeaconGenerator</class>
  <method>run</method>
  <thread>12</thread>
  <message>Sent ready signal to server.</message>
</record>
<record>
  <date>2014-05-22T02:35:39</date>
  <millis>1400726139555</millis>
  <sequence>53</sequence>
  <logger>ccnx.Default</logger>
  <level>INFO</level>
  <class>thoth.DTNode</class>
  <method>waitForTestbedSync</method>
  <thread>10</thread>
  <message>Got synchronization signal, good to go!</message>
</record>
<record>
  <date>2014-05-22T02:35:39</date>
  <millis>1400726139555</millis>
  <sequence>54</sequence>
  <logger>ccnx.Default</logger>
  <level>INFO</level>
  <class>thoth.DTNode</class>
  <method>PowerOn</method>
  <thread>10</thread>
  <message>NODE is in RECEIVER MODE</message>
</record>
<record>
  <date>2014-05-22T02:35:40</date>
  <millis>1400726140556</millis>
  <sequence>55</sequence>
  <logger>ccnx.Default</logger>
  <level>INFO</level>
  <class>thoth.CCNComms</class>
  <method>sendRequest</method>
  <thread>10</thread>
  <message>Interest text: /test/1: </message>
</record>
<record>
  <date>2014-05-22T02:35:48</date>
  <millis>1400726148557</millis>
  <sequence>56</sequence>
  <logger>ccnx.Default</logger>
  <level>INFO</level>
  <class>thoth.CCNComms</class>
  <method>sendRequest</method>
  <thread>10</thread>
  <message>Interest text: /test/1: </message>
</record>
<record>
  <date>2014-05-22T02:35:48</date>
  <millis>1400726148565</millis>
  <sequence>57</sequence>
  <logger>ccnx.Default</logger>
  <level>INFO</level>
  <class>thoth.CCNComms.ReceiverListener</class>
  <method>handleContent</method>
  <thread>11</thread>
  <message>Received data response for Interest: /test/1: </message>
</record>
<record>
  <date>2014-05-22T02:35:48</date>
  <millis>1400726148565</millis>
  <sequence>58</sequence>
  <logger>ccnx.Default</logger>
  <level>INFO</level>
  <class>thoth.DTNode</class>
  <method>sendRequests</method>
  <thread>10</thread>
  <message>Writing ContentObject to file...</message>
</record>
<record>
  <date>2014-05-22T02:35:48</date>
  <millis>1400726148565</millis>
  <sequence>59</sequence>
  <logger>ccnx.Default</logger>
  <level>INFO</level>
  <class>thoth.DTNode</class>
  <method>sendRequests</method>
  <thread>10</thread>
  <message>Write complete to rcvdfile.512</message>
</record>
<record>
  <date>2014-05-22T02:35:48</date>
  <millis>1400726148565</millis>
  <sequence>60</sequence>
  <logger>ccnx.Default</logger>
  <level>INFO</level>
  <class>thoth.CCNComms</class>
  <method>closeConnection</method>
  <thread>10</thread>
  <message>Killing network connection ...</message>
</record>
<record>
  <date>2014-05-22T02:35:48</date>
  <millis>1400726148566</millis>
  <sequence>61</sequence>
  <logger>ccnx.NetManager</logger>
  <level>INFO</level>
  <class>org.ccnx.ccn.impl.CCNNetworkManager</class>
  <method>shutdown</method>
  <thread>10</thread>
  <message>NetworkManager 1: Shutdown requested</message>
</record>
<record>
  <date>2014-05-22T02:35:48</date>
  <millis>1400726148566</millis>
  <sequence>62</sequence>
  <logger>ccnx.NetManager</logger>
  <level>INFO</level>
  <class>org.ccnx.ccn.impl.CCNNetworkChannel</class>
  <method>close</method>
  <thread>10</thread>
  <message>NetworkChannel 1: close(false)</message>
</record>
<record>
  <date>2014-05-22T02:35:48</date>
  <millis>1400726148567</millis>
  <sequence>63</sequence>
  <logger>ccnx.NetManager</logger>
  <level>INFO</level>
  <class>org.ccnx.ccn.impl.CCNNetworkManager</class>
  <method>run</method>
  <thread>11</thread>
  <message>NetworkManager 1: Shutdown complete for port: 6001</message>
</record>
<record>
  <date>2014-05-22T02:35:48</date>
  <millis>1400726148567</millis>
  <sequence>64</sequence>
  <logger>ccnx.Default</logger>
  <level>INFO</level>
  <class>thoth.CCNComms</class>
  <method>closeConnection</method>
  <thread>10</thread>
  <message>Disconnected.</message>
</record>
<record>
  <date>2014-05-22T02:35:48</date>
  <millis>1400726148567</millis>
  <sequence>65</sequence>
  <logger>ccnx.Default</logger>
  <level>INFO</level>
  <class>thoth.DTNode</class>
  <method>PowerOn</method>
  <thread>10</thread>
  <message>Number of Interests to fulfill request: 2</message>
</record>
<record>
  <date>2014-05-22T02:35:48</date>
  <millis>1400726148568</millis>
  <sequence>66</sequence>
  <logger>ccnx.Default</logger>
  <level>INFO</level>
  <class>thoth.DTNode</class>
  <method>PowerOn</method>
  <thread>10</thread>
  <message>Time to fulfill request for successful Interest: 8 milliseconds.</message>
</record>
<record>
  <date>2014-05-22T02:35:48</date>
  <millis>1400726148568</millis>
  <sequence>67</sequence>
  <logger>ccnx.Default</logger>
  <level>INFO</level>
  <class>thoth.DTNode</class>
  <method>PowerOn</method>
  <thread>10</thread>
  <message>Time to fulfill request from first Interest: 8009 milliseconds.</message>
</record>
<record>
  <date>2014-05-22T02:35:48</date>
  <millis>1400726148568</millis>
  <sequence>68</sequence>
  <logger>ccnx.Default</logger>
  <level>INFO</level>
  <class>thoth.DTNode</class>
  <method>main</method>
  <thread>10</thread>
  <message>Exiting..</message>
</record>
</log>
