1400718119.000000 ccnd[661]: 6001 ____________________ Thu May 22 00:21:59 2014
1400718119.544994 ccnd[661]: CCND_DEBUG=-1 CCND_CAP=50000
1400718119.545166 ccnd[661]: listening on /tmp/.ccnd.sock.6001
1400718119.545233 ccnd[661]: accepting ipv4 datagrams on fd 4 rcvbuf 124928
1400718119.545256 ccnd[661]: accepting ipv4 connections on fd 5
1400718119.545302 ccnd[661]: accepting ipv6 datagrams on fd 6 rcvbuf 124928
1400718119.545325 ccnd[661]: accepting ipv6 connections on fd 7
1400718119.547617 ccnd[661]: debug.2428 prefix,ff=3 0 ccnx:/ccnx/ping (16 bytes)
1400718119.547720 ccnd[661]: debug.2428 prefix,ff=3 0 ccnx:/%C1.M.S.localhost/%C1.M.SRV/ccnd (37 bytes)
1400718119.547738 ccnd[661]: debug.2428 prefix,ff=3 0 ccnx:/%C1.M.S.neighborhood (24 bytes)
1400718119.547765 ccnd[661]: debug.2428 prefix,ff=0x17 0 ccnx:/ccnx/%D7%C0.%E6%A2%06%2B%91%AF8hE%F6%C9U%84%F7%7D%A1%B3U%3F%CF%B4%1B%B0%85%A4%24x%11m (45 bytes)
1400718119.547779 ccnd[661]: debug.2428 prefix,ff=0x23 0 ccnx:/%C1.M.S.localhost (20 bytes)
1400718119.595398 ccnd[661]: accepted client fd=8 id=6
1400718119.595630 ccnd[661]: shutdown client fd=8 id=6
1400718119.595649 ccnd[661]: recycling face id 6 (slot 6)
1400718119.601482 ccnd[661]: accepted client fd=8 id=6
1400718119.601567 ccnd[661]: shutdown client fd=8 id=6
1400718119.601581 ccnd[661]: recycling face id 6 (slot 6)
1400718155.000000 ccnd[661]: 6001 ____________________ Thu May 22 00:22:35 2014
1400718155.708829 ccnd[661]: accepted client fd=8 id=6
1400718155.748665 ccnd[661]: debug.3807 interest_from 6 ccnx:/%C1.M.S.localhost/%C1.M.SRV/ccnd/KEY (51 bytes,scope=1)
1400718155.748686 ccnd[661]: version: 20090701, prefix_comps: 4, min_suffix_comps: 0, max_suffix_comps: 32767, orderpref: 0, answerfrom: 3, scope: 1, lifetime: 4.0000, excl: 0 bytes, etc: 0 bytes
1400718155.748706 ccnd[661]: fwd.3059 adding 0
1400718155.748714 ccnd[661]: fwd.3059 adding 0
1400718155.748721 ccnd[661]: outbound.3131 adding 0
1400718155.748742 ccnd[661]: debug.3523 0x7fed20.0of1,usec=2060+3997940 6 ccnx:/%C1.M.S.localhost/%C1.M.SRV/ccnd/KEY (67 bytes,scope=1) D7C02E-0295-0006-4BB5-C42061
1400718155.751895 ccnd[661]: debug.3210 interest_to 0 ccnx:/%C1.M.S.localhost/%C1.M.SRV/ccnd/KEY (67 bytes,scope=1) D7C02E-0295-0006-4BB5-C42061
1400718155.751919 ccnd[661]: debug.158 ccnd_answer_req ccnx:/%C1.M.S.localhost/%C1.M.SRV/ccnd/KEY (67 bytes,scope=1) D7C02E-0295-0006-4BB5-C42061
1400718155.753003 ccnd[661]: debug.4109 content_from 0 ccnx:/%C1.M.S.localhost/%C1.M.SRV/ccnd/KEY/%C1.M.K%00%D7%C0.%E6%A2%06%2B%91%AF8hE%F6%C9U%84%F7%7D%A1%B3U%3F%CF%B4%1B%B0%85%A4%24x%11m/%FD%057%D42x%B8/%00/%D2%2F%C1N%DA%EA%04%13h2%05%C0%0E%1B%C8ym%D1%FF%DC%98SFq%0Ak%C0%FB%29%C3L%EC (611 bytes)
1400718155.753020 ccnd[661]: fwd.3059 adding 0
1400718155.753028 ccnd[661]: fwd.3059 adding 0
1400718155.753039 ccnd[661]: face 6 q 0 delay 3 usec
1400718155.753056 ccnd[661]: debug.1526 consume 6 ccnx:/%C1.M.S.localhost/%C1.M.SRV/ccnd/KEY (67 bytes,scope=1) D7C02E-0295-0006-4BB5-C42061
1400718155.753063 ccnd[661]: sl.1598 0 ci=4 osrc=4294967295 src=0 usec=10808
1400718155.753070 ccnd[661]: sl.1598 0 ci=3 osrc=4294967295 src=0 usec=10808
1400718155.753077 ccnd[661]: fwd.3059 adding 0
1400718155.753084 ccnd[661]: fwd.3059 adding 0
1400718155.753109 ccnd[661]: debug.1268 content_to 6 ccnx:/%C1.M.S.localhost/%C1.M.SRV/ccnd/KEY/%C1.M.K%00%D7%C0.%E6%A2%06%2B%91%AF8hE%F6%C9U%84%F7%7D%A1%B3U%3F%CF%B4%1B%B0%85%A4%24x%11m/%FD%057%D42x%B8/%00/%D2%2F%C1N%DA%EA%04%13h2%05%C0%0E%1B%C8ym%D1%FF%DC%98SFq%0Ak%C0%FB%29%C3L%EC (611 bytes)
1400718155.757543 ccnd[661]: debug.3807 interest_from 6 ccnx:/%C1.M.S.localhost/%C1.M.SRV/ccnd/KEY/%C1.M.K%00%D7%C0.%E6%A2%06%2B%91%AF8hE%F6%C9U%84%F7%7D%A1%B3U%3F%CF%B4%1B%B0%85%A4%24x%11m/%FD%057%D42x%B8 (108 bytes)
1400718155.757561 ccnd[661]: version: 20090701, prefix_comps: 6, min_suffix_comps: 1, max_suffix_comps: 3, orderpref: 0, answerfrom: 3, scope: -1, lifetime: 4.0000, excl: 0 bytes, etc: 0 bytes
1400718155.757593 ccnd[661]: debug.3856 first_candidate ccnx:/%C1.M.S.localhost/%C1.M.SRV/ccnd/KEY/%C1.M.K%00%D7%C0.%E6%A2%06%2B%91%AF8hE%F6%C9U%84%F7%7D%A1%B3U%3F%CF%B4%1B%B0%85%A4%24x%11m/%FD%057%D42x%B8/%00/%D2%2F%C1N%DA%EA%04%13h2%05%C0%0E%1B%C8ym%D1%FF%DC%98SFq%0Ak%C0%FB%29%C3L%EC (611 bytes)
1400718155.757640 ccnd[661]: debug.3884 matches ccnx:/%C1.M.S.localhost/%C1.M.SRV/ccnd/KEY/%C1.M.K%00%D7%C0.%E6%A2%06%2B%91%AF8hE%F6%C9U%84%F7%7D%A1%B3U%3F%CF%B4%1B%B0%85%A4%24x%11m/%FD%057%D42x%B8/%00/%D2%2F%C1N%DA%EA%04%13h2%05%C0%0E%1B%C8ym%D1%FF%DC%98SFq%0Ak%C0%FB%29%C3L%EC (611 bytes)
1400718155.757650 ccnd[661]: face 6 q 0 delay 3 usec
1400718155.757669 ccnd[661]: debug.3918 consume 6 ccnx:/%C1.M.S.localhost/%C1.M.SRV/ccnd/KEY/%C1.M.K%00%D7%C0.%E6%A2%06%2B%91%AF8hE%F6%C9U%84%F7%7D%A1%B3U%3F%CF%B4%1B%B0%85%A4%24x%11m/%FD%057%D42x%B8 (108 bytes)
1400718155.757677 ccnd[661]: fwd.3059 adding 0
1400718155.757684 ccnd[661]: fwd.3059 adding 0
1400718155.757692 ccnd[661]: fwd.3059 adding 0
1400718155.757698 ccnd[661]: fwd.3059 adding 0
1400718155.757722 ccnd[661]: debug.1268 content_to 6 ccnx:/%C1.M.S.localhost/%C1.M.SRV/ccnd/KEY/%C1.M.K%00%D7%C0.%E6%A2%06%2B%91%AF8hE%F6%C9U%84%F7%7D%A1%B3U%3F%CF%B4%1B%B0%85%A4%24x%11m/%FD%057%D42x%B8/%00/%D2%2F%C1N%DA%EA%04%13h2%05%C0%0E%1B%C8ym%D1%FF%DC%98SFq%0Ak%C0%FB%29%C3L%EC (611 bytes)
1400718155.878765 ccnd[661]: debug.3807 interest_from 6 ccnx:/ccnx/%D7%C0.%E6%A2%06%2B%91%AF8hE%F6%C9U%84%F7%7D%A1%B3U%3F%CF%B4%1B%B0%85%A4%24x%11m/selfreg/%04%82%02%AA%03%B2%08%85KB%270%BE%3F%B9%CC%9F%D6%26%1C%1BBUt%D9u%27B%20%98V%21%D0U%EA%84%ED%8B%27U%E8%2Bal%14%02%F7l%CE%96%19%E1%86%7D%9F%EC%0F%D0%D2%B4%3D%13TL%28g%08%97%99%2FO7%FFvy%AD%0E%8C%EDhT%DBnr%16%A0%25%D1vt%D3%CA%81%7C%91%FD%8A%D1%82%1BK%B9%1E%E6%85%D9%D9%A3%22o%DA%F4W%A3%99%F6%F6%BC%FD%A2R%3E%F3%C2%11%10%DB%0D%1C%83%09%25h%9F%A6%07%00%00%F2%00%01%A2%03%E2%02%85%3F%CEUL%08m2%E5%A6%28%3Ew%CDb%836%8B%D9z%DA%5B%02%D776-%A5s%B2%09%84%40%00%02%BA%B5%057%D44%BDq%00%01%E2%01%DA%0A%950%81%9F0%0D%06%09%2A%86H%86%F7%0D%01%01%01%05%00%03%81%8D%000%81%89%02%81%81%00%C0%FB%16%1F%A6%9A%5E%A0%2A%D2%80%DA%8E%D9f%C1%85r%83t%A6%28P6%CC%20O%60%D9Pi%87%F3%F6%D7%8C%F8F%BFw%3C%08%10%FF%D8%02%3E%1B%03E%0B%24%D5T%3F%21T%FC%8Fl%5C%07%22%60o%AA%AF%8E%1E6%9A%7DvVbs%2C%BCrW-Z%0F%F1%9F%CA%DA%B3%E0%06%E9%81%F7-%01%16%D5%7D%DF%D4%21E%2F%B0%C1%A7%27%AF%C2%0C%B6%C3%EC%1C%BF%5D%82T%A5%DEa%C4%14%401%10%C6%23%02%03%01%00%01%00%00%00%01%9A%09%ED%05%8A%04%CA%BEselfreg%00%F2%FA%C5ccnx.org%00%FA%ADUsers%00%FA%A5user%00%FA%A5Keys%00%FA%02%B5%C1.M.K%00%3F%CEUL%08m2%E5%A6%28%3Ew%CDb%836%8B%D9z%DA%5B%02%D776-%A5s%B2%09%84%40%00%FA%BD%FD%04%FB%C93%60%00%00%00%03%E2%02%85%D7%C0.%E6%A2%06%2B%91%AF8hE%F6%C9U%84%F7%7D%A1%B3U%3F%CF%B4%1B%B0%85%A4%24x%11m%00%04%FA%8E3%00%03%D2%D62147483647%00%00%00%00 (590 bytes,scope=1)
1400718155.878804 ccnd[661]: version: 20090701, prefix_comps: 4, min_suffix_comps: 0, max_suffix_comps: 32767, orderpref: 0, answerfrom: 3, scope: 1, lifetime: 4.0000, excl: 0 bytes, etc: 0 bytes
1400718155.878838 ccnd[661]: debug.3856 first_candidate ccnx:/%C1.M.S.localhost/%C1.M.SRV/ccnd/KEY/%C1.M.K%00%D7%C0.%E6%A2%06%2B%91%AF8hE%F6%C9U%84%F7%7D%A1%B3U%3F%CF%B4%1B%B0%85%A4%24x%11m/%FD%057%D42x%B8/%00/%D2%2F%C1N%DA%EA%04%13h2%05%C0%0E%1B%C8ym%D1%FF%DC%98SFq%0Ak%C0%FB%29%C3L%EC (611 bytes)
1400718155.878928 ccnd[661]: debug.3863 prefix_mismatch ccnx:/ccnx/%D7%C0.%E6%A2%06%2B%91%AF8hE%F6%C9U%84%F7%7D%A1%B3U%3F%CF%B4%1B%B0%85%A4%24x%11m/selfreg/%04%82%02%AA%03%B2%08%85KB%270%BE%3F%B9%CC%9F%D6%26%1C%1BBUt%D9u%27B%20%98V%21%D0U%EA%84%ED%8B%27U%E8%2Bal%14%02%F7l%CE%96%19%E1%86%7D%9F%EC%0F%D0%D2%B4%3D%13TL%28g%08%97%99%2FO7%FFvy%AD%0E%8C%EDhT%DBnr%16%A0%25%D1vt%D3%CA%81%7C%91%FD%8A%D1%82%1BK%B9%1E%E6%85%D9%D9%A3%22o%DA%F4W%A3%99%F6%F6%BC%FD%A2R%3E%F3%C2%11%10%DB%0D%1C%83%09%25h%9F%A6%07%00%00%F2%00%01%A2%03%E2%02%85%3F%CEUL%08m2%E5%A6%28%3Ew%CDb%836%8B%D9z%DA%5B%02%D776-%A5s%B2%09%84%40%00%02%BA%B5%057%D44%BDq%00%01%E2%01%DA%0A%950%81%9F0%0D%06%09%2A%86H%86%F7%0D%01%01%01%05%00%03%81%8D%000%81%89%02%81%81%00%C0%FB%16%1F%A6%9A%5E%A0%2A%D2%80%DA%8E%D9f%C1%85r%83t%A6%28P6%CC%20O%60%D9Pi%87%F3%F6%D7%8C%F8F%BFw%3C%08%10%FF%D8%02%3E%1B%03E%0B%24%D5T%3F%21T%FC%8Fl%5C%07%22%60o%AA%AF%8E%1E6%9A%7DvVbs%2C%BCrW-Z%0F%F1%9F%CA%DA%B3%E0%06%E9%81%F7-%01%16%D5%7D%DF%D4%21E%2F%B0%C1%A7%27%AF%C2%0C%B6%C3%EC%1C%BF%5D%82T%A5%DEa%C4%14%401%10%C6%23%02%03%01%00%01%00%00%00%01%9A%09%ED%05%8A%04%CA%BEselfreg%00%F2%FA%C5ccnx.org%00%FA%ADUsers%00%FA%A5user%00%FA%A5Keys%00%FA%02%B5%C1.M.K%00%3F%CEUL%08m2%E5%A6%28%3Ew%CDb%836%8B%D9z%DA%5B%02%D776-%A5s%B2%09%84%40%00%FA%BD%FD%04%FB%C93%60%00%00%00%03%E2%02%85%D7%C0.%E6%A2%06%2B%91%AF8hE%F6%C9U%84%F7%7D%A1%B3U%3F%CF%B4%1B%B0%85%A4%24x%11m%00%04%FA%8E3%00%03%D2%D62147483647%00%00%00%00 (590 bytes,scope=1)
1400718155.878951 ccnd[661]: fwd.3059 adding 0
1400718155.878959 ccnd[661]: outbound.3131 adding 0
1400718155.879078 ccnd[661]: debug.3523 0x7fedb0.0of1,usec=2349+3997651 6 ccnx:/ccnx/%D7%C0.%E6%A2%06%2B%91%AF8hE%F6%C9U%84%F7%7D%A1%B3U%3F%CF%B4%1B%B0%85%A4%24x%11m/selfreg/%04%82%02%AA%03%B2%08%85KB%270%BE%3F%B9%CC%9F%D6%26%1C%1BBUt%D9u%27B%20%98V%21%D0U%EA%84%ED%8B%27U%E8%2Bal%14%02%F7l%CE%96%19%E1%86%7D%9F%EC%0F%D0%D2%B4%3D%13TL%28g%08%97%99%2FO7%FFvy%AD%0E%8C%EDhT%DBnr%16%A0%25%D1vt%D3%CA%81%7C%91%FD%8A%D1%82%1BK%B9%1E%E6%85%D9%D9%A3%22o%DA%F4W%A3%99%F6%F6%BC%FD%A2R%3E%F3%C2%11%10%DB%0D%1C%83%09%25h%9F%A6%07%00%00%F2%00%01%A2%03%E2%02%85%3F%CEUL%08m2%E5%A6%28%3Ew%CDb%836%8B%D9z%DA%5B%02%D776-%A5s%B2%09%84%40%00%02%BA%B5%057%D44%BDq%00%01%E2%01%DA%0A%950%81%9F0%0D%06%09%2A%86H%86%F7%0D%01%01%01%05%00%03%81%8D%000%81%89%02%81%81%00%C0%FB%16%1F%A6%9A%5E%A0%2A%D2%80%DA%8E%D9f%C1%85r%83t%A6%28P6%CC%20O%60%D9Pi%87%F3%F6%D7%8C%F8F%BFw%3C%08%10%FF%D8%02%3E%1B%03E%0B%24%D5T%3F%21T%FC%8Fl%5C%07%22%60o%AA%AF%8E%1E6%9A%7DvVbs%2C%BCrW-Z%0F%F1%9F%CA%DA%B3%E0%06%E9%81%F7-%01%16%D5%7D%DF%D4%21E%2F%B0%C1%A7%27%AF%C2%0C%B6%C3%EC%1C%BF%5D%82T%A5%DEa%C4%14%401%10%C6%23%02%03%01%00%01%00%00%00%01%9A%09%ED%05%8A%04%CA%BEselfreg%00%F2%FA%C5ccnx.org%00%FA%ADUsers%00%FA%A5user%00%FA%A5Keys%00%FA%02%B5%C1.M.K%00%3F%CEUL%08m2%E5%A6%28%3Ew%CDb%836%8B%D9z%DA%5B%02%D776-%A5s%B2%09%84%40%00%FA%BD%FD%04%FB%C93%60%00%00%00%03%E2%02%85%D7%C0.%E6%A2%06%2B%91%AF8hE%F6%C9U%84%F7%7D%A1%B3U%3F%CF%B4%1B%B0%85%A4%24x%11m%00%04%FA%8E3%00%03%D2%D62147483647%00%00%00%00 (606 bytes,scope=1) D7C02E-0295-0006-4BC1-3290E1
1400718155.882254 ccnd[661]: debug.3210 interest_to 0 ccnx:/ccnx/%D7%C0.%E6%A2%06%2B%91%AF8hE%F6%C9U%84%F7%7D%A1%B3U%3F%CF%B4%1B%B0%85%A4%24x%11m/selfreg/%04%82%02%AA%03%B2%08%85KB%270%BE%3F%B9%CC%9F%D6%26%1C%1BBUt%D9u%27B%20%98V%21%D0U%EA%84%ED%8B%27U%E8%2Bal%14%02%F7l%CE%96%19%E1%86%7D%9F%EC%0F%D0%D2%B4%3D%13TL%28g%08%97%99%2FO7%FFvy%AD%0E%8C%EDhT%DBnr%16%A0%25%D1vt%D3%CA%81%7C%91%FD%8A%D1%82%1BK%B9%1E%E6%85%D9%D9%A3%22o%DA%F4W%A3%99%F6%F6%BC%FD%A2R%3E%F3%C2%11%10%DB%0D%1C%83%09%25h%9F%A6%07%00%00%F2%00%01%A2%03%E2%02%85%3F%CEUL%08m2%E5%A6%28%3Ew%CDb%836%8B%D9z%DA%5B%02%D776-%A5s%B2%09%84%40%00%02%BA%B5%057%D44%BDq%00%01%E2%01%DA%0A%950%81%9F0%0D%06%09%2A%86H%86%F7%0D%01%01%01%05%00%03%81%8D%000%81%89%02%81%81%00%C0%FB%16%1F%A6%9A%5E%A0%2A%D2%80%DA%8E%D9f%C1%85r%83t%A6%28P6%CC%20O%60%D9Pi%87%F3%F6%D7%8C%F8F%BFw%3C%08%10%FF%D8%02%3E%1B%03E%0B%24%D5T%3F%21T%FC%8Fl%5C%07%22%60o%AA%AF%8E%1E6%9A%7DvVbs%2C%BCrW-Z%0F%F1%9F%CA%DA%B3%E0%06%E9%81%F7-%01%16%D5%7D%DF%D4%21E%2F%B0%C1%A7%27%AF%C2%0C%B6%C3%EC%1C%BF%5D%82T%A5%DEa%C4%14%401%10%C6%23%02%03%01%00%01%00%00%00%01%9A%09%ED%05%8A%04%CA%BEselfreg%00%F2%FA%C5ccnx.org%00%FA%ADUsers%00%FA%A5user%00%FA%A5Keys%00%FA%02%B5%C1.M.K%00%3F%CEUL%08m2%E5%A6%28%3Ew%CDb%836%8B%D9z%DA%5B%02%D776-%A5s%B2%09%84%40%00%FA%BD%FD%04%FB%C93%60%00%00%00%03%E2%02%85%D7%C0.%E6%A2%06%2B%91%AF8hE%F6%C9U%84%F7%7D%A1%B3U%3F%CF%B4%1B%B0%85%A4%24x%11m%00%04%FA%8E3%00%03%D2%D62147483647%00%00%00%00 (606 bytes,scope=1) D7C02E-0295-0006-4BC1-3290E1
1400718155.882357 ccnd[661]: debug.158 ccnd_answer_req ccnx:/ccnx/%D7%C0.%E6%A2%06%2B%91%AF8hE%F6%C9U%84%F7%7D%A1%B3U%3F%CF%B4%1B%B0%85%A4%24x%11m/selfreg/%04%82%02%AA%03%B2%08%85KB%270%BE%3F%B9%CC%9F%D6%26%1C%1BBUt%D9u%27B%20%98V%21%D0U%EA%84%ED%8B%27U%E8%2Bal%14%02%F7l%CE%96%19%E1%86%7D%9F%EC%0F%D0%D2%B4%3D%13TL%28g%08%97%99%2FO7%FFvy%AD%0E%8C%EDhT%DBnr%16%A0%25%D1vt%D3%CA%81%7C%91%FD%8A%D1%82%1BK%B9%1E%E6%85%D9%D9%A3%22o%DA%F4W%A3%99%F6%F6%BC%FD%A2R%3E%F3%C2%11%10%DB%0D%1C%83%09%25h%9F%A6%07%00%00%F2%00%01%A2%03%E2%02%85%3F%CEUL%08m2%E5%A6%28%3Ew%CDb%836%8B%D9z%DA%5B%02%D776-%A5s%B2%09%84%40%00%02%BA%B5%057%D44%BDq%00%01%E2%01%DA%0A%950%81%9F0%0D%06%09%2A%86H%86%F7%0D%01%01%01%05%00%03%81%8D%000%81%89%02%81%81%00%C0%FB%16%1F%A6%9A%5E%A0%2A%D2%80%DA%8E%D9f%C1%85r%83t%A6%28P6%CC%20O%60%D9Pi%87%F3%F6%D7%8C%F8F%BFw%3C%08%10%FF%D8%02%3E%1B%03E%0B%24%D5T%3F%21T%FC%8Fl%5C%07%22%60o%AA%AF%8E%1E6%9A%7DvVbs%2C%BCrW-Z%0F%F1%9F%CA%DA%B3%E0%06%E9%81%F7-%01%16%D5%7D%DF%D4%21E%2F%B0%C1%A7%27%AF%C2%0C%B6%C3%EC%1C%BF%5D%82T%A5%DEa%C4%14%401%10%C6%23%02%03%01%00%01%00%00%00%01%9A%09%ED%05%8A%04%CA%BEselfreg%00%F2%FA%C5ccnx.org%00%FA%ADUsers%00%FA%A5user%00%FA%A5Keys%00%FA%02%B5%C1.M.K%00%3F%CEUL%08m2%E5%A6%28%3Ew%CDb%836%8B%D9z%DA%5B%02%D776-%A5s%B2%09%84%40%00%FA%BD%FD%04%FB%C93%60%00%00%00%03%E2%02%85%D7%C0.%E6%A2%06%2B%91%AF8hE%F6%C9U%84%F7%7D%A1%B3U%3F%CF%B4%1B%B0%85%A4%24x%11m%00%04%FA%8E3%00%03%D2%D62147483647%00%00%00%00 (606 bytes,scope=1) D7C02E-0295-0006-4BC1-3290E1
1400718155.882512 ccnd[661]: debug.2428 prefix,ff=3 6 ccnx:/ccnx.org/Users/user/Keys/%C1.M.K%00%3F%CEUL%08m2%E5%A6%28%3Ew%CDb%836%8B%D9z%DA%5B%02%D776-%A5s%B2%09%84%40/%FD%04%FB%C93%60%00 (87 bytes)
1400718155.883189 ccnd[661]: debug.280 ccnd_answer_req_response ccnx:/ccnx/%D7%C0.%E6%A2%06%2B%91%AF8hE%F6%C9U%84%F7%7D%A1%B3U%3F%CF%B4%1B%B0%85%A4%24x%11m/selfreg/%04%82%02%AA%03%B2%08%85KB%270%BE%3F%B9%CC%9F%D6%26%1C%1BBUt%D9u%27B%20%98V%21%D0U%EA%84%ED%8B%27U%E8%2Bal%14%02%F7l%CE%96%19%E1%86%7D%9F%EC%0F%D0%D2%B4%3D%13TL%28g%08%97%99%2FO7%FFvy%AD%0E%8C%EDhT%DBnr%16%A0%25%D1vt%D3%CA%81%7C%91%FD%8A%D1%82%1BK%B9%1E%E6%85%D9%D9%A3%22o%DA%F4W%A3%99%F6%F6%BC%FD%A2R%3E%F3%C2%11%10%DB%0D%1C%83%09%25h%9F%A6%07%00%00%F2%00%01%A2%03%E2%02%85%3F%CEUL%08m2%E5%A6%28%3Ew%CDb%836%8B%D9z%DA%5B%02%D776-%A5s%B2%09%84%40%00%02%BA%B5%057%D44%BDq%00%01%E2%01%DA%0A%950%81%9F0%0D%06%09%2A%86H%86%F7%0D%01%01%01%05%00%03%81%8D%000%81%89%02%81%81%00%C0%FB%16%1F%A6%9A%5E%A0%2A%D2%80%DA%8E%D9f%C1%85r%83t%A6%28P6%CC%20O%60%D9Pi%87%F3%F6%D7%8C%F8F%BFw%3C%08%10%FF%D8%02%3E%1B%03E%0B%24%D5T%3F%21T%FC%8Fl%5C%07%22%60o%AA%AF%8E%1E6%9A%7DvVbs%2C%BCrW-Z%0F%F1%9F%CA%DA%B3%E0%06%E9%81%F7-%01%16%D5%7D%DF%D4%21E%2F%B0%C1%A7%27%AF%C2%0C%B6%C3%EC%1C%BF%5D%82T%A5%DEa%C4%14%401%10%C6%23%02%03%01%00%01%00%00%00%01%9A%09%ED%05%8A%04%CA%BEselfreg%00%F2%FA%C5ccnx.org%00%FA%ADUsers%00%FA%A5user%00%FA%A5Keys%00%FA%02%B5%C1.M.K%00%3F%CEUL%08m2%E5%A6%28%3Ew%CDb%836%8B%D9z%DA%5B%02%D776-%A5s%B2%09%84%40%00%FA%BD%FD%04%FB%C93%60%00%00%00%03%E2%02%85%D7%C0.%E6%A2%06%2B%91%AF8hE%F6%C9U%84%F7%7D%A1%B3U%3F%CF%B4%1B%B0%85%A4%24x%11m%00%04%FA%8E3%00%03%D2%D62147483647%00%00%00%00 (1103 bytes)
1400718155.883298 ccnd[661]: debug.4109 content_from 0 ccnx:/ccnx/%D7%C0.%E6%A2%06%2B%91%AF8hE%F6%C9U%84%F7%7D%A1%B3U%3F%CF%B4%1B%B0%85%A4%24x%11m/selfreg/%04%82%02%AA%03%B2%08%85KB%270%BE%3F%B9%CC%9F%D6%26%1C%1BBUt%D9u%27B%20%98V%21%D0U%EA%84%ED%8B%27U%E8%2Bal%14%02%F7l%CE%96%19%E1%86%7D%9F%EC%0F%D0%D2%B4%3D%13TL%28g%08%97%99%2FO7%FFvy%AD%0E%8C%EDhT%DBnr%16%A0%25%D1vt%D3%CA%81%7C%91%FD%8A%D1%82%1BK%B9%1E%E6%85%D9%D9%A3%22o%DA%F4W%A3%99%F6%F6%BC%FD%A2R%3E%F3%C2%11%10%DB%0D%1C%83%09%25h%9F%A6%07%00%00%F2%00%01%A2%03%E2%02%85%3F%CEUL%08m2%E5%A6%28%3Ew%CDb%836%8B%D9z%DA%5B%02%D776-%A5s%B2%09%84%40%00%02%BA%B5%057%D44%BDq%00%01%E2%01%DA%0A%950%81%9F0%0D%06%09%2A%86H%86%F7%0D%01%01%01%05%00%03%81%8D%000%81%89%02%81%81%00%C0%FB%16%1F%A6%9A%5E%A0%2A%D2%80%DA%8E%D9f%C1%85r%83t%A6%28P6%CC%20O%60%D9Pi%87%F3%F6%D7%8C%F8F%BFw%3C%08%10%FF%D8%02%3E%1B%03E%0B%24%D5T%3F%21T%FC%8Fl%5C%07%22%60o%AA%AF%8E%1E6%9A%7DvVbs%2C%BCrW-Z%0F%F1%9F%CA%DA%B3%E0%06%E9%81%F7-%01%16%D5%7D%DF%D4%21E%2F%B0%C1%A7%27%AF%C2%0C%B6%C3%EC%1C%BF%5D%82T%A5%DEa%C4%14%401%10%C6%23%02%03%01%00%01%00%00%00%01%9A%09%ED%05%8A%04%CA%BEselfreg%00%F2%FA%C5ccnx.org%00%FA%ADUsers%00%FA%A5user%00%FA%A5Keys%00%FA%02%B5%C1.M.K%00%3F%CEUL%08m2%E5%A6%28%3Ew%CDb%836%8B%D9z%DA%5B%02%D776-%A5s%B2%09%84%40%00%FA%BD%FD%04%FB%C93%60%00%00%00%03%E2%02%85%D7%C0.%E6%A2%06%2B%91%AF8hE%F6%C9U%84%F7%7D%A1%B3U%3F%CF%B4%1B%B0%85%A4%24x%11m%00%04%FA%8E3%00%03%D2%D62147483647%00%00%00%00/O%15%06%CA%D6%40%EA%8C%009%84%5D%7D%84D%DFS%B0%7B%BF%86s%9F%E2%CB%B5%20%E2%E3%3E%F1%A1 (1139 bytes)
1400718155.883329 ccnd[661]: fwd.3059 adding 0
1400718155.883342 ccnd[661]: face 6 q 0 delay 3 usec
1400718155.883432 ccnd[661]: debug.1526 consume 6 ccnx:/ccnx/%D7%C0.%E6%A2%06%2B%91%AF8hE%F6%C9U%84%F7%7D%A1%B3U%3F%CF%B4%1B%B0%85%A4%24x%11m/selfreg/%04%82%02%AA%03%B2%08%85KB%270%BE%3F%B9%CC%9F%D6%26%1C%1BBUt%D9u%27B%20%98V%21%D0U%EA%84%ED%8B%27U%E8%2Bal%14%02%F7l%CE%96%19%E1%86%7D%9F%EC%0F%D0%D2%B4%3D%13TL%28g%08%97%99%2FO7%FFvy%AD%0E%8C%EDhT%DBnr%16%A0%25%D1vt%D3%CA%81%7C%91%FD%8A%D1%82%1BK%B9%1E%E6%85%D9%D9%A3%22o%DA%F4W%A3%99%F6%F6%BC%FD%A2R%3E%F3%C2%11%10%DB%0D%1C%83%09%25h%9F%A6%07%00%00%F2%00%01%A2%03%E2%02%85%3F%CEUL%08m2%E5%A6%28%3Ew%CDb%836%8B%D9z%DA%5B%02%D776-%A5s%B2%09%84%40%00%02%BA%B5%057%D44%BDq%00%01%E2%01%DA%0A%950%81%9F0%0D%06%09%2A%86H%86%F7%0D%01%01%01%05%00%03%81%8D%000%81%89%02%81%81%00%C0%FB%16%1F%A6%9A%5E%A0%2A%D2%80%DA%8E%D9f%C1%85r%83t%A6%28P6%CC%20O%60%D9Pi%87%F3%F6%D7%8C%F8F%BFw%3C%08%10%FF%D8%02%3E%1B%03E%0B%24%D5T%3F%21T%FC%8Fl%5C%07%22%60o%AA%AF%8E%1E6%9A%7DvVbs%2C%BCrW-Z%0F%F1%9F%CA%DA%B3%E0%06%E9%81%F7-%01%16%D5%7D%DF%D4%21E%2F%B0%C1%A7%27%AF%C2%0C%B6%C3%EC%1C%BF%5D%82T%A5%DEa%C4%14%401%10%C6%23%02%03%01%00%01%00%00%00%01%9A%09%ED%05%8A%04%CA%BEselfreg%00%F2%FA%C5ccnx.org%00%FA%ADUsers%00%FA%A5user%00%FA%A5Keys%00%FA%02%B5%C1.M.K%00%3F%CEUL%08m2%E5%A6%28%3Ew%CDb%836%8B%D9z%DA%5B%02%D776-%A5s%B2%09%84%40%00%FA%BD%FD%04%FB%C93%60%00%00%00%03%E2%02%85%D7%C0.%E6%A2%06%2B%91%AF8hE%F6%C9U%84%F7%7D%A1%B3U%3F%CF%B4%1B%B0%85%A4%24x%11m%00%04%FA%8E3%00%03%D2%D62147483647%00%00%00%00 (606 bytes,scope=1) D7C02E-0295-0006-4BC1-3290E1
1400718155.883442 ccnd[661]: sl.1598 0 ci=4 osrc=4294967295 src=0 usec=10808
1400718155.883450 ccnd[661]: fwd.3059 adding 0
1400718155.883456 ccnd[661]: sl.1598 0 ci=3 osrc=4294967295 src=0 usec=10808
1400718155.883463 ccnd[661]: fwd.3059 adding 0
1400718155.883555 ccnd[661]: debug.1268 content_to 6 ccnx:/ccnx/%D7%C0.%E6%A2%06%2B%91%AF8hE%F6%C9U%84%F7%7D%A1%B3U%3F%CF%B4%1B%B0%85%A4%24x%11m/selfreg/%04%82%02%AA%03%B2%08%85KB%270%BE%3F%B9%CC%9F%D6%26%1C%1BBUt%D9u%27B%20%98V%21%D0U%EA%84%ED%8B%27U%E8%2Bal%14%02%F7l%CE%96%19%E1%86%7D%9F%EC%0F%D0%D2%B4%3D%13TL%28g%08%97%99%2FO7%FFvy%AD%0E%8C%EDhT%DBnr%16%A0%25%D1vt%D3%CA%81%7C%91%FD%8A%D1%82%1BK%B9%1E%E6%85%D9%D9%A3%22o%DA%F4W%A3%99%F6%F6%BC%FD%A2R%3E%F3%C2%11%10%DB%0D%1C%83%09%25h%9F%A6%07%00%00%F2%00%01%A2%03%E2%02%85%3F%CEUL%08m2%E5%A6%28%3Ew%CDb%836%8B%D9z%DA%5B%02%D776-%A5s%B2%09%84%40%00%02%BA%B5%057%D44%BDq%00%01%E2%01%DA%0A%950%81%9F0%0D%06%09%2A%86H%86%F7%0D%01%01%01%05%00%03%81%8D%000%81%89%02%81%81%00%C0%FB%16%1F%A6%9A%5E%A0%2A%D2%80%DA%8E%D9f%C1%85r%83t%A6%28P6%CC%20O%60%D9Pi%87%F3%F6%D7%8C%F8F%BFw%3C%08%10%FF%D8%02%3E%1B%03E%0B%24%D5T%3F%21T%FC%8Fl%5C%07%22%60o%AA%AF%8E%1E6%9A%7DvVbs%2C%BCrW-Z%0F%F1%9F%CA%DA%B3%E0%06%E9%81%F7-%01%16%D5%7D%DF%D4%21E%2F%B0%C1%A7%27%AF%C2%0C%B6%C3%EC%1C%BF%5D%82T%A5%DEa%C4%14%401%10%C6%23%02%03%01%00%01%00%00%00%01%9A%09%ED%05%8A%04%CA%BEselfreg%00%F2%FA%C5ccnx.org%00%FA%ADUsers%00%FA%A5user%00%FA%A5Keys%00%FA%02%B5%C1.M.K%00%3F%CEUL%08m2%E5%A6%28%3Ew%CDb%836%8B%D9z%DA%5B%02%D776-%A5s%B2%09%84%40%00%FA%BD%FD%04%FB%C93%60%00%00%00%03%E2%02%85%D7%C0.%E6%A2%06%2B%91%AF8hE%F6%C9U%84%F7%7D%A1%B3U%3F%CF%B4%1B%B0%85%A4%24x%11m%00%04%FA%8E3%00%03%D2%D62147483647%00%00%00%00/O%15%06%CA%D6%40%EA%8C%009%84%5D%7D%84D%DFS%B0%7B%BF%86s%9F%E2%CB%B5%20%E2%E3%3E%F1%A1 (1139 bytes)
1400718155.997341 ccnd[661]: debug.3807 interest_from 6 ccnx:/ccnx/%D7%C0.%E6%A2%06%2B%91%AF8hE%F6%C9U%84%F7%7D%A1%B3U%3F%CF%B4%1B%B0%85%A4%24x%11m/selfreg/%04%82%02%AA%03%B2%08%85%90%AD%D8%DC%3F%87%82%C8%81%B6%C7%264%25%A4%C4%16%F8%B8%2F%3Fe%0D%81%80%1CH%1DE%1A%C1%5C%14%97%AF%92%89%2B%04%27%2B%86%26%91%0D%80%EF%AA%98%DA%06%FF%22vg%F1%FE%88%26%A5f%CF%1C%821%DE%CE%B9%95%E5r%04%FB%0F%28%B57%F9%89%11%BE%88%871%21Ys%F7%DD%C6w%BC%0E%28%E1%F1%A98P%D0%02%0F%C8%EA%058%94%A5%9A%0E%CF%EE%7F%C4%3B%0A%C5%8E%F31C%D0%94A%C0y%F0%5D%00%00%F2%00%01%A2%03%E2%02%85%3F%CEUL%08m2%E5%A6%28%3Ew%CDb%836%8B%D9z%DA%5B%02%D776-%A5s%B2%09%84%40%00%02%BA%B5%057%D44%BFy%00%01%E2%01%DA%0A%950%81%9F0%0D%06%09%2A%86H%86%F7%0D%01%01%01%05%00%03%81%8D%000%81%89%02%81%81%00%C0%FB%16%1F%A6%9A%5E%A0%2A%D2%80%DA%8E%D9f%C1%85r%83t%A6%28P6%CC%20O%60%D9Pi%87%F3%F6%D7%8C%F8F%BFw%3C%08%10%FF%D8%02%3E%1B%03E%0B%24%D5T%3F%21T%FC%8Fl%5C%07%22%60o%AA%AF%8E%1E6%9A%7DvVbs%2C%BCrW-Z%0F%F1%9F%CA%DA%B3%E0%06%E9%81%F7-%01%16%D5%7D%DF%D4%21E%2F%B0%C1%A7%27%AF%C2%0C%B6%C3%EC%1C%BF%5D%82T%A5%DEa%C4%14%401%10%C6%23%02%03%01%00%01%00%00%00%01%9A%05%9D%05%8A%04%CA%BEselfreg%00%F2%FA%A5test%00%FA%8D1%00%00%03%E2%02%85%D7%C0.%E6%A2%06%2B%91%AF8hE%F6%C9U%84%F7%7D%A1%B3U%3F%CF%B4%1B%B0%85%A4%24x%11m%00%04%FA%8E3%00%03%D2%D62147483647%00%00%00%00 (516 bytes,scope=1)
1400718155.997384 ccnd[661]: version: 20090701, prefix_comps: 4, min_suffix_comps: 0, max_suffix_comps: 32767, orderpref: 0, answerfrom: 3, scope: 1, lifetime: 4.0000, excl: 0 bytes, etc: 0 bytes
1400718155.997480 ccnd[661]: debug.3856 first_candidate ccnx:/ccnx/%D7%C0.%E6%A2%06%2B%91%AF8hE%F6%C9U%84%F7%7D%A1%B3U%3F%CF%B4%1B%B0%85%A4%24x%11m/selfreg/%04%82%02%AA%03%B2%08%85KB%270%BE%3F%B9%CC%9F%D6%26%1C%1BBUt%D9u%27B%20%98V%21%D0U%EA%84%ED%8B%27U%E8%2Bal%14%02%F7l%CE%96%19%E1%86%7D%9F%EC%0F%D0%D2%B4%3D%13TL%28g%08%97%99%2FO7%FFvy%AD%0E%8C%EDhT%DBnr%16%A0%25%D1vt%D3%CA%81%7C%91%FD%8A%D1%82%1BK%B9%1E%E6%85%D9%D9%A3%22o%DA%F4W%A3%99%F6%F6%BC%FD%A2R%3E%F3%C2%11%10%DB%0D%1C%83%09%25h%9F%A6%07%00%00%F2%00%01%A2%03%E2%02%85%3F%CEUL%08m2%E5%A6%28%3Ew%CDb%836%8B%D9z%DA%5B%02%D776-%A5s%B2%09%84%40%00%02%BA%B5%057%D44%BDq%00%01%E2%01%DA%0A%950%81%9F0%0D%06%09%2A%86H%86%F7%0D%01%01%01%05%00%03%81%8D%000%81%89%02%81%81%00%C0%FB%16%1F%A6%9A%5E%A0%2A%D2%80%DA%8E%D9f%C1%85r%83t%A6%28P6%CC%20O%60%D9Pi%87%F3%F6%D7%8C%F8F%BFw%3C%08%10%FF%D8%02%3E%1B%03E%0B%24%D5T%3F%21T%FC%8Fl%5C%07%22%60o%AA%AF%8E%1E6%9A%7DvVbs%2C%BCrW-Z%0F%F1%9F%CA%DA%B3%E0%06%E9%81%F7-%01%16%D5%7D%DF%D4%21E%2F%B0%C1%A7%27%AF%C2%0C%B6%C3%EC%1C%BF%5D%82T%A5%DEa%C4%14%401%10%C6%23%02%03%01%00%01%00%00%00%01%9A%09%ED%05%8A%04%CA%BEselfreg%00%F2%FA%C5ccnx.org%00%FA%ADUsers%00%FA%A5user%00%FA%A5Keys%00%FA%02%B5%C1.M.K%00%3F%CEUL%08m2%E5%A6%28%3Ew%CDb%836%8B%D9z%DA%5B%02%D776-%A5s%B2%09%84%40%00%FA%BD%FD%04%FB%C93%60%00%00%00%03%E2%02%85%D7%C0.%E6%A2%06%2B%91%AF8hE%F6%C9U%84%F7%7D%A1%B3U%3F%CF%B4%1B%B0%85%A4%24x%11m%00%04%FA%8E3%00%03%D2%D62147483647%00%00%00%00/O%15%06%CA%D6%40%EA%8C%009%84%5D%7D%84D%DFS%B0%7B%BF%86s%9F%E2%CB%B5%20%E2%E3%3E%F1%A1 (1139 bytes)
1400718155.997559 ccnd[661]: debug.3863 prefix_mismatch ccnx:/ccnx/%D7%C0.%E6%A2%06%2B%91%AF8hE%F6%C9U%84%F7%7D%A1%B3U%3F%CF%B4%1B%B0%85%A4%24x%11m/selfreg/%04%82%02%AA%03%B2%08%85%90%AD%D8%DC%3F%87%82%C8%81%B6%C7%264%25%A4%C4%16%F8%B8%2F%3Fe%0D%81%80%1CH%1DE%1A%C1%5C%14%97%AF%92%89%2B%04%27%2B%86%26%91%0D%80%EF%AA%98%DA%06%FF%22vg%F1%FE%88%26%A5f%CF%1C%821%DE%CE%B9%95%E5r%04%FB%0F%28%B57%F9%89%11%BE%88%871%21Ys%F7%DD%C6w%BC%0E%28%E1%F1%A98P%D0%02%0F%C8%EA%058%94%A5%9A%0E%CF%EE%7F%C4%3B%0A%C5%8E%F31C%D0%94A%C0y%F0%5D%00%00%F2%00%01%A2%03%E2%02%85%3F%CEUL%08m2%E5%A6%28%3Ew%CDb%836%8B%D9z%DA%5B%02%D776-%A5s%B2%09%84%40%00%02%BA%B5%057%D44%BFy%00%01%E2%01%DA%0A%950%81%9F0%0D%06%09%2A%86H%86%F7%0D%01%01%01%05%00%03%81%8D%000%81%89%02%81%81%00%C0%FB%16%1F%A6%9A%5E%A0%2A%D2%80%DA%8E%D9f%C1%85r%83t%A6%28P6%CC%20O%60%D9Pi%87%F3%F6%D7%8C%F8F%BFw%3C%08%10%FF%D8%02%3E%1B%03E%0B%24%D5T%3F%21T%FC%8Fl%5C%07%22%60o%AA%AF%8E%1E6%9A%7DvVbs%2C%BCrW-Z%0F%F1%9F%CA%DA%B3%E0%06%E9%81%F7-%01%16%D5%7D%DF%D4%21E%2F%B0%C1%A7%27%AF%C2%0C%B6%C3%EC%1C%BF%5D%82T%A5%DEa%C4%14%401%10%C6%23%02%03%01%00%01%00%00%00%01%9A%05%9D%05%8A%04%CA%BEselfreg%00%F2%FA%A5test%00%FA%8D1%00%00%03%E2%02%85%D7%C0.%E6%A2%06%2B%91%AF8hE%F6%C9U%84%F7%7D%A1%B3U%3F%CF%B4%1B%B0%85%A4%24x%11m%00%04%FA%8E3%00%03%D2%D62147483647%00%00%00%00 (516 bytes,scope=1)
1400718155.997569 ccnd[661]: outbound.3131 adding 0
1400718155.997653 ccnd[661]: debug.3523 0x803f60.0of1,usec=128+3999872 6 ccnx:/ccnx/%D7%C0.%E6%A2%06%2B%91%AF8hE%F6%C9U%84%F7%7D%A1%B3U%3F%CF%B4%1B%B0%85%A4%24x%11m/selfreg/%04%82%02%AA%03%B2%08%85%90%AD%D8%DC%3F%87%82%C8%81%B6%C7%264%25%A4%C4%16%F8%B8%2F%3Fe%0D%81%80%1CH%1DE%1A%C1%5C%14%97%AF%92%89%2B%04%27%2B%86%26%91%0D%80%EF%AA%98%DA%06%FF%22vg%F1%FE%88%26%A5f%CF%1C%821%DE%CE%B9%95%E5r%04%FB%0F%28%B57%F9%89%11%BE%88%871%21Ys%F7%DD%C6w%BC%0E%28%E1%F1%A98P%D0%02%0F%C8%EA%058%94%A5%9A%0E%CF%EE%7F%C4%3B%0A%C5%8E%F31C%D0%94A%C0y%F0%5D%00%00%F2%00%01%A2%03%E2%02%85%3F%CEUL%08m2%E5%A6%28%3Ew%CDb%836%8B%D9z%DA%5B%02%D776-%A5s%B2%09%84%40%00%02%BA%B5%057%D44%BFy%00%01%E2%01%DA%0A%950%81%9F0%0D%06%09%2A%86H%86%F7%0D%01%01%01%05%00%03%81%8D%000%81%89%02%81%81%00%C0%FB%16%1F%A6%9A%5E%A0%2A%D2%80%DA%8E%D9f%C1%85r%83t%A6%28P6%CC%20O%60%D9Pi%87%F3%F6%D7%8C%F8F%BFw%3C%08%10%FF%D8%02%3E%1B%03E%0B%24%D5T%3F%21T%FC%8Fl%5C%07%22%60o%AA%AF%8E%1E6%9A%7DvVbs%2C%BCrW-Z%0F%F1%9F%CA%DA%B3%E0%06%E9%81%F7-%01%16%D5%7D%DF%D4%21E%2F%B0%C1%A7%27%AF%C2%0C%B6%C3%EC%1C%BF%5D%82T%A5%DEa%C4%14%401%10%C6%23%02%03%01%00%01%00%00%00%01%9A%05%9D%05%8A%04%CA%BEselfreg%00%F2%FA%A5test%00%FA%8D1%00%00%03%E2%02%85%D7%C0.%E6%A2%06%2B%91%AF8hE%F6%C9U%84%F7%7D%A1%B3U%3F%CF%B4%1B%B0%85%A4%24x%11m%00%04%FA%8E3%00%03%D2%D62147483647%00%00%00%00 (532 bytes,scope=1) D7C02E-0295-0006-4BE2-3ACADE
1400718155.998815 ccnd[661]: debug.3210 interest_to 0 ccnx:/ccnx/%D7%C0.%E6%A2%06%2B%91%AF8hE%F6%C9U%84%F7%7D%A1%B3U%3F%CF%B4%1B%B0%85%A4%24x%11m/selfreg/%04%82%02%AA%03%B2%08%85%90%AD%D8%DC%3F%87%82%C8%81%B6%C7%264%25%A4%C4%16%F8%B8%2F%3Fe%0D%81%80%1CH%1DE%1A%C1%5C%14%97%AF%92%89%2B%04%27%2B%86%26%91%0D%80%EF%AA%98%DA%06%FF%22vg%F1%FE%88%26%A5f%CF%1C%821%DE%CE%B9%95%E5r%04%FB%0F%28%B57%F9%89%11%BE%88%871%21Ys%F7%DD%C6w%BC%0E%28%E1%F1%A98P%D0%02%0F%C8%EA%058%94%A5%9A%0E%CF%EE%7F%C4%3B%0A%C5%8E%F31C%D0%94A%C0y%F0%5D%00%00%F2%00%01%A2%03%E2%02%85%3F%CEUL%08m2%E5%A6%28%3Ew%CDb%836%8B%D9z%DA%5B%02%D776-%A5s%B2%09%84%40%00%02%BA%B5%057%D44%BFy%00%01%E2%01%DA%0A%950%81%9F0%0D%06%09%2A%86H%86%F7%0D%01%01%01%05%00%03%81%8D%000%81%89%02%81%81%00%C0%FB%16%1F%A6%9A%5E%A0%2A%D2%80%DA%8E%D9f%C1%85r%83t%A6%28P6%CC%20O%60%D9Pi%87%F3%F6%D7%8C%F8F%BFw%3C%08%10%FF%D8%02%3E%1B%03E%0B%24%D5T%3F%21T%FC%8Fl%5C%07%22%60o%AA%AF%8E%1E6%9A%7DvVbs%2C%BCrW-Z%0F%F1%9F%CA%DA%B3%E0%06%E9%81%F7-%01%16%D5%7D%DF%D4%21E%2F%B0%C1%A7%27%AF%C2%0C%B6%C3%EC%1C%BF%5D%82T%A5%DEa%C4%14%401%10%C6%23%02%03%01%00%01%00%00%00%01%9A%05%9D%05%8A%04%CA%BEselfreg%00%F2%FA%A5test%00%FA%8D1%00%00%03%E2%02%85%D7%C0.%E6%A2%06%2B%91%AF8hE%F6%C9U%84%F7%7D%A1%B3U%3F%CF%B4%1B%B0%85%A4%24x%11m%00%04%FA%8E3%00%03%D2%D62147483647%00%00%00%00 (532 bytes,scope=1) D7C02E-0295-0006-4BE2-3ACADE
1400718155.998904 ccnd[661]: debug.158 ccnd_answer_req ccnx:/ccnx/%D7%C0.%E6%A2%06%2B%91%AF8hE%F6%C9U%84%F7%7D%A1%B3U%3F%CF%B4%1B%B0%85%A4%24x%11m/selfreg/%04%82%02%AA%03%B2%08%85%90%AD%D8%DC%3F%87%82%C8%81%B6%C7%264%25%A4%C4%16%F8%B8%2F%3Fe%0D%81%80%1CH%1DE%1A%C1%5C%14%97%AF%92%89%2B%04%27%2B%86%26%91%0D%80%EF%AA%98%DA%06%FF%22vg%F1%FE%88%26%A5f%CF%1C%821%DE%CE%B9%95%E5r%04%FB%0F%28%B57%F9%89%11%BE%88%871%21Ys%F7%DD%C6w%BC%0E%28%E1%F1%A98P%D0%02%0F%C8%EA%058%94%A5%9A%0E%CF%EE%7F%C4%3B%0A%C5%8E%F31C%D0%94A%C0y%F0%5D%00%00%F2%00%01%A2%03%E2%02%85%3F%CEUL%08m2%E5%A6%28%3Ew%CDb%836%8B%D9z%DA%5B%02%D776-%A5s%B2%09%84%40%00%02%BA%B5%057%D44%BFy%00%01%E2%01%DA%0A%950%81%9F0%0D%06%09%2A%86H%86%F7%0D%01%01%01%05%00%03%81%8D%000%81%89%02%81%81%00%C0%FB%16%1F%A6%9A%5E%A0%2A%D2%80%DA%8E%D9f%C1%85r%83t%A6%28P6%CC%20O%60%D9Pi%87%F3%F6%D7%8C%F8F%BFw%3C%08%10%FF%D8%02%3E%1B%03E%0B%24%D5T%3F%21T%FC%8Fl%5C%07%22%60o%AA%AF%8E%1E6%9A%7DvVbs%2C%BCrW-Z%0F%F1%9F%CA%DA%B3%E0%06%E9%81%F7-%01%16%D5%7D%DF%D4%21E%2F%B0%C1%A7%27%AF%C2%0C%B6%C3%EC%1C%BF%5D%82T%A5%DEa%C4%14%401%10%C6%23%02%03%01%00%01%00%00%00%01%9A%05%9D%05%8A%04%CA%BEselfreg%00%F2%FA%A5test%00%FA%8D1%00%00%03%E2%02%85%D7%C0.%E6%A2%06%2B%91%AF8hE%F6%C9U%84%F7%7D%A1%B3U%3F%CF%B4%1B%B0%85%A4%24x%11m%00%04%FA%8E3%00%03%D2%D62147483647%00%00%00%00 (532 bytes,scope=1) D7C02E-0295-0006-4BE2-3ACADE
1400718155.998995 ccnd[661]: debug.2428 prefix,ff=3 6 ccnx:/test/1 (13 bytes)
1400718155.999667 ccnd[661]: debug.280 ccnd_answer_req_response ccnx:/ccnx/%D7%C0.%E6%A2%06%2B%91%AF8hE%F6%C9U%84%F7%7D%A1%B3U%3F%CF%B4%1B%B0%85%A4%24x%11m/selfreg/%04%82%02%AA%03%B2%08%85%90%AD%D8%DC%3F%87%82%C8%81%B6%C7%264%25%A4%C4%16%F8%B8%2F%3Fe%0D%81%80%1CH%1DE%1A%C1%5C%14%97%AF%92%89%2B%04%27%2B%86%26%91%0D%80%EF%AA%98%DA%06%FF%22vg%F1%FE%88%26%A5f%CF%1C%821%DE%CE%B9%95%E5r%04%FB%0F%28%B57%F9%89%11%BE%88%871%21Ys%F7%DD%C6w%BC%0E%28%E1%F1%A98P%D0%02%0F%C8%EA%058%94%A5%9A%0E%CF%EE%7F%C4%3B%0A%C5%8E%F31C%D0%94A%C0y%F0%5D%00%00%F2%00%01%A2%03%E2%02%85%3F%CEUL%08m2%E5%A6%28%3Ew%CDb%836%8B%D9z%DA%5B%02%D776-%A5s%B2%09%84%40%00%02%BA%B5%057%D44%BFy%00%01%E2%01%DA%0A%950%81%9F0%0D%06%09%2A%86H%86%F7%0D%01%01%01%05%00%03%81%8D%000%81%89%02%81%81%00%C0%FB%16%1F%A6%9A%5E%A0%2A%D2%80%DA%8E%D9f%C1%85r%83t%A6%28P6%CC%20O%60%D9Pi%87%F3%F6%D7%8C%F8F%BFw%3C%08%10%FF%D8%02%3E%1B%03E%0B%24%D5T%3F%21T%FC%8Fl%5C%07%22%60o%AA%AF%8E%1E6%9A%7DvVbs%2C%BCrW-Z%0F%F1%9F%CA%DA%B3%E0%06%E9%81%F7-%01%16%D5%7D%DF%D4%21E%2F%B0%C1%A7%27%AF%C2%0C%B6%C3%EC%1C%BF%5D%82T%A5%DEa%C4%14%401%10%C6%23%02%03%01%00%01%00%00%00%01%9A%05%9D%05%8A%04%CA%BEselfreg%00%F2%FA%A5test%00%FA%8D1%00%00%03%E2%02%85%D7%C0.%E6%A2%06%2B%91%AF8hE%F6%C9U%84%F7%7D%A1%B3U%3F%CF%B4%1B%B0%85%A4%24x%11m%00%04%FA%8E3%00%03%D2%D62147483647%00%00%00%00 (955 bytes)
1400718155.999776 ccnd[661]: debug.4109 content_from 0 ccnx:/ccnx/%D7%C0.%E6%A2%06%2B%91%AF8hE%F6%C9U%84%F7%7D%A1%B3U%3F%CF%B4%1B%B0%85%A4%24x%11m/selfreg/%04%82%02%AA%03%B2%08%85%90%AD%D8%DC%3F%87%82%C8%81%B6%C7%264%25%A4%C4%16%F8%B8%2F%3Fe%0D%81%80%1CH%1DE%1A%C1%5C%14%97%AF%92%89%2B%04%27%2B%86%26%91%0D%80%EF%AA%98%DA%06%FF%22vg%F1%FE%88%26%A5f%CF%1C%821%DE%CE%B9%95%E5r%04%FB%0F%28%B57%F9%89%11%BE%88%871%21Ys%F7%DD%C6w%BC%0E%28%E1%F1%A98P%D0%02%0F%C8%EA%058%94%A5%9A%0E%CF%EE%7F%C4%3B%0A%C5%8E%F31C%D0%94A%C0y%F0%5D%00%00%F2%00%01%A2%03%E2%02%85%3F%CEUL%08m2%E5%A6%28%3Ew%CDb%836%8B%D9z%DA%5B%02%D776-%A5s%B2%09%84%40%00%02%BA%B5%057%D44%BFy%00%01%E2%01%DA%0A%950%81%9F0%0D%06%09%2A%86H%86%F7%0D%01%01%01%05%00%03%81%8D%000%81%89%02%81%81%00%C0%FB%16%1F%A6%9A%5E%A0%2A%D2%80%DA%8E%D9f%C1%85r%83t%A6%28P6%CC%20O%60%D9Pi%87%F3%F6%D7%8C%F8F%BFw%3C%08%10%FF%D8%02%3E%1B%03E%0B%24%D5T%3F%21T%FC%8Fl%5C%07%22%60o%AA%AF%8E%1E6%9A%7DvVbs%2C%BCrW-Z%0F%F1%9F%CA%DA%B3%E0%06%E9%81%F7-%01%16%D5%7D%DF%D4%21E%2F%B0%C1%A7%27%AF%C2%0C%B6%C3%EC%1C%BF%5D%82T%A5%DEa%C4%14%401%10%C6%23%02%03%01%00%01%00%00%00%01%9A%05%9D%05%8A%04%CA%BEselfreg%00%F2%FA%A5test%00%FA%8D1%00%00%03%E2%02%85%D7%C0.%E6%A2%06%2B%91%AF8hE%F6%C9U%84%F7%7D%A1%B3U%3F%CF%B4%1B%B0%85%A4%24x%11m%00%04%FA%8E3%00%03%D2%D62147483647%00%00%00%00/%25%F3W%C0%5B%A5I%3C%09%BE%1B%E4%25%0F%02%BA%D37B%BA%D8%2B%E0%D1C%1CW%5B%04%A1%F3%87 (991 bytes)
1400718155.999800 ccnd[661]: fwd.3059 adding 0
1400718155.999813 ccnd[661]: face 6 q 0 delay 3 usec
1400718155.999894 ccnd[661]: debug.1526 consume 6 ccnx:/ccnx/%D7%C0.%E6%A2%06%2B%91%AF8hE%F6%C9U%84%F7%7D%A1%B3U%3F%CF%B4%1B%B0%85%A4%24x%11m/selfreg/%04%82%02%AA%03%B2%08%85%90%AD%D8%DC%3F%87%82%C8%81%B6%C7%264%25%A4%C4%16%F8%B8%2F%3Fe%0D%81%80%1CH%1DE%1A%C1%5C%14%97%AF%92%89%2B%04%27%2B%86%26%91%0D%80%EF%AA%98%DA%06%FF%22vg%F1%FE%88%26%A5f%CF%1C%821%DE%CE%B9%95%E5r%04%FB%0F%28%B57%F9%89%11%BE%88%871%21Ys%F7%DD%C6w%BC%0E%28%E1%F1%A98P%D0%02%0F%C8%EA%058%94%A5%9A%0E%CF%EE%7F%C4%3B%0A%C5%8E%F31C%D0%94A%C0y%F0%5D%00%00%F2%00%01%A2%03%E2%02%85%3F%CEUL%08m2%E5%A6%28%3Ew%CDb%836%8B%D9z%DA%5B%02%D776-%A5s%B2%09%84%40%00%02%BA%B5%057%D44%BFy%00%01%E2%01%DA%0A%950%81%9F0%0D%06%09%2A%86H%86%F7%0D%01%01%01%05%00%03%81%8D%000%81%89%02%81%81%00%C0%FB%16%1F%A6%9A%5E%A0%2A%D2%80%DA%8E%D9f%C1%85r%83t%A6%28P6%CC%20O%60%D9Pi%87%F3%F6%D7%8C%F8F%BFw%3C%08%10%FF%D8%02%3E%1B%03E%0B%24%D5T%3F%21T%FC%8Fl%5C%07%22%60o%AA%AF%8E%1E6%9A%7DvVbs%2C%BCrW-Z%0F%F1%9F%CA%DA%B3%E0%06%E9%81%F7-%01%16%D5%7D%DF%D4%21E%2F%B0%C1%A7%27%AF%C2%0C%B6%C3%EC%1C%BF%5D%82T%A5%DEa%C4%14%401%10%C6%23%02%03%01%00%01%00%00%00%01%9A%05%9D%05%8A%04%CA%BEselfreg%00%F2%FA%A5test%00%FA%8D1%00%00%03%E2%02%85%D7%C0.%E6%A2%06%2B%91%AF8hE%F6%C9U%84%F7%7D%A1%B3U%3F%CF%B4%1B%B0%85%A4%24x%11m%00%04%FA%8E3%00%03%D2%D62147483647%00%00%00%00 (532 bytes,scope=1) D7C02E-0295-0006-4BE2-3ACADE
1400718155.999903 ccnd[661]: sl.1598 0 ci=4 osrc=4294967295 src=0 usec=10724
1400718155.999910 ccnd[661]: fwd.3059 adding 0
1400718155.999917 ccnd[661]: sl.1598 0 ci=3 osrc=4294967295 src=0 usec=10724
1400718155.999932 ccnd[661]: fwd.3059 adding 0
1400718156.000000 ccnd[661]: 6001 ____________________ Thu May 22 00:22:36 2014
1400718156.000016 ccnd[661]: debug.1268 content_to 6 ccnx:/ccnx/%D7%C0.%E6%A2%06%2B%91%AF8hE%F6%C9U%84%F7%7D%A1%B3U%3F%CF%B4%1B%B0%85%A4%24x%11m/selfreg/%04%82%02%AA%03%B2%08%85%90%AD%D8%DC%3F%87%82%C8%81%B6%C7%264%25%A4%C4%16%F8%B8%2F%3Fe%0D%81%80%1CH%1DE%1A%C1%5C%14%97%AF%92%89%2B%04%27%2B%86%26%91%0D%80%EF%AA%98%DA%06%FF%22vg%F1%FE%88%26%A5f%CF%1C%821%DE%CE%B9%95%E5r%04%FB%0F%28%B57%F9%89%11%BE%88%871%21Ys%F7%DD%C6w%BC%0E%28%E1%F1%A98P%D0%02%0F%C8%EA%058%94%A5%9A%0E%CF%EE%7F%C4%3B%0A%C5%8E%F31C%D0%94A%C0y%F0%5D%00%00%F2%00%01%A2%03%E2%02%85%3F%CEUL%08m2%E5%A6%28%3Ew%CDb%836%8B%D9z%DA%5B%02%D776-%A5s%B2%09%84%40%00%02%BA%B5%057%D44%BFy%00%01%E2%01%DA%0A%950%81%9F0%0D%06%09%2A%86H%86%F7%0D%01%01%01%05%00%03%81%8D%000%81%89%02%81%81%00%C0%FB%16%1F%A6%9A%5E%A0%2A%D2%80%DA%8E%D9f%C1%85r%83t%A6%28P6%CC%20O%60%D9Pi%87%F3%F6%D7%8C%F8F%BFw%3C%08%10%FF%D8%02%3E%1B%03E%0B%24%D5T%3F%21T%FC%8Fl%5C%07%22%60o%AA%AF%8E%1E6%9A%7DvVbs%2C%BCrW-Z%0F%F1%9F%CA%DA%B3%E0%06%E9%81%F7-%01%16%D5%7D%DF%D4%21E%2F%B0%C1%A7%27%AF%C2%0C%B6%C3%EC%1C%BF%5D%82T%A5%DEa%C4%14%401%10%C6%23%02%03%01%00%01%00%00%00%01%9A%05%9D%05%8A%04%CA%BEselfreg%00%F2%FA%A5test%00%FA%8D1%00%00%03%E2%02%85%D7%C0.%E6%A2%06%2B%91%AF8hE%F6%C9U%84%F7%7D%A1%B3U%3F%CF%B4%1B%B0%85%A4%24x%11m%00%04%FA%8E3%00%03%D2%D62147483647%00%00%00%00/%25%F3W%C0%5B%A5I%3C%09%BE%1B%E4%25%0F%02%BA%D37B%BA%D8%2B%E0%D1C%1CW%5B%04%A1%F3%87 (991 bytes)
1400718157.030237 ccnd[661]: accepted datagram client id=7 (flags=0x40012) 192.168.122.2 port 6001
1400718157.030289 ccnd[661]: debug.3807 interest_from 7 ccnx:/test/1 (32 bytes) 6A536B-0285-0008-4BEB-E6C1BF
1400718157.030300 ccnd[661]: version: 20090701, prefix_comps: 2, min_suffix_comps: 0, max_suffix_comps: 32767, orderpref: 0, answerfrom: 3, scope: -1, lifetime: 4.0000, excl: 0 bytes, etc: 0 bytes
1400718157.030347 ccnd[661]: debug.3856 first_candidate ccnx:/%C1.M.S.localhost/%C1.M.SRV/ccnd/KEY/%C1.M.K%00%D7%C0.%E6%A2%06%2B%91%AF8hE%F6%C9U%84%F7%7D%A1%B3U%3F%CF%B4%1B%B0%85%A4%24x%11m/%FD%057%D42x%B8/%00/%D2%2F%C1N%DA%EA%04%13h2%05%C0%0E%1B%C8ym%D1%FF%DC%98SFq%0Ak%C0%FB%29%C3L%EC (611 bytes)
1400718157.030368 ccnd[661]: debug.3863 prefix_mismatch ccnx:/test/1 (32 bytes) 6A536B-0285-0008-4BEB-E6C1BF
1400718157.030379 ccnd[661]: fwd.3059 adding 6
1400718157.030390 ccnd[661]: outbound.3131 adding 6
1400718157.030415 ccnd[661]: debug.3523 0x7fe9f0.0of1,usec=241+3999759 7 ccnx:/test/1 (32 bytes) 6A536B-0285-0008-4BEB-E6C1BF
1400718157.030442 ccnd[661]: debug.3807 interest_from 7 ccnx:/%C1.M.S.neighborhood/%C1.M.SRV/ccnd/KEY (55 bytes,scope=2)
1400718157.030452 ccnd[661]: version: 20090701, prefix_comps: 4, min_suffix_comps: 0, max_suffix_comps: 32767, orderpref: 0, answerfrom: 3, scope: 2, lifetime: 4.0000, excl: 0 bytes, etc: 0 bytes
1400718157.030472 ccnd[661]: fwd.3059 adding 0
1400718157.030483 ccnd[661]: outbound.3131 adding 0
1400718157.030511 ccnd[661]: debug.3523 0x804cd0.0of1,usec=181+3999819 7 ccnx:/%C1.M.S.neighborhood/%C1.M.SRV/ccnd/KEY (71 bytes,scope=2) D7C02E-0295-0007-4D07-4470CA
1400718157.031678 ccnd[661]: debug.3210 interest_to 6 ccnx:/test/1 (32 bytes) 6A536B-0285-0008-4BEB-E6C1BF
1400718157.031735 ccnd[661]: debug.3249 0x7fe9f0.1of1,usec=250000+3749759 7 ccnx:/test/1 (32 bytes) 6A536B-0285-0008-4BEB-E6C1BF
1400718157.031761 ccnd[661]: debug.3210 interest_to 0 ccnx:/%C1.M.S.neighborhood/%C1.M.SRV/ccnd/KEY (71 bytes,scope=2) D7C02E-0295-0007-4D07-4470CA
1400718157.031791 ccnd[661]: debug.158 ccnd_answer_req ccnx:/%C1.M.S.neighborhood/%C1.M.SRV/ccnd/KEY (71 bytes,scope=2) D7C02E-0295-0007-4D07-4470CA
1400718157.032744 ccnd[661]: debug.4109 content_from 0 ccnx:/%C1.M.S.neighborhood/%C1.M.SRV/ccnd/KEY/%C1.M.K%00%D7%C0.%E6%A2%06%2B%91%AF8hE%F6%C9U%84%F7%7D%A1%B3U%3F%CF%B4%1B%B0%85%A4%24x%11m/%FD%057%D42x%B8/%00/L%95%0B%5D%BB%DE%0A%07%CC%F9%86ZW%CF%A5g%08%2A%20%25%19%99%06%18%A8%2A%A4cK%0C%23s (617 bytes)
1400718157.032771 ccnd[661]: fwd.3059 adding 0
1400718157.032790 ccnd[661]: face 7 q 1 delay 562 usec
1400718157.032832 ccnd[661]: debug.1526 consume 7 ccnx:/%C1.M.S.neighborhood/%C1.M.SRV/ccnd/KEY (71 bytes,scope=2) D7C02E-0295-0007-4D07-4470CA
1400718157.032842 ccnd[661]: sl.1598 0 ci=4 osrc=4294967295 src=0 usec=10808
1400718157.032853 ccnd[661]: fwd.3059 adding 0
1400718157.032864 ccnd[661]: sl.1598 0 ci=3 osrc=4294967295 src=0 usec=10808
1400718157.032874 ccnd[661]: fwd.3059 adding 0
1400718157.034252 ccnd[661]: debug.1268 content_to 7 ccnx:/%C1.M.S.neighborhood/%C1.M.SRV/ccnd/KEY/%C1.M.K%00%D7%C0.%E6%A2%06%2B%91%AF8hE%F6%C9U%84%F7%7D%A1%B3U%3F%CF%B4%1B%B0%85%A4%24x%11m/%FD%057%D42x%B8/%00/L%95%0B%5D%BB%DE%0A%07%CC%F9%86ZW%CF%A5g%08%2A%20%25%19%99%06%18%A8%2A%A4cK%0C%23s (617 bytes)
1400718157.037549 ccnd[661]: debug.4109 content_from 6 ccnx:/test/1/%FD%057%D44%C0%04/%00/ss%A7%11%B7j%88%DA%5C%CDq%FB%A7%B6%B8%1A%9D%60%9E%1C%92%B5%CB%3E%D5v%80%A6%F0%A8U%8B (433 bytes)
1400718157.037579 ccnd[661]: face 7 q 1 delay 1097 usec
1400718157.037602 ccnd[661]: debug.1526 consume 7 ccnx:/test/1 (32 bytes) 6A536B-0285-0008-4BEB-E6C1BF
1400718157.037612 ccnd[661]: sl.1598 6 ci=2 osrc=4294967295 src=6 usec=10808
1400718157.037624 ccnd[661]: sl.1598 6 ci=1 osrc=4294967295 src=6 usec=10808
1400718157.000000 ccnd[661]: 6001 ____________________ Thu May 22 00:22:37 2014
1400718157.038784 ccnd[661]: debug.1268 content_to 7 ccnx:/test/1/%FD%057%D44%C0%04/%00/ss%A7%11%B7j%88%DA%5C%CDq%FB%A7%B6%B8%1A%9D%60%9E%1C%92%B5%CB%3E%D5v%80%A6%F0%A8U%8B (433 bytes)
1400718158.676159 ccnd[661]: accepted client fd=9 id=8
1400718158.676297 ccnd[661]: debug.3807 interest_from 8 ccnx:/%C1.M.S.localhost/%C1.M.SRV/ccnd/KEY (51 bytes,scope=1)
1400718158.676310 ccnd[661]: version: 20090701, prefix_comps: 4, min_suffix_comps: 0, max_suffix_comps: 32767, orderpref: 0, answerfrom: 3, scope: 1, lifetime: 4.0000, excl: 0 bytes, etc: 0 bytes
1400718158.676360 ccnd[661]: debug.3856 first_candidate ccnx:/%C1.M.S.localhost/%C1.M.SRV/ccnd/KEY/%C1.M.K%00%D7%C0.%E6%A2%06%2B%91%AF8hE%F6%C9U%84%F7%7D%A1%B3U%3F%CF%B4%1B%B0%85%A4%24x%11m/%FD%057%D42x%B8/%00/%D2%2F%C1N%DA%EA%04%13h2%05%C0%0E%1B%C8ym%D1%FF%DC%98SFq%0Ak%C0%FB%29%C3L%EC (611 bytes)
1400718158.676401 ccnd[661]: debug.3884 matches ccnx:/%C1.M.S.localhost/%C1.M.SRV/ccnd/KEY/%C1.M.K%00%D7%C0.%E6%A2%06%2B%91%AF8hE%F6%C9U%84%F7%7D%A1%B3U%3F%CF%B4%1B%B0%85%A4%24x%11m/%FD%057%D42x%B8/%00/%D2%2F%C1N%DA%EA%04%13h2%05%C0%0E%1B%C8ym%D1%FF%DC%98SFq%0Ak%C0%FB%29%C3L%EC (611 bytes)
1400718158.676415 ccnd[661]: face 8 q 0 delay 3 usec
1400718158.676435 ccnd[661]: debug.3918 consume 8 ccnx:/%C1.M.S.localhost/%C1.M.SRV/ccnd/KEY (51 bytes,scope=1)
1400718158.676448 ccnd[661]: fwd.3059 adding 0
1400718158.676459 ccnd[661]: fwd.3059 adding 0
1400718158.676473 ccnd[661]: fwd.3059 adding 0
1400718158.676483 ccnd[661]: fwd.3059 adding 0
1400718158.676493 ccnd[661]: fwd.3059 adding 0
1400718158.676503 ccnd[661]: fwd.3059 adding 0
1400718158.676513 ccnd[661]: fwd.3059 adding 0
1400718158.676522 ccnd[661]: fwd.3059 adding 0
1400718158.676532 ccnd[661]: fwd.3059 adding 0
1400718158.676542 ccnd[661]: fwd.3059 adding 0
1400718158.676578 ccnd[661]: debug.1268 content_to 8 ccnx:/%C1.M.S.localhost/%C1.M.SRV/ccnd/KEY/%C1.M.K%00%D7%C0.%E6%A2%06%2B%91%AF8hE%F6%C9U%84%F7%7D%A1%B3U%3F%CF%B4%1B%B0%85%A4%24x%11m/%FD%057%D42x%B8/%00/%D2%2F%C1N%DA%EA%04%13h2%05%C0%0E%1B%C8ym%D1%FF%DC%98SFq%0Ak%C0%FB%29%C3L%EC (611 bytes)
1400718158.682760 ccnd[661]: debug.3807 interest_from 8 ccnx:/ccnx/%D7%C0.%E6%A2%06%2B%91%AF8hE%F6%C9U%84%F7%7D%A1%B3U%3F%CF%B4%1B%B0%85%A4%24x%11m/newface/%04%82%02%AA%03%B2%08%85%B9%90%E0%800%99%AF%9A%27gac%90%93%B8j%DD%0E%22%25%04X%213m%D9%DA%E6%21eh%F2%23%B5%A1%19%11%81%BDE%BE%99%94QIb%F9%80%B7g%DFht%F9%1D%12JI%0D%22A%94l%97%9B2D3%7B%06%8AuPMd%9A%E2%8Ak%F7%0BU%1C%FA%D1P%21xk%15%E1e%60%F8%BC%5D%06%94k%8C%88%04%AA%E8%7F%BC%20JdH%27s%DD%DD7%F5%60b%F1%DC%AF%F1%BA%5E%83n%5E%25%00%00%F2%00%01%A2%03%E2%02%85%3F%CEUL%08m2%E5%A6%28%3Ew%CDb%836%8B%D9z%DA%5B%02%D776-%A5s%B2%09%84%40%00%02%BA%B5%057%D44%EA%E6%00%01%E2%01%DA%0A%950%81%9F0%0D%06%09%2A%86H%86%F7%0D%01%01%01%05%00%03%81%8D%000%81%89%02%81%81%00%C0%FB%16%1F%A6%9A%5E%A0%2A%D2%80%DA%8E%D9f%C1%85r%83t%A6%28P6%CC%20O%60%D9Pi%87%F3%F6%D7%8C%F8F%BFw%3C%08%10%FF%D8%02%3E%1B%03E%0B%24%D5T%3F%21T%FC%8Fl%5C%07%22%60o%AA%AF%8E%1E6%9A%7DvVbs%2C%BCrW-Z%0F%F1%9F%CA%DA%B3%E0%06%E9%81%F7-%01%16%D5%7D%DF%D4%21E%2F%B0%C1%A7%27%AF%C2%0C%B6%C3%EC%1C%BF%5D%82T%A5%DEa%C4%14%401%10%C6%23%02%03%01%00%01%00%00%00%01%9A%06%AD%05%82%04%CA%BEnewface%00%03%E2%02%85%D7%C0.%E6%A2%06%2B%91%AF8hE%F6%C9U%84%F7%7D%A1%B3U%3F%CF%B4%1B%B0%85%A4%24x%11m%00%04%D2%8E0%00%04%DA%9617%00%04%E2%EE192.168.122.2%00%04%EA%A66001%00%03%D2%D62147483647%00%00%00%00 (534 bytes,scope=1)
1400718158.682790 ccnd[661]: version: 20090701, prefix_comps: 4, min_suffix_comps: 0, max_suffix_comps: 32767, orderpref: 0, answerfrom: 3, scope: 1, lifetime: 4.0000, excl: 0 bytes, etc: 0 bytes
1400718158.682929 ccnd[661]: debug.3856 first_candidate ccnx:/ccnx/%D7%C0.%E6%A2%06%2B%91%AF8hE%F6%C9U%84%F7%7D%A1%B3U%3F%CF%B4%1B%B0%85%A4%24x%11m/selfreg/%04%82%02%AA%03%B2%08%85%90%AD%D8%DC%3F%87%82%C8%81%B6%C7%264%25%A4%C4%16%F8%B8%2F%3Fe%0D%81%80%1CH%1DE%1A%C1%5C%14%97%AF%92%89%2B%04%27%2B%86%26%91%0D%80%EF%AA%98%DA%06%FF%22vg%F1%FE%88%26%A5f%CF%1C%821%DE%CE%B9%95%E5r%04%FB%0F%28%B57%F9%89%11%BE%88%871%21Ys%F7%DD%C6w%BC%0E%28%E1%F1%A98P%D0%02%0F%C8%EA%058%94%A5%9A%0E%CF%EE%7F%C4%3B%0A%C5%8E%F31C%D0%94A%C0y%F0%5D%00%00%F2%00%01%A2%03%E2%02%85%3F%CEUL%08m2%E5%A6%28%3Ew%CDb%836%8B%D9z%DA%5B%02%D776-%A5s%B2%09%84%40%00%02%BA%B5%057%D44%BFy%00%01%E2%01%DA%0A%950%81%9F0%0D%06%09%2A%86H%86%F7%0D%01%01%01%05%00%03%81%8D%000%81%89%02%81%81%00%C0%FB%16%1F%A6%9A%5E%A0%2A%D2%80%DA%8E%D9f%C1%85r%83t%A6%28P6%CC%20O%60%D9Pi%87%F3%F6%D7%8C%F8F%BFw%3C%08%10%FF%D8%02%3E%1B%03E%0B%24%D5T%3F%21T%FC%8Fl%5C%07%22%60o%AA%AF%8E%1E6%9A%7DvVbs%2C%BCrW-Z%0F%F1%9F%CA%DA%B3%E0%06%E9%81%F7-%01%16%D5%7D%DF%D4%21E%2F%B0%C1%A7%27%AF%C2%0C%B6%C3%EC%1C%BF%5D%82T%A5%DEa%C4%14%401%10%C6%23%02%03%01%00%01%00%00%00%01%9A%05%9D%05%8A%04%CA%BEselfreg%00%F2%FA%A5test%00%FA%8D1%00%00%03%E2%02%85%D7%C0.%E6%A2%06%2B%91%AF8hE%F6%C9U%84%F7%7D%A1%B3U%3F%CF%B4%1B%B0%85%A4%24x%11m%00%04%FA%8E3%00%03%D2%D62147483647%00%00%00%00/%25%F3W%C0%5B%A5I%3C%09%BE%1B%E4%25%0F%02%BA%D37B%BA%D8%2B%E0%D1C%1CW%5B%04%A1%F3%87 (991 bytes)
1400718158.683048 ccnd[661]: debug.3863 prefix_mismatch ccnx:/ccnx/%D7%C0.%E6%A2%06%2B%91%AF8hE%F6%C9U%84%F7%7D%A1%B3U%3F%CF%B4%1B%B0%85%A4%24x%11m/newface/%04%82%02%AA%03%B2%08%85%B9%90%E0%800%99%AF%9A%27gac%90%93%B8j%DD%0E%22%25%04X%213m%D9%DA%E6%21eh%F2%23%B5%A1%19%11%81%BDE%BE%99%94QIb%F9%80%B7g%DFht%F9%1D%12JI%0D%22A%94l%97%9B2D3%7B%06%8AuPMd%9A%E2%8Ak%F7%0BU%1C%FA%D1P%21xk%15%E1e%60%F8%BC%5D%06%94k%8C%88%04%AA%E8%7F%BC%20JdH%27s%DD%DD7%F5%60b%F1%DC%AF%F1%BA%5E%83n%5E%25%00%00%F2%00%01%A2%03%E2%02%85%3F%CEUL%08m2%E5%A6%28%3Ew%CDb%836%8B%D9z%DA%5B%02%D776-%A5s%B2%09%84%40%00%02%BA%B5%057%D44%EA%E6%00%01%E2%01%DA%0A%950%81%9F0%0D%06%09%2A%86H%86%F7%0D%01%01%01%05%00%03%81%8D%000%81%89%02%81%81%00%C0%FB%16%1F%A6%9A%5E%A0%2A%D2%80%DA%8E%D9f%C1%85r%83t%A6%28P6%CC%20O%60%D9Pi%87%F3%F6%D7%8C%F8F%BFw%3C%08%10%FF%D8%02%3E%1B%03E%0B%24%D5T%3F%21T%FC%8Fl%5C%07%22%60o%AA%AF%8E%1E6%9A%7DvVbs%2C%BCrW-Z%0F%F1%9F%CA%DA%B3%E0%06%E9%81%F7-%01%16%D5%7D%DF%D4%21E%2F%B0%C1%A7%27%AF%C2%0C%B6%C3%EC%1C%BF%5D%82T%A5%DEa%C4%14%401%10%C6%23%02%03%01%00%01%00%00%00%01%9A%06%AD%05%82%04%CA%BEnewface%00%03%E2%02%85%D7%C0.%E6%A2%06%2B%91%AF8hE%F6%C9U%84%F7%7D%A1%B3U%3F%CF%B4%1B%B0%85%A4%24x%11m%00%04%D2%8E0%00%04%DA%9617%00%04%E2%EE192.168.122.2%00%04%EA%A66001%00%03%D2%D62147483647%00%00%00%00 (534 bytes,scope=1)
1400718158.683062 ccnd[661]: outbound.3131 adding 0
1400718158.683186 ccnd[661]: debug.3523 0x8050e0.0of1,usec=3895+3996105 8 ccnx:/ccnx/%D7%C0.%E6%A2%06%2B%91%AF8hE%F6%C9U%84%F7%7D%A1%B3U%3F%CF%B4%1B%B0%85%A4%24x%11m/newface/%04%82%02%AA%03%B2%08%85%B9%90%E0%800%99%AF%9A%27gac%90%93%B8j%DD%0E%22%25%04X%213m%D9%DA%E6%21eh%F2%23%B5%A1%19%11%81%BDE%BE%99%94QIb%F9%80%B7g%DFht%F9%1D%12JI%0D%22A%94l%97%9B2D3%7B%06%8AuPMd%9A%E2%8Ak%F7%0BU%1C%FA%D1P%21xk%15%E1e%60%F8%BC%5D%06%94k%8C%88%04%AA%E8%7F%BC%20JdH%27s%DD%DD7%F5%60b%F1%DC%AF%F1%BA%5E%83n%5E%25%00%00%F2%00%01%A2%03%E2%02%85%3F%CEUL%08m2%E5%A6%28%3Ew%CDb%836%8B%D9z%DA%5B%02%D776-%A5s%B2%09%84%40%00%02%BA%B5%057%D44%EA%E6%00%01%E2%01%DA%0A%950%81%9F0%0D%06%09%2A%86H%86%F7%0D%01%01%01%05%00%03%81%8D%000%81%89%02%81%81%00%C0%FB%16%1F%A6%9A%5E%A0%2A%D2%80%DA%8E%D9f%C1%85r%83t%A6%28P6%CC%20O%60%D9Pi%87%F3%F6%D7%8C%F8F%BFw%3C%08%10%FF%D8%02%3E%1B%03E%0B%24%D5T%3F%21T%FC%8Fl%5C%07%22%60o%AA%AF%8E%1E6%9A%7DvVbs%2C%BCrW-Z%0F%F1%9F%CA%DA%B3%E0%06%E9%81%F7-%01%16%D5%7D%DF%D4%21E%2F%B0%C1%A7%27%AF%C2%0C%B6%C3%EC%1C%BF%5D%82T%A5%DEa%C4%14%401%10%C6%23%02%03%01%00%01%00%00%00%01%9A%06%AD%05%82%04%CA%BEnewface%00%03%E2%02%85%D7%C0.%E6%A2%06%2B%91%AF8hE%F6%C9U%84%F7%7D%A1%B3U%3F%CF%B4%1B%B0%85%A4%24x%11m%00%04%D2%8E0%00%04%DA%9617%00%04%E2%EE192.168.122.2%00%04%EA%A66001%00%03%D2%D62147483647%00%00%00%00 (550 bytes,scope=1) D7C02E-0295-0008-4EAD-9AF43A
1400718158.687454 ccnd[661]: debug.3210 interest_to 0 ccnx:/ccnx/%D7%C0.%E6%A2%06%2B%91%AF8hE%F6%C9U%84%F7%7D%A1%B3U%3F%CF%B4%1B%B0%85%A4%24x%11m/newface/%04%82%02%AA%03%B2%08%85%B9%90%E0%800%99%AF%9A%27gac%90%93%B8j%DD%0E%22%25%04X%213m%D9%DA%E6%21eh%F2%23%B5%A1%19%11%81%BDE%BE%99%94QIb%F9%80%B7g%DFht%F9%1D%12JI%0D%22A%94l%97%9B2D3%7B%06%8AuPMd%9A%E2%8Ak%F7%0BU%1C%FA%D1P%21xk%15%E1e%60%F8%BC%5D%06%94k%8C%88%04%AA%E8%7F%BC%20JdH%27s%DD%DD7%F5%60b%F1%DC%AF%F1%BA%5E%83n%5E%25%00%00%F2%00%01%A2%03%E2%02%85%3F%CEUL%08m2%E5%A6%28%3Ew%CDb%836%8B%D9z%DA%5B%02%D776-%A5s%B2%09%84%40%00%02%BA%B5%057%D44%EA%E6%00%01%E2%01%DA%0A%950%81%9F0%0D%06%09%2A%86H%86%F7%0D%01%01%01%05%00%03%81%8D%000%81%89%02%81%81%00%C0%FB%16%1F%A6%9A%5E%A0%2A%D2%80%DA%8E%D9f%C1%85r%83t%A6%28P6%CC%20O%60%D9Pi%87%F3%F6%D7%8C%F8F%BFw%3C%08%10%FF%D8%02%3E%1B%03E%0B%24%D5T%3F%21T%FC%8Fl%5C%07%22%60o%AA%AF%8E%1E6%9A%7DvVbs%2C%BCrW-Z%0F%F1%9F%CA%DA%B3%E0%06%E9%81%F7-%01%16%D5%7D%DF%D4%21E%2F%B0%C1%A7%27%AF%C2%0C%B6%C3%EC%1C%BF%5D%82T%A5%DEa%C4%14%401%10%C6%23%02%03%01%00%01%00%00%00%01%9A%06%AD%05%82%04%CA%BEnewface%00%03%E2%02%85%D7%C0.%E6%A2%06%2B%91%AF8hE%F6%C9U%84%F7%7D%A1%B3U%3F%CF%B4%1B%B0%85%A4%24x%11m%00%04%D2%8E0%00%04%DA%9617%00%04%E2%EE192.168.122.2%00%04%EA%A66001%00%03%D2%D62147483647%00%00%00%00 (550 bytes,scope=1) D7C02E-0295-0008-4EAD-9AF43A
1400718158.687602 ccnd[661]: debug.158 ccnd_answer_req ccnx:/ccnx/%D7%C0.%E6%A2%06%2B%91%AF8hE%F6%C9U%84%F7%7D%A1%B3U%3F%CF%B4%1B%B0%85%A4%24x%11m/newface/%04%82%02%AA%03%B2%08%85%B9%90%E0%800%99%AF%9A%27gac%90%93%B8j%DD%0E%22%25%04X%213m%D9%DA%E6%21eh%F2%23%B5%A1%19%11%81%BDE%BE%99%94QIb%F9%80%B7g%DFht%F9%1D%12JI%0D%22A%94l%97%9B2D3%7B%06%8AuPMd%9A%E2%8Ak%F7%0BU%1C%FA%D1P%21xk%15%E1e%60%F8%BC%5D%06%94k%8C%88%04%AA%E8%7F%BC%20JdH%27s%DD%DD7%F5%60b%F1%DC%AF%F1%BA%5E%83n%5E%25%00%00%F2%00%01%A2%03%E2%02%85%3F%CEUL%08m2%E5%A6%28%3Ew%CDb%836%8B%D9z%DA%5B%02%D776-%A5s%B2%09%84%40%00%02%BA%B5%057%D44%EA%E6%00%01%E2%01%DA%0A%950%81%9F0%0D%06%09%2A%86H%86%F7%0D%01%01%01%05%00%03%81%8D%000%81%89%02%81%81%00%C0%FB%16%1F%A6%9A%5E%A0%2A%D2%80%DA%8E%D9f%C1%85r%83t%A6%28P6%CC%20O%60%D9Pi%87%F3%F6%D7%8C%F8F%BFw%3C%08%10%FF%D8%02%3E%1B%03E%0B%24%D5T%3F%21T%FC%8Fl%5C%07%22%60o%AA%AF%8E%1E6%9A%7DvVbs%2C%BCrW-Z%0F%F1%9F%CA%DA%B3%E0%06%E9%81%F7-%01%16%D5%7D%DF%D4%21E%2F%B0%C1%A7%27%AF%C2%0C%B6%C3%EC%1C%BF%5D%82T%A5%DEa%C4%14%401%10%C6%23%02%03%01%00%01%00%00%00%01%9A%06%AD%05%82%04%CA%BEnewface%00%03%E2%02%85%D7%C0.%E6%A2%06%2B%91%AF8hE%F6%C9U%84%F7%7D%A1%B3U%3F%CF%B4%1B%B0%85%A4%24x%11m%00%04%D2%8E0%00%04%DA%9617%00%04%E2%EE192.168.122.2%00%04%EA%A66001%00%03%D2%D62147483647%00%00%00%00 (550 bytes,scope=1) D7C02E-0295-0008-4EAD-9AF43A
1400718158.687740 ccnd[661]: ccnd_req_newface from 8: getaddrinfo(192.168.122.2, 6001, ...) returned 0
1400718158.688695 ccnd[661]: debug.280 ccnd_answer_req_response ccnx:/ccnx/%D7%C0.%E6%A2%06%2B%91%AF8hE%F6%C9U%84%F7%7D%A1%B3U%3F%CF%B4%1B%B0%85%A4%24x%11m/newface/%04%82%02%AA%03%B2%08%85%B9%90%E0%800%99%AF%9A%27gac%90%93%B8j%DD%0E%22%25%04X%213m%D9%DA%E6%21eh%F2%23%B5%A1%19%11%81%BDE%BE%99%94QIb%F9%80%B7g%DFht%F9%1D%12JI%0D%22A%94l%97%9B2D3%7B%06%8AuPMd%9A%E2%8Ak%F7%0BU%1C%FA%D1P%21xk%15%E1e%60%F8%BC%5D%06%94k%8C%88%04%AA%E8%7F%BC%20JdH%27s%DD%DD7%F5%60b%F1%DC%AF%F1%BA%5E%83n%5E%25%00%00%F2%00%01%A2%03%E2%02%85%3F%CEUL%08m2%E5%A6%28%3Ew%CDb%836%8B%D9z%DA%5B%02%D776-%A5s%B2%09%84%40%00%02%BA%B5%057%D44%EA%E6%00%01%E2%01%DA%0A%950%81%9F0%0D%06%09%2A%86H%86%F7%0D%01%01%01%05%00%03%81%8D%000%81%89%02%81%81%00%C0%FB%16%1F%A6%9A%5E%A0%2A%D2%80%DA%8E%D9f%C1%85r%83t%A6%28P6%CC%20O%60%D9Pi%87%F3%F6%D7%8C%F8F%BFw%3C%08%10%FF%D8%02%3E%1B%03E%0B%24%D5T%3F%21T%FC%8Fl%5C%07%22%60o%AA%AF%8E%1E6%9A%7DvVbs%2C%BCrW-Z%0F%F1%9F%CA%DA%B3%E0%06%E9%81%F7-%01%16%D5%7D%DF%D4%21E%2F%B0%C1%A7%27%AF%C2%0C%B6%C3%EC%1C%BF%5D%82T%A5%DEa%C4%14%401%10%C6%23%02%03%01%00%01%00%00%00%01%9A%06%AD%05%82%04%CA%BEnewface%00%03%E2%02%85%D7%C0.%E6%A2%06%2B%91%AF8hE%F6%C9U%84%F7%7D%A1%B3U%3F%CF%B4%1B%B0%85%A4%24x%11m%00%04%D2%8E0%00%04%DA%9617%00%04%E2%EE192.168.122.2%00%04%EA%A66001%00%03%D2%D62147483647%00%00%00%00 (986 bytes)
1400718158.688855 ccnd[661]: debug.4109 content_from 0 ccnx:/ccnx/%D7%C0.%E6%A2%06%2B%91%AF8hE%F6%C9U%84%F7%7D%A1%B3U%3F%CF%B4%1B%B0%85%A4%24x%11m/newface/%04%82%02%AA%03%B2%08%85%B9%90%E0%800%99%AF%9A%27gac%90%93%B8j%DD%0E%22%25%04X%213m%D9%DA%E6%21eh%F2%23%B5%A1%19%11%81%BDE%BE%99%94QIb%F9%80%B7g%DFht%F9%1D%12JI%0D%22A%94l%97%9B2D3%7B%06%8AuPMd%9A%E2%8Ak%F7%0BU%1C%FA%D1P%21xk%15%E1e%60%F8%BC%5D%06%94k%8C%88%04%AA%E8%7F%BC%20JdH%27s%DD%DD7%F5%60b%F1%DC%AF%F1%BA%5E%83n%5E%25%00%00%F2%00%01%A2%03%E2%02%85%3F%CEUL%08m2%E5%A6%28%3Ew%CDb%836%8B%D9z%DA%5B%02%D776-%A5s%B2%09%84%40%00%02%BA%B5%057%D44%EA%E6%00%01%E2%01%DA%0A%950%81%9F0%0D%06%09%2A%86H%86%F7%0D%01%01%01%05%00%03%81%8D%000%81%89%02%81%81%00%C0%FB%16%1F%A6%9A%5E%A0%2A%D2%80%DA%8E%D9f%C1%85r%83t%A6%28P6%CC%20O%60%D9Pi%87%F3%F6%D7%8C%F8F%BFw%3C%08%10%FF%D8%02%3E%1B%03E%0B%24%D5T%3F%21T%FC%8Fl%5C%07%22%60o%AA%AF%8E%1E6%9A%7DvVbs%2C%BCrW-Z%0F%F1%9F%CA%DA%B3%E0%06%E9%81%F7-%01%16%D5%7D%DF%D4%21E%2F%B0%C1%A7%27%AF%C2%0C%B6%C3%EC%1C%BF%5D%82T%A5%DEa%C4%14%401%10%C6%23%02%03%01%00%01%00%00%00%01%9A%06%AD%05%82%04%CA%BEnewface%00%03%E2%02%85%D7%C0.%E6%A2%06%2B%91%AF8hE%F6%C9U%84%F7%7D%A1%B3U%3F%CF%B4%1B%B0%85%A4%24x%11m%00%04%D2%8E0%00%04%DA%9617%00%04%E2%EE192.168.122.2%00%04%EA%A66001%00%03%D2%D62147483647%00%00%00%00/Rd%27%9BA%A4%EB%AB%5B%C9n%9C%8A75%D9%5E%BC%8D%1Ao_%B0e%A9%C8%05%15%F6%BCN%81 (1022 bytes)
1400718158.688892 ccnd[661]: fwd.3059 adding 0
1400718158.688910 ccnd[661]: face 8 q 0 delay 3 usec
1400718158.000000 ccnd[661]: 6001 ____________________ Thu May 22 00:22:38 2014
1400718158.689029 ccnd[661]: debug.1526 consume 8 ccnx:/ccnx/%D7%C0.%E6%A2%06%2B%91%AF8hE%F6%C9U%84%F7%7D%A1%B3U%3F%CF%B4%1B%B0%85%A4%24x%11m/newface/%04%82%02%AA%03%B2%08%85%B9%90%E0%800%99%AF%9A%27gac%90%93%B8j%DD%0E%22%25%04X%213m%D9%DA%E6%21eh%F2%23%B5%A1%19%11%81%BDE%BE%99%94QIb%F9%80%B7g%DFht%F9%1D%12JI%0D%22A%94l%97%9B2D3%7B%06%8AuPMd%9A%E2%8Ak%F7%0BU%1C%FA%D1P%21xk%15%E1e%60%F8%BC%5D%06%94k%8C%88%04%AA%E8%7F%BC%20JdH%27s%DD%DD7%F5%60b%F1%DC%AF%F1%BA%5E%83n%5E%25%00%00%F2%00%01%A2%03%E2%02%85%3F%CEUL%08m2%E5%A6%28%3Ew%CDb%836%8B%D9z%DA%5B%02%D776-%A5s%B2%09%84%40%00%02%BA%B5%057%D44%EA%E6%00%01%E2%01%DA%0A%950%81%9F0%0D%06%09%2A%86H%86%F7%0D%01%01%01%05%00%03%81%8D%000%81%89%02%81%81%00%C0%FB%16%1F%A6%9A%5E%A0%2A%D2%80%DA%8E%D9f%C1%85r%83t%A6%28P6%CC%20O%60%D9Pi%87%F3%F6%D7%8C%F8F%BFw%3C%08%10%FF%D8%02%3E%1B%03E%0B%24%D5T%3F%21T%FC%8Fl%5C%07%22%60o%AA%AF%8E%1E6%9A%7DvVbs%2C%BCrW-Z%0F%F1%9F%CA%DA%B3%E0%06%E9%81%F7-%01%16%D5%7D%DF%D4%21E%2F%B0%C1%A7%27%AF%C2%0C%B6%C3%EC%1C%BF%5D%82T%A5%DEa%C4%14%401%10%C6%23%02%03%01%00%01%00%00%00%01%9A%06%AD%05%82%04%CA%BEnewface%00%03%E2%02%85%D7%C0.%E6%A2%06%2B%91%AF8hE%F6%C9U%84%F7%7D%A1%B3U%3F%CF%B4%1B%B0%85%A4%24x%11m%00%04%D2%8E0%00%04%DA%9617%00%04%E2%EE192.168.122.2%00%04%EA%A66001%00%03%D2%D62147483647%00%00%00%00 (550 bytes,scope=1) D7C02E-0295-0008-4EAD-9AF43A
1400718158.689053 ccnd[661]: sl.1598 0 ci=4 osrc=4294967295 src=0 usec=10808
1400718158.689065 ccnd[661]: fwd.3059 adding 0
1400718158.689075 ccnd[661]: sl.1598 0 ci=3 osrc=4294967295 src=0 usec=10808
1400718158.689197 ccnd[661]: debug.1268 content_to 8 ccnx:/ccnx/%D7%C0.%E6%A2%06%2B%91%AF8hE%F6%C9U%84%F7%7D%A1%B3U%3F%CF%B4%1B%B0%85%A4%24x%11m/newface/%04%82%02%AA%03%B2%08%85%B9%90%E0%800%99%AF%9A%27gac%90%93%B8j%DD%0E%22%25%04X%213m%D9%DA%E6%21eh%F2%23%B5%A1%19%11%81%BDE%BE%99%94QIb%F9%80%B7g%DFht%F9%1D%12JI%0D%22A%94l%97%9B2D3%7B%06%8AuPMd%9A%E2%8Ak%F7%0BU%1C%FA%D1P%21xk%15%E1e%60%F8%BC%5D%06%94k%8C%88%04%AA%E8%7F%BC%20JdH%27s%DD%DD7%F5%60b%F1%DC%AF%F1%BA%5E%83n%5E%25%00%00%F2%00%01%A2%03%E2%02%85%3F%CEUL%08m2%E5%A6%28%3Ew%CDb%836%8B%D9z%DA%5B%02%D776-%A5s%B2%09%84%40%00%02%BA%B5%057%D44%EA%E6%00%01%E2%01%DA%0A%950%81%9F0%0D%06%09%2A%86H%86%F7%0D%01%01%01%05%00%03%81%8D%000%81%89%02%81%81%00%C0%FB%16%1F%A6%9A%5E%A0%2A%D2%80%DA%8E%D9f%C1%85r%83t%A6%28P6%CC%20O%60%D9Pi%87%F3%F6%D7%8C%F8F%BFw%3C%08%10%FF%D8%02%3E%1B%03E%0B%24%D5T%3F%21T%FC%8Fl%5C%07%22%60o%AA%AF%8E%1E6%9A%7DvVbs%2C%BCrW-Z%0F%F1%9F%CA%DA%B3%E0%06%E9%81%F7-%01%16%D5%7D%DF%D4%21E%2F%B0%C1%A7%27%AF%C2%0C%B6%C3%EC%1C%BF%5D%82T%A5%DEa%C4%14%401%10%C6%23%02%03%01%00%01%00%00%00%01%9A%06%AD%05%82%04%CA%BEnewface%00%03%E2%02%85%D7%C0.%E6%A2%06%2B%91%AF8hE%F6%C9U%84%F7%7D%A1%B3U%3F%CF%B4%1B%B0%85%A4%24x%11m%00%04%D2%8E0%00%04%DA%9617%00%04%E2%EE192.168.122.2%00%04%EA%A66001%00%03%D2%D62147483647%00%00%00%00/Rd%27%9BA%A4%EB%AB%5B%C9n%9C%8A75%D9%5E%BC%8D%1Ao_%B0e%A9%C8%05%15%F6%BCN%81 (1022 bytes)
1400718158.690318 ccnd[661]: debug.3807 interest_from 8 ccnx:/ccnx/%D7%C0.%E6%A2%06%2B%91%AF8hE%F6%C9U%84%F7%7D%A1%B3U%3F%CF%B4%1B%B0%85%A4%24x%11m/prefixreg/%04%82%02%AA%03%B2%08%85%B2%1C%5DM%8E%9E%F5%1E%ED%1D%AC%01%F5%24%CC%05%A6%D9%0F%8A%D9%09%5B%DA%DF%A3%7D%F8h1%BF%A1%E4l9%D1%00~%CE%C0%D4m%E0%CCA%40%03%92%0B%F1HS%BF%F9%243C%2B%92%C48%07%2C%8F%D7%F4%3De%85%06d%5BA%96%25%21%F3%C29%2FOn%CAR%D4S-%12%02%E3%01%E7%92%3F%A4M%D9%BC%26%9E%C05%AD1%B4%99p%FD%1C%F5%E47%E9%0C%A6%EEUQY%1C%8Aoj%A0%9D%E2%87o%00%00%F2%00%01%A2%03%E2%02%85%3F%CEUL%08m2%E5%A6%28%3Ew%CDb%836%8B%D9z%DA%5B%02%D776-%A5s%B2%09%84%40%00%02%BA%B5%057%D44%EB%08%00%01%E2%01%DA%0A%950%81%9F0%0D%06%09%2A%86H%86%F7%0D%01%01%01%05%00%03%81%8D%000%81%89%02%81%81%00%C0%FB%16%1F%A6%9A%5E%A0%2A%D2%80%DA%8E%D9f%C1%85r%83t%A6%28P6%CC%20O%60%D9Pi%87%F3%F6%D7%8C%F8F%BFw%3C%08%10%FF%D8%02%3E%1B%03E%0B%24%D5T%3F%21T%FC%8Fl%5C%07%22%60o%AA%AF%8E%1E6%9A%7DvVbs%2C%BCrW-Z%0F%F1%9F%CA%DA%B3%E0%06%E9%81%F7-%01%16%D5%7D%DF%D4%21E%2F%B0%C1%A7%27%AF%C2%0C%B6%C3%EC%1C%BF%5D%82T%A5%DEa%C4%14%401%10%C6%23%02%03%01%00%01%00%00%00%01%9A%04%D5%05%8A%04%CA%CEprefixreg%00%F2%00%03%E2%02%85%D7%C0.%E6%A2%06%2B%91%AF8hE%F6%C9U%84%F7%7D%A1%B3U%3F%CF%B4%1B%B0%85%A4%24x%11m%00%04%D2%8E7%00%03%D2%D62147483647%00%00%00%00 (509 bytes,scope=1)
1400718158.690334 ccnd[661]: version: 20090701, prefix_comps: 4, min_suffix_comps: 0, max_suffix_comps: 32767, orderpref: 0, answerfrom: 3, scope: 1, lifetime: 4.0000, excl: 0 bytes, etc: 0 bytes
1400718158.690377 ccnd[661]: debug.3856 first_candidate ccnx:/test/1/%FD%057%D44%C0%04/%00/ss%A7%11%B7j%88%DA%5C%CDq%FB%A7%B6%B8%1A%9D%60%9E%1C%92%B5%CB%3E%D5v%80%A6%F0%A8U%8B (433 bytes)
1400718158.690488 ccnd[661]: debug.3863 prefix_mismatch ccnx:/ccnx/%D7%C0.%E6%A2%06%2B%91%AF8hE%F6%C9U%84%F7%7D%A1%B3U%3F%CF%B4%1B%B0%85%A4%24x%11m/prefixreg/%04%82%02%AA%03%B2%08%85%B2%1C%5DM%8E%9E%F5%1E%ED%1D%AC%01%F5%24%CC%05%A6%D9%0F%8A%D9%09%5B%DA%DF%A3%7D%F8h1%BF%A1%E4l9%D1%00~%CE%C0%D4m%E0%CCA%40%03%92%0B%F1HS%BF%F9%243C%2B%92%C48%07%2C%8F%D7%F4%3De%85%06d%5BA%96%25%21%F3%C29%2FOn%CAR%D4S-%12%02%E3%01%E7%92%3F%A4M%D9%BC%26%9E%C05%AD1%B4%99p%FD%1C%F5%E47%E9%0C%A6%EEUQY%1C%8Aoj%A0%9D%E2%87o%00%00%F2%00%01%A2%03%E2%02%85%3F%CEUL%08m2%E5%A6%28%3Ew%CDb%836%8B%D9z%DA%5B%02%D776-%A5s%B2%09%84%40%00%02%BA%B5%057%D44%EB%08%00%01%E2%01%DA%0A%950%81%9F0%0D%06%09%2A%86H%86%F7%0D%01%01%01%05%00%03%81%8D%000%81%89%02%81%81%00%C0%FB%16%1F%A6%9A%5E%A0%2A%D2%80%DA%8E%D9f%C1%85r%83t%A6%28P6%CC%20O%60%D9Pi%87%F3%F6%D7%8C%F8F%BFw%3C%08%10%FF%D8%02%3E%1B%03E%0B%24%D5T%3F%21T%FC%8Fl%5C%07%22%60o%AA%AF%8E%1E6%9A%7DvVbs%2C%BCrW-Z%0F%F1%9F%CA%DA%B3%E0%06%E9%81%F7-%01%16%D5%7D%DF%D4%21E%2F%B0%C1%A7%27%AF%C2%0C%B6%C3%EC%1C%BF%5D%82T%A5%DEa%C4%14%401%10%C6%23%02%03%01%00%01%00%00%00%01%9A%04%D5%05%8A%04%CA%CEprefixreg%00%F2%00%03%E2%02%85%D7%C0.%E6%A2%06%2B%91%AF8hE%F6%C9U%84%F7%7D%A1%B3U%3F%CF%B4%1B%B0%85%A4%24x%11m%00%04%D2%8E7%00%03%D2%D62147483647%00%00%00%00 (509 bytes,scope=1)
1400718158.690512 ccnd[661]: outbound.3131 adding 0
1400718158.690632 ccnd[661]: debug.3523 0x804d80.0of1,usec=723+3999277 8 ccnx:/ccnx/%D7%C0.%E6%A2%06%2B%91%AF8hE%F6%C9U%84%F7%7D%A1%B3U%3F%CF%B4%1B%B0%85%A4%24x%11m/prefixreg/%04%82%02%AA%03%B2%08%85%B2%1C%5DM%8E%9E%F5%1E%ED%1D%AC%01%F5%24%CC%05%A6%D9%0F%8A%D9%09%5B%DA%DF%A3%7D%F8h1%BF%A1%E4l9%D1%00~%CE%C0%D4m%E0%CCA%40%03%92%0B%F1HS%BF%F9%243C%2B%92%C48%07%2C%8F%D7%F4%3De%85%06d%5BA%96%25%21%F3%C29%2FOn%CAR%D4S-%12%02%E3%01%E7%92%3F%A4M%D9%BC%26%9E%C05%AD1%B4%99p%FD%1C%F5%E47%E9%0C%A6%EEUQY%1C%8Aoj%A0%9D%E2%87o%00%00%F2%00%01%A2%03%E2%02%85%3F%CEUL%08m2%E5%A6%28%3Ew%CDb%836%8B%D9z%DA%5B%02%D776-%A5s%B2%09%84%40%00%02%BA%B5%057%D44%EB%08%00%01%E2%01%DA%0A%950%81%9F0%0D%06%09%2A%86H%86%F7%0D%01%01%01%05%00%03%81%8D%000%81%89%02%81%81%00%C0%FB%16%1F%A6%9A%5E%A0%2A%D2%80%DA%8E%D9f%C1%85r%83t%A6%28P6%CC%20O%60%D9Pi%87%F3%F6%D7%8C%F8F%BFw%3C%08%10%FF%D8%02%3E%1B%03E%0B%24%D5T%3F%21T%FC%8Fl%5C%07%22%60o%AA%AF%8E%1E6%9A%7DvVbs%2C%BCrW-Z%0F%F1%9F%CA%DA%B3%E0%06%E9%81%F7-%01%16%D5%7D%DF%D4%21E%2F%B0%C1%A7%27%AF%C2%0C%B6%C3%EC%1C%BF%5D%82T%A5%DEa%C4%14%401%10%C6%23%02%03%01%00%01%00%00%00%01%9A%04%D5%05%8A%04%CA%CEprefixreg%00%F2%00%03%E2%02%85%D7%C0.%E6%A2%06%2B%91%AF8hE%F6%C9U%84%F7%7D%A1%B3U%3F%CF%B4%1B%B0%85%A4%24x%11m%00%04%D2%8E7%00%03%D2%D62147483647%00%00%00%00 (525 bytes,scope=1) D7C02E-0295-0008-4EB0-A48418
1400718158.691920 ccnd[661]: debug.3210 interest_to 0 ccnx:/ccnx/%D7%C0.%E6%A2%06%2B%91%AF8hE%F6%C9U%84%F7%7D%A1%B3U%3F%CF%B4%1B%B0%85%A4%24x%11m/prefixreg/%04%82%02%AA%03%B2%08%85%B2%1C%5DM%8E%9E%F5%1E%ED%1D%AC%01%F5%24%CC%05%A6%D9%0F%8A%D9%09%5B%DA%DF%A3%7D%F8h1%BF%A1%E4l9%D1%00~%CE%C0%D4m%E0%CCA%40%03%92%0B%F1HS%BF%F9%243C%2B%92%C48%07%2C%8F%D7%F4%3De%85%06d%5BA%96%25%21%F3%C29%2FOn%CAR%D4S-%12%02%E3%01%E7%92%3F%A4M%D9%BC%26%9E%C05%AD1%B4%99p%FD%1C%F5%E47%E9%0C%A6%EEUQY%1C%8Aoj%A0%9D%E2%87o%00%00%F2%00%01%A2%03%E2%02%85%3F%CEUL%08m2%E5%A6%28%3Ew%CDb%836%8B%D9z%DA%5B%02%D776-%A5s%B2%09%84%40%00%02%BA%B5%057%D44%EB%08%00%01%E2%01%DA%0A%950%81%9F0%0D%06%09%2A%86H%86%F7%0D%01%01%01%05%00%03%81%8D%000%81%89%02%81%81%00%C0%FB%16%1F%A6%9A%5E%A0%2A%D2%80%DA%8E%D9f%C1%85r%83t%A6%28P6%CC%20O%60%D9Pi%87%F3%F6%D7%8C%F8F%BFw%3C%08%10%FF%D8%02%3E%1B%03E%0B%24%D5T%3F%21T%FC%8Fl%5C%07%22%60o%AA%AF%8E%1E6%9A%7DvVbs%2C%BCrW-Z%0F%F1%9F%CA%DA%B3%E0%06%E9%81%F7-%01%16%D5%7D%DF%D4%21E%2F%B0%C1%A7%27%AF%C2%0C%B6%C3%EC%1C%BF%5D%82T%A5%DEa%C4%14%401%10%C6%23%02%03%01%00%01%00%00%00%01%9A%04%D5%05%8A%04%CA%CEprefixreg%00%F2%00%03%E2%02%85%D7%C0.%E6%A2%06%2B%91%AF8hE%F6%C9U%84%F7%7D%A1%B3U%3F%CF%B4%1B%B0%85%A4%24x%11m%00%04%D2%8E7%00%03%D2%D62147483647%00%00%00%00 (525 bytes,scope=1) D7C02E-0295-0008-4EB0-A48418
1400718158.692045 ccnd[661]: debug.158 ccnd_answer_req ccnx:/ccnx/%D7%C0.%E6%A2%06%2B%91%AF8hE%F6%C9U%84%F7%7D%A1%B3U%3F%CF%B4%1B%B0%85%A4%24x%11m/prefixreg/%04%82%02%AA%03%B2%08%85%B2%1C%5DM%8E%9E%F5%1E%ED%1D%AC%01%F5%24%CC%05%A6%D9%0F%8A%D9%09%5B%DA%DF%A3%7D%F8h1%BF%A1%E4l9%D1%00~%CE%C0%D4m%E0%CCA%40%03%92%0B%F1HS%BF%F9%243C%2B%92%C48%07%2C%8F%D7%F4%3De%85%06d%5BA%96%25%21%F3%C29%2FOn%CAR%D4S-%12%02%E3%01%E7%92%3F%A4M%D9%BC%26%9E%C05%AD1%B4%99p%FD%1C%F5%E47%E9%0C%A6%EEUQY%1C%8Aoj%A0%9D%E2%87o%00%00%F2%00%01%A2%03%E2%02%85%3F%CEUL%08m2%E5%A6%28%3Ew%CDb%836%8B%D9z%DA%5B%02%D776-%A5s%B2%09%84%40%00%02%BA%B5%057%D44%EB%08%00%01%E2%01%DA%0A%950%81%9F0%0D%06%09%2A%86H%86%F7%0D%01%01%01%05%00%03%81%8D%000%81%89%02%81%81%00%C0%FB%16%1F%A6%9A%5E%A0%2A%D2%80%DA%8E%D9f%C1%85r%83t%A6%28P6%CC%20O%60%D9Pi%87%F3%F6%D7%8C%F8F%BFw%3C%08%10%FF%D8%02%3E%1B%03E%0B%24%D5T%3F%21T%FC%8Fl%5C%07%22%60o%AA%AF%8E%1E6%9A%7DvVbs%2C%BCrW-Z%0F%F1%9F%CA%DA%B3%E0%06%E9%81%F7-%01%16%D5%7D%DF%D4%21E%2F%B0%C1%A7%27%AF%C2%0C%B6%C3%EC%1C%BF%5D%82T%A5%DEa%C4%14%401%10%C6%23%02%03%01%00%01%00%00%00%01%9A%04%D5%05%8A%04%CA%CEprefixreg%00%F2%00%03%E2%02%85%D7%C0.%E6%A2%06%2B%91%AF8hE%F6%C9U%84%F7%7D%A1%B3U%3F%CF%B4%1B%B0%85%A4%24x%11m%00%04%D2%8E7%00%03%D2%D62147483647%00%00%00%00 (525 bytes,scope=1) D7C02E-0295-0008-4EB0-A48418
1400718158.692137 ccnd[661]: debug.2428 prefix,ff=3 7 ccnx:/ (2 bytes)
1400718158.693082 ccnd[661]: debug.280 ccnd_answer_req_response ccnx:/ccnx/%D7%C0.%E6%A2%06%2B%91%AF8hE%F6%C9U%84%F7%7D%A1%B3U%3F%CF%B4%1B%B0%85%A4%24x%11m/prefixreg/%04%82%02%AA%03%B2%08%85%B2%1C%5DM%8E%9E%F5%1E%ED%1D%AC%01%F5%24%CC%05%A6%D9%0F%8A%D9%09%5B%DA%DF%A3%7D%F8h1%BF%A1%E4l9%D1%00~%CE%C0%D4m%E0%CCA%40%03%92%0B%F1HS%BF%F9%243C%2B%92%C48%07%2C%8F%D7%F4%3De%85%06d%5BA%96%25%21%F3%C29%2FOn%CAR%D4S-%12%02%E3%01%E7%92%3F%A4M%D9%BC%26%9E%C05%AD1%B4%99p%FD%1C%F5%E47%E9%0C%A6%EEUQY%1C%8Aoj%A0%9D%E2%87o%00%00%F2%00%01%A2%03%E2%02%85%3F%CEUL%08m2%E5%A6%28%3Ew%CDb%836%8B%D9z%DA%5B%02%D776-%A5s%B2%09%84%40%00%02%BA%B5%057%D44%EB%08%00%01%E2%01%DA%0A%950%81%9F0%0D%06%09%2A%86H%86%F7%0D%01%01%01%05%00%03%81%8D%000%81%89%02%81%81%00%C0%FB%16%1F%A6%9A%5E%A0%2A%D2%80%DA%8E%D9f%C1%85r%83t%A6%28P6%CC%20O%60%D9Pi%87%F3%F6%D7%8C%F8F%BFw%3C%08%10%FF%D8%02%3E%1B%03E%0B%24%D5T%3F%21T%FC%8Fl%5C%07%22%60o%AA%AF%8E%1E6%9A%7DvVbs%2C%BCrW-Z%0F%F1%9F%CA%DA%B3%E0%06%E9%81%F7-%01%16%D5%7D%DF%D4%21E%2F%B0%C1%A7%27%AF%C2%0C%B6%C3%EC%1C%BF%5D%82T%A5%DEa%C4%14%401%10%C6%23%02%03%01%00%01%00%00%00%01%9A%04%D5%05%8A%04%CA%CEprefixreg%00%F2%00%03%E2%02%85%D7%C0.%E6%A2%06%2B%91%AF8hE%F6%C9U%84%F7%7D%A1%B3U%3F%CF%B4%1B%B0%85%A4%24x%11m%00%04%D2%8E7%00%03%D2%D62147483647%00%00%00%00 (941 bytes)
1400718158.693243 ccnd[661]: debug.4109 content_from 0 ccnx:/ccnx/%D7%C0.%E6%A2%06%2B%91%AF8hE%F6%C9U%84%F7%7D%A1%B3U%3F%CF%B4%1B%B0%85%A4%24x%11m/prefixreg/%04%82%02%AA%03%B2%08%85%B2%1C%5DM%8E%9E%F5%1E%ED%1D%AC%01%F5%24%CC%05%A6%D9%0F%8A%D9%09%5B%DA%DF%A3%7D%F8h1%BF%A1%E4l9%D1%00~%CE%C0%D4m%E0%CCA%40%03%92%0B%F1HS%BF%F9%243C%2B%92%C48%07%2C%8F%D7%F4%3De%85%06d%5BA%96%25%21%F3%C29%2FOn%CAR%D4S-%12%02%E3%01%E7%92%3F%A4M%D9%BC%26%9E%C05%AD1%B4%99p%FD%1C%F5%E47%E9%0C%A6%EEUQY%1C%8Aoj%A0%9D%E2%87o%00%00%F2%00%01%A2%03%E2%02%85%3F%CEUL%08m2%E5%A6%28%3Ew%CDb%836%8B%D9z%DA%5B%02%D776-%A5s%B2%09%84%40%00%02%BA%B5%057%D44%EB%08%00%01%E2%01%DA%0A%950%81%9F0%0D%06%09%2A%86H%86%F7%0D%01%01%01%05%00%03%81%8D%000%81%89%02%81%81%00%C0%FB%16%1F%A6%9A%5E%A0%2A%D2%80%DA%8E%D9f%C1%85r%83t%A6%28P6%CC%20O%60%D9Pi%87%F3%F6%D7%8C%F8F%BFw%3C%08%10%FF%D8%02%3E%1B%03E%0B%24%D5T%3F%21T%FC%8Fl%5C%07%22%60o%AA%AF%8E%1E6%9A%7DvVbs%2C%BCrW-Z%0F%F1%9F%CA%DA%B3%E0%06%E9%81%F7-%01%16%D5%7D%DF%D4%21E%2F%B0%C1%A7%27%AF%C2%0C%B6%C3%EC%1C%BF%5D%82T%A5%DEa%C4%14%401%10%C6%23%02%03%01%00%01%00%00%00%01%9A%04%D5%05%8A%04%CA%CEprefixreg%00%F2%00%03%E2%02%85%D7%C0.%E6%A2%06%2B%91%AF8hE%F6%C9U%84%F7%7D%A1%B3U%3F%CF%B4%1B%B0%85%A4%24x%11m%00%04%D2%8E7%00%03%D2%D62147483647%00%00%00%00/5%0F%B9%BB%99%91mf%8DI%0E%A9%9B%D3%2C%BE%18d%82v%C4%7C%03%AE%1E%06%A3%A5CX%5CR (977 bytes)
1400718158.693283 ccnd[661]: fwd.3059 adding 0
1400718158.693295 ccnd[661]: fwd.3059 adding 7
1400718158.693311 ccnd[661]: face 8 q 0 delay 3 usec
1400718158.693434 ccnd[661]: debug.1526 consume 8 ccnx:/ccnx/%D7%C0.%E6%A2%06%2B%91%AF8hE%F6%C9U%84%F7%7D%A1%B3U%3F%CF%B4%1B%B0%85%A4%24x%11m/prefixreg/%04%82%02%AA%03%B2%08%85%B2%1C%5DM%8E%9E%F5%1E%ED%1D%AC%01%F5%24%CC%05%A6%D9%0F%8A%D9%09%5B%DA%DF%A3%7D%F8h1%BF%A1%E4l9%D1%00~%CE%C0%D4m%E0%CCA%40%03%92%0B%F1HS%BF%F9%243C%2B%92%C48%07%2C%8F%D7%F4%3De%85%06d%5BA%96%25%21%F3%C29%2FOn%CAR%D4S-%12%02%E3%01%E7%92%3F%A4M%D9%BC%26%9E%C05%AD1%B4%99p%FD%1C%F5%E47%E9%0C%A6%EEUQY%1C%8Aoj%A0%9D%E2%87o%00%00%F2%00%01%A2%03%E2%02%85%3F%CEUL%08m2%E5%A6%28%3Ew%CDb%836%8B%D9z%DA%5B%02%D776-%A5s%B2%09%84%40%00%02%BA%B5%057%D44%EB%08%00%01%E2%01%DA%0A%950%81%9F0%0D%06%09%2A%86H%86%F7%0D%01%01%01%05%00%03%81%8D%000%81%89%02%81%81%00%C0%FB%16%1F%A6%9A%5E%A0%2A%D2%80%DA%8E%D9f%C1%85r%83t%A6%28P6%CC%20O%60%D9Pi%87%F3%F6%D7%8C%F8F%BFw%3C%08%10%FF%D8%02%3E%1B%03E%0B%24%D5T%3F%21T%FC%8Fl%5C%07%22%60o%AA%AF%8E%1E6%9A%7DvVbs%2C%BCrW-Z%0F%F1%9F%CA%DA%B3%E0%06%E9%81%F7-%01%16%D5%7D%DF%D4%21E%2F%B0%C1%A7%27%AF%C2%0C%B6%C3%EC%1C%BF%5D%82T%A5%DEa%C4%14%401%10%C6%23%02%03%01%00%01%00%00%00%01%9A%04%D5%05%8A%04%CA%CEprefixreg%00%F2%00%03%E2%02%85%D7%C0.%E6%A2%06%2B%91%AF8hE%F6%C9U%84%F7%7D%A1%B3U%3F%CF%B4%1B%B0%85%A4%24x%11m%00%04%D2%8E7%00%03%D2%D62147483647%00%00%00%00 (525 bytes,scope=1) D7C02E-0295-0008-4EB0-A48418
1400718158.693448 ccnd[661]: sl.1598 0 ci=4 osrc=4294967295 src=0 usec=10808
1400718158.693468 ccnd[661]: fwd.3059 adding 0
1400718158.693479 ccnd[661]: fwd.3059 adding 7
1400718158.693489 ccnd[661]: sl.1598 0 ci=3 osrc=4294967295 src=0 usec=10808
1400718158.693500 ccnd[661]: fwd.3059 adding 0
1400718158.693510 ccnd[661]: fwd.3059 adding 7
1400718158.693520 ccnd[661]: fwd.3059 adding 7
1400718158.693531 ccnd[661]: fwd.3059 adding 7
1400718158.693706 ccnd[661]: debug.1268 content_to 8 ccnx:/ccnx/%D7%C0.%E6%A2%06%2B%91%AF8hE%F6%C9U%84%F7%7D%A1%B3U%3F%CF%B4%1B%B0%85%A4%24x%11m/prefixreg/%04%82%02%AA%03%B2%08%85%B2%1C%5DM%8E%9E%F5%1E%ED%1D%AC%01%F5%24%CC%05%A6%D9%0F%8A%D9%09%5B%DA%DF%A3%7D%F8h1%BF%A1%E4l9%D1%00~%CE%C0%D4m%E0%CCA%40%03%92%0B%F1HS%BF%F9%243C%2B%92%C48%07%2C%8F%D7%F4%3De%85%06d%5BA%96%25%21%F3%C29%2FOn%CAR%D4S-%12%02%E3%01%E7%92%3F%A4M%D9%BC%26%9E%C05%AD1%B4%99p%FD%1C%F5%E47%E9%0C%A6%EEUQY%1C%8Aoj%A0%9D%E2%87o%00%00%F2%00%01%A2%03%E2%02%85%3F%CEUL%08m2%E5%A6%28%3Ew%CDb%836%8B%D9z%DA%5B%02%D776-%A5s%B2%09%84%40%00%02%BA%B5%057%D44%EB%08%00%01%E2%01%DA%0A%950%81%9F0%0D%06%09%2A%86H%86%F7%0D%01%01%01%05%00%03%81%8D%000%81%89%02%81%81%00%C0%FB%16%1F%A6%9A%5E%A0%2A%D2%80%DA%8E%D9f%C1%85r%83t%A6%28P6%CC%20O%60%D9Pi%87%F3%F6%D7%8C%F8F%BFw%3C%08%10%FF%D8%02%3E%1B%03E%0B%24%D5T%3F%21T%FC%8Fl%5C%07%22%60o%AA%AF%8E%1E6%9A%7DvVbs%2C%BCrW-Z%0F%F1%9F%CA%DA%B3%E0%06%E9%81%F7-%01%16%D5%7D%DF%D4%21E%2F%B0%C1%A7%27%AF%C2%0C%B6%C3%EC%1C%BF%5D%82T%A5%DEa%C4%14%401%10%C6%23%02%03%01%00%01%00%00%00%01%9A%04%D5%05%8A%04%CA%CEprefixreg%00%F2%00%03%E2%02%85%D7%C0.%E6%A2%06%2B%91%AF8hE%F6%C9U%84%F7%7D%A1%B3U%3F%CF%B4%1B%B0%85%A4%24x%11m%00%04%D2%8E7%00%03%D2%D62147483647%00%00%00%00/5%0F%B9%BB%99%91mf%8DI%0E%A9%9B%D3%2C%BE%18d%82v%C4%7C%03%AE%1E%06%A3%A5CX%5CR (977 bytes)
1400718158.694343 ccnd[661]: shutdown client fd=9 id=8
1400718158.694381 ccnd[661]: releasing face id 8 (slot 8)
1400718162.035798 ccnd[661]: debug.3946 stale ccnx:/%C1.M.S.neighborhood/%C1.M.SRV/ccnd/KEY/%C1.M.K%00%D7%C0.%E6%A2%06%2B%91%AF8hE%F6%C9U%84%F7%7D%A1%B3U%3F%CF%B4%1B%B0%85%A4%24x%11m/%FD%057%D42x%B8/%00/L%95%0B%5D%BB%DE%0A%07%CC%F9%86ZW%CF%A5g%08%2A%20%25%19%99%06%18%A8%2A%A4cK%0C%23s (617 bytes)
1400718165.000000 ccnd[661]: 6001 ____________________ Thu May 22 00:22:45 2014
1400718165.028593 ccnd[661]: debug.3807 interest_from 7 ccnx:/test/1 (32 bytes) 6A536B-0285-0008-54A6-DA387B
1400718165.028625 ccnd[661]: version: 20090701, prefix_comps: 2, min_suffix_comps: 0, max_suffix_comps: 32767, orderpref: 0, answerfrom: 3, scope: -1, lifetime: 4.0000, excl: 0 bytes, etc: 0 bytes
1400718165.028664 ccnd[661]: debug.3856 first_candidate ccnx:/test/1/%FD%057%D44%C0%04/%00/ss%A7%11%B7j%88%DA%5C%CDq%FB%A7%B6%B8%1A%9D%60%9E%1C%92%B5%CB%3E%D5v%80%A6%F0%A8U%8B (433 bytes)
1400718165.028695 ccnd[661]: debug.3884 matches ccnx:/test/1/%FD%057%D44%C0%04/%00/ss%A7%11%B7j%88%DA%5C%CDq%FB%A7%B6%B8%1A%9D%60%9E%1C%92%B5%CB%3E%D5v%80%A6%F0%A8U%8B (433 bytes)
1400718165.028708 ccnd[661]: face 7 q 1 delay 801 usec
1400718165.028729 ccnd[661]: debug.3918 consume 7 ccnx:/test/1 (32 bytes) 6A536B-0285-0008-54A6-DA387B
1400718165.028740 ccnd[661]: fwd.3059 adding 6
1400718165.028750 ccnd[661]: fwd.3059 adding 7
1400718165.028761 ccnd[661]: fwd.3059 adding 7
1400718165.028771 ccnd[661]: fwd.3059 adding 7
1400718165.028794 ccnd[661]: debug.3807 interest_from 7 ccnx:/%C1.M.S.neighborhood/%C1.M.SRV/ccnd/KEY (55 bytes,scope=2)
1400718165.028804 ccnd[661]: version: 20090701, prefix_comps: 4, min_suffix_comps: 0, max_suffix_comps: 32767, orderpref: 0, answerfrom: 3, scope: 2, lifetime: 4.0000, excl: 0 bytes, etc: 0 bytes
1400718165.028857 ccnd[661]: debug.3856 first_candidate ccnx:/%C1.M.S.neighborhood/%C1.M.SRV/ccnd/KEY/%C1.M.K%00%D7%C0.%E6%A2%06%2B%91%AF8hE%F6%C9U%84%F7%7D%A1%B3U%3F%CF%B4%1B%B0%85%A4%24x%11m/%FD%057%D42x%B8/%00/L%95%0B%5D%BB%DE%0A%07%CC%F9%86ZW%CF%A5g%08%2A%20%25%19%99%06%18%A8%2A%A4cK%0C%23s (617 bytes)
1400718165.028869 ccnd[661]: fwd.3059 adding 0
1400718165.028879 ccnd[661]: fwd.3059 adding 7
1400718165.028889 ccnd[661]: outbound.3131 adding 0
1400718165.028919 ccnd[661]: debug.3523 0x808a70.0of1,usec=3211+3996789 7 ccnx:/%C1.M.S.neighborhood/%C1.M.SRV/ccnd/KEY (71 bytes,scope=2) D7C02E-0295-0007-5507-487B97
1400718165.030128 ccnd[661]: debug.1268 content_to 7 ccnx:/test/1/%FD%057%D44%C0%04/%00/ss%A7%11%B7j%88%DA%5C%CDq%FB%A7%B6%B8%1A%9D%60%9E%1C%92%B5%CB%3E%D5v%80%A6%F0%A8U%8B (433 bytes)
1400718165.033309 ccnd[661]: debug.3210 interest_to 0 ccnx:/%C1.M.S.neighborhood/%C1.M.SRV/ccnd/KEY (71 bytes,scope=2) D7C02E-0295-0007-5507-487B97
1400718165.033342 ccnd[661]: debug.158 ccnd_answer_req ccnx:/%C1.M.S.neighborhood/%C1.M.SRV/ccnd/KEY (71 bytes,scope=2) D7C02E-0295-0007-5507-487B97
1400718165.033419 ccnd[661]: debug.4109 content_from 0 ccnx:/%C1.M.S.neighborhood/%C1.M.SRV/ccnd/KEY/%C1.M.K%00%D7%C0.%E6%A2%06%2B%91%AF8hE%F6%C9U%84%F7%7D%A1%B3U%3F%CF%B4%1B%B0%85%A4%24x%11m/%FD%057%D42x%B8/%00/L%95%0B%5D%BB%DE%0A%07%CC%F9%86ZW%CF%A5g%08%2A%20%25%19%99%06%18%A8%2A%A4cK%0C%23s (617 bytes)
1400718165.033440 ccnd[661]: fwd.3059 adding 0
1400718165.033451 ccnd[661]: fwd.3059 adding 7
1400718165.033467 ccnd[661]: face 7 q 1 delay 834 usec
1400718165.033491 ccnd[661]: debug.1526 consume 7 ccnx:/%C1.M.S.neighborhood/%C1.M.SRV/ccnd/KEY (71 bytes,scope=2) D7C02E-0295-0007-5507-487B97
1400718165.033501 ccnd[661]: sl.1598 0 ci=4 osrc=0 src=0 usec=10808
1400718165.033512 ccnd[661]: fwd.3059 adding 0
1400718165.033522 ccnd[661]: fwd.3059 adding 7
1400718165.033532 ccnd[661]: sl.1598 0 ci=3 osrc=0 src=0 usec=10808
1400718165.033542 ccnd[661]: fwd.3059 adding 0
1400718165.033552 ccnd[661]: fwd.3059 adding 7
1400718165.034726 ccnd[661]: debug.1268 content_to 7 ccnx:/%C1.M.S.neighborhood/%C1.M.SRV/ccnd/KEY/%C1.M.K%00%D7%C0.%E6%A2%06%2B%91%AF8hE%F6%C9U%84%F7%7D%A1%B3U%3F%CF%B4%1B%B0%85%A4%24x%11m/%FD%057%D42x%B8/%00/L%95%0B%5D%BB%DE%0A%07%CC%F9%86ZW%CF%A5g%08%2A%20%25%19%99%06%18%A8%2A%A4cK%0C%23s (617 bytes)
1400718165.883916 ccnd[661]: debug.3946 stale ccnx:/ccnx/%D7%C0.%E6%A2%06%2B%91%AF8hE%F6%C9U%84%F7%7D%A1%B3U%3F%CF%B4%1B%B0%85%A4%24x%11m/selfreg/%04%82%02%AA%03%B2%08%85KB%270%BE%3F%B9%CC%9F%D6%26%1C%1BBUt%D9u%27B%20%98V%21%D0U%EA%84%ED%8B%27U%E8%2Bal%14%02%F7l%CE%96%19%E1%86%7D%9F%EC%0F%D0%D2%B4%3D%13TL%28g%08%97%99%2FO7%FFvy%AD%0E%8C%EDhT%DBnr%16%A0%25%D1vt%D3%CA%81%7C%91%FD%8A%D1%82%1BK%B9%1E%E6%85%D9%D9%A3%22o%DA%F4W%A3%99%F6%F6%BC%FD%A2R%3E%F3%C2%11%10%DB%0D%1C%83%09%25h%9F%A6%07%00%00%F2%00%01%A2%03%E2%02%85%3F%CEUL%08m2%E5%A6%28%3Ew%CDb%836%8B%D9z%DA%5B%02%D776-%A5s%B2%09%84%40%00%02%BA%B5%057%D44%BDq%00%01%E2%01%DA%0A%950%81%9F0%0D%06%09%2A%86H%86%F7%0D%01%01%01%05%00%03%81%8D%000%81%89%02%81%81%00%C0%FB%16%1F%A6%9A%5E%A0%2A%D2%80%DA%8E%D9f%C1%85r%83t%A6%28P6%CC%20O%60%D9Pi%87%F3%F6%D7%8C%F8F%BFw%3C%08%10%FF%D8%02%3E%1B%03E%0B%24%D5T%3F%21T%FC%8Fl%5C%07%22%60o%AA%AF%8E%1E6%9A%7DvVbs%2C%BCrW-Z%0F%F1%9F%CA%DA%B3%E0%06%E9%81%F7-%01%16%D5%7D%DF%D4%21E%2F%B0%C1%A7%27%AF%C2%0C%B6%C3%EC%1C%BF%5D%82T%A5%DEa%C4%14%401%10%C6%23%02%03%01%00%01%00%00%00%01%9A%09%ED%05%8A%04%CA%BEselfreg%00%F2%FA%C5ccnx.org%00%FA%ADUsers%00%FA%A5user%00%FA%A5Keys%00%FA%02%B5%C1.M.K%00%3F%CEUL%08m2%E5%A6%28%3Ew%CDb%836%8B%D9z%DA%5B%02%D776-%A5s%B2%09%84%40%00%FA%BD%FD%04%FB%C93%60%00%00%00%03%E2%02%85%D7%C0.%E6%A2%06%2B%91%AF8hE%F6%C9U%84%F7%7D%A1%B3U%3F%CF%B4%1B%B0%85%A4%24x%11m%00%04%FA%8E3%00%03%D2%D62147483647%00%00%00%00/O%15%06%CA%D6%40%EA%8C%009%84%5D%7D%84D%DFS%B0%7B%BF%86s%9F%E2%CB%B5%20%E2%E3%3E%F1%A1 (1139 bytes)
1400718166.000000 ccnd[661]: 6001 ____________________ Thu May 22 00:22:46 2014
1400718166.000262 ccnd[661]: debug.3946 stale ccnx:/ccnx/%D7%C0.%E6%A2%06%2B%91%AF8hE%F6%C9U%84%F7%7D%A1%B3U%3F%CF%B4%1B%B0%85%A4%24x%11m/selfreg/%04%82%02%AA%03%B2%08%85%90%AD%D8%DC%3F%87%82%C8%81%B6%C7%264%25%A4%C4%16%F8%B8%2F%3Fe%0D%81%80%1CH%1DE%1A%C1%5C%14%97%AF%92%89%2B%04%27%2B%86%26%91%0D%80%EF%AA%98%DA%06%FF%22vg%F1%FE%88%26%A5f%CF%1C%821%DE%CE%B9%95%E5r%04%FB%0F%28%B57%F9%89%11%BE%88%871%21Ys%F7%DD%C6w%BC%0E%28%E1%F1%A98P%D0%02%0F%C8%EA%058%94%A5%9A%0E%CF%EE%7F%C4%3B%0A%C5%8E%F31C%D0%94A%C0y%F0%5D%00%00%F2%00%01%A2%03%E2%02%85%3F%CEUL%08m2%E5%A6%28%3Ew%CDb%836%8B%D9z%DA%5B%02%D776-%A5s%B2%09%84%40%00%02%BA%B5%057%D44%BFy%00%01%E2%01%DA%0A%950%81%9F0%0D%06%09%2A%86H%86%F7%0D%01%01%01%05%00%03%81%8D%000%81%89%02%81%81%00%C0%FB%16%1F%A6%9A%5E%A0%2A%D2%80%DA%8E%D9f%C1%85r%83t%A6%28P6%CC%20O%60%D9Pi%87%F3%F6%D7%8C%F8F%BFw%3C%08%10%FF%D8%02%3E%1B%03E%0B%24%D5T%3F%21T%FC%8Fl%5C%07%22%60o%AA%AF%8E%1E6%9A%7DvVbs%2C%BCrW-Z%0F%F1%9F%CA%DA%B3%E0%06%E9%81%F7-%01%16%D5%7D%DF%D4%21E%2F%B0%C1%A7%27%AF%C2%0C%B6%C3%EC%1C%BF%5D%82T%A5%DEa%C4%14%401%10%C6%23%02%03%01%00%01%00%00%00%01%9A%05%9D%05%8A%04%CA%BEselfreg%00%F2%FA%A5test%00%FA%8D1%00%00%03%E2%02%85%D7%C0.%E6%A2%06%2B%91%AF8hE%F6%C9U%84%F7%7D%A1%B3U%3F%CF%B4%1B%B0%85%A4%24x%11m%00%04%FA%8E3%00%03%D2%D62147483647%00%00%00%00/%25%F3W%C0%5B%A5I%3C%09%BE%1B%E4%25%0F%02%BA%D37B%BA%D8%2B%E0%D1C%1CW%5B%04%A1%F3%87 (991 bytes)
1400718168.690398 ccnd[661]: debug.3946 stale ccnx:/ccnx/%D7%C0.%E6%A2%06%2B%91%AF8hE%F6%C9U%84%F7%7D%A1%B3U%3F%CF%B4%1B%B0%85%A4%24x%11m/newface/%04%82%02%AA%03%B2%08%85%B9%90%E0%800%99%AF%9A%27gac%90%93%B8j%DD%0E%22%25%04X%213m%D9%DA%E6%21eh%F2%23%B5%A1%19%11%81%BDE%BE%99%94QIb%F9%80%B7g%DFht%F9%1D%12JI%0D%22A%94l%97%9B2D3%7B%06%8AuPMd%9A%E2%8Ak%F7%0BU%1C%FA%D1P%21xk%15%E1e%60%F8%BC%5D%06%94k%8C%88%04%AA%E8%7F%BC%20JdH%27s%DD%DD7%F5%60b%F1%DC%AF%F1%BA%5E%83n%5E%25%00%00%F2%00%01%A2%03%E2%02%85%3F%CEUL%08m2%E5%A6%28%3Ew%CDb%836%8B%D9z%DA%5B%02%D776-%A5s%B2%09%84%40%00%02%BA%B5%057%D44%EA%E6%00%01%E2%01%DA%0A%950%81%9F0%0D%06%09%2A%86H%86%F7%0D%01%01%01%05%00%03%81%8D%000%81%89%02%81%81%00%C0%FB%16%1F%A6%9A%5E%A0%2A%D2%80%DA%8E%D9f%C1%85r%83t%A6%28P6%CC%20O%60%D9Pi%87%F3%F6%D7%8C%F8F%BFw%3C%08%10%FF%D8%02%3E%1B%03E%0B%24%D5T%3F%21T%FC%8Fl%5C%07%22%60o%AA%AF%8E%1E6%9A%7DvVbs%2C%BCrW-Z%0F%F1%9F%CA%DA%B3%E0%06%E9%81%F7-%01%16%D5%7D%DF%D4%21E%2F%B0%C1%A7%27%AF%C2%0C%B6%C3%EC%1C%BF%5D%82T%A5%DEa%C4%14%401%10%C6%23%02%03%01%00%01%00%00%00%01%9A%06%AD%05%82%04%CA%BEnewface%00%03%E2%02%85%D7%C0.%E6%A2%06%2B%91%AF8hE%F6%C9U%84%F7%7D%A1%B3U%3F%CF%B4%1B%B0%85%A4%24x%11m%00%04%D2%8E0%00%04%DA%9617%00%04%E2%EE192.168.122.2%00%04%EA%A66001%00%03%D2%D62147483647%00%00%00%00/Rd%27%9BA%A4%EB%AB%5B%C9n%9C%8A75%D9%5E%BC%8D%1Ao_%B0e%A9%C8%05%15%F6%BCN%81 (1022 bytes)
1400718168.693658 ccnd[661]: debug.3946 stale ccnx:/ccnx/%D7%C0.%E6%A2%06%2B%91%AF8hE%F6%C9U%84%F7%7D%A1%B3U%3F%CF%B4%1B%B0%85%A4%24x%11m/prefixreg/%04%82%02%AA%03%B2%08%85%B2%1C%5DM%8E%9E%F5%1E%ED%1D%AC%01%F5%24%CC%05%A6%D9%0F%8A%D9%09%5B%DA%DF%A3%7D%F8h1%BF%A1%E4l9%D1%00~%CE%C0%D4m%E0%CCA%40%03%92%0B%F1HS%BF%F9%243C%2B%92%C48%07%2C%8F%D7%F4%3De%85%06d%5BA%96%25%21%F3%C29%2FOn%CAR%D4S-%12%02%E3%01%E7%92%3F%A4M%D9%BC%26%9E%C05%AD1%B4%99p%FD%1C%F5%E47%E9%0C%A6%EEUQY%1C%8Aoj%A0%9D%E2%87o%00%00%F2%00%01%A2%03%E2%02%85%3F%CEUL%08m2%E5%A6%28%3Ew%CDb%836%8B%D9z%DA%5B%02%D776-%A5s%B2%09%84%40%00%02%BA%B5%057%D44%EB%08%00%01%E2%01%DA%0A%950%81%9F0%0D%06%09%2A%86H%86%F7%0D%01%01%01%05%00%03%81%8D%000%81%89%02%81%81%00%C0%FB%16%1F%A6%9A%5E%A0%2A%D2%80%DA%8E%D9f%C1%85r%83t%A6%28P6%CC%20O%60%D9Pi%87%F3%F6%D7%8C%F8F%BFw%3C%08%10%FF%D8%02%3E%1B%03E%0B%24%D5T%3F%21T%FC%8Fl%5C%07%22%60o%AA%AF%8E%1E6%9A%7DvVbs%2C%BCrW-Z%0F%F1%9F%CA%DA%B3%E0%06%E9%81%F7-%01%16%D5%7D%DF%D4%21E%2F%B0%C1%A7%27%AF%C2%0C%B6%C3%EC%1C%BF%5D%82T%A5%DEa%C4%14%401%10%C6%23%02%03%01%00%01%00%00%00%01%9A%04%D5%05%8A%04%CA%CEprefixreg%00%F2%00%03%E2%02%85%D7%C0.%E6%A2%06%2B%91%AF8hE%F6%C9U%84%F7%7D%A1%B3U%3F%CF%B4%1B%B0%85%A4%24x%11m%00%04%D2%8E7%00%03%D2%D62147483647%00%00%00%00/5%0F%B9%BB%99%91mf%8DI%0E%A9%9B%D3%2C%BE%18d%82v%C4%7C%03%AE%1E%06%A3%A5CX%5CR (977 bytes)
1400718170.034218 ccnd[661]: debug.3946 stale ccnx:/%C1.M.S.neighborhood/%C1.M.SRV/ccnd/KEY/%C1.M.K%00%D7%C0.%E6%A2%06%2B%91%AF8hE%F6%C9U%84%F7%7D%A1%B3U%3F%CF%B4%1B%B0%85%A4%24x%11m/%FD%057%D42x%B8/%00/L%95%0B%5D%BB%DE%0A%07%CC%F9%86ZW%CF%A5g%08%2A%20%25%19%99%06%18%A8%2A%A4cK%0C%23s (617 bytes)
