1400719569.000000 ccnd[689]: 6001 ____________________ Thu May 22 00:46:09 2014
1400719569.982148 ccnd[689]: CCND_DEBUG=-1 CCND_CAP=50000
1400719569.982324 ccnd[689]: listening on /tmp/.ccnd.sock.6001
1400719569.982399 ccnd[689]: accepting ipv4 datagrams on fd 4 rcvbuf 124928
1400719569.982421 ccnd[689]: accepting ipv4 connections on fd 5
1400719569.982468 ccnd[689]: accepting ipv6 datagrams on fd 6 rcvbuf 124928
1400719569.982489 ccnd[689]: accepting ipv6 connections on fd 7
1400719569.984567 ccnd[689]: debug.2428 prefix,ff=3 0 ccnx:/ccnx/ping (16 bytes)
1400719569.984666 ccnd[689]: debug.2428 prefix,ff=3 0 ccnx:/%C1.M.S.localhost/%C1.M.SRV/ccnd (37 bytes)
1400719569.984684 ccnd[689]: debug.2428 prefix,ff=3 0 ccnx:/%C1.M.S.neighborhood (24 bytes)
1400719569.984711 ccnd[689]: debug.2428 prefix,ff=0x17 0 ccnx:/ccnx/%D7%C0.%E6%A2%06%2B%91%AF8hE%F6%C9U%84%F7%7D%A1%B3U%3F%CF%B4%1B%B0%85%A4%24x%11m (45 bytes)
1400719569.984724 ccnd[689]: debug.2428 prefix,ff=0x23 0 ccnx:/%C1.M.S.localhost (20 bytes)
1400719570.027621 ccnd[689]: accepted client fd=8 id=6
1400719570.027841 ccnd[689]: shutdown client fd=8 id=6
1400719570.027859 ccnd[689]: recycling face id 6 (slot 6)
1400719570.033785 ccnd[689]: accepted client fd=8 id=6
1400719570.033866 ccnd[689]: shutdown client fd=8 id=6
1400719570.033880 ccnd[689]: recycling face id 6 (slot 6)
1400719606.000000 ccnd[689]: 6001 ____________________ Thu May 22 00:46:46 2014
1400719606.102852 ccnd[689]: accepted client fd=8 id=6
1400719606.125791 ccnd[689]: debug.3807 interest_from 6 ccnx:/%C1.M.S.localhost/%C1.M.SRV/ccnd/KEY (51 bytes,scope=1)
1400719606.125810 ccnd[689]: version: 20090701, prefix_comps: 4, min_suffix_comps: 0, max_suffix_comps: 32767, orderpref: 0, answerfrom: 3, scope: 1, lifetime: 4.0000, excl: 0 bytes, etc: 0 bytes
1400719606.125830 ccnd[689]: fwd.3059 adding 0
1400719606.125839 ccnd[689]: fwd.3059 adding 0
1400719606.125845 ccnd[689]: outbound.3131 adding 0
1400719606.125867 ccnd[689]: debug.3523 0x692d20.0of1,usec=122+3999878 6 ccnx:/%C1.M.S.localhost/%C1.M.SRV/ccnd/KEY (67 bytes,scope=1) D7C02E-02B1-0006-F61A-9BBE53
1400719606.130734 ccnd[689]: debug.3210 interest_to 0 ccnx:/%C1.M.S.localhost/%C1.M.SRV/ccnd/KEY (67 bytes,scope=1) D7C02E-02B1-0006-F61A-9BBE53
1400719606.130765 ccnd[689]: debug.158 ccnd_answer_req ccnx:/%C1.M.S.localhost/%C1.M.SRV/ccnd/KEY (67 bytes,scope=1) D7C02E-02B1-0006-F61A-9BBE53
1400719606.131859 ccnd[689]: debug.4109 content_from 0 ccnx:/%C1.M.S.localhost/%C1.M.SRV/ccnd/KEY/%C1.M.K%00%D7%C0.%E6%A2%06%2B%91%AF8hE%F6%C9U%84%F7%7D%A1%B3U%3F%CF%B4%1B%B0%85%A4%24x%11m/%FD%057%D4%8D%1F%B7/%00/%CF%88%26%F3%E9%BA%B2%00%A8%3DfG%034%FC%8C%82%5E%89%5Bi%99%19%96%C7_%A6d%C2%AD%3DZ (611 bytes)
1400719606.131879 ccnd[689]: fwd.3059 adding 0
1400719606.131887 ccnd[689]: fwd.3059 adding 0
1400719606.131899 ccnd[689]: face 6 q 0 delay 3 usec
1400719606.131915 ccnd[689]: debug.1526 consume 6 ccnx:/%C1.M.S.localhost/%C1.M.SRV/ccnd/KEY (67 bytes,scope=1) D7C02E-02B1-0006-F61A-9BBE53
1400719606.131922 ccnd[689]: sl.1598 0 ci=4 osrc=4294967295 src=0 usec=9819
1400719606.131929 ccnd[689]: sl.1598 0 ci=3 osrc=4294967295 src=0 usec=9819
1400719606.131936 ccnd[689]: fwd.3059 adding 0
1400719606.131943 ccnd[689]: fwd.3059 adding 0
1400719606.131969 ccnd[689]: debug.1268 content_to 6 ccnx:/%C1.M.S.localhost/%C1.M.SRV/ccnd/KEY/%C1.M.K%00%D7%C0.%E6%A2%06%2B%91%AF8hE%F6%C9U%84%F7%7D%A1%B3U%3F%CF%B4%1B%B0%85%A4%24x%11m/%FD%057%D4%8D%1F%B7/%00/%CF%88%26%F3%E9%BA%B2%00%A8%3DfG%034%FC%8C%82%5E%89%5Bi%99%19%96%C7_%A6d%C2%AD%3DZ (611 bytes)
1400719606.143964 ccnd[689]: debug.3807 interest_from 6 ccnx:/%C1.M.S.localhost/%C1.M.SRV/ccnd/KEY/%C1.M.K%00%D7%C0.%E6%A2%06%2B%91%AF8hE%F6%C9U%84%F7%7D%A1%B3U%3F%CF%B4%1B%B0%85%A4%24x%11m/%FD%057%D4%8D%1F%B7 (108 bytes)
1400719606.143990 ccnd[689]: version: 20090701, prefix_comps: 6, min_suffix_comps: 1, max_suffix_comps: 3, orderpref: 0, answerfrom: 3, scope: -1, lifetime: 4.0000, excl: 0 bytes, etc: 0 bytes
1400719606.144026 ccnd[689]: debug.3856 first_candidate ccnx:/%C1.M.S.localhost/%C1.M.SRV/ccnd/KEY/%C1.M.K%00%D7%C0.%E6%A2%06%2B%91%AF8hE%F6%C9U%84%F7%7D%A1%B3U%3F%CF%B4%1B%B0%85%A4%24x%11m/%FD%057%D4%8D%1F%B7/%00/%CF%88%26%F3%E9%BA%B2%00%A8%3DfG%034%FC%8C%82%5E%89%5Bi%99%19%96%C7_%A6d%C2%AD%3DZ (611 bytes)
1400719606.144078 ccnd[689]: debug.3884 matches ccnx:/%C1.M.S.localhost/%C1.M.SRV/ccnd/KEY/%C1.M.K%00%D7%C0.%E6%A2%06%2B%91%AF8hE%F6%C9U%84%F7%7D%A1%B3U%3F%CF%B4%1B%B0%85%A4%24x%11m/%FD%057%D4%8D%1F%B7/%00/%CF%88%26%F3%E9%BA%B2%00%A8%3DfG%034%FC%8C%82%5E%89%5Bi%99%19%96%C7_%A6d%C2%AD%3DZ (611 bytes)
1400719606.144088 ccnd[689]: face 6 q 0 delay 3 usec
1400719606.144108 ccnd[689]: debug.3918 consume 6 ccnx:/%C1.M.S.localhost/%C1.M.SRV/ccnd/KEY/%C1.M.K%00%D7%C0.%E6%A2%06%2B%91%AF8hE%F6%C9U%84%F7%7D%A1%B3U%3F%CF%B4%1B%B0%85%A4%24x%11m/%FD%057%D4%8D%1F%B7 (108 bytes)
1400719606.144117 ccnd[689]: fwd.3059 adding 0
1400719606.144124 ccnd[689]: fwd.3059 adding 0
1400719606.144131 ccnd[689]: fwd.3059 adding 0
1400719606.144138 ccnd[689]: fwd.3059 adding 0
1400719606.144163 ccnd[689]: debug.1268 content_to 6 ccnx:/%C1.M.S.localhost/%C1.M.SRV/ccnd/KEY/%C1.M.K%00%D7%C0.%E6%A2%06%2B%91%AF8hE%F6%C9U%84%F7%7D%A1%B3U%3F%CF%B4%1B%B0%85%A4%24x%11m/%FD%057%D4%8D%1F%B7/%00/%CF%88%26%F3%E9%BA%B2%00%A8%3DfG%034%FC%8C%82%5E%89%5Bi%99%19%96%C7_%A6d%C2%AD%3DZ (611 bytes)
1400719606.266921 ccnd[689]: debug.3807 interest_from 6 ccnx:/ccnx/%D7%C0.%E6%A2%06%2B%91%AF8hE%F6%C9U%84%F7%7D%A1%B3U%3F%CF%B4%1B%B0%85%A4%24x%11m/selfreg/%04%82%02%AA%03%B2%08%85%28%02%5E%FD%CA%3C%98yf%F8%86%E3%9C%BE%8D%2C%0A%92N%CAC%D6%BC%D1F%1E%B4%BF%E5K%5E%F01%E0%F2%B8%5C%7B%BD%FBS%1B%7D%E9%07y%9A%B5%C4%7DYI%90%8B%25%1DFc%00GM%23X%0B%82%D8%F1%9B%25%AA%EF%13%EB%F1%F3%B4H%28%09%0B%7B%18%DBk%2Bvp%3E%D6P%8E%17%09%A8p%D4Yac%C5%BC%2A%DF%D0%03O%02%3D%D53%FD%1F%D2%90%2FMq%9F%1294%C4%1E%26%A4%A5%AE%85%00%00%F2%00%01%A2%03%E2%02%85%3F%CEUL%08m2%E5%A6%28%3Ew%CDb%836%8B%D9z%DA%5B%02%D776-%A5s%B2%09%84%40%00%02%BA%B5%057%D4%8Fc%96%00%01%E2%01%DA%0A%950%81%9F0%0D%06%09%2A%86H%86%F7%0D%01%01%01%05%00%03%81%8D%000%81%89%02%81%81%00%C0%FB%16%1F%A6%9A%5E%A0%2A%D2%80%DA%8E%D9f%C1%85r%83t%A6%28P6%CC%20O%60%D9Pi%87%F3%F6%D7%8C%F8F%BFw%3C%08%10%FF%D8%02%3E%1B%03E%0B%24%D5T%3F%21T%FC%8Fl%5C%07%22%60o%AA%AF%8E%1E6%9A%7DvVbs%2C%BCrW-Z%0F%F1%9F%CA%DA%B3%E0%06%E9%81%F7-%01%16%D5%7D%DF%D4%21E%2F%B0%C1%A7%27%AF%C2%0C%B6%C3%EC%1C%BF%5D%82T%A5%DEa%C4%14%401%10%C6%23%02%03%01%00%01%00%00%00%01%9A%09%ED%05%8A%04%CA%BEselfreg%00%F2%FA%C5ccnx.org%00%FA%ADUsers%00%FA%A5user%00%FA%A5Keys%00%FA%02%B5%C1.M.K%00%3F%CEUL%08m2%E5%A6%28%3Ew%CDb%836%8B%D9z%DA%5B%02%D776-%A5s%B2%09%84%40%00%FA%BD%FD%04%FB%C93%60%00%00%00%03%E2%02%85%D7%C0.%E6%A2%06%2B%91%AF8hE%F6%C9U%84%F7%7D%A1%B3U%3F%CF%B4%1B%B0%85%A4%24x%11m%00%04%FA%8E3%00%03%D2%D62147483647%00%00%00%00 (590 bytes,scope=1)
1400719606.266953 ccnd[689]: version: 20090701, prefix_comps: 4, min_suffix_comps: 0, max_suffix_comps: 32767, orderpref: 0, answerfrom: 3, scope: 1, lifetime: 4.0000, excl: 0 bytes, etc: 0 bytes
1400719606.266988 ccnd[689]: debug.3856 first_candidate ccnx:/%C1.M.S.localhost/%C1.M.SRV/ccnd/KEY/%C1.M.K%00%D7%C0.%E6%A2%06%2B%91%AF8hE%F6%C9U%84%F7%7D%A1%B3U%3F%CF%B4%1B%B0%85%A4%24x%11m/%FD%057%D4%8D%1F%B7/%00/%CF%88%26%F3%E9%BA%B2%00%A8%3DfG%034%FC%8C%82%5E%89%5Bi%99%19%96%C7_%A6d%C2%AD%3DZ (611 bytes)
1400719606.267081 ccnd[689]: debug.3863 prefix_mismatch ccnx:/ccnx/%D7%C0.%E6%A2%06%2B%91%AF8hE%F6%C9U%84%F7%7D%A1%B3U%3F%CF%B4%1B%B0%85%A4%24x%11m/selfreg/%04%82%02%AA%03%B2%08%85%28%02%5E%FD%CA%3C%98yf%F8%86%E3%9C%BE%8D%2C%0A%92N%CAC%D6%BC%D1F%1E%B4%BF%E5K%5E%F01%E0%F2%B8%5C%7B%BD%FBS%1B%7D%E9%07y%9A%B5%C4%7DYI%90%8B%25%1DFc%00GM%23X%0B%82%D8%F1%9B%25%AA%EF%13%EB%F1%F3%B4H%28%09%0B%7B%18%DBk%2Bvp%3E%D6P%8E%17%09%A8p%D4Yac%C5%BC%2A%DF%D0%03O%02%3D%D53%FD%1F%D2%90%2FMq%9F%1294%C4%1E%26%A4%A5%AE%85%00%00%F2%00%01%A2%03%E2%02%85%3F%CEUL%08m2%E5%A6%28%3Ew%CDb%836%8B%D9z%DA%5B%02%D776-%A5s%B2%09%84%40%00%02%BA%B5%057%D4%8Fc%96%00%01%E2%01%DA%0A%950%81%9F0%0D%06%09%2A%86H%86%F7%0D%01%01%01%05%00%03%81%8D%000%81%89%02%81%81%00%C0%FB%16%1F%A6%9A%5E%A0%2A%D2%80%DA%8E%D9f%C1%85r%83t%A6%28P6%CC%20O%60%D9Pi%87%F3%F6%D7%8C%F8F%BFw%3C%08%10%FF%D8%02%3E%1B%03E%0B%24%D5T%3F%21T%FC%8Fl%5C%07%22%60o%AA%AF%8E%1E6%9A%7DvVbs%2C%BCrW-Z%0F%F1%9F%CA%DA%B3%E0%06%E9%81%F7-%01%16%D5%7D%DF%D4%21E%2F%B0%C1%A7%27%AF%C2%0C%B6%C3%EC%1C%BF%5D%82T%A5%DEa%C4%14%401%10%C6%23%02%03%01%00%01%00%00%00%01%9A%09%ED%05%8A%04%CA%BEselfreg%00%F2%FA%C5ccnx.org%00%FA%ADUsers%00%FA%A5user%00%FA%A5Keys%00%FA%02%B5%C1.M.K%00%3F%CEUL%08m2%E5%A6%28%3Ew%CDb%836%8B%D9z%DA%5B%02%D776-%A5s%B2%09%84%40%00%FA%BD%FD%04%FB%C93%60%00%00%00%03%E2%02%85%D7%C0.%E6%A2%06%2B%91%AF8hE%F6%C9U%84%F7%7D%A1%B3U%3F%CF%B4%1B%B0%85%A4%24x%11m%00%04%FA%8E3%00%03%D2%D62147483647%00%00%00%00 (590 bytes,scope=1)
1400719606.267105 ccnd[689]: fwd.3059 adding 0
1400719606.267113 ccnd[689]: outbound.3131 adding 0
1400719606.267205 ccnd[689]: debug.3523 0x692db0.0of1,usec=1843+3998157 6 ccnx:/ccnx/%D7%C0.%E6%A2%06%2B%91%AF8hE%F6%C9U%84%F7%7D%A1%B3U%3F%CF%B4%1B%B0%85%A4%24x%11m/selfreg/%04%82%02%AA%03%B2%08%85%28%02%5E%FD%CA%3C%98yf%F8%86%E3%9C%BE%8D%2C%0A%92N%CAC%D6%BC%D1F%1E%B4%BF%E5K%5E%F01%E0%F2%B8%5C%7B%BD%FBS%1B%7D%E9%07y%9A%B5%C4%7DYI%90%8B%25%1DFc%00GM%23X%0B%82%D8%F1%9B%25%AA%EF%13%EB%F1%F3%B4H%28%09%0B%7B%18%DBk%2Bvp%3E%D6P%8E%17%09%A8p%D4Yac%C5%BC%2A%DF%D0%03O%02%3D%D53%FD%1F%D2%90%2FMq%9F%1294%C4%1E%26%A4%A5%AE%85%00%00%F2%00%01%A2%03%E2%02%85%3F%CEUL%08m2%E5%A6%28%3Ew%CDb%836%8B%D9z%DA%5B%02%D776-%A5s%B2%09%84%40%00%02%BA%B5%057%D4%8Fc%96%00%01%E2%01%DA%0A%950%81%9F0%0D%06%09%2A%86H%86%F7%0D%01%01%01%05%00%03%81%8D%000%81%89%02%81%81%00%C0%FB%16%1F%A6%9A%5E%A0%2A%D2%80%DA%8E%D9f%C1%85r%83t%A6%28P6%CC%20O%60%D9Pi%87%F3%F6%D7%8C%F8F%BFw%3C%08%10%FF%D8%02%3E%1B%03E%0B%24%D5T%3F%21T%FC%8Fl%5C%07%22%60o%AA%AF%8E%1E6%9A%7DvVbs%2C%BCrW-Z%0F%F1%9F%CA%DA%B3%E0%06%E9%81%F7-%01%16%D5%7D%DF%D4%21E%2F%B0%C1%A7%27%AF%C2%0C%B6%C3%EC%1C%BF%5D%82T%A5%DEa%C4%14%401%10%C6%23%02%03%01%00%01%00%00%00%01%9A%09%ED%05%8A%04%CA%BEselfreg%00%F2%FA%C5ccnx.org%00%FA%ADUsers%00%FA%A5user%00%FA%A5Keys%00%FA%02%B5%C1.M.K%00%3F%CEUL%08m2%E5%A6%28%3Ew%CDb%836%8B%D9z%DA%5B%02%D776-%A5s%B2%09%84%40%00%FA%BD%FD%04%FB%C93%60%00%00%00%03%E2%02%85%D7%C0.%E6%A2%06%2B%91%AF8hE%F6%C9U%84%F7%7D%A1%B3U%3F%CF%B4%1B%B0%85%A4%24x%11m%00%04%FA%8E3%00%03%D2%D62147483647%00%00%00%00 (606 bytes,scope=1) D7C02E-02B1-0006-F624-BB1A59
1400719606.269640 ccnd[689]: debug.3210 interest_to 0 ccnx:/ccnx/%D7%C0.%E6%A2%06%2B%91%AF8hE%F6%C9U%84%F7%7D%A1%B3U%3F%CF%B4%1B%B0%85%A4%24x%11m/selfreg/%04%82%02%AA%03%B2%08%85%28%02%5E%FD%CA%3C%98yf%F8%86%E3%9C%BE%8D%2C%0A%92N%CAC%D6%BC%D1F%1E%B4%BF%E5K%5E%F01%E0%F2%B8%5C%7B%BD%FBS%1B%7D%E9%07y%9A%B5%C4%7DYI%90%8B%25%1DFc%00GM%23X%0B%82%D8%F1%9B%25%AA%EF%13%EB%F1%F3%B4H%28%09%0B%7B%18%DBk%2Bvp%3E%D6P%8E%17%09%A8p%D4Yac%C5%BC%2A%DF%D0%03O%02%3D%D53%FD%1F%D2%90%2FMq%9F%1294%C4%1E%26%A4%A5%AE%85%00%00%F2%00%01%A2%03%E2%02%85%3F%CEUL%08m2%E5%A6%28%3Ew%CDb%836%8B%D9z%DA%5B%02%D776-%A5s%B2%09%84%40%00%02%BA%B5%057%D4%8Fc%96%00%01%E2%01%DA%0A%950%81%9F0%0D%06%09%2A%86H%86%F7%0D%01%01%01%05%00%03%81%8D%000%81%89%02%81%81%00%C0%FB%16%1F%A6%9A%5E%A0%2A%D2%80%DA%8E%D9f%C1%85r%83t%A6%28P6%CC%20O%60%D9Pi%87%F3%F6%D7%8C%F8F%BFw%3C%08%10%FF%D8%02%3E%1B%03E%0B%24%D5T%3F%21T%FC%8Fl%5C%07%22%60o%AA%AF%8E%1E6%9A%7DvVbs%2C%BCrW-Z%0F%F1%9F%CA%DA%B3%E0%06%E9%81%F7-%01%16%D5%7D%DF%D4%21E%2F%B0%C1%A7%27%AF%C2%0C%B6%C3%EC%1C%BF%5D%82T%A5%DEa%C4%14%401%10%C6%23%02%03%01%00%01%00%00%00%01%9A%09%ED%05%8A%04%CA%BEselfreg%00%F2%FA%C5ccnx.org%00%FA%ADUsers%00%FA%A5user%00%FA%A5Keys%00%FA%02%B5%C1.M.K%00%3F%CEUL%08m2%E5%A6%28%3Ew%CDb%836%8B%D9z%DA%5B%02%D776-%A5s%B2%09%84%40%00%FA%BD%FD%04%FB%C93%60%00%00%00%03%E2%02%85%D7%C0.%E6%A2%06%2B%91%AF8hE%F6%C9U%84%F7%7D%A1%B3U%3F%CF%B4%1B%B0%85%A4%24x%11m%00%04%FA%8E3%00%03%D2%D62147483647%00%00%00%00 (606 bytes,scope=1) D7C02E-02B1-0006-F624-BB1A59
1400719606.269739 ccnd[689]: debug.158 ccnd_answer_req ccnx:/ccnx/%D7%C0.%E6%A2%06%2B%91%AF8hE%F6%C9U%84%F7%7D%A1%B3U%3F%CF%B4%1B%B0%85%A4%24x%11m/selfreg/%04%82%02%AA%03%B2%08%85%28%02%5E%FD%CA%3C%98yf%F8%86%E3%9C%BE%8D%2C%0A%92N%CAC%D6%BC%D1F%1E%B4%BF%E5K%5E%F01%E0%F2%B8%5C%7B%BD%FBS%1B%7D%E9%07y%9A%B5%C4%7DYI%90%8B%25%1DFc%00GM%23X%0B%82%D8%F1%9B%25%AA%EF%13%EB%F1%F3%B4H%28%09%0B%7B%18%DBk%2Bvp%3E%D6P%8E%17%09%A8p%D4Yac%C5%BC%2A%DF%D0%03O%02%3D%D53%FD%1F%D2%90%2FMq%9F%1294%C4%1E%26%A4%A5%AE%85%00%00%F2%00%01%A2%03%E2%02%85%3F%CEUL%08m2%E5%A6%28%3Ew%CDb%836%8B%D9z%DA%5B%02%D776-%A5s%B2%09%84%40%00%02%BA%B5%057%D4%8Fc%96%00%01%E2%01%DA%0A%950%81%9F0%0D%06%09%2A%86H%86%F7%0D%01%01%01%05%00%03%81%8D%000%81%89%02%81%81%00%C0%FB%16%1F%A6%9A%5E%A0%2A%D2%80%DA%8E%D9f%C1%85r%83t%A6%28P6%CC%20O%60%D9Pi%87%F3%F6%D7%8C%F8F%BFw%3C%08%10%FF%D8%02%3E%1B%03E%0B%24%D5T%3F%21T%FC%8Fl%5C%07%22%60o%AA%AF%8E%1E6%9A%7DvVbs%2C%BCrW-Z%0F%F1%9F%CA%DA%B3%E0%06%E9%81%F7-%01%16%D5%7D%DF%D4%21E%2F%B0%C1%A7%27%AF%C2%0C%B6%C3%EC%1C%BF%5D%82T%A5%DEa%C4%14%401%10%C6%23%02%03%01%00%01%00%00%00%01%9A%09%ED%05%8A%04%CA%BEselfreg%00%F2%FA%C5ccnx.org%00%FA%ADUsers%00%FA%A5user%00%FA%A5Keys%00%FA%02%B5%C1.M.K%00%3F%CEUL%08m2%E5%A6%28%3Ew%CDb%836%8B%D9z%DA%5B%02%D776-%A5s%B2%09%84%40%00%FA%BD%FD%04%FB%C93%60%00%00%00%03%E2%02%85%D7%C0.%E6%A2%06%2B%91%AF8hE%F6%C9U%84%F7%7D%A1%B3U%3F%CF%B4%1B%B0%85%A4%24x%11m%00%04%FA%8E3%00%03%D2%D62147483647%00%00%00%00 (606 bytes,scope=1) D7C02E-02B1-0006-F624-BB1A59
1400719606.269896 ccnd[689]: debug.2428 prefix,ff=3 6 ccnx:/ccnx.org/Users/user/Keys/%C1.M.K%00%3F%CEUL%08m2%E5%A6%28%3Ew%CDb%836%8B%D9z%DA%5B%02%D776-%A5s%B2%09%84%40/%FD%04%FB%C93%60%00 (87 bytes)
1400719606.270646 ccnd[689]: debug.280 ccnd_answer_req_response ccnx:/ccnx/%D7%C0.%E6%A2%06%2B%91%AF8hE%F6%C9U%84%F7%7D%A1%B3U%3F%CF%B4%1B%B0%85%A4%24x%11m/selfreg/%04%82%02%AA%03%B2%08%85%28%02%5E%FD%CA%3C%98yf%F8%86%E3%9C%BE%8D%2C%0A%92N%CAC%D6%BC%D1F%1E%B4%BF%E5K%5E%F01%E0%F2%B8%5C%7B%BD%FBS%1B%7D%E9%07y%9A%B5%C4%7DYI%90%8B%25%1DFc%00GM%23X%0B%82%D8%F1%9B%25%AA%EF%13%EB%F1%F3%B4H%28%09%0B%7B%18%DBk%2Bvp%3E%D6P%8E%17%09%A8p%D4Yac%C5%BC%2A%DF%D0%03O%02%3D%D53%FD%1F%D2%90%2FMq%9F%1294%C4%1E%26%A4%A5%AE%85%00%00%F2%00%01%A2%03%E2%02%85%3F%CEUL%08m2%E5%A6%28%3Ew%CDb%836%8B%D9z%DA%5B%02%D776-%A5s%B2%09%84%40%00%02%BA%B5%057%D4%8Fc%96%00%01%E2%01%DA%0A%950%81%9F0%0D%06%09%2A%86H%86%F7%0D%01%01%01%05%00%03%81%8D%000%81%89%02%81%81%00%C0%FB%16%1F%A6%9A%5E%A0%2A%D2%80%DA%8E%D9f%C1%85r%83t%A6%28P6%CC%20O%60%D9Pi%87%F3%F6%D7%8C%F8F%BFw%3C%08%10%FF%D8%02%3E%1B%03E%0B%24%D5T%3F%21T%FC%8Fl%5C%07%22%60o%AA%AF%8E%1E6%9A%7DvVbs%2C%BCrW-Z%0F%F1%9F%CA%DA%B3%E0%06%E9%81%F7-%01%16%D5%7D%DF%D4%21E%2F%B0%C1%A7%27%AF%C2%0C%B6%C3%EC%1C%BF%5D%82T%A5%DEa%C4%14%401%10%C6%23%02%03%01%00%01%00%00%00%01%9A%09%ED%05%8A%04%CA%BEselfreg%00%F2%FA%C5ccnx.org%00%FA%ADUsers%00%FA%A5user%00%FA%A5Keys%00%FA%02%B5%C1.M.K%00%3F%CEUL%08m2%E5%A6%28%3Ew%CDb%836%8B%D9z%DA%5B%02%D776-%A5s%B2%09%84%40%00%FA%BD%FD%04%FB%C93%60%00%00%00%03%E2%02%85%D7%C0.%E6%A2%06%2B%91%AF8hE%F6%C9U%84%F7%7D%A1%B3U%3F%CF%B4%1B%B0%85%A4%24x%11m%00%04%FA%8E3%00%03%D2%D62147483647%00%00%00%00 (1103 bytes)
1400719606.270769 ccnd[689]: debug.4109 content_from 0 ccnx:/ccnx/%D7%C0.%E6%A2%06%2B%91%AF8hE%F6%C9U%84%F7%7D%A1%B3U%3F%CF%B4%1B%B0%85%A4%24x%11m/selfreg/%04%82%02%AA%03%B2%08%85%28%02%5E%FD%CA%3C%98yf%F8%86%E3%9C%BE%8D%2C%0A%92N%CAC%D6%BC%D1F%1E%B4%BF%E5K%5E%F01%E0%F2%B8%5C%7B%BD%FBS%1B%7D%E9%07y%9A%B5%C4%7DYI%90%8B%25%1DFc%00GM%23X%0B%82%D8%F1%9B%25%AA%EF%13%EB%F1%F3%B4H%28%09%0B%7B%18%DBk%2Bvp%3E%D6P%8E%17%09%A8p%D4Yac%C5%BC%2A%DF%D0%03O%02%3D%D53%FD%1F%D2%90%2FMq%9F%1294%C4%1E%26%A4%A5%AE%85%00%00%F2%00%01%A2%03%E2%02%85%3F%CEUL%08m2%E5%A6%28%3Ew%CDb%836%8B%D9z%DA%5B%02%D776-%A5s%B2%09%84%40%00%02%BA%B5%057%D4%8Fc%96%00%01%E2%01%DA%0A%950%81%9F0%0D%06%09%2A%86H%86%F7%0D%01%01%01%05%00%03%81%8D%000%81%89%02%81%81%00%C0%FB%16%1F%A6%9A%5E%A0%2A%D2%80%DA%8E%D9f%C1%85r%83t%A6%28P6%CC%20O%60%D9Pi%87%F3%F6%D7%8C%F8F%BFw%3C%08%10%FF%D8%02%3E%1B%03E%0B%24%D5T%3F%21T%FC%8Fl%5C%07%22%60o%AA%AF%8E%1E6%9A%7DvVbs%2C%BCrW-Z%0F%F1%9F%CA%DA%B3%E0%06%E9%81%F7-%01%16%D5%7D%DF%D4%21E%2F%B0%C1%A7%27%AF%C2%0C%B6%C3%EC%1C%BF%5D%82T%A5%DEa%C4%14%401%10%C6%23%02%03%01%00%01%00%00%00%01%9A%09%ED%05%8A%04%CA%BEselfreg%00%F2%FA%C5ccnx.org%00%FA%ADUsers%00%FA%A5user%00%FA%A5Keys%00%FA%02%B5%C1.M.K%00%3F%CEUL%08m2%E5%A6%28%3Ew%CDb%836%8B%D9z%DA%5B%02%D776-%A5s%B2%09%84%40%00%FA%BD%FD%04%FB%C93%60%00%00%00%03%E2%02%85%D7%C0.%E6%A2%06%2B%91%AF8hE%F6%C9U%84%F7%7D%A1%B3U%3F%CF%B4%1B%B0%85%A4%24x%11m%00%04%FA%8E3%00%03%D2%D62147483647%00%00%00%00/%0E%84%3B%A6%DA%FF%D6%2B%05%85a%922%7C%8C%EBV%2C%08B%E6%01%1A%99%AB-%A6%A6%BB%D6q%90 (1139 bytes)
1400719606.270804 ccnd[689]: fwd.3059 adding 0
1400719606.270817 ccnd[689]: face 6 q 0 delay 3 usec
1400719606.270918 ccnd[689]: debug.1526 consume 6 ccnx:/ccnx/%D7%C0.%E6%A2%06%2B%91%AF8hE%F6%C9U%84%F7%7D%A1%B3U%3F%CF%B4%1B%B0%85%A4%24x%11m/selfreg/%04%82%02%AA%03%B2%08%85%28%02%5E%FD%CA%3C%98yf%F8%86%E3%9C%BE%8D%2C%0A%92N%CAC%D6%BC%D1F%1E%B4%BF%E5K%5E%F01%E0%F2%B8%5C%7B%BD%FBS%1B%7D%E9%07y%9A%B5%C4%7DYI%90%8B%25%1DFc%00GM%23X%0B%82%D8%F1%9B%25%AA%EF%13%EB%F1%F3%B4H%28%09%0B%7B%18%DBk%2Bvp%3E%D6P%8E%17%09%A8p%D4Yac%C5%BC%2A%DF%D0%03O%02%3D%D53%FD%1F%D2%90%2FMq%9F%1294%C4%1E%26%A4%A5%AE%85%00%00%F2%00%01%A2%03%E2%02%85%3F%CEUL%08m2%E5%A6%28%3Ew%CDb%836%8B%D9z%DA%5B%02%D776-%A5s%B2%09%84%40%00%02%BA%B5%057%D4%8Fc%96%00%01%E2%01%DA%0A%950%81%9F0%0D%06%09%2A%86H%86%F7%0D%01%01%01%05%00%03%81%8D%000%81%89%02%81%81%00%C0%FB%16%1F%A6%9A%5E%A0%2A%D2%80%DA%8E%D9f%C1%85r%83t%A6%28P6%CC%20O%60%D9Pi%87%F3%F6%D7%8C%F8F%BFw%3C%08%10%FF%D8%02%3E%1B%03E%0B%24%D5T%3F%21T%FC%8Fl%5C%07%22%60o%AA%AF%8E%1E6%9A%7DvVbs%2C%BCrW-Z%0F%F1%9F%CA%DA%B3%E0%06%E9%81%F7-%01%16%D5%7D%DF%D4%21E%2F%B0%C1%A7%27%AF%C2%0C%B6%C3%EC%1C%BF%5D%82T%A5%DEa%C4%14%401%10%C6%23%02%03%01%00%01%00%00%00%01%9A%09%ED%05%8A%04%CA%BEselfreg%00%F2%FA%C5ccnx.org%00%FA%ADUsers%00%FA%A5user%00%FA%A5Keys%00%FA%02%B5%C1.M.K%00%3F%CEUL%08m2%E5%A6%28%3Ew%CDb%836%8B%D9z%DA%5B%02%D776-%A5s%B2%09%84%40%00%FA%BD%FD%04%FB%C93%60%00%00%00%03%E2%02%85%D7%C0.%E6%A2%06%2B%91%AF8hE%F6%C9U%84%F7%7D%A1%B3U%3F%CF%B4%1B%B0%85%A4%24x%11m%00%04%FA%8E3%00%03%D2%D62147483647%00%00%00%00 (606 bytes,scope=1) D7C02E-02B1-0006-F624-BB1A59
1400719606.270928 ccnd[689]: sl.1598 0 ci=4 osrc=4294967295 src=0 usec=9819
1400719606.270936 ccnd[689]: fwd.3059 adding 0
1400719606.270943 ccnd[689]: sl.1598 0 ci=3 osrc=4294967295 src=0 usec=9819
1400719606.270950 ccnd[689]: fwd.3059 adding 0
1400719606.271054 ccnd[689]: debug.1268 content_to 6 ccnx:/ccnx/%D7%C0.%E6%A2%06%2B%91%AF8hE%F6%C9U%84%F7%7D%A1%B3U%3F%CF%B4%1B%B0%85%A4%24x%11m/selfreg/%04%82%02%AA%03%B2%08%85%28%02%5E%FD%CA%3C%98yf%F8%86%E3%9C%BE%8D%2C%0A%92N%CAC%D6%BC%D1F%1E%B4%BF%E5K%5E%F01%E0%F2%B8%5C%7B%BD%FBS%1B%7D%E9%07y%9A%B5%C4%7DYI%90%8B%25%1DFc%00GM%23X%0B%82%D8%F1%9B%25%AA%EF%13%EB%F1%F3%B4H%28%09%0B%7B%18%DBk%2Bvp%3E%D6P%8E%17%09%A8p%D4Yac%C5%BC%2A%DF%D0%03O%02%3D%D53%FD%1F%D2%90%2FMq%9F%1294%C4%1E%26%A4%A5%AE%85%00%00%F2%00%01%A2%03%E2%02%85%3F%CEUL%08m2%E5%A6%28%3Ew%CDb%836%8B%D9z%DA%5B%02%D776-%A5s%B2%09%84%40%00%02%BA%B5%057%D4%8Fc%96%00%01%E2%01%DA%0A%950%81%9F0%0D%06%09%2A%86H%86%F7%0D%01%01%01%05%00%03%81%8D%000%81%89%02%81%81%00%C0%FB%16%1F%A6%9A%5E%A0%2A%D2%80%DA%8E%D9f%C1%85r%83t%A6%28P6%CC%20O%60%D9Pi%87%F3%F6%D7%8C%F8F%BFw%3C%08%10%FF%D8%02%3E%1B%03E%0B%24%D5T%3F%21T%FC%8Fl%5C%07%22%60o%AA%AF%8E%1E6%9A%7DvVbs%2C%BCrW-Z%0F%F1%9F%CA%DA%B3%E0%06%E9%81%F7-%01%16%D5%7D%DF%D4%21E%2F%B0%C1%A7%27%AF%C2%0C%B6%C3%EC%1C%BF%5D%82T%A5%DEa%C4%14%401%10%C6%23%02%03%01%00%01%00%00%00%01%9A%09%ED%05%8A%04%CA%BEselfreg%00%F2%FA%C5ccnx.org%00%FA%ADUsers%00%FA%A5user%00%FA%A5Keys%00%FA%02%B5%C1.M.K%00%3F%CEUL%08m2%E5%A6%28%3Ew%CDb%836%8B%D9z%DA%5B%02%D776-%A5s%B2%09%84%40%00%FA%BD%FD%04%FB%C93%60%00%00%00%03%E2%02%85%D7%C0.%E6%A2%06%2B%91%AF8hE%F6%C9U%84%F7%7D%A1%B3U%3F%CF%B4%1B%B0%85%A4%24x%11m%00%04%FA%8E3%00%03%D2%D62147483647%00%00%00%00/%0E%84%3B%A6%DA%FF%D6%2B%05%85a%922%7C%8C%EBV%2C%08B%E6%01%1A%99%AB-%A6%A6%BB%D6q%90 (1139 bytes)
1400719606.381285 ccnd[689]: debug.3807 interest_from 6 ccnx:/ccnx/%D7%C0.%E6%A2%06%2B%91%AF8hE%F6%C9U%84%F7%7D%A1%B3U%3F%CF%B4%1B%B0%85%A4%24x%11m/selfreg/%04%82%02%AA%03%B2%08%85%28%2F%EEvNL%1E%C2%A9%88%D8%ED%0AGG%BB%BD%1D%89%01o5%AE4%2C%9B%07u%86%10%E8%FA%EAmR%E7Bm%27%9CS%94z%99%95%FA%96%03%BEk%8B1%A4%E6%85%3Fj%D2%86l%17Cd%FD%98%3A%DB%3E%AA%87%2B%B5%97%02%A4%B5v%3C1%20W%E0%8B%E1%3DLE%9F%08%84Fi%C6%AF%E4%08%09%106OKq%278%AD%CB%FF8%B0%92G%D6N%9E%0CS%01%D6%3E%E0%80%DBP%CAio%A4%BC%00%00%F2%00%01%A2%03%E2%02%85%3F%CEUL%08m2%E5%A6%28%3Ew%CDb%836%8B%D9z%DA%5B%02%D776-%A5s%B2%09%84%40%00%02%BA%B5%057%D4%8Fe%91%00%01%E2%01%DA%0A%950%81%9F0%0D%06%09%2A%86H%86%F7%0D%01%01%01%05%00%03%81%8D%000%81%89%02%81%81%00%C0%FB%16%1F%A6%9A%5E%A0%2A%D2%80%DA%8E%D9f%C1%85r%83t%A6%28P6%CC%20O%60%D9Pi%87%F3%F6%D7%8C%F8F%BFw%3C%08%10%FF%D8%02%3E%1B%03E%0B%24%D5T%3F%21T%FC%8Fl%5C%07%22%60o%AA%AF%8E%1E6%9A%7DvVbs%2C%BCrW-Z%0F%F1%9F%CA%DA%B3%E0%06%E9%81%F7-%01%16%D5%7D%DF%D4%21E%2F%B0%C1%A7%27%AF%C2%0C%B6%C3%EC%1C%BF%5D%82T%A5%DEa%C4%14%401%10%C6%23%02%03%01%00%01%00%00%00%01%9A%05%9D%05%8A%04%CA%BEselfreg%00%F2%FA%A5test%00%FA%8D1%00%00%03%E2%02%85%D7%C0.%E6%A2%06%2B%91%AF8hE%F6%C9U%84%F7%7D%A1%B3U%3F%CF%B4%1B%B0%85%A4%24x%11m%00%04%FA%8E3%00%03%D2%D62147483647%00%00%00%00 (516 bytes,scope=1)
1400719606.381331 ccnd[689]: version: 20090701, prefix_comps: 4, min_suffix_comps: 0, max_suffix_comps: 32767, orderpref: 0, answerfrom: 3, scope: 1, lifetime: 4.0000, excl: 0 bytes, etc: 0 bytes
1400719606.381430 ccnd[689]: debug.3856 first_candidate ccnx:/ccnx/%D7%C0.%E6%A2%06%2B%91%AF8hE%F6%C9U%84%F7%7D%A1%B3U%3F%CF%B4%1B%B0%85%A4%24x%11m/selfreg/%04%82%02%AA%03%B2%08%85%28%02%5E%FD%CA%3C%98yf%F8%86%E3%9C%BE%8D%2C%0A%92N%CAC%D6%BC%D1F%1E%B4%BF%E5K%5E%F01%E0%F2%B8%5C%7B%BD%FBS%1B%7D%E9%07y%9A%B5%C4%7DYI%90%8B%25%1DFc%00GM%23X%0B%82%D8%F1%9B%25%AA%EF%13%EB%F1%F3%B4H%28%09%0B%7B%18%DBk%2Bvp%3E%D6P%8E%17%09%A8p%D4Yac%C5%BC%2A%DF%D0%03O%02%3D%D53%FD%1F%D2%90%2FMq%9F%1294%C4%1E%26%A4%A5%AE%85%00%00%F2%00%01%A2%03%E2%02%85%3F%CEUL%08m2%E5%A6%28%3Ew%CDb%836%8B%D9z%DA%5B%02%D776-%A5s%B2%09%84%40%00%02%BA%B5%057%D4%8Fc%96%00%01%E2%01%DA%0A%950%81%9F0%0D%06%09%2A%86H%86%F7%0D%01%01%01%05%00%03%81%8D%000%81%89%02%81%81%00%C0%FB%16%1F%A6%9A%5E%A0%2A%D2%80%DA%8E%D9f%C1%85r%83t%A6%28P6%CC%20O%60%D9Pi%87%F3%F6%D7%8C%F8F%BFw%3C%08%10%FF%D8%02%3E%1B%03E%0B%24%D5T%3F%21T%FC%8Fl%5C%07%22%60o%AA%AF%8E%1E6%9A%7DvVbs%2C%BCrW-Z%0F%F1%9F%CA%DA%B3%E0%06%E9%81%F7-%01%16%D5%7D%DF%D4%21E%2F%B0%C1%A7%27%AF%C2%0C%B6%C3%EC%1C%BF%5D%82T%A5%DEa%C4%14%401%10%C6%23%02%03%01%00%01%00%00%00%01%9A%09%ED%05%8A%04%CA%BEselfreg%00%F2%FA%C5ccnx.org%00%FA%ADUsers%00%FA%A5user%00%FA%A5Keys%00%FA%02%B5%C1.M.K%00%3F%CEUL%08m2%E5%A6%28%3Ew%CDb%836%8B%D9z%DA%5B%02%D776-%A5s%B2%09%84%40%00%FA%BD%FD%04%FB%C93%60%00%00%00%03%E2%02%85%D7%C0.%E6%A2%06%2B%91%AF8hE%F6%C9U%84%F7%7D%A1%B3U%3F%CF%B4%1B%B0%85%A4%24x%11m%00%04%FA%8E3%00%03%D2%D62147483647%00%00%00%00/%0E%84%3B%A6%DA%FF%D6%2B%05%85a%922%7C%8C%EBV%2C%08B%E6%01%1A%99%AB-%A6%A6%BB%D6q%90 (1139 bytes)
1400719606.381508 ccnd[689]: debug.3863 prefix_mismatch ccnx:/ccnx/%D7%C0.%E6%A2%06%2B%91%AF8hE%F6%C9U%84%F7%7D%A1%B3U%3F%CF%B4%1B%B0%85%A4%24x%11m/selfreg/%04%82%02%AA%03%B2%08%85%28%2F%EEvNL%1E%C2%A9%88%D8%ED%0AGG%BB%BD%1D%89%01o5%AE4%2C%9B%07u%86%10%E8%FA%EAmR%E7Bm%27%9CS%94z%99%95%FA%96%03%BEk%8B1%A4%E6%85%3Fj%D2%86l%17Cd%FD%98%3A%DB%3E%AA%87%2B%B5%97%02%A4%B5v%3C1%20W%E0%8B%E1%3DLE%9F%08%84Fi%C6%AF%E4%08%09%106OKq%278%AD%CB%FF8%B0%92G%D6N%9E%0CS%01%D6%3E%E0%80%DBP%CAio%A4%BC%00%00%F2%00%01%A2%03%E2%02%85%3F%CEUL%08m2%E5%A6%28%3Ew%CDb%836%8B%D9z%DA%5B%02%D776-%A5s%B2%09%84%40%00%02%BA%B5%057%D4%8Fe%91%00%01%E2%01%DA%0A%950%81%9F0%0D%06%09%2A%86H%86%F7%0D%01%01%01%05%00%03%81%8D%000%81%89%02%81%81%00%C0%FB%16%1F%A6%9A%5E%A0%2A%D2%80%DA%8E%D9f%C1%85r%83t%A6%28P6%CC%20O%60%D9Pi%87%F3%F6%D7%8C%F8F%BFw%3C%08%10%FF%D8%02%3E%1B%03E%0B%24%D5T%3F%21T%FC%8Fl%5C%07%22%60o%AA%AF%8E%1E6%9A%7DvVbs%2C%BCrW-Z%0F%F1%9F%CA%DA%B3%E0%06%E9%81%F7-%01%16%D5%7D%DF%D4%21E%2F%B0%C1%A7%27%AF%C2%0C%B6%C3%EC%1C%BF%5D%82T%A5%DEa%C4%14%401%10%C6%23%02%03%01%00%01%00%00%00%01%9A%05%9D%05%8A%04%CA%BEselfreg%00%F2%FA%A5test%00%FA%8D1%00%00%03%E2%02%85%D7%C0.%E6%A2%06%2B%91%AF8hE%F6%C9U%84%F7%7D%A1%B3U%3F%CF%B4%1B%B0%85%A4%24x%11m%00%04%FA%8E3%00%03%D2%D62147483647%00%00%00%00 (516 bytes,scope=1)
1400719606.381518 ccnd[689]: outbound.3131 adding 0
1400719606.381601 ccnd[689]: debug.3523 0x697f60.0of1,usec=162+3999838 6 ccnx:/ccnx/%D7%C0.%E6%A2%06%2B%91%AF8hE%F6%C9U%84%F7%7D%A1%B3U%3F%CF%B4%1B%B0%85%A4%24x%11m/selfreg/%04%82%02%AA%03%B2%08%85%28%2F%EEvNL%1E%C2%A9%88%D8%ED%0AGG%BB%BD%1D%89%01o5%AE4%2C%9B%07u%86%10%E8%FA%EAmR%E7Bm%27%9CS%94z%99%95%FA%96%03%BEk%8B1%A4%E6%85%3Fj%D2%86l%17Cd%FD%98%3A%DB%3E%AA%87%2B%B5%97%02%A4%B5v%3C1%20W%E0%8B%E1%3DLE%9F%08%84Fi%C6%AF%E4%08%09%106OKq%278%AD%CB%FF8%B0%92G%D6N%9E%0CS%01%D6%3E%E0%80%DBP%CAio%A4%BC%00%00%F2%00%01%A2%03%E2%02%85%3F%CEUL%08m2%E5%A6%28%3Ew%CDb%836%8B%D9z%DA%5B%02%D776-%A5s%B2%09%84%40%00%02%BA%B5%057%D4%8Fe%91%00%01%E2%01%DA%0A%950%81%9F0%0D%06%09%2A%86H%86%F7%0D%01%01%01%05%00%03%81%8D%000%81%89%02%81%81%00%C0%FB%16%1F%A6%9A%5E%A0%2A%D2%80%DA%8E%D9f%C1%85r%83t%A6%28P6%CC%20O%60%D9Pi%87%F3%F6%D7%8C%F8F%BFw%3C%08%10%FF%D8%02%3E%1B%03E%0B%24%D5T%3F%21T%FC%8Fl%5C%07%22%60o%AA%AF%8E%1E6%9A%7DvVbs%2C%BCrW-Z%0F%F1%9F%CA%DA%B3%E0%06%E9%81%F7-%01%16%D5%7D%DF%D4%21E%2F%B0%C1%A7%27%AF%C2%0C%B6%C3%EC%1C%BF%5D%82T%A5%DEa%C4%14%401%10%C6%23%02%03%01%00%01%00%00%00%01%9A%05%9D%05%8A%04%CA%BEselfreg%00%F2%FA%A5test%00%FA%8D1%00%00%03%E2%02%85%D7%C0.%E6%A2%06%2B%91%AF8hE%F6%C9U%84%F7%7D%A1%B3U%3F%CF%B4%1B%B0%85%A4%24x%11m%00%04%FA%8E3%00%03%D2%D62147483647%00%00%00%00 (532 bytes,scope=1) D7C02E-02B1-0006-F645-49000B
1400719606.385404 ccnd[689]: debug.3210 interest_to 0 ccnx:/ccnx/%D7%C0.%E6%A2%06%2B%91%AF8hE%F6%C9U%84%F7%7D%A1%B3U%3F%CF%B4%1B%B0%85%A4%24x%11m/selfreg/%04%82%02%AA%03%B2%08%85%28%2F%EEvNL%1E%C2%A9%88%D8%ED%0AGG%BB%BD%1D%89%01o5%AE4%2C%9B%07u%86%10%E8%FA%EAmR%E7Bm%27%9CS%94z%99%95%FA%96%03%BEk%8B1%A4%E6%85%3Fj%D2%86l%17Cd%FD%98%3A%DB%3E%AA%87%2B%B5%97%02%A4%B5v%3C1%20W%E0%8B%E1%3DLE%9F%08%84Fi%C6%AF%E4%08%09%106OKq%278%AD%CB%FF8%B0%92G%D6N%9E%0CS%01%D6%3E%E0%80%DBP%CAio%A4%BC%00%00%F2%00%01%A2%03%E2%02%85%3F%CEUL%08m2%E5%A6%28%3Ew%CDb%836%8B%D9z%DA%5B%02%D776-%A5s%B2%09%84%40%00%02%BA%B5%057%D4%8Fe%91%00%01%E2%01%DA%0A%950%81%9F0%0D%06%09%2A%86H%86%F7%0D%01%01%01%05%00%03%81%8D%000%81%89%02%81%81%00%C0%FB%16%1F%A6%9A%5E%A0%2A%D2%80%DA%8E%D9f%C1%85r%83t%A6%28P6%CC%20O%60%D9Pi%87%F3%F6%D7%8C%F8F%BFw%3C%08%10%FF%D8%02%3E%1B%03E%0B%24%D5T%3F%21T%FC%8Fl%5C%07%22%60o%AA%AF%8E%1E6%9A%7DvVbs%2C%BCrW-Z%0F%F1%9F%CA%DA%B3%E0%06%E9%81%F7-%01%16%D5%7D%DF%D4%21E%2F%B0%C1%A7%27%AF%C2%0C%B6%C3%EC%1C%BF%5D%82T%A5%DEa%C4%14%401%10%C6%23%02%03%01%00%01%00%00%00%01%9A%05%9D%05%8A%04%CA%BEselfreg%00%F2%FA%A5test%00%FA%8D1%00%00%03%E2%02%85%D7%C0.%E6%A2%06%2B%91%AF8hE%F6%C9U%84%F7%7D%A1%B3U%3F%CF%B4%1B%B0%85%A4%24x%11m%00%04%FA%8E3%00%03%D2%D62147483647%00%00%00%00 (532 bytes,scope=1) D7C02E-02B1-0006-F645-49000B
1400719606.385501 ccnd[689]: debug.158 ccnd_answer_req ccnx:/ccnx/%D7%C0.%E6%A2%06%2B%91%AF8hE%F6%C9U%84%F7%7D%A1%B3U%3F%CF%B4%1B%B0%85%A4%24x%11m/selfreg/%04%82%02%AA%03%B2%08%85%28%2F%EEvNL%1E%C2%A9%88%D8%ED%0AGG%BB%BD%1D%89%01o5%AE4%2C%9B%07u%86%10%E8%FA%EAmR%E7Bm%27%9CS%94z%99%95%FA%96%03%BEk%8B1%A4%E6%85%3Fj%D2%86l%17Cd%FD%98%3A%DB%3E%AA%87%2B%B5%97%02%A4%B5v%3C1%20W%E0%8B%E1%3DLE%9F%08%84Fi%C6%AF%E4%08%09%106OKq%278%AD%CB%FF8%B0%92G%D6N%9E%0CS%01%D6%3E%E0%80%DBP%CAio%A4%BC%00%00%F2%00%01%A2%03%E2%02%85%3F%CEUL%08m2%E5%A6%28%3Ew%CDb%836%8B%D9z%DA%5B%02%D776-%A5s%B2%09%84%40%00%02%BA%B5%057%D4%8Fe%91%00%01%E2%01%DA%0A%950%81%9F0%0D%06%09%2A%86H%86%F7%0D%01%01%01%05%00%03%81%8D%000%81%89%02%81%81%00%C0%FB%16%1F%A6%9A%5E%A0%2A%D2%80%DA%8E%D9f%C1%85r%83t%A6%28P6%CC%20O%60%D9Pi%87%F3%F6%D7%8C%F8F%BFw%3C%08%10%FF%D8%02%3E%1B%03E%0B%24%D5T%3F%21T%FC%8Fl%5C%07%22%60o%AA%AF%8E%1E6%9A%7DvVbs%2C%BCrW-Z%0F%F1%9F%CA%DA%B3%E0%06%E9%81%F7-%01%16%D5%7D%DF%D4%21E%2F%B0%C1%A7%27%AF%C2%0C%B6%C3%EC%1C%BF%5D%82T%A5%DEa%C4%14%401%10%C6%23%02%03%01%00%01%00%00%00%01%9A%05%9D%05%8A%04%CA%BEselfreg%00%F2%FA%A5test%00%FA%8D1%00%00%03%E2%02%85%D7%C0.%E6%A2%06%2B%91%AF8hE%F6%C9U%84%F7%7D%A1%B3U%3F%CF%B4%1B%B0%85%A4%24x%11m%00%04%FA%8E3%00%03%D2%D62147483647%00%00%00%00 (532 bytes,scope=1) D7C02E-02B1-0006-F645-49000B
1400719606.385596 ccnd[689]: debug.2428 prefix,ff=3 6 ccnx:/test/1 (13 bytes)
1400719606.386273 ccnd[689]: debug.280 ccnd_answer_req_response ccnx:/ccnx/%D7%C0.%E6%A2%06%2B%91%AF8hE%F6%C9U%84%F7%7D%A1%B3U%3F%CF%B4%1B%B0%85%A4%24x%11m/selfreg/%04%82%02%AA%03%B2%08%85%28%2F%EEvNL%1E%C2%A9%88%D8%ED%0AGG%BB%BD%1D%89%01o5%AE4%2C%9B%07u%86%10%E8%FA%EAmR%E7Bm%27%9CS%94z%99%95%FA%96%03%BEk%8B1%A4%E6%85%3Fj%D2%86l%17Cd%FD%98%3A%DB%3E%AA%87%2B%B5%97%02%A4%B5v%3C1%20W%E0%8B%E1%3DLE%9F%08%84Fi%C6%AF%E4%08%09%106OKq%278%AD%CB%FF8%B0%92G%D6N%9E%0CS%01%D6%3E%E0%80%DBP%CAio%A4%BC%00%00%F2%00%01%A2%03%E2%02%85%3F%CEUL%08m2%E5%A6%28%3Ew%CDb%836%8B%D9z%DA%5B%02%D776-%A5s%B2%09%84%40%00%02%BA%B5%057%D4%8Fe%91%00%01%E2%01%DA%0A%950%81%9F0%0D%06%09%2A%86H%86%F7%0D%01%01%01%05%00%03%81%8D%000%81%89%02%81%81%00%C0%FB%16%1F%A6%9A%5E%A0%2A%D2%80%DA%8E%D9f%C1%85r%83t%A6%28P6%CC%20O%60%D9Pi%87%F3%F6%D7%8C%F8F%BFw%3C%08%10%FF%D8%02%3E%1B%03E%0B%24%D5T%3F%21T%FC%8Fl%5C%07%22%60o%AA%AF%8E%1E6%9A%7DvVbs%2C%BCrW-Z%0F%F1%9F%CA%DA%B3%E0%06%E9%81%F7-%01%16%D5%7D%DF%D4%21E%2F%B0%C1%A7%27%AF%C2%0C%B6%C3%EC%1C%BF%5D%82T%A5%DEa%C4%14%401%10%C6%23%02%03%01%00%01%00%00%00%01%9A%05%9D%05%8A%04%CA%BEselfreg%00%F2%FA%A5test%00%FA%8D1%00%00%03%E2%02%85%D7%C0.%E6%A2%06%2B%91%AF8hE%F6%C9U%84%F7%7D%A1%B3U%3F%CF%B4%1B%B0%85%A4%24x%11m%00%04%FA%8E3%00%03%D2%D62147483647%00%00%00%00 (955 bytes)
1400719606.386385 ccnd[689]: debug.4109 content_from 0 ccnx:/ccnx/%D7%C0.%E6%A2%06%2B%91%AF8hE%F6%C9U%84%F7%7D%A1%B3U%3F%CF%B4%1B%B0%85%A4%24x%11m/selfreg/%04%82%02%AA%03%B2%08%85%28%2F%EEvNL%1E%C2%A9%88%D8%ED%0AGG%BB%BD%1D%89%01o5%AE4%2C%9B%07u%86%10%E8%FA%EAmR%E7Bm%27%9CS%94z%99%95%FA%96%03%BEk%8B1%A4%E6%85%3Fj%D2%86l%17Cd%FD%98%3A%DB%3E%AA%87%2B%B5%97%02%A4%B5v%3C1%20W%E0%8B%E1%3DLE%9F%08%84Fi%C6%AF%E4%08%09%106OKq%278%AD%CB%FF8%B0%92G%D6N%9E%0CS%01%D6%3E%E0%80%DBP%CAio%A4%BC%00%00%F2%00%01%A2%03%E2%02%85%3F%CEUL%08m2%E5%A6%28%3Ew%CDb%836%8B%D9z%DA%5B%02%D776-%A5s%B2%09%84%40%00%02%BA%B5%057%D4%8Fe%91%00%01%E2%01%DA%0A%950%81%9F0%0D%06%09%2A%86H%86%F7%0D%01%01%01%05%00%03%81%8D%000%81%89%02%81%81%00%C0%FB%16%1F%A6%9A%5E%A0%2A%D2%80%DA%8E%D9f%C1%85r%83t%A6%28P6%CC%20O%60%D9Pi%87%F3%F6%D7%8C%F8F%BFw%3C%08%10%FF%D8%02%3E%1B%03E%0B%24%D5T%3F%21T%FC%8Fl%5C%07%22%60o%AA%AF%8E%1E6%9A%7DvVbs%2C%BCrW-Z%0F%F1%9F%CA%DA%B3%E0%06%E9%81%F7-%01%16%D5%7D%DF%D4%21E%2F%B0%C1%A7%27%AF%C2%0C%B6%C3%EC%1C%BF%5D%82T%A5%DEa%C4%14%401%10%C6%23%02%03%01%00%01%00%00%00%01%9A%05%9D%05%8A%04%CA%BEselfreg%00%F2%FA%A5test%00%FA%8D1%00%00%03%E2%02%85%D7%C0.%E6%A2%06%2B%91%AF8hE%F6%C9U%84%F7%7D%A1%B3U%3F%CF%B4%1B%B0%85%A4%24x%11m%00%04%FA%8E3%00%03%D2%D62147483647%00%00%00%00/%B0%AF%AAK%92%BA%CB%C8%F8%7F%5C%A5%92_D%E7X%FF%1C%0A%83%E8%BD%18%5D%04%2C%04%EFR%DA%BD (991 bytes)
1400719606.386410 ccnd[689]: fwd.3059 adding 0
1400719606.386424 ccnd[689]: face 6 q 0 delay 3 usec
1400719606.386501 ccnd[689]: debug.1526 consume 6 ccnx:/ccnx/%D7%C0.%E6%A2%06%2B%91%AF8hE%F6%C9U%84%F7%7D%A1%B3U%3F%CF%B4%1B%B0%85%A4%24x%11m/selfreg/%04%82%02%AA%03%B2%08%85%28%2F%EEvNL%1E%C2%A9%88%D8%ED%0AGG%BB%BD%1D%89%01o5%AE4%2C%9B%07u%86%10%E8%FA%EAmR%E7Bm%27%9CS%94z%99%95%FA%96%03%BEk%8B1%A4%E6%85%3Fj%D2%86l%17Cd%FD%98%3A%DB%3E%AA%87%2B%B5%97%02%A4%B5v%3C1%20W%E0%8B%E1%3DLE%9F%08%84Fi%C6%AF%E4%08%09%106OKq%278%AD%CB%FF8%B0%92G%D6N%9E%0CS%01%D6%3E%E0%80%DBP%CAio%A4%BC%00%00%F2%00%01%A2%03%E2%02%85%3F%CEUL%08m2%E5%A6%28%3Ew%CDb%836%8B%D9z%DA%5B%02%D776-%A5s%B2%09%84%40%00%02%BA%B5%057%D4%8Fe%91%00%01%E2%01%DA%0A%950%81%9F0%0D%06%09%2A%86H%86%F7%0D%01%01%01%05%00%03%81%8D%000%81%89%02%81%81%00%C0%FB%16%1F%A6%9A%5E%A0%2A%D2%80%DA%8E%D9f%C1%85r%83t%A6%28P6%CC%20O%60%D9Pi%87%F3%F6%D7%8C%F8F%BFw%3C%08%10%FF%D8%02%3E%1B%03E%0B%24%D5T%3F%21T%FC%8Fl%5C%07%22%60o%AA%AF%8E%1E6%9A%7DvVbs%2C%BCrW-Z%0F%F1%9F%CA%DA%B3%E0%06%E9%81%F7-%01%16%D5%7D%DF%D4%21E%2F%B0%C1%A7%27%AF%C2%0C%B6%C3%EC%1C%BF%5D%82T%A5%DEa%C4%14%401%10%C6%23%02%03%01%00%01%00%00%00%01%9A%05%9D%05%8A%04%CA%BEselfreg%00%F2%FA%A5test%00%FA%8D1%00%00%03%E2%02%85%D7%C0.%E6%A2%06%2B%91%AF8hE%F6%C9U%84%F7%7D%A1%B3U%3F%CF%B4%1B%B0%85%A4%24x%11m%00%04%FA%8E3%00%03%D2%D62147483647%00%00%00%00 (532 bytes,scope=1) D7C02E-02B1-0006-F645-49000B
1400719606.386510 ccnd[689]: sl.1598 0 ci=4 osrc=4294967295 src=0 usec=9743
1400719606.386518 ccnd[689]: fwd.3059 adding 0
1400719606.386524 ccnd[689]: sl.1598 0 ci=3 osrc=4294967295 src=0 usec=9743
1400719606.386531 ccnd[689]: fwd.3059 adding 0
1400719606.386614 ccnd[689]: debug.1268 content_to 6 ccnx:/ccnx/%D7%C0.%E6%A2%06%2B%91%AF8hE%F6%C9U%84%F7%7D%A1%B3U%3F%CF%B4%1B%B0%85%A4%24x%11m/selfreg/%04%82%02%AA%03%B2%08%85%28%2F%EEvNL%1E%C2%A9%88%D8%ED%0AGG%BB%BD%1D%89%01o5%AE4%2C%9B%07u%86%10%E8%FA%EAmR%E7Bm%27%9CS%94z%99%95%FA%96%03%BEk%8B1%A4%E6%85%3Fj%D2%86l%17Cd%FD%98%3A%DB%3E%AA%87%2B%B5%97%02%A4%B5v%3C1%20W%E0%8B%E1%3DLE%9F%08%84Fi%C6%AF%E4%08%09%106OKq%278%AD%CB%FF8%B0%92G%D6N%9E%0CS%01%D6%3E%E0%80%DBP%CAio%A4%BC%00%00%F2%00%01%A2%03%E2%02%85%3F%CEUL%08m2%E5%A6%28%3Ew%CDb%836%8B%D9z%DA%5B%02%D776-%A5s%B2%09%84%40%00%02%BA%B5%057%D4%8Fe%91%00%01%E2%01%DA%0A%950%81%9F0%0D%06%09%2A%86H%86%F7%0D%01%01%01%05%00%03%81%8D%000%81%89%02%81%81%00%C0%FB%16%1F%A6%9A%5E%A0%2A%D2%80%DA%8E%D9f%C1%85r%83t%A6%28P6%CC%20O%60%D9Pi%87%F3%F6%D7%8C%F8F%BFw%3C%08%10%FF%D8%02%3E%1B%03E%0B%24%D5T%3F%21T%FC%8Fl%5C%07%22%60o%AA%AF%8E%1E6%9A%7DvVbs%2C%BCrW-Z%0F%F1%9F%CA%DA%B3%E0%06%E9%81%F7-%01%16%D5%7D%DF%D4%21E%2F%B0%C1%A7%27%AF%C2%0C%B6%C3%EC%1C%BF%5D%82T%A5%DEa%C4%14%401%10%C6%23%02%03%01%00%01%00%00%00%01%9A%05%9D%05%8A%04%CA%BEselfreg%00%F2%FA%A5test%00%FA%8D1%00%00%03%E2%02%85%D7%C0.%E6%A2%06%2B%91%AF8hE%F6%C9U%84%F7%7D%A1%B3U%3F%CF%B4%1B%B0%85%A4%24x%11m%00%04%FA%8E3%00%03%D2%D62147483647%00%00%00%00/%B0%AF%AAK%92%BA%CB%C8%F8%7F%5C%A5%92_D%E7X%FF%1C%0A%83%E8%BD%18%5D%04%2C%04%EFR%DA%BD (991 bytes)
1400719607.000000 ccnd[689]: 6001 ____________________ Thu May 22 00:46:47 2014
1400719607.535289 ccnd[689]: accepted datagram client id=7 (flags=0x40012) 192.168.122.2 port 6001
1400719607.535358 ccnd[689]: debug.3807 interest_from 7 ccnx:/test/1 (32 bytes) 6A536B-0297-0008-F66F-C7DFEB
1400719607.535369 ccnd[689]: version: 20090701, prefix_comps: 2, min_suffix_comps: 0, max_suffix_comps: 32767, orderpref: 0, answerfrom: 3, scope: -1, lifetime: 4.0000, excl: 0 bytes, etc: 0 bytes
1400719607.535417 ccnd[689]: debug.3856 first_candidate ccnx:/%C1.M.S.localhost/%C1.M.SRV/ccnd/KEY/%C1.M.K%00%D7%C0.%E6%A2%06%2B%91%AF8hE%F6%C9U%84%F7%7D%A1%B3U%3F%CF%B4%1B%B0%85%A4%24x%11m/%FD%057%D4%8D%1F%B7/%00/%CF%88%26%F3%E9%BA%B2%00%A8%3DfG%034%FC%8C%82%5E%89%5Bi%99%19%96%C7_%A6d%C2%AD%3DZ (611 bytes)
1400719607.535438 ccnd[689]: debug.3863 prefix_mismatch ccnx:/test/1 (32 bytes) 6A536B-0297-0008-F66F-C7DFEB
1400719607.535449 ccnd[689]: fwd.3059 adding 6
1400719607.535460 ccnd[689]: outbound.3131 adding 6
1400719607.535485 ccnd[689]: debug.3523 0x6929f0.0of1,usec=798+3999202 7 ccnx:/test/1 (32 bytes) 6A536B-0297-0008-F66F-C7DFEB
1400719607.535512 ccnd[689]: debug.3807 interest_from 7 ccnx:/%C1.M.S.neighborhood/%C1.M.SRV/ccnd/KEY (55 bytes,scope=2)
1400719607.535522 ccnd[689]: version: 20090701, prefix_comps: 4, min_suffix_comps: 0, max_suffix_comps: 32767, orderpref: 0, answerfrom: 3, scope: 2, lifetime: 4.0000, excl: 0 bytes, etc: 0 bytes
1400719607.535540 ccnd[689]: fwd.3059 adding 0
1400719607.535552 ccnd[689]: outbound.3131 adding 0
1400719607.535580 ccnd[689]: debug.3523 0x698d90.0of1,usec=2761+3997239 7 ccnx:/%C1.M.S.neighborhood/%C1.M.SRV/ccnd/KEY (71 bytes,scope=2) D7C02E-02B1-0007-F789-41EF53
1400719607.541467 ccnd[689]: debug.3210 interest_to 6 ccnx:/test/1 (32 bytes) 6A536B-0297-0008-F66F-C7DFEB
1400719607.541525 ccnd[689]: debug.3249 0x6929f0.1of1,usec=250000+3749202 7 ccnx:/test/1 (32 bytes) 6A536B-0297-0008-F66F-C7DFEB
1400719607.541551 ccnd[689]: debug.3210 interest_to 0 ccnx:/%C1.M.S.neighborhood/%C1.M.SRV/ccnd/KEY (71 bytes,scope=2) D7C02E-02B1-0007-F789-41EF53
1400719607.541580 ccnd[689]: debug.158 ccnd_answer_req ccnx:/%C1.M.S.neighborhood/%C1.M.SRV/ccnd/KEY (71 bytes,scope=2) D7C02E-02B1-0007-F789-41EF53
1400719607.542534 ccnd[689]: debug.4109 content_from 0 ccnx:/%C1.M.S.neighborhood/%C1.M.SRV/ccnd/KEY/%C1.M.K%00%D7%C0.%E6%A2%06%2B%91%AF8hE%F6%C9U%84%F7%7D%A1%B3U%3F%CF%B4%1B%B0%85%A4%24x%11m/%FD%057%D4%8D%1F%B7/%00/%AB%A7%18%B5cF0vaHG%26m%5B%9B1%FD%01%A3K%D8%89%CB%25%A8%3B%E8%2A%AE%FE%19%BF (617 bytes)
1400719607.542559 ccnd[689]: fwd.3059 adding 0
1400719607.542578 ccnd[689]: face 7 q 1 delay 733 usec
1400719607.542603 ccnd[689]: debug.1526 consume 7 ccnx:/%C1.M.S.neighborhood/%C1.M.SRV/ccnd/KEY (71 bytes,scope=2) D7C02E-02B1-0007-F789-41EF53
1400719607.542613 ccnd[689]: sl.1598 0 ci=4 osrc=4294967295 src=0 usec=9819
1400719607.542641 ccnd[689]: fwd.3059 adding 0
1400719607.542652 ccnd[689]: sl.1598 0 ci=3 osrc=4294967295 src=0 usec=9819
1400719607.542663 ccnd[689]: fwd.3059 adding 0
1400719607.546858 ccnd[689]: debug.4109 content_from 6 ccnx:/test/1/%FD%057%D4%8Ff5/%00/%F1%E3%CB%00%A5FLN%DAo%B5%23K%EB%9C%40vR%82%F7%D1%98%BC%26%CDm%C57%BF%5C8%0A (433 bytes)
1400719607.546897 ccnd[689]: debug.1526 consume 7 ccnx:/test/1 (32 bytes) 6A536B-0297-0008-F66F-C7DFEB
1400719607.546909 ccnd[689]: sl.1598 6 ci=2 osrc=4294967295 src=6 usec=9819
1400719607.546921 ccnd[689]: sl.1598 6 ci=1 osrc=4294967295 src=6 usec=9819
1400719607.546958 ccnd[689]: debug.1268 content_to 7 ccnx:/%C1.M.S.neighborhood/%C1.M.SRV/ccnd/KEY/%C1.M.K%00%D7%C0.%E6%A2%06%2B%91%AF8hE%F6%C9U%84%F7%7D%A1%B3U%3F%CF%B4%1B%B0%85%A4%24x%11m/%FD%057%D4%8D%1F%B7/%00/%AB%A7%18%B5cF0vaHG%26m%5B%9B1%FD%01%A3K%D8%89%CB%25%A8%3B%E8%2A%AE%FE%19%BF (617 bytes)
1400719607.546992 ccnd[689]: face 7 queued 1 delay 1334
1400719607.547026 ccnd[689]: debug.1268 content_to 7 ccnx:/test/1/%FD%057%D4%8Ff5/%00/%F1%E3%CB%00%A5FLN%DAo%B5%23K%EB%9C%40vR%82%F7%D1%98%BC%26%CDm%C57%BF%5C8%0A (433 bytes)
1400719609.000000 ccnd[689]: 6001 ____________________ Thu May 22 00:46:49 2014
1400719609.182998 ccnd[689]: accepted client fd=9 id=8
1400719609.183147 ccnd[689]: debug.3807 interest_from 8 ccnx:/%C1.M.S.localhost/%C1.M.SRV/ccnd/KEY (51 bytes,scope=1)
1400719609.183160 ccnd[689]: version: 20090701, prefix_comps: 4, min_suffix_comps: 0, max_suffix_comps: 32767, orderpref: 0, answerfrom: 3, scope: 1, lifetime: 4.0000, excl: 0 bytes, etc: 0 bytes
1400719609.183210 ccnd[689]: debug.3856 first_candidate ccnx:/%C1.M.S.localhost/%C1.M.SRV/ccnd/KEY/%C1.M.K%00%D7%C0.%E6%A2%06%2B%91%AF8hE%F6%C9U%84%F7%7D%A1%B3U%3F%CF%B4%1B%B0%85%A4%24x%11m/%FD%057%D4%8D%1F%B7/%00/%CF%88%26%F3%E9%BA%B2%00%A8%3DfG%034%FC%8C%82%5E%89%5Bi%99%19%96%C7_%A6d%C2%AD%3DZ (611 bytes)
1400719609.183253 ccnd[689]: debug.3884 matches ccnx:/%C1.M.S.localhost/%C1.M.SRV/ccnd/KEY/%C1.M.K%00%D7%C0.%E6%A2%06%2B%91%AF8hE%F6%C9U%84%F7%7D%A1%B3U%3F%CF%B4%1B%B0%85%A4%24x%11m/%FD%057%D4%8D%1F%B7/%00/%CF%88%26%F3%E9%BA%B2%00%A8%3DfG%034%FC%8C%82%5E%89%5Bi%99%19%96%C7_%A6d%C2%AD%3DZ (611 bytes)
1400719609.183267 ccnd[689]: face 8 q 0 delay 3 usec
1400719609.183287 ccnd[689]: debug.3918 consume 8 ccnx:/%C1.M.S.localhost/%C1.M.SRV/ccnd/KEY (51 bytes,scope=1)
1400719609.183300 ccnd[689]: fwd.3059 adding 0
1400719609.183311 ccnd[689]: fwd.3059 adding 0
1400719609.183321 ccnd[689]: fwd.3059 adding 0
1400719609.183331 ccnd[689]: fwd.3059 adding 0
1400719609.183341 ccnd[689]: fwd.3059 adding 0
1400719609.183351 ccnd[689]: fwd.3059 adding 0
1400719609.183361 ccnd[689]: fwd.3059 adding 0
1400719609.183371 ccnd[689]: fwd.3059 adding 0
1400719609.183381 ccnd[689]: fwd.3059 adding 0
1400719609.183391 ccnd[689]: fwd.3059 adding 0
1400719609.183428 ccnd[689]: debug.1268 content_to 8 ccnx:/%C1.M.S.localhost/%C1.M.SRV/ccnd/KEY/%C1.M.K%00%D7%C0.%E6%A2%06%2B%91%AF8hE%F6%C9U%84%F7%7D%A1%B3U%3F%CF%B4%1B%B0%85%A4%24x%11m/%FD%057%D4%8D%1F%B7/%00/%CF%88%26%F3%E9%BA%B2%00%A8%3DfG%034%FC%8C%82%5E%89%5Bi%99%19%96%C7_%A6d%C2%AD%3DZ (611 bytes)
1400719609.189626 ccnd[689]: debug.3807 interest_from 8 ccnx:/ccnx/%D7%C0.%E6%A2%06%2B%91%AF8hE%F6%C9U%84%F7%7D%A1%B3U%3F%CF%B4%1B%B0%85%A4%24x%11m/newface/%04%82%02%AA%03%B2%08%85b%A9%89%98N%A5%2F%E998%CA_%19%EB%F4%05%19%B1%EEV6%0D%90%D8%0B%06%FA%F6%BF%B2EM%C6%04%8D%90%E8%3E%60%3C%99N%9EI%86FV%D3%88n%3B%19%40%9C9%10%28%B1%BDa%7FhN%3Cc%EE%3EI%CF%1E%9C%24%28%94%A5w%22%3A%A5%B5%CAls%EB%27e%A6%01%DE%FA%24%BABYu%AE%F0%D4T%E2%0D%0A%A9%96z3%E5d%81_%B9%FAC%20%1F%E7%C2%2B%A4%DA%F4u%60%F01%2C%89%1A%00%00%F2%00%01%A2%03%E2%02%85%3F%CEUL%08m2%E5%A6%28%3Ew%CDb%836%8B%D9z%DA%5B%02%D776-%A5s%B2%09%84%40%00%02%BA%B5%057%D4%8F%93%03%00%01%E2%01%DA%0A%950%81%9F0%0D%06%09%2A%86H%86%F7%0D%01%01%01%05%00%03%81%8D%000%81%89%02%81%81%00%C0%FB%16%1F%A6%9A%5E%A0%2A%D2%80%DA%8E%D9f%C1%85r%83t%A6%28P6%CC%20O%60%D9Pi%87%F3%F6%D7%8C%F8F%BFw%3C%08%10%FF%D8%02%3E%1B%03E%0B%24%D5T%3F%21T%FC%8Fl%5C%07%22%60o%AA%AF%8E%1E6%9A%7DvVbs%2C%BCrW-Z%0F%F1%9F%CA%DA%B3%E0%06%E9%81%F7-%01%16%D5%7D%DF%D4%21E%2F%B0%C1%A7%27%AF%C2%0C%B6%C3%EC%1C%BF%5D%82T%A5%DEa%C4%14%401%10%C6%23%02%03%01%00%01%00%00%00%01%9A%06%AD%05%82%04%CA%BEnewface%00%03%E2%02%85%D7%C0.%E6%A2%06%2B%91%AF8hE%F6%C9U%84%F7%7D%A1%B3U%3F%CF%B4%1B%B0%85%A4%24x%11m%00%04%D2%8E0%00%04%DA%9617%00%04%E2%EE192.168.122.2%00%04%EA%A66001%00%03%D2%D62147483647%00%00%00%00 (534 bytes,scope=1)
1400719609.189656 ccnd[689]: version: 20090701, prefix_comps: 4, min_suffix_comps: 0, max_suffix_comps: 32767, orderpref: 0, answerfrom: 3, scope: 1, lifetime: 4.0000, excl: 0 bytes, etc: 0 bytes
1400719609.189785 ccnd[689]: debug.3856 first_candidate ccnx:/ccnx/%D7%C0.%E6%A2%06%2B%91%AF8hE%F6%C9U%84%F7%7D%A1%B3U%3F%CF%B4%1B%B0%85%A4%24x%11m/selfreg/%04%82%02%AA%03%B2%08%85%28%2F%EEvNL%1E%C2%A9%88%D8%ED%0AGG%BB%BD%1D%89%01o5%AE4%2C%9B%07u%86%10%E8%FA%EAmR%E7Bm%27%9CS%94z%99%95%FA%96%03%BEk%8B1%A4%E6%85%3Fj%D2%86l%17Cd%FD%98%3A%DB%3E%AA%87%2B%B5%97%02%A4%B5v%3C1%20W%E0%8B%E1%3DLE%9F%08%84Fi%C6%AF%E4%08%09%106OKq%278%AD%CB%FF8%B0%92G%D6N%9E%0CS%01%D6%3E%E0%80%DBP%CAio%A4%BC%00%00%F2%00%01%A2%03%E2%02%85%3F%CEUL%08m2%E5%A6%28%3Ew%CDb%836%8B%D9z%DA%5B%02%D776-%A5s%B2%09%84%40%00%02%BA%B5%057%D4%8Fe%91%00%01%E2%01%DA%0A%950%81%9F0%0D%06%09%2A%86H%86%F7%0D%01%01%01%05%00%03%81%8D%000%81%89%02%81%81%00%C0%FB%16%1F%A6%9A%5E%A0%2A%D2%80%DA%8E%D9f%C1%85r%83t%A6%28P6%CC%20O%60%D9Pi%87%F3%F6%D7%8C%F8F%BFw%3C%08%10%FF%D8%02%3E%1B%03E%0B%24%D5T%3F%21T%FC%8Fl%5C%07%22%60o%AA%AF%8E%1E6%9A%7DvVbs%2C%BCrW-Z%0F%F1%9F%CA%DA%B3%E0%06%E9%81%F7-%01%16%D5%7D%DF%D4%21E%2F%B0%C1%A7%27%AF%C2%0C%B6%C3%EC%1C%BF%5D%82T%A5%DEa%C4%14%401%10%C6%23%02%03%01%00%01%00%00%00%01%9A%05%9D%05%8A%04%CA%BEselfreg%00%F2%FA%A5test%00%FA%8D1%00%00%03%E2%02%85%D7%C0.%E6%A2%06%2B%91%AF8hE%F6%C9U%84%F7%7D%A1%B3U%3F%CF%B4%1B%B0%85%A4%24x%11m%00%04%FA%8E3%00%03%D2%D62147483647%00%00%00%00/%B0%AF%AAK%92%BA%CB%C8%F8%7F%5C%A5%92_D%E7X%FF%1C%0A%83%E8%BD%18%5D%04%2C%04%EFR%DA%BD (991 bytes)
1400719609.189902 ccnd[689]: debug.3863 prefix_mismatch ccnx:/ccnx/%D7%C0.%E6%A2%06%2B%91%AF8hE%F6%C9U%84%F7%7D%A1%B3U%3F%CF%B4%1B%B0%85%A4%24x%11m/newface/%04%82%02%AA%03%B2%08%85b%A9%89%98N%A5%2F%E998%CA_%19%EB%F4%05%19%B1%EEV6%0D%90%D8%0B%06%FA%F6%BF%B2EM%C6%04%8D%90%E8%3E%60%3C%99N%9EI%86FV%D3%88n%3B%19%40%9C9%10%28%B1%BDa%7FhN%3Cc%EE%3EI%CF%1E%9C%24%28%94%A5w%22%3A%A5%B5%CAls%EB%27e%A6%01%DE%FA%24%BABYu%AE%F0%D4T%E2%0D%0A%A9%96z3%E5d%81_%B9%FAC%20%1F%E7%C2%2B%A4%DA%F4u%60%F01%2C%89%1A%00%00%F2%00%01%A2%03%E2%02%85%3F%CEUL%08m2%E5%A6%28%3Ew%CDb%836%8B%D9z%DA%5B%02%D776-%A5s%B2%09%84%40%00%02%BA%B5%057%D4%8F%93%03%00%01%E2%01%DA%0A%950%81%9F0%0D%06%09%2A%86H%86%F7%0D%01%01%01%05%00%03%81%8D%000%81%89%02%81%81%00%C0%FB%16%1F%A6%9A%5E%A0%2A%D2%80%DA%8E%D9f%C1%85r%83t%A6%28P6%CC%20O%60%D9Pi%87%F3%F6%D7%8C%F8F%BFw%3C%08%10%FF%D8%02%3E%1B%03E%0B%24%D5T%3F%21T%FC%8Fl%5C%07%22%60o%AA%AF%8E%1E6%9A%7DvVbs%2C%BCrW-Z%0F%F1%9F%CA%DA%B3%E0%06%E9%81%F7-%01%16%D5%7D%DF%D4%21E%2F%B0%C1%A7%27%AF%C2%0C%B6%C3%EC%1C%BF%5D%82T%A5%DEa%C4%14%401%10%C6%23%02%03%01%00%01%00%00%00%01%9A%06%AD%05%82%04%CA%BEnewface%00%03%E2%02%85%D7%C0.%E6%A2%06%2B%91%AF8hE%F6%C9U%84%F7%7D%A1%B3U%3F%CF%B4%1B%B0%85%A4%24x%11m%00%04%D2%8E0%00%04%DA%9617%00%04%E2%EE192.168.122.2%00%04%EA%A66001%00%03%D2%D62147483647%00%00%00%00 (534 bytes,scope=1)
1400719609.189916 ccnd[689]: outbound.3131 adding 0
1400719609.190039 ccnd[689]: debug.3523 0x6967e0.0of1,usec=2128+3997872 8 ccnx:/ccnx/%D7%C0.%E6%A2%06%2B%91%AF8hE%F6%C9U%84%F7%7D%A1%B3U%3F%CF%B4%1B%B0%85%A4%24x%11m/newface/%04%82%02%AA%03%B2%08%85b%A9%89%98N%A5%2F%E998%CA_%19%EB%F4%05%19%B1%EEV6%0D%90%D8%0B%06%FA%F6%BF%B2EM%C6%04%8D%90%E8%3E%60%3C%99N%9EI%86FV%D3%88n%3B%19%40%9C9%10%28%B1%BDa%7FhN%3Cc%EE%3EI%CF%1E%9C%24%28%94%A5w%22%3A%A5%B5%CAls%EB%27e%A6%01%DE%FA%24%BABYu%AE%F0%D4T%E2%0D%0A%A9%96z3%E5d%81_%B9%FAC%20%1F%E7%C2%2B%A4%DA%F4u%60%F01%2C%89%1A%00%00%F2%00%01%A2%03%E2%02%85%3F%CEUL%08m2%E5%A6%28%3Ew%CDb%836%8B%D9z%DA%5B%02%D776-%A5s%B2%09%84%40%00%02%BA%B5%057%D4%8F%93%03%00%01%E2%01%DA%0A%950%81%9F0%0D%06%09%2A%86H%86%F7%0D%01%01%01%05%00%03%81%8D%000%81%89%02%81%81%00%C0%FB%16%1F%A6%9A%5E%A0%2A%D2%80%DA%8E%D9f%C1%85r%83t%A6%28P6%CC%20O%60%D9Pi%87%F3%F6%D7%8C%F8F%BFw%3C%08%10%FF%D8%02%3E%1B%03E%0B%24%D5T%3F%21T%FC%8Fl%5C%07%22%60o%AA%AF%8E%1E6%9A%7DvVbs%2C%BCrW-Z%0F%F1%9F%CA%DA%B3%E0%06%E9%81%F7-%01%16%D5%7D%DF%D4%21E%2F%B0%C1%A7%27%AF%C2%0C%B6%C3%EC%1C%BF%5D%82T%A5%DEa%C4%14%401%10%C6%23%02%03%01%00%01%00%00%00%01%9A%06%AD%05%82%04%CA%BEnewface%00%03%E2%02%85%D7%C0.%E6%A2%06%2B%91%AF8hE%F6%C9U%84%F7%7D%A1%B3U%3F%CF%B4%1B%B0%85%A4%24x%11m%00%04%D2%8E0%00%04%DA%9617%00%04%E2%EE192.168.122.2%00%04%EA%A66001%00%03%D2%D62147483647%00%00%00%00 (550 bytes,scope=1) D7C02E-02B1-0008-F92E-66DBDD
1400719609.198165 ccnd[689]: debug.3210 interest_to 0 ccnx:/ccnx/%D7%C0.%E6%A2%06%2B%91%AF8hE%F6%C9U%84%F7%7D%A1%B3U%3F%CF%B4%1B%B0%85%A4%24x%11m/newface/%04%82%02%AA%03%B2%08%85b%A9%89%98N%A5%2F%E998%CA_%19%EB%F4%05%19%B1%EEV6%0D%90%D8%0B%06%FA%F6%BF%B2EM%C6%04%8D%90%E8%3E%60%3C%99N%9EI%86FV%D3%88n%3B%19%40%9C9%10%28%B1%BDa%7FhN%3Cc%EE%3EI%CF%1E%9C%24%28%94%A5w%22%3A%A5%B5%CAls%EB%27e%A6%01%DE%FA%24%BABYu%AE%F0%D4T%E2%0D%0A%A9%96z3%E5d%81_%B9%FAC%20%1F%E7%C2%2B%A4%DA%F4u%60%F01%2C%89%1A%00%00%F2%00%01%A2%03%E2%02%85%3F%CEUL%08m2%E5%A6%28%3Ew%CDb%836%8B%D9z%DA%5B%02%D776-%A5s%B2%09%84%40%00%02%BA%B5%057%D4%8F%93%03%00%01%E2%01%DA%0A%950%81%9F0%0D%06%09%2A%86H%86%F7%0D%01%01%01%05%00%03%81%8D%000%81%89%02%81%81%00%C0%FB%16%1F%A6%9A%5E%A0%2A%D2%80%DA%8E%D9f%C1%85r%83t%A6%28P6%CC%20O%60%D9Pi%87%F3%F6%D7%8C%F8F%BFw%3C%08%10%FF%D8%02%3E%1B%03E%0B%24%D5T%3F%21T%FC%8Fl%5C%07%22%60o%AA%AF%8E%1E6%9A%7DvVbs%2C%BCrW-Z%0F%F1%9F%CA%DA%B3%E0%06%E9%81%F7-%01%16%D5%7D%DF%D4%21E%2F%B0%C1%A7%27%AF%C2%0C%B6%C3%EC%1C%BF%5D%82T%A5%DEa%C4%14%401%10%C6%23%02%03%01%00%01%00%00%00%01%9A%06%AD%05%82%04%CA%BEnewface%00%03%E2%02%85%D7%C0.%E6%A2%06%2B%91%AF8hE%F6%C9U%84%F7%7D%A1%B3U%3F%CF%B4%1B%B0%85%A4%24x%11m%00%04%D2%8E0%00%04%DA%9617%00%04%E2%EE192.168.122.2%00%04%EA%A66001%00%03%D2%D62147483647%00%00%00%00 (550 bytes,scope=1) D7C02E-02B1-0008-F92E-66DBDD
1400719609.198295 ccnd[689]: debug.158 ccnd_answer_req ccnx:/ccnx/%D7%C0.%E6%A2%06%2B%91%AF8hE%F6%C9U%84%F7%7D%A1%B3U%3F%CF%B4%1B%B0%85%A4%24x%11m/newface/%04%82%02%AA%03%B2%08%85b%A9%89%98N%A5%2F%E998%CA_%19%EB%F4%05%19%B1%EEV6%0D%90%D8%0B%06%FA%F6%BF%B2EM%C6%04%8D%90%E8%3E%60%3C%99N%9EI%86FV%D3%88n%3B%19%40%9C9%10%28%B1%BDa%7FhN%3Cc%EE%3EI%CF%1E%9C%24%28%94%A5w%22%3A%A5%B5%CAls%EB%27e%A6%01%DE%FA%24%BABYu%AE%F0%D4T%E2%0D%0A%A9%96z3%E5d%81_%B9%FAC%20%1F%E7%C2%2B%A4%DA%F4u%60%F01%2C%89%1A%00%00%F2%00%01%A2%03%E2%02%85%3F%CEUL%08m2%E5%A6%28%3Ew%CDb%836%8B%D9z%DA%5B%02%D776-%A5s%B2%09%84%40%00%02%BA%B5%057%D4%8F%93%03%00%01%E2%01%DA%0A%950%81%9F0%0D%06%09%2A%86H%86%F7%0D%01%01%01%05%00%03%81%8D%000%81%89%02%81%81%00%C0%FB%16%1F%A6%9A%5E%A0%2A%D2%80%DA%8E%D9f%C1%85r%83t%A6%28P6%CC%20O%60%D9Pi%87%F3%F6%D7%8C%F8F%BFw%3C%08%10%FF%D8%02%3E%1B%03E%0B%24%D5T%3F%21T%FC%8Fl%5C%07%22%60o%AA%AF%8E%1E6%9A%7DvVbs%2C%BCrW-Z%0F%F1%9F%CA%DA%B3%E0%06%E9%81%F7-%01%16%D5%7D%DF%D4%21E%2F%B0%C1%A7%27%AF%C2%0C%B6%C3%EC%1C%BF%5D%82T%A5%DEa%C4%14%401%10%C6%23%02%03%01%00%01%00%00%00%01%9A%06%AD%05%82%04%CA%BEnewface%00%03%E2%02%85%D7%C0.%E6%A2%06%2B%91%AF8hE%F6%C9U%84%F7%7D%A1%B3U%3F%CF%B4%1B%B0%85%A4%24x%11m%00%04%D2%8E0%00%04%DA%9617%00%04%E2%EE192.168.122.2%00%04%EA%A66001%00%03%D2%D62147483647%00%00%00%00 (550 bytes,scope=1) D7C02E-02B1-0008-F92E-66DBDD
1400719609.198433 ccnd[689]: ccnd_req_newface from 8: getaddrinfo(192.168.122.2, 6001, ...) returned 0
1400719609.199390 ccnd[689]: debug.280 ccnd_answer_req_response ccnx:/ccnx/%D7%C0.%E6%A2%06%2B%91%AF8hE%F6%C9U%84%F7%7D%A1%B3U%3F%CF%B4%1B%B0%85%A4%24x%11m/newface/%04%82%02%AA%03%B2%08%85b%A9%89%98N%A5%2F%E998%CA_%19%EB%F4%05%19%B1%EEV6%0D%90%D8%0B%06%FA%F6%BF%B2EM%C6%04%8D%90%E8%3E%60%3C%99N%9EI%86FV%D3%88n%3B%19%40%9C9%10%28%B1%BDa%7FhN%3Cc%EE%3EI%CF%1E%9C%24%28%94%A5w%22%3A%A5%B5%CAls%EB%27e%A6%01%DE%FA%24%BABYu%AE%F0%D4T%E2%0D%0A%A9%96z3%E5d%81_%B9%FAC%20%1F%E7%C2%2B%A4%DA%F4u%60%F01%2C%89%1A%00%00%F2%00%01%A2%03%E2%02%85%3F%CEUL%08m2%E5%A6%28%3Ew%CDb%836%8B%D9z%DA%5B%02%D776-%A5s%B2%09%84%40%00%02%BA%B5%057%D4%8F%93%03%00%01%E2%01%DA%0A%950%81%9F0%0D%06%09%2A%86H%86%F7%0D%01%01%01%05%00%03%81%8D%000%81%89%02%81%81%00%C0%FB%16%1F%A6%9A%5E%A0%2A%D2%80%DA%8E%D9f%C1%85r%83t%A6%28P6%CC%20O%60%D9Pi%87%F3%F6%D7%8C%F8F%BFw%3C%08%10%FF%D8%02%3E%1B%03E%0B%24%D5T%3F%21T%FC%8Fl%5C%07%22%60o%AA%AF%8E%1E6%9A%7DvVbs%2C%BCrW-Z%0F%F1%9F%CA%DA%B3%E0%06%E9%81%F7-%01%16%D5%7D%DF%D4%21E%2F%B0%C1%A7%27%AF%C2%0C%B6%C3%EC%1C%BF%5D%82T%A5%DEa%C4%14%401%10%C6%23%02%03%01%00%01%00%00%00%01%9A%06%AD%05%82%04%CA%BEnewface%00%03%E2%02%85%D7%C0.%E6%A2%06%2B%91%AF8hE%F6%C9U%84%F7%7D%A1%B3U%3F%CF%B4%1B%B0%85%A4%24x%11m%00%04%D2%8E0%00%04%DA%9617%00%04%E2%EE192.168.122.2%00%04%EA%A66001%00%03%D2%D62147483647%00%00%00%00 (986 bytes)
1400719609.199551 ccnd[689]: debug.4109 content_from 0 ccnx:/ccnx/%D7%C0.%E6%A2%06%2B%91%AF8hE%F6%C9U%84%F7%7D%A1%B3U%3F%CF%B4%1B%B0%85%A4%24x%11m/newface/%04%82%02%AA%03%B2%08%85b%A9%89%98N%A5%2F%E998%CA_%19%EB%F4%05%19%B1%EEV6%0D%90%D8%0B%06%FA%F6%BF%B2EM%C6%04%8D%90%E8%3E%60%3C%99N%9EI%86FV%D3%88n%3B%19%40%9C9%10%28%B1%BDa%7FhN%3Cc%EE%3EI%CF%1E%9C%24%28%94%A5w%22%3A%A5%B5%CAls%EB%27e%A6%01%DE%FA%24%BABYu%AE%F0%D4T%E2%0D%0A%A9%96z3%E5d%81_%B9%FAC%20%1F%E7%C2%2B%A4%DA%F4u%60%F01%2C%89%1A%00%00%F2%00%01%A2%03%E2%02%85%3F%CEUL%08m2%E5%A6%28%3Ew%CDb%836%8B%D9z%DA%5B%02%D776-%A5s%B2%09%84%40%00%02%BA%B5%057%D4%8F%93%03%00%01%E2%01%DA%0A%950%81%9F0%0D%06%09%2A%86H%86%F7%0D%01%01%01%05%00%03%81%8D%000%81%89%02%81%81%00%C0%FB%16%1F%A6%9A%5E%A0%2A%D2%80%DA%8E%D9f%C1%85r%83t%A6%28P6%CC%20O%60%D9Pi%87%F3%F6%D7%8C%F8F%BFw%3C%08%10%FF%D8%02%3E%1B%03E%0B%24%D5T%3F%21T%FC%8Fl%5C%07%22%60o%AA%AF%8E%1E6%9A%7DvVbs%2C%BCrW-Z%0F%F1%9F%CA%DA%B3%E0%06%E9%81%F7-%01%16%D5%7D%DF%D4%21E%2F%B0%C1%A7%27%AF%C2%0C%B6%C3%EC%1C%BF%5D%82T%A5%DEa%C4%14%401%10%C6%23%02%03%01%00%01%00%00%00%01%9A%06%AD%05%82%04%CA%BEnewface%00%03%E2%02%85%D7%C0.%E6%A2%06%2B%91%AF8hE%F6%C9U%84%F7%7D%A1%B3U%3F%CF%B4%1B%B0%85%A4%24x%11m%00%04%D2%8E0%00%04%DA%9617%00%04%E2%EE192.168.122.2%00%04%EA%A66001%00%03%D2%D62147483647%00%00%00%00/%28%F8%06s%3D%D9%B0%D5NSf%E7f%89%BE%84%E4I%A0~%5Da%179%86y%3D~%5D%93z%3D (1022 bytes)
1400719609.199587 ccnd[689]: fwd.3059 adding 0
1400719609.199606 ccnd[689]: face 8 q 0 delay 3 usec
1400719609.199724 ccnd[689]: debug.1526 consume 8 ccnx:/ccnx/%D7%C0.%E6%A2%06%2B%91%AF8hE%F6%C9U%84%F7%7D%A1%B3U%3F%CF%B4%1B%B0%85%A4%24x%11m/newface/%04%82%02%AA%03%B2%08%85b%A9%89%98N%A5%2F%E998%CA_%19%EB%F4%05%19%B1%EEV6%0D%90%D8%0B%06%FA%F6%BF%B2EM%C6%04%8D%90%E8%3E%60%3C%99N%9EI%86FV%D3%88n%3B%19%40%9C9%10%28%B1%BDa%7FhN%3Cc%EE%3EI%CF%1E%9C%24%28%94%A5w%22%3A%A5%B5%CAls%EB%27e%A6%01%DE%FA%24%BABYu%AE%F0%D4T%E2%0D%0A%A9%96z3%E5d%81_%B9%FAC%20%1F%E7%C2%2B%A4%DA%F4u%60%F01%2C%89%1A%00%00%F2%00%01%A2%03%E2%02%85%3F%CEUL%08m2%E5%A6%28%3Ew%CDb%836%8B%D9z%DA%5B%02%D776-%A5s%B2%09%84%40%00%02%BA%B5%057%D4%8F%93%03%00%01%E2%01%DA%0A%950%81%9F0%0D%06%09%2A%86H%86%F7%0D%01%01%01%05%00%03%81%8D%000%81%89%02%81%81%00%C0%FB%16%1F%A6%9A%5E%A0%2A%D2%80%DA%8E%D9f%C1%85r%83t%A6%28P6%CC%20O%60%D9Pi%87%F3%F6%D7%8C%F8F%BFw%3C%08%10%FF%D8%02%3E%1B%03E%0B%24%D5T%3F%21T%FC%8Fl%5C%07%22%60o%AA%AF%8E%1E6%9A%7DvVbs%2C%BCrW-Z%0F%F1%9F%CA%DA%B3%E0%06%E9%81%F7-%01%16%D5%7D%DF%D4%21E%2F%B0%C1%A7%27%AF%C2%0C%B6%C3%EC%1C%BF%5D%82T%A5%DEa%C4%14%401%10%C6%23%02%03%01%00%01%00%00%00%01%9A%06%AD%05%82%04%CA%BEnewface%00%03%E2%02%85%D7%C0.%E6%A2%06%2B%91%AF8hE%F6%C9U%84%F7%7D%A1%B3U%3F%CF%B4%1B%B0%85%A4%24x%11m%00%04%D2%8E0%00%04%DA%9617%00%04%E2%EE192.168.122.2%00%04%EA%A66001%00%03%D2%D62147483647%00%00%00%00 (550 bytes,scope=1) D7C02E-02B1-0008-F92E-66DBDD
1400719609.199738 ccnd[689]: sl.1598 0 ci=4 osrc=4294967295 src=0 usec=9819
1400719609.199749 ccnd[689]: fwd.3059 adding 0
1400719609.199760 ccnd[689]: sl.1598 0 ci=3 osrc=4294967295 src=0 usec=9819
1400719609.199881 ccnd[689]: debug.1268 content_to 8 ccnx:/ccnx/%D7%C0.%E6%A2%06%2B%91%AF8hE%F6%C9U%84%F7%7D%A1%B3U%3F%CF%B4%1B%B0%85%A4%24x%11m/newface/%04%82%02%AA%03%B2%08%85b%A9%89%98N%A5%2F%E998%CA_%19%EB%F4%05%19%B1%EEV6%0D%90%D8%0B%06%FA%F6%BF%B2EM%C6%04%8D%90%E8%3E%60%3C%99N%9EI%86FV%D3%88n%3B%19%40%9C9%10%28%B1%BDa%7FhN%3Cc%EE%3EI%CF%1E%9C%24%28%94%A5w%22%3A%A5%B5%CAls%EB%27e%A6%01%DE%FA%24%BABYu%AE%F0%D4T%E2%0D%0A%A9%96z3%E5d%81_%B9%FAC%20%1F%E7%C2%2B%A4%DA%F4u%60%F01%2C%89%1A%00%00%F2%00%01%A2%03%E2%02%85%3F%CEUL%08m2%E5%A6%28%3Ew%CDb%836%8B%D9z%DA%5B%02%D776-%A5s%B2%09%84%40%00%02%BA%B5%057%D4%8F%93%03%00%01%E2%01%DA%0A%950%81%9F0%0D%06%09%2A%86H%86%F7%0D%01%01%01%05%00%03%81%8D%000%81%89%02%81%81%00%C0%FB%16%1F%A6%9A%5E%A0%2A%D2%80%DA%8E%D9f%C1%85r%83t%A6%28P6%CC%20O%60%D9Pi%87%F3%F6%D7%8C%F8F%BFw%3C%08%10%FF%D8%02%3E%1B%03E%0B%24%D5T%3F%21T%FC%8Fl%5C%07%22%60o%AA%AF%8E%1E6%9A%7DvVbs%2C%BCrW-Z%0F%F1%9F%CA%DA%B3%E0%06%E9%81%F7-%01%16%D5%7D%DF%D4%21E%2F%B0%C1%A7%27%AF%C2%0C%B6%C3%EC%1C%BF%5D%82T%A5%DEa%C4%14%401%10%C6%23%02%03%01%00%01%00%00%00%01%9A%06%AD%05%82%04%CA%BEnewface%00%03%E2%02%85%D7%C0.%E6%A2%06%2B%91%AF8hE%F6%C9U%84%F7%7D%A1%B3U%3F%CF%B4%1B%B0%85%A4%24x%11m%00%04%D2%8E0%00%04%DA%9617%00%04%E2%EE192.168.122.2%00%04%EA%A66001%00%03%D2%D62147483647%00%00%00%00/%28%F8%06s%3D%D9%B0%D5NSf%E7f%89%BE%84%E4I%A0~%5Da%179%86y%3D~%5D%93z%3D (1022 bytes)
1400719609.201003 ccnd[689]: debug.3807 interest_from 8 ccnx:/ccnx/%D7%C0.%E6%A2%06%2B%91%AF8hE%F6%C9U%84%F7%7D%A1%B3U%3F%CF%B4%1B%B0%85%A4%24x%11m/prefixreg/%04%82%02%AA%03%B2%08%85z%0B%C3%91o%A2%9F%C7%E4%EC%8C%0E%2F%CEL%A4%E1%D4%BA%2A%22s%29%3F%EC%B5%5B%81%0B%DE%DCC%18%83%BC%103%FB%F8Z8%22%A3%9F%3B0%D7Zf%8A%F4%7F%A1%D2Y%85%AD%F6U%23%C1%B0%C38%98%9F%9E%C8ty%CA%20%A5%08%15%A0%EFczb%1ES%8B%18%02%A8%82%0D%1C%E8%05%BF%07%A0x%85%CEu%2A%A30%B2%CEL%B2%04%BAl%0E%C7%25%FB%2A%1B%A0X2%D4%A7%F3%E2mt%B5%C7%87%7C%83%00%00%F2%00%01%A2%03%E2%02%85%3F%CEUL%08m2%E5%A6%28%3Ew%CDb%836%8B%D9z%DA%5B%02%D776-%A5s%B2%09%84%40%00%02%BA%B5%057%D4%8F%933%00%01%E2%01%DA%0A%950%81%9F0%0D%06%09%2A%86H%86%F7%0D%01%01%01%05%00%03%81%8D%000%81%89%02%81%81%00%C0%FB%16%1F%A6%9A%5E%A0%2A%D2%80%DA%8E%D9f%C1%85r%83t%A6%28P6%CC%20O%60%D9Pi%87%F3%F6%D7%8C%F8F%BFw%3C%08%10%FF%D8%02%3E%1B%03E%0B%24%D5T%3F%21T%FC%8Fl%5C%07%22%60o%AA%AF%8E%1E6%9A%7DvVbs%2C%BCrW-Z%0F%F1%9F%CA%DA%B3%E0%06%E9%81%F7-%01%16%D5%7D%DF%D4%21E%2F%B0%C1%A7%27%AF%C2%0C%B6%C3%EC%1C%BF%5D%82T%A5%DEa%C4%14%401%10%C6%23%02%03%01%00%01%00%00%00%01%9A%04%D5%05%8A%04%CA%CEprefixreg%00%F2%00%03%E2%02%85%D7%C0.%E6%A2%06%2B%91%AF8hE%F6%C9U%84%F7%7D%A1%B3U%3F%CF%B4%1B%B0%85%A4%24x%11m%00%04%D2%8E7%00%03%D2%D62147483647%00%00%00%00 (509 bytes,scope=1)
1400719609.201019 ccnd[689]: version: 20090701, prefix_comps: 4, min_suffix_comps: 0, max_suffix_comps: 32767, orderpref: 0, answerfrom: 3, scope: 1, lifetime: 4.0000, excl: 0 bytes, etc: 0 bytes
1400719609.201061 ccnd[689]: debug.3856 first_candidate ccnx:/test/1/%FD%057%D4%8Ff5/%00/%F1%E3%CB%00%A5FLN%DAo%B5%23K%EB%9C%40vR%82%F7%D1%98%BC%26%CDm%C57%BF%5C8%0A (433 bytes)
1400719609.201174 ccnd[689]: debug.3863 prefix_mismatch ccnx:/ccnx/%D7%C0.%E6%A2%06%2B%91%AF8hE%F6%C9U%84%F7%7D%A1%B3U%3F%CF%B4%1B%B0%85%A4%24x%11m/prefixreg/%04%82%02%AA%03%B2%08%85z%0B%C3%91o%A2%9F%C7%E4%EC%8C%0E%2F%CEL%A4%E1%D4%BA%2A%22s%29%3F%EC%B5%5B%81%0B%DE%DCC%18%83%BC%103%FB%F8Z8%22%A3%9F%3B0%D7Zf%8A%F4%7F%A1%D2Y%85%AD%F6U%23%C1%B0%C38%98%9F%9E%C8ty%CA%20%A5%08%15%A0%EFczb%1ES%8B%18%02%A8%82%0D%1C%E8%05%BF%07%A0x%85%CEu%2A%A30%B2%CEL%B2%04%BAl%0E%C7%25%FB%2A%1B%A0X2%D4%A7%F3%E2mt%B5%C7%87%7C%83%00%00%F2%00%01%A2%03%E2%02%85%3F%CEUL%08m2%E5%A6%28%3Ew%CDb%836%8B%D9z%DA%5B%02%D776-%A5s%B2%09%84%40%00%02%BA%B5%057%D4%8F%933%00%01%E2%01%DA%0A%950%81%9F0%0D%06%09%2A%86H%86%F7%0D%01%01%01%05%00%03%81%8D%000%81%89%02%81%81%00%C0%FB%16%1F%A6%9A%5E%A0%2A%D2%80%DA%8E%D9f%C1%85r%83t%A6%28P6%CC%20O%60%D9Pi%87%F3%F6%D7%8C%F8F%BFw%3C%08%10%FF%D8%02%3E%1B%03E%0B%24%D5T%3F%21T%FC%8Fl%5C%07%22%60o%AA%AF%8E%1E6%9A%7DvVbs%2C%BCrW-Z%0F%F1%9F%CA%DA%B3%E0%06%E9%81%F7-%01%16%D5%7D%DF%D4%21E%2F%B0%C1%A7%27%AF%C2%0C%B6%C3%EC%1C%BF%5D%82T%A5%DEa%C4%14%401%10%C6%23%02%03%01%00%01%00%00%00%01%9A%04%D5%05%8A%04%CA%CEprefixreg%00%F2%00%03%E2%02%85%D7%C0.%E6%A2%06%2B%91%AF8hE%F6%C9U%84%F7%7D%A1%B3U%3F%CF%B4%1B%B0%85%A4%24x%11m%00%04%D2%8E7%00%03%D2%D62147483647%00%00%00%00 (509 bytes,scope=1)
1400719609.201188 ccnd[689]: outbound.3131 adding 0
1400719609.201308 ccnd[689]: debug.3523 0x69d520.0of1,usec=1612+3998388 8 ccnx:/ccnx/%D7%C0.%E6%A2%06%2B%91%AF8hE%F6%C9U%84%F7%7D%A1%B3U%3F%CF%B4%1B%B0%85%A4%24x%11m/prefixreg/%04%82%02%AA%03%B2%08%85z%0B%C3%91o%A2%9F%C7%E4%EC%8C%0E%2F%CEL%A4%E1%D4%BA%2A%22s%29%3F%EC%B5%5B%81%0B%DE%DCC%18%83%BC%103%FB%F8Z8%22%A3%9F%3B0%D7Zf%8A%F4%7F%A1%D2Y%85%AD%F6U%23%C1%B0%C38%98%9F%9E%C8ty%CA%20%A5%08%15%A0%EFczb%1ES%8B%18%02%A8%82%0D%1C%E8%05%BF%07%A0x%85%CEu%2A%A30%B2%CEL%B2%04%BAl%0E%C7%25%FB%2A%1B%A0X2%D4%A7%F3%E2mt%B5%C7%87%7C%83%00%00%F2%00%01%A2%03%E2%02%85%3F%CEUL%08m2%E5%A6%28%3Ew%CDb%836%8B%D9z%DA%5B%02%D776-%A5s%B2%09%84%40%00%02%BA%B5%057%D4%8F%933%00%01%E2%01%DA%0A%950%81%9F0%0D%06%09%2A%86H%86%F7%0D%01%01%01%05%00%03%81%8D%000%81%89%02%81%81%00%C0%FB%16%1F%A6%9A%5E%A0%2A%D2%80%DA%8E%D9f%C1%85r%83t%A6%28P6%CC%20O%60%D9Pi%87%F3%F6%D7%8C%F8F%BFw%3C%08%10%FF%D8%02%3E%1B%03E%0B%24%D5T%3F%21T%FC%8Fl%5C%07%22%60o%AA%AF%8E%1E6%9A%7DvVbs%2C%BCrW-Z%0F%F1%9F%CA%DA%B3%E0%06%E9%81%F7-%01%16%D5%7D%DF%D4%21E%2F%B0%C1%A7%27%AF%C2%0C%B6%C3%EC%1C%BF%5D%82T%A5%DEa%C4%14%401%10%C6%23%02%03%01%00%01%00%00%00%01%9A%04%D5%05%8A%04%CA%CEprefixreg%00%F2%00%03%E2%02%85%D7%C0.%E6%A2%06%2B%91%AF8hE%F6%C9U%84%F7%7D%A1%B3U%3F%CF%B4%1B%B0%85%A4%24x%11m%00%04%D2%8E7%00%03%D2%D62147483647%00%00%00%00 (525 bytes,scope=1) D7C02E-02B1-0008-F933-0F3AD1
1400719609.203998 ccnd[689]: debug.3210 interest_to 0 ccnx:/ccnx/%D7%C0.%E6%A2%06%2B%91%AF8hE%F6%C9U%84%F7%7D%A1%B3U%3F%CF%B4%1B%B0%85%A4%24x%11m/prefixreg/%04%82%02%AA%03%B2%08%85z%0B%C3%91o%A2%9F%C7%E4%EC%8C%0E%2F%CEL%A4%E1%D4%BA%2A%22s%29%3F%EC%B5%5B%81%0B%DE%DCC%18%83%BC%103%FB%F8Z8%22%A3%9F%3B0%D7Zf%8A%F4%7F%A1%D2Y%85%AD%F6U%23%C1%B0%C38%98%9F%9E%C8ty%CA%20%A5%08%15%A0%EFczb%1ES%8B%18%02%A8%82%0D%1C%E8%05%BF%07%A0x%85%CEu%2A%A30%B2%CEL%B2%04%BAl%0E%C7%25%FB%2A%1B%A0X2%D4%A7%F3%E2mt%B5%C7%87%7C%83%00%00%F2%00%01%A2%03%E2%02%85%3F%CEUL%08m2%E5%A6%28%3Ew%CDb%836%8B%D9z%DA%5B%02%D776-%A5s%B2%09%84%40%00%02%BA%B5%057%D4%8F%933%00%01%E2%01%DA%0A%950%81%9F0%0D%06%09%2A%86H%86%F7%0D%01%01%01%05%00%03%81%8D%000%81%89%02%81%81%00%C0%FB%16%1F%A6%9A%5E%A0%2A%D2%80%DA%8E%D9f%C1%85r%83t%A6%28P6%CC%20O%60%D9Pi%87%F3%F6%D7%8C%F8F%BFw%3C%08%10%FF%D8%02%3E%1B%03E%0B%24%D5T%3F%21T%FC%8Fl%5C%07%22%60o%AA%AF%8E%1E6%9A%7DvVbs%2C%BCrW-Z%0F%F1%9F%CA%DA%B3%E0%06%E9%81%F7-%01%16%D5%7D%DF%D4%21E%2F%B0%C1%A7%27%AF%C2%0C%B6%C3%EC%1C%BF%5D%82T%A5%DEa%C4%14%401%10%C6%23%02%03%01%00%01%00%00%00%01%9A%04%D5%05%8A%04%CA%CEprefixreg%00%F2%00%03%E2%02%85%D7%C0.%E6%A2%06%2B%91%AF8hE%F6%C9U%84%F7%7D%A1%B3U%3F%CF%B4%1B%B0%85%A4%24x%11m%00%04%D2%8E7%00%03%D2%D62147483647%00%00%00%00 (525 bytes,scope=1) D7C02E-02B1-0008-F933-0F3AD1
1400719609.204123 ccnd[689]: debug.158 ccnd_answer_req ccnx:/ccnx/%D7%C0.%E6%A2%06%2B%91%AF8hE%F6%C9U%84%F7%7D%A1%B3U%3F%CF%B4%1B%B0%85%A4%24x%11m/prefixreg/%04%82%02%AA%03%B2%08%85z%0B%C3%91o%A2%9F%C7%E4%EC%8C%0E%2F%CEL%A4%E1%D4%BA%2A%22s%29%3F%EC%B5%5B%81%0B%DE%DCC%18%83%BC%103%FB%F8Z8%22%A3%9F%3B0%D7Zf%8A%F4%7F%A1%D2Y%85%AD%F6U%23%C1%B0%C38%98%9F%9E%C8ty%CA%20%A5%08%15%A0%EFczb%1ES%8B%18%02%A8%82%0D%1C%E8%05%BF%07%A0x%85%CEu%2A%A30%B2%CEL%B2%04%BAl%0E%C7%25%FB%2A%1B%A0X2%D4%A7%F3%E2mt%B5%C7%87%7C%83%00%00%F2%00%01%A2%03%E2%02%85%3F%CEUL%08m2%E5%A6%28%3Ew%CDb%836%8B%D9z%DA%5B%02%D776-%A5s%B2%09%84%40%00%02%BA%B5%057%D4%8F%933%00%01%E2%01%DA%0A%950%81%9F0%0D%06%09%2A%86H%86%F7%0D%01%01%01%05%00%03%81%8D%000%81%89%02%81%81%00%C0%FB%16%1F%A6%9A%5E%A0%2A%D2%80%DA%8E%D9f%C1%85r%83t%A6%28P6%CC%20O%60%D9Pi%87%F3%F6%D7%8C%F8F%BFw%3C%08%10%FF%D8%02%3E%1B%03E%0B%24%D5T%3F%21T%FC%8Fl%5C%07%22%60o%AA%AF%8E%1E6%9A%7DvVbs%2C%BCrW-Z%0F%F1%9F%CA%DA%B3%E0%06%E9%81%F7-%01%16%D5%7D%DF%D4%21E%2F%B0%C1%A7%27%AF%C2%0C%B6%C3%EC%1C%BF%5D%82T%A5%DEa%C4%14%401%10%C6%23%02%03%01%00%01%00%00%00%01%9A%04%D5%05%8A%04%CA%CEprefixreg%00%F2%00%03%E2%02%85%D7%C0.%E6%A2%06%2B%91%AF8hE%F6%C9U%84%F7%7D%A1%B3U%3F%CF%B4%1B%B0%85%A4%24x%11m%00%04%D2%8E7%00%03%D2%D62147483647%00%00%00%00 (525 bytes,scope=1) D7C02E-02B1-0008-F933-0F3AD1
1400719609.204215 ccnd[689]: debug.2428 prefix,ff=3 7 ccnx:/ (2 bytes)
1400719609.205161 ccnd[689]: debug.280 ccnd_answer_req_response ccnx:/ccnx/%D7%C0.%E6%A2%06%2B%91%AF8hE%F6%C9U%84%F7%7D%A1%B3U%3F%CF%B4%1B%B0%85%A4%24x%11m/prefixreg/%04%82%02%AA%03%B2%08%85z%0B%C3%91o%A2%9F%C7%E4%EC%8C%0E%2F%CEL%A4%E1%D4%BA%2A%22s%29%3F%EC%B5%5B%81%0B%DE%DCC%18%83%BC%103%FB%F8Z8%22%A3%9F%3B0%D7Zf%8A%F4%7F%A1%D2Y%85%AD%F6U%23%C1%B0%C38%98%9F%9E%C8ty%CA%20%A5%08%15%A0%EFczb%1ES%8B%18%02%A8%82%0D%1C%E8%05%BF%07%A0x%85%CEu%2A%A30%B2%CEL%B2%04%BAl%0E%C7%25%FB%2A%1B%A0X2%D4%A7%F3%E2mt%B5%C7%87%7C%83%00%00%F2%00%01%A2%03%E2%02%85%3F%CEUL%08m2%E5%A6%28%3Ew%CDb%836%8B%D9z%DA%5B%02%D776-%A5s%B2%09%84%40%00%02%BA%B5%057%D4%8F%933%00%01%E2%01%DA%0A%950%81%9F0%0D%06%09%2A%86H%86%F7%0D%01%01%01%05%00%03%81%8D%000%81%89%02%81%81%00%C0%FB%16%1F%A6%9A%5E%A0%2A%D2%80%DA%8E%D9f%C1%85r%83t%A6%28P6%CC%20O%60%D9Pi%87%F3%F6%D7%8C%F8F%BFw%3C%08%10%FF%D8%02%3E%1B%03E%0B%24%D5T%3F%21T%FC%8Fl%5C%07%22%60o%AA%AF%8E%1E6%9A%7DvVbs%2C%BCrW-Z%0F%F1%9F%CA%DA%B3%E0%06%E9%81%F7-%01%16%D5%7D%DF%D4%21E%2F%B0%C1%A7%27%AF%C2%0C%B6%C3%EC%1C%BF%5D%82T%A5%DEa%C4%14%401%10%C6%23%02%03%01%00%01%00%00%00%01%9A%04%D5%05%8A%04%CA%CEprefixreg%00%F2%00%03%E2%02%85%D7%C0.%E6%A2%06%2B%91%AF8hE%F6%C9U%84%F7%7D%A1%B3U%3F%CF%B4%1B%B0%85%A4%24x%11m%00%04%D2%8E7%00%03%D2%D62147483647%00%00%00%00 (941 bytes)
1400719609.205321 ccnd[689]: debug.4109 content_from 0 ccnx:/ccnx/%D7%C0.%E6%A2%06%2B%91%AF8hE%F6%C9U%84%F7%7D%A1%B3U%3F%CF%B4%1B%B0%85%A4%24x%11m/prefixreg/%04%82%02%AA%03%B2%08%85z%0B%C3%91o%A2%9F%C7%E4%EC%8C%0E%2F%CEL%A4%E1%D4%BA%2A%22s%29%3F%EC%B5%5B%81%0B%DE%DCC%18%83%BC%103%FB%F8Z8%22%A3%9F%3B0%D7Zf%8A%F4%7F%A1%D2Y%85%AD%F6U%23%C1%B0%C38%98%9F%9E%C8ty%CA%20%A5%08%15%A0%EFczb%1ES%8B%18%02%A8%82%0D%1C%E8%05%BF%07%A0x%85%CEu%2A%A30%B2%CEL%B2%04%BAl%0E%C7%25%FB%2A%1B%A0X2%D4%A7%F3%E2mt%B5%C7%87%7C%83%00%00%F2%00%01%A2%03%E2%02%85%3F%CEUL%08m2%E5%A6%28%3Ew%CDb%836%8B%D9z%DA%5B%02%D776-%A5s%B2%09%84%40%00%02%BA%B5%057%D4%8F%933%00%01%E2%01%DA%0A%950%81%9F0%0D%06%09%2A%86H%86%F7%0D%01%01%01%05%00%03%81%8D%000%81%89%02%81%81%00%C0%FB%16%1F%A6%9A%5E%A0%2A%D2%80%DA%8E%D9f%C1%85r%83t%A6%28P6%CC%20O%60%D9Pi%87%F3%F6%D7%8C%F8F%BFw%3C%08%10%FF%D8%02%3E%1B%03E%0B%24%D5T%3F%21T%FC%8Fl%5C%07%22%60o%AA%AF%8E%1E6%9A%7DvVbs%2C%BCrW-Z%0F%F1%9F%CA%DA%B3%E0%06%E9%81%F7-%01%16%D5%7D%DF%D4%21E%2F%B0%C1%A7%27%AF%C2%0C%B6%C3%EC%1C%BF%5D%82T%A5%DEa%C4%14%401%10%C6%23%02%03%01%00%01%00%00%00%01%9A%04%D5%05%8A%04%CA%CEprefixreg%00%F2%00%03%E2%02%85%D7%C0.%E6%A2%06%2B%91%AF8hE%F6%C9U%84%F7%7D%A1%B3U%3F%CF%B4%1B%B0%85%A4%24x%11m%00%04%D2%8E7%00%03%D2%D62147483647%00%00%00%00/i%94%EC%15%19%9DzmM%DF%C5%AAb%8A%99%95%3C%C6%D1Yj%14%18%7F%C1B%B5%CB%17f%C3%BD (977 bytes)
1400719609.205361 ccnd[689]: fwd.3059 adding 0
1400719609.205373 ccnd[689]: fwd.3059 adding 7
1400719609.205390 ccnd[689]: face 8 q 0 delay 3 usec
1400719609.205514 ccnd[689]: debug.1526 consume 8 ccnx:/ccnx/%D7%C0.%E6%A2%06%2B%91%AF8hE%F6%C9U%84%F7%7D%A1%B3U%3F%CF%B4%1B%B0%85%A4%24x%11m/prefixreg/%04%82%02%AA%03%B2%08%85z%0B%C3%91o%A2%9F%C7%E4%EC%8C%0E%2F%CEL%A4%E1%D4%BA%2A%22s%29%3F%EC%B5%5B%81%0B%DE%DCC%18%83%BC%103%FB%F8Z8%22%A3%9F%3B0%D7Zf%8A%F4%7F%A1%D2Y%85%AD%F6U%23%C1%B0%C38%98%9F%9E%C8ty%CA%20%A5%08%15%A0%EFczb%1ES%8B%18%02%A8%82%0D%1C%E8%05%BF%07%A0x%85%CEu%2A%A30%B2%CEL%B2%04%BAl%0E%C7%25%FB%2A%1B%A0X2%D4%A7%F3%E2mt%B5%C7%87%7C%83%00%00%F2%00%01%A2%03%E2%02%85%3F%CEUL%08m2%E5%A6%28%3Ew%CDb%836%8B%D9z%DA%5B%02%D776-%A5s%B2%09%84%40%00%02%BA%B5%057%D4%8F%933%00%01%E2%01%DA%0A%950%81%9F0%0D%06%09%2A%86H%86%F7%0D%01%01%01%05%00%03%81%8D%000%81%89%02%81%81%00%C0%FB%16%1F%A6%9A%5E%A0%2A%D2%80%DA%8E%D9f%C1%85r%83t%A6%28P6%CC%20O%60%D9Pi%87%F3%F6%D7%8C%F8F%BFw%3C%08%10%FF%D8%02%3E%1B%03E%0B%24%D5T%3F%21T%FC%8Fl%5C%07%22%60o%AA%AF%8E%1E6%9A%7DvVbs%2C%BCrW-Z%0F%F1%9F%CA%DA%B3%E0%06%E9%81%F7-%01%16%D5%7D%DF%D4%21E%2F%B0%C1%A7%27%AF%C2%0C%B6%C3%EC%1C%BF%5D%82T%A5%DEa%C4%14%401%10%C6%23%02%03%01%00%01%00%00%00%01%9A%04%D5%05%8A%04%CA%CEprefixreg%00%F2%00%03%E2%02%85%D7%C0.%E6%A2%06%2B%91%AF8hE%F6%C9U%84%F7%7D%A1%B3U%3F%CF%B4%1B%B0%85%A4%24x%11m%00%04%D2%8E7%00%03%D2%D62147483647%00%00%00%00 (525 bytes,scope=1) D7C02E-02B1-0008-F933-0F3AD1
1400719609.205527 ccnd[689]: sl.1598 0 ci=4 osrc=4294967295 src=0 usec=9819
1400719609.205539 ccnd[689]: fwd.3059 adding 0
1400719609.205549 ccnd[689]: fwd.3059 adding 7
1400719609.205572 ccnd[689]: sl.1598 0 ci=3 osrc=4294967295 src=0 usec=9819
1400719609.205584 ccnd[689]: fwd.3059 adding 0
1400719609.205594 ccnd[689]: fwd.3059 adding 7
1400719609.205604 ccnd[689]: fwd.3059 adding 7
1400719609.205615 ccnd[689]: fwd.3059 adding 7
1400719609.205742 ccnd[689]: debug.1268 content_to 8 ccnx:/ccnx/%D7%C0.%E6%A2%06%2B%91%AF8hE%F6%C9U%84%F7%7D%A1%B3U%3F%CF%B4%1B%B0%85%A4%24x%11m/prefixreg/%04%82%02%AA%03%B2%08%85z%0B%C3%91o%A2%9F%C7%E4%EC%8C%0E%2F%CEL%A4%E1%D4%BA%2A%22s%29%3F%EC%B5%5B%81%0B%DE%DCC%18%83%BC%103%FB%F8Z8%22%A3%9F%3B0%D7Zf%8A%F4%7F%A1%D2Y%85%AD%F6U%23%C1%B0%C38%98%9F%9E%C8ty%CA%20%A5%08%15%A0%EFczb%1ES%8B%18%02%A8%82%0D%1C%E8%05%BF%07%A0x%85%CEu%2A%A30%B2%CEL%B2%04%BAl%0E%C7%25%FB%2A%1B%A0X2%D4%A7%F3%E2mt%B5%C7%87%7C%83%00%00%F2%00%01%A2%03%E2%02%85%3F%CEUL%08m2%E5%A6%28%3Ew%CDb%836%8B%D9z%DA%5B%02%D776-%A5s%B2%09%84%40%00%02%BA%B5%057%D4%8F%933%00%01%E2%01%DA%0A%950%81%9F0%0D%06%09%2A%86H%86%F7%0D%01%01%01%05%00%03%81%8D%000%81%89%02%81%81%00%C0%FB%16%1F%A6%9A%5E%A0%2A%D2%80%DA%8E%D9f%C1%85r%83t%A6%28P6%CC%20O%60%D9Pi%87%F3%F6%D7%8C%F8F%BFw%3C%08%10%FF%D8%02%3E%1B%03E%0B%24%D5T%3F%21T%FC%8Fl%5C%07%22%60o%AA%AF%8E%1E6%9A%7DvVbs%2C%BCrW-Z%0F%F1%9F%CA%DA%B3%E0%06%E9%81%F7-%01%16%D5%7D%DF%D4%21E%2F%B0%C1%A7%27%AF%C2%0C%B6%C3%EC%1C%BF%5D%82T%A5%DEa%C4%14%401%10%C6%23%02%03%01%00%01%00%00%00%01%9A%04%D5%05%8A%04%CA%CEprefixreg%00%F2%00%03%E2%02%85%D7%C0.%E6%A2%06%2B%91%AF8hE%F6%C9U%84%F7%7D%A1%B3U%3F%CF%B4%1B%B0%85%A4%24x%11m%00%04%D2%8E7%00%03%D2%D62147483647%00%00%00%00/i%94%EC%15%19%9DzmM%DF%C5%AAb%8A%99%95%3C%C6%D1Yj%14%18%7F%C1B%B5%CB%17f%C3%BD (977 bytes)
1400719609.206374 ccnd[689]: shutdown client fd=9 id=8
1400719609.206410 ccnd[689]: releasing face id 8 (slot 8)
1400719612.000000 ccnd[689]: 6001 ____________________ Thu May 22 00:46:52 2014
1400719612.545193 ccnd[689]: debug.3946 stale ccnx:/%C1.M.S.neighborhood/%C1.M.SRV/ccnd/KEY/%C1.M.K%00%D7%C0.%E6%A2%06%2B%91%AF8hE%F6%C9U%84%F7%7D%A1%B3U%3F%CF%B4%1B%B0%85%A4%24x%11m/%FD%057%D4%8D%1F%B7/%00/%AB%A7%18%B5cF0vaHG%26m%5B%9B1%FD%01%A3K%D8%89%CB%25%A8%3B%E8%2A%AE%FE%19%BF (617 bytes)
1400719615.533991 ccnd[689]: debug.3807 interest_from 7 ccnx:/test/1 (32 bytes) 6A536B-0297-0008-FF12-45C668
1400719615.534012 ccnd[689]: version: 20090701, prefix_comps: 2, min_suffix_comps: 0, max_suffix_comps: 32767, orderpref: 0, answerfrom: 3, scope: -1, lifetime: 4.0000, excl: 0 bytes, etc: 0 bytes
1400719615.534051 ccnd[689]: debug.3856 first_candidate ccnx:/test/1/%FD%057%D4%8Ff5/%00/%F1%E3%CB%00%A5FLN%DAo%B5%23K%EB%9C%40vR%82%F7%D1%98%BC%26%CDm%C57%BF%5C8%0A (433 bytes)
1400719615.534084 ccnd[689]: debug.3884 matches ccnx:/test/1/%FD%057%D4%8Ff5/%00/%F1%E3%CB%00%A5FLN%DAo%B5%23K%EB%9C%40vR%82%F7%D1%98%BC%26%CDm%C57%BF%5C8%0A (433 bytes)
1400719615.534097 ccnd[689]: face 7 q 1 delay 1055 usec
1400719615.534118 ccnd[689]: debug.3918 consume 7 ccnx:/test/1 (32 bytes) 6A536B-0297-0008-FF12-45C668
1400719615.534129 ccnd[689]: fwd.3059 adding 6
1400719615.534140 ccnd[689]: fwd.3059 adding 7
1400719615.534150 ccnd[689]: fwd.3059 adding 7
1400719615.534161 ccnd[689]: fwd.3059 adding 7
1400719615.534184 ccnd[689]: debug.3807 interest_from 7 ccnx:/%C1.M.S.neighborhood/%C1.M.SRV/ccnd/KEY (55 bytes,scope=2)
1400719615.534194 ccnd[689]: version: 20090701, prefix_comps: 4, min_suffix_comps: 0, max_suffix_comps: 32767, orderpref: 0, answerfrom: 3, scope: 2, lifetime: 4.0000, excl: 0 bytes, etc: 0 bytes
1400719615.534240 ccnd[689]: debug.3856 first_candidate ccnx:/%C1.M.S.neighborhood/%C1.M.SRV/ccnd/KEY/%C1.M.K%00%D7%C0.%E6%A2%06%2B%91%AF8hE%F6%C9U%84%F7%7D%A1%B3U%3F%CF%B4%1B%B0%85%A4%24x%11m/%FD%057%D4%8D%1F%B7/%00/%AB%A7%18%B5cF0vaHG%26m%5B%9B1%FD%01%A3K%D8%89%CB%25%A8%3B%E8%2A%AE%FE%19%BF (617 bytes)
1400719615.534252 ccnd[689]: fwd.3059 adding 0
1400719615.534262 ccnd[689]: fwd.3059 adding 7
1400719615.534272 ccnd[689]: outbound.3131 adding 0
1400719615.534302 ccnd[689]: debug.3523 0x69ca60.0of1,usec=1068+3998932 7 ccnx:/%C1.M.S.neighborhood/%C1.M.SRV/ccnd/KEY (71 bytes,scope=2) D7C02E-02B1-0007-FF88-317E58
1400719615.540198 ccnd[689]: debug.1268 content_to 7 ccnx:/test/1/%FD%057%D4%8Ff5/%00/%F1%E3%CB%00%A5FLN%DAo%B5%23K%EB%9C%40vR%82%F7%D1%98%BC%26%CDm%C57%BF%5C8%0A (433 bytes)
1400719615.540258 ccnd[689]: debug.3210 interest_to 0 ccnx:/%C1.M.S.neighborhood/%C1.M.SRV/ccnd/KEY (71 bytes,scope=2) D7C02E-02B1-0007-FF88-317E58
1400719615.540295 ccnd[689]: debug.158 ccnd_answer_req ccnx:/%C1.M.S.neighborhood/%C1.M.SRV/ccnd/KEY (71 bytes,scope=2) D7C02E-02B1-0007-FF88-317E58
1400719615.540372 ccnd[689]: debug.4109 content_from 0 ccnx:/%C1.M.S.neighborhood/%C1.M.SRV/ccnd/KEY/%C1.M.K%00%D7%C0.%E6%A2%06%2B%91%AF8hE%F6%C9U%84%F7%7D%A1%B3U%3F%CF%B4%1B%B0%85%A4%24x%11m/%FD%057%D4%8D%1F%B7/%00/%AB%A7%18%B5cF0vaHG%26m%5B%9B1%FD%01%A3K%D8%89%CB%25%A8%3B%E8%2A%AE%FE%19%BF (617 bytes)
1400719615.540392 ccnd[689]: fwd.3059 adding 0
1400719615.540403 ccnd[689]: fwd.3059 adding 7
1400719615.540419 ccnd[689]: face 7 q 1 delay 1361 usec
1400719615.540443 ccnd[689]: debug.1526 consume 7 ccnx:/%C1.M.S.neighborhood/%C1.M.SRV/ccnd/KEY (71 bytes,scope=2) D7C02E-02B1-0007-FF88-317E58
1400719615.540454 ccnd[689]: sl.1598 0 ci=4 osrc=0 src=0 usec=9819
1400719615.540465 ccnd[689]: fwd.3059 adding 0
1400719615.540477 ccnd[689]: fwd.3059 adding 7
1400719615.540488 ccnd[689]: sl.1598 0 ci=3 osrc=0 src=0 usec=9819
1400719615.540499 ccnd[689]: fwd.3059 adding 0
1400719615.540508 ccnd[689]: fwd.3059 adding 7
1400719615.000000 ccnd[689]: 6001 ____________________ Thu May 22 00:46:55 2014
1400719615.546421 ccnd[689]: debug.1268 content_to 7 ccnx:/%C1.M.S.neighborhood/%C1.M.SRV/ccnd/KEY/%C1.M.K%00%D7%C0.%E6%A2%06%2B%91%AF8hE%F6%C9U%84%F7%7D%A1%B3U%3F%CF%B4%1B%B0%85%A4%24x%11m/%FD%057%D4%8D%1F%B7/%00/%AB%A7%18%B5cF0vaHG%26m%5B%9B1%FD%01%A3K%D8%89%CB%25%A8%3B%E8%2A%AE%FE%19%BF (617 bytes)
1400719616.272226 ccnd[689]: debug.3946 stale ccnx:/ccnx/%D7%C0.%E6%A2%06%2B%91%AF8hE%F6%C9U%84%F7%7D%A1%B3U%3F%CF%B4%1B%B0%85%A4%24x%11m/selfreg/%04%82%02%AA%03%B2%08%85%28%02%5E%FD%CA%3C%98yf%F8%86%E3%9C%BE%8D%2C%0A%92N%CAC%D6%BC%D1F%1E%B4%BF%E5K%5E%F01%E0%F2%B8%5C%7B%BD%FBS%1B%7D%E9%07y%9A%B5%C4%7DYI%90%8B%25%1DFc%00GM%23X%0B%82%D8%F1%9B%25%AA%EF%13%EB%F1%F3%B4H%28%09%0B%7B%18%DBk%2Bvp%3E%D6P%8E%17%09%A8p%D4Yac%C5%BC%2A%DF%D0%03O%02%3D%D53%FD%1F%D2%90%2FMq%9F%1294%C4%1E%26%A4%A5%AE%85%00%00%F2%00%01%A2%03%E2%02%85%3F%CEUL%08m2%E5%A6%28%3Ew%CDb%836%8B%D9z%DA%5B%02%D776-%A5s%B2%09%84%40%00%02%BA%B5%057%D4%8Fc%96%00%01%E2%01%DA%0A%950%81%9F0%0D%06%09%2A%86H%86%F7%0D%01%01%01%05%00%03%81%8D%000%81%89%02%81%81%00%C0%FB%16%1F%A6%9A%5E%A0%2A%D2%80%DA%8E%D9f%C1%85r%83t%A6%28P6%CC%20O%60%D9Pi%87%F3%F6%D7%8C%F8F%BFw%3C%08%10%FF%D8%02%3E%1B%03E%0B%24%D5T%3F%21T%FC%8Fl%5C%07%22%60o%AA%AF%8E%1E6%9A%7DvVbs%2C%BCrW-Z%0F%F1%9F%CA%DA%B3%E0%06%E9%81%F7-%01%16%D5%7D%DF%D4%21E%2F%B0%C1%A7%27%AF%C2%0C%B6%C3%EC%1C%BF%5D%82T%A5%DEa%C4%14%401%10%C6%23%02%03%01%00%01%00%00%00%01%9A%09%ED%05%8A%04%CA%BEselfreg%00%F2%FA%C5ccnx.org%00%FA%ADUsers%00%FA%A5user%00%FA%A5Keys%00%FA%02%B5%C1.M.K%00%3F%CEUL%08m2%E5%A6%28%3Ew%CDb%836%8B%D9z%DA%5B%02%D776-%A5s%B2%09%84%40%00%FA%BD%FD%04%FB%C93%60%00%00%00%03%E2%02%85%D7%C0.%E6%A2%06%2B%91%AF8hE%F6%C9U%84%F7%7D%A1%B3U%3F%CF%B4%1B%B0%85%A4%24x%11m%00%04%FA%8E3%00%03%D2%D62147483647%00%00%00%00/%0E%84%3B%A6%DA%FF%D6%2B%05%85a%922%7C%8C%EBV%2C%08B%E6%01%1A%99%AB-%A6%A6%BB%D6q%90 (1139 bytes)
1400719616.389859 ccnd[689]: debug.3946 stale ccnx:/ccnx/%D7%C0.%E6%A2%06%2B%91%AF8hE%F6%C9U%84%F7%7D%A1%B3U%3F%CF%B4%1B%B0%85%A4%24x%11m/selfreg/%04%82%02%AA%03%B2%08%85%28%2F%EEvNL%1E%C2%A9%88%D8%ED%0AGG%BB%BD%1D%89%01o5%AE4%2C%9B%07u%86%10%E8%FA%EAmR%E7Bm%27%9CS%94z%99%95%FA%96%03%BEk%8B1%A4%E6%85%3Fj%D2%86l%17Cd%FD%98%3A%DB%3E%AA%87%2B%B5%97%02%A4%B5v%3C1%20W%E0%8B%E1%3DLE%9F%08%84Fi%C6%AF%E4%08%09%106OKq%278%AD%CB%FF8%B0%92G%D6N%9E%0CS%01%D6%3E%E0%80%DBP%CAio%A4%BC%00%00%F2%00%01%A2%03%E2%02%85%3F%CEUL%08m2%E5%A6%28%3Ew%CDb%836%8B%D9z%DA%5B%02%D776-%A5s%B2%09%84%40%00%02%BA%B5%057%D4%8Fe%91%00%01%E2%01%DA%0A%950%81%9F0%0D%06%09%2A%86H%86%F7%0D%01%01%01%05%00%03%81%8D%000%81%89%02%81%81%00%C0%FB%16%1F%A6%9A%5E%A0%2A%D2%80%DA%8E%D9f%C1%85r%83t%A6%28P6%CC%20O%60%D9Pi%87%F3%F6%D7%8C%F8F%BFw%3C%08%10%FF%D8%02%3E%1B%03E%0B%24%D5T%3F%21T%FC%8Fl%5C%07%22%60o%AA%AF%8E%1E6%9A%7DvVbs%2C%BCrW-Z%0F%F1%9F%CA%DA%B3%E0%06%E9%81%F7-%01%16%D5%7D%DF%D4%21E%2F%B0%C1%A7%27%AF%C2%0C%B6%C3%EC%1C%BF%5D%82T%A5%DEa%C4%14%401%10%C6%23%02%03%01%00%01%00%00%00%01%9A%05%9D%05%8A%04%CA%BEselfreg%00%F2%FA%A5test%00%FA%8D1%00%00%03%E2%02%85%D7%C0.%E6%A2%06%2B%91%AF8hE%F6%C9U%84%F7%7D%A1%B3U%3F%CF%B4%1B%B0%85%A4%24x%11m%00%04%FA%8E3%00%03%D2%D62147483647%00%00%00%00/%B0%AF%AAK%92%BA%CB%C8%F8%7F%5C%A5%92_D%E7X%FF%1C%0A%83%E8%BD%18%5D%04%2C%04%EFR%DA%BD (991 bytes)
1400719619.201091 ccnd[689]: debug.3946 stale ccnx:/ccnx/%D7%C0.%E6%A2%06%2B%91%AF8hE%F6%C9U%84%F7%7D%A1%B3U%3F%CF%B4%1B%B0%85%A4%24x%11m/newface/%04%82%02%AA%03%B2%08%85b%A9%89%98N%A5%2F%E998%CA_%19%EB%F4%05%19%B1%EEV6%0D%90%D8%0B%06%FA%F6%BF%B2EM%C6%04%8D%90%E8%3E%60%3C%99N%9EI%86FV%D3%88n%3B%19%40%9C9%10%28%B1%BDa%7FhN%3Cc%EE%3EI%CF%1E%9C%24%28%94%A5w%22%3A%A5%B5%CAls%EB%27e%A6%01%DE%FA%24%BABYu%AE%F0%D4T%E2%0D%0A%A9%96z3%E5d%81_%B9%FAC%20%1F%E7%C2%2B%A4%DA%F4u%60%F01%2C%89%1A%00%00%F2%00%01%A2%03%E2%02%85%3F%CEUL%08m2%E5%A6%28%3Ew%CDb%836%8B%D9z%DA%5B%02%D776-%A5s%B2%09%84%40%00%02%BA%B5%057%D4%8F%93%03%00%01%E2%01%DA%0A%950%81%9F0%0D%06%09%2A%86H%86%F7%0D%01%01%01%05%00%03%81%8D%000%81%89%02%81%81%00%C0%FB%16%1F%A6%9A%5E%A0%2A%D2%80%DA%8E%D9f%C1%85r%83t%A6%28P6%CC%20O%60%D9Pi%87%F3%F6%D7%8C%F8F%BFw%3C%08%10%FF%D8%02%3E%1B%03E%0B%24%D5T%3F%21T%FC%8Fl%5C%07%22%60o%AA%AF%8E%1E6%9A%7DvVbs%2C%BCrW-Z%0F%F1%9F%CA%DA%B3%E0%06%E9%81%F7-%01%16%D5%7D%DF%D4%21E%2F%B0%C1%A7%27%AF%C2%0C%B6%C3%EC%1C%BF%5D%82T%A5%DEa%C4%14%401%10%C6%23%02%03%01%00%01%00%00%00%01%9A%06%AD%05%82%04%CA%BEnewface%00%03%E2%02%85%D7%C0.%E6%A2%06%2B%91%AF8hE%F6%C9U%84%F7%7D%A1%B3U%3F%CF%B4%1B%B0%85%A4%24x%11m%00%04%D2%8E0%00%04%DA%9617%00%04%E2%EE192.168.122.2%00%04%EA%A66001%00%03%D2%D62147483647%00%00%00%00/%28%F8%06s%3D%D9%B0%D5NSf%E7f%89%BE%84%E4I%A0~%5Da%179%86y%3D~%5D%93z%3D (1022 bytes)
1400719619.207099 ccnd[689]: debug.3946 stale ccnx:/ccnx/%D7%C0.%E6%A2%06%2B%91%AF8hE%F6%C9U%84%F7%7D%A1%B3U%3F%CF%B4%1B%B0%85%A4%24x%11m/prefixreg/%04%82%02%AA%03%B2%08%85z%0B%C3%91o%A2%9F%C7%E4%EC%8C%0E%2F%CEL%A4%E1%D4%BA%2A%22s%29%3F%EC%B5%5B%81%0B%DE%DCC%18%83%BC%103%FB%F8Z8%22%A3%9F%3B0%D7Zf%8A%F4%7F%A1%D2Y%85%AD%F6U%23%C1%B0%C38%98%9F%9E%C8ty%CA%20%A5%08%15%A0%EFczb%1ES%8B%18%02%A8%82%0D%1C%E8%05%BF%07%A0x%85%CEu%2A%A30%B2%CEL%B2%04%BAl%0E%C7%25%FB%2A%1B%A0X2%D4%A7%F3%E2mt%B5%C7%87%7C%83%00%00%F2%00%01%A2%03%E2%02%85%3F%CEUL%08m2%E5%A6%28%3Ew%CDb%836%8B%D9z%DA%5B%02%D776-%A5s%B2%09%84%40%00%02%BA%B5%057%D4%8F%933%00%01%E2%01%DA%0A%950%81%9F0%0D%06%09%2A%86H%86%F7%0D%01%01%01%05%00%03%81%8D%000%81%89%02%81%81%00%C0%FB%16%1F%A6%9A%5E%A0%2A%D2%80%DA%8E%D9f%C1%85r%83t%A6%28P6%CC%20O%60%D9Pi%87%F3%F6%D7%8C%F8F%BFw%3C%08%10%FF%D8%02%3E%1B%03E%0B%24%D5T%3F%21T%FC%8Fl%5C%07%22%60o%AA%AF%8E%1E6%9A%7DvVbs%2C%BCrW-Z%0F%F1%9F%CA%DA%B3%E0%06%E9%81%F7-%01%16%D5%7D%DF%D4%21E%2F%B0%C1%A7%27%AF%C2%0C%B6%C3%EC%1C%BF%5D%82T%A5%DEa%C4%14%401%10%C6%23%02%03%01%00%01%00%00%00%01%9A%04%D5%05%8A%04%CA%CEprefixreg%00%F2%00%03%E2%02%85%D7%C0.%E6%A2%06%2B%91%AF8hE%F6%C9U%84%F7%7D%A1%B3U%3F%CF%B4%1B%B0%85%A4%24x%11m%00%04%D2%8E7%00%03%D2%D62147483647%00%00%00%00/i%94%EC%15%19%9DzmM%DF%C5%AAb%8A%99%95%3C%C6%D1Yj%14%18%7F%C1B%B5%CB%17f%C3%BD (977 bytes)
1400719620.541656 ccnd[689]: debug.3946 stale ccnx:/%C1.M.S.neighborhood/%C1.M.SRV/ccnd/KEY/%C1.M.K%00%D7%C0.%E6%A2%06%2B%91%AF8hE%F6%C9U%84%F7%7D%A1%B3U%3F%CF%B4%1B%B0%85%A4%24x%11m/%FD%057%D4%8D%1F%B7/%00/%AB%A7%18%B5cF0vaHG%26m%5B%9B1%FD%01%A3K%D8%89%CB%25%A8%3B%E8%2A%AE%FE%19%BF (617 bytes)
