Time	Experiment#	# of nodes:	Iteration#	# of Interests Sent	Time for success interest (ms)	Total time to succeed (ms)
Thu May 22 11:09:18 NZST 2014,1a,2: 1,1,19,19
Thu May 22 11:09:18 NZST 2014,1a,2: 2,1,16,16
Thu May 22 11:09:18 NZST 2014,1a,2: 3,1,13,13
Thu May 22 11:09:18 NZST 2014,1a,2: 4,1,13,13
Thu May 22 11:09:18 NZST 2014,1a,2: 5,1,16,16
Thu May 22 11:09:18 NZST 2014,1a,2: 6,1,17,17
Thu May 22 11:09:18 NZST 2014,1a,2: 7,1,11,11
Thu May 22 11:09:18 NZST 2014,1a,2: 8,1,14,14
Thu May 22 11:09:18 NZST 2014,1a,2: 9,1,18,18
Thu May 22 11:09:18 NZST 2014,1a,2: 10,1,18,18
1a:NUMINTEREST SUMMARY(interests): Minimum=1, Maximum=1, Average=1
1a:SUCCESSTIME SUMMARY(ms): Minimum=11, Maximum=19, Average=15.5
1a:TOTALTIME SUMMARY(ms): Minimum=11, Maximum=19, Average=15.5
Thu May 22 11:54:01 NZST 2014,1b,2: 1,2,14,8015
Thu May 22 11:54:01 NZST 2014,1b,2: 2,2,14,8016
Thu May 22 11:54:01 NZST 2014,1b,2: 3,2,11,8013
Thu May 22 11:54:01 NZST 2014,1b,2: 4,2,65,8066
Thu May 22 11:54:01 NZST 2014,1b,2: 5,2,14,8015
Thu May 22 11:54:01 NZST 2014,1b,2: 6,2,13,8015
Thu May 22 11:54:01 NZST 2014,1b,2: 7,2,13,8014
Thu May 22 11:54:01 NZST 2014,1b,2: 8,2,13,8014
Thu May 22 11:54:01 NZST 2014,1b,2: 9,2,13,8014
Thu May 22 11:54:01 NZST 2014,1b,2: 10,2,12,8013
1b:NUMINTEREST SUMMARY(interests): Minimum=2, Maximum=2, Average=2
1b:SUCCESSTIME SUMMARY(ms): Minimum=11, Maximum=65, Average=18.2
1b:TOTALTIME SUMMARY(ms): Minimum=8013, Maximum=8066, Average=8019.5
Thu May 22 12:48:28 NZST 2014,1c,2: 1,2,7,8008
Thu May 22 12:48:28 NZST 2014,1c,2: 2,2,5,8006
Thu May 22 12:48:28 NZST 2014,1c,2: 3,2,6,8007
Thu May 22 12:48:28 NZST 2014,1c,2: 4,2,7,8008
Thu May 22 12:48:28 NZST 2014,1c,2: 5,2,8,8009
Thu May 22 12:48:28 NZST 2014,1c,2: 6,2,5,8006
Thu May 22 12:48:28 NZST 2014,1c,2: 7,2,5,8006
Thu May 22 12:48:28 NZST 2014,1c,2: 8,2,5,8006
Thu May 22 12:48:28 NZST 2014,1c,2: 9,2,8,8009
Thu May 22 12:48:28 NZST 2014,1c,2: 10,2,11,8012
1c:NUMINTEREST SUMMARY(interests): Minimum=2, Maximum=2, Average=2
1c:SUCCESSTIME SUMMARY(ms): Minimum=5, Maximum=11, Average=6.7
1c:TOTALTIME SUMMARY(ms): Minimum=8006, Maximum=8012, Average=8007.7
Fri May 23 15:04:05 NZST 2014,2a,3: 1,1,21,21
Fri May 23 15:04:05 NZST 2014,2a,3: 2,1,19,19
Fri May 23 15:04:05 NZST 2014,2a,3: 3,1,22,22
Fri May 23 15:04:05 NZST 2014,2a,3: 4,1,21,21
Fri May 23 15:04:05 NZST 2014,2a,3: 5,1,24,24
Fri May 23 15:04:05 NZST 2014,2a,3: 6,1,21,21
Fri May 23 15:04:05 NZST 2014,2a,3: 7,1,20,20
Fri May 23 15:04:05 NZST 2014,2a,3: 8,1,23,23
Fri May 23 15:04:05 NZST 2014,2a,3: 9,1,22,22
Fri May 23 15:04:05 NZST 2014,2a,3: 10,1,23,23
2a:NUMINTEREST SUMMARY(interests): Minimum=1, Maximum=1, Average=1
2a:SUCCESSTIME SUMMARY(ms): Minimum=19, Maximum=24, Average=21.6
2a:TOTALTIME SUMMARY(ms): Minimum=19, Maximum=24, Average=21.6
Thu May 22 14:28:11 NZST 2014,2b,3: 1,2,17,8018
Thu May 22 14:28:11 NZST 2014,2b,3: 2,2,20,8021
Thu May 22 14:28:11 NZST 2014,2b,3: 3,2,19,8020
Thu May 22 14:28:11 NZST 2014,2b,3: 4,2,18,8019
Thu May 22 14:28:11 NZST 2014,2b,3: 5,2,20,8021
Thu May 22 14:28:11 NZST 2014,2b,3: 6,2,20,8020
Thu May 22 14:28:11 NZST 2014,2b,3: 7,2,19,8020
Thu May 22 14:28:11 NZST 2014,2b,3: 8,2,20,8021
Thu May 22 14:28:11 NZST 2014,2b,3: 9,2,18,8019
Thu May 22 14:28:11 NZST 2014,2b,3: 10,2,18,8019
2b:NUMINTEREST SUMMARY(interests): Minimum=2, Maximum=2, Average=2
2b:SUCCESSTIME SUMMARY(ms): Minimum=17, Maximum=20, Average=18.9
2b:TOTALTIME SUMMARY(ms): Minimum=8018, Maximum=8021, Average=8019.8
Thu May 22 15:13:51 NZST 2014,2c,3: 1,2,8,8009
Thu May 22 15:13:51 NZST 2014,2c,3: 2,2,7,8008
Thu May 22 15:13:51 NZST 2014,2c,3: 3,2,7,8008
Thu May 22 15:13:51 NZST 2014,2c,3: 4,2,8,8009
Thu May 22 15:13:51 NZST 2014,2c,3: 5,2,6,8007
Thu May 22 15:13:51 NZST 2014,2c,3: 6,2,7,8008
Thu May 22 15:13:51 NZST 2014,2c,3: 7,2,8,8009
Thu May 22 15:13:51 NZST 2014,2c,3: 8,2,9,8010
Thu May 22 15:13:51 NZST 2014,2c,3: 9,2,8,8009
Thu May 22 15:13:51 NZST 2014,2c,3: 10,2,7,8008
2c:NUMINTEREST SUMMARY(interests): Minimum=2, Maximum=2, Average=2
2c:SUCCESSTIME SUMMARY(ms): Minimum=6, Maximum=9, Average=7.5
2c:TOTALTIME SUMMARY(ms): Minimum=8007, Maximum=8010, Average=8008.5
