This is pdfTeX, Version 3.1415926-2.6-1.40.14 (TeX Live 2014/dev) (format=pdflatex 2014.1.28)  6 FEB 2014 19:13
entering extended mode
 restricted \write18 enabled.
 %&-line parsing enabled.
**thesis
(./thesis.tex
LaTeX2e <2011/06/27>
Babel <3.9h> and hyphenation patterns for 2 languages loaded.
(/usr/share/texlive/texmf-dist/tex/latex/base/report.cls
Document Class: report 2007/10/19 v1.4h Standard LaTeX document class
(/usr/share/texlive/texmf-dist/tex/latex/base/size12.clo
File: size12.clo 2007/10/19 v1.4h Standard LaTeX file (size option)
)
\c@part=\count79
\c@chapter=\count80
\c@section=\count81
\c@subsection=\count82
\c@subsubsection=\count83
\c@paragraph=\count84
\c@subparagraph=\count85
\c@figure=\count86
\c@table=\count87
\abovecaptionskip=\skip41
\belowcaptionskip=\skip42
\bibindent=\dimen102
)
(/usr/share/texlive/texmf-dist/tex/latex/tools/enumerate.sty
Package: enumerate 1999/03/05 v3.00 enumerate extensions (DPC)
\@enLab=\toks14
)
(/usr/share/texlive/texmf-dist/tex/latex/natbib/natbib.sty
Package: natbib 2010/09/13 8.31b (PWD, AO)
\bibhang=\skip43
\bibsep=\skip44
LaTeX Info: Redefining \cite on input line 694.
\c@NAT@ctr=\count88
)
(/usr/share/texlive/texmf-dist/tex/latex/graphics/graphicx.sty
Package: graphicx 1999/02/16 v1.0f Enhanced LaTeX Graphics (DPC,SPQR)

(/usr/share/texlive/texmf-dist/tex/latex/graphics/keyval.sty
Package: keyval 1999/03/16 v1.13 key=value parser (DPC)
\KV@toks@=\toks15
)
(/usr/share/texlive/texmf-dist/tex/latex/graphics/graphics.sty
Package: graphics 2009/02/05 v1.0o Standard LaTeX Graphics (DPC,SPQR)

(/usr/share/texlive/texmf-dist/tex/latex/graphics/trig.sty
Package: trig 1999/03/16 v1.09 sin cos tan (DPC)
)
(/usr/share/texlive/texmf-dist/tex/latex/latexconfig/graphics.cfg
File: graphics.cfg 2010/04/23 v1.9 graphics configuration of TeX Live
)
Package graphics Info: Driver file: pdftex.def on input line 91.

(/usr/share/texlive/texmf-dist/tex/latex/pdftex-def/pdftex.def
File: pdftex.def 2011/05/27 v0.06d Graphics/color for pdfTeX

(/usr/share/texlive/texmf-dist/tex/generic/oberdiek/infwarerr.sty
Package: infwarerr 2010/04/08 v1.3 Providing info/warning/error messages (HO)
)
(/usr/share/texlive/texmf-dist/tex/generic/oberdiek/ltxcmds.sty
Package: ltxcmds 2011/11/09 v1.22 LaTeX kernel commands for general use (HO)
)
\Gread@gobject=\count89
))
\Gin@req@height=\dimen103
\Gin@req@width=\dimen104
)
(/usr/share/texlive/texmf-dist/tex/latex/base/fixltx2e.sty
Package: fixltx2e 2006/09/13 v1.1m fixes to LaTeX
LaTeX Info: Redefining \em on input line 420.
) (./thesis.aux)
\openout1 = `thesis.aux'.

LaTeX Font Info:    Checking defaults for OML/cmm/m/it on input line 33.
LaTeX Font Info:    ... okay on input line 33.
LaTeX Font Info:    Checking defaults for T1/cmr/m/n on input line 33.
LaTeX Font Info:    ... okay on input line 33.
LaTeX Font Info:    Checking defaults for OT1/cmr/m/n on input line 33.
LaTeX Font Info:    ... okay on input line 33.
LaTeX Font Info:    Checking defaults for OMS/cmsy/m/n on input line 33.
LaTeX Font Info:    ... okay on input line 33.
LaTeX Font Info:    Checking defaults for OMX/cmex/m/n on input line 33.
LaTeX Font Info:    ... okay on input line 33.
LaTeX Font Info:    Checking defaults for U/cmr/m/n on input line 33.
LaTeX Font Info:    ... okay on input line 33.

(/usr/share/texlive/texmf-dist/tex/context/base/supp-pdf.mkii
[Loading MPS to PDF converter (version 2006.09.02).]
\scratchcounter=\count90
\scratchdimen=\dimen105
\scratchbox=\box26
\nofMPsegments=\count91
\nofMParguments=\count92
\everyMPshowfont=\toks16
\MPscratchCnt=\count93
\MPscratchDim=\dimen106
\MPnumerator=\count94
\makeMPintoPDFobject=\count95
\everyMPtoPDFconversion=\toks17
) (/usr/share/texlive/texmf-dist/tex/generic/oberdiek/pdftexcmds.sty
Package: pdftexcmds 2011/11/29 v0.20 Utility functions of pdfTeX for LuaTeX (HO
)

(/usr/share/texlive/texmf-dist/tex/generic/oberdiek/ifluatex.sty
Package: ifluatex 2010/03/01 v1.3 Provides the ifluatex switch (HO)
Package ifluatex Info: LuaTeX not detected.
)
(/usr/share/texlive/texmf-dist/tex/generic/oberdiek/ifpdf.sty
Package: ifpdf 2011/01/30 v2.3 Provides the ifpdf switch (HO)
Package ifpdf Info: pdfTeX in PDF mode is detected.
)
Package pdftexcmds Info: LuaTeX not detected.
Package pdftexcmds Info: \pdf@primitive is available.
Package pdftexcmds Info: \pdf@ifprimitive is available.
Package pdftexcmds Info: \pdfdraftmode found.
)
(/usr/share/texlive/texmf-dist/tex/latex/oberdiek/epstopdf-base.sty
Package: epstopdf-base 2010/02/09 v2.5 Base part for package epstopdf

(/usr/share/texlive/texmf-dist/tex/latex/oberdiek/grfext.sty
Package: grfext 2010/08/19 v1.1 Manage graphics extensions (HO)

(/usr/share/texlive/texmf-dist/tex/generic/oberdiek/kvdefinekeys.sty
Package: kvdefinekeys 2011/04/07 v1.3 Define keys (HO)
))
(/usr/share/texlive/texmf-dist/tex/latex/oberdiek/kvoptions.sty
Package: kvoptions 2011/06/30 v3.11 Key value format for package options (HO)

(/usr/share/texlive/texmf-dist/tex/generic/oberdiek/kvsetkeys.sty
Package: kvsetkeys 2012/04/25 v1.16 Key value parser (HO)

(/usr/share/texlive/texmf-dist/tex/generic/oberdiek/etexcmds.sty
Package: etexcmds 2011/02/16 v1.5 Avoid name clashes with e-TeX commands (HO)
Package etexcmds Info: Could not find \expanded.
(etexcmds)             That can mean that you are not using pdfTeX 1.50 or
(etexcmds)             that some package has redefined \expanded.
(etexcmds)             In the latter case, load this package earlier.
)))
Package grfext Info: Graphics extension search list:
(grfext)             [.png,.pdf,.jpg,.mps,.jpeg,.jbig2,.jb2,.PNG,.PDF,.JPG,.JPE
G,.JBIG2,.JB2,.eps]
(grfext)             \AppendGraphicsExtensions on input line 452.

(/usr/share/texlive/texmf-dist/tex/latex/latexconfig/epstopdf-sys.cfg
File: epstopdf-sys.cfg 2010/07/13 v1.3 Configuration of (r)epstopdf for TeX Liv
e
))
LaTeX Font Info:    External font `cmex10' loaded for size
(Font)              <14.4> on input line 35.
LaTeX Font Info:    External font `cmex10' loaded for size
(Font)              <7> on input line 35.
LaTeX Font Info:    Try loading font information for OMS+cmr on input line 35.

(/usr/share/texlive/texmf-dist/tex/latex/base/omscmr.fd
File: omscmr.fd 1999/05/25 v2.5h Standard LaTeX font definitions
)
LaTeX Font Info:    Font shape `OMS/cmr/m/n' in size <14.4> not available
(Font)              Font shape `OMS/cmsy/m/n' tried instead on input line 35.
 [1

] [2{/usr/share/texlive/texmf-dist/fonts/map/pdftex/updmap/pdftex.map}] [1

] [2

] (./thesis.toc
LaTeX Font Info:    External font `cmex10' loaded for size
(Font)              <12> on input line 2.
LaTeX Font Info:    External font `cmex10' loaded for size
(Font)              <8> on input line 2.
LaTeX Font Info:    External font `cmex10' loaded for size
(Font)              <6> on input line 2.

[3

])
\tf@toc=\write3
\openout3 = `thesis.toc'.

 [4]
Chapter 1.
[5

]
Missing character: There is no ‚ in font cmr12!
Missing character: There is no Ä in font cmr12!
Missing character: There is no ú in font cmr12!
Missing character: There is no ‚ in font cmr12!
Missing character: There is no Ä in font cmr12!
Missing character: There is no ù in font cmr12!
 [6] [7] [8] [9]
Chapter 2.
[10

] [11]
Chapter 3.
[12

]
Missing character: There is no ‚ in font cmr12!
Missing character: There is no Ä in font cmr12!
Missing character: There is no ú in font cmr12!
Missing character: There is no ‚ in font cmr12!
Missing character: There is no Ä in font cmr12!
Missing character: There is no ù in font cmr12!
 [13]
Missing character: There is no ‚ in font cmr12!
Missing character: There is no Ä in font cmr12!
Missing character: There is no ú in font cmr12!
Missing character: There is no ‚ in font cmr12!
Missing character: There is no Ä in font cmr12!
Missing character: There is no ù in font cmr12!
 [14] <exp1topo.jpg, id=58, 131.49126pt x 54.2025pt>
File: exp1topo.jpg Graphic file (type jpg)

<use exp1topo.jpg>
Package pdftex.def Info: exp1topo.jpg used on input line 310.
(pdftex.def)             Requested size: 98.61818pt x 40.65176pt.
LaTeX Font Info:    Font shape `OMS/cmr/m/n' in size <12> not available
(Font)              Font shape `OMS/cmsy/m/n' tried instead on input line 325.
 <exp1a_timediag.jpg, id=59, 687.56876pt x 451.6875pt>
File: exp1a_timediag.jpg Graphic file (type jpg)

<use exp1a_timediag.jpg>
Package pdftex.def Info: exp1a_timediag.jpg used on input line 335.
(pdftex.def)             Requested size: 378.16399pt x 248.42888pt.

Underfull \hbox (badness 10000) in paragraph at lines 335--336

 []

[15 <./exp1topo.jpg>]
LaTeX Font Info:    External font `cmex10' loaded for size
(Font)              <5> on input line 351.
 [16 <./exp1a_timediag.jpg>]
<exp1b_timediag.jpg, id=72, 694.595pt x 457.71pt>
File: exp1b_timediag.jpg Graphic file (type jpg)
 <use exp1b_timediag.jpg>
Package pdftex.def Info: exp1b_timediag.jpg used on input line 379.
(pdftex.def)             Requested size: 382.02843pt x 251.74129pt.

Underfull \hbox (badness 10000) in paragraph at lines 379--380

 []

[17] [18 <./exp1b_timediag.jpg>]
<exp1c_timediag.jpg, id=80, 715.67375pt x 461.725pt>
File: exp1c_timediag.jpg Graphic file (type jpg)
 <use exp1c_timediag.jpg>
Package pdftex.def Info: exp1c_timediag.jpg used on input line 421.
(pdftex.def)             Requested size: 393.62178pt x 253.94954pt.

Overfull \hbox (3.62178pt too wide) in paragraph at lines 421--422
[] 
 []


Underfull \hbox (badness 10000) in paragraph at lines 421--422

 []

[19] [20 <./exp1c_timediag.jpg>] <exp2topo.jpg, id=87, 106.3975pt x 82.3075pt>
File: exp2topo.jpg Graphic file (type jpg)

<use exp2topo.jpg>
Package pdftex.def Info: exp2topo.jpg used on input line 486.
(pdftex.def)             Requested size: 79.79791pt x 61.73045pt.
 [21] <exp2a_timediag.jpg, id=91, 692.5875pt x 448.67625pt>
File: exp2a_timediag.jpg Graphic file (type jpg)

<use exp2a_timediag.jpg>
Package pdftex.def Info: exp2a_timediag.jpg used on input line 509.
(pdftex.def)             Requested size: 380.9243pt x 246.77269pt.

Underfull \hbox (badness 10000) in paragraph at lines 509--510

 []

[22 <./exp2topo.jpg> <./exp2a_timediag.jpg>]
<exp2b_timediag.jpg, id=95, 685.56125pt x 443.6575pt>
File: exp2b_timediag.jpg Graphic file (type jpg)
 <use exp2b_timediag.jpg>
Package pdftex.def Info: exp2b_timediag.jpg used on input line 547.
(pdftex.def)             Requested size: 377.05984pt x 244.01237pt.

Underfull \hbox (badness 10000) in paragraph at lines 547--548

 []

[23] [24 <./exp2b_timediag.jpg>]
<exp2c_timediag.jpg, id=103, 687.56876pt x 442.65375pt>
File: exp2c_timediag.jpg Graphic file (type jpg)

<use exp2c_timediag.jpg>
Package pdftex.def Info: exp2c_timediag.jpg used on input line 593.
(pdftex.def)             Requested size: 378.16399pt x 243.4603pt.

Underfull \hbox (badness 10000) in paragraph at lines 593--594

 []

[25 <./exp2c_timediag.jpg>] [26] [27]
<exp3topo.jpg, id=113, 116.435pt x 48.18pt>
File: exp3topo.jpg Graphic file (type jpg)
 <use exp3topo.jpg>
Package pdftex.def Info: exp3topo.jpg used on input line 684.
(pdftex.def)             Requested size: 87.32602pt x 36.13489pt.
 [28 <./exp3topo.jpg>] [29] <exp4topo.jpg, id=121, 136.51pt x 81.30376pt>
File: exp4topo.jpg Graphic file (type jpg)
 <use exp4topo.jpg>
Package pdftex.def Info: exp4topo.jpg used on input line 736.
(pdftex.def)             Requested size: 102.38223pt x 60.97765pt.

[30 <./exp4topo.jpg>] [31]
Chapter 4.
[32

]
Overfull \hbox (26.4342pt too wide) in paragraph at lines 844--856
\OT1/cmr/m/n/12 nodes send out re-quests in the form of []\OT1/cmtt/m/n/12 ccnx
:/uu/core/games/ttt/new/<gameid>\OT1/cmr/m/n/12 ,
 []


Overfull \hbox (9.88335pt too wide) in paragraph at lines 844--856
\OT1/cmr/m/n/12 sively lis-ten for In-ter-est re-quests with a pre-fix of ccnx:
/uu/core/games/ttt/new.
 []

[33]
Overfull \hbox (18.95686pt too wide) in paragraph at lines 879--883
[]\OT1/cmr/m/n/12 As demon-strated in chap-ter 3, in-ter-val and timers that co
n-trol re-transmission
 []

[34]
Overfull \hbox (60.96368pt too wide) in paragraph at lines 891--901
\OT1/cmr/m/n/12 re-quest is re-ceived in the form of []\OT1/cmtt/m/n/12 ccnx:/u
u/core/games/ttt/<gameid>/move/<moveid>\OT1/cmr/m/n/12 ,
 []

Missing character: There is no ‚ in font cmr12!
Missing character: There is no Ä in font cmr12!
Missing character: There is no ú in font cmr12!
Missing character: There is no ‚ in font cmr12!
Missing character: There is no Ä in font cmr12!
Missing character: There is no ù in font cmr12!

Overfull \hbox (186.44417pt too wide) in paragraph at lines 923--936
[]\OT1/cmtt/m/n/12 /uu/core/games/ttt/open-games/349057804 \OT1/cmr/m/n/12 Con-
tent: []\OT1/cmtt/m/n/12 Player prefix=/vodafone/de/user1/ttt/349057804
 []


Overfull \hbox (26.68883pt too wide) in paragraph at lines 923--936
\OT1/cmr/m/n/12 Player A lis-tens for in-ter-ests for ccnx:/uu/core/games/ttt/o
pen-games/349057804,
 []


Overfull \hbox (286.11072pt too wide) in paragraph at lines 923--936
\OT1/cmr/m/n/12 rec-tory by send-ing an in-ter-est such as: []\OT1/cmtt/m/n/12 
ccnx:/uu/core/games/ttt/pull-request/#/vodafone/de/user1/ttt/349057804/game-co 

 []

[35]
Overfull \hbox (50.21382pt too wide) in paragraph at lines 937--941
\OT1/cmr/m/n/12 player A by send-ing an in-ter-est: []\OT1/cmtt/m/n/12 ccnx:/vo
dafone/de/user1/ttt/349057804/game-co 
 []


Overfull \hbox (39.34433pt too wide) in paragraph at lines 947--950
\OT1/cmr/m/n/12 trieve the game con-tent ob-ject []\OT1/cmtt/m/n/12 ccnx:/uu/co
re/games/ttt/open-games/349057804\OT1/cmr/m/n/12 . 
 []


Overfull \hbox (115.45006pt too wide) in paragraph at lines 962--963
[][]\OT1/cmtt/m/n/12 ccnx:/vodafone/de/user1/ttt/349057804/start/#/twodegrees/n
z/user2/ttt/349057804 
 []

[36]
Overfull \hbox (182.15996pt too wide) in paragraph at lines 995--1004
\OT1/cmr/m/n/12 Player B sends out an In-ter-est mes-sage in the form of []\OT1
/cmtt/m/n/12 ccnx:/playerA/<gameid>/move/<i>/<serialized-move>\OT1/cmr/m/n/12 .

 []

[37] [38]
Overfull \hbox (14.20216pt too wide) in paragraph at lines 1039--1048
[]\OT1/cmr/m/n/12 An in-ter-est is con-sid-ered sat-is-fied if there is a cor-r
e-spond-ing []\OT1/cmtt/m/n/12 content_from
 []

[39] <InterestsPerGameHist.jpg, id=153, 537.00626pt x 406.51875pt>
File: InterestsPerGameHist.jpg Graphic file (type jpg)

<use InterestsPerGameHist.jpg>
Package pdftex.def Info: InterestsPerGameHist.jpg used on input line 1088.
(pdftex.def)             Requested size: 392.0113pt x 296.75621pt.

Overfull \hbox (2.0113pt too wide) in paragraph at lines 1088--1089
[] 
 []

[40 <./InterestsPerGameHist.jpg>]
<InterestSatisfactionRateHist.jpg, id=157, 537.00626pt x 404.51125pt>
File: InterestSatisfactionRateHist.jpg Graphic file (type jpg)

<use InterestSatisfactionRateHist.jpg>
Package pdftex.def Info: InterestSatisfactionRateHist.jpg used on input line 11
00.
(pdftex.def)             Requested size: 392.0113pt x 295.29076pt.

Overfull \hbox (19.63612pt too wide) in paragraph at lines 1100--1101
[][] 
 []

[41 <./InterestSatisfactionRateHist.jpg>] [42]
<InterestResponseTimeHist.jpg, id=165, 539.01375pt x 404.51125pt>
File: InterestResponseTimeHist.jpg Graphic file (type jpg)

<use InterestResponseTimeHist.jpg>
Package pdftex.def Info: InterestResponseTimeHist.jpg used on input line 1145.
(pdftex.def)             Requested size: 393.47676pt x 295.29076pt.

Overfull \hbox (21.10158pt too wide) in paragraph at lines 1145--1146
[][] 
 []

[43 <./InterestResponseTimeHist.jpg>] [44]
Chapter 5.
[45

] [46] [47] [48]
Chapter 6.
[49

]
Chapter 7.
[50

] (./thesis.bbl
Underfull \hbox (badness 2343) in paragraph at lines 52--57
[]\OT1/cmr/m/n/12 Palo Alto Re-search Cen-ter (PARC).  CCNx In-ter-est Mes-sage
.
 []


Overfull \hbox (13.7958pt too wide) in paragraph at lines 52--57
\OT1/cmr/m/n/12 http://www.ccnx.org/releases/latest/doc/technical/InterestMessa
ge.html,
 []

[51

]
Underfull \hbox (badness 10000) in paragraph at lines 59--63
[]\OT1/cmr/m/n/12 Palo Alto Re-search Cen-ter (PARC).  CCNx Pro-to-col.
 []


Overfull \hbox (7.89032pt too wide) in paragraph at lines 59--63
\OT1/cmr/m/n/12 http://www.ccnx.org/releases/latest/doc/technical/CCNxProtocol.
html,
 []

) [52] [53

] [54] [55] [56] [57] [58] (./thesis.aux) ) 
Here is how much of TeX's memory you used:
 2027 strings out of 495034
 28517 string characters out of 6181677
 84676 words of memory out of 5000000
 5211 multiletter control sequences out of 15000+600000
 11102 words of font info for 39 fonts, out of 8000000 for 9000
 14 hyphenation exceptions out of 8191
 37i,8n,23p,911b,254s stack positions out of 5000i,500n,10000p,200000b,80000s
</usr/share/texlive/texmf-dist/fonts
/type1/public/amsfonts/cm/cmbx12.pfb></usr/share/texlive/texmf-dist/fonts/type1
/public/amsfonts/cm/cmr10.pfb></usr/share/texlive/texmf-dist/fonts/type1/public
/amsfonts/cm/cmr12.pfb></usr/share/texlive/texmf-dist/fonts/type1/public/amsfon
ts/cm/cmr17.pfb></usr/share/texlive/texmf-dist/fonts/type1/public/amsfonts/cm/c
mr7.pfb></usr/share/texlive/texmf-dist/fonts/type1/public/amsfonts/cm/cmr8.pfb>
</usr/share/texlive/texmf-dist/fonts/type1/public/amsfonts/cm/cmsl12.pfb></usr/
share/texlive/texmf-dist/fonts/type1/public/amsfonts/cm/cmsy10.pfb></usr/share/
texlive/texmf-dist/fonts/type1/public/amsfonts/cm/cmti12.pfb></usr/share/texliv
e/texmf-dist/fonts/type1/public/amsfonts/cm/cmti8.pfb></usr/share/texlive/texmf
-dist/fonts/type1/public/amsfonts/cm/cmtt10.pfb></usr/share/texlive/texmf-dist/
fonts/type1/public/amsfonts/cm/cmtt12.pfb>
Output written on thesis.pdf (60 pages, 517568 bytes).
PDF statistics:
 259 PDF objects out of 1000 (max. 8388607)
 170 compressed objects within 2 object streams
 0 named destinations out of 1000 (max. 500000)
 66 words of extra memory for PDF output out of 10000 (max. 10000000)

