1400717399.000000 ccnd[656]: 6001 ____________________ Thu May 22 00:09:59 2014
1400717399.307720 ccnd[656]: CCND_DEBUG=-1 CCND_CAP=50000
1400717399.307903 ccnd[656]: listening on /tmp/.ccnd.sock.6001
1400717399.307977 ccnd[656]: accepting ipv4 datagrams on fd 4 rcvbuf 124928
1400717399.307999 ccnd[656]: accepting ipv4 connections on fd 5
1400717399.308045 ccnd[656]: accepting ipv6 datagrams on fd 6 rcvbuf 124928
1400717399.308066 ccnd[656]: accepting ipv6 connections on fd 7
1400717399.310241 ccnd[656]: debug.2428 prefix,ff=3 0 ccnx:/ccnx/ping (16 bytes)
1400717399.310344 ccnd[656]: debug.2428 prefix,ff=3 0 ccnx:/%C1.M.S.localhost/%C1.M.SRV/ccnd (37 bytes)
1400717399.310362 ccnd[656]: debug.2428 prefix,ff=3 0 ccnx:/%C1.M.S.neighborhood (24 bytes)
1400717399.310407 ccnd[656]: debug.2428 prefix,ff=0x17 0 ccnx:/ccnx/%D7%C0.%E6%A2%06%2B%91%AF8hE%F6%C9U%84%F7%7D%A1%B3U%3F%CF%B4%1B%B0%85%A4%24x%11m (45 bytes)
1400717399.310421 ccnd[656]: debug.2428 prefix,ff=0x23 0 ccnx:/%C1.M.S.localhost (20 bytes)
1400717399.351136 ccnd[656]: accepted client fd=8 id=6
1400717399.351347 ccnd[656]: shutdown client fd=8 id=6
1400717399.351365 ccnd[656]: recycling face id 6 (slot 6)
1400717399.357311 ccnd[656]: accepted client fd=8 id=6
1400717399.357391 ccnd[656]: shutdown client fd=8 id=6
1400717399.357405 ccnd[656]: recycling face id 6 (slot 6)
1400717435.000000 ccnd[656]: 6001 ____________________ Thu May 22 00:10:35 2014
1400717435.445157 ccnd[656]: accepted client fd=8 id=6
1400717435.496989 ccnd[656]: debug.3807 interest_from 6 ccnx:/%C1.M.S.localhost/%C1.M.SRV/ccnd/KEY (51 bytes,scope=1)
1400717435.497012 ccnd[656]: version: 20090701, prefix_comps: 4, min_suffix_comps: 0, max_suffix_comps: 32767, orderpref: 0, answerfrom: 3, scope: 1, lifetime: 4.0000, excl: 0 bytes, etc: 0 bytes
1400717435.497034 ccnd[656]: fwd.3059 adding 0
1400717435.497042 ccnd[656]: fwd.3059 adding 0
1400717435.497048 ccnd[656]: outbound.3131 adding 0
1400717435.497070 ccnd[656]: debug.3523 0x11d2d20.0of1,usec=899+3999101 6 ccnx:/%C1.M.S.localhost/%C1.M.SRV/ccnd/KEY (67 bytes,scope=1) D7C02E-0290-0006-7B71-6C5E56
1400717435.498168 ccnd[656]: debug.3210 interest_to 0 ccnx:/%C1.M.S.localhost/%C1.M.SRV/ccnd/KEY (67 bytes,scope=1) D7C02E-0290-0006-7B71-6C5E56
1400717435.498191 ccnd[656]: debug.158 ccnd_answer_req ccnx:/%C1.M.S.localhost/%C1.M.SRV/ccnd/KEY (67 bytes,scope=1) D7C02E-0290-0006-7B71-6C5E56
1400717435.499301 ccnd[656]: debug.4109 content_from 0 ccnx:/%C1.M.S.localhost/%C1.M.SRV/ccnd/KEY/%C1.M.K%00%D7%C0.%E6%A2%06%2B%91%AF8hE%F6%C9U%84%F7%7D%A1%B3U%3F%CF%B4%1B%B0%85%A4%24x%11m/%FD%057%D4%05t%EC/%00/%AE-a%0Aq%D1O%0F%EF%28%28n%95%03%BA%0D%81u%F3X%A2%152%AE%15C%BE%1E%A9%1A%B1%3E (611 bytes)
1400717435.499320 ccnd[656]: fwd.3059 adding 0
1400717435.499327 ccnd[656]: fwd.3059 adding 0
1400717435.499339 ccnd[656]: face 6 q 0 delay 3 usec
1400717435.499356 ccnd[656]: debug.1526 consume 6 ccnx:/%C1.M.S.localhost/%C1.M.SRV/ccnd/KEY (67 bytes,scope=1) D7C02E-0290-0006-7B71-6C5E56
1400717435.499362 ccnd[656]: sl.1598 0 ci=4 osrc=4294967295 src=0 usec=11315
1400717435.499370 ccnd[656]: sl.1598 0 ci=3 osrc=4294967295 src=0 usec=11315
1400717435.499377 ccnd[656]: fwd.3059 adding 0
1400717435.499384 ccnd[656]: fwd.3059 adding 0
1400717435.499409 ccnd[656]: debug.1268 content_to 6 ccnx:/%C1.M.S.localhost/%C1.M.SRV/ccnd/KEY/%C1.M.K%00%D7%C0.%E6%A2%06%2B%91%AF8hE%F6%C9U%84%F7%7D%A1%B3U%3F%CF%B4%1B%B0%85%A4%24x%11m/%FD%057%D4%05t%EC/%00/%AE-a%0Aq%D1O%0F%EF%28%28n%95%03%BA%0D%81u%F3X%A2%152%AE%15C%BE%1E%A9%1A%B1%3E (611 bytes)
1400717435.511481 ccnd[656]: debug.3807 interest_from 6 ccnx:/%C1.M.S.localhost/%C1.M.SRV/ccnd/KEY/%C1.M.K%00%D7%C0.%E6%A2%06%2B%91%AF8hE%F6%C9U%84%F7%7D%A1%B3U%3F%CF%B4%1B%B0%85%A4%24x%11m/%FD%057%D4%05t%EC (108 bytes)
1400717435.511506 ccnd[656]: version: 20090701, prefix_comps: 6, min_suffix_comps: 1, max_suffix_comps: 3, orderpref: 0, answerfrom: 3, scope: -1, lifetime: 4.0000, excl: 0 bytes, etc: 0 bytes
1400717435.511541 ccnd[656]: debug.3856 first_candidate ccnx:/%C1.M.S.localhost/%C1.M.SRV/ccnd/KEY/%C1.M.K%00%D7%C0.%E6%A2%06%2B%91%AF8hE%F6%C9U%84%F7%7D%A1%B3U%3F%CF%B4%1B%B0%85%A4%24x%11m/%FD%057%D4%05t%EC/%00/%AE-a%0Aq%D1O%0F%EF%28%28n%95%03%BA%0D%81u%F3X%A2%152%AE%15C%BE%1E%A9%1A%B1%3E (611 bytes)
1400717435.511593 ccnd[656]: debug.3884 matches ccnx:/%C1.M.S.localhost/%C1.M.SRV/ccnd/KEY/%C1.M.K%00%D7%C0.%E6%A2%06%2B%91%AF8hE%F6%C9U%84%F7%7D%A1%B3U%3F%CF%B4%1B%B0%85%A4%24x%11m/%FD%057%D4%05t%EC/%00/%AE-a%0Aq%D1O%0F%EF%28%28n%95%03%BA%0D%81u%F3X%A2%152%AE%15C%BE%1E%A9%1A%B1%3E (611 bytes)
1400717435.511604 ccnd[656]: face 6 q 0 delay 3 usec
1400717435.511623 ccnd[656]: debug.3918 consume 6 ccnx:/%C1.M.S.localhost/%C1.M.SRV/ccnd/KEY/%C1.M.K%00%D7%C0.%E6%A2%06%2B%91%AF8hE%F6%C9U%84%F7%7D%A1%B3U%3F%CF%B4%1B%B0%85%A4%24x%11m/%FD%057%D4%05t%EC (108 bytes)
1400717435.511632 ccnd[656]: fwd.3059 adding 0
1400717435.511639 ccnd[656]: fwd.3059 adding 0
1400717435.511646 ccnd[656]: fwd.3059 adding 0
1400717435.511653 ccnd[656]: fwd.3059 adding 0
1400717435.511678 ccnd[656]: debug.1268 content_to 6 ccnx:/%C1.M.S.localhost/%C1.M.SRV/ccnd/KEY/%C1.M.K%00%D7%C0.%E6%A2%06%2B%91%AF8hE%F6%C9U%84%F7%7D%A1%B3U%3F%CF%B4%1B%B0%85%A4%24x%11m/%FD%057%D4%05t%EC/%00/%AE-a%0Aq%D1O%0F%EF%28%28n%95%03%BA%0D%81u%F3X%A2%152%AE%15C%BE%1E%A9%1A%B1%3E (611 bytes)
1400717435.643664 ccnd[656]: debug.3807 interest_from 6 ccnx:/ccnx/%D7%C0.%E6%A2%06%2B%91%AF8hE%F6%C9U%84%F7%7D%A1%B3U%3F%CF%B4%1B%B0%85%A4%24x%11m/selfreg/%04%82%02%AA%03%B2%08%85K%E9%24~DR%83Q%C1%E20%3Dm0.%EF%AB%C0Q%B2b%1F%F9%A4%E5%25%0C7%9D%DC%D2TXs%86%E1%14%E9%E5Z%10Pm%D3%EF%D3%93%8C_%B4%3F%B7V%8A%B1%B0Kl%E8%3A%EC%89%A0%17%BA%DDH%81%21%86%28%16~%81%CF%28%E0c%CB%BD%F10%91%AD%0Eh%82%27u%DD%EC%D07%85%20%12%05%85%7Fz%EB%E5%18v%DB%1A%D4%DD%9C%EB%A8R%FAI%5B%D6%D8%DE%2F2R%03%E5%C0%0D%FD%C2G%00%00%F2%00%01%A2%03%E2%02%85%3F%CEUL%08m2%E5%A6%28%3Ew%CDb%836%8B%D9z%DA%5B%02%D776-%A5s%B2%09%84%40%00%02%BA%B5%057%D4%07%B9%96%00%01%E2%01%DA%0A%950%81%9F0%0D%06%09%2A%86H%86%F7%0D%01%01%01%05%00%03%81%8D%000%81%89%02%81%81%00%C0%FB%16%1F%A6%9A%5E%A0%2A%D2%80%DA%8E%D9f%C1%85r%83t%A6%28P6%CC%20O%60%D9Pi%87%F3%F6%D7%8C%F8F%BFw%3C%08%10%FF%D8%02%3E%1B%03E%0B%24%D5T%3F%21T%FC%8Fl%5C%07%22%60o%AA%AF%8E%1E6%9A%7DvVbs%2C%BCrW-Z%0F%F1%9F%CA%DA%B3%E0%06%E9%81%F7-%01%16%D5%7D%DF%D4%21E%2F%B0%C1%A7%27%AF%C2%0C%B6%C3%EC%1C%BF%5D%82T%A5%DEa%C4%14%401%10%C6%23%02%03%01%00%01%00%00%00%01%9A%09%ED%05%8A%04%CA%BEselfreg%00%F2%FA%C5ccnx.org%00%FA%ADUsers%00%FA%A5user%00%FA%A5Keys%00%FA%02%B5%C1.M.K%00%3F%CEUL%08m2%E5%A6%28%3Ew%CDb%836%8B%D9z%DA%5B%02%D776-%A5s%B2%09%84%40%00%FA%BD%FD%04%FB%C93%60%00%00%00%03%E2%02%85%D7%C0.%E6%A2%06%2B%91%AF8hE%F6%C9U%84%F7%7D%A1%B3U%3F%CF%B4%1B%B0%85%A4%24x%11m%00%04%FA%8E3%00%03%D2%D62147483647%00%00%00%00 (590 bytes,scope=1)
1400717435.643694 ccnd[656]: version: 20090701, prefix_comps: 4, min_suffix_comps: 0, max_suffix_comps: 32767, orderpref: 0, answerfrom: 3, scope: 1, lifetime: 4.0000, excl: 0 bytes, etc: 0 bytes
1400717435.643727 ccnd[656]: debug.3856 first_candidate ccnx:/%C1.M.S.localhost/%C1.M.SRV/ccnd/KEY/%C1.M.K%00%D7%C0.%E6%A2%06%2B%91%AF8hE%F6%C9U%84%F7%7D%A1%B3U%3F%CF%B4%1B%B0%85%A4%24x%11m/%FD%057%D4%05t%EC/%00/%AE-a%0Aq%D1O%0F%EF%28%28n%95%03%BA%0D%81u%F3X%A2%152%AE%15C%BE%1E%A9%1A%B1%3E (611 bytes)
1400717435.643813 ccnd[656]: debug.3863 prefix_mismatch ccnx:/ccnx/%D7%C0.%E6%A2%06%2B%91%AF8hE%F6%C9U%84%F7%7D%A1%B3U%3F%CF%B4%1B%B0%85%A4%24x%11m/selfreg/%04%82%02%AA%03%B2%08%85K%E9%24~DR%83Q%C1%E20%3Dm0.%EF%AB%C0Q%B2b%1F%F9%A4%E5%25%0C7%9D%DC%D2TXs%86%E1%14%E9%E5Z%10Pm%D3%EF%D3%93%8C_%B4%3F%B7V%8A%B1%B0Kl%E8%3A%EC%89%A0%17%BA%DDH%81%21%86%28%16~%81%CF%28%E0c%CB%BD%F10%91%AD%0Eh%82%27u%DD%EC%D07%85%20%12%05%85%7Fz%EB%E5%18v%DB%1A%D4%DD%9C%EB%A8R%FAI%5B%D6%D8%DE%2F2R%03%E5%C0%0D%FD%C2G%00%00%F2%00%01%A2%03%E2%02%85%3F%CEUL%08m2%E5%A6%28%3Ew%CDb%836%8B%D9z%DA%5B%02%D776-%A5s%B2%09%84%40%00%02%BA%B5%057%D4%07%B9%96%00%01%E2%01%DA%0A%950%81%9F0%0D%06%09%2A%86H%86%F7%0D%01%01%01%05%00%03%81%8D%000%81%89%02%81%81%00%C0%FB%16%1F%A6%9A%5E%A0%2A%D2%80%DA%8E%D9f%C1%85r%83t%A6%28P6%CC%20O%60%D9Pi%87%F3%F6%D7%8C%F8F%BFw%3C%08%10%FF%D8%02%3E%1B%03E%0B%24%D5T%3F%21T%FC%8Fl%5C%07%22%60o%AA%AF%8E%1E6%9A%7DvVbs%2C%BCrW-Z%0F%F1%9F%CA%DA%B3%E0%06%E9%81%F7-%01%16%D5%7D%DF%D4%21E%2F%B0%C1%A7%27%AF%C2%0C%B6%C3%EC%1C%BF%5D%82T%A5%DEa%C4%14%401%10%C6%23%02%03%01%00%01%00%00%00%01%9A%09%ED%05%8A%04%CA%BEselfreg%00%F2%FA%C5ccnx.org%00%FA%ADUsers%00%FA%A5user%00%FA%A5Keys%00%FA%02%B5%C1.M.K%00%3F%CEUL%08m2%E5%A6%28%3Ew%CDb%836%8B%D9z%DA%5B%02%D776-%A5s%B2%09%84%40%00%FA%BD%FD%04%FB%C93%60%00%00%00%03%E2%02%85%D7%C0.%E6%A2%06%2B%91%AF8hE%F6%C9U%84%F7%7D%A1%B3U%3F%CF%B4%1B%B0%85%A4%24x%11m%00%04%FA%8E3%00%03%D2%D62147483647%00%00%00%00 (590 bytes,scope=1)
1400717435.643839 ccnd[656]: fwd.3059 adding 0
1400717435.643847 ccnd[656]: outbound.3131 adding 0
1400717435.643947 ccnd[656]: debug.3523 0x11d2db0.0of1,usec=2176+3997824 6 ccnx:/ccnx/%D7%C0.%E6%A2%06%2B%91%AF8hE%F6%C9U%84%F7%7D%A1%B3U%3F%CF%B4%1B%B0%85%A4%24x%11m/selfreg/%04%82%02%AA%03%B2%08%85K%E9%24~DR%83Q%C1%E20%3Dm0.%EF%AB%C0Q%B2b%1F%F9%A4%E5%25%0C7%9D%DC%D2TXs%86%E1%14%E9%E5Z%10Pm%D3%EF%D3%93%8C_%B4%3F%B7V%8A%B1%B0Kl%E8%3A%EC%89%A0%17%BA%DDH%81%21%86%28%16~%81%CF%28%E0c%CB%BD%F10%91%AD%0Eh%82%27u%DD%EC%D07%85%20%12%05%85%7Fz%EB%E5%18v%DB%1A%D4%DD%9C%EB%A8R%FAI%5B%D6%D8%DE%2F2R%03%E5%C0%0D%FD%C2G%00%00%F2%00%01%A2%03%E2%02%85%3F%CEUL%08m2%E5%A6%28%3Ew%CDb%836%8B%D9z%DA%5B%02%D776-%A5s%B2%09%84%40%00%02%BA%B5%057%D4%07%B9%96%00%01%E2%01%DA%0A%950%81%9F0%0D%06%09%2A%86H%86%F7%0D%01%01%01%05%00%03%81%8D%000%81%89%02%81%81%00%C0%FB%16%1F%A6%9A%5E%A0%2A%D2%80%DA%8E%D9f%C1%85r%83t%A6%28P6%CC%20O%60%D9Pi%87%F3%F6%D7%8C%F8F%BFw%3C%08%10%FF%D8%02%3E%1B%03E%0B%24%D5T%3F%21T%FC%8Fl%5C%07%22%60o%AA%AF%8E%1E6%9A%7DvVbs%2C%BCrW-Z%0F%F1%9F%CA%DA%B3%E0%06%E9%81%F7-%01%16%D5%7D%DF%D4%21E%2F%B0%C1%A7%27%AF%C2%0C%B6%C3%EC%1C%BF%5D%82T%A5%DEa%C4%14%401%10%C6%23%02%03%01%00%01%00%00%00%01%9A%09%ED%05%8A%04%CA%BEselfreg%00%F2%FA%C5ccnx.org%00%FA%ADUsers%00%FA%A5user%00%FA%A5Keys%00%FA%02%B5%C1.M.K%00%3F%CEUL%08m2%E5%A6%28%3Ew%CDb%836%8B%D9z%DA%5B%02%D776-%A5s%B2%09%84%40%00%FA%BD%FD%04%FB%C93%60%00%00%00%03%E2%02%85%D7%C0.%E6%A2%06%2B%91%AF8hE%F6%C9U%84%F7%7D%A1%B3U%3F%CF%B4%1B%B0%85%A4%24x%11m%00%04%FA%8E3%00%03%D2%D62147483647%00%00%00%00 (606 bytes,scope=1) D7C02E-0290-0006-7B82-19CCE7
1400717435.647120 ccnd[656]: debug.3210 interest_to 0 ccnx:/ccnx/%D7%C0.%E6%A2%06%2B%91%AF8hE%F6%C9U%84%F7%7D%A1%B3U%3F%CF%B4%1B%B0%85%A4%24x%11m/selfreg/%04%82%02%AA%03%B2%08%85K%E9%24~DR%83Q%C1%E20%3Dm0.%EF%AB%C0Q%B2b%1F%F9%A4%E5%25%0C7%9D%DC%D2TXs%86%E1%14%E9%E5Z%10Pm%D3%EF%D3%93%8C_%B4%3F%B7V%8A%B1%B0Kl%E8%3A%EC%89%A0%17%BA%DDH%81%21%86%28%16~%81%CF%28%E0c%CB%BD%F10%91%AD%0Eh%82%27u%DD%EC%D07%85%20%12%05%85%7Fz%EB%E5%18v%DB%1A%D4%DD%9C%EB%A8R%FAI%5B%D6%D8%DE%2F2R%03%E5%C0%0D%FD%C2G%00%00%F2%00%01%A2%03%E2%02%85%3F%CEUL%08m2%E5%A6%28%3Ew%CDb%836%8B%D9z%DA%5B%02%D776-%A5s%B2%09%84%40%00%02%BA%B5%057%D4%07%B9%96%00%01%E2%01%DA%0A%950%81%9F0%0D%06%09%2A%86H%86%F7%0D%01%01%01%05%00%03%81%8D%000%81%89%02%81%81%00%C0%FB%16%1F%A6%9A%5E%A0%2A%D2%80%DA%8E%D9f%C1%85r%83t%A6%28P6%CC%20O%60%D9Pi%87%F3%F6%D7%8C%F8F%BFw%3C%08%10%FF%D8%02%3E%1B%03E%0B%24%D5T%3F%21T%FC%8Fl%5C%07%22%60o%AA%AF%8E%1E6%9A%7DvVbs%2C%BCrW-Z%0F%F1%9F%CA%DA%B3%E0%06%E9%81%F7-%01%16%D5%7D%DF%D4%21E%2F%B0%C1%A7%27%AF%C2%0C%B6%C3%EC%1C%BF%5D%82T%A5%DEa%C4%14%401%10%C6%23%02%03%01%00%01%00%00%00%01%9A%09%ED%05%8A%04%CA%BEselfreg%00%F2%FA%C5ccnx.org%00%FA%ADUsers%00%FA%A5user%00%FA%A5Keys%00%FA%02%B5%C1.M.K%00%3F%CEUL%08m2%E5%A6%28%3Ew%CDb%836%8B%D9z%DA%5B%02%D776-%A5s%B2%09%84%40%00%FA%BD%FD%04%FB%C93%60%00%00%00%03%E2%02%85%D7%C0.%E6%A2%06%2B%91%AF8hE%F6%C9U%84%F7%7D%A1%B3U%3F%CF%B4%1B%B0%85%A4%24x%11m%00%04%FA%8E3%00%03%D2%D62147483647%00%00%00%00 (606 bytes,scope=1) D7C02E-0290-0006-7B82-19CCE7
1400717435.647225 ccnd[656]: debug.158 ccnd_answer_req ccnx:/ccnx/%D7%C0.%E6%A2%06%2B%91%AF8hE%F6%C9U%84%F7%7D%A1%B3U%3F%CF%B4%1B%B0%85%A4%24x%11m/selfreg/%04%82%02%AA%03%B2%08%85K%E9%24~DR%83Q%C1%E20%3Dm0.%EF%AB%C0Q%B2b%1F%F9%A4%E5%25%0C7%9D%DC%D2TXs%86%E1%14%E9%E5Z%10Pm%D3%EF%D3%93%8C_%B4%3F%B7V%8A%B1%B0Kl%E8%3A%EC%89%A0%17%BA%DDH%81%21%86%28%16~%81%CF%28%E0c%CB%BD%F10%91%AD%0Eh%82%27u%DD%EC%D07%85%20%12%05%85%7Fz%EB%E5%18v%DB%1A%D4%DD%9C%EB%A8R%FAI%5B%D6%D8%DE%2F2R%03%E5%C0%0D%FD%C2G%00%00%F2%00%01%A2%03%E2%02%85%3F%CEUL%08m2%E5%A6%28%3Ew%CDb%836%8B%D9z%DA%5B%02%D776-%A5s%B2%09%84%40%00%02%BA%B5%057%D4%07%B9%96%00%01%E2%01%DA%0A%950%81%9F0%0D%06%09%2A%86H%86%F7%0D%01%01%01%05%00%03%81%8D%000%81%89%02%81%81%00%C0%FB%16%1F%A6%9A%5E%A0%2A%D2%80%DA%8E%D9f%C1%85r%83t%A6%28P6%CC%20O%60%D9Pi%87%F3%F6%D7%8C%F8F%BFw%3C%08%10%FF%D8%02%3E%1B%03E%0B%24%D5T%3F%21T%FC%8Fl%5C%07%22%60o%AA%AF%8E%1E6%9A%7DvVbs%2C%BCrW-Z%0F%F1%9F%CA%DA%B3%E0%06%E9%81%F7-%01%16%D5%7D%DF%D4%21E%2F%B0%C1%A7%27%AF%C2%0C%B6%C3%EC%1C%BF%5D%82T%A5%DEa%C4%14%401%10%C6%23%02%03%01%00%01%00%00%00%01%9A%09%ED%05%8A%04%CA%BEselfreg%00%F2%FA%C5ccnx.org%00%FA%ADUsers%00%FA%A5user%00%FA%A5Keys%00%FA%02%B5%C1.M.K%00%3F%CEUL%08m2%E5%A6%28%3Ew%CDb%836%8B%D9z%DA%5B%02%D776-%A5s%B2%09%84%40%00%FA%BD%FD%04%FB%C93%60%00%00%00%03%E2%02%85%D7%C0.%E6%A2%06%2B%91%AF8hE%F6%C9U%84%F7%7D%A1%B3U%3F%CF%B4%1B%B0%85%A4%24x%11m%00%04%FA%8E3%00%03%D2%D62147483647%00%00%00%00 (606 bytes,scope=1) D7C02E-0290-0006-7B82-19CCE7
1400717435.647383 ccnd[656]: debug.2428 prefix,ff=3 6 ccnx:/ccnx.org/Users/user/Keys/%C1.M.K%00%3F%CEUL%08m2%E5%A6%28%3Ew%CDb%836%8B%D9z%DA%5B%02%D776-%A5s%B2%09%84%40/%FD%04%FB%C93%60%00 (87 bytes)
1400717435.648032 ccnd[656]: debug.280 ccnd_answer_req_response ccnx:/ccnx/%D7%C0.%E6%A2%06%2B%91%AF8hE%F6%C9U%84%F7%7D%A1%B3U%3F%CF%B4%1B%B0%85%A4%24x%11m/selfreg/%04%82%02%AA%03%B2%08%85K%E9%24~DR%83Q%C1%E20%3Dm0.%EF%AB%C0Q%B2b%1F%F9%A4%E5%25%0C7%9D%DC%D2TXs%86%E1%14%E9%E5Z%10Pm%D3%EF%D3%93%8C_%B4%3F%B7V%8A%B1%B0Kl%E8%3A%EC%89%A0%17%BA%DDH%81%21%86%28%16~%81%CF%28%E0c%CB%BD%F10%91%AD%0Eh%82%27u%DD%EC%D07%85%20%12%05%85%7Fz%EB%E5%18v%DB%1A%D4%DD%9C%EB%A8R%FAI%5B%D6%D8%DE%2F2R%03%E5%C0%0D%FD%C2G%00%00%F2%00%01%A2%03%E2%02%85%3F%CEUL%08m2%E5%A6%28%3Ew%CDb%836%8B%D9z%DA%5B%02%D776-%A5s%B2%09%84%40%00%02%BA%B5%057%D4%07%B9%96%00%01%E2%01%DA%0A%950%81%9F0%0D%06%09%2A%86H%86%F7%0D%01%01%01%05%00%03%81%8D%000%81%89%02%81%81%00%C0%FB%16%1F%A6%9A%5E%A0%2A%D2%80%DA%8E%D9f%C1%85r%83t%A6%28P6%CC%20O%60%D9Pi%87%F3%F6%D7%8C%F8F%BFw%3C%08%10%FF%D8%02%3E%1B%03E%0B%24%D5T%3F%21T%FC%8Fl%5C%07%22%60o%AA%AF%8E%1E6%9A%7DvVbs%2C%BCrW-Z%0F%F1%9F%CA%DA%B3%E0%06%E9%81%F7-%01%16%D5%7D%DF%D4%21E%2F%B0%C1%A7%27%AF%C2%0C%B6%C3%EC%1C%BF%5D%82T%A5%DEa%C4%14%401%10%C6%23%02%03%01%00%01%00%00%00%01%9A%09%ED%05%8A%04%CA%BEselfreg%00%F2%FA%C5ccnx.org%00%FA%ADUsers%00%FA%A5user%00%FA%A5Keys%00%FA%02%B5%C1.M.K%00%3F%CEUL%08m2%E5%A6%28%3Ew%CDb%836%8B%D9z%DA%5B%02%D776-%A5s%B2%09%84%40%00%FA%BD%FD%04%FB%C93%60%00%00%00%03%E2%02%85%D7%C0.%E6%A2%06%2B%91%AF8hE%F6%C9U%84%F7%7D%A1%B3U%3F%CF%B4%1B%B0%85%A4%24x%11m%00%04%FA%8E3%00%03%D2%D62147483647%00%00%00%00 (1103 bytes)
1400717435.648141 ccnd[656]: debug.4109 content_from 0 ccnx:/ccnx/%D7%C0.%E6%A2%06%2B%91%AF8hE%F6%C9U%84%F7%7D%A1%B3U%3F%CF%B4%1B%B0%85%A4%24x%11m/selfreg/%04%82%02%AA%03%B2%08%85K%E9%24~DR%83Q%C1%E20%3Dm0.%EF%AB%C0Q%B2b%1F%F9%A4%E5%25%0C7%9D%DC%D2TXs%86%E1%14%E9%E5Z%10Pm%D3%EF%D3%93%8C_%B4%3F%B7V%8A%B1%B0Kl%E8%3A%EC%89%A0%17%BA%DDH%81%21%86%28%16~%81%CF%28%E0c%CB%BD%F10%91%AD%0Eh%82%27u%DD%EC%D07%85%20%12%05%85%7Fz%EB%E5%18v%DB%1A%D4%DD%9C%EB%A8R%FAI%5B%D6%D8%DE%2F2R%03%E5%C0%0D%FD%C2G%00%00%F2%00%01%A2%03%E2%02%85%3F%CEUL%08m2%E5%A6%28%3Ew%CDb%836%8B%D9z%DA%5B%02%D776-%A5s%B2%09%84%40%00%02%BA%B5%057%D4%07%B9%96%00%01%E2%01%DA%0A%950%81%9F0%0D%06%09%2A%86H%86%F7%0D%01%01%01%05%00%03%81%8D%000%81%89%02%81%81%00%C0%FB%16%1F%A6%9A%5E%A0%2A%D2%80%DA%8E%D9f%C1%85r%83t%A6%28P6%CC%20O%60%D9Pi%87%F3%F6%D7%8C%F8F%BFw%3C%08%10%FF%D8%02%3E%1B%03E%0B%24%D5T%3F%21T%FC%8Fl%5C%07%22%60o%AA%AF%8E%1E6%9A%7DvVbs%2C%BCrW-Z%0F%F1%9F%CA%DA%B3%E0%06%E9%81%F7-%01%16%D5%7D%DF%D4%21E%2F%B0%C1%A7%27%AF%C2%0C%B6%C3%EC%1C%BF%5D%82T%A5%DEa%C4%14%401%10%C6%23%02%03%01%00%01%00%00%00%01%9A%09%ED%05%8A%04%CA%BEselfreg%00%F2%FA%C5ccnx.org%00%FA%ADUsers%00%FA%A5user%00%FA%A5Keys%00%FA%02%B5%C1.M.K%00%3F%CEUL%08m2%E5%A6%28%3Ew%CDb%836%8B%D9z%DA%5B%02%D776-%A5s%B2%09%84%40%00%FA%BD%FD%04%FB%C93%60%00%00%00%03%E2%02%85%D7%C0.%E6%A2%06%2B%91%AF8hE%F6%C9U%84%F7%7D%A1%B3U%3F%CF%B4%1B%B0%85%A4%24x%11m%00%04%FA%8E3%00%03%D2%D62147483647%00%00%00%00/u%0F9%2B%7D%EB%17%19Z%D7%DA%06%1C%1CO%22%7B%85%D0jYv%00%25%E6%8CC%AA%15%A6%7C%CB (1139 bytes)
1400717435.648172 ccnd[656]: fwd.3059 adding 0
1400717435.648185 ccnd[656]: face 6 q 0 delay 3 usec
1400717435.648272 ccnd[656]: debug.1526 consume 6 ccnx:/ccnx/%D7%C0.%E6%A2%06%2B%91%AF8hE%F6%C9U%84%F7%7D%A1%B3U%3F%CF%B4%1B%B0%85%A4%24x%11m/selfreg/%04%82%02%AA%03%B2%08%85K%E9%24~DR%83Q%C1%E20%3Dm0.%EF%AB%C0Q%B2b%1F%F9%A4%E5%25%0C7%9D%DC%D2TXs%86%E1%14%E9%E5Z%10Pm%D3%EF%D3%93%8C_%B4%3F%B7V%8A%B1%B0Kl%E8%3A%EC%89%A0%17%BA%DDH%81%21%86%28%16~%81%CF%28%E0c%CB%BD%F10%91%AD%0Eh%82%27u%DD%EC%D07%85%20%12%05%85%7Fz%EB%E5%18v%DB%1A%D4%DD%9C%EB%A8R%FAI%5B%D6%D8%DE%2F2R%03%E5%C0%0D%FD%C2G%00%00%F2%00%01%A2%03%E2%02%85%3F%CEUL%08m2%E5%A6%28%3Ew%CDb%836%8B%D9z%DA%5B%02%D776-%A5s%B2%09%84%40%00%02%BA%B5%057%D4%07%B9%96%00%01%E2%01%DA%0A%950%81%9F0%0D%06%09%2A%86H%86%F7%0D%01%01%01%05%00%03%81%8D%000%81%89%02%81%81%00%C0%FB%16%1F%A6%9A%5E%A0%2A%D2%80%DA%8E%D9f%C1%85r%83t%A6%28P6%CC%20O%60%D9Pi%87%F3%F6%D7%8C%F8F%BFw%3C%08%10%FF%D8%02%3E%1B%03E%0B%24%D5T%3F%21T%FC%8Fl%5C%07%22%60o%AA%AF%8E%1E6%9A%7DvVbs%2C%BCrW-Z%0F%F1%9F%CA%DA%B3%E0%06%E9%81%F7-%01%16%D5%7D%DF%D4%21E%2F%B0%C1%A7%27%AF%C2%0C%B6%C3%EC%1C%BF%5D%82T%A5%DEa%C4%14%401%10%C6%23%02%03%01%00%01%00%00%00%01%9A%09%ED%05%8A%04%CA%BEselfreg%00%F2%FA%C5ccnx.org%00%FA%ADUsers%00%FA%A5user%00%FA%A5Keys%00%FA%02%B5%C1.M.K%00%3F%CEUL%08m2%E5%A6%28%3Ew%CDb%836%8B%D9z%DA%5B%02%D776-%A5s%B2%09%84%40%00%FA%BD%FD%04%FB%C93%60%00%00%00%03%E2%02%85%D7%C0.%E6%A2%06%2B%91%AF8hE%F6%C9U%84%F7%7D%A1%B3U%3F%CF%B4%1B%B0%85%A4%24x%11m%00%04%FA%8E3%00%03%D2%D62147483647%00%00%00%00 (606 bytes,scope=1) D7C02E-0290-0006-7B82-19CCE7
1400717435.648281 ccnd[656]: sl.1598 0 ci=4 osrc=4294967295 src=0 usec=11315
1400717435.648289 ccnd[656]: fwd.3059 adding 0
1400717435.648296 ccnd[656]: sl.1598 0 ci=3 osrc=4294967295 src=0 usec=11315
1400717435.648303 ccnd[656]: fwd.3059 adding 0
1400717435.648393 ccnd[656]: debug.1268 content_to 6 ccnx:/ccnx/%D7%C0.%E6%A2%06%2B%91%AF8hE%F6%C9U%84%F7%7D%A1%B3U%3F%CF%B4%1B%B0%85%A4%24x%11m/selfreg/%04%82%02%AA%03%B2%08%85K%E9%24~DR%83Q%C1%E20%3Dm0.%EF%AB%C0Q%B2b%1F%F9%A4%E5%25%0C7%9D%DC%D2TXs%86%E1%14%E9%E5Z%10Pm%D3%EF%D3%93%8C_%B4%3F%B7V%8A%B1%B0Kl%E8%3A%EC%89%A0%17%BA%DDH%81%21%86%28%16~%81%CF%28%E0c%CB%BD%F10%91%AD%0Eh%82%27u%DD%EC%D07%85%20%12%05%85%7Fz%EB%E5%18v%DB%1A%D4%DD%9C%EB%A8R%FAI%5B%D6%D8%DE%2F2R%03%E5%C0%0D%FD%C2G%00%00%F2%00%01%A2%03%E2%02%85%3F%CEUL%08m2%E5%A6%28%3Ew%CDb%836%8B%D9z%DA%5B%02%D776-%A5s%B2%09%84%40%00%02%BA%B5%057%D4%07%B9%96%00%01%E2%01%DA%0A%950%81%9F0%0D%06%09%2A%86H%86%F7%0D%01%01%01%05%00%03%81%8D%000%81%89%02%81%81%00%C0%FB%16%1F%A6%9A%5E%A0%2A%D2%80%DA%8E%D9f%C1%85r%83t%A6%28P6%CC%20O%60%D9Pi%87%F3%F6%D7%8C%F8F%BFw%3C%08%10%FF%D8%02%3E%1B%03E%0B%24%D5T%3F%21T%FC%8Fl%5C%07%22%60o%AA%AF%8E%1E6%9A%7DvVbs%2C%BCrW-Z%0F%F1%9F%CA%DA%B3%E0%06%E9%81%F7-%01%16%D5%7D%DF%D4%21E%2F%B0%C1%A7%27%AF%C2%0C%B6%C3%EC%1C%BF%5D%82T%A5%DEa%C4%14%401%10%C6%23%02%03%01%00%01%00%00%00%01%9A%09%ED%05%8A%04%CA%BEselfreg%00%F2%FA%C5ccnx.org%00%FA%ADUsers%00%FA%A5user%00%FA%A5Keys%00%FA%02%B5%C1.M.K%00%3F%CEUL%08m2%E5%A6%28%3Ew%CDb%836%8B%D9z%DA%5B%02%D776-%A5s%B2%09%84%40%00%FA%BD%FD%04%FB%C93%60%00%00%00%03%E2%02%85%D7%C0.%E6%A2%06%2B%91%AF8hE%F6%C9U%84%F7%7D%A1%B3U%3F%CF%B4%1B%B0%85%A4%24x%11m%00%04%FA%8E3%00%03%D2%D62147483647%00%00%00%00/u%0F9%2B%7D%EB%17%19Z%D7%DA%06%1C%1CO%22%7B%85%D0jYv%00%25%E6%8CC%AA%15%A6%7C%CB (1139 bytes)
1400717435.754809 ccnd[656]: debug.3807 interest_from 6 ccnx:/ccnx/%D7%C0.%E6%A2%06%2B%91%AF8hE%F6%C9U%84%F7%7D%A1%B3U%3F%CF%B4%1B%B0%85%A4%24x%11m/selfreg/%04%82%02%AA%03%B2%08%85G%9DN%7D%E74Ld%95%AA%3B%FB%5C%EC2y%D3U%2A%A7t%CB%DD%92Q%8A%A6%7F%EC%C4%26%BEQ%CC%EA%B0%FC%10%B4%F7%D9%19%10m%0C%83%9CC%84%27EB%F8%26%94%C5%E3%BAH%9E%3FQ%03%E4%1A5%D4s%88ae%A8Y%0Bh%18%E7%86%EC%EB%91q%80k%C6%AB%A4%A7%C5z%D1L%D01%CF%95%0C%FE%8F%81%8A%3C7%5B%11%19BG%D9T%AB%3FK%E7Z%C9CQ%D6%1A%FD%DC%93%AA%C0%B5%B3M%00%00%F2%00%01%A2%03%E2%02%85%3F%CEUL%08m2%E5%A6%28%3Ew%CDb%836%8B%D9z%DA%5B%02%D776-%A5s%B2%09%84%40%00%02%BA%B5%057%D4%07%BB%9A%00%01%E2%01%DA%0A%950%81%9F0%0D%06%09%2A%86H%86%F7%0D%01%01%01%05%00%03%81%8D%000%81%89%02%81%81%00%C0%FB%16%1F%A6%9A%5E%A0%2A%D2%80%DA%8E%D9f%C1%85r%83t%A6%28P6%CC%20O%60%D9Pi%87%F3%F6%D7%8C%F8F%BFw%3C%08%10%FF%D8%02%3E%1B%03E%0B%24%D5T%3F%21T%FC%8Fl%5C%07%22%60o%AA%AF%8E%1E6%9A%7DvVbs%2C%BCrW-Z%0F%F1%9F%CA%DA%B3%E0%06%E9%81%F7-%01%16%D5%7D%DF%D4%21E%2F%B0%C1%A7%27%AF%C2%0C%B6%C3%EC%1C%BF%5D%82T%A5%DEa%C4%14%401%10%C6%23%02%03%01%00%01%00%00%00%01%9A%05%9D%05%8A%04%CA%BEselfreg%00%F2%FA%A5test%00%FA%8D1%00%00%03%E2%02%85%D7%C0.%E6%A2%06%2B%91%AF8hE%F6%C9U%84%F7%7D%A1%B3U%3F%CF%B4%1B%B0%85%A4%24x%11m%00%04%FA%8E3%00%03%D2%D62147483647%00%00%00%00 (516 bytes,scope=1)
1400717435.754852 ccnd[656]: version: 20090701, prefix_comps: 4, min_suffix_comps: 0, max_suffix_comps: 32767, orderpref: 0, answerfrom: 3, scope: 1, lifetime: 4.0000, excl: 0 bytes, etc: 0 bytes
1400717435.754951 ccnd[656]: debug.3856 first_candidate ccnx:/ccnx/%D7%C0.%E6%A2%06%2B%91%AF8hE%F6%C9U%84%F7%7D%A1%B3U%3F%CF%B4%1B%B0%85%A4%24x%11m/selfreg/%04%82%02%AA%03%B2%08%85K%E9%24~DR%83Q%C1%E20%3Dm0.%EF%AB%C0Q%B2b%1F%F9%A4%E5%25%0C7%9D%DC%D2TXs%86%E1%14%E9%E5Z%10Pm%D3%EF%D3%93%8C_%B4%3F%B7V%8A%B1%B0Kl%E8%3A%EC%89%A0%17%BA%DDH%81%21%86%28%16~%81%CF%28%E0c%CB%BD%F10%91%AD%0Eh%82%27u%DD%EC%D07%85%20%12%05%85%7Fz%EB%E5%18v%DB%1A%D4%DD%9C%EB%A8R%FAI%5B%D6%D8%DE%2F2R%03%E5%C0%0D%FD%C2G%00%00%F2%00%01%A2%03%E2%02%85%3F%CEUL%08m2%E5%A6%28%3Ew%CDb%836%8B%D9z%DA%5B%02%D776-%A5s%B2%09%84%40%00%02%BA%B5%057%D4%07%B9%96%00%01%E2%01%DA%0A%950%81%9F0%0D%06%09%2A%86H%86%F7%0D%01%01%01%05%00%03%81%8D%000%81%89%02%81%81%00%C0%FB%16%1F%A6%9A%5E%A0%2A%D2%80%DA%8E%D9f%C1%85r%83t%A6%28P6%CC%20O%60%D9Pi%87%F3%F6%D7%8C%F8F%BFw%3C%08%10%FF%D8%02%3E%1B%03E%0B%24%D5T%3F%21T%FC%8Fl%5C%07%22%60o%AA%AF%8E%1E6%9A%7DvVbs%2C%BCrW-Z%0F%F1%9F%CA%DA%B3%E0%06%E9%81%F7-%01%16%D5%7D%DF%D4%21E%2F%B0%C1%A7%27%AF%C2%0C%B6%C3%EC%1C%BF%5D%82T%A5%DEa%C4%14%401%10%C6%23%02%03%01%00%01%00%00%00%01%9A%09%ED%05%8A%04%CA%BEselfreg%00%F2%FA%C5ccnx.org%00%FA%ADUsers%00%FA%A5user%00%FA%A5Keys%00%FA%02%B5%C1.M.K%00%3F%CEUL%08m2%E5%A6%28%3Ew%CDb%836%8B%D9z%DA%5B%02%D776-%A5s%B2%09%84%40%00%FA%BD%FD%04%FB%C93%60%00%00%00%03%E2%02%85%D7%C0.%E6%A2%06%2B%91%AF8hE%F6%C9U%84%F7%7D%A1%B3U%3F%CF%B4%1B%B0%85%A4%24x%11m%00%04%FA%8E3%00%03%D2%D62147483647%00%00%00%00/u%0F9%2B%7D%EB%17%19Z%D7%DA%06%1C%1CO%22%7B%85%D0jYv%00%25%E6%8CC%AA%15%A6%7C%CB (1139 bytes)
1400717435.755028 ccnd[656]: debug.3863 prefix_mismatch ccnx:/ccnx/%D7%C0.%E6%A2%06%2B%91%AF8hE%F6%C9U%84%F7%7D%A1%B3U%3F%CF%B4%1B%B0%85%A4%24x%11m/selfreg/%04%82%02%AA%03%B2%08%85G%9DN%7D%E74Ld%95%AA%3B%FB%5C%EC2y%D3U%2A%A7t%CB%DD%92Q%8A%A6%7F%EC%C4%26%BEQ%CC%EA%B0%FC%10%B4%F7%D9%19%10m%0C%83%9CC%84%27EB%F8%26%94%C5%E3%BAH%9E%3FQ%03%E4%1A5%D4s%88ae%A8Y%0Bh%18%E7%86%EC%EB%91q%80k%C6%AB%A4%A7%C5z%D1L%D01%CF%95%0C%FE%8F%81%8A%3C7%5B%11%19BG%D9T%AB%3FK%E7Z%C9CQ%D6%1A%FD%DC%93%AA%C0%B5%B3M%00%00%F2%00%01%A2%03%E2%02%85%3F%CEUL%08m2%E5%A6%28%3Ew%CDb%836%8B%D9z%DA%5B%02%D776-%A5s%B2%09%84%40%00%02%BA%B5%057%D4%07%BB%9A%00%01%E2%01%DA%0A%950%81%9F0%0D%06%09%2A%86H%86%F7%0D%01%01%01%05%00%03%81%8D%000%81%89%02%81%81%00%C0%FB%16%1F%A6%9A%5E%A0%2A%D2%80%DA%8E%D9f%C1%85r%83t%A6%28P6%CC%20O%60%D9Pi%87%F3%F6%D7%8C%F8F%BFw%3C%08%10%FF%D8%02%3E%1B%03E%0B%24%D5T%3F%21T%FC%8Fl%5C%07%22%60o%AA%AF%8E%1E6%9A%7DvVbs%2C%BCrW-Z%0F%F1%9F%CA%DA%B3%E0%06%E9%81%F7-%01%16%D5%7D%DF%D4%21E%2F%B0%C1%A7%27%AF%C2%0C%B6%C3%EC%1C%BF%5D%82T%A5%DEa%C4%14%401%10%C6%23%02%03%01%00%01%00%00%00%01%9A%05%9D%05%8A%04%CA%BEselfreg%00%F2%FA%A5test%00%FA%8D1%00%00%03%E2%02%85%D7%C0.%E6%A2%06%2B%91%AF8hE%F6%C9U%84%F7%7D%A1%B3U%3F%CF%B4%1B%B0%85%A4%24x%11m%00%04%FA%8E3%00%03%D2%D62147483647%00%00%00%00 (516 bytes,scope=1)
1400717435.755038 ccnd[656]: outbound.3131 adding 0
1400717435.755122 ccnd[656]: debug.3523 0x11d1da0.0of1,usec=209+3999791 6 ccnx:/ccnx/%D7%C0.%E6%A2%06%2B%91%AF8hE%F6%C9U%84%F7%7D%A1%B3U%3F%CF%B4%1B%B0%85%A4%24x%11m/selfreg/%04%82%02%AA%03%B2%08%85G%9DN%7D%E74Ld%95%AA%3B%FB%5C%EC2y%D3U%2A%A7t%CB%DD%92Q%8A%A6%7F%EC%C4%26%BEQ%CC%EA%B0%FC%10%B4%F7%D9%19%10m%0C%83%9CC%84%27EB%F8%26%94%C5%E3%BAH%9E%3FQ%03%E4%1A5%D4s%88ae%A8Y%0Bh%18%E7%86%EC%EB%91q%80k%C6%AB%A4%A7%C5z%D1L%D01%CF%95%0C%FE%8F%81%8A%3C7%5B%11%19BG%D9T%AB%3FK%E7Z%C9CQ%D6%1A%FD%DC%93%AA%C0%B5%B3M%00%00%F2%00%01%A2%03%E2%02%85%3F%CEUL%08m2%E5%A6%28%3Ew%CDb%836%8B%D9z%DA%5B%02%D776-%A5s%B2%09%84%40%00%02%BA%B5%057%D4%07%BB%9A%00%01%E2%01%DA%0A%950%81%9F0%0D%06%09%2A%86H%86%F7%0D%01%01%01%05%00%03%81%8D%000%81%89%02%81%81%00%C0%FB%16%1F%A6%9A%5E%A0%2A%D2%80%DA%8E%D9f%C1%85r%83t%A6%28P6%CC%20O%60%D9Pi%87%F3%F6%D7%8C%F8F%BFw%3C%08%10%FF%D8%02%3E%1B%03E%0B%24%D5T%3F%21T%FC%8Fl%5C%07%22%60o%AA%AF%8E%1E6%9A%7DvVbs%2C%BCrW-Z%0F%F1%9F%CA%DA%B3%E0%06%E9%81%F7-%01%16%D5%7D%DF%D4%21E%2F%B0%C1%A7%27%AF%C2%0C%B6%C3%EC%1C%BF%5D%82T%A5%DEa%C4%14%401%10%C6%23%02%03%01%00%01%00%00%00%01%9A%05%9D%05%8A%04%CA%BEselfreg%00%F2%FA%A5test%00%FA%8D1%00%00%03%E2%02%85%D7%C0.%E6%A2%06%2B%91%AF8hE%F6%C9U%84%F7%7D%A1%B3U%3F%CF%B4%1B%B0%85%A4%24x%11m%00%04%FA%8E3%00%03%D2%D62147483647%00%00%00%00 (532 bytes,scope=1) D7C02E-0290-0006-7BA5-8045C1
1400717435.756290 ccnd[656]: debug.3210 interest_to 0 ccnx:/ccnx/%D7%C0.%E6%A2%06%2B%91%AF8hE%F6%C9U%84%F7%7D%A1%B3U%3F%CF%B4%1B%B0%85%A4%24x%11m/selfreg/%04%82%02%AA%03%B2%08%85G%9DN%7D%E74Ld%95%AA%3B%FB%5C%EC2y%D3U%2A%A7t%CB%DD%92Q%8A%A6%7F%EC%C4%26%BEQ%CC%EA%B0%FC%10%B4%F7%D9%19%10m%0C%83%9CC%84%27EB%F8%26%94%C5%E3%BAH%9E%3FQ%03%E4%1A5%D4s%88ae%A8Y%0Bh%18%E7%86%EC%EB%91q%80k%C6%AB%A4%A7%C5z%D1L%D01%CF%95%0C%FE%8F%81%8A%3C7%5B%11%19BG%D9T%AB%3FK%E7Z%C9CQ%D6%1A%FD%DC%93%AA%C0%B5%B3M%00%00%F2%00%01%A2%03%E2%02%85%3F%CEUL%08m2%E5%A6%28%3Ew%CDb%836%8B%D9z%DA%5B%02%D776-%A5s%B2%09%84%40%00%02%BA%B5%057%D4%07%BB%9A%00%01%E2%01%DA%0A%950%81%9F0%0D%06%09%2A%86H%86%F7%0D%01%01%01%05%00%03%81%8D%000%81%89%02%81%81%00%C0%FB%16%1F%A6%9A%5E%A0%2A%D2%80%DA%8E%D9f%C1%85r%83t%A6%28P6%CC%20O%60%D9Pi%87%F3%F6%D7%8C%F8F%BFw%3C%08%10%FF%D8%02%3E%1B%03E%0B%24%D5T%3F%21T%FC%8Fl%5C%07%22%60o%AA%AF%8E%1E6%9A%7DvVbs%2C%BCrW-Z%0F%F1%9F%CA%DA%B3%E0%06%E9%81%F7-%01%16%D5%7D%DF%D4%21E%2F%B0%C1%A7%27%AF%C2%0C%B6%C3%EC%1C%BF%5D%82T%A5%DEa%C4%14%401%10%C6%23%02%03%01%00%01%00%00%00%01%9A%05%9D%05%8A%04%CA%BEselfreg%00%F2%FA%A5test%00%FA%8D1%00%00%03%E2%02%85%D7%C0.%E6%A2%06%2B%91%AF8hE%F6%C9U%84%F7%7D%A1%B3U%3F%CF%B4%1B%B0%85%A4%24x%11m%00%04%FA%8E3%00%03%D2%D62147483647%00%00%00%00 (532 bytes,scope=1) D7C02E-0290-0006-7BA5-8045C1
1400717435.756380 ccnd[656]: debug.158 ccnd_answer_req ccnx:/ccnx/%D7%C0.%E6%A2%06%2B%91%AF8hE%F6%C9U%84%F7%7D%A1%B3U%3F%CF%B4%1B%B0%85%A4%24x%11m/selfreg/%04%82%02%AA%03%B2%08%85G%9DN%7D%E74Ld%95%AA%3B%FB%5C%EC2y%D3U%2A%A7t%CB%DD%92Q%8A%A6%7F%EC%C4%26%BEQ%CC%EA%B0%FC%10%B4%F7%D9%19%10m%0C%83%9CC%84%27EB%F8%26%94%C5%E3%BAH%9E%3FQ%03%E4%1A5%D4s%88ae%A8Y%0Bh%18%E7%86%EC%EB%91q%80k%C6%AB%A4%A7%C5z%D1L%D01%CF%95%0C%FE%8F%81%8A%3C7%5B%11%19BG%D9T%AB%3FK%E7Z%C9CQ%D6%1A%FD%DC%93%AA%C0%B5%B3M%00%00%F2%00%01%A2%03%E2%02%85%3F%CEUL%08m2%E5%A6%28%3Ew%CDb%836%8B%D9z%DA%5B%02%D776-%A5s%B2%09%84%40%00%02%BA%B5%057%D4%07%BB%9A%00%01%E2%01%DA%0A%950%81%9F0%0D%06%09%2A%86H%86%F7%0D%01%01%01%05%00%03%81%8D%000%81%89%02%81%81%00%C0%FB%16%1F%A6%9A%5E%A0%2A%D2%80%DA%8E%D9f%C1%85r%83t%A6%28P6%CC%20O%60%D9Pi%87%F3%F6%D7%8C%F8F%BFw%3C%08%10%FF%D8%02%3E%1B%03E%0B%24%D5T%3F%21T%FC%8Fl%5C%07%22%60o%AA%AF%8E%1E6%9A%7DvVbs%2C%BCrW-Z%0F%F1%9F%CA%DA%B3%E0%06%E9%81%F7-%01%16%D5%7D%DF%D4%21E%2F%B0%C1%A7%27%AF%C2%0C%B6%C3%EC%1C%BF%5D%82T%A5%DEa%C4%14%401%10%C6%23%02%03%01%00%01%00%00%00%01%9A%05%9D%05%8A%04%CA%BEselfreg%00%F2%FA%A5test%00%FA%8D1%00%00%03%E2%02%85%D7%C0.%E6%A2%06%2B%91%AF8hE%F6%C9U%84%F7%7D%A1%B3U%3F%CF%B4%1B%B0%85%A4%24x%11m%00%04%FA%8E3%00%03%D2%D62147483647%00%00%00%00 (532 bytes,scope=1) D7C02E-0290-0006-7BA5-8045C1
1400717435.756478 ccnd[656]: debug.2428 prefix,ff=3 6 ccnx:/test/1 (13 bytes)
1400717435.757127 ccnd[656]: debug.280 ccnd_answer_req_response ccnx:/ccnx/%D7%C0.%E6%A2%06%2B%91%AF8hE%F6%C9U%84%F7%7D%A1%B3U%3F%CF%B4%1B%B0%85%A4%24x%11m/selfreg/%04%82%02%AA%03%B2%08%85G%9DN%7D%E74Ld%95%AA%3B%FB%5C%EC2y%D3U%2A%A7t%CB%DD%92Q%8A%A6%7F%EC%C4%26%BEQ%CC%EA%B0%FC%10%B4%F7%D9%19%10m%0C%83%9CC%84%27EB%F8%26%94%C5%E3%BAH%9E%3FQ%03%E4%1A5%D4s%88ae%A8Y%0Bh%18%E7%86%EC%EB%91q%80k%C6%AB%A4%A7%C5z%D1L%D01%CF%95%0C%FE%8F%81%8A%3C7%5B%11%19BG%D9T%AB%3FK%E7Z%C9CQ%D6%1A%FD%DC%93%AA%C0%B5%B3M%00%00%F2%00%01%A2%03%E2%02%85%3F%CEUL%08m2%E5%A6%28%3Ew%CDb%836%8B%D9z%DA%5B%02%D776-%A5s%B2%09%84%40%00%02%BA%B5%057%D4%07%BB%9A%00%01%E2%01%DA%0A%950%81%9F0%0D%06%09%2A%86H%86%F7%0D%01%01%01%05%00%03%81%8D%000%81%89%02%81%81%00%C0%FB%16%1F%A6%9A%5E%A0%2A%D2%80%DA%8E%D9f%C1%85r%83t%A6%28P6%CC%20O%60%D9Pi%87%F3%F6%D7%8C%F8F%BFw%3C%08%10%FF%D8%02%3E%1B%03E%0B%24%D5T%3F%21T%FC%8Fl%5C%07%22%60o%AA%AF%8E%1E6%9A%7DvVbs%2C%BCrW-Z%0F%F1%9F%CA%DA%B3%E0%06%E9%81%F7-%01%16%D5%7D%DF%D4%21E%2F%B0%C1%A7%27%AF%C2%0C%B6%C3%EC%1C%BF%5D%82T%A5%DEa%C4%14%401%10%C6%23%02%03%01%00%01%00%00%00%01%9A%05%9D%05%8A%04%CA%BEselfreg%00%F2%FA%A5test%00%FA%8D1%00%00%03%E2%02%85%D7%C0.%E6%A2%06%2B%91%AF8hE%F6%C9U%84%F7%7D%A1%B3U%3F%CF%B4%1B%B0%85%A4%24x%11m%00%04%FA%8E3%00%03%D2%D62147483647%00%00%00%00 (955 bytes)
1400717435.757240 ccnd[656]: debug.4109 content_from 0 ccnx:/ccnx/%D7%C0.%E6%A2%06%2B%91%AF8hE%F6%C9U%84%F7%7D%A1%B3U%3F%CF%B4%1B%B0%85%A4%24x%11m/selfreg/%04%82%02%AA%03%B2%08%85G%9DN%7D%E74Ld%95%AA%3B%FB%5C%EC2y%D3U%2A%A7t%CB%DD%92Q%8A%A6%7F%EC%C4%26%BEQ%CC%EA%B0%FC%10%B4%F7%D9%19%10m%0C%83%9CC%84%27EB%F8%26%94%C5%E3%BAH%9E%3FQ%03%E4%1A5%D4s%88ae%A8Y%0Bh%18%E7%86%EC%EB%91q%80k%C6%AB%A4%A7%C5z%D1L%D01%CF%95%0C%FE%8F%81%8A%3C7%5B%11%19BG%D9T%AB%3FK%E7Z%C9CQ%D6%1A%FD%DC%93%AA%C0%B5%B3M%00%00%F2%00%01%A2%03%E2%02%85%3F%CEUL%08m2%E5%A6%28%3Ew%CDb%836%8B%D9z%DA%5B%02%D776-%A5s%B2%09%84%40%00%02%BA%B5%057%D4%07%BB%9A%00%01%E2%01%DA%0A%950%81%9F0%0D%06%09%2A%86H%86%F7%0D%01%01%01%05%00%03%81%8D%000%81%89%02%81%81%00%C0%FB%16%1F%A6%9A%5E%A0%2A%D2%80%DA%8E%D9f%C1%85r%83t%A6%28P6%CC%20O%60%D9Pi%87%F3%F6%D7%8C%F8F%BFw%3C%08%10%FF%D8%02%3E%1B%03E%0B%24%D5T%3F%21T%FC%8Fl%5C%07%22%60o%AA%AF%8E%1E6%9A%7DvVbs%2C%BCrW-Z%0F%F1%9F%CA%DA%B3%E0%06%E9%81%F7-%01%16%D5%7D%DF%D4%21E%2F%B0%C1%A7%27%AF%C2%0C%B6%C3%EC%1C%BF%5D%82T%A5%DEa%C4%14%401%10%C6%23%02%03%01%00%01%00%00%00%01%9A%05%9D%05%8A%04%CA%BEselfreg%00%F2%FA%A5test%00%FA%8D1%00%00%03%E2%02%85%D7%C0.%E6%A2%06%2B%91%AF8hE%F6%C9U%84%F7%7D%A1%B3U%3F%CF%B4%1B%B0%85%A4%24x%11m%00%04%FA%8E3%00%03%D2%D62147483647%00%00%00%00/%AE%FB%D6l%91%5D%06%8D%F7%F3%C1%2A%D6%5Bx%83%F8%D5%1F%9C%B3u%A1%26%85%B1%10%B5f%B5%20%F6 (991 bytes)
1400717435.757264 ccnd[656]: fwd.3059 adding 0
1400717435.757277 ccnd[656]: face 6 q 0 delay 3 usec
1400717435.757355 ccnd[656]: debug.1526 consume 6 ccnx:/ccnx/%D7%C0.%E6%A2%06%2B%91%AF8hE%F6%C9U%84%F7%7D%A1%B3U%3F%CF%B4%1B%B0%85%A4%24x%11m/selfreg/%04%82%02%AA%03%B2%08%85G%9DN%7D%E74Ld%95%AA%3B%FB%5C%EC2y%D3U%2A%A7t%CB%DD%92Q%8A%A6%7F%EC%C4%26%BEQ%CC%EA%B0%FC%10%B4%F7%D9%19%10m%0C%83%9CC%84%27EB%F8%26%94%C5%E3%BAH%9E%3FQ%03%E4%1A5%D4s%88ae%A8Y%0Bh%18%E7%86%EC%EB%91q%80k%C6%AB%A4%A7%C5z%D1L%D01%CF%95%0C%FE%8F%81%8A%3C7%5B%11%19BG%D9T%AB%3FK%E7Z%C9CQ%D6%1A%FD%DC%93%AA%C0%B5%B3M%00%00%F2%00%01%A2%03%E2%02%85%3F%CEUL%08m2%E5%A6%28%3Ew%CDb%836%8B%D9z%DA%5B%02%D776-%A5s%B2%09%84%40%00%02%BA%B5%057%D4%07%BB%9A%00%01%E2%01%DA%0A%950%81%9F0%0D%06%09%2A%86H%86%F7%0D%01%01%01%05%00%03%81%8D%000%81%89%02%81%81%00%C0%FB%16%1F%A6%9A%5E%A0%2A%D2%80%DA%8E%D9f%C1%85r%83t%A6%28P6%CC%20O%60%D9Pi%87%F3%F6%D7%8C%F8F%BFw%3C%08%10%FF%D8%02%3E%1B%03E%0B%24%D5T%3F%21T%FC%8Fl%5C%07%22%60o%AA%AF%8E%1E6%9A%7DvVbs%2C%BCrW-Z%0F%F1%9F%CA%DA%B3%E0%06%E9%81%F7-%01%16%D5%7D%DF%D4%21E%2F%B0%C1%A7%27%AF%C2%0C%B6%C3%EC%1C%BF%5D%82T%A5%DEa%C4%14%401%10%C6%23%02%03%01%00%01%00%00%00%01%9A%05%9D%05%8A%04%CA%BEselfreg%00%F2%FA%A5test%00%FA%8D1%00%00%03%E2%02%85%D7%C0.%E6%A2%06%2B%91%AF8hE%F6%C9U%84%F7%7D%A1%B3U%3F%CF%B4%1B%B0%85%A4%24x%11m%00%04%FA%8E3%00%03%D2%D62147483647%00%00%00%00 (532 bytes,scope=1) D7C02E-0290-0006-7BA5-8045C1
1400717435.757364 ccnd[656]: sl.1598 0 ci=4 osrc=4294967295 src=0 usec=11227
1400717435.757372 ccnd[656]: fwd.3059 adding 0
1400717435.757379 ccnd[656]: sl.1598 0 ci=3 osrc=4294967295 src=0 usec=11227
1400717435.757386 ccnd[656]: fwd.3059 adding 0
1400717435.757468 ccnd[656]: debug.1268 content_to 6 ccnx:/ccnx/%D7%C0.%E6%A2%06%2B%91%AF8hE%F6%C9U%84%F7%7D%A1%B3U%3F%CF%B4%1B%B0%85%A4%24x%11m/selfreg/%04%82%02%AA%03%B2%08%85G%9DN%7D%E74Ld%95%AA%3B%FB%5C%EC2y%D3U%2A%A7t%CB%DD%92Q%8A%A6%7F%EC%C4%26%BEQ%CC%EA%B0%FC%10%B4%F7%D9%19%10m%0C%83%9CC%84%27EB%F8%26%94%C5%E3%BAH%9E%3FQ%03%E4%1A5%D4s%88ae%A8Y%0Bh%18%E7%86%EC%EB%91q%80k%C6%AB%A4%A7%C5z%D1L%D01%CF%95%0C%FE%8F%81%8A%3C7%5B%11%19BG%D9T%AB%3FK%E7Z%C9CQ%D6%1A%FD%DC%93%AA%C0%B5%B3M%00%00%F2%00%01%A2%03%E2%02%85%3F%CEUL%08m2%E5%A6%28%3Ew%CDb%836%8B%D9z%DA%5B%02%D776-%A5s%B2%09%84%40%00%02%BA%B5%057%D4%07%BB%9A%00%01%E2%01%DA%0A%950%81%9F0%0D%06%09%2A%86H%86%F7%0D%01%01%01%05%00%03%81%8D%000%81%89%02%81%81%00%C0%FB%16%1F%A6%9A%5E%A0%2A%D2%80%DA%8E%D9f%C1%85r%83t%A6%28P6%CC%20O%60%D9Pi%87%F3%F6%D7%8C%F8F%BFw%3C%08%10%FF%D8%02%3E%1B%03E%0B%24%D5T%3F%21T%FC%8Fl%5C%07%22%60o%AA%AF%8E%1E6%9A%7DvVbs%2C%BCrW-Z%0F%F1%9F%CA%DA%B3%E0%06%E9%81%F7-%01%16%D5%7D%DF%D4%21E%2F%B0%C1%A7%27%AF%C2%0C%B6%C3%EC%1C%BF%5D%82T%A5%DEa%C4%14%401%10%C6%23%02%03%01%00%01%00%00%00%01%9A%05%9D%05%8A%04%CA%BEselfreg%00%F2%FA%A5test%00%FA%8D1%00%00%03%E2%02%85%D7%C0.%E6%A2%06%2B%91%AF8hE%F6%C9U%84%F7%7D%A1%B3U%3F%CF%B4%1B%B0%85%A4%24x%11m%00%04%FA%8E3%00%03%D2%D62147483647%00%00%00%00/%AE%FB%D6l%91%5D%06%8D%F7%F3%C1%2A%D6%5Bx%83%F8%D5%1F%9C%B3u%A1%26%85%B1%10%B5f%B5%20%F6 (991 bytes)
1400717436.000000 ccnd[656]: 6001 ____________________ Thu May 22 00:10:36 2014
1400717436.789352 ccnd[656]: accepted datagram client id=7 (flags=0x40012) 192.168.122.2 port 6001
1400717436.789419 ccnd[656]: debug.3807 interest_from 7 ccnx:/test/1 (32 bytes) 6A536B-02A3-0008-7BB1-2095E5
1400717436.789431 ccnd[656]: version: 20090701, prefix_comps: 2, min_suffix_comps: 0, max_suffix_comps: 32767, orderpref: 0, answerfrom: 3, scope: -1, lifetime: 4.0000, excl: 0 bytes, etc: 0 bytes
1400717436.789478 ccnd[656]: debug.3856 first_candidate ccnx:/%C1.M.S.localhost/%C1.M.SRV/ccnd/KEY/%C1.M.K%00%D7%C0.%E6%A2%06%2B%91%AF8hE%F6%C9U%84%F7%7D%A1%B3U%3F%CF%B4%1B%B0%85%A4%24x%11m/%FD%057%D4%05t%EC/%00/%AE-a%0Aq%D1O%0F%EF%28%28n%95%03%BA%0D%81u%F3X%A2%152%AE%15C%BE%1E%A9%1A%B1%3E (611 bytes)
1400717436.789499 ccnd[656]: debug.3863 prefix_mismatch ccnx:/test/1 (32 bytes) 6A536B-02A3-0008-7BB1-2095E5
1400717436.789510 ccnd[656]: fwd.3059 adding 6
1400717436.789521 ccnd[656]: outbound.3131 adding 6
1400717436.789546 ccnd[656]: debug.3523 0x11d79e0.0of1,usec=592+3999408 7 ccnx:/test/1 (32 bytes) 6A536B-02A3-0008-7BB1-2095E5
1400717436.789573 ccnd[656]: debug.3807 interest_from 7 ccnx:/%C1.M.S.neighborhood/%C1.M.SRV/ccnd/KEY (55 bytes,scope=2)
1400717436.789583 ccnd[656]: version: 20090701, prefix_comps: 4, min_suffix_comps: 0, max_suffix_comps: 32767, orderpref: 0, answerfrom: 3, scope: 2, lifetime: 4.0000, excl: 0 bytes, etc: 0 bytes
1400717436.789603 ccnd[656]: fwd.3059 adding 0
1400717436.789615 ccnd[656]: outbound.3131 adding 0
1400717436.789643 ccnd[656]: debug.3523 0x11d8dc0.0of1,usec=4028+3995972 7 ccnx:/%C1.M.S.neighborhood/%C1.M.SRV/ccnd/KEY (71 bytes,scope=2) D7C02E-0290-0007-7CCA-C8A553
1400717436.790809 ccnd[656]: debug.3210 interest_to 6 ccnx:/test/1 (32 bytes) 6A536B-02A3-0008-7BB1-2095E5
1400717436.790866 ccnd[656]: debug.3249 0x11d79e0.1of1,usec=250000+3749408 7 ccnx:/test/1 (32 bytes) 6A536B-02A3-0008-7BB1-2095E5
1400717436.792340 ccnd[656]: debug.4109 content_from 6 ccnx:/test/1/%FD%057%D4%07%BC%25/%00/%D6C%B5%7BB%AF%AA%B3j%97s%84D%A7%7F%AC%8A%60%99%B7%11%5Dr%CB%D1%ECB%F7%06%A1%3B%A7 (433 bytes)
1400717436.792369 ccnd[656]: face 7 q 1 delay 1335 usec
1400717436.792391 ccnd[656]: debug.1526 consume 7 ccnx:/test/1 (32 bytes) 6A536B-02A3-0008-7BB1-2095E5
1400717436.792401 ccnd[656]: sl.1598 6 ci=2 osrc=4294967295 src=6 usec=11315
1400717436.792413 ccnd[656]: sl.1598 6 ci=1 osrc=4294967295 src=6 usec=11315
1400717436.794534 ccnd[656]: debug.3210 interest_to 0 ccnx:/%C1.M.S.neighborhood/%C1.M.SRV/ccnd/KEY (71 bytes,scope=2) D7C02E-0290-0007-7CCA-C8A553
1400717436.794566 ccnd[656]: debug.158 ccnd_answer_req ccnx:/%C1.M.S.neighborhood/%C1.M.SRV/ccnd/KEY (71 bytes,scope=2) D7C02E-0290-0007-7CCA-C8A553
1400717436.795519 ccnd[656]: debug.4109 content_from 0 ccnx:/%C1.M.S.neighborhood/%C1.M.SRV/ccnd/KEY/%C1.M.K%00%D7%C0.%E6%A2%06%2B%91%AF8hE%F6%C9U%84%F7%7D%A1%B3U%3F%CF%B4%1B%B0%85%A4%24x%11m/%FD%057%D4%05t%EC/%00/%A9g%8E%CEN%2C%87U%18%93%1D%3B%85%F7%9C%8A%40%CEv8%C6W%8D%17%A4%3BA%02%B0%3F%1C%F1 (617 bytes)
1400717436.795563 ccnd[656]: fwd.3059 adding 0
1400717436.795592 ccnd[656]: debug.1526 consume 7 ccnx:/%C1.M.S.neighborhood/%C1.M.SRV/ccnd/KEY (71 bytes,scope=2) D7C02E-0290-0007-7CCA-C8A553
1400717436.795603 ccnd[656]: sl.1598 0 ci=4 osrc=4294967295 src=0 usec=11315
1400717436.795615 ccnd[656]: fwd.3059 adding 0
1400717436.795625 ccnd[656]: sl.1598 0 ci=3 osrc=4294967295 src=0 usec=11315
1400717436.795636 ccnd[656]: fwd.3059 adding 0
1400717436.795664 ccnd[656]: debug.1268 content_to 7 ccnx:/test/1/%FD%057%D4%07%BC%25/%00/%D6C%B5%7BB%AF%AA%B3j%97s%84D%A7%7F%AC%8A%60%99%B7%11%5Dr%CB%D1%ECB%F7%06%A1%3B%A7 (433 bytes)
1400717436.795694 ccnd[656]: face 7 queued 1 delay 999
1400717436.795738 ccnd[656]: debug.1268 content_to 7 ccnx:/%C1.M.S.neighborhood/%C1.M.SRV/ccnd/KEY/%C1.M.K%00%D7%C0.%E6%A2%06%2B%91%AF8hE%F6%C9U%84%F7%7D%A1%B3U%3F%CF%B4%1B%B0%85%A4%24x%11m/%FD%057%D4%05t%EC/%00/%A9g%8E%CEN%2C%87U%18%93%1D%3B%85%F7%9C%8A%40%CEv8%C6W%8D%17%A4%3BA%02%B0%3F%1C%F1 (617 bytes)
1400717438.000000 ccnd[656]: 6001 ____________________ Thu May 22 00:10:38 2014
1400717438.434837 ccnd[656]: accepted client fd=9 id=8
1400717438.434989 ccnd[656]: debug.3807 interest_from 8 ccnx:/%C1.M.S.localhost/%C1.M.SRV/ccnd/KEY (51 bytes,scope=1)
1400717438.435002 ccnd[656]: version: 20090701, prefix_comps: 4, min_suffix_comps: 0, max_suffix_comps: 32767, orderpref: 0, answerfrom: 3, scope: 1, lifetime: 4.0000, excl: 0 bytes, etc: 0 bytes
1400717438.435052 ccnd[656]: debug.3856 first_candidate ccnx:/%C1.M.S.localhost/%C1.M.SRV/ccnd/KEY/%C1.M.K%00%D7%C0.%E6%A2%06%2B%91%AF8hE%F6%C9U%84%F7%7D%A1%B3U%3F%CF%B4%1B%B0%85%A4%24x%11m/%FD%057%D4%05t%EC/%00/%AE-a%0Aq%D1O%0F%EF%28%28n%95%03%BA%0D%81u%F3X%A2%152%AE%15C%BE%1E%A9%1A%B1%3E (611 bytes)
1400717438.435094 ccnd[656]: debug.3884 matches ccnx:/%C1.M.S.localhost/%C1.M.SRV/ccnd/KEY/%C1.M.K%00%D7%C0.%E6%A2%06%2B%91%AF8hE%F6%C9U%84%F7%7D%A1%B3U%3F%CF%B4%1B%B0%85%A4%24x%11m/%FD%057%D4%05t%EC/%00/%AE-a%0Aq%D1O%0F%EF%28%28n%95%03%BA%0D%81u%F3X%A2%152%AE%15C%BE%1E%A9%1A%B1%3E (611 bytes)
1400717438.435109 ccnd[656]: face 8 q 0 delay 3 usec
1400717438.435129 ccnd[656]: debug.3918 consume 8 ccnx:/%C1.M.S.localhost/%C1.M.SRV/ccnd/KEY (51 bytes,scope=1)
1400717438.435142 ccnd[656]: fwd.3059 adding 0
1400717438.435152 ccnd[656]: fwd.3059 adding 0
1400717438.435162 ccnd[656]: fwd.3059 adding 0
1400717438.435172 ccnd[656]: fwd.3059 adding 0
1400717438.435182 ccnd[656]: fwd.3059 adding 0
1400717438.435192 ccnd[656]: fwd.3059 adding 0
1400717438.435202 ccnd[656]: fwd.3059 adding 0
1400717438.435212 ccnd[656]: fwd.3059 adding 0
1400717438.435221 ccnd[656]: fwd.3059 adding 0
1400717438.435231 ccnd[656]: fwd.3059 adding 0
1400717438.435267 ccnd[656]: debug.1268 content_to 8 ccnx:/%C1.M.S.localhost/%C1.M.SRV/ccnd/KEY/%C1.M.K%00%D7%C0.%E6%A2%06%2B%91%AF8hE%F6%C9U%84%F7%7D%A1%B3U%3F%CF%B4%1B%B0%85%A4%24x%11m/%FD%057%D4%05t%EC/%00/%AE-a%0Aq%D1O%0F%EF%28%28n%95%03%BA%0D%81u%F3X%A2%152%AE%15C%BE%1E%A9%1A%B1%3E (611 bytes)
1400717438.441442 ccnd[656]: debug.3807 interest_from 8 ccnx:/ccnx/%D7%C0.%E6%A2%06%2B%91%AF8hE%F6%C9U%84%F7%7D%A1%B3U%3F%CF%B4%1B%B0%85%A4%24x%11m/newface/%04%82%02%AA%03%B2%08%85%1114%7C%29%DA%3EO%A4-%AFr%1D%212ni%5B%CD%0E%5B%8E%A1%E9%AF%BD%BDM%CEv%E2%FF%B1X%DD%D4%2C%90O%CA%94%2B%97%E7%A0%B8%BBpw%26w%D2s%87u%20%EC%0E%B7%EC%D1%7Dx%F1%C6%11%99%12l7%5Dy%B8%07%06%D7o%BA%C0y%22%83%E3%FB%CB%1C%CCt%9EEY%29%E1%13%A2%98%23U%5D%2B%5D%D7%92%3B%85%F69%5Dum%BEa_%DC%88%15%28%FC%9D%BE%BC%D1%E3s~%C7iO%00%00%F2%00%01%A2%03%E2%02%85%3F%CEUL%08m2%E5%A6%28%3Ew%CDb%836%8B%D9z%DA%5B%02%D776-%A5s%B2%09%84%40%00%02%BA%B5%057%D4%07%E7%0A%00%01%E2%01%DA%0A%950%81%9F0%0D%06%09%2A%86H%86%F7%0D%01%01%01%05%00%03%81%8D%000%81%89%02%81%81%00%C0%FB%16%1F%A6%9A%5E%A0%2A%D2%80%DA%8E%D9f%C1%85r%83t%A6%28P6%CC%20O%60%D9Pi%87%F3%F6%D7%8C%F8F%BFw%3C%08%10%FF%D8%02%3E%1B%03E%0B%24%D5T%3F%21T%FC%8Fl%5C%07%22%60o%AA%AF%8E%1E6%9A%7DvVbs%2C%BCrW-Z%0F%F1%9F%CA%DA%B3%E0%06%E9%81%F7-%01%16%D5%7D%DF%D4%21E%2F%B0%C1%A7%27%AF%C2%0C%B6%C3%EC%1C%BF%5D%82T%A5%DEa%C4%14%401%10%C6%23%02%03%01%00%01%00%00%00%01%9A%06%AD%05%82%04%CA%BEnewface%00%03%E2%02%85%D7%C0.%E6%A2%06%2B%91%AF8hE%F6%C9U%84%F7%7D%A1%B3U%3F%CF%B4%1B%B0%85%A4%24x%11m%00%04%D2%8E0%00%04%DA%9617%00%04%E2%EE192.168.122.2%00%04%EA%A66001%00%03%D2%D62147483647%00%00%00%00 (534 bytes,scope=1)
1400717438.441472 ccnd[656]: version: 20090701, prefix_comps: 4, min_suffix_comps: 0, max_suffix_comps: 32767, orderpref: 0, answerfrom: 3, scope: 1, lifetime: 4.0000, excl: 0 bytes, etc: 0 bytes
1400717438.441604 ccnd[656]: debug.3856 first_candidate ccnx:/ccnx/%D7%C0.%E6%A2%06%2B%91%AF8hE%F6%C9U%84%F7%7D%A1%B3U%3F%CF%B4%1B%B0%85%A4%24x%11m/selfreg/%04%82%02%AA%03%B2%08%85G%9DN%7D%E74Ld%95%AA%3B%FB%5C%EC2y%D3U%2A%A7t%CB%DD%92Q%8A%A6%7F%EC%C4%26%BEQ%CC%EA%B0%FC%10%B4%F7%D9%19%10m%0C%83%9CC%84%27EB%F8%26%94%C5%E3%BAH%9E%3FQ%03%E4%1A5%D4s%88ae%A8Y%0Bh%18%E7%86%EC%EB%91q%80k%C6%AB%A4%A7%C5z%D1L%D01%CF%95%0C%FE%8F%81%8A%3C7%5B%11%19BG%D9T%AB%3FK%E7Z%C9CQ%D6%1A%FD%DC%93%AA%C0%B5%B3M%00%00%F2%00%01%A2%03%E2%02%85%3F%CEUL%08m2%E5%A6%28%3Ew%CDb%836%8B%D9z%DA%5B%02%D776-%A5s%B2%09%84%40%00%02%BA%B5%057%D4%07%BB%9A%00%01%E2%01%DA%0A%950%81%9F0%0D%06%09%2A%86H%86%F7%0D%01%01%01%05%00%03%81%8D%000%81%89%02%81%81%00%C0%FB%16%1F%A6%9A%5E%A0%2A%D2%80%DA%8E%D9f%C1%85r%83t%A6%28P6%CC%20O%60%D9Pi%87%F3%F6%D7%8C%F8F%BFw%3C%08%10%FF%D8%02%3E%1B%03E%0B%24%D5T%3F%21T%FC%8Fl%5C%07%22%60o%AA%AF%8E%1E6%9A%7DvVbs%2C%BCrW-Z%0F%F1%9F%CA%DA%B3%E0%06%E9%81%F7-%01%16%D5%7D%DF%D4%21E%2F%B0%C1%A7%27%AF%C2%0C%B6%C3%EC%1C%BF%5D%82T%A5%DEa%C4%14%401%10%C6%23%02%03%01%00%01%00%00%00%01%9A%05%9D%05%8A%04%CA%BEselfreg%00%F2%FA%A5test%00%FA%8D1%00%00%03%E2%02%85%D7%C0.%E6%A2%06%2B%91%AF8hE%F6%C9U%84%F7%7D%A1%B3U%3F%CF%B4%1B%B0%85%A4%24x%11m%00%04%FA%8E3%00%03%D2%D62147483647%00%00%00%00/%AE%FB%D6l%91%5D%06%8D%F7%F3%C1%2A%D6%5Bx%83%F8%D5%1F%9C%B3u%A1%26%85%B1%10%B5f%B5%20%F6 (991 bytes)
1400717438.441720 ccnd[656]: debug.3863 prefix_mismatch ccnx:/ccnx/%D7%C0.%E6%A2%06%2B%91%AF8hE%F6%C9U%84%F7%7D%A1%B3U%3F%CF%B4%1B%B0%85%A4%24x%11m/newface/%04%82%02%AA%03%B2%08%85%1114%7C%29%DA%3EO%A4-%AFr%1D%212ni%5B%CD%0E%5B%8E%A1%E9%AF%BD%BDM%CEv%E2%FF%B1X%DD%D4%2C%90O%CA%94%2B%97%E7%A0%B8%BBpw%26w%D2s%87u%20%EC%0E%B7%EC%D1%7Dx%F1%C6%11%99%12l7%5Dy%B8%07%06%D7o%BA%C0y%22%83%E3%FB%CB%1C%CCt%9EEY%29%E1%13%A2%98%23U%5D%2B%5D%D7%92%3B%85%F69%5Dum%BEa_%DC%88%15%28%FC%9D%BE%BC%D1%E3s~%C7iO%00%00%F2%00%01%A2%03%E2%02%85%3F%CEUL%08m2%E5%A6%28%3Ew%CDb%836%8B%D9z%DA%5B%02%D776-%A5s%B2%09%84%40%00%02%BA%B5%057%D4%07%E7%0A%00%01%E2%01%DA%0A%950%81%9F0%0D%06%09%2A%86H%86%F7%0D%01%01%01%05%00%03%81%8D%000%81%89%02%81%81%00%C0%FB%16%1F%A6%9A%5E%A0%2A%D2%80%DA%8E%D9f%C1%85r%83t%A6%28P6%CC%20O%60%D9Pi%87%F3%F6%D7%8C%F8F%BFw%3C%08%10%FF%D8%02%3E%1B%03E%0B%24%D5T%3F%21T%FC%8Fl%5C%07%22%60o%AA%AF%8E%1E6%9A%7DvVbs%2C%BCrW-Z%0F%F1%9F%CA%DA%B3%E0%06%E9%81%F7-%01%16%D5%7D%DF%D4%21E%2F%B0%C1%A7%27%AF%C2%0C%B6%C3%EC%1C%BF%5D%82T%A5%DEa%C4%14%401%10%C6%23%02%03%01%00%01%00%00%00%01%9A%06%AD%05%82%04%CA%BEnewface%00%03%E2%02%85%D7%C0.%E6%A2%06%2B%91%AF8hE%F6%C9U%84%F7%7D%A1%B3U%3F%CF%B4%1B%B0%85%A4%24x%11m%00%04%D2%8E0%00%04%DA%9617%00%04%E2%EE192.168.122.2%00%04%EA%A66001%00%03%D2%D62147483647%00%00%00%00 (534 bytes,scope=1)
1400717438.441734 ccnd[656]: outbound.3131 adding 0
1400717438.441856 ccnd[656]: debug.3523 0x11dcac0.0of1,usec=3464+3996536 8 ccnx:/ccnx/%D7%C0.%E6%A2%06%2B%91%AF8hE%F6%C9U%84%F7%7D%A1%B3U%3F%CF%B4%1B%B0%85%A4%24x%11m/newface/%04%82%02%AA%03%B2%08%85%1114%7C%29%DA%3EO%A4-%AFr%1D%212ni%5B%CD%0E%5B%8E%A1%E9%AF%BD%BDM%CEv%E2%FF%B1X%DD%D4%2C%90O%CA%94%2B%97%E7%A0%B8%BBpw%26w%D2s%87u%20%EC%0E%B7%EC%D1%7Dx%F1%C6%11%99%12l7%5Dy%B8%07%06%D7o%BA%C0y%22%83%E3%FB%CB%1C%CCt%9EEY%29%E1%13%A2%98%23U%5D%2B%5D%D7%92%3B%85%F69%5Dum%BEa_%DC%88%15%28%FC%9D%BE%BC%D1%E3s~%C7iO%00%00%F2%00%01%A2%03%E2%02%85%3F%CEUL%08m2%E5%A6%28%3Ew%CDb%836%8B%D9z%DA%5B%02%D776-%A5s%B2%09%84%40%00%02%BA%B5%057%D4%07%E7%0A%00%01%E2%01%DA%0A%950%81%9F0%0D%06%09%2A%86H%86%F7%0D%01%01%01%05%00%03%81%8D%000%81%89%02%81%81%00%C0%FB%16%1F%A6%9A%5E%A0%2A%D2%80%DA%8E%D9f%C1%85r%83t%A6%28P6%CC%20O%60%D9Pi%87%F3%F6%D7%8C%F8F%BFw%3C%08%10%FF%D8%02%3E%1B%03E%0B%24%D5T%3F%21T%FC%8Fl%5C%07%22%60o%AA%AF%8E%1E6%9A%7DvVbs%2C%BCrW-Z%0F%F1%9F%CA%DA%B3%E0%06%E9%81%F7-%01%16%D5%7D%DF%D4%21E%2F%B0%C1%A7%27%AF%C2%0C%B6%C3%EC%1C%BF%5D%82T%A5%DEa%C4%14%401%10%C6%23%02%03%01%00%01%00%00%00%01%9A%06%AD%05%82%04%CA%BEnewface%00%03%E2%02%85%D7%C0.%E6%A2%06%2B%91%AF8hE%F6%C9U%84%F7%7D%A1%B3U%3F%CF%B4%1B%B0%85%A4%24x%11m%00%04%D2%8E0%00%04%DA%9617%00%04%E2%EE192.168.122.2%00%04%EA%A66001%00%03%D2%D62147483647%00%00%00%00 (550 bytes,scope=1) D7C02E-0290-0008-7E6F-A48B02
1400717438.446121 ccnd[656]: debug.3210 interest_to 0 ccnx:/ccnx/%D7%C0.%E6%A2%06%2B%91%AF8hE%F6%C9U%84%F7%7D%A1%B3U%3F%CF%B4%1B%B0%85%A4%24x%11m/newface/%04%82%02%AA%03%B2%08%85%1114%7C%29%DA%3EO%A4-%AFr%1D%212ni%5B%CD%0E%5B%8E%A1%E9%AF%BD%BDM%CEv%E2%FF%B1X%DD%D4%2C%90O%CA%94%2B%97%E7%A0%B8%BBpw%26w%D2s%87u%20%EC%0E%B7%EC%D1%7Dx%F1%C6%11%99%12l7%5Dy%B8%07%06%D7o%BA%C0y%22%83%E3%FB%CB%1C%CCt%9EEY%29%E1%13%A2%98%23U%5D%2B%5D%D7%92%3B%85%F69%5Dum%BEa_%DC%88%15%28%FC%9D%BE%BC%D1%E3s~%C7iO%00%00%F2%00%01%A2%03%E2%02%85%3F%CEUL%08m2%E5%A6%28%3Ew%CDb%836%8B%D9z%DA%5B%02%D776-%A5s%B2%09%84%40%00%02%BA%B5%057%D4%07%E7%0A%00%01%E2%01%DA%0A%950%81%9F0%0D%06%09%2A%86H%86%F7%0D%01%01%01%05%00%03%81%8D%000%81%89%02%81%81%00%C0%FB%16%1F%A6%9A%5E%A0%2A%D2%80%DA%8E%D9f%C1%85r%83t%A6%28P6%CC%20O%60%D9Pi%87%F3%F6%D7%8C%F8F%BFw%3C%08%10%FF%D8%02%3E%1B%03E%0B%24%D5T%3F%21T%FC%8Fl%5C%07%22%60o%AA%AF%8E%1E6%9A%7DvVbs%2C%BCrW-Z%0F%F1%9F%CA%DA%B3%E0%06%E9%81%F7-%01%16%D5%7D%DF%D4%21E%2F%B0%C1%A7%27%AF%C2%0C%B6%C3%EC%1C%BF%5D%82T%A5%DEa%C4%14%401%10%C6%23%02%03%01%00%01%00%00%00%01%9A%06%AD%05%82%04%CA%BEnewface%00%03%E2%02%85%D7%C0.%E6%A2%06%2B%91%AF8hE%F6%C9U%84%F7%7D%A1%B3U%3F%CF%B4%1B%B0%85%A4%24x%11m%00%04%D2%8E0%00%04%DA%9617%00%04%E2%EE192.168.122.2%00%04%EA%A66001%00%03%D2%D62147483647%00%00%00%00 (550 bytes,scope=1) D7C02E-0290-0008-7E6F-A48B02
1400717438.446249 ccnd[656]: debug.158 ccnd_answer_req ccnx:/ccnx/%D7%C0.%E6%A2%06%2B%91%AF8hE%F6%C9U%84%F7%7D%A1%B3U%3F%CF%B4%1B%B0%85%A4%24x%11m/newface/%04%82%02%AA%03%B2%08%85%1114%7C%29%DA%3EO%A4-%AFr%1D%212ni%5B%CD%0E%5B%8E%A1%E9%AF%BD%BDM%CEv%E2%FF%B1X%DD%D4%2C%90O%CA%94%2B%97%E7%A0%B8%BBpw%26w%D2s%87u%20%EC%0E%B7%EC%D1%7Dx%F1%C6%11%99%12l7%5Dy%B8%07%06%D7o%BA%C0y%22%83%E3%FB%CB%1C%CCt%9EEY%29%E1%13%A2%98%23U%5D%2B%5D%D7%92%3B%85%F69%5Dum%BEa_%DC%88%15%28%FC%9D%BE%BC%D1%E3s~%C7iO%00%00%F2%00%01%A2%03%E2%02%85%3F%CEUL%08m2%E5%A6%28%3Ew%CDb%836%8B%D9z%DA%5B%02%D776-%A5s%B2%09%84%40%00%02%BA%B5%057%D4%07%E7%0A%00%01%E2%01%DA%0A%950%81%9F0%0D%06%09%2A%86H%86%F7%0D%01%01%01%05%00%03%81%8D%000%81%89%02%81%81%00%C0%FB%16%1F%A6%9A%5E%A0%2A%D2%80%DA%8E%D9f%C1%85r%83t%A6%28P6%CC%20O%60%D9Pi%87%F3%F6%D7%8C%F8F%BFw%3C%08%10%FF%D8%02%3E%1B%03E%0B%24%D5T%3F%21T%FC%8Fl%5C%07%22%60o%AA%AF%8E%1E6%9A%7DvVbs%2C%BCrW-Z%0F%F1%9F%CA%DA%B3%E0%06%E9%81%F7-%01%16%D5%7D%DF%D4%21E%2F%B0%C1%A7%27%AF%C2%0C%B6%C3%EC%1C%BF%5D%82T%A5%DEa%C4%14%401%10%C6%23%02%03%01%00%01%00%00%00%01%9A%06%AD%05%82%04%CA%BEnewface%00%03%E2%02%85%D7%C0.%E6%A2%06%2B%91%AF8hE%F6%C9U%84%F7%7D%A1%B3U%3F%CF%B4%1B%B0%85%A4%24x%11m%00%04%D2%8E0%00%04%DA%9617%00%04%E2%EE192.168.122.2%00%04%EA%A66001%00%03%D2%D62147483647%00%00%00%00 (550 bytes,scope=1) D7C02E-0290-0008-7E6F-A48B02
1400717438.446404 ccnd[656]: ccnd_req_newface from 8: getaddrinfo(192.168.122.2, 6001, ...) returned 0
1400717438.447359 ccnd[656]: debug.280 ccnd_answer_req_response ccnx:/ccnx/%D7%C0.%E6%A2%06%2B%91%AF8hE%F6%C9U%84%F7%7D%A1%B3U%3F%CF%B4%1B%B0%85%A4%24x%11m/newface/%04%82%02%AA%03%B2%08%85%1114%7C%29%DA%3EO%A4-%AFr%1D%212ni%5B%CD%0E%5B%8E%A1%E9%AF%BD%BDM%CEv%E2%FF%B1X%DD%D4%2C%90O%CA%94%2B%97%E7%A0%B8%BBpw%26w%D2s%87u%20%EC%0E%B7%EC%D1%7Dx%F1%C6%11%99%12l7%5Dy%B8%07%06%D7o%BA%C0y%22%83%E3%FB%CB%1C%CCt%9EEY%29%E1%13%A2%98%23U%5D%2B%5D%D7%92%3B%85%F69%5Dum%BEa_%DC%88%15%28%FC%9D%BE%BC%D1%E3s~%C7iO%00%00%F2%00%01%A2%03%E2%02%85%3F%CEUL%08m2%E5%A6%28%3Ew%CDb%836%8B%D9z%DA%5B%02%D776-%A5s%B2%09%84%40%00%02%BA%B5%057%D4%07%E7%0A%00%01%E2%01%DA%0A%950%81%9F0%0D%06%09%2A%86H%86%F7%0D%01%01%01%05%00%03%81%8D%000%81%89%02%81%81%00%C0%FB%16%1F%A6%9A%5E%A0%2A%D2%80%DA%8E%D9f%C1%85r%83t%A6%28P6%CC%20O%60%D9Pi%87%F3%F6%D7%8C%F8F%BFw%3C%08%10%FF%D8%02%3E%1B%03E%0B%24%D5T%3F%21T%FC%8Fl%5C%07%22%60o%AA%AF%8E%1E6%9A%7DvVbs%2C%BCrW-Z%0F%F1%9F%CA%DA%B3%E0%06%E9%81%F7-%01%16%D5%7D%DF%D4%21E%2F%B0%C1%A7%27%AF%C2%0C%B6%C3%EC%1C%BF%5D%82T%A5%DEa%C4%14%401%10%C6%23%02%03%01%00%01%00%00%00%01%9A%06%AD%05%82%04%CA%BEnewface%00%03%E2%02%85%D7%C0.%E6%A2%06%2B%91%AF8hE%F6%C9U%84%F7%7D%A1%B3U%3F%CF%B4%1B%B0%85%A4%24x%11m%00%04%D2%8E0%00%04%DA%9617%00%04%E2%EE192.168.122.2%00%04%EA%A66001%00%03%D2%D62147483647%00%00%00%00 (986 bytes)
1400717438.447521 ccnd[656]: debug.4109 content_from 0 ccnx:/ccnx/%D7%C0.%E6%A2%06%2B%91%AF8hE%F6%C9U%84%F7%7D%A1%B3U%3F%CF%B4%1B%B0%85%A4%24x%11m/newface/%04%82%02%AA%03%B2%08%85%1114%7C%29%DA%3EO%A4-%AFr%1D%212ni%5B%CD%0E%5B%8E%A1%E9%AF%BD%BDM%CEv%E2%FF%B1X%DD%D4%2C%90O%CA%94%2B%97%E7%A0%B8%BBpw%26w%D2s%87u%20%EC%0E%B7%EC%D1%7Dx%F1%C6%11%99%12l7%5Dy%B8%07%06%D7o%BA%C0y%22%83%E3%FB%CB%1C%CCt%9EEY%29%E1%13%A2%98%23U%5D%2B%5D%D7%92%3B%85%F69%5Dum%BEa_%DC%88%15%28%FC%9D%BE%BC%D1%E3s~%C7iO%00%00%F2%00%01%A2%03%E2%02%85%3F%CEUL%08m2%E5%A6%28%3Ew%CDb%836%8B%D9z%DA%5B%02%D776-%A5s%B2%09%84%40%00%02%BA%B5%057%D4%07%E7%0A%00%01%E2%01%DA%0A%950%81%9F0%0D%06%09%2A%86H%86%F7%0D%01%01%01%05%00%03%81%8D%000%81%89%02%81%81%00%C0%FB%16%1F%A6%9A%5E%A0%2A%D2%80%DA%8E%D9f%C1%85r%83t%A6%28P6%CC%20O%60%D9Pi%87%F3%F6%D7%8C%F8F%BFw%3C%08%10%FF%D8%02%3E%1B%03E%0B%24%D5T%3F%21T%FC%8Fl%5C%07%22%60o%AA%AF%8E%1E6%9A%7DvVbs%2C%BCrW-Z%0F%F1%9F%CA%DA%B3%E0%06%E9%81%F7-%01%16%D5%7D%DF%D4%21E%2F%B0%C1%A7%27%AF%C2%0C%B6%C3%EC%1C%BF%5D%82T%A5%DEa%C4%14%401%10%C6%23%02%03%01%00%01%00%00%00%01%9A%06%AD%05%82%04%CA%BEnewface%00%03%E2%02%85%D7%C0.%E6%A2%06%2B%91%AF8hE%F6%C9U%84%F7%7D%A1%B3U%3F%CF%B4%1B%B0%85%A4%24x%11m%00%04%D2%8E0%00%04%DA%9617%00%04%E2%EE192.168.122.2%00%04%EA%A66001%00%03%D2%D62147483647%00%00%00%00/A%AEA%12%84x%E3e%03%07%91.%B3%8EO%19x%2F%B1%15%22%A9%C0%E2%17Gz%95%60%C8%82%F0 (1022 bytes)
1400717438.447558 ccnd[656]: fwd.3059 adding 0
1400717438.447576 ccnd[656]: face 8 q 0 delay 3 usec
1400717438.447695 ccnd[656]: debug.1526 consume 8 ccnx:/ccnx/%D7%C0.%E6%A2%06%2B%91%AF8hE%F6%C9U%84%F7%7D%A1%B3U%3F%CF%B4%1B%B0%85%A4%24x%11m/newface/%04%82%02%AA%03%B2%08%85%1114%7C%29%DA%3EO%A4-%AFr%1D%212ni%5B%CD%0E%5B%8E%A1%E9%AF%BD%BDM%CEv%E2%FF%B1X%DD%D4%2C%90O%CA%94%2B%97%E7%A0%B8%BBpw%26w%D2s%87u%20%EC%0E%B7%EC%D1%7Dx%F1%C6%11%99%12l7%5Dy%B8%07%06%D7o%BA%C0y%22%83%E3%FB%CB%1C%CCt%9EEY%29%E1%13%A2%98%23U%5D%2B%5D%D7%92%3B%85%F69%5Dum%BEa_%DC%88%15%28%FC%9D%BE%BC%D1%E3s~%C7iO%00%00%F2%00%01%A2%03%E2%02%85%3F%CEUL%08m2%E5%A6%28%3Ew%CDb%836%8B%D9z%DA%5B%02%D776-%A5s%B2%09%84%40%00%02%BA%B5%057%D4%07%E7%0A%00%01%E2%01%DA%0A%950%81%9F0%0D%06%09%2A%86H%86%F7%0D%01%01%01%05%00%03%81%8D%000%81%89%02%81%81%00%C0%FB%16%1F%A6%9A%5E%A0%2A%D2%80%DA%8E%D9f%C1%85r%83t%A6%28P6%CC%20O%60%D9Pi%87%F3%F6%D7%8C%F8F%BFw%3C%08%10%FF%D8%02%3E%1B%03E%0B%24%D5T%3F%21T%FC%8Fl%5C%07%22%60o%AA%AF%8E%1E6%9A%7DvVbs%2C%BCrW-Z%0F%F1%9F%CA%DA%B3%E0%06%E9%81%F7-%01%16%D5%7D%DF%D4%21E%2F%B0%C1%A7%27%AF%C2%0C%B6%C3%EC%1C%BF%5D%82T%A5%DEa%C4%14%401%10%C6%23%02%03%01%00%01%00%00%00%01%9A%06%AD%05%82%04%CA%BEnewface%00%03%E2%02%85%D7%C0.%E6%A2%06%2B%91%AF8hE%F6%C9U%84%F7%7D%A1%B3U%3F%CF%B4%1B%B0%85%A4%24x%11m%00%04%D2%8E0%00%04%DA%9617%00%04%E2%EE192.168.122.2%00%04%EA%A66001%00%03%D2%D62147483647%00%00%00%00 (550 bytes,scope=1) D7C02E-0290-0008-7E6F-A48B02
1400717438.447708 ccnd[656]: sl.1598 0 ci=4 osrc=4294967295 src=0 usec=11315
1400717438.447720 ccnd[656]: fwd.3059 adding 0
1400717438.447730 ccnd[656]: sl.1598 0 ci=3 osrc=4294967295 src=0 usec=11315
1400717438.447852 ccnd[656]: debug.1268 content_to 8 ccnx:/ccnx/%D7%C0.%E6%A2%06%2B%91%AF8hE%F6%C9U%84%F7%7D%A1%B3U%3F%CF%B4%1B%B0%85%A4%24x%11m/newface/%04%82%02%AA%03%B2%08%85%1114%7C%29%DA%3EO%A4-%AFr%1D%212ni%5B%CD%0E%5B%8E%A1%E9%AF%BD%BDM%CEv%E2%FF%B1X%DD%D4%2C%90O%CA%94%2B%97%E7%A0%B8%BBpw%26w%D2s%87u%20%EC%0E%B7%EC%D1%7Dx%F1%C6%11%99%12l7%5Dy%B8%07%06%D7o%BA%C0y%22%83%E3%FB%CB%1C%CCt%9EEY%29%E1%13%A2%98%23U%5D%2B%5D%D7%92%3B%85%F69%5Dum%BEa_%DC%88%15%28%FC%9D%BE%BC%D1%E3s~%C7iO%00%00%F2%00%01%A2%03%E2%02%85%3F%CEUL%08m2%E5%A6%28%3Ew%CDb%836%8B%D9z%DA%5B%02%D776-%A5s%B2%09%84%40%00%02%BA%B5%057%D4%07%E7%0A%00%01%E2%01%DA%0A%950%81%9F0%0D%06%09%2A%86H%86%F7%0D%01%01%01%05%00%03%81%8D%000%81%89%02%81%81%00%C0%FB%16%1F%A6%9A%5E%A0%2A%D2%80%DA%8E%D9f%C1%85r%83t%A6%28P6%CC%20O%60%D9Pi%87%F3%F6%D7%8C%F8F%BFw%3C%08%10%FF%D8%02%3E%1B%03E%0B%24%D5T%3F%21T%FC%8Fl%5C%07%22%60o%AA%AF%8E%1E6%9A%7DvVbs%2C%BCrW-Z%0F%F1%9F%CA%DA%B3%E0%06%E9%81%F7-%01%16%D5%7D%DF%D4%21E%2F%B0%C1%A7%27%AF%C2%0C%B6%C3%EC%1C%BF%5D%82T%A5%DEa%C4%14%401%10%C6%23%02%03%01%00%01%00%00%00%01%9A%06%AD%05%82%04%CA%BEnewface%00%03%E2%02%85%D7%C0.%E6%A2%06%2B%91%AF8hE%F6%C9U%84%F7%7D%A1%B3U%3F%CF%B4%1B%B0%85%A4%24x%11m%00%04%D2%8E0%00%04%DA%9617%00%04%E2%EE192.168.122.2%00%04%EA%A66001%00%03%D2%D62147483647%00%00%00%00/A%AEA%12%84x%E3e%03%07%91.%B3%8EO%19x%2F%B1%15%22%A9%C0%E2%17Gz%95%60%C8%82%F0 (1022 bytes)
1400717438.448969 ccnd[656]: debug.3807 interest_from 8 ccnx:/ccnx/%D7%C0.%E6%A2%06%2B%91%AF8hE%F6%C9U%84%F7%7D%A1%B3U%3F%CF%B4%1B%B0%85%A4%24x%11m/prefixreg/%04%82%02%AA%03%B2%08%85%B7%B7%91%88%80%1A%DA%FD%5D%0B%CE%85%17%E4%07%E6%B7%E0%13v%D3%D9aS%94%FE%12%98~q45%D5%29%26%9B%D9%06%1F%CF%B3%A0%D8%C4%06%0Ek%A3-%08%DB%F0%EFJ%E4%1C%B7%24d%99%C7%ECM%C7%8A%EB%1E%00%2B%13%EC%E2%E5%DE%96%1D%BDeC%93%B9%FC%B6%9D%90%5B%C1z%92%D7%CC%E9%A1%13h%8E%97%40%3A6uF%C3sY%BDR%5C%A2D%AC%DCD%E6%0B%83%F6%84%D6%E5%21s%FB%03%1C%BC%9E%3E%00%00%F2%00%01%A2%03%E2%02%85%3F%CEUL%08m2%E5%A6%28%3Ew%CDb%836%8B%D9z%DA%5B%02%D776-%A5s%B2%09%84%40%00%02%BA%B5%057%D4%07%E7%2B%00%01%E2%01%DA%0A%950%81%9F0%0D%06%09%2A%86H%86%F7%0D%01%01%01%05%00%03%81%8D%000%81%89%02%81%81%00%C0%FB%16%1F%A6%9A%5E%A0%2A%D2%80%DA%8E%D9f%C1%85r%83t%A6%28P6%CC%20O%60%D9Pi%87%F3%F6%D7%8C%F8F%BFw%3C%08%10%FF%D8%02%3E%1B%03E%0B%24%D5T%3F%21T%FC%8Fl%5C%07%22%60o%AA%AF%8E%1E6%9A%7DvVbs%2C%BCrW-Z%0F%F1%9F%CA%DA%B3%E0%06%E9%81%F7-%01%16%D5%7D%DF%D4%21E%2F%B0%C1%A7%27%AF%C2%0C%B6%C3%EC%1C%BF%5D%82T%A5%DEa%C4%14%401%10%C6%23%02%03%01%00%01%00%00%00%01%9A%04%D5%05%8A%04%CA%CEprefixreg%00%F2%00%03%E2%02%85%D7%C0.%E6%A2%06%2B%91%AF8hE%F6%C9U%84%F7%7D%A1%B3U%3F%CF%B4%1B%B0%85%A4%24x%11m%00%04%D2%8E7%00%03%D2%D62147483647%00%00%00%00 (509 bytes,scope=1)
1400717438.448984 ccnd[656]: version: 20090701, prefix_comps: 4, min_suffix_comps: 0, max_suffix_comps: 32767, orderpref: 0, answerfrom: 3, scope: 1, lifetime: 4.0000, excl: 0 bytes, etc: 0 bytes
1400717438.449027 ccnd[656]: debug.3856 first_candidate ccnx:/test/1/%FD%057%D4%07%BC%25/%00/%D6C%B5%7BB%AF%AA%B3j%97s%84D%A7%7F%AC%8A%60%99%B7%11%5Dr%CB%D1%ECB%F7%06%A1%3B%A7 (433 bytes)
1400717438.449140 ccnd[656]: debug.3863 prefix_mismatch ccnx:/ccnx/%D7%C0.%E6%A2%06%2B%91%AF8hE%F6%C9U%84%F7%7D%A1%B3U%3F%CF%B4%1B%B0%85%A4%24x%11m/prefixreg/%04%82%02%AA%03%B2%08%85%B7%B7%91%88%80%1A%DA%FD%5D%0B%CE%85%17%E4%07%E6%B7%E0%13v%D3%D9aS%94%FE%12%98~q45%D5%29%26%9B%D9%06%1F%CF%B3%A0%D8%C4%06%0Ek%A3-%08%DB%F0%EFJ%E4%1C%B7%24d%99%C7%ECM%C7%8A%EB%1E%00%2B%13%EC%E2%E5%DE%96%1D%BDeC%93%B9%FC%B6%9D%90%5B%C1z%92%D7%CC%E9%A1%13h%8E%97%40%3A6uF%C3sY%BDR%5C%A2D%AC%DCD%E6%0B%83%F6%84%D6%E5%21s%FB%03%1C%BC%9E%3E%00%00%F2%00%01%A2%03%E2%02%85%3F%CEUL%08m2%E5%A6%28%3Ew%CDb%836%8B%D9z%DA%5B%02%D776-%A5s%B2%09%84%40%00%02%BA%B5%057%D4%07%E7%2B%00%01%E2%01%DA%0A%950%81%9F0%0D%06%09%2A%86H%86%F7%0D%01%01%01%05%00%03%81%8D%000%81%89%02%81%81%00%C0%FB%16%1F%A6%9A%5E%A0%2A%D2%80%DA%8E%D9f%C1%85r%83t%A6%28P6%CC%20O%60%D9Pi%87%F3%F6%D7%8C%F8F%BFw%3C%08%10%FF%D8%02%3E%1B%03E%0B%24%D5T%3F%21T%FC%8Fl%5C%07%22%60o%AA%AF%8E%1E6%9A%7DvVbs%2C%BCrW-Z%0F%F1%9F%CA%DA%B3%E0%06%E9%81%F7-%01%16%D5%7D%DF%D4%21E%2F%B0%C1%A7%27%AF%C2%0C%B6%C3%EC%1C%BF%5D%82T%A5%DEa%C4%14%401%10%C6%23%02%03%01%00%01%00%00%00%01%9A%04%D5%05%8A%04%CA%CEprefixreg%00%F2%00%03%E2%02%85%D7%C0.%E6%A2%06%2B%91%AF8hE%F6%C9U%84%F7%7D%A1%B3U%3F%CF%B4%1B%B0%85%A4%24x%11m%00%04%D2%8E7%00%03%D2%D62147483647%00%00%00%00 (509 bytes,scope=1)
1400717438.449154 ccnd[656]: outbound.3131 adding 0
1400717438.449275 ccnd[656]: debug.3523 0x11d29f0.0of1,usec=2769+3997231 8 ccnx:/ccnx/%D7%C0.%E6%A2%06%2B%91%AF8hE%F6%C9U%84%F7%7D%A1%B3U%3F%CF%B4%1B%B0%85%A4%24x%11m/prefixreg/%04%82%02%AA%03%B2%08%85%B7%B7%91%88%80%1A%DA%FD%5D%0B%CE%85%17%E4%07%E6%B7%E0%13v%D3%D9aS%94%FE%12%98~q45%D5%29%26%9B%D9%06%1F%CF%B3%A0%D8%C4%06%0Ek%A3-%08%DB%F0%EFJ%E4%1C%B7%24d%99%C7%ECM%C7%8A%EB%1E%00%2B%13%EC%E2%E5%DE%96%1D%BDeC%93%B9%FC%B6%9D%90%5B%C1z%92%D7%CC%E9%A1%13h%8E%97%40%3A6uF%C3sY%BDR%5C%A2D%AC%DCD%E6%0B%83%F6%84%D6%E5%21s%FB%03%1C%BC%9E%3E%00%00%F2%00%01%A2%03%E2%02%85%3F%CEUL%08m2%E5%A6%28%3Ew%CDb%836%8B%D9z%DA%5B%02%D776-%A5s%B2%09%84%40%00%02%BA%B5%057%D4%07%E7%2B%00%01%E2%01%DA%0A%950%81%9F0%0D%06%09%2A%86H%86%F7%0D%01%01%01%05%00%03%81%8D%000%81%89%02%81%81%00%C0%FB%16%1F%A6%9A%5E%A0%2A%D2%80%DA%8E%D9f%C1%85r%83t%A6%28P6%CC%20O%60%D9Pi%87%F3%F6%D7%8C%F8F%BFw%3C%08%10%FF%D8%02%3E%1B%03E%0B%24%D5T%3F%21T%FC%8Fl%5C%07%22%60o%AA%AF%8E%1E6%9A%7DvVbs%2C%BCrW-Z%0F%F1%9F%CA%DA%B3%E0%06%E9%81%F7-%01%16%D5%7D%DF%D4%21E%2F%B0%C1%A7%27%AF%C2%0C%B6%C3%EC%1C%BF%5D%82T%A5%DEa%C4%14%401%10%C6%23%02%03%01%00%01%00%00%00%01%9A%04%D5%05%8A%04%CA%CEprefixreg%00%F2%00%03%E2%02%85%D7%C0.%E6%A2%06%2B%91%AF8hE%F6%C9U%84%F7%7D%A1%B3U%3F%CF%B4%1B%B0%85%A4%24x%11m%00%04%D2%8E7%00%03%D2%D62147483647%00%00%00%00 (525 bytes,scope=1) D7C02E-0290-0008-7E72-BD8272
1400717438.452547 ccnd[656]: debug.3210 interest_to 0 ccnx:/ccnx/%D7%C0.%E6%A2%06%2B%91%AF8hE%F6%C9U%84%F7%7D%A1%B3U%3F%CF%B4%1B%B0%85%A4%24x%11m/prefixreg/%04%82%02%AA%03%B2%08%85%B7%B7%91%88%80%1A%DA%FD%5D%0B%CE%85%17%E4%07%E6%B7%E0%13v%D3%D9aS%94%FE%12%98~q45%D5%29%26%9B%D9%06%1F%CF%B3%A0%D8%C4%06%0Ek%A3-%08%DB%F0%EFJ%E4%1C%B7%24d%99%C7%ECM%C7%8A%EB%1E%00%2B%13%EC%E2%E5%DE%96%1D%BDeC%93%B9%FC%B6%9D%90%5B%C1z%92%D7%CC%E9%A1%13h%8E%97%40%3A6uF%C3sY%BDR%5C%A2D%AC%DCD%E6%0B%83%F6%84%D6%E5%21s%FB%03%1C%BC%9E%3E%00%00%F2%00%01%A2%03%E2%02%85%3F%CEUL%08m2%E5%A6%28%3Ew%CDb%836%8B%D9z%DA%5B%02%D776-%A5s%B2%09%84%40%00%02%BA%B5%057%D4%07%E7%2B%00%01%E2%01%DA%0A%950%81%9F0%0D%06%09%2A%86H%86%F7%0D%01%01%01%05%00%03%81%8D%000%81%89%02%81%81%00%C0%FB%16%1F%A6%9A%5E%A0%2A%D2%80%DA%8E%D9f%C1%85r%83t%A6%28P6%CC%20O%60%D9Pi%87%F3%F6%D7%8C%F8F%BFw%3C%08%10%FF%D8%02%3E%1B%03E%0B%24%D5T%3F%21T%FC%8Fl%5C%07%22%60o%AA%AF%8E%1E6%9A%7DvVbs%2C%BCrW-Z%0F%F1%9F%CA%DA%B3%E0%06%E9%81%F7-%01%16%D5%7D%DF%D4%21E%2F%B0%C1%A7%27%AF%C2%0C%B6%C3%EC%1C%BF%5D%82T%A5%DEa%C4%14%401%10%C6%23%02%03%01%00%01%00%00%00%01%9A%04%D5%05%8A%04%CA%CEprefixreg%00%F2%00%03%E2%02%85%D7%C0.%E6%A2%06%2B%91%AF8hE%F6%C9U%84%F7%7D%A1%B3U%3F%CF%B4%1B%B0%85%A4%24x%11m%00%04%D2%8E7%00%03%D2%D62147483647%00%00%00%00 (525 bytes,scope=1) D7C02E-0290-0008-7E72-BD8272
1400717438.452674 ccnd[656]: debug.158 ccnd_answer_req ccnx:/ccnx/%D7%C0.%E6%A2%06%2B%91%AF8hE%F6%C9U%84%F7%7D%A1%B3U%3F%CF%B4%1B%B0%85%A4%24x%11m/prefixreg/%04%82%02%AA%03%B2%08%85%B7%B7%91%88%80%1A%DA%FD%5D%0B%CE%85%17%E4%07%E6%B7%E0%13v%D3%D9aS%94%FE%12%98~q45%D5%29%26%9B%D9%06%1F%CF%B3%A0%D8%C4%06%0Ek%A3-%08%DB%F0%EFJ%E4%1C%B7%24d%99%C7%ECM%C7%8A%EB%1E%00%2B%13%EC%E2%E5%DE%96%1D%BDeC%93%B9%FC%B6%9D%90%5B%C1z%92%D7%CC%E9%A1%13h%8E%97%40%3A6uF%C3sY%BDR%5C%A2D%AC%DCD%E6%0B%83%F6%84%D6%E5%21s%FB%03%1C%BC%9E%3E%00%00%F2%00%01%A2%03%E2%02%85%3F%CEUL%08m2%E5%A6%28%3Ew%CDb%836%8B%D9z%DA%5B%02%D776-%A5s%B2%09%84%40%00%02%BA%B5%057%D4%07%E7%2B%00%01%E2%01%DA%0A%950%81%9F0%0D%06%09%2A%86H%86%F7%0D%01%01%01%05%00%03%81%8D%000%81%89%02%81%81%00%C0%FB%16%1F%A6%9A%5E%A0%2A%D2%80%DA%8E%D9f%C1%85r%83t%A6%28P6%CC%20O%60%D9Pi%87%F3%F6%D7%8C%F8F%BFw%3C%08%10%FF%D8%02%3E%1B%03E%0B%24%D5T%3F%21T%FC%8Fl%5C%07%22%60o%AA%AF%8E%1E6%9A%7DvVbs%2C%BCrW-Z%0F%F1%9F%CA%DA%B3%E0%06%E9%81%F7-%01%16%D5%7D%DF%D4%21E%2F%B0%C1%A7%27%AF%C2%0C%B6%C3%EC%1C%BF%5D%82T%A5%DEa%C4%14%401%10%C6%23%02%03%01%00%01%00%00%00%01%9A%04%D5%05%8A%04%CA%CEprefixreg%00%F2%00%03%E2%02%85%D7%C0.%E6%A2%06%2B%91%AF8hE%F6%C9U%84%F7%7D%A1%B3U%3F%CF%B4%1B%B0%85%A4%24x%11m%00%04%D2%8E7%00%03%D2%D62147483647%00%00%00%00 (525 bytes,scope=1) D7C02E-0290-0008-7E72-BD8272
1400717438.452767 ccnd[656]: debug.2428 prefix,ff=3 7 ccnx:/ (2 bytes)
1400717438.453714 ccnd[656]: debug.280 ccnd_answer_req_response ccnx:/ccnx/%D7%C0.%E6%A2%06%2B%91%AF8hE%F6%C9U%84%F7%7D%A1%B3U%3F%CF%B4%1B%B0%85%A4%24x%11m/prefixreg/%04%82%02%AA%03%B2%08%85%B7%B7%91%88%80%1A%DA%FD%5D%0B%CE%85%17%E4%07%E6%B7%E0%13v%D3%D9aS%94%FE%12%98~q45%D5%29%26%9B%D9%06%1F%CF%B3%A0%D8%C4%06%0Ek%A3-%08%DB%F0%EFJ%E4%1C%B7%24d%99%C7%ECM%C7%8A%EB%1E%00%2B%13%EC%E2%E5%DE%96%1D%BDeC%93%B9%FC%B6%9D%90%5B%C1z%92%D7%CC%E9%A1%13h%8E%97%40%3A6uF%C3sY%BDR%5C%A2D%AC%DCD%E6%0B%83%F6%84%D6%E5%21s%FB%03%1C%BC%9E%3E%00%00%F2%00%01%A2%03%E2%02%85%3F%CEUL%08m2%E5%A6%28%3Ew%CDb%836%8B%D9z%DA%5B%02%D776-%A5s%B2%09%84%40%00%02%BA%B5%057%D4%07%E7%2B%00%01%E2%01%DA%0A%950%81%9F0%0D%06%09%2A%86H%86%F7%0D%01%01%01%05%00%03%81%8D%000%81%89%02%81%81%00%C0%FB%16%1F%A6%9A%5E%A0%2A%D2%80%DA%8E%D9f%C1%85r%83t%A6%28P6%CC%20O%60%D9Pi%87%F3%F6%D7%8C%F8F%BFw%3C%08%10%FF%D8%02%3E%1B%03E%0B%24%D5T%3F%21T%FC%8Fl%5C%07%22%60o%AA%AF%8E%1E6%9A%7DvVbs%2C%BCrW-Z%0F%F1%9F%CA%DA%B3%E0%06%E9%81%F7-%01%16%D5%7D%DF%D4%21E%2F%B0%C1%A7%27%AF%C2%0C%B6%C3%EC%1C%BF%5D%82T%A5%DEa%C4%14%401%10%C6%23%02%03%01%00%01%00%00%00%01%9A%04%D5%05%8A%04%CA%CEprefixreg%00%F2%00%03%E2%02%85%D7%C0.%E6%A2%06%2B%91%AF8hE%F6%C9U%84%F7%7D%A1%B3U%3F%CF%B4%1B%B0%85%A4%24x%11m%00%04%D2%8E7%00%03%D2%D62147483647%00%00%00%00 (941 bytes)
1400717438.453869 ccnd[656]: debug.4109 content_from 0 ccnx:/ccnx/%D7%C0.%E6%A2%06%2B%91%AF8hE%F6%C9U%84%F7%7D%A1%B3U%3F%CF%B4%1B%B0%85%A4%24x%11m/prefixreg/%04%82%02%AA%03%B2%08%85%B7%B7%91%88%80%1A%DA%FD%5D%0B%CE%85%17%E4%07%E6%B7%E0%13v%D3%D9aS%94%FE%12%98~q45%D5%29%26%9B%D9%06%1F%CF%B3%A0%D8%C4%06%0Ek%A3-%08%DB%F0%EFJ%E4%1C%B7%24d%99%C7%ECM%C7%8A%EB%1E%00%2B%13%EC%E2%E5%DE%96%1D%BDeC%93%B9%FC%B6%9D%90%5B%C1z%92%D7%CC%E9%A1%13h%8E%97%40%3A6uF%C3sY%BDR%5C%A2D%AC%DCD%E6%0B%83%F6%84%D6%E5%21s%FB%03%1C%BC%9E%3E%00%00%F2%00%01%A2%03%E2%02%85%3F%CEUL%08m2%E5%A6%28%3Ew%CDb%836%8B%D9z%DA%5B%02%D776-%A5s%B2%09%84%40%00%02%BA%B5%057%D4%07%E7%2B%00%01%E2%01%DA%0A%950%81%9F0%0D%06%09%2A%86H%86%F7%0D%01%01%01%05%00%03%81%8D%000%81%89%02%81%81%00%C0%FB%16%1F%A6%9A%5E%A0%2A%D2%80%DA%8E%D9f%C1%85r%83t%A6%28P6%CC%20O%60%D9Pi%87%F3%F6%D7%8C%F8F%BFw%3C%08%10%FF%D8%02%3E%1B%03E%0B%24%D5T%3F%21T%FC%8Fl%5C%07%22%60o%AA%AF%8E%1E6%9A%7DvVbs%2C%BCrW-Z%0F%F1%9F%CA%DA%B3%E0%06%E9%81%F7-%01%16%D5%7D%DF%D4%21E%2F%B0%C1%A7%27%AF%C2%0C%B6%C3%EC%1C%BF%5D%82T%A5%DEa%C4%14%401%10%C6%23%02%03%01%00%01%00%00%00%01%9A%04%D5%05%8A%04%CA%CEprefixreg%00%F2%00%03%E2%02%85%D7%C0.%E6%A2%06%2B%91%AF8hE%F6%C9U%84%F7%7D%A1%B3U%3F%CF%B4%1B%B0%85%A4%24x%11m%00%04%D2%8E7%00%03%D2%D62147483647%00%00%00%00/%F1g%BF%8D%98%CE%BFc%15%FC%C2%ED%01%07%C9%A5%1A%1F%23%24o%10%3E%11%AC%A3%7B%FC%22%EC%F6H (977 bytes)
1400717438.453910 ccnd[656]: fwd.3059 adding 0
1400717438.453922 ccnd[656]: fwd.3059 adding 7
1400717438.453938 ccnd[656]: face 8 q 0 delay 3 usec
1400717438.454055 ccnd[656]: debug.1526 consume 8 ccnx:/ccnx/%D7%C0.%E6%A2%06%2B%91%AF8hE%F6%C9U%84%F7%7D%A1%B3U%3F%CF%B4%1B%B0%85%A4%24x%11m/prefixreg/%04%82%02%AA%03%B2%08%85%B7%B7%91%88%80%1A%DA%FD%5D%0B%CE%85%17%E4%07%E6%B7%E0%13v%D3%D9aS%94%FE%12%98~q45%D5%29%26%9B%D9%06%1F%CF%B3%A0%D8%C4%06%0Ek%A3-%08%DB%F0%EFJ%E4%1C%B7%24d%99%C7%ECM%C7%8A%EB%1E%00%2B%13%EC%E2%E5%DE%96%1D%BDeC%93%B9%FC%B6%9D%90%5B%C1z%92%D7%CC%E9%A1%13h%8E%97%40%3A6uF%C3sY%BDR%5C%A2D%AC%DCD%E6%0B%83%F6%84%D6%E5%21s%FB%03%1C%BC%9E%3E%00%00%F2%00%01%A2%03%E2%02%85%3F%CEUL%08m2%E5%A6%28%3Ew%CDb%836%8B%D9z%DA%5B%02%D776-%A5s%B2%09%84%40%00%02%BA%B5%057%D4%07%E7%2B%00%01%E2%01%DA%0A%950%81%9F0%0D%06%09%2A%86H%86%F7%0D%01%01%01%05%00%03%81%8D%000%81%89%02%81%81%00%C0%FB%16%1F%A6%9A%5E%A0%2A%D2%80%DA%8E%D9f%C1%85r%83t%A6%28P6%CC%20O%60%D9Pi%87%F3%F6%D7%8C%F8F%BFw%3C%08%10%FF%D8%02%3E%1B%03E%0B%24%D5T%3F%21T%FC%8Fl%5C%07%22%60o%AA%AF%8E%1E6%9A%7DvVbs%2C%BCrW-Z%0F%F1%9F%CA%DA%B3%E0%06%E9%81%F7-%01%16%D5%7D%DF%D4%21E%2F%B0%C1%A7%27%AF%C2%0C%B6%C3%EC%1C%BF%5D%82T%A5%DEa%C4%14%401%10%C6%23%02%03%01%00%01%00%00%00%01%9A%04%D5%05%8A%04%CA%CEprefixreg%00%F2%00%03%E2%02%85%D7%C0.%E6%A2%06%2B%91%AF8hE%F6%C9U%84%F7%7D%A1%B3U%3F%CF%B4%1B%B0%85%A4%24x%11m%00%04%D2%8E7%00%03%D2%D62147483647%00%00%00%00 (525 bytes,scope=1) D7C02E-0290-0008-7E72-BD8272
1400717438.454069 ccnd[656]: sl.1598 0 ci=4 osrc=4294967295 src=0 usec=11315
1400717438.454080 ccnd[656]: fwd.3059 adding 0
1400717438.454104 ccnd[656]: fwd.3059 adding 7
1400717438.454115 ccnd[656]: sl.1598 0 ci=3 osrc=4294967295 src=0 usec=11315
1400717438.454126 ccnd[656]: fwd.3059 adding 0
1400717438.454136 ccnd[656]: fwd.3059 adding 7
1400717438.454146 ccnd[656]: fwd.3059 adding 7
1400717438.454157 ccnd[656]: fwd.3059 adding 7
1400717438.454277 ccnd[656]: debug.1268 content_to 8 ccnx:/ccnx/%D7%C0.%E6%A2%06%2B%91%AF8hE%F6%C9U%84%F7%7D%A1%B3U%3F%CF%B4%1B%B0%85%A4%24x%11m/prefixreg/%04%82%02%AA%03%B2%08%85%B7%B7%91%88%80%1A%DA%FD%5D%0B%CE%85%17%E4%07%E6%B7%E0%13v%D3%D9aS%94%FE%12%98~q45%D5%29%26%9B%D9%06%1F%CF%B3%A0%D8%C4%06%0Ek%A3-%08%DB%F0%EFJ%E4%1C%B7%24d%99%C7%ECM%C7%8A%EB%1E%00%2B%13%EC%E2%E5%DE%96%1D%BDeC%93%B9%FC%B6%9D%90%5B%C1z%92%D7%CC%E9%A1%13h%8E%97%40%3A6uF%C3sY%BDR%5C%A2D%AC%DCD%E6%0B%83%F6%84%D6%E5%21s%FB%03%1C%BC%9E%3E%00%00%F2%00%01%A2%03%E2%02%85%3F%CEUL%08m2%E5%A6%28%3Ew%CDb%836%8B%D9z%DA%5B%02%D776-%A5s%B2%09%84%40%00%02%BA%B5%057%D4%07%E7%2B%00%01%E2%01%DA%0A%950%81%9F0%0D%06%09%2A%86H%86%F7%0D%01%01%01%05%00%03%81%8D%000%81%89%02%81%81%00%C0%FB%16%1F%A6%9A%5E%A0%2A%D2%80%DA%8E%D9f%C1%85r%83t%A6%28P6%CC%20O%60%D9Pi%87%F3%F6%D7%8C%F8F%BFw%3C%08%10%FF%D8%02%3E%1B%03E%0B%24%D5T%3F%21T%FC%8Fl%5C%07%22%60o%AA%AF%8E%1E6%9A%7DvVbs%2C%BCrW-Z%0F%F1%9F%CA%DA%B3%E0%06%E9%81%F7-%01%16%D5%7D%DF%D4%21E%2F%B0%C1%A7%27%AF%C2%0C%B6%C3%EC%1C%BF%5D%82T%A5%DEa%C4%14%401%10%C6%23%02%03%01%00%01%00%00%00%01%9A%04%D5%05%8A%04%CA%CEprefixreg%00%F2%00%03%E2%02%85%D7%C0.%E6%A2%06%2B%91%AF8hE%F6%C9U%84%F7%7D%A1%B3U%3F%CF%B4%1B%B0%85%A4%24x%11m%00%04%D2%8E7%00%03%D2%D62147483647%00%00%00%00/%F1g%BF%8D%98%CE%BFc%15%FC%C2%ED%01%07%C9%A5%1A%1F%23%24o%10%3E%11%AC%A3%7B%FC%22%EC%F6H (977 bytes)
1400717438.454917 ccnd[656]: shutdown client fd=9 id=8
1400717438.454954 ccnd[656]: releasing face id 8 (slot 8)
1400717441.000000 ccnd[656]: 6001 ____________________ Thu May 22 00:10:41 2014
1400717441.798743 ccnd[656]: debug.3946 stale ccnx:/%C1.M.S.neighborhood/%C1.M.SRV/ccnd/KEY/%C1.M.K%00%D7%C0.%E6%A2%06%2B%91%AF8hE%F6%C9U%84%F7%7D%A1%B3U%3F%CF%B4%1B%B0%85%A4%24x%11m/%FD%057%D4%05t%EC/%00/%A9g%8E%CEN%2C%87U%18%93%1D%3B%85%F7%9C%8A%40%CEv8%C6W%8D%17%A4%3BA%02%B0%3F%1C%F1 (617 bytes)
1400717444.787730 ccnd[656]: debug.3807 interest_from 7 ccnx:/test/1 (32 bytes) 6A536B-02A3-0008-8468-FF43DE
1400717444.787749 ccnd[656]: version: 20090701, prefix_comps: 2, min_suffix_comps: 0, max_suffix_comps: 32767, orderpref: 0, answerfrom: 3, scope: -1, lifetime: 4.0000, excl: 0 bytes, etc: 0 bytes
1400717444.787784 ccnd[656]: debug.3856 first_candidate ccnx:/test/1/%FD%057%D4%07%BC%25/%00/%D6C%B5%7BB%AF%AA%B3j%97s%84D%A7%7F%AC%8A%60%99%B7%11%5Dr%CB%D1%ECB%F7%06%A1%3B%A7 (433 bytes)
1400717444.787816 ccnd[656]: debug.3884 matches ccnx:/test/1/%FD%057%D4%07%BC%25/%00/%D6C%B5%7BB%AF%AA%B3j%97s%84D%A7%7F%AC%8A%60%99%B7%11%5Dr%CB%D1%ECB%F7%06%A1%3B%A7 (433 bytes)
1400717444.787829 ccnd[656]: face 7 q 1 delay 677 usec
1400717444.787850 ccnd[656]: debug.3918 consume 7 ccnx:/test/1 (32 bytes) 6A536B-02A3-0008-8468-FF43DE
1400717444.787861 ccnd[656]: fwd.3059 adding 6
1400717444.787871 ccnd[656]: fwd.3059 adding 7
1400717444.787882 ccnd[656]: fwd.3059 adding 7
1400717444.787892 ccnd[656]: fwd.3059 adding 7
1400717444.787915 ccnd[656]: debug.3807 interest_from 7 ccnx:/%C1.M.S.neighborhood/%C1.M.SRV/ccnd/KEY (55 bytes,scope=2)
1400717444.787926 ccnd[656]: version: 20090701, prefix_comps: 4, min_suffix_comps: 0, max_suffix_comps: 32767, orderpref: 0, answerfrom: 3, scope: 2, lifetime: 4.0000, excl: 0 bytes, etc: 0 bytes
1400717444.787975 ccnd[656]: debug.3856 first_candidate ccnx:/%C1.M.S.neighborhood/%C1.M.SRV/ccnd/KEY/%C1.M.K%00%D7%C0.%E6%A2%06%2B%91%AF8hE%F6%C9U%84%F7%7D%A1%B3U%3F%CF%B4%1B%B0%85%A4%24x%11m/%FD%057%D4%05t%EC/%00/%A9g%8E%CEN%2C%87U%18%93%1D%3B%85%F7%9C%8A%40%CEv8%C6W%8D%17%A4%3BA%02%B0%3F%1C%F1 (617 bytes)
1400717444.787987 ccnd[656]: fwd.3059 adding 0
1400717444.787997 ccnd[656]: fwd.3059 adding 7
1400717444.788007 ccnd[656]: outbound.3131 adding 0
1400717444.788037 ccnd[656]: debug.3523 0x11dcbd0.0of1,usec=1260+3998740 7 ccnx:/%C1.M.S.neighborhood/%C1.M.SRV/ccnd/KEY (71 bytes,scope=2) D7C02E-0290-0007-84C9-62CE30
1400717444.789223 ccnd[656]: debug.1268 content_to 7 ccnx:/test/1/%FD%057%D4%07%BC%25/%00/%D6C%B5%7BB%AF%AA%B3j%97s%84D%A7%7F%AC%8A%60%99%B7%11%5Dr%CB%D1%ECB%F7%06%A1%3B%A7 (433 bytes)
1400717444.790397 ccnd[656]: debug.3210 interest_to 0 ccnx:/%C1.M.S.neighborhood/%C1.M.SRV/ccnd/KEY (71 bytes,scope=2) D7C02E-0290-0007-84C9-62CE30
1400717444.790428 ccnd[656]: debug.158 ccnd_answer_req ccnx:/%C1.M.S.neighborhood/%C1.M.SRV/ccnd/KEY (71 bytes,scope=2) D7C02E-0290-0007-84C9-62CE30
1400717444.790522 ccnd[656]: debug.4109 content_from 0 ccnx:/%C1.M.S.neighborhood/%C1.M.SRV/ccnd/KEY/%C1.M.K%00%D7%C0.%E6%A2%06%2B%91%AF8hE%F6%C9U%84%F7%7D%A1%B3U%3F%CF%B4%1B%B0%85%A4%24x%11m/%FD%057%D4%05t%EC/%00/%A9g%8E%CEN%2C%87U%18%93%1D%3B%85%F7%9C%8A%40%CEv8%C6W%8D%17%A4%3BA%02%B0%3F%1C%F1 (617 bytes)
1400717444.790592 ccnd[656]: fwd.3059 adding 0
1400717444.790991 ccnd[656]: fwd.3059 adding 7
1400717444.791011 ccnd[656]: face 7 q 1 delay 908 usec
1400717444.791036 ccnd[656]: debug.1526 consume 7 ccnx:/%C1.M.S.neighborhood/%C1.M.SRV/ccnd/KEY (71 bytes,scope=2) D7C02E-0290-0007-84C9-62CE30
1400717444.791047 ccnd[656]: sl.1598 0 ci=4 osrc=0 src=0 usec=11315
1400717444.791061 ccnd[656]: fwd.3059 adding 0
1400717444.791072 ccnd[656]: fwd.3059 adding 7
1400717444.791082 ccnd[656]: sl.1598 0 ci=3 osrc=0 src=0 usec=11315
1400717444.791093 ccnd[656]: fwd.3059 adding 0
1400717444.791103 ccnd[656]: fwd.3059 adding 7
1400717444.000000 ccnd[656]: 6001 ____________________ Thu May 22 00:10:44 2014
1400717444.792275 ccnd[656]: debug.1268 content_to 7 ccnx:/%C1.M.S.neighborhood/%C1.M.SRV/ccnd/KEY/%C1.M.K%00%D7%C0.%E6%A2%06%2B%91%AF8hE%F6%C9U%84%F7%7D%A1%B3U%3F%CF%B4%1B%B0%85%A4%24x%11m/%FD%057%D4%05t%EC/%00/%A9g%8E%CEN%2C%87U%18%93%1D%3B%85%F7%9C%8A%40%CEv8%C6W%8D%17%A4%3BA%02%B0%3F%1C%F1 (617 bytes)
1400717445.649475 ccnd[656]: debug.3946 stale ccnx:/ccnx/%D7%C0.%E6%A2%06%2B%91%AF8hE%F6%C9U%84%F7%7D%A1%B3U%3F%CF%B4%1B%B0%85%A4%24x%11m/selfreg/%04%82%02%AA%03%B2%08%85K%E9%24~DR%83Q%C1%E20%3Dm0.%EF%AB%C0Q%B2b%1F%F9%A4%E5%25%0C7%9D%DC%D2TXs%86%E1%14%E9%E5Z%10Pm%D3%EF%D3%93%8C_%B4%3F%B7V%8A%B1%B0Kl%E8%3A%EC%89%A0%17%BA%DDH%81%21%86%28%16~%81%CF%28%E0c%CB%BD%F10%91%AD%0Eh%82%27u%DD%EC%D07%85%20%12%05%85%7Fz%EB%E5%18v%DB%1A%D4%DD%9C%EB%A8R%FAI%5B%D6%D8%DE%2F2R%03%E5%C0%0D%FD%C2G%00%00%F2%00%01%A2%03%E2%02%85%3F%CEUL%08m2%E5%A6%28%3Ew%CDb%836%8B%D9z%DA%5B%02%D776-%A5s%B2%09%84%40%00%02%BA%B5%057%D4%07%B9%96%00%01%E2%01%DA%0A%950%81%9F0%0D%06%09%2A%86H%86%F7%0D%01%01%01%05%00%03%81%8D%000%81%89%02%81%81%00%C0%FB%16%1F%A6%9A%5E%A0%2A%D2%80%DA%8E%D9f%C1%85r%83t%A6%28P6%CC%20O%60%D9Pi%87%F3%F6%D7%8C%F8F%BFw%3C%08%10%FF%D8%02%3E%1B%03E%0B%24%D5T%3F%21T%FC%8Fl%5C%07%22%60o%AA%AF%8E%1E6%9A%7DvVbs%2C%BCrW-Z%0F%F1%9F%CA%DA%B3%E0%06%E9%81%F7-%01%16%D5%7D%DF%D4%21E%2F%B0%C1%A7%27%AF%C2%0C%B6%C3%EC%1C%BF%5D%82T%A5%DEa%C4%14%401%10%C6%23%02%03%01%00%01%00%00%00%01%9A%09%ED%05%8A%04%CA%BEselfreg%00%F2%FA%C5ccnx.org%00%FA%ADUsers%00%FA%A5user%00%FA%A5Keys%00%FA%02%B5%C1.M.K%00%3F%CEUL%08m2%E5%A6%28%3Ew%CDb%836%8B%D9z%DA%5B%02%D776-%A5s%B2%09%84%40%00%FA%BD%FD%04%FB%C93%60%00%00%00%03%E2%02%85%D7%C0.%E6%A2%06%2B%91%AF8hE%F6%C9U%84%F7%7D%A1%B3U%3F%CF%B4%1B%B0%85%A4%24x%11m%00%04%FA%8E3%00%03%D2%D62147483647%00%00%00%00/u%0F9%2B%7D%EB%17%19Z%D7%DA%06%1C%1CO%22%7B%85%D0jYv%00%25%E6%8CC%AA%15%A6%7C%CB (1139 bytes)
1400717445.757811 ccnd[656]: debug.3946 stale ccnx:/ccnx/%D7%C0.%E6%A2%06%2B%91%AF8hE%F6%C9U%84%F7%7D%A1%B3U%3F%CF%B4%1B%B0%85%A4%24x%11m/selfreg/%04%82%02%AA%03%B2%08%85G%9DN%7D%E74Ld%95%AA%3B%FB%5C%EC2y%D3U%2A%A7t%CB%DD%92Q%8A%A6%7F%EC%C4%26%BEQ%CC%EA%B0%FC%10%B4%F7%D9%19%10m%0C%83%9CC%84%27EB%F8%26%94%C5%E3%BAH%9E%3FQ%03%E4%1A5%D4s%88ae%A8Y%0Bh%18%E7%86%EC%EB%91q%80k%C6%AB%A4%A7%C5z%D1L%D01%CF%95%0C%FE%8F%81%8A%3C7%5B%11%19BG%D9T%AB%3FK%E7Z%C9CQ%D6%1A%FD%DC%93%AA%C0%B5%B3M%00%00%F2%00%01%A2%03%E2%02%85%3F%CEUL%08m2%E5%A6%28%3Ew%CDb%836%8B%D9z%DA%5B%02%D776-%A5s%B2%09%84%40%00%02%BA%B5%057%D4%07%BB%9A%00%01%E2%01%DA%0A%950%81%9F0%0D%06%09%2A%86H%86%F7%0D%01%01%01%05%00%03%81%8D%000%81%89%02%81%81%00%C0%FB%16%1F%A6%9A%5E%A0%2A%D2%80%DA%8E%D9f%C1%85r%83t%A6%28P6%CC%20O%60%D9Pi%87%F3%F6%D7%8C%F8F%BFw%3C%08%10%FF%D8%02%3E%1B%03E%0B%24%D5T%3F%21T%FC%8Fl%5C%07%22%60o%AA%AF%8E%1E6%9A%7DvVbs%2C%BCrW-Z%0F%F1%9F%CA%DA%B3%E0%06%E9%81%F7-%01%16%D5%7D%DF%D4%21E%2F%B0%C1%A7%27%AF%C2%0C%B6%C3%EC%1C%BF%5D%82T%A5%DEa%C4%14%401%10%C6%23%02%03%01%00%01%00%00%00%01%9A%05%9D%05%8A%04%CA%BEselfreg%00%F2%FA%A5test%00%FA%8D1%00%00%03%E2%02%85%D7%C0.%E6%A2%06%2B%91%AF8hE%F6%C9U%84%F7%7D%A1%B3U%3F%CF%B4%1B%B0%85%A4%24x%11m%00%04%FA%8E3%00%03%D2%D62147483647%00%00%00%00/%AE%FB%D6l%91%5D%06%8D%F7%F3%C1%2A%D6%5Bx%83%F8%D5%1F%9C%B3u%A1%26%85%B1%10%B5f%B5%20%F6 (991 bytes)
1400717448.448928 ccnd[656]: debug.3946 stale ccnx:/ccnx/%D7%C0.%E6%A2%06%2B%91%AF8hE%F6%C9U%84%F7%7D%A1%B3U%3F%CF%B4%1B%B0%85%A4%24x%11m/newface/%04%82%02%AA%03%B2%08%85%1114%7C%29%DA%3EO%A4-%AFr%1D%212ni%5B%CD%0E%5B%8E%A1%E9%AF%BD%BDM%CEv%E2%FF%B1X%DD%D4%2C%90O%CA%94%2B%97%E7%A0%B8%BBpw%26w%D2s%87u%20%EC%0E%B7%EC%D1%7Dx%F1%C6%11%99%12l7%5Dy%B8%07%06%D7o%BA%C0y%22%83%E3%FB%CB%1C%CCt%9EEY%29%E1%13%A2%98%23U%5D%2B%5D%D7%92%3B%85%F69%5Dum%BEa_%DC%88%15%28%FC%9D%BE%BC%D1%E3s~%C7iO%00%00%F2%00%01%A2%03%E2%02%85%3F%CEUL%08m2%E5%A6%28%3Ew%CDb%836%8B%D9z%DA%5B%02%D776-%A5s%B2%09%84%40%00%02%BA%B5%057%D4%07%E7%0A%00%01%E2%01%DA%0A%950%81%9F0%0D%06%09%2A%86H%86%F7%0D%01%01%01%05%00%03%81%8D%000%81%89%02%81%81%00%C0%FB%16%1F%A6%9A%5E%A0%2A%D2%80%DA%8E%D9f%C1%85r%83t%A6%28P6%CC%20O%60%D9Pi%87%F3%F6%D7%8C%F8F%BFw%3C%08%10%FF%D8%02%3E%1B%03E%0B%24%D5T%3F%21T%FC%8Fl%5C%07%22%60o%AA%AF%8E%1E6%9A%7DvVbs%2C%BCrW-Z%0F%F1%9F%CA%DA%B3%E0%06%E9%81%F7-%01%16%D5%7D%DF%D4%21E%2F%B0%C1%A7%27%AF%C2%0C%B6%C3%EC%1C%BF%5D%82T%A5%DEa%C4%14%401%10%C6%23%02%03%01%00%01%00%00%00%01%9A%06%AD%05%82%04%CA%BEnewface%00%03%E2%02%85%D7%C0.%E6%A2%06%2B%91%AF8hE%F6%C9U%84%F7%7D%A1%B3U%3F%CF%B4%1B%B0%85%A4%24x%11m%00%04%D2%8E0%00%04%DA%9617%00%04%E2%EE192.168.122.2%00%04%EA%A66001%00%03%D2%D62147483647%00%00%00%00/A%AEA%12%84x%E3e%03%07%91.%B3%8EO%19x%2F%B1%15%22%A9%C0%E2%17Gz%95%60%C8%82%F0 (1022 bytes)
1400717448.455184 ccnd[656]: debug.3946 stale ccnx:/ccnx/%D7%C0.%E6%A2%06%2B%91%AF8hE%F6%C9U%84%F7%7D%A1%B3U%3F%CF%B4%1B%B0%85%A4%24x%11m/prefixreg/%04%82%02%AA%03%B2%08%85%B7%B7%91%88%80%1A%DA%FD%5D%0B%CE%85%17%E4%07%E6%B7%E0%13v%D3%D9aS%94%FE%12%98~q45%D5%29%26%9B%D9%06%1F%CF%B3%A0%D8%C4%06%0Ek%A3-%08%DB%F0%EFJ%E4%1C%B7%24d%99%C7%ECM%C7%8A%EB%1E%00%2B%13%EC%E2%E5%DE%96%1D%BDeC%93%B9%FC%B6%9D%90%5B%C1z%92%D7%CC%E9%A1%13h%8E%97%40%3A6uF%C3sY%BDR%5C%A2D%AC%DCD%E6%0B%83%F6%84%D6%E5%21s%FB%03%1C%BC%9E%3E%00%00%F2%00%01%A2%03%E2%02%85%3F%CEUL%08m2%E5%A6%28%3Ew%CDb%836%8B%D9z%DA%5B%02%D776-%A5s%B2%09%84%40%00%02%BA%B5%057%D4%07%E7%2B%00%01%E2%01%DA%0A%950%81%9F0%0D%06%09%2A%86H%86%F7%0D%01%01%01%05%00%03%81%8D%000%81%89%02%81%81%00%C0%FB%16%1F%A6%9A%5E%A0%2A%D2%80%DA%8E%D9f%C1%85r%83t%A6%28P6%CC%20O%60%D9Pi%87%F3%F6%D7%8C%F8F%BFw%3C%08%10%FF%D8%02%3E%1B%03E%0B%24%D5T%3F%21T%FC%8Fl%5C%07%22%60o%AA%AF%8E%1E6%9A%7DvVbs%2C%BCrW-Z%0F%F1%9F%CA%DA%B3%E0%06%E9%81%F7-%01%16%D5%7D%DF%D4%21E%2F%B0%C1%A7%27%AF%C2%0C%B6%C3%EC%1C%BF%5D%82T%A5%DEa%C4%14%401%10%C6%23%02%03%01%00%01%00%00%00%01%9A%04%D5%05%8A%04%CA%CEprefixreg%00%F2%00%03%E2%02%85%D7%C0.%E6%A2%06%2B%91%AF8hE%F6%C9U%84%F7%7D%A1%B3U%3F%CF%B4%1B%B0%85%A4%24x%11m%00%04%D2%8E7%00%03%D2%D62147483647%00%00%00%00/%F1g%BF%8D%98%CE%BFc%15%FC%C2%ED%01%07%C9%A5%1A%1F%23%24o%10%3E%11%AC%A3%7B%FC%22%EC%F6H (977 bytes)
1400717449.792100 ccnd[656]: debug.3946 stale ccnx:/%C1.M.S.neighborhood/%C1.M.SRV/ccnd/KEY/%C1.M.K%00%D7%C0.%E6%A2%06%2B%91%AF8hE%F6%C9U%84%F7%7D%A1%B3U%3F%CF%B4%1B%B0%85%A4%24x%11m/%FD%057%D4%05t%EC/%00/%A9g%8E%CEN%2C%87U%18%93%1D%3B%85%F7%9C%8A%40%CEv8%C6W%8D%17%A4%3BA%02%B0%3F%1C%F1 (617 bytes)
