1400717877.000000 ccnd[660]: 6001 ____________________ Thu May 22 00:17:57 2014
1400717877.740234 ccnd[660]: CCND_DEBUG=-1 CCND_CAP=50000
1400717877.740419 ccnd[660]: listening on /tmp/.ccnd.sock.6001
1400717877.740494 ccnd[660]: accepting ipv4 datagrams on fd 4 rcvbuf 124928
1400717877.740516 ccnd[660]: accepting ipv4 connections on fd 5
1400717877.740563 ccnd[660]: accepting ipv6 datagrams on fd 6 rcvbuf 124928
1400717877.740585 ccnd[660]: accepting ipv6 connections on fd 7
1400717877.742824 ccnd[660]: debug.2428 prefix,ff=3 0 ccnx:/ccnx/ping (16 bytes)
1400717877.742929 ccnd[660]: debug.2428 prefix,ff=3 0 ccnx:/%C1.M.S.localhost/%C1.M.SRV/ccnd (37 bytes)
1400717877.742947 ccnd[660]: debug.2428 prefix,ff=3 0 ccnx:/%C1.M.S.neighborhood (24 bytes)
1400717877.742974 ccnd[660]: debug.2428 prefix,ff=0x17 0 ccnx:/ccnx/%D7%C0.%E6%A2%06%2B%91%AF8hE%F6%C9U%84%F7%7D%A1%B3U%3F%CF%B4%1B%B0%85%A4%24x%11m (45 bytes)
1400717877.742987 ccnd[660]: debug.2428 prefix,ff=0x23 0 ccnx:/%C1.M.S.localhost (20 bytes)
1400717877.789940 ccnd[660]: accepted client fd=8 id=6
1400717877.790187 ccnd[660]: shutdown client fd=8 id=6
1400717877.790206 ccnd[660]: recycling face id 6 (slot 6)
1400717877.795908 ccnd[660]: accepted client fd=8 id=6
1400717877.795988 ccnd[660]: shutdown client fd=8 id=6
1400717877.796002 ccnd[660]: recycling face id 6 (slot 6)
1400717913.000000 ccnd[660]: 6001 ____________________ Thu May 22 00:18:33 2014
1400717913.897839 ccnd[660]: accepted client fd=8 id=6
1400717913.921735 ccnd[660]: debug.3807 interest_from 6 ccnx:/%C1.M.S.localhost/%C1.M.SRV/ccnd/KEY (51 bytes,scope=1)
1400717913.921757 ccnd[660]: version: 20090701, prefix_comps: 4, min_suffix_comps: 0, max_suffix_comps: 32767, orderpref: 0, answerfrom: 3, scope: 1, lifetime: 4.0000, excl: 0 bytes, etc: 0 bytes
1400717913.921778 ccnd[660]: fwd.3059 adding 0
1400717913.921786 ccnd[660]: fwd.3059 adding 0
1400717913.921793 ccnd[660]: outbound.3131 adding 0
1400717913.921814 ccnd[660]: debug.3523 0x1999d20.0of1,usec=3940+3996060 6 ccnx:/%C1.M.S.localhost/%C1.M.SRV/ccnd/KEY (67 bytes,scope=1) D7C02E-0294-0006-59E5-15110F
1400717913.925936 ccnd[660]: debug.3210 interest_to 0 ccnx:/%C1.M.S.localhost/%C1.M.SRV/ccnd/KEY (67 bytes,scope=1) D7C02E-0294-0006-59E5-15110F
1400717913.925971 ccnd[660]: debug.158 ccnd_answer_req ccnx:/%C1.M.S.localhost/%C1.M.SRV/ccnd/KEY (67 bytes,scope=1) D7C02E-0294-0006-59E5-15110F
1400717913.927088 ccnd[660]: debug.4109 content_from 0 ccnx:/%C1.M.S.localhost/%C1.M.SRV/ccnd/KEY/%C1.M.K%00%D7%C0.%E6%A2%06%2B%91%AF8hE%F6%C9U%84%F7%7D%A1%B3U%3F%CF%B4%1B%B0%85%A4%24x%11m/%FD%057%D4%23%5B%D8/%00/%FD%D0ac%A1%A0%28%3C%98%B6%90n%FDdds8%DC%DFsa%B2%A8%07%1C%99A%0A%0FGT. (611 bytes)
1400717913.927106 ccnd[660]: fwd.3059 adding 0
1400717913.927114 ccnd[660]: fwd.3059 adding 0
1400717913.927126 ccnd[660]: face 6 q 0 delay 3 usec
1400717913.927142 ccnd[660]: debug.1526 consume 6 ccnx:/%C1.M.S.localhost/%C1.M.SRV/ccnd/KEY (67 bytes,scope=1) D7C02E-0294-0006-59E5-15110F
1400717913.927149 ccnd[660]: sl.1598 0 ci=4 osrc=4294967295 src=0 usec=10142
1400717913.927156 ccnd[660]: sl.1598 0 ci=3 osrc=4294967295 src=0 usec=10142
1400717913.927163 ccnd[660]: fwd.3059 adding 0
1400717913.927170 ccnd[660]: fwd.3059 adding 0
1400717913.927195 ccnd[660]: debug.1268 content_to 6 ccnx:/%C1.M.S.localhost/%C1.M.SRV/ccnd/KEY/%C1.M.K%00%D7%C0.%E6%A2%06%2B%91%AF8hE%F6%C9U%84%F7%7D%A1%B3U%3F%CF%B4%1B%B0%85%A4%24x%11m/%FD%057%D4%23%5B%D8/%00/%FD%D0ac%A1%A0%28%3C%98%B6%90n%FDdds8%DC%DFsa%B2%A8%07%1C%99A%0A%0FGT. (611 bytes)
1400717913.935712 ccnd[660]: debug.3807 interest_from 6 ccnx:/%C1.M.S.localhost/%C1.M.SRV/ccnd/KEY/%C1.M.K%00%D7%C0.%E6%A2%06%2B%91%AF8hE%F6%C9U%84%F7%7D%A1%B3U%3F%CF%B4%1B%B0%85%A4%24x%11m/%FD%057%D4%23%5B%D8 (108 bytes)
1400717913.935741 ccnd[660]: version: 20090701, prefix_comps: 6, min_suffix_comps: 1, max_suffix_comps: 3, orderpref: 0, answerfrom: 3, scope: -1, lifetime: 4.0000, excl: 0 bytes, etc: 0 bytes
1400717913.935778 ccnd[660]: debug.3856 first_candidate ccnx:/%C1.M.S.localhost/%C1.M.SRV/ccnd/KEY/%C1.M.K%00%D7%C0.%E6%A2%06%2B%91%AF8hE%F6%C9U%84%F7%7D%A1%B3U%3F%CF%B4%1B%B0%85%A4%24x%11m/%FD%057%D4%23%5B%D8/%00/%FD%D0ac%A1%A0%28%3C%98%B6%90n%FDdds8%DC%DFsa%B2%A8%07%1C%99A%0A%0FGT. (611 bytes)
1400717913.935824 ccnd[660]: debug.3884 matches ccnx:/%C1.M.S.localhost/%C1.M.SRV/ccnd/KEY/%C1.M.K%00%D7%C0.%E6%A2%06%2B%91%AF8hE%F6%C9U%84%F7%7D%A1%B3U%3F%CF%B4%1B%B0%85%A4%24x%11m/%FD%057%D4%23%5B%D8/%00/%FD%D0ac%A1%A0%28%3C%98%B6%90n%FDdds8%DC%DFsa%B2%A8%07%1C%99A%0A%0FGT. (611 bytes)
1400717913.935834 ccnd[660]: face 6 q 0 delay 3 usec
1400717913.935854 ccnd[660]: debug.3918 consume 6 ccnx:/%C1.M.S.localhost/%C1.M.SRV/ccnd/KEY/%C1.M.K%00%D7%C0.%E6%A2%06%2B%91%AF8hE%F6%C9U%84%F7%7D%A1%B3U%3F%CF%B4%1B%B0%85%A4%24x%11m/%FD%057%D4%23%5B%D8 (108 bytes)
1400717913.935863 ccnd[660]: fwd.3059 adding 0
1400717913.935870 ccnd[660]: fwd.3059 adding 0
1400717913.935940 ccnd[660]: fwd.3059 adding 0
1400717913.935948 ccnd[660]: fwd.3059 adding 0
1400717913.935973 ccnd[660]: debug.1268 content_to 6 ccnx:/%C1.M.S.localhost/%C1.M.SRV/ccnd/KEY/%C1.M.K%00%D7%C0.%E6%A2%06%2B%91%AF8hE%F6%C9U%84%F7%7D%A1%B3U%3F%CF%B4%1B%B0%85%A4%24x%11m/%FD%057%D4%23%5B%D8/%00/%FD%D0ac%A1%A0%28%3C%98%B6%90n%FDdds8%DC%DFsa%B2%A8%07%1C%99A%0A%0FGT. (611 bytes)
1400717914.059919 ccnd[660]: debug.3807 interest_from 6 ccnx:/ccnx/%D7%C0.%E6%A2%06%2B%91%AF8hE%F6%C9U%84%F7%7D%A1%B3U%3F%CF%B4%1B%B0%85%A4%24x%11m/selfreg/%04%82%02%AA%03%B2%08%85%2B~1%88%F0y%87a%EB%0FK%E22%87%8A%BC~%28%CC%B4%EFq81%95%D5%7C%D9%84%9E%CE%F1X%A0%A11%8Dn%FA%F7%8F0%CB%18%A5%17%99H%EC%0A%8Fb%2FS%22%D8%1FPi%B3~-%A4q%D3%3Bl%1E%BF%D0%D4%5DQ%E2%E9%D7%CE%C2.%1C%D3o%E1f9%E9%CF8Jl%CF%98%91q%EA%82%1AF7%EEH%A68%1D%F2%10e%28%05V%D0%B7S%AF%A9I%16%06%D3%1D%CC%A9x%0F%D3%E6%E5%DE%00%00%F2%00%01%A2%03%E2%02%85%3F%CEUL%08m2%E5%A6%28%3Ew%CDb%836%8B%D9z%DA%5B%02%D776-%A5s%B2%09%84%40%00%02%BA%B5%057%D4%25%A0F%00%01%E2%01%DA%0A%950%81%9F0%0D%06%09%2A%86H%86%F7%0D%01%01%01%05%00%03%81%8D%000%81%89%02%81%81%00%C0%FB%16%1F%A6%9A%5E%A0%2A%D2%80%DA%8E%D9f%C1%85r%83t%A6%28P6%CC%20O%60%D9Pi%87%F3%F6%D7%8C%F8F%BFw%3C%08%10%FF%D8%02%3E%1B%03E%0B%24%D5T%3F%21T%FC%8Fl%5C%07%22%60o%AA%AF%8E%1E6%9A%7DvVbs%2C%BCrW-Z%0F%F1%9F%CA%DA%B3%E0%06%E9%81%F7-%01%16%D5%7D%DF%D4%21E%2F%B0%C1%A7%27%AF%C2%0C%B6%C3%EC%1C%BF%5D%82T%A5%DEa%C4%14%401%10%C6%23%02%03%01%00%01%00%00%00%01%9A%09%ED%05%8A%04%CA%BEselfreg%00%F2%FA%C5ccnx.org%00%FA%ADUsers%00%FA%A5user%00%FA%A5Keys%00%FA%02%B5%C1.M.K%00%3F%CEUL%08m2%E5%A6%28%3Ew%CDb%836%8B%D9z%DA%5B%02%D776-%A5s%B2%09%84%40%00%FA%BD%FD%04%FB%C93%60%00%00%00%03%E2%02%85%D7%C0.%E6%A2%06%2B%91%AF8hE%F6%C9U%84%F7%7D%A1%B3U%3F%CF%B4%1B%B0%85%A4%24x%11m%00%04%FA%8E3%00%03%D2%D62147483647%00%00%00%00 (590 bytes,scope=1)
1400717914.059951 ccnd[660]: version: 20090701, prefix_comps: 4, min_suffix_comps: 0, max_suffix_comps: 32767, orderpref: 0, answerfrom: 3, scope: 1, lifetime: 4.0000, excl: 0 bytes, etc: 0 bytes
1400717914.000000 ccnd[660]: 6001 ____________________ Thu May 22 00:18:34 2014
1400717914.059985 ccnd[660]: debug.3856 first_candidate ccnx:/%C1.M.S.localhost/%C1.M.SRV/ccnd/KEY/%C1.M.K%00%D7%C0.%E6%A2%06%2B%91%AF8hE%F6%C9U%84%F7%7D%A1%B3U%3F%CF%B4%1B%B0%85%A4%24x%11m/%FD%057%D4%23%5B%D8/%00/%FD%D0ac%A1%A0%28%3C%98%B6%90n%FDdds8%DC%DFsa%B2%A8%07%1C%99A%0A%0FGT. (611 bytes)
1400717914.060096 ccnd[660]: debug.3863 prefix_mismatch ccnx:/ccnx/%D7%C0.%E6%A2%06%2B%91%AF8hE%F6%C9U%84%F7%7D%A1%B3U%3F%CF%B4%1B%B0%85%A4%24x%11m/selfreg/%04%82%02%AA%03%B2%08%85%2B~1%88%F0y%87a%EB%0FK%E22%87%8A%BC~%28%CC%B4%EFq81%95%D5%7C%D9%84%9E%CE%F1X%A0%A11%8Dn%FA%F7%8F0%CB%18%A5%17%99H%EC%0A%8Fb%2FS%22%D8%1FPi%B3~-%A4q%D3%3Bl%1E%BF%D0%D4%5DQ%E2%E9%D7%CE%C2.%1C%D3o%E1f9%E9%CF8Jl%CF%98%91q%EA%82%1AF7%EEH%A68%1D%F2%10e%28%05V%D0%B7S%AF%A9I%16%06%D3%1D%CC%A9x%0F%D3%E6%E5%DE%00%00%F2%00%01%A2%03%E2%02%85%3F%CEUL%08m2%E5%A6%28%3Ew%CDb%836%8B%D9z%DA%5B%02%D776-%A5s%B2%09%84%40%00%02%BA%B5%057%D4%25%A0F%00%01%E2%01%DA%0A%950%81%9F0%0D%06%09%2A%86H%86%F7%0D%01%01%01%05%00%03%81%8D%000%81%89%02%81%81%00%C0%FB%16%1F%A6%9A%5E%A0%2A%D2%80%DA%8E%D9f%C1%85r%83t%A6%28P6%CC%20O%60%D9Pi%87%F3%F6%D7%8C%F8F%BFw%3C%08%10%FF%D8%02%3E%1B%03E%0B%24%D5T%3F%21T%FC%8Fl%5C%07%22%60o%AA%AF%8E%1E6%9A%7DvVbs%2C%BCrW-Z%0F%F1%9F%CA%DA%B3%E0%06%E9%81%F7-%01%16%D5%7D%DF%D4%21E%2F%B0%C1%A7%27%AF%C2%0C%B6%C3%EC%1C%BF%5D%82T%A5%DEa%C4%14%401%10%C6%23%02%03%01%00%01%00%00%00%01%9A%09%ED%05%8A%04%CA%BEselfreg%00%F2%FA%C5ccnx.org%00%FA%ADUsers%00%FA%A5user%00%FA%A5Keys%00%FA%02%B5%C1.M.K%00%3F%CEUL%08m2%E5%A6%28%3Ew%CDb%836%8B%D9z%DA%5B%02%D776-%A5s%B2%09%84%40%00%FA%BD%FD%04%FB%C93%60%00%00%00%03%E2%02%85%D7%C0.%E6%A2%06%2B%91%AF8hE%F6%C9U%84%F7%7D%A1%B3U%3F%CF%B4%1B%B0%85%A4%24x%11m%00%04%FA%8E3%00%03%D2%D62147483647%00%00%00%00 (590 bytes,scope=1)
1400717914.060120 ccnd[660]: fwd.3059 adding 0
1400717914.060128 ccnd[660]: outbound.3131 adding 0
1400717914.060218 ccnd[660]: debug.3523 0x1999db0.0of1,usec=2085+3997915 6 ccnx:/ccnx/%D7%C0.%E6%A2%06%2B%91%AF8hE%F6%C9U%84%F7%7D%A1%B3U%3F%CF%B4%1B%B0%85%A4%24x%11m/selfreg/%04%82%02%AA%03%B2%08%85%2B~1%88%F0y%87a%EB%0FK%E22%87%8A%BC~%28%CC%B4%EFq81%95%D5%7C%D9%84%9E%CE%F1X%A0%A11%8Dn%FA%F7%8F0%CB%18%A5%17%99H%EC%0A%8Fb%2FS%22%D8%1FPi%B3~-%A4q%D3%3Bl%1E%BF%D0%D4%5DQ%E2%E9%D7%CE%C2.%1C%D3o%E1f9%E9%CF8Jl%CF%98%91q%EA%82%1AF7%EEH%A68%1D%F2%10e%28%05V%D0%B7S%AF%A9I%16%06%D3%1D%CC%A9x%0F%D3%E6%E5%DE%00%00%F2%00%01%A2%03%E2%02%85%3F%CEUL%08m2%E5%A6%28%3Ew%CDb%836%8B%D9z%DA%5B%02%D776-%A5s%B2%09%84%40%00%02%BA%B5%057%D4%25%A0F%00%01%E2%01%DA%0A%950%81%9F0%0D%06%09%2A%86H%86%F7%0D%01%01%01%05%00%03%81%8D%000%81%89%02%81%81%00%C0%FB%16%1F%A6%9A%5E%A0%2A%D2%80%DA%8E%D9f%C1%85r%83t%A6%28P6%CC%20O%60%D9Pi%87%F3%F6%D7%8C%F8F%BFw%3C%08%10%FF%D8%02%3E%1B%03E%0B%24%D5T%3F%21T%FC%8Fl%5C%07%22%60o%AA%AF%8E%1E6%9A%7DvVbs%2C%BCrW-Z%0F%F1%9F%CA%DA%B3%E0%06%E9%81%F7-%01%16%D5%7D%DF%D4%21E%2F%B0%C1%A7%27%AF%C2%0C%B6%C3%EC%1C%BF%5D%82T%A5%DEa%C4%14%401%10%C6%23%02%03%01%00%01%00%00%00%01%9A%09%ED%05%8A%04%CA%BEselfreg%00%F2%FA%C5ccnx.org%00%FA%ADUsers%00%FA%A5user%00%FA%A5Keys%00%FA%02%B5%C1.M.K%00%3F%CEUL%08m2%E5%A6%28%3Ew%CDb%836%8B%D9z%DA%5B%02%D776-%A5s%B2%09%84%40%00%FA%BD%FD%04%FB%C93%60%00%00%00%03%E2%02%85%D7%C0.%E6%A2%06%2B%91%AF8hE%F6%C9U%84%F7%7D%A1%B3U%3F%CF%B4%1B%B0%85%A4%24x%11m%00%04%FA%8E3%00%03%D2%D62147483647%00%00%00%00 (606 bytes,scope=1) D7C02E-0294-0006-59EF-904B59
1400717914.063391 ccnd[660]: debug.3210 interest_to 0 ccnx:/ccnx/%D7%C0.%E6%A2%06%2B%91%AF8hE%F6%C9U%84%F7%7D%A1%B3U%3F%CF%B4%1B%B0%85%A4%24x%11m/selfreg/%04%82%02%AA%03%B2%08%85%2B~1%88%F0y%87a%EB%0FK%E22%87%8A%BC~%28%CC%B4%EFq81%95%D5%7C%D9%84%9E%CE%F1X%A0%A11%8Dn%FA%F7%8F0%CB%18%A5%17%99H%EC%0A%8Fb%2FS%22%D8%1FPi%B3~-%A4q%D3%3Bl%1E%BF%D0%D4%5DQ%E2%E9%D7%CE%C2.%1C%D3o%E1f9%E9%CF8Jl%CF%98%91q%EA%82%1AF7%EEH%A68%1D%F2%10e%28%05V%D0%B7S%AF%A9I%16%06%D3%1D%CC%A9x%0F%D3%E6%E5%DE%00%00%F2%00%01%A2%03%E2%02%85%3F%CEUL%08m2%E5%A6%28%3Ew%CDb%836%8B%D9z%DA%5B%02%D776-%A5s%B2%09%84%40%00%02%BA%B5%057%D4%25%A0F%00%01%E2%01%DA%0A%950%81%9F0%0D%06%09%2A%86H%86%F7%0D%01%01%01%05%00%03%81%8D%000%81%89%02%81%81%00%C0%FB%16%1F%A6%9A%5E%A0%2A%D2%80%DA%8E%D9f%C1%85r%83t%A6%28P6%CC%20O%60%D9Pi%87%F3%F6%D7%8C%F8F%BFw%3C%08%10%FF%D8%02%3E%1B%03E%0B%24%D5T%3F%21T%FC%8Fl%5C%07%22%60o%AA%AF%8E%1E6%9A%7DvVbs%2C%BCrW-Z%0F%F1%9F%CA%DA%B3%E0%06%E9%81%F7-%01%16%D5%7D%DF%D4%21E%2F%B0%C1%A7%27%AF%C2%0C%B6%C3%EC%1C%BF%5D%82T%A5%DEa%C4%14%401%10%C6%23%02%03%01%00%01%00%00%00%01%9A%09%ED%05%8A%04%CA%BEselfreg%00%F2%FA%C5ccnx.org%00%FA%ADUsers%00%FA%A5user%00%FA%A5Keys%00%FA%02%B5%C1.M.K%00%3F%CEUL%08m2%E5%A6%28%3Ew%CDb%836%8B%D9z%DA%5B%02%D776-%A5s%B2%09%84%40%00%FA%BD%FD%04%FB%C93%60%00%00%00%03%E2%02%85%D7%C0.%E6%A2%06%2B%91%AF8hE%F6%C9U%84%F7%7D%A1%B3U%3F%CF%B4%1B%B0%85%A4%24x%11m%00%04%FA%8E3%00%03%D2%D62147483647%00%00%00%00 (606 bytes,scope=1) D7C02E-0294-0006-59EF-904B59
1400717914.063494 ccnd[660]: debug.158 ccnd_answer_req ccnx:/ccnx/%D7%C0.%E6%A2%06%2B%91%AF8hE%F6%C9U%84%F7%7D%A1%B3U%3F%CF%B4%1B%B0%85%A4%24x%11m/selfreg/%04%82%02%AA%03%B2%08%85%2B~1%88%F0y%87a%EB%0FK%E22%87%8A%BC~%28%CC%B4%EFq81%95%D5%7C%D9%84%9E%CE%F1X%A0%A11%8Dn%FA%F7%8F0%CB%18%A5%17%99H%EC%0A%8Fb%2FS%22%D8%1FPi%B3~-%A4q%D3%3Bl%1E%BF%D0%D4%5DQ%E2%E9%D7%CE%C2.%1C%D3o%E1f9%E9%CF8Jl%CF%98%91q%EA%82%1AF7%EEH%A68%1D%F2%10e%28%05V%D0%B7S%AF%A9I%16%06%D3%1D%CC%A9x%0F%D3%E6%E5%DE%00%00%F2%00%01%A2%03%E2%02%85%3F%CEUL%08m2%E5%A6%28%3Ew%CDb%836%8B%D9z%DA%5B%02%D776-%A5s%B2%09%84%40%00%02%BA%B5%057%D4%25%A0F%00%01%E2%01%DA%0A%950%81%9F0%0D%06%09%2A%86H%86%F7%0D%01%01%01%05%00%03%81%8D%000%81%89%02%81%81%00%C0%FB%16%1F%A6%9A%5E%A0%2A%D2%80%DA%8E%D9f%C1%85r%83t%A6%28P6%CC%20O%60%D9Pi%87%F3%F6%D7%8C%F8F%BFw%3C%08%10%FF%D8%02%3E%1B%03E%0B%24%D5T%3F%21T%FC%8Fl%5C%07%22%60o%AA%AF%8E%1E6%9A%7DvVbs%2C%BCrW-Z%0F%F1%9F%CA%DA%B3%E0%06%E9%81%F7-%01%16%D5%7D%DF%D4%21E%2F%B0%C1%A7%27%AF%C2%0C%B6%C3%EC%1C%BF%5D%82T%A5%DEa%C4%14%401%10%C6%23%02%03%01%00%01%00%00%00%01%9A%09%ED%05%8A%04%CA%BEselfreg%00%F2%FA%C5ccnx.org%00%FA%ADUsers%00%FA%A5user%00%FA%A5Keys%00%FA%02%B5%C1.M.K%00%3F%CEUL%08m2%E5%A6%28%3Ew%CDb%836%8B%D9z%DA%5B%02%D776-%A5s%B2%09%84%40%00%FA%BD%FD%04%FB%C93%60%00%00%00%03%E2%02%85%D7%C0.%E6%A2%06%2B%91%AF8hE%F6%C9U%84%F7%7D%A1%B3U%3F%CF%B4%1B%B0%85%A4%24x%11m%00%04%FA%8E3%00%03%D2%D62147483647%00%00%00%00 (606 bytes,scope=1) D7C02E-0294-0006-59EF-904B59
1400717914.063652 ccnd[660]: debug.2428 prefix,ff=3 6 ccnx:/ccnx.org/Users/user/Keys/%C1.M.K%00%3F%CEUL%08m2%E5%A6%28%3Ew%CDb%836%8B%D9z%DA%5B%02%D776-%A5s%B2%09%84%40/%FD%04%FB%C93%60%00 (87 bytes)
1400717914.064354 ccnd[660]: debug.280 ccnd_answer_req_response ccnx:/ccnx/%D7%C0.%E6%A2%06%2B%91%AF8hE%F6%C9U%84%F7%7D%A1%B3U%3F%CF%B4%1B%B0%85%A4%24x%11m/selfreg/%04%82%02%AA%03%B2%08%85%2B~1%88%F0y%87a%EB%0FK%E22%87%8A%BC~%28%CC%B4%EFq81%95%D5%7C%D9%84%9E%CE%F1X%A0%A11%8Dn%FA%F7%8F0%CB%18%A5%17%99H%EC%0A%8Fb%2FS%22%D8%1FPi%B3~-%A4q%D3%3Bl%1E%BF%D0%D4%5DQ%E2%E9%D7%CE%C2.%1C%D3o%E1f9%E9%CF8Jl%CF%98%91q%EA%82%1AF7%EEH%A68%1D%F2%10e%28%05V%D0%B7S%AF%A9I%16%06%D3%1D%CC%A9x%0F%D3%E6%E5%DE%00%00%F2%00%01%A2%03%E2%02%85%3F%CEUL%08m2%E5%A6%28%3Ew%CDb%836%8B%D9z%DA%5B%02%D776-%A5s%B2%09%84%40%00%02%BA%B5%057%D4%25%A0F%00%01%E2%01%DA%0A%950%81%9F0%0D%06%09%2A%86H%86%F7%0D%01%01%01%05%00%03%81%8D%000%81%89%02%81%81%00%C0%FB%16%1F%A6%9A%5E%A0%2A%D2%80%DA%8E%D9f%C1%85r%83t%A6%28P6%CC%20O%60%D9Pi%87%F3%F6%D7%8C%F8F%BFw%3C%08%10%FF%D8%02%3E%1B%03E%0B%24%D5T%3F%21T%FC%8Fl%5C%07%22%60o%AA%AF%8E%1E6%9A%7DvVbs%2C%BCrW-Z%0F%F1%9F%CA%DA%B3%E0%06%E9%81%F7-%01%16%D5%7D%DF%D4%21E%2F%B0%C1%A7%27%AF%C2%0C%B6%C3%EC%1C%BF%5D%82T%A5%DEa%C4%14%401%10%C6%23%02%03%01%00%01%00%00%00%01%9A%09%ED%05%8A%04%CA%BEselfreg%00%F2%FA%C5ccnx.org%00%FA%ADUsers%00%FA%A5user%00%FA%A5Keys%00%FA%02%B5%C1.M.K%00%3F%CEUL%08m2%E5%A6%28%3Ew%CDb%836%8B%D9z%DA%5B%02%D776-%A5s%B2%09%84%40%00%FA%BD%FD%04%FB%C93%60%00%00%00%03%E2%02%85%D7%C0.%E6%A2%06%2B%91%AF8hE%F6%C9U%84%F7%7D%A1%B3U%3F%CF%B4%1B%B0%85%A4%24x%11m%00%04%FA%8E3%00%03%D2%D62147483647%00%00%00%00 (1103 bytes)
1400717914.064462 ccnd[660]: debug.4109 content_from 0 ccnx:/ccnx/%D7%C0.%E6%A2%06%2B%91%AF8hE%F6%C9U%84%F7%7D%A1%B3U%3F%CF%B4%1B%B0%85%A4%24x%11m/selfreg/%04%82%02%AA%03%B2%08%85%2B~1%88%F0y%87a%EB%0FK%E22%87%8A%BC~%28%CC%B4%EFq81%95%D5%7C%D9%84%9E%CE%F1X%A0%A11%8Dn%FA%F7%8F0%CB%18%A5%17%99H%EC%0A%8Fb%2FS%22%D8%1FPi%B3~-%A4q%D3%3Bl%1E%BF%D0%D4%5DQ%E2%E9%D7%CE%C2.%1C%D3o%E1f9%E9%CF8Jl%CF%98%91q%EA%82%1AF7%EEH%A68%1D%F2%10e%28%05V%D0%B7S%AF%A9I%16%06%D3%1D%CC%A9x%0F%D3%E6%E5%DE%00%00%F2%00%01%A2%03%E2%02%85%3F%CEUL%08m2%E5%A6%28%3Ew%CDb%836%8B%D9z%DA%5B%02%D776-%A5s%B2%09%84%40%00%02%BA%B5%057%D4%25%A0F%00%01%E2%01%DA%0A%950%81%9F0%0D%06%09%2A%86H%86%F7%0D%01%01%01%05%00%03%81%8D%000%81%89%02%81%81%00%C0%FB%16%1F%A6%9A%5E%A0%2A%D2%80%DA%8E%D9f%C1%85r%83t%A6%28P6%CC%20O%60%D9Pi%87%F3%F6%D7%8C%F8F%BFw%3C%08%10%FF%D8%02%3E%1B%03E%0B%24%D5T%3F%21T%FC%8Fl%5C%07%22%60o%AA%AF%8E%1E6%9A%7DvVbs%2C%BCrW-Z%0F%F1%9F%CA%DA%B3%E0%06%E9%81%F7-%01%16%D5%7D%DF%D4%21E%2F%B0%C1%A7%27%AF%C2%0C%B6%C3%EC%1C%BF%5D%82T%A5%DEa%C4%14%401%10%C6%23%02%03%01%00%01%00%00%00%01%9A%09%ED%05%8A%04%CA%BEselfreg%00%F2%FA%C5ccnx.org%00%FA%ADUsers%00%FA%A5user%00%FA%A5Keys%00%FA%02%B5%C1.M.K%00%3F%CEUL%08m2%E5%A6%28%3Ew%CDb%836%8B%D9z%DA%5B%02%D776-%A5s%B2%09%84%40%00%FA%BD%FD%04%FB%C93%60%00%00%00%03%E2%02%85%D7%C0.%E6%A2%06%2B%91%AF8hE%F6%C9U%84%F7%7D%A1%B3U%3F%CF%B4%1B%B0%85%A4%24x%11m%00%04%FA%8E3%00%03%D2%D62147483647%00%00%00%00/W%EA%28%98%E2%82%5EW%B9%98%9FF%F0%A9%23%C3%5C%9B%E6%D0%0D%AA0%F1q%B0%7D%0A%29%14p%CF (1139 bytes)
1400717914.064495 ccnd[660]: fwd.3059 adding 0
1400717914.064508 ccnd[660]: face 6 q 0 delay 3 usec
1400717914.064595 ccnd[660]: debug.1526 consume 6 ccnx:/ccnx/%D7%C0.%E6%A2%06%2B%91%AF8hE%F6%C9U%84%F7%7D%A1%B3U%3F%CF%B4%1B%B0%85%A4%24x%11m/selfreg/%04%82%02%AA%03%B2%08%85%2B~1%88%F0y%87a%EB%0FK%E22%87%8A%BC~%28%CC%B4%EFq81%95%D5%7C%D9%84%9E%CE%F1X%A0%A11%8Dn%FA%F7%8F0%CB%18%A5%17%99H%EC%0A%8Fb%2FS%22%D8%1FPi%B3~-%A4q%D3%3Bl%1E%BF%D0%D4%5DQ%E2%E9%D7%CE%C2.%1C%D3o%E1f9%E9%CF8Jl%CF%98%91q%EA%82%1AF7%EEH%A68%1D%F2%10e%28%05V%D0%B7S%AF%A9I%16%06%D3%1D%CC%A9x%0F%D3%E6%E5%DE%00%00%F2%00%01%A2%03%E2%02%85%3F%CEUL%08m2%E5%A6%28%3Ew%CDb%836%8B%D9z%DA%5B%02%D776-%A5s%B2%09%84%40%00%02%BA%B5%057%D4%25%A0F%00%01%E2%01%DA%0A%950%81%9F0%0D%06%09%2A%86H%86%F7%0D%01%01%01%05%00%03%81%8D%000%81%89%02%81%81%00%C0%FB%16%1F%A6%9A%5E%A0%2A%D2%80%DA%8E%D9f%C1%85r%83t%A6%28P6%CC%20O%60%D9Pi%87%F3%F6%D7%8C%F8F%BFw%3C%08%10%FF%D8%02%3E%1B%03E%0B%24%D5T%3F%21T%FC%8Fl%5C%07%22%60o%AA%AF%8E%1E6%9A%7DvVbs%2C%BCrW-Z%0F%F1%9F%CA%DA%B3%E0%06%E9%81%F7-%01%16%D5%7D%DF%D4%21E%2F%B0%C1%A7%27%AF%C2%0C%B6%C3%EC%1C%BF%5D%82T%A5%DEa%C4%14%401%10%C6%23%02%03%01%00%01%00%00%00%01%9A%09%ED%05%8A%04%CA%BEselfreg%00%F2%FA%C5ccnx.org%00%FA%ADUsers%00%FA%A5user%00%FA%A5Keys%00%FA%02%B5%C1.M.K%00%3F%CEUL%08m2%E5%A6%28%3Ew%CDb%836%8B%D9z%DA%5B%02%D776-%A5s%B2%09%84%40%00%FA%BD%FD%04%FB%C93%60%00%00%00%03%E2%02%85%D7%C0.%E6%A2%06%2B%91%AF8hE%F6%C9U%84%F7%7D%A1%B3U%3F%CF%B4%1B%B0%85%A4%24x%11m%00%04%FA%8E3%00%03%D2%D62147483647%00%00%00%00 (606 bytes,scope=1) D7C02E-0294-0006-59EF-904B59
1400717914.064605 ccnd[660]: sl.1598 0 ci=4 osrc=4294967295 src=0 usec=10142
1400717914.064612 ccnd[660]: fwd.3059 adding 0
1400717914.064619 ccnd[660]: sl.1598 0 ci=3 osrc=4294967295 src=0 usec=10142
1400717914.064626 ccnd[660]: fwd.3059 adding 0
1400717914.064716 ccnd[660]: debug.1268 content_to 6 ccnx:/ccnx/%D7%C0.%E6%A2%06%2B%91%AF8hE%F6%C9U%84%F7%7D%A1%B3U%3F%CF%B4%1B%B0%85%A4%24x%11m/selfreg/%04%82%02%AA%03%B2%08%85%2B~1%88%F0y%87a%EB%0FK%E22%87%8A%BC~%28%CC%B4%EFq81%95%D5%7C%D9%84%9E%CE%F1X%A0%A11%8Dn%FA%F7%8F0%CB%18%A5%17%99H%EC%0A%8Fb%2FS%22%D8%1FPi%B3~-%A4q%D3%3Bl%1E%BF%D0%D4%5DQ%E2%E9%D7%CE%C2.%1C%D3o%E1f9%E9%CF8Jl%CF%98%91q%EA%82%1AF7%EEH%A68%1D%F2%10e%28%05V%D0%B7S%AF%A9I%16%06%D3%1D%CC%A9x%0F%D3%E6%E5%DE%00%00%F2%00%01%A2%03%E2%02%85%3F%CEUL%08m2%E5%A6%28%3Ew%CDb%836%8B%D9z%DA%5B%02%D776-%A5s%B2%09%84%40%00%02%BA%B5%057%D4%25%A0F%00%01%E2%01%DA%0A%950%81%9F0%0D%06%09%2A%86H%86%F7%0D%01%01%01%05%00%03%81%8D%000%81%89%02%81%81%00%C0%FB%16%1F%A6%9A%5E%A0%2A%D2%80%DA%8E%D9f%C1%85r%83t%A6%28P6%CC%20O%60%D9Pi%87%F3%F6%D7%8C%F8F%BFw%3C%08%10%FF%D8%02%3E%1B%03E%0B%24%D5T%3F%21T%FC%8Fl%5C%07%22%60o%AA%AF%8E%1E6%9A%7DvVbs%2C%BCrW-Z%0F%F1%9F%CA%DA%B3%E0%06%E9%81%F7-%01%16%D5%7D%DF%D4%21E%2F%B0%C1%A7%27%AF%C2%0C%B6%C3%EC%1C%BF%5D%82T%A5%DEa%C4%14%401%10%C6%23%02%03%01%00%01%00%00%00%01%9A%09%ED%05%8A%04%CA%BEselfreg%00%F2%FA%C5ccnx.org%00%FA%ADUsers%00%FA%A5user%00%FA%A5Keys%00%FA%02%B5%C1.M.K%00%3F%CEUL%08m2%E5%A6%28%3Ew%CDb%836%8B%D9z%DA%5B%02%D776-%A5s%B2%09%84%40%00%FA%BD%FD%04%FB%C93%60%00%00%00%03%E2%02%85%D7%C0.%E6%A2%06%2B%91%AF8hE%F6%C9U%84%F7%7D%A1%B3U%3F%CF%B4%1B%B0%85%A4%24x%11m%00%04%FA%8E3%00%03%D2%D62147483647%00%00%00%00/W%EA%28%98%E2%82%5EW%B9%98%9FF%F0%A9%23%C3%5C%9B%E6%D0%0D%AA0%F1q%B0%7D%0A%29%14p%CF (1139 bytes)
1400717914.162187 ccnd[660]: debug.3807 interest_from 6 ccnx:/ccnx/%D7%C0.%E6%A2%06%2B%91%AF8hE%F6%C9U%84%F7%7D%A1%B3U%3F%CF%B4%1B%B0%85%A4%24x%11m/selfreg/%04%82%02%AA%03%B2%08%85%82%CC%12%82%22%8A%1D%AE%5E%E4R%CF%DC%A7%D0L%A5%22%DFLC%F0r%06%5Df0%D0.%2CW%FCc%FF%B9%CC%95%23%99e%83SC%13P%C9%BAoh%9Czh%E5%28%AE%3Bk%F9p%0F%91%B1cX%7C%CA%0D%83%FA%29%FD%2F%99E%23%E2%C9%3C%A5%CEo%D6%C7%ED%2C%E1%F8%E3f%D6%ECe%E4%3D%97%BB%F3%3B%18K%1E%9E%1BA%AFF%15pIj%BBB%DF4%A7%FD%0AR%B5g%23%EB%1A%2C.%DA%F7%DA%00%00%F2%00%01%A2%03%E2%02%85%3F%CEUL%08m2%E5%A6%28%3Ew%CDb%836%8B%D9z%DA%5B%02%D776-%A5s%B2%09%84%40%00%02%BA%B5%057%D4%25%A2V%00%01%E2%01%DA%0A%950%81%9F0%0D%06%09%2A%86H%86%F7%0D%01%01%01%05%00%03%81%8D%000%81%89%02%81%81%00%C0%FB%16%1F%A6%9A%5E%A0%2A%D2%80%DA%8E%D9f%C1%85r%83t%A6%28P6%CC%20O%60%D9Pi%87%F3%F6%D7%8C%F8F%BFw%3C%08%10%FF%D8%02%3E%1B%03E%0B%24%D5T%3F%21T%FC%8Fl%5C%07%22%60o%AA%AF%8E%1E6%9A%7DvVbs%2C%BCrW-Z%0F%F1%9F%CA%DA%B3%E0%06%E9%81%F7-%01%16%D5%7D%DF%D4%21E%2F%B0%C1%A7%27%AF%C2%0C%B6%C3%EC%1C%BF%5D%82T%A5%DEa%C4%14%401%10%C6%23%02%03%01%00%01%00%00%00%01%9A%05%9D%05%8A%04%CA%BEselfreg%00%F2%FA%A5test%00%FA%8D1%00%00%03%E2%02%85%D7%C0.%E6%A2%06%2B%91%AF8hE%F6%C9U%84%F7%7D%A1%B3U%3F%CF%B4%1B%B0%85%A4%24x%11m%00%04%FA%8E3%00%03%D2%D62147483647%00%00%00%00 (516 bytes,scope=1)
1400717914.162232 ccnd[660]: version: 20090701, prefix_comps: 4, min_suffix_comps: 0, max_suffix_comps: 32767, orderpref: 0, answerfrom: 3, scope: 1, lifetime: 4.0000, excl: 0 bytes, etc: 0 bytes
1400717914.162330 ccnd[660]: debug.3856 first_candidate ccnx:/ccnx/%D7%C0.%E6%A2%06%2B%91%AF8hE%F6%C9U%84%F7%7D%A1%B3U%3F%CF%B4%1B%B0%85%A4%24x%11m/selfreg/%04%82%02%AA%03%B2%08%85%2B~1%88%F0y%87a%EB%0FK%E22%87%8A%BC~%28%CC%B4%EFq81%95%D5%7C%D9%84%9E%CE%F1X%A0%A11%8Dn%FA%F7%8F0%CB%18%A5%17%99H%EC%0A%8Fb%2FS%22%D8%1FPi%B3~-%A4q%D3%3Bl%1E%BF%D0%D4%5DQ%E2%E9%D7%CE%C2.%1C%D3o%E1f9%E9%CF8Jl%CF%98%91q%EA%82%1AF7%EEH%A68%1D%F2%10e%28%05V%D0%B7S%AF%A9I%16%06%D3%1D%CC%A9x%0F%D3%E6%E5%DE%00%00%F2%00%01%A2%03%E2%02%85%3F%CEUL%08m2%E5%A6%28%3Ew%CDb%836%8B%D9z%DA%5B%02%D776-%A5s%B2%09%84%40%00%02%BA%B5%057%D4%25%A0F%00%01%E2%01%DA%0A%950%81%9F0%0D%06%09%2A%86H%86%F7%0D%01%01%01%05%00%03%81%8D%000%81%89%02%81%81%00%C0%FB%16%1F%A6%9A%5E%A0%2A%D2%80%DA%8E%D9f%C1%85r%83t%A6%28P6%CC%20O%60%D9Pi%87%F3%F6%D7%8C%F8F%BFw%3C%08%10%FF%D8%02%3E%1B%03E%0B%24%D5T%3F%21T%FC%8Fl%5C%07%22%60o%AA%AF%8E%1E6%9A%7DvVbs%2C%BCrW-Z%0F%F1%9F%CA%DA%B3%E0%06%E9%81%F7-%01%16%D5%7D%DF%D4%21E%2F%B0%C1%A7%27%AF%C2%0C%B6%C3%EC%1C%BF%5D%82T%A5%DEa%C4%14%401%10%C6%23%02%03%01%00%01%00%00%00%01%9A%09%ED%05%8A%04%CA%BEselfreg%00%F2%FA%C5ccnx.org%00%FA%ADUsers%00%FA%A5user%00%FA%A5Keys%00%FA%02%B5%C1.M.K%00%3F%CEUL%08m2%E5%A6%28%3Ew%CDb%836%8B%D9z%DA%5B%02%D776-%A5s%B2%09%84%40%00%FA%BD%FD%04%FB%C93%60%00%00%00%03%E2%02%85%D7%C0.%E6%A2%06%2B%91%AF8hE%F6%C9U%84%F7%7D%A1%B3U%3F%CF%B4%1B%B0%85%A4%24x%11m%00%04%FA%8E3%00%03%D2%D62147483647%00%00%00%00/W%EA%28%98%E2%82%5EW%B9%98%9FF%F0%A9%23%C3%5C%9B%E6%D0%0D%AA0%F1q%B0%7D%0A%29%14p%CF (1139 bytes)
1400717914.162408 ccnd[660]: debug.3863 prefix_mismatch ccnx:/ccnx/%D7%C0.%E6%A2%06%2B%91%AF8hE%F6%C9U%84%F7%7D%A1%B3U%3F%CF%B4%1B%B0%85%A4%24x%11m/selfreg/%04%82%02%AA%03%B2%08%85%82%CC%12%82%22%8A%1D%AE%5E%E4R%CF%DC%A7%D0L%A5%22%DFLC%F0r%06%5Df0%D0.%2CW%FCc%FF%B9%CC%95%23%99e%83SC%13P%C9%BAoh%9Czh%E5%28%AE%3Bk%F9p%0F%91%B1cX%7C%CA%0D%83%FA%29%FD%2F%99E%23%E2%C9%3C%A5%CEo%D6%C7%ED%2C%E1%F8%E3f%D6%ECe%E4%3D%97%BB%F3%3B%18K%1E%9E%1BA%AFF%15pIj%BBB%DF4%A7%FD%0AR%B5g%23%EB%1A%2C.%DA%F7%DA%00%00%F2%00%01%A2%03%E2%02%85%3F%CEUL%08m2%E5%A6%28%3Ew%CDb%836%8B%D9z%DA%5B%02%D776-%A5s%B2%09%84%40%00%02%BA%B5%057%D4%25%A2V%00%01%E2%01%DA%0A%950%81%9F0%0D%06%09%2A%86H%86%F7%0D%01%01%01%05%00%03%81%8D%000%81%89%02%81%81%00%C0%FB%16%1F%A6%9A%5E%A0%2A%D2%80%DA%8E%D9f%C1%85r%83t%A6%28P6%CC%20O%60%D9Pi%87%F3%F6%D7%8C%F8F%BFw%3C%08%10%FF%D8%02%3E%1B%03E%0B%24%D5T%3F%21T%FC%8Fl%5C%07%22%60o%AA%AF%8E%1E6%9A%7DvVbs%2C%BCrW-Z%0F%F1%9F%CA%DA%B3%E0%06%E9%81%F7-%01%16%D5%7D%DF%D4%21E%2F%B0%C1%A7%27%AF%C2%0C%B6%C3%EC%1C%BF%5D%82T%A5%DEa%C4%14%401%10%C6%23%02%03%01%00%01%00%00%00%01%9A%05%9D%05%8A%04%CA%BEselfreg%00%F2%FA%A5test%00%FA%8D1%00%00%03%E2%02%85%D7%C0.%E6%A2%06%2B%91%AF8hE%F6%C9U%84%F7%7D%A1%B3U%3F%CF%B4%1B%B0%85%A4%24x%11m%00%04%FA%8E3%00%03%D2%D62147483647%00%00%00%00 (516 bytes,scope=1)
1400717914.162418 ccnd[660]: outbound.3131 adding 0
1400717914.162501 ccnd[660]: debug.3523 0x199ef60.0of1,usec=22+3999978 6 ccnx:/ccnx/%D7%C0.%E6%A2%06%2B%91%AF8hE%F6%C9U%84%F7%7D%A1%B3U%3F%CF%B4%1B%B0%85%A4%24x%11m/selfreg/%04%82%02%AA%03%B2%08%85%82%CC%12%82%22%8A%1D%AE%5E%E4R%CF%DC%A7%D0L%A5%22%DFLC%F0r%06%5Df0%D0.%2CW%FCc%FF%B9%CC%95%23%99e%83SC%13P%C9%BAoh%9Czh%E5%28%AE%3Bk%F9p%0F%91%B1cX%7C%CA%0D%83%FA%29%FD%2F%99E%23%E2%C9%3C%A5%CEo%D6%C7%ED%2C%E1%F8%E3f%D6%ECe%E4%3D%97%BB%F3%3B%18K%1E%9E%1BA%AFF%15pIj%BBB%DF4%A7%FD%0AR%B5g%23%EB%1A%2C.%DA%F7%DA%00%00%F2%00%01%A2%03%E2%02%85%3F%CEUL%08m2%E5%A6%28%3Ew%CDb%836%8B%D9z%DA%5B%02%D776-%A5s%B2%09%84%40%00%02%BA%B5%057%D4%25%A2V%00%01%E2%01%DA%0A%950%81%9F0%0D%06%09%2A%86H%86%F7%0D%01%01%01%05%00%03%81%8D%000%81%89%02%81%81%00%C0%FB%16%1F%A6%9A%5E%A0%2A%D2%80%DA%8E%D9f%C1%85r%83t%A6%28P6%CC%20O%60%D9Pi%87%F3%F6%D7%8C%F8F%BFw%3C%08%10%FF%D8%02%3E%1B%03E%0B%24%D5T%3F%21T%FC%8Fl%5C%07%22%60o%AA%AF%8E%1E6%9A%7DvVbs%2C%BCrW-Z%0F%F1%9F%CA%DA%B3%E0%06%E9%81%F7-%01%16%D5%7D%DF%D4%21E%2F%B0%C1%A7%27%AF%C2%0C%B6%C3%EC%1C%BF%5D%82T%A5%DEa%C4%14%401%10%C6%23%02%03%01%00%01%00%00%00%01%9A%05%9D%05%8A%04%CA%BEselfreg%00%F2%FA%A5test%00%FA%8D1%00%00%03%E2%02%85%D7%C0.%E6%A2%06%2B%91%AF8hE%F6%C9U%84%F7%7D%A1%B3U%3F%CF%B4%1B%B0%85%A4%24x%11m%00%04%FA%8E3%00%03%D2%D62147483647%00%00%00%00 (532 bytes,scope=1) D7C02E-0294-0006-5A10-AF5451
1400717914.163669 ccnd[660]: debug.3210 interest_to 0 ccnx:/ccnx/%D7%C0.%E6%A2%06%2B%91%AF8hE%F6%C9U%84%F7%7D%A1%B3U%3F%CF%B4%1B%B0%85%A4%24x%11m/selfreg/%04%82%02%AA%03%B2%08%85%82%CC%12%82%22%8A%1D%AE%5E%E4R%CF%DC%A7%D0L%A5%22%DFLC%F0r%06%5Df0%D0.%2CW%FCc%FF%B9%CC%95%23%99e%83SC%13P%C9%BAoh%9Czh%E5%28%AE%3Bk%F9p%0F%91%B1cX%7C%CA%0D%83%FA%29%FD%2F%99E%23%E2%C9%3C%A5%CEo%D6%C7%ED%2C%E1%F8%E3f%D6%ECe%E4%3D%97%BB%F3%3B%18K%1E%9E%1BA%AFF%15pIj%BBB%DF4%A7%FD%0AR%B5g%23%EB%1A%2C.%DA%F7%DA%00%00%F2%00%01%A2%03%E2%02%85%3F%CEUL%08m2%E5%A6%28%3Ew%CDb%836%8B%D9z%DA%5B%02%D776-%A5s%B2%09%84%40%00%02%BA%B5%057%D4%25%A2V%00%01%E2%01%DA%0A%950%81%9F0%0D%06%09%2A%86H%86%F7%0D%01%01%01%05%00%03%81%8D%000%81%89%02%81%81%00%C0%FB%16%1F%A6%9A%5E%A0%2A%D2%80%DA%8E%D9f%C1%85r%83t%A6%28P6%CC%20O%60%D9Pi%87%F3%F6%D7%8C%F8F%BFw%3C%08%10%FF%D8%02%3E%1B%03E%0B%24%D5T%3F%21T%FC%8Fl%5C%07%22%60o%AA%AF%8E%1E6%9A%7DvVbs%2C%BCrW-Z%0F%F1%9F%CA%DA%B3%E0%06%E9%81%F7-%01%16%D5%7D%DF%D4%21E%2F%B0%C1%A7%27%AF%C2%0C%B6%C3%EC%1C%BF%5D%82T%A5%DEa%C4%14%401%10%C6%23%02%03%01%00%01%00%00%00%01%9A%05%9D%05%8A%04%CA%BEselfreg%00%F2%FA%A5test%00%FA%8D1%00%00%03%E2%02%85%D7%C0.%E6%A2%06%2B%91%AF8hE%F6%C9U%84%F7%7D%A1%B3U%3F%CF%B4%1B%B0%85%A4%24x%11m%00%04%FA%8E3%00%03%D2%D62147483647%00%00%00%00 (532 bytes,scope=1) D7C02E-0294-0006-5A10-AF5451
1400717914.163760 ccnd[660]: debug.158 ccnd_answer_req ccnx:/ccnx/%D7%C0.%E6%A2%06%2B%91%AF8hE%F6%C9U%84%F7%7D%A1%B3U%3F%CF%B4%1B%B0%85%A4%24x%11m/selfreg/%04%82%02%AA%03%B2%08%85%82%CC%12%82%22%8A%1D%AE%5E%E4R%CF%DC%A7%D0L%A5%22%DFLC%F0r%06%5Df0%D0.%2CW%FCc%FF%B9%CC%95%23%99e%83SC%13P%C9%BAoh%9Czh%E5%28%AE%3Bk%F9p%0F%91%B1cX%7C%CA%0D%83%FA%29%FD%2F%99E%23%E2%C9%3C%A5%CEo%D6%C7%ED%2C%E1%F8%E3f%D6%ECe%E4%3D%97%BB%F3%3B%18K%1E%9E%1BA%AFF%15pIj%BBB%DF4%A7%FD%0AR%B5g%23%EB%1A%2C.%DA%F7%DA%00%00%F2%00%01%A2%03%E2%02%85%3F%CEUL%08m2%E5%A6%28%3Ew%CDb%836%8B%D9z%DA%5B%02%D776-%A5s%B2%09%84%40%00%02%BA%B5%057%D4%25%A2V%00%01%E2%01%DA%0A%950%81%9F0%0D%06%09%2A%86H%86%F7%0D%01%01%01%05%00%03%81%8D%000%81%89%02%81%81%00%C0%FB%16%1F%A6%9A%5E%A0%2A%D2%80%DA%8E%D9f%C1%85r%83t%A6%28P6%CC%20O%60%D9Pi%87%F3%F6%D7%8C%F8F%BFw%3C%08%10%FF%D8%02%3E%1B%03E%0B%24%D5T%3F%21T%FC%8Fl%5C%07%22%60o%AA%AF%8E%1E6%9A%7DvVbs%2C%BCrW-Z%0F%F1%9F%CA%DA%B3%E0%06%E9%81%F7-%01%16%D5%7D%DF%D4%21E%2F%B0%C1%A7%27%AF%C2%0C%B6%C3%EC%1C%BF%5D%82T%A5%DEa%C4%14%401%10%C6%23%02%03%01%00%01%00%00%00%01%9A%05%9D%05%8A%04%CA%BEselfreg%00%F2%FA%A5test%00%FA%8D1%00%00%03%E2%02%85%D7%C0.%E6%A2%06%2B%91%AF8hE%F6%C9U%84%F7%7D%A1%B3U%3F%CF%B4%1B%B0%85%A4%24x%11m%00%04%FA%8E3%00%03%D2%D62147483647%00%00%00%00 (532 bytes,scope=1) D7C02E-0294-0006-5A10-AF5451
1400717914.163858 ccnd[660]: debug.2428 prefix,ff=3 6 ccnx:/test/1 (13 bytes)
1400717914.164555 ccnd[660]: debug.280 ccnd_answer_req_response ccnx:/ccnx/%D7%C0.%E6%A2%06%2B%91%AF8hE%F6%C9U%84%F7%7D%A1%B3U%3F%CF%B4%1B%B0%85%A4%24x%11m/selfreg/%04%82%02%AA%03%B2%08%85%82%CC%12%82%22%8A%1D%AE%5E%E4R%CF%DC%A7%D0L%A5%22%DFLC%F0r%06%5Df0%D0.%2CW%FCc%FF%B9%CC%95%23%99e%83SC%13P%C9%BAoh%9Czh%E5%28%AE%3Bk%F9p%0F%91%B1cX%7C%CA%0D%83%FA%29%FD%2F%99E%23%E2%C9%3C%A5%CEo%D6%C7%ED%2C%E1%F8%E3f%D6%ECe%E4%3D%97%BB%F3%3B%18K%1E%9E%1BA%AFF%15pIj%BBB%DF4%A7%FD%0AR%B5g%23%EB%1A%2C.%DA%F7%DA%00%00%F2%00%01%A2%03%E2%02%85%3F%CEUL%08m2%E5%A6%28%3Ew%CDb%836%8B%D9z%DA%5B%02%D776-%A5s%B2%09%84%40%00%02%BA%B5%057%D4%25%A2V%00%01%E2%01%DA%0A%950%81%9F0%0D%06%09%2A%86H%86%F7%0D%01%01%01%05%00%03%81%8D%000%81%89%02%81%81%00%C0%FB%16%1F%A6%9A%5E%A0%2A%D2%80%DA%8E%D9f%C1%85r%83t%A6%28P6%CC%20O%60%D9Pi%87%F3%F6%D7%8C%F8F%BFw%3C%08%10%FF%D8%02%3E%1B%03E%0B%24%D5T%3F%21T%FC%8Fl%5C%07%22%60o%AA%AF%8E%1E6%9A%7DvVbs%2C%BCrW-Z%0F%F1%9F%CA%DA%B3%E0%06%E9%81%F7-%01%16%D5%7D%DF%D4%21E%2F%B0%C1%A7%27%AF%C2%0C%B6%C3%EC%1C%BF%5D%82T%A5%DEa%C4%14%401%10%C6%23%02%03%01%00%01%00%00%00%01%9A%05%9D%05%8A%04%CA%BEselfreg%00%F2%FA%A5test%00%FA%8D1%00%00%03%E2%02%85%D7%C0.%E6%A2%06%2B%91%AF8hE%F6%C9U%84%F7%7D%A1%B3U%3F%CF%B4%1B%B0%85%A4%24x%11m%00%04%FA%8E3%00%03%D2%D62147483647%00%00%00%00 (955 bytes)
1400717914.164665 ccnd[660]: debug.4109 content_from 0 ccnx:/ccnx/%D7%C0.%E6%A2%06%2B%91%AF8hE%F6%C9U%84%F7%7D%A1%B3U%3F%CF%B4%1B%B0%85%A4%24x%11m/selfreg/%04%82%02%AA%03%B2%08%85%82%CC%12%82%22%8A%1D%AE%5E%E4R%CF%DC%A7%D0L%A5%22%DFLC%F0r%06%5Df0%D0.%2CW%FCc%FF%B9%CC%95%23%99e%83SC%13P%C9%BAoh%9Czh%E5%28%AE%3Bk%F9p%0F%91%B1cX%7C%CA%0D%83%FA%29%FD%2F%99E%23%E2%C9%3C%A5%CEo%D6%C7%ED%2C%E1%F8%E3f%D6%ECe%E4%3D%97%BB%F3%3B%18K%1E%9E%1BA%AFF%15pIj%BBB%DF4%A7%FD%0AR%B5g%23%EB%1A%2C.%DA%F7%DA%00%00%F2%00%01%A2%03%E2%02%85%3F%CEUL%08m2%E5%A6%28%3Ew%CDb%836%8B%D9z%DA%5B%02%D776-%A5s%B2%09%84%40%00%02%BA%B5%057%D4%25%A2V%00%01%E2%01%DA%0A%950%81%9F0%0D%06%09%2A%86H%86%F7%0D%01%01%01%05%00%03%81%8D%000%81%89%02%81%81%00%C0%FB%16%1F%A6%9A%5E%A0%2A%D2%80%DA%8E%D9f%C1%85r%83t%A6%28P6%CC%20O%60%D9Pi%87%F3%F6%D7%8C%F8F%BFw%3C%08%10%FF%D8%02%3E%1B%03E%0B%24%D5T%3F%21T%FC%8Fl%5C%07%22%60o%AA%AF%8E%1E6%9A%7DvVbs%2C%BCrW-Z%0F%F1%9F%CA%DA%B3%E0%06%E9%81%F7-%01%16%D5%7D%DF%D4%21E%2F%B0%C1%A7%27%AF%C2%0C%B6%C3%EC%1C%BF%5D%82T%A5%DEa%C4%14%401%10%C6%23%02%03%01%00%01%00%00%00%01%9A%05%9D%05%8A%04%CA%BEselfreg%00%F2%FA%A5test%00%FA%8D1%00%00%03%E2%02%85%D7%C0.%E6%A2%06%2B%91%AF8hE%F6%C9U%84%F7%7D%A1%B3U%3F%CF%B4%1B%B0%85%A4%24x%11m%00%04%FA%8E3%00%03%D2%D62147483647%00%00%00%00/%FB%5C%1E%D7%9B5%3F%09%80%F0%D63%F7%10%CDC%CA%0E%FC0%ED%B7%88%24W%8F%EE%E4%B0%19%2Am (991 bytes)
1400717914.164690 ccnd[660]: fwd.3059 adding 0
1400717914.164703 ccnd[660]: face 6 q 0 delay 3 usec
1400717914.164781 ccnd[660]: debug.1526 consume 6 ccnx:/ccnx/%D7%C0.%E6%A2%06%2B%91%AF8hE%F6%C9U%84%F7%7D%A1%B3U%3F%CF%B4%1B%B0%85%A4%24x%11m/selfreg/%04%82%02%AA%03%B2%08%85%82%CC%12%82%22%8A%1D%AE%5E%E4R%CF%DC%A7%D0L%A5%22%DFLC%F0r%06%5Df0%D0.%2CW%FCc%FF%B9%CC%95%23%99e%83SC%13P%C9%BAoh%9Czh%E5%28%AE%3Bk%F9p%0F%91%B1cX%7C%CA%0D%83%FA%29%FD%2F%99E%23%E2%C9%3C%A5%CEo%D6%C7%ED%2C%E1%F8%E3f%D6%ECe%E4%3D%97%BB%F3%3B%18K%1E%9E%1BA%AFF%15pIj%BBB%DF4%A7%FD%0AR%B5g%23%EB%1A%2C.%DA%F7%DA%00%00%F2%00%01%A2%03%E2%02%85%3F%CEUL%08m2%E5%A6%28%3Ew%CDb%836%8B%D9z%DA%5B%02%D776-%A5s%B2%09%84%40%00%02%BA%B5%057%D4%25%A2V%00%01%E2%01%DA%0A%950%81%9F0%0D%06%09%2A%86H%86%F7%0D%01%01%01%05%00%03%81%8D%000%81%89%02%81%81%00%C0%FB%16%1F%A6%9A%5E%A0%2A%D2%80%DA%8E%D9f%C1%85r%83t%A6%28P6%CC%20O%60%D9Pi%87%F3%F6%D7%8C%F8F%BFw%3C%08%10%FF%D8%02%3E%1B%03E%0B%24%D5T%3F%21T%FC%8Fl%5C%07%22%60o%AA%AF%8E%1E6%9A%7DvVbs%2C%BCrW-Z%0F%F1%9F%CA%DA%B3%E0%06%E9%81%F7-%01%16%D5%7D%DF%D4%21E%2F%B0%C1%A7%27%AF%C2%0C%B6%C3%EC%1C%BF%5D%82T%A5%DEa%C4%14%401%10%C6%23%02%03%01%00%01%00%00%00%01%9A%05%9D%05%8A%04%CA%BEselfreg%00%F2%FA%A5test%00%FA%8D1%00%00%03%E2%02%85%D7%C0.%E6%A2%06%2B%91%AF8hE%F6%C9U%84%F7%7D%A1%B3U%3F%CF%B4%1B%B0%85%A4%24x%11m%00%04%FA%8E3%00%03%D2%D62147483647%00%00%00%00 (532 bytes,scope=1) D7C02E-0294-0006-5A10-AF5451
1400717914.164790 ccnd[660]: sl.1598 0 ci=4 osrc=4294967295 src=0 usec=10063
1400717914.164797 ccnd[660]: fwd.3059 adding 0
1400717914.164804 ccnd[660]: sl.1598 0 ci=3 osrc=4294967295 src=0 usec=10063
1400717914.164811 ccnd[660]: fwd.3059 adding 0
1400717914.164893 ccnd[660]: debug.1268 content_to 6 ccnx:/ccnx/%D7%C0.%E6%A2%06%2B%91%AF8hE%F6%C9U%84%F7%7D%A1%B3U%3F%CF%B4%1B%B0%85%A4%24x%11m/selfreg/%04%82%02%AA%03%B2%08%85%82%CC%12%82%22%8A%1D%AE%5E%E4R%CF%DC%A7%D0L%A5%22%DFLC%F0r%06%5Df0%D0.%2CW%FCc%FF%B9%CC%95%23%99e%83SC%13P%C9%BAoh%9Czh%E5%28%AE%3Bk%F9p%0F%91%B1cX%7C%CA%0D%83%FA%29%FD%2F%99E%23%E2%C9%3C%A5%CEo%D6%C7%ED%2C%E1%F8%E3f%D6%ECe%E4%3D%97%BB%F3%3B%18K%1E%9E%1BA%AFF%15pIj%BBB%DF4%A7%FD%0AR%B5g%23%EB%1A%2C.%DA%F7%DA%00%00%F2%00%01%A2%03%E2%02%85%3F%CEUL%08m2%E5%A6%28%3Ew%CDb%836%8B%D9z%DA%5B%02%D776-%A5s%B2%09%84%40%00%02%BA%B5%057%D4%25%A2V%00%01%E2%01%DA%0A%950%81%9F0%0D%06%09%2A%86H%86%F7%0D%01%01%01%05%00%03%81%8D%000%81%89%02%81%81%00%C0%FB%16%1F%A6%9A%5E%A0%2A%D2%80%DA%8E%D9f%C1%85r%83t%A6%28P6%CC%20O%60%D9Pi%87%F3%F6%D7%8C%F8F%BFw%3C%08%10%FF%D8%02%3E%1B%03E%0B%24%D5T%3F%21T%FC%8Fl%5C%07%22%60o%AA%AF%8E%1E6%9A%7DvVbs%2C%BCrW-Z%0F%F1%9F%CA%DA%B3%E0%06%E9%81%F7-%01%16%D5%7D%DF%D4%21E%2F%B0%C1%A7%27%AF%C2%0C%B6%C3%EC%1C%BF%5D%82T%A5%DEa%C4%14%401%10%C6%23%02%03%01%00%01%00%00%00%01%9A%05%9D%05%8A%04%CA%BEselfreg%00%F2%FA%A5test%00%FA%8D1%00%00%03%E2%02%85%D7%C0.%E6%A2%06%2B%91%AF8hE%F6%C9U%84%F7%7D%A1%B3U%3F%CF%B4%1B%B0%85%A4%24x%11m%00%04%FA%8E3%00%03%D2%D62147483647%00%00%00%00/%FB%5C%1E%D7%9B5%3F%09%80%F0%D63%F7%10%CDC%CA%0E%FC0%ED%B7%88%24W%8F%EE%E4%B0%19%2Am (991 bytes)
1400717915.000000 ccnd[660]: 6001 ____________________ Thu May 22 00:18:35 2014
1400717915.295982 ccnd[660]: accepted datagram client id=7 (flags=0x40012) 192.168.122.2 port 6001
1400717915.296051 ccnd[660]: debug.3807 interest_from 7 ccnx:/test/1 (32 bytes) 6A536B-0286-0008-5A73-2B637D
1400717915.296063 ccnd[660]: version: 20090701, prefix_comps: 2, min_suffix_comps: 0, max_suffix_comps: 32767, orderpref: 0, answerfrom: 3, scope: -1, lifetime: 4.0000, excl: 0 bytes, etc: 0 bytes
1400717915.296109 ccnd[660]: debug.3856 first_candidate ccnx:/%C1.M.S.localhost/%C1.M.SRV/ccnd/KEY/%C1.M.K%00%D7%C0.%E6%A2%06%2B%91%AF8hE%F6%C9U%84%F7%7D%A1%B3U%3F%CF%B4%1B%B0%85%A4%24x%11m/%FD%057%D4%23%5B%D8/%00/%FD%D0ac%A1%A0%28%3C%98%B6%90n%FDdds8%DC%DFsa%B2%A8%07%1C%99A%0A%0FGT. (611 bytes)
1400717915.296130 ccnd[660]: debug.3863 prefix_mismatch ccnx:/test/1 (32 bytes) 6A536B-0286-0008-5A73-2B637D
1400717915.296141 ccnd[660]: fwd.3059 adding 6
1400717915.296152 ccnd[660]: outbound.3131 adding 6
1400717915.296177 ccnd[660]: debug.3523 0x19999f0.0of1,usec=2829+3997171 7 ccnx:/test/1 (32 bytes) 6A536B-0286-0008-5A73-2B637D
1400717915.296204 ccnd[660]: debug.3807 interest_from 7 ccnx:/%C1.M.S.neighborhood/%C1.M.SRV/ccnd/KEY (55 bytes,scope=2)
1400717915.296214 ccnd[660]: version: 20090701, prefix_comps: 4, min_suffix_comps: 0, max_suffix_comps: 32767, orderpref: 0, answerfrom: 3, scope: 2, lifetime: 4.0000, excl: 0 bytes, etc: 0 bytes
1400717915.296232 ccnd[660]: fwd.3059 adding 0
1400717915.296244 ccnd[660]: outbound.3131 adding 0
1400717915.296274 ccnd[660]: debug.3523 0x199fd90.0of1,usec=3939+3996061 7 ccnx:/%C1.M.S.neighborhood/%C1.M.SRV/ccnd/KEY (71 bytes,scope=2) D7C02E-0294-0007-5B4B-5B47D7
1400717915.299438 ccnd[660]: debug.3210 interest_to 6 ccnx:/test/1 (32 bytes) 6A536B-0286-0008-5A73-2B637D
1400717915.299496 ccnd[660]: debug.3249 0x19999f0.1of1,usec=250000+3747171 7 ccnx:/test/1 (32 bytes) 6A536B-0286-0008-5A73-2B637D
1400717915.300603 ccnd[660]: debug.3210 interest_to 0 ccnx:/%C1.M.S.neighborhood/%C1.M.SRV/ccnd/KEY (71 bytes,scope=2) D7C02E-0294-0007-5B4B-5B47D7
1400717915.300635 ccnd[660]: debug.158 ccnd_answer_req ccnx:/%C1.M.S.neighborhood/%C1.M.SRV/ccnd/KEY (71 bytes,scope=2) D7C02E-0294-0007-5B4B-5B47D7
1400717915.301618 ccnd[660]: debug.4109 content_from 0 ccnx:/%C1.M.S.neighborhood/%C1.M.SRV/ccnd/KEY/%C1.M.K%00%D7%C0.%E6%A2%06%2B%91%AF8hE%F6%C9U%84%F7%7D%A1%B3U%3F%CF%B4%1B%B0%85%A4%24x%11m/%FD%057%D4%23%5B%D8/%00/%C12%A5%96%E0K%CE%29%B7%11N%2AS%D7%C8%9Dr%1A%AEI%BDI%1Aw%07%F9.%91%82%83%9C%8F (617 bytes)
1400717915.301643 ccnd[660]: fwd.3059 adding 0
1400717915.301662 ccnd[660]: face 7 q 1 delay 553 usec
1400717915.301687 ccnd[660]: debug.1526 consume 7 ccnx:/%C1.M.S.neighborhood/%C1.M.SRV/ccnd/KEY (71 bytes,scope=2) D7C02E-0294-0007-5B4B-5B47D7
1400717915.301697 ccnd[660]: sl.1598 0 ci=4 osrc=4294967295 src=0 usec=10142
1400717915.301709 ccnd[660]: fwd.3059 adding 0
1400717915.301719 ccnd[660]: sl.1598 0 ci=3 osrc=4294967295 src=0 usec=10142
1400717915.301730 ccnd[660]: fwd.3059 adding 0
1400717915.304881 ccnd[660]: debug.1268 content_to 7 ccnx:/%C1.M.S.neighborhood/%C1.M.SRV/ccnd/KEY/%C1.M.K%00%D7%C0.%E6%A2%06%2B%91%AF8hE%F6%C9U%84%F7%7D%A1%B3U%3F%CF%B4%1B%B0%85%A4%24x%11m/%FD%057%D4%23%5B%D8/%00/%C12%A5%96%E0K%CE%29%B7%11N%2AS%D7%C8%9Dr%1A%AEI%BDI%1Aw%07%F9.%91%82%83%9C%8F (617 bytes)
1400717915.305435 ccnd[660]: debug.4109 content_from 6 ccnx:/test/1/%FD%057%D4%25%A2%CD/%00/%E3j%1E%14%B08%5CD%2Ao%02%B4d%E4%A1%96xx%CCp%B1%2B%D6%D1%B2%97n%A6%E7h%27%09 (433 bytes)
1400717915.305465 ccnd[660]: face 7 q 1 delay 976 usec
1400717915.305487 ccnd[660]: debug.1526 consume 7 ccnx:/test/1 (32 bytes) 6A536B-0286-0008-5A73-2B637D
1400717915.305497 ccnd[660]: sl.1598 6 ci=2 osrc=4294967295 src=6 usec=10142
1400717915.305509 ccnd[660]: sl.1598 6 ci=1 osrc=4294967295 src=6 usec=10142
1400717915.306676 ccnd[660]: debug.1268 content_to 7 ccnx:/test/1/%FD%057%D4%25%A2%CD/%00/%E3j%1E%14%B08%5CD%2Ao%02%B4d%E4%A1%96xx%CCp%B1%2B%D6%D1%B2%97n%A6%E7h%27%09 (433 bytes)
1400717916.000000 ccnd[660]: 6001 ____________________ Thu May 22 00:18:36 2014
1400717916.926387 ccnd[660]: accepted client fd=9 id=8
1400717916.926535 ccnd[660]: debug.3807 interest_from 8 ccnx:/%C1.M.S.localhost/%C1.M.SRV/ccnd/KEY (51 bytes,scope=1)
1400717916.926548 ccnd[660]: version: 20090701, prefix_comps: 4, min_suffix_comps: 0, max_suffix_comps: 32767, orderpref: 0, answerfrom: 3, scope: 1, lifetime: 4.0000, excl: 0 bytes, etc: 0 bytes
1400717916.926599 ccnd[660]: debug.3856 first_candidate ccnx:/%C1.M.S.localhost/%C1.M.SRV/ccnd/KEY/%C1.M.K%00%D7%C0.%E6%A2%06%2B%91%AF8hE%F6%C9U%84%F7%7D%A1%B3U%3F%CF%B4%1B%B0%85%A4%24x%11m/%FD%057%D4%23%5B%D8/%00/%FD%D0ac%A1%A0%28%3C%98%B6%90n%FDdds8%DC%DFsa%B2%A8%07%1C%99A%0A%0FGT. (611 bytes)
1400717916.926639 ccnd[660]: debug.3884 matches ccnx:/%C1.M.S.localhost/%C1.M.SRV/ccnd/KEY/%C1.M.K%00%D7%C0.%E6%A2%06%2B%91%AF8hE%F6%C9U%84%F7%7D%A1%B3U%3F%CF%B4%1B%B0%85%A4%24x%11m/%FD%057%D4%23%5B%D8/%00/%FD%D0ac%A1%A0%28%3C%98%B6%90n%FDdds8%DC%DFsa%B2%A8%07%1C%99A%0A%0FGT. (611 bytes)
1400717916.926653 ccnd[660]: face 8 q 0 delay 3 usec
1400717916.926673 ccnd[660]: debug.3918 consume 8 ccnx:/%C1.M.S.localhost/%C1.M.SRV/ccnd/KEY (51 bytes,scope=1)
1400717916.926686 ccnd[660]: fwd.3059 adding 0
1400717916.926696 ccnd[660]: fwd.3059 adding 0
1400717916.926707 ccnd[660]: fwd.3059 adding 0
1400717916.926717 ccnd[660]: fwd.3059 adding 0
1400717916.926727 ccnd[660]: fwd.3059 adding 0
1400717916.926737 ccnd[660]: fwd.3059 adding 0
1400717916.926747 ccnd[660]: fwd.3059 adding 0
1400717916.926756 ccnd[660]: fwd.3059 adding 0
1400717916.926766 ccnd[660]: fwd.3059 adding 0
1400717916.926776 ccnd[660]: fwd.3059 adding 0
1400717916.926811 ccnd[660]: debug.1268 content_to 8 ccnx:/%C1.M.S.localhost/%C1.M.SRV/ccnd/KEY/%C1.M.K%00%D7%C0.%E6%A2%06%2B%91%AF8hE%F6%C9U%84%F7%7D%A1%B3U%3F%CF%B4%1B%B0%85%A4%24x%11m/%FD%057%D4%23%5B%D8/%00/%FD%D0ac%A1%A0%28%3C%98%B6%90n%FDdds8%DC%DFsa%B2%A8%07%1C%99A%0A%0FGT. (611 bytes)
1400717916.933006 ccnd[660]: debug.3807 interest_from 8 ccnx:/ccnx/%D7%C0.%E6%A2%06%2B%91%AF8hE%F6%C9U%84%F7%7D%A1%B3U%3F%CF%B4%1B%B0%85%A4%24x%11m/newface/%04%82%02%AA%03%B2%08%85%B5%CF%FC%27%08%B7%2A%89_eu%FBM%F6xG%ED%8C%B7%3A%0E%5C%0F%F6%D0%03%0D%60%21%91%86%C1%02%27%FA%D9%23l%10K%0E%20A%B7%94%E3z%AB%FF%FD%FE%0B%D95%C7~%D0%0A%C6X%B72%20%EF%9FX%98%1En%18%BBlw%DB%2B%FE%16%5C%03%5B%FF%C4%60%0F2%F6h%C9p%2C%E4%F48%C4%EA%F6%7F%8B%D2%AF4%E5%FA%10%8F%AD%04M%84%5D%9C%C0%C5D%C4%5C15%E0%5D%26bq%19%08%C4%22%9A%00%00%F2%00%01%A2%03%E2%02%85%3F%CEUL%08m2%E5%A6%28%3Ew%CDb%836%8B%D9z%DA%5B%02%D776-%A5s%B2%09%84%40%00%02%BA%B5%057%D4%25%CE%E7%00%01%E2%01%DA%0A%950%81%9F0%0D%06%09%2A%86H%86%F7%0D%01%01%01%05%00%03%81%8D%000%81%89%02%81%81%00%C0%FB%16%1F%A6%9A%5E%A0%2A%D2%80%DA%8E%D9f%C1%85r%83t%A6%28P6%CC%20O%60%D9Pi%87%F3%F6%D7%8C%F8F%BFw%3C%08%10%FF%D8%02%3E%1B%03E%0B%24%D5T%3F%21T%FC%8Fl%5C%07%22%60o%AA%AF%8E%1E6%9A%7DvVbs%2C%BCrW-Z%0F%F1%9F%CA%DA%B3%E0%06%E9%81%F7-%01%16%D5%7D%DF%D4%21E%2F%B0%C1%A7%27%AF%C2%0C%B6%C3%EC%1C%BF%5D%82T%A5%DEa%C4%14%401%10%C6%23%02%03%01%00%01%00%00%00%01%9A%06%AD%05%82%04%CA%BEnewface%00%03%E2%02%85%D7%C0.%E6%A2%06%2B%91%AF8hE%F6%C9U%84%F7%7D%A1%B3U%3F%CF%B4%1B%B0%85%A4%24x%11m%00%04%D2%8E0%00%04%DA%9617%00%04%E2%EE192.168.122.2%00%04%EA%A66001%00%03%D2%D62147483647%00%00%00%00 (534 bytes,scope=1)
1400717916.933036 ccnd[660]: version: 20090701, prefix_comps: 4, min_suffix_comps: 0, max_suffix_comps: 32767, orderpref: 0, answerfrom: 3, scope: 1, lifetime: 4.0000, excl: 0 bytes, etc: 0 bytes
1400717916.933163 ccnd[660]: debug.3856 first_candidate ccnx:/ccnx/%D7%C0.%E6%A2%06%2B%91%AF8hE%F6%C9U%84%F7%7D%A1%B3U%3F%CF%B4%1B%B0%85%A4%24x%11m/selfreg/%04%82%02%AA%03%B2%08%85%82%CC%12%82%22%8A%1D%AE%5E%E4R%CF%DC%A7%D0L%A5%22%DFLC%F0r%06%5Df0%D0.%2CW%FCc%FF%B9%CC%95%23%99e%83SC%13P%C9%BAoh%9Czh%E5%28%AE%3Bk%F9p%0F%91%B1cX%7C%CA%0D%83%FA%29%FD%2F%99E%23%E2%C9%3C%A5%CEo%D6%C7%ED%2C%E1%F8%E3f%D6%ECe%E4%3D%97%BB%F3%3B%18K%1E%9E%1BA%AFF%15pIj%BBB%DF4%A7%FD%0AR%B5g%23%EB%1A%2C.%DA%F7%DA%00%00%F2%00%01%A2%03%E2%02%85%3F%CEUL%08m2%E5%A6%28%3Ew%CDb%836%8B%D9z%DA%5B%02%D776-%A5s%B2%09%84%40%00%02%BA%B5%057%D4%25%A2V%00%01%E2%01%DA%0A%950%81%9F0%0D%06%09%2A%86H%86%F7%0D%01%01%01%05%00%03%81%8D%000%81%89%02%81%81%00%C0%FB%16%1F%A6%9A%5E%A0%2A%D2%80%DA%8E%D9f%C1%85r%83t%A6%28P6%CC%20O%60%D9Pi%87%F3%F6%D7%8C%F8F%BFw%3C%08%10%FF%D8%02%3E%1B%03E%0B%24%D5T%3F%21T%FC%8Fl%5C%07%22%60o%AA%AF%8E%1E6%9A%7DvVbs%2C%BCrW-Z%0F%F1%9F%CA%DA%B3%E0%06%E9%81%F7-%01%16%D5%7D%DF%D4%21E%2F%B0%C1%A7%27%AF%C2%0C%B6%C3%EC%1C%BF%5D%82T%A5%DEa%C4%14%401%10%C6%23%02%03%01%00%01%00%00%00%01%9A%05%9D%05%8A%04%CA%BEselfreg%00%F2%FA%A5test%00%FA%8D1%00%00%03%E2%02%85%D7%C0.%E6%A2%06%2B%91%AF8hE%F6%C9U%84%F7%7D%A1%B3U%3F%CF%B4%1B%B0%85%A4%24x%11m%00%04%FA%8E3%00%03%D2%D62147483647%00%00%00%00/%FB%5C%1E%D7%9B5%3F%09%80%F0%D63%F7%10%CDC%CA%0E%FC0%ED%B7%88%24W%8F%EE%E4%B0%19%2Am (991 bytes)
1400717916.933282 ccnd[660]: debug.3863 prefix_mismatch ccnx:/ccnx/%D7%C0.%E6%A2%06%2B%91%AF8hE%F6%C9U%84%F7%7D%A1%B3U%3F%CF%B4%1B%B0%85%A4%24x%11m/newface/%04%82%02%AA%03%B2%08%85%B5%CF%FC%27%08%B7%2A%89_eu%FBM%F6xG%ED%8C%B7%3A%0E%5C%0F%F6%D0%03%0D%60%21%91%86%C1%02%27%FA%D9%23l%10K%0E%20A%B7%94%E3z%AB%FF%FD%FE%0B%D95%C7~%D0%0A%C6X%B72%20%EF%9FX%98%1En%18%BBlw%DB%2B%FE%16%5C%03%5B%FF%C4%60%0F2%F6h%C9p%2C%E4%F48%C4%EA%F6%7F%8B%D2%AF4%E5%FA%10%8F%AD%04M%84%5D%9C%C0%C5D%C4%5C15%E0%5D%26bq%19%08%C4%22%9A%00%00%F2%00%01%A2%03%E2%02%85%3F%CEUL%08m2%E5%A6%28%3Ew%CDb%836%8B%D9z%DA%5B%02%D776-%A5s%B2%09%84%40%00%02%BA%B5%057%D4%25%CE%E7%00%01%E2%01%DA%0A%950%81%9F0%0D%06%09%2A%86H%86%F7%0D%01%01%01%05%00%03%81%8D%000%81%89%02%81%81%00%C0%FB%16%1F%A6%9A%5E%A0%2A%D2%80%DA%8E%D9f%C1%85r%83t%A6%28P6%CC%20O%60%D9Pi%87%F3%F6%D7%8C%F8F%BFw%3C%08%10%FF%D8%02%3E%1B%03E%0B%24%D5T%3F%21T%FC%8Fl%5C%07%22%60o%AA%AF%8E%1E6%9A%7DvVbs%2C%BCrW-Z%0F%F1%9F%CA%DA%B3%E0%06%E9%81%F7-%01%16%D5%7D%DF%D4%21E%2F%B0%C1%A7%27%AF%C2%0C%B6%C3%EC%1C%BF%5D%82T%A5%DEa%C4%14%401%10%C6%23%02%03%01%00%01%00%00%00%01%9A%06%AD%05%82%04%CA%BEnewface%00%03%E2%02%85%D7%C0.%E6%A2%06%2B%91%AF8hE%F6%C9U%84%F7%7D%A1%B3U%3F%CF%B4%1B%B0%85%A4%24x%11m%00%04%D2%8E0%00%04%DA%9617%00%04%E2%EE192.168.122.2%00%04%EA%A66001%00%03%D2%D62147483647%00%00%00%00 (534 bytes,scope=1)
1400717916.933295 ccnd[660]: outbound.3131 adding 0
1400717916.933420 ccnd[660]: debug.3523 0x19a0100.0of1,usec=1413+3998587 8 ccnx:/ccnx/%D7%C0.%E6%A2%06%2B%91%AF8hE%F6%C9U%84%F7%7D%A1%B3U%3F%CF%B4%1B%B0%85%A4%24x%11m/newface/%04%82%02%AA%03%B2%08%85%B5%CF%FC%27%08%B7%2A%89_eu%FBM%F6xG%ED%8C%B7%3A%0E%5C%0F%F6%D0%03%0D%60%21%91%86%C1%02%27%FA%D9%23l%10K%0E%20A%B7%94%E3z%AB%FF%FD%FE%0B%D95%C7~%D0%0A%C6X%B72%20%EF%9FX%98%1En%18%BBlw%DB%2B%FE%16%5C%03%5B%FF%C4%60%0F2%F6h%C9p%2C%E4%F48%C4%EA%F6%7F%8B%D2%AF4%E5%FA%10%8F%AD%04M%84%5D%9C%C0%C5D%C4%5C15%E0%5D%26bq%19%08%C4%22%9A%00%00%F2%00%01%A2%03%E2%02%85%3F%CEUL%08m2%E5%A6%28%3Ew%CDb%836%8B%D9z%DA%5B%02%D776-%A5s%B2%09%84%40%00%02%BA%B5%057%D4%25%CE%E7%00%01%E2%01%DA%0A%950%81%9F0%0D%06%09%2A%86H%86%F7%0D%01%01%01%05%00%03%81%8D%000%81%89%02%81%81%00%C0%FB%16%1F%A6%9A%5E%A0%2A%D2%80%DA%8E%D9f%C1%85r%83t%A6%28P6%CC%20O%60%D9Pi%87%F3%F6%D7%8C%F8F%BFw%3C%08%10%FF%D8%02%3E%1B%03E%0B%24%D5T%3F%21T%FC%8Fl%5C%07%22%60o%AA%AF%8E%1E6%9A%7DvVbs%2C%BCrW-Z%0F%F1%9F%CA%DA%B3%E0%06%E9%81%F7-%01%16%D5%7D%DF%D4%21E%2F%B0%C1%A7%27%AF%C2%0C%B6%C3%EC%1C%BF%5D%82T%A5%DEa%C4%14%401%10%C6%23%02%03%01%00%01%00%00%00%01%9A%06%AD%05%82%04%CA%BEnewface%00%03%E2%02%85%D7%C0.%E6%A2%06%2B%91%AF8hE%F6%C9U%84%F7%7D%A1%B3U%3F%CF%B4%1B%B0%85%A4%24x%11m%00%04%D2%8E0%00%04%DA%9617%00%04%E2%EE192.168.122.2%00%04%EA%A66001%00%03%D2%D62147483647%00%00%00%00 (550 bytes,scope=1) D7C02E-0294-0008-5CED-389A88
1400717916.935690 ccnd[660]: debug.3210 interest_to 0 ccnx:/ccnx/%D7%C0.%E6%A2%06%2B%91%AF8hE%F6%C9U%84%F7%7D%A1%B3U%3F%CF%B4%1B%B0%85%A4%24x%11m/newface/%04%82%02%AA%03%B2%08%85%B5%CF%FC%27%08%B7%2A%89_eu%FBM%F6xG%ED%8C%B7%3A%0E%5C%0F%F6%D0%03%0D%60%21%91%86%C1%02%27%FA%D9%23l%10K%0E%20A%B7%94%E3z%AB%FF%FD%FE%0B%D95%C7~%D0%0A%C6X%B72%20%EF%9FX%98%1En%18%BBlw%DB%2B%FE%16%5C%03%5B%FF%C4%60%0F2%F6h%C9p%2C%E4%F48%C4%EA%F6%7F%8B%D2%AF4%E5%FA%10%8F%AD%04M%84%5D%9C%C0%C5D%C4%5C15%E0%5D%26bq%19%08%C4%22%9A%00%00%F2%00%01%A2%03%E2%02%85%3F%CEUL%08m2%E5%A6%28%3Ew%CDb%836%8B%D9z%DA%5B%02%D776-%A5s%B2%09%84%40%00%02%BA%B5%057%D4%25%CE%E7%00%01%E2%01%DA%0A%950%81%9F0%0D%06%09%2A%86H%86%F7%0D%01%01%01%05%00%03%81%8D%000%81%89%02%81%81%00%C0%FB%16%1F%A6%9A%5E%A0%2A%D2%80%DA%8E%D9f%C1%85r%83t%A6%28P6%CC%20O%60%D9Pi%87%F3%F6%D7%8C%F8F%BFw%3C%08%10%FF%D8%02%3E%1B%03E%0B%24%D5T%3F%21T%FC%8Fl%5C%07%22%60o%AA%AF%8E%1E6%9A%7DvVbs%2C%BCrW-Z%0F%F1%9F%CA%DA%B3%E0%06%E9%81%F7-%01%16%D5%7D%DF%D4%21E%2F%B0%C1%A7%27%AF%C2%0C%B6%C3%EC%1C%BF%5D%82T%A5%DEa%C4%14%401%10%C6%23%02%03%01%00%01%00%00%00%01%9A%06%AD%05%82%04%CA%BEnewface%00%03%E2%02%85%D7%C0.%E6%A2%06%2B%91%AF8hE%F6%C9U%84%F7%7D%A1%B3U%3F%CF%B4%1B%B0%85%A4%24x%11m%00%04%D2%8E0%00%04%DA%9617%00%04%E2%EE192.168.122.2%00%04%EA%A66001%00%03%D2%D62147483647%00%00%00%00 (550 bytes,scope=1) D7C02E-0294-0008-5CED-389A88
1400717916.935820 ccnd[660]: debug.158 ccnd_answer_req ccnx:/ccnx/%D7%C0.%E6%A2%06%2B%91%AF8hE%F6%C9U%84%F7%7D%A1%B3U%3F%CF%B4%1B%B0%85%A4%24x%11m/newface/%04%82%02%AA%03%B2%08%85%B5%CF%FC%27%08%B7%2A%89_eu%FBM%F6xG%ED%8C%B7%3A%0E%5C%0F%F6%D0%03%0D%60%21%91%86%C1%02%27%FA%D9%23l%10K%0E%20A%B7%94%E3z%AB%FF%FD%FE%0B%D95%C7~%D0%0A%C6X%B72%20%EF%9FX%98%1En%18%BBlw%DB%2B%FE%16%5C%03%5B%FF%C4%60%0F2%F6h%C9p%2C%E4%F48%C4%EA%F6%7F%8B%D2%AF4%E5%FA%10%8F%AD%04M%84%5D%9C%C0%C5D%C4%5C15%E0%5D%26bq%19%08%C4%22%9A%00%00%F2%00%01%A2%03%E2%02%85%3F%CEUL%08m2%E5%A6%28%3Ew%CDb%836%8B%D9z%DA%5B%02%D776-%A5s%B2%09%84%40%00%02%BA%B5%057%D4%25%CE%E7%00%01%E2%01%DA%0A%950%81%9F0%0D%06%09%2A%86H%86%F7%0D%01%01%01%05%00%03%81%8D%000%81%89%02%81%81%00%C0%FB%16%1F%A6%9A%5E%A0%2A%D2%80%DA%8E%D9f%C1%85r%83t%A6%28P6%CC%20O%60%D9Pi%87%F3%F6%D7%8C%F8F%BFw%3C%08%10%FF%D8%02%3E%1B%03E%0B%24%D5T%3F%21T%FC%8Fl%5C%07%22%60o%AA%AF%8E%1E6%9A%7DvVbs%2C%BCrW-Z%0F%F1%9F%CA%DA%B3%E0%06%E9%81%F7-%01%16%D5%7D%DF%D4%21E%2F%B0%C1%A7%27%AF%C2%0C%B6%C3%EC%1C%BF%5D%82T%A5%DEa%C4%14%401%10%C6%23%02%03%01%00%01%00%00%00%01%9A%06%AD%05%82%04%CA%BEnewface%00%03%E2%02%85%D7%C0.%E6%A2%06%2B%91%AF8hE%F6%C9U%84%F7%7D%A1%B3U%3F%CF%B4%1B%B0%85%A4%24x%11m%00%04%D2%8E0%00%04%DA%9617%00%04%E2%EE192.168.122.2%00%04%EA%A66001%00%03%D2%D62147483647%00%00%00%00 (550 bytes,scope=1) D7C02E-0294-0008-5CED-389A88
1400717916.935957 ccnd[660]: ccnd_req_newface from 8: getaddrinfo(192.168.122.2, 6001, ...) returned 0
1400717916.936913 ccnd[660]: debug.280 ccnd_answer_req_response ccnx:/ccnx/%D7%C0.%E6%A2%06%2B%91%AF8hE%F6%C9U%84%F7%7D%A1%B3U%3F%CF%B4%1B%B0%85%A4%24x%11m/newface/%04%82%02%AA%03%B2%08%85%B5%CF%FC%27%08%B7%2A%89_eu%FBM%F6xG%ED%8C%B7%3A%0E%5C%0F%F6%D0%03%0D%60%21%91%86%C1%02%27%FA%D9%23l%10K%0E%20A%B7%94%E3z%AB%FF%FD%FE%0B%D95%C7~%D0%0A%C6X%B72%20%EF%9FX%98%1En%18%BBlw%DB%2B%FE%16%5C%03%5B%FF%C4%60%0F2%F6h%C9p%2C%E4%F48%C4%EA%F6%7F%8B%D2%AF4%E5%FA%10%8F%AD%04M%84%5D%9C%C0%C5D%C4%5C15%E0%5D%26bq%19%08%C4%22%9A%00%00%F2%00%01%A2%03%E2%02%85%3F%CEUL%08m2%E5%A6%28%3Ew%CDb%836%8B%D9z%DA%5B%02%D776-%A5s%B2%09%84%40%00%02%BA%B5%057%D4%25%CE%E7%00%01%E2%01%DA%0A%950%81%9F0%0D%06%09%2A%86H%86%F7%0D%01%01%01%05%00%03%81%8D%000%81%89%02%81%81%00%C0%FB%16%1F%A6%9A%5E%A0%2A%D2%80%DA%8E%D9f%C1%85r%83t%A6%28P6%CC%20O%60%D9Pi%87%F3%F6%D7%8C%F8F%BFw%3C%08%10%FF%D8%02%3E%1B%03E%0B%24%D5T%3F%21T%FC%8Fl%5C%07%22%60o%AA%AF%8E%1E6%9A%7DvVbs%2C%BCrW-Z%0F%F1%9F%CA%DA%B3%E0%06%E9%81%F7-%01%16%D5%7D%DF%D4%21E%2F%B0%C1%A7%27%AF%C2%0C%B6%C3%EC%1C%BF%5D%82T%A5%DEa%C4%14%401%10%C6%23%02%03%01%00%01%00%00%00%01%9A%06%AD%05%82%04%CA%BEnewface%00%03%E2%02%85%D7%C0.%E6%A2%06%2B%91%AF8hE%F6%C9U%84%F7%7D%A1%B3U%3F%CF%B4%1B%B0%85%A4%24x%11m%00%04%D2%8E0%00%04%DA%9617%00%04%E2%EE192.168.122.2%00%04%EA%A66001%00%03%D2%D62147483647%00%00%00%00 (986 bytes)
1400717916.937076 ccnd[660]: debug.4109 content_from 0 ccnx:/ccnx/%D7%C0.%E6%A2%06%2B%91%AF8hE%F6%C9U%84%F7%7D%A1%B3U%3F%CF%B4%1B%B0%85%A4%24x%11m/newface/%04%82%02%AA%03%B2%08%85%B5%CF%FC%27%08%B7%2A%89_eu%FBM%F6xG%ED%8C%B7%3A%0E%5C%0F%F6%D0%03%0D%60%21%91%86%C1%02%27%FA%D9%23l%10K%0E%20A%B7%94%E3z%AB%FF%FD%FE%0B%D95%C7~%D0%0A%C6X%B72%20%EF%9FX%98%1En%18%BBlw%DB%2B%FE%16%5C%03%5B%FF%C4%60%0F2%F6h%C9p%2C%E4%F48%C4%EA%F6%7F%8B%D2%AF4%E5%FA%10%8F%AD%04M%84%5D%9C%C0%C5D%C4%5C15%E0%5D%26bq%19%08%C4%22%9A%00%00%F2%00%01%A2%03%E2%02%85%3F%CEUL%08m2%E5%A6%28%3Ew%CDb%836%8B%D9z%DA%5B%02%D776-%A5s%B2%09%84%40%00%02%BA%B5%057%D4%25%CE%E7%00%01%E2%01%DA%0A%950%81%9F0%0D%06%09%2A%86H%86%F7%0D%01%01%01%05%00%03%81%8D%000%81%89%02%81%81%00%C0%FB%16%1F%A6%9A%5E%A0%2A%D2%80%DA%8E%D9f%C1%85r%83t%A6%28P6%CC%20O%60%D9Pi%87%F3%F6%D7%8C%F8F%BFw%3C%08%10%FF%D8%02%3E%1B%03E%0B%24%D5T%3F%21T%FC%8Fl%5C%07%22%60o%AA%AF%8E%1E6%9A%7DvVbs%2C%BCrW-Z%0F%F1%9F%CA%DA%B3%E0%06%E9%81%F7-%01%16%D5%7D%DF%D4%21E%2F%B0%C1%A7%27%AF%C2%0C%B6%C3%EC%1C%BF%5D%82T%A5%DEa%C4%14%401%10%C6%23%02%03%01%00%01%00%00%00%01%9A%06%AD%05%82%04%CA%BEnewface%00%03%E2%02%85%D7%C0.%E6%A2%06%2B%91%AF8hE%F6%C9U%84%F7%7D%A1%B3U%3F%CF%B4%1B%B0%85%A4%24x%11m%00%04%D2%8E0%00%04%DA%9617%00%04%E2%EE192.168.122.2%00%04%EA%A66001%00%03%D2%D62147483647%00%00%00%00/%B7%E03%AB%844%8C%FE%A5h%95%A1vC%00%D7%B1%2B%3A%7B%A4%BC%D9u%5C7%A7W%0D%F8S%B4 (1022 bytes)
1400717916.937112 ccnd[660]: fwd.3059 adding 0
1400717916.937130 ccnd[660]: face 8 q 0 delay 3 usec
1400717916.937250 ccnd[660]: debug.1526 consume 8 ccnx:/ccnx/%D7%C0.%E6%A2%06%2B%91%AF8hE%F6%C9U%84%F7%7D%A1%B3U%3F%CF%B4%1B%B0%85%A4%24x%11m/newface/%04%82%02%AA%03%B2%08%85%B5%CF%FC%27%08%B7%2A%89_eu%FBM%F6xG%ED%8C%B7%3A%0E%5C%0F%F6%D0%03%0D%60%21%91%86%C1%02%27%FA%D9%23l%10K%0E%20A%B7%94%E3z%AB%FF%FD%FE%0B%D95%C7~%D0%0A%C6X%B72%20%EF%9FX%98%1En%18%BBlw%DB%2B%FE%16%5C%03%5B%FF%C4%60%0F2%F6h%C9p%2C%E4%F48%C4%EA%F6%7F%8B%D2%AF4%E5%FA%10%8F%AD%04M%84%5D%9C%C0%C5D%C4%5C15%E0%5D%26bq%19%08%C4%22%9A%00%00%F2%00%01%A2%03%E2%02%85%3F%CEUL%08m2%E5%A6%28%3Ew%CDb%836%8B%D9z%DA%5B%02%D776-%A5s%B2%09%84%40%00%02%BA%B5%057%D4%25%CE%E7%00%01%E2%01%DA%0A%950%81%9F0%0D%06%09%2A%86H%86%F7%0D%01%01%01%05%00%03%81%8D%000%81%89%02%81%81%00%C0%FB%16%1F%A6%9A%5E%A0%2A%D2%80%DA%8E%D9f%C1%85r%83t%A6%28P6%CC%20O%60%D9Pi%87%F3%F6%D7%8C%F8F%BFw%3C%08%10%FF%D8%02%3E%1B%03E%0B%24%D5T%3F%21T%FC%8Fl%5C%07%22%60o%AA%AF%8E%1E6%9A%7DvVbs%2C%BCrW-Z%0F%F1%9F%CA%DA%B3%E0%06%E9%81%F7-%01%16%D5%7D%DF%D4%21E%2F%B0%C1%A7%27%AF%C2%0C%B6%C3%EC%1C%BF%5D%82T%A5%DEa%C4%14%401%10%C6%23%02%03%01%00%01%00%00%00%01%9A%06%AD%05%82%04%CA%BEnewface%00%03%E2%02%85%D7%C0.%E6%A2%06%2B%91%AF8hE%F6%C9U%84%F7%7D%A1%B3U%3F%CF%B4%1B%B0%85%A4%24x%11m%00%04%D2%8E0%00%04%DA%9617%00%04%E2%EE192.168.122.2%00%04%EA%A66001%00%03%D2%D62147483647%00%00%00%00 (550 bytes,scope=1) D7C02E-0294-0008-5CED-389A88
1400717916.937263 ccnd[660]: sl.1598 0 ci=4 osrc=4294967295 src=0 usec=10142
1400717916.937275 ccnd[660]: fwd.3059 adding 0
1400717916.937285 ccnd[660]: sl.1598 0 ci=3 osrc=4294967295 src=0 usec=10142
1400717916.937410 ccnd[660]: debug.1268 content_to 8 ccnx:/ccnx/%D7%C0.%E6%A2%06%2B%91%AF8hE%F6%C9U%84%F7%7D%A1%B3U%3F%CF%B4%1B%B0%85%A4%24x%11m/newface/%04%82%02%AA%03%B2%08%85%B5%CF%FC%27%08%B7%2A%89_eu%FBM%F6xG%ED%8C%B7%3A%0E%5C%0F%F6%D0%03%0D%60%21%91%86%C1%02%27%FA%D9%23l%10K%0E%20A%B7%94%E3z%AB%FF%FD%FE%0B%D95%C7~%D0%0A%C6X%B72%20%EF%9FX%98%1En%18%BBlw%DB%2B%FE%16%5C%03%5B%FF%C4%60%0F2%F6h%C9p%2C%E4%F48%C4%EA%F6%7F%8B%D2%AF4%E5%FA%10%8F%AD%04M%84%5D%9C%C0%C5D%C4%5C15%E0%5D%26bq%19%08%C4%22%9A%00%00%F2%00%01%A2%03%E2%02%85%3F%CEUL%08m2%E5%A6%28%3Ew%CDb%836%8B%D9z%DA%5B%02%D776-%A5s%B2%09%84%40%00%02%BA%B5%057%D4%25%CE%E7%00%01%E2%01%DA%0A%950%81%9F0%0D%06%09%2A%86H%86%F7%0D%01%01%01%05%00%03%81%8D%000%81%89%02%81%81%00%C0%FB%16%1F%A6%9A%5E%A0%2A%D2%80%DA%8E%D9f%C1%85r%83t%A6%28P6%CC%20O%60%D9Pi%87%F3%F6%D7%8C%F8F%BFw%3C%08%10%FF%D8%02%3E%1B%03E%0B%24%D5T%3F%21T%FC%8Fl%5C%07%22%60o%AA%AF%8E%1E6%9A%7DvVbs%2C%BCrW-Z%0F%F1%9F%CA%DA%B3%E0%06%E9%81%F7-%01%16%D5%7D%DF%D4%21E%2F%B0%C1%A7%27%AF%C2%0C%B6%C3%EC%1C%BF%5D%82T%A5%DEa%C4%14%401%10%C6%23%02%03%01%00%01%00%00%00%01%9A%06%AD%05%82%04%CA%BEnewface%00%03%E2%02%85%D7%C0.%E6%A2%06%2B%91%AF8hE%F6%C9U%84%F7%7D%A1%B3U%3F%CF%B4%1B%B0%85%A4%24x%11m%00%04%D2%8E0%00%04%DA%9617%00%04%E2%EE192.168.122.2%00%04%EA%A66001%00%03%D2%D62147483647%00%00%00%00/%B7%E03%AB%844%8C%FE%A5h%95%A1vC%00%D7%B1%2B%3A%7B%A4%BC%D9u%5C7%A7W%0D%F8S%B4 (1022 bytes)
1400717916.938547 ccnd[660]: debug.3807 interest_from 8 ccnx:/ccnx/%D7%C0.%E6%A2%06%2B%91%AF8hE%F6%C9U%84%F7%7D%A1%B3U%3F%CF%B4%1B%B0%85%A4%24x%11m/prefixreg/%04%82%02%AA%03%B2%08%85%5E%B6%1B%EB%2F%00%5D%93%3CP%DE%AC%EF%F1%2B%C1-h%AA%BB%5B%95%17c7%D6%07%25%CE%9E%CFIy%AF%1F-%D7ok0%60%F6%2F%B0%5D%29%2Fzc%0C%C0%11%CA%A5%F1%00Y%87%C3%D9%FD%A5%0E%9A%88%1D%FE%0A%B1%BB%B9%B3%0B%02%84%E0I%20o%C6%D3%0C%BB%EC%CD3%A8V%B2%3E%25kf%01X%91%CE%04q%FB%86%85%E9%EB%B1%1EN%7C%AE%DE%FE%EC%B7%2A%92%BA%24%E2%D9%0E%A7W%CB%27D%9D%5C%FC%00%00%F2%00%01%A2%03%E2%02%85%3F%CEUL%08m2%E5%A6%28%3Ew%CDb%836%8B%D9z%DA%5B%02%D776-%A5s%B2%09%84%40%00%02%BA%B5%057%D4%25%CF%00%00%01%E2%01%DA%0A%950%81%9F0%0D%06%09%2A%86H%86%F7%0D%01%01%01%05%00%03%81%8D%000%81%89%02%81%81%00%C0%FB%16%1F%A6%9A%5E%A0%2A%D2%80%DA%8E%D9f%C1%85r%83t%A6%28P6%CC%20O%60%D9Pi%87%F3%F6%D7%8C%F8F%BFw%3C%08%10%FF%D8%02%3E%1B%03E%0B%24%D5T%3F%21T%FC%8Fl%5C%07%22%60o%AA%AF%8E%1E6%9A%7DvVbs%2C%BCrW-Z%0F%F1%9F%CA%DA%B3%E0%06%E9%81%F7-%01%16%D5%7D%DF%D4%21E%2F%B0%C1%A7%27%AF%C2%0C%B6%C3%EC%1C%BF%5D%82T%A5%DEa%C4%14%401%10%C6%23%02%03%01%00%01%00%00%00%01%9A%04%D5%05%8A%04%CA%CEprefixreg%00%F2%00%03%E2%02%85%D7%C0.%E6%A2%06%2B%91%AF8hE%F6%C9U%84%F7%7D%A1%B3U%3F%CF%B4%1B%B0%85%A4%24x%11m%00%04%D2%8E7%00%03%D2%D62147483647%00%00%00%00 (509 bytes,scope=1)
1400717916.938562 ccnd[660]: version: 20090701, prefix_comps: 4, min_suffix_comps: 0, max_suffix_comps: 32767, orderpref: 0, answerfrom: 3, scope: 1, lifetime: 4.0000, excl: 0 bytes, etc: 0 bytes
1400717916.938604 ccnd[660]: debug.3856 first_candidate ccnx:/test/1/%FD%057%D4%25%A2%CD/%00/%E3j%1E%14%B08%5CD%2Ao%02%B4d%E4%A1%96xx%CCp%B1%2B%D6%D1%B2%97n%A6%E7h%27%09 (433 bytes)
1400717916.938717 ccnd[660]: debug.3863 prefix_mismatch ccnx:/ccnx/%D7%C0.%E6%A2%06%2B%91%AF8hE%F6%C9U%84%F7%7D%A1%B3U%3F%CF%B4%1B%B0%85%A4%24x%11m/prefixreg/%04%82%02%AA%03%B2%08%85%5E%B6%1B%EB%2F%00%5D%93%3CP%DE%AC%EF%F1%2B%C1-h%AA%BB%5B%95%17c7%D6%07%25%CE%9E%CFIy%AF%1F-%D7ok0%60%F6%2F%B0%5D%29%2Fzc%0C%C0%11%CA%A5%F1%00Y%87%C3%D9%FD%A5%0E%9A%88%1D%FE%0A%B1%BB%B9%B3%0B%02%84%E0I%20o%C6%D3%0C%BB%EC%CD3%A8V%B2%3E%25kf%01X%91%CE%04q%FB%86%85%E9%EB%B1%1EN%7C%AE%DE%FE%EC%B7%2A%92%BA%24%E2%D9%0E%A7W%CB%27D%9D%5C%FC%00%00%F2%00%01%A2%03%E2%02%85%3F%CEUL%08m2%E5%A6%28%3Ew%CDb%836%8B%D9z%DA%5B%02%D776-%A5s%B2%09%84%40%00%02%BA%B5%057%D4%25%CF%00%00%01%E2%01%DA%0A%950%81%9F0%0D%06%09%2A%86H%86%F7%0D%01%01%01%05%00%03%81%8D%000%81%89%02%81%81%00%C0%FB%16%1F%A6%9A%5E%A0%2A%D2%80%DA%8E%D9f%C1%85r%83t%A6%28P6%CC%20O%60%D9Pi%87%F3%F6%D7%8C%F8F%BFw%3C%08%10%FF%D8%02%3E%1B%03E%0B%24%D5T%3F%21T%FC%8Fl%5C%07%22%60o%AA%AF%8E%1E6%9A%7DvVbs%2C%BCrW-Z%0F%F1%9F%CA%DA%B3%E0%06%E9%81%F7-%01%16%D5%7D%DF%D4%21E%2F%B0%C1%A7%27%AF%C2%0C%B6%C3%EC%1C%BF%5D%82T%A5%DEa%C4%14%401%10%C6%23%02%03%01%00%01%00%00%00%01%9A%04%D5%05%8A%04%CA%CEprefixreg%00%F2%00%03%E2%02%85%D7%C0.%E6%A2%06%2B%91%AF8hE%F6%C9U%84%F7%7D%A1%B3U%3F%CF%B4%1B%B0%85%A4%24x%11m%00%04%D2%8E7%00%03%D2%D62147483647%00%00%00%00 (509 bytes,scope=1)
1400717916.938731 ccnd[660]: outbound.3131 adding 0
1400717916.938852 ccnd[660]: debug.3523 0x199fe40.0of1,usec=2528+3997472 8 ccnx:/ccnx/%D7%C0.%E6%A2%06%2B%91%AF8hE%F6%C9U%84%F7%7D%A1%B3U%3F%CF%B4%1B%B0%85%A4%24x%11m/prefixreg/%04%82%02%AA%03%B2%08%85%5E%B6%1B%EB%2F%00%5D%93%3CP%DE%AC%EF%F1%2B%C1-h%AA%BB%5B%95%17c7%D6%07%25%CE%9E%CFIy%AF%1F-%D7ok0%60%F6%2F%B0%5D%29%2Fzc%0C%C0%11%CA%A5%F1%00Y%87%C3%D9%FD%A5%0E%9A%88%1D%FE%0A%B1%BB%B9%B3%0B%02%84%E0I%20o%C6%D3%0C%BB%EC%CD3%A8V%B2%3E%25kf%01X%91%CE%04q%FB%86%85%E9%EB%B1%1EN%7C%AE%DE%FE%EC%B7%2A%92%BA%24%E2%D9%0E%A7W%CB%27D%9D%5C%FC%00%00%F2%00%01%A2%03%E2%02%85%3F%CEUL%08m2%E5%A6%28%3Ew%CDb%836%8B%D9z%DA%5B%02%D776-%A5s%B2%09%84%40%00%02%BA%B5%057%D4%25%CF%00%00%01%E2%01%DA%0A%950%81%9F0%0D%06%09%2A%86H%86%F7%0D%01%01%01%05%00%03%81%8D%000%81%89%02%81%81%00%C0%FB%16%1F%A6%9A%5E%A0%2A%D2%80%DA%8E%D9f%C1%85r%83t%A6%28P6%CC%20O%60%D9Pi%87%F3%F6%D7%8C%F8F%BFw%3C%08%10%FF%D8%02%3E%1B%03E%0B%24%D5T%3F%21T%FC%8Fl%5C%07%22%60o%AA%AF%8E%1E6%9A%7DvVbs%2C%BCrW-Z%0F%F1%9F%CA%DA%B3%E0%06%E9%81%F7-%01%16%D5%7D%DF%D4%21E%2F%B0%C1%A7%27%AF%C2%0C%B6%C3%EC%1C%BF%5D%82T%A5%DEa%C4%14%401%10%C6%23%02%03%01%00%01%00%00%00%01%9A%04%D5%05%8A%04%CA%CEprefixreg%00%F2%00%03%E2%02%85%D7%C0.%E6%A2%06%2B%91%AF8hE%F6%C9U%84%F7%7D%A1%B3U%3F%CF%B4%1B%B0%85%A4%24x%11m%00%04%D2%8E7%00%03%D2%D62147483647%00%00%00%00 (525 bytes,scope=1) D7C02E-0294-0008-5CEF-F2EAEE
1400717916.942136 ccnd[660]: debug.3210 interest_to 0 ccnx:/ccnx/%D7%C0.%E6%A2%06%2B%91%AF8hE%F6%C9U%84%F7%7D%A1%B3U%3F%CF%B4%1B%B0%85%A4%24x%11m/prefixreg/%04%82%02%AA%03%B2%08%85%5E%B6%1B%EB%2F%00%5D%93%3CP%DE%AC%EF%F1%2B%C1-h%AA%BB%5B%95%17c7%D6%07%25%CE%9E%CFIy%AF%1F-%D7ok0%60%F6%2F%B0%5D%29%2Fzc%0C%C0%11%CA%A5%F1%00Y%87%C3%D9%FD%A5%0E%9A%88%1D%FE%0A%B1%BB%B9%B3%0B%02%84%E0I%20o%C6%D3%0C%BB%EC%CD3%A8V%B2%3E%25kf%01X%91%CE%04q%FB%86%85%E9%EB%B1%1EN%7C%AE%DE%FE%EC%B7%2A%92%BA%24%E2%D9%0E%A7W%CB%27D%9D%5C%FC%00%00%F2%00%01%A2%03%E2%02%85%3F%CEUL%08m2%E5%A6%28%3Ew%CDb%836%8B%D9z%DA%5B%02%D776-%A5s%B2%09%84%40%00%02%BA%B5%057%D4%25%CF%00%00%01%E2%01%DA%0A%950%81%9F0%0D%06%09%2A%86H%86%F7%0D%01%01%01%05%00%03%81%8D%000%81%89%02%81%81%00%C0%FB%16%1F%A6%9A%5E%A0%2A%D2%80%DA%8E%D9f%C1%85r%83t%A6%28P6%CC%20O%60%D9Pi%87%F3%F6%D7%8C%F8F%BFw%3C%08%10%FF%D8%02%3E%1B%03E%0B%24%D5T%3F%21T%FC%8Fl%5C%07%22%60o%AA%AF%8E%1E6%9A%7DvVbs%2C%BCrW-Z%0F%F1%9F%CA%DA%B3%E0%06%E9%81%F7-%01%16%D5%7D%DF%D4%21E%2F%B0%C1%A7%27%AF%C2%0C%B6%C3%EC%1C%BF%5D%82T%A5%DEa%C4%14%401%10%C6%23%02%03%01%00%01%00%00%00%01%9A%04%D5%05%8A%04%CA%CEprefixreg%00%F2%00%03%E2%02%85%D7%C0.%E6%A2%06%2B%91%AF8hE%F6%C9U%84%F7%7D%A1%B3U%3F%CF%B4%1B%B0%85%A4%24x%11m%00%04%D2%8E7%00%03%D2%D62147483647%00%00%00%00 (525 bytes,scope=1) D7C02E-0294-0008-5CEF-F2EAEE
1400717916.942263 ccnd[660]: debug.158 ccnd_answer_req ccnx:/ccnx/%D7%C0.%E6%A2%06%2B%91%AF8hE%F6%C9U%84%F7%7D%A1%B3U%3F%CF%B4%1B%B0%85%A4%24x%11m/prefixreg/%04%82%02%AA%03%B2%08%85%5E%B6%1B%EB%2F%00%5D%93%3CP%DE%AC%EF%F1%2B%C1-h%AA%BB%5B%95%17c7%D6%07%25%CE%9E%CFIy%AF%1F-%D7ok0%60%F6%2F%B0%5D%29%2Fzc%0C%C0%11%CA%A5%F1%00Y%87%C3%D9%FD%A5%0E%9A%88%1D%FE%0A%B1%BB%B9%B3%0B%02%84%E0I%20o%C6%D3%0C%BB%EC%CD3%A8V%B2%3E%25kf%01X%91%CE%04q%FB%86%85%E9%EB%B1%1EN%7C%AE%DE%FE%EC%B7%2A%92%BA%24%E2%D9%0E%A7W%CB%27D%9D%5C%FC%00%00%F2%00%01%A2%03%E2%02%85%3F%CEUL%08m2%E5%A6%28%3Ew%CDb%836%8B%D9z%DA%5B%02%D776-%A5s%B2%09%84%40%00%02%BA%B5%057%D4%25%CF%00%00%01%E2%01%DA%0A%950%81%9F0%0D%06%09%2A%86H%86%F7%0D%01%01%01%05%00%03%81%8D%000%81%89%02%81%81%00%C0%FB%16%1F%A6%9A%5E%A0%2A%D2%80%DA%8E%D9f%C1%85r%83t%A6%28P6%CC%20O%60%D9Pi%87%F3%F6%D7%8C%F8F%BFw%3C%08%10%FF%D8%02%3E%1B%03E%0B%24%D5T%3F%21T%FC%8Fl%5C%07%22%60o%AA%AF%8E%1E6%9A%7DvVbs%2C%BCrW-Z%0F%F1%9F%CA%DA%B3%E0%06%E9%81%F7-%01%16%D5%7D%DF%D4%21E%2F%B0%C1%A7%27%AF%C2%0C%B6%C3%EC%1C%BF%5D%82T%A5%DEa%C4%14%401%10%C6%23%02%03%01%00%01%00%00%00%01%9A%04%D5%05%8A%04%CA%CEprefixreg%00%F2%00%03%E2%02%85%D7%C0.%E6%A2%06%2B%91%AF8hE%F6%C9U%84%F7%7D%A1%B3U%3F%CF%B4%1B%B0%85%A4%24x%11m%00%04%D2%8E7%00%03%D2%D62147483647%00%00%00%00 (525 bytes,scope=1) D7C02E-0294-0008-5CEF-F2EAEE
1400717916.942355 ccnd[660]: debug.2428 prefix,ff=3 7 ccnx:/ (2 bytes)
1400717916.943293 ccnd[660]: debug.280 ccnd_answer_req_response ccnx:/ccnx/%D7%C0.%E6%A2%06%2B%91%AF8hE%F6%C9U%84%F7%7D%A1%B3U%3F%CF%B4%1B%B0%85%A4%24x%11m/prefixreg/%04%82%02%AA%03%B2%08%85%5E%B6%1B%EB%2F%00%5D%93%3CP%DE%AC%EF%F1%2B%C1-h%AA%BB%5B%95%17c7%D6%07%25%CE%9E%CFIy%AF%1F-%D7ok0%60%F6%2F%B0%5D%29%2Fzc%0C%C0%11%CA%A5%F1%00Y%87%C3%D9%FD%A5%0E%9A%88%1D%FE%0A%B1%BB%B9%B3%0B%02%84%E0I%20o%C6%D3%0C%BB%EC%CD3%A8V%B2%3E%25kf%01X%91%CE%04q%FB%86%85%E9%EB%B1%1EN%7C%AE%DE%FE%EC%B7%2A%92%BA%24%E2%D9%0E%A7W%CB%27D%9D%5C%FC%00%00%F2%00%01%A2%03%E2%02%85%3F%CEUL%08m2%E5%A6%28%3Ew%CDb%836%8B%D9z%DA%5B%02%D776-%A5s%B2%09%84%40%00%02%BA%B5%057%D4%25%CF%00%00%01%E2%01%DA%0A%950%81%9F0%0D%06%09%2A%86H%86%F7%0D%01%01%01%05%00%03%81%8D%000%81%89%02%81%81%00%C0%FB%16%1F%A6%9A%5E%A0%2A%D2%80%DA%8E%D9f%C1%85r%83t%A6%28P6%CC%20O%60%D9Pi%87%F3%F6%D7%8C%F8F%BFw%3C%08%10%FF%D8%02%3E%1B%03E%0B%24%D5T%3F%21T%FC%8Fl%5C%07%22%60o%AA%AF%8E%1E6%9A%7DvVbs%2C%BCrW-Z%0F%F1%9F%CA%DA%B3%E0%06%E9%81%F7-%01%16%D5%7D%DF%D4%21E%2F%B0%C1%A7%27%AF%C2%0C%B6%C3%EC%1C%BF%5D%82T%A5%DEa%C4%14%401%10%C6%23%02%03%01%00%01%00%00%00%01%9A%04%D5%05%8A%04%CA%CEprefixreg%00%F2%00%03%E2%02%85%D7%C0.%E6%A2%06%2B%91%AF8hE%F6%C9U%84%F7%7D%A1%B3U%3F%CF%B4%1B%B0%85%A4%24x%11m%00%04%D2%8E7%00%03%D2%D62147483647%00%00%00%00 (941 bytes)
1400717916.943447 ccnd[660]: debug.4109 content_from 0 ccnx:/ccnx/%D7%C0.%E6%A2%06%2B%91%AF8hE%F6%C9U%84%F7%7D%A1%B3U%3F%CF%B4%1B%B0%85%A4%24x%11m/prefixreg/%04%82%02%AA%03%B2%08%85%5E%B6%1B%EB%2F%00%5D%93%3CP%DE%AC%EF%F1%2B%C1-h%AA%BB%5B%95%17c7%D6%07%25%CE%9E%CFIy%AF%1F-%D7ok0%60%F6%2F%B0%5D%29%2Fzc%0C%C0%11%CA%A5%F1%00Y%87%C3%D9%FD%A5%0E%9A%88%1D%FE%0A%B1%BB%B9%B3%0B%02%84%E0I%20o%C6%D3%0C%BB%EC%CD3%A8V%B2%3E%25kf%01X%91%CE%04q%FB%86%85%E9%EB%B1%1EN%7C%AE%DE%FE%EC%B7%2A%92%BA%24%E2%D9%0E%A7W%CB%27D%9D%5C%FC%00%00%F2%00%01%A2%03%E2%02%85%3F%CEUL%08m2%E5%A6%28%3Ew%CDb%836%8B%D9z%DA%5B%02%D776-%A5s%B2%09%84%40%00%02%BA%B5%057%D4%25%CF%00%00%01%E2%01%DA%0A%950%81%9F0%0D%06%09%2A%86H%86%F7%0D%01%01%01%05%00%03%81%8D%000%81%89%02%81%81%00%C0%FB%16%1F%A6%9A%5E%A0%2A%D2%80%DA%8E%D9f%C1%85r%83t%A6%28P6%CC%20O%60%D9Pi%87%F3%F6%D7%8C%F8F%BFw%3C%08%10%FF%D8%02%3E%1B%03E%0B%24%D5T%3F%21T%FC%8Fl%5C%07%22%60o%AA%AF%8E%1E6%9A%7DvVbs%2C%BCrW-Z%0F%F1%9F%CA%DA%B3%E0%06%E9%81%F7-%01%16%D5%7D%DF%D4%21E%2F%B0%C1%A7%27%AF%C2%0C%B6%C3%EC%1C%BF%5D%82T%A5%DEa%C4%14%401%10%C6%23%02%03%01%00%01%00%00%00%01%9A%04%D5%05%8A%04%CA%CEprefixreg%00%F2%00%03%E2%02%85%D7%C0.%E6%A2%06%2B%91%AF8hE%F6%C9U%84%F7%7D%A1%B3U%3F%CF%B4%1B%B0%85%A4%24x%11m%00%04%D2%8E7%00%03%D2%D62147483647%00%00%00%00/%EE%5B%9A%C0%25%80%C5m%14%0Bi%87%5B%19%B2x.%DD%D5%04%29%B1%CE%FB%9D%1D.%13%DEx%40%0B (977 bytes)
1400717916.943487 ccnd[660]: fwd.3059 adding 0
1400717916.943498 ccnd[660]: fwd.3059 adding 7
1400717916.943515 ccnd[660]: face 8 q 0 delay 3 usec
1400717916.943632 ccnd[660]: debug.1526 consume 8 ccnx:/ccnx/%D7%C0.%E6%A2%06%2B%91%AF8hE%F6%C9U%84%F7%7D%A1%B3U%3F%CF%B4%1B%B0%85%A4%24x%11m/prefixreg/%04%82%02%AA%03%B2%08%85%5E%B6%1B%EB%2F%00%5D%93%3CP%DE%AC%EF%F1%2B%C1-h%AA%BB%5B%95%17c7%D6%07%25%CE%9E%CFIy%AF%1F-%D7ok0%60%F6%2F%B0%5D%29%2Fzc%0C%C0%11%CA%A5%F1%00Y%87%C3%D9%FD%A5%0E%9A%88%1D%FE%0A%B1%BB%B9%B3%0B%02%84%E0I%20o%C6%D3%0C%BB%EC%CD3%A8V%B2%3E%25kf%01X%91%CE%04q%FB%86%85%E9%EB%B1%1EN%7C%AE%DE%FE%EC%B7%2A%92%BA%24%E2%D9%0E%A7W%CB%27D%9D%5C%FC%00%00%F2%00%01%A2%03%E2%02%85%3F%CEUL%08m2%E5%A6%28%3Ew%CDb%836%8B%D9z%DA%5B%02%D776-%A5s%B2%09%84%40%00%02%BA%B5%057%D4%25%CF%00%00%01%E2%01%DA%0A%950%81%9F0%0D%06%09%2A%86H%86%F7%0D%01%01%01%05%00%03%81%8D%000%81%89%02%81%81%00%C0%FB%16%1F%A6%9A%5E%A0%2A%D2%80%DA%8E%D9f%C1%85r%83t%A6%28P6%CC%20O%60%D9Pi%87%F3%F6%D7%8C%F8F%BFw%3C%08%10%FF%D8%02%3E%1B%03E%0B%24%D5T%3F%21T%FC%8Fl%5C%07%22%60o%AA%AF%8E%1E6%9A%7DvVbs%2C%BCrW-Z%0F%F1%9F%CA%DA%B3%E0%06%E9%81%F7-%01%16%D5%7D%DF%D4%21E%2F%B0%C1%A7%27%AF%C2%0C%B6%C3%EC%1C%BF%5D%82T%A5%DEa%C4%14%401%10%C6%23%02%03%01%00%01%00%00%00%01%9A%04%D5%05%8A%04%CA%CEprefixreg%00%F2%00%03%E2%02%85%D7%C0.%E6%A2%06%2B%91%AF8hE%F6%C9U%84%F7%7D%A1%B3U%3F%CF%B4%1B%B0%85%A4%24x%11m%00%04%D2%8E7%00%03%D2%D62147483647%00%00%00%00 (525 bytes,scope=1) D7C02E-0294-0008-5CEF-F2EAEE
1400717916.943645 ccnd[660]: sl.1598 0 ci=4 osrc=4294967295 src=0 usec=10142
1400717916.943656 ccnd[660]: fwd.3059 adding 0
1400717916.943676 ccnd[660]: fwd.3059 adding 7
1400717916.943686 ccnd[660]: sl.1598 0 ci=3 osrc=4294967295 src=0 usec=10142
1400717916.943697 ccnd[660]: fwd.3059 adding 0
1400717916.943707 ccnd[660]: fwd.3059 adding 7
1400717916.943717 ccnd[660]: fwd.3059 adding 7
1400717916.943727 ccnd[660]: fwd.3059 adding 7
1400717916.943848 ccnd[660]: debug.1268 content_to 8 ccnx:/ccnx/%D7%C0.%E6%A2%06%2B%91%AF8hE%F6%C9U%84%F7%7D%A1%B3U%3F%CF%B4%1B%B0%85%A4%24x%11m/prefixreg/%04%82%02%AA%03%B2%08%85%5E%B6%1B%EB%2F%00%5D%93%3CP%DE%AC%EF%F1%2B%C1-h%AA%BB%5B%95%17c7%D6%07%25%CE%9E%CFIy%AF%1F-%D7ok0%60%F6%2F%B0%5D%29%2Fzc%0C%C0%11%CA%A5%F1%00Y%87%C3%D9%FD%A5%0E%9A%88%1D%FE%0A%B1%BB%B9%B3%0B%02%84%E0I%20o%C6%D3%0C%BB%EC%CD3%A8V%B2%3E%25kf%01X%91%CE%04q%FB%86%85%E9%EB%B1%1EN%7C%AE%DE%FE%EC%B7%2A%92%BA%24%E2%D9%0E%A7W%CB%27D%9D%5C%FC%00%00%F2%00%01%A2%03%E2%02%85%3F%CEUL%08m2%E5%A6%28%3Ew%CDb%836%8B%D9z%DA%5B%02%D776-%A5s%B2%09%84%40%00%02%BA%B5%057%D4%25%CF%00%00%01%E2%01%DA%0A%950%81%9F0%0D%06%09%2A%86H%86%F7%0D%01%01%01%05%00%03%81%8D%000%81%89%02%81%81%00%C0%FB%16%1F%A6%9A%5E%A0%2A%D2%80%DA%8E%D9f%C1%85r%83t%A6%28P6%CC%20O%60%D9Pi%87%F3%F6%D7%8C%F8F%BFw%3C%08%10%FF%D8%02%3E%1B%03E%0B%24%D5T%3F%21T%FC%8Fl%5C%07%22%60o%AA%AF%8E%1E6%9A%7DvVbs%2C%BCrW-Z%0F%F1%9F%CA%DA%B3%E0%06%E9%81%F7-%01%16%D5%7D%DF%D4%21E%2F%B0%C1%A7%27%AF%C2%0C%B6%C3%EC%1C%BF%5D%82T%A5%DEa%C4%14%401%10%C6%23%02%03%01%00%01%00%00%00%01%9A%04%D5%05%8A%04%CA%CEprefixreg%00%F2%00%03%E2%02%85%D7%C0.%E6%A2%06%2B%91%AF8hE%F6%C9U%84%F7%7D%A1%B3U%3F%CF%B4%1B%B0%85%A4%24x%11m%00%04%D2%8E7%00%03%D2%D62147483647%00%00%00%00/%EE%5B%9A%C0%25%80%C5m%14%0Bi%87%5B%19%B2x.%DD%D5%04%29%B1%CE%FB%9D%1D.%13%DEx%40%0B (977 bytes)
1400717916.944480 ccnd[660]: shutdown client fd=9 id=8
1400717916.944501 ccnd[660]: releasing face id 8 (slot 8)
1400717920.000000 ccnd[660]: 6001 ____________________ Thu May 22 00:18:40 2014
1400717920.302215 ccnd[660]: debug.3946 stale ccnx:/%C1.M.S.neighborhood/%C1.M.SRV/ccnd/KEY/%C1.M.K%00%D7%C0.%E6%A2%06%2B%91%AF8hE%F6%C9U%84%F7%7D%A1%B3U%3F%CF%B4%1B%B0%85%A4%24x%11m/%FD%057%D4%23%5B%D8/%00/%C12%A5%96%E0K%CE%29%B7%11N%2AS%D7%C8%9Dr%1A%AEI%BDI%1Aw%07%F9.%91%82%83%9C%8F (617 bytes)
1400717923.296611 ccnd[660]: debug.3807 interest_from 7 ccnx:/test/1 (32 bytes) 6A536B-0286-0008-6318-9D41C9
1400717923.296629 ccnd[660]: version: 20090701, prefix_comps: 2, min_suffix_comps: 0, max_suffix_comps: 32767, orderpref: 0, answerfrom: 3, scope: -1, lifetime: 4.0000, excl: 0 bytes, etc: 0 bytes
1400717923.296667 ccnd[660]: debug.3856 first_candidate ccnx:/test/1/%FD%057%D4%25%A2%CD/%00/%E3j%1E%14%B08%5CD%2Ao%02%B4d%E4%A1%96xx%CCp%B1%2B%D6%D1%B2%97n%A6%E7h%27%09 (433 bytes)
1400717923.296697 ccnd[660]: debug.3884 matches ccnx:/test/1/%FD%057%D4%25%A2%CD/%00/%E3j%1E%14%B08%5CD%2Ao%02%B4d%E4%A1%96xx%CCp%B1%2B%D6%D1%B2%97n%A6%E7h%27%09 (433 bytes)
1400717923.296711 ccnd[660]: face 7 q 1 delay 944 usec
1400717923.296731 ccnd[660]: debug.3918 consume 7 ccnx:/test/1 (32 bytes) 6A536B-0286-0008-6318-9D41C9
1400717923.296743 ccnd[660]: fwd.3059 adding 6
1400717923.296753 ccnd[660]: fwd.3059 adding 7
1400717923.296763 ccnd[660]: fwd.3059 adding 7
1400717923.296773 ccnd[660]: fwd.3059 adding 7
1400717923.296797 ccnd[660]: debug.3807 interest_from 7 ccnx:/%C1.M.S.neighborhood/%C1.M.SRV/ccnd/KEY (55 bytes,scope=2)
1400717923.296807 ccnd[660]: version: 20090701, prefix_comps: 4, min_suffix_comps: 0, max_suffix_comps: 32767, orderpref: 0, answerfrom: 3, scope: 2, lifetime: 4.0000, excl: 0 bytes, etc: 0 bytes
1400717923.296849 ccnd[660]: debug.3856 first_candidate ccnx:/%C1.M.S.neighborhood/%C1.M.SRV/ccnd/KEY/%C1.M.K%00%D7%C0.%E6%A2%06%2B%91%AF8hE%F6%C9U%84%F7%7D%A1%B3U%3F%CF%B4%1B%B0%85%A4%24x%11m/%FD%057%D4%23%5B%D8/%00/%C12%A5%96%E0K%CE%29%B7%11N%2AS%D7%C8%9Dr%1A%AEI%BDI%1Aw%07%F9.%91%82%83%9C%8F (617 bytes)
1400717923.296861 ccnd[660]: fwd.3059 adding 0
1400717923.296871 ccnd[660]: fwd.3059 adding 7
1400717923.296881 ccnd[660]: outbound.3131 adding 0
1400717923.296910 ccnd[660]: debug.3523 0x19a3a10.0of1,usec=23+3999977 7 ccnx:/%C1.M.S.neighborhood/%C1.M.SRV/ccnd/KEY (71 bytes,scope=2) D7C02E-0294-0007-634B-C8E4D0
1400717923.298099 ccnd[660]: debug.3210 interest_to 0 ccnx:/%C1.M.S.neighborhood/%C1.M.SRV/ccnd/KEY (71 bytes,scope=2) D7C02E-0294-0007-634B-C8E4D0
1400717923.298130 ccnd[660]: debug.158 ccnd_answer_req ccnx:/%C1.M.S.neighborhood/%C1.M.SRV/ccnd/KEY (71 bytes,scope=2) D7C02E-0294-0007-634B-C8E4D0
1400717923.298206 ccnd[660]: debug.4109 content_from 0 ccnx:/%C1.M.S.neighborhood/%C1.M.SRV/ccnd/KEY/%C1.M.K%00%D7%C0.%E6%A2%06%2B%91%AF8hE%F6%C9U%84%F7%7D%A1%B3U%3F%CF%B4%1B%B0%85%A4%24x%11m/%FD%057%D4%23%5B%D8/%00/%C12%A5%96%E0K%CE%29%B7%11N%2AS%D7%C8%9Dr%1A%AEI%BDI%1Aw%07%F9.%91%82%83%9C%8F (617 bytes)
1400717923.298227 ccnd[660]: fwd.3059 adding 0
1400717923.298237 ccnd[660]: fwd.3059 adding 7
1400717923.298264 ccnd[660]: debug.1526 consume 7 ccnx:/%C1.M.S.neighborhood/%C1.M.SRV/ccnd/KEY (71 bytes,scope=2) D7C02E-0294-0007-634B-C8E4D0
1400717923.298275 ccnd[660]: sl.1598 0 ci=4 osrc=0 src=0 usec=10142
1400717923.298286 ccnd[660]: fwd.3059 adding 0
1400717923.298296 ccnd[660]: fwd.3059 adding 7
1400717923.298306 ccnd[660]: sl.1598 0 ci=3 osrc=0 src=0 usec=10142
1400717923.298317 ccnd[660]: fwd.3059 adding 0
1400717923.298326 ccnd[660]: fwd.3059 adding 7
1400717923.298354 ccnd[660]: debug.1268 content_to 7 ccnx:/test/1/%FD%057%D4%25%A2%CD/%00/%E3j%1E%14%B08%5CD%2Ao%02%B4d%E4%A1%96xx%CCp%B1%2B%D6%D1%B2%97n%A6%E7h%27%09 (433 bytes)
1400717923.298378 ccnd[660]: face 7 queued 1 delay 1319
1400717923.000000 ccnd[660]: 6001 ____________________ Thu May 22 00:18:43 2014
1400717923.299497 ccnd[660]: debug.1268 content_to 7 ccnx:/%C1.M.S.neighborhood/%C1.M.SRV/ccnd/KEY/%C1.M.K%00%D7%C0.%E6%A2%06%2B%91%AF8hE%F6%C9U%84%F7%7D%A1%B3U%3F%CF%B4%1B%B0%85%A4%24x%11m/%FD%057%D4%23%5B%D8/%00/%C12%A5%96%E0K%CE%29%B7%11N%2AS%D7%C8%9Dr%1A%AEI%BDI%1Aw%07%F9.%91%82%83%9C%8F (617 bytes)
1400717924.065611 ccnd[660]: debug.3946 stale ccnx:/ccnx/%D7%C0.%E6%A2%06%2B%91%AF8hE%F6%C9U%84%F7%7D%A1%B3U%3F%CF%B4%1B%B0%85%A4%24x%11m/selfreg/%04%82%02%AA%03%B2%08%85%2B~1%88%F0y%87a%EB%0FK%E22%87%8A%BC~%28%CC%B4%EFq81%95%D5%7C%D9%84%9E%CE%F1X%A0%A11%8Dn%FA%F7%8F0%CB%18%A5%17%99H%EC%0A%8Fb%2FS%22%D8%1FPi%B3~-%A4q%D3%3Bl%1E%BF%D0%D4%5DQ%E2%E9%D7%CE%C2.%1C%D3o%E1f9%E9%CF8Jl%CF%98%91q%EA%82%1AF7%EEH%A68%1D%F2%10e%28%05V%D0%B7S%AF%A9I%16%06%D3%1D%CC%A9x%0F%D3%E6%E5%DE%00%00%F2%00%01%A2%03%E2%02%85%3F%CEUL%08m2%E5%A6%28%3Ew%CDb%836%8B%D9z%DA%5B%02%D776-%A5s%B2%09%84%40%00%02%BA%B5%057%D4%25%A0F%00%01%E2%01%DA%0A%950%81%9F0%0D%06%09%2A%86H%86%F7%0D%01%01%01%05%00%03%81%8D%000%81%89%02%81%81%00%C0%FB%16%1F%A6%9A%5E%A0%2A%D2%80%DA%8E%D9f%C1%85r%83t%A6%28P6%CC%20O%60%D9Pi%87%F3%F6%D7%8C%F8F%BFw%3C%08%10%FF%D8%02%3E%1B%03E%0B%24%D5T%3F%21T%FC%8Fl%5C%07%22%60o%AA%AF%8E%1E6%9A%7DvVbs%2C%BCrW-Z%0F%F1%9F%CA%DA%B3%E0%06%E9%81%F7-%01%16%D5%7D%DF%D4%21E%2F%B0%C1%A7%27%AF%C2%0C%B6%C3%EC%1C%BF%5D%82T%A5%DEa%C4%14%401%10%C6%23%02%03%01%00%01%00%00%00%01%9A%09%ED%05%8A%04%CA%BEselfreg%00%F2%FA%C5ccnx.org%00%FA%ADUsers%00%FA%A5user%00%FA%A5Keys%00%FA%02%B5%C1.M.K%00%3F%CEUL%08m2%E5%A6%28%3Ew%CDb%836%8B%D9z%DA%5B%02%D776-%A5s%B2%09%84%40%00%FA%BD%FD%04%FB%C93%60%00%00%00%03%E2%02%85%D7%C0.%E6%A2%06%2B%91%AF8hE%F6%C9U%84%F7%7D%A1%B3U%3F%CF%B4%1B%B0%85%A4%24x%11m%00%04%FA%8E3%00%03%D2%D62147483647%00%00%00%00/W%EA%28%98%E2%82%5EW%B9%98%9FF%F0%A9%23%C3%5C%9B%E6%D0%0D%AA0%F1q%B0%7D%0A%29%14p%CF (1139 bytes)
1400717924.165938 ccnd[660]: debug.3946 stale ccnx:/ccnx/%D7%C0.%E6%A2%06%2B%91%AF8hE%F6%C9U%84%F7%7D%A1%B3U%3F%CF%B4%1B%B0%85%A4%24x%11m/selfreg/%04%82%02%AA%03%B2%08%85%82%CC%12%82%22%8A%1D%AE%5E%E4R%CF%DC%A7%D0L%A5%22%DFLC%F0r%06%5Df0%D0.%2CW%FCc%FF%B9%CC%95%23%99e%83SC%13P%C9%BAoh%9Czh%E5%28%AE%3Bk%F9p%0F%91%B1cX%7C%CA%0D%83%FA%29%FD%2F%99E%23%E2%C9%3C%A5%CEo%D6%C7%ED%2C%E1%F8%E3f%D6%ECe%E4%3D%97%BB%F3%3B%18K%1E%9E%1BA%AFF%15pIj%BBB%DF4%A7%FD%0AR%B5g%23%EB%1A%2C.%DA%F7%DA%00%00%F2%00%01%A2%03%E2%02%85%3F%CEUL%08m2%E5%A6%28%3Ew%CDb%836%8B%D9z%DA%5B%02%D776-%A5s%B2%09%84%40%00%02%BA%B5%057%D4%25%A2V%00%01%E2%01%DA%0A%950%81%9F0%0D%06%09%2A%86H%86%F7%0D%01%01%01%05%00%03%81%8D%000%81%89%02%81%81%00%C0%FB%16%1F%A6%9A%5E%A0%2A%D2%80%DA%8E%D9f%C1%85r%83t%A6%28P6%CC%20O%60%D9Pi%87%F3%F6%D7%8C%F8F%BFw%3C%08%10%FF%D8%02%3E%1B%03E%0B%24%D5T%3F%21T%FC%8Fl%5C%07%22%60o%AA%AF%8E%1E6%9A%7DvVbs%2C%BCrW-Z%0F%F1%9F%CA%DA%B3%E0%06%E9%81%F7-%01%16%D5%7D%DF%D4%21E%2F%B0%C1%A7%27%AF%C2%0C%B6%C3%EC%1C%BF%5D%82T%A5%DEa%C4%14%401%10%C6%23%02%03%01%00%01%00%00%00%01%9A%05%9D%05%8A%04%CA%BEselfreg%00%F2%FA%A5test%00%FA%8D1%00%00%03%E2%02%85%D7%C0.%E6%A2%06%2B%91%AF8hE%F6%C9U%84%F7%7D%A1%B3U%3F%CF%B4%1B%B0%85%A4%24x%11m%00%04%FA%8E3%00%03%D2%D62147483647%00%00%00%00/%FB%5C%1E%D7%9B5%3F%09%80%F0%D63%F7%10%CDC%CA%0E%FC0%ED%B7%88%24W%8F%EE%E4%B0%19%2Am (991 bytes)
1400717926.939141 ccnd[660]: debug.3946 stale ccnx:/ccnx/%D7%C0.%E6%A2%06%2B%91%AF8hE%F6%C9U%84%F7%7D%A1%B3U%3F%CF%B4%1B%B0%85%A4%24x%11m/newface/%04%82%02%AA%03%B2%08%85%B5%CF%FC%27%08%B7%2A%89_eu%FBM%F6xG%ED%8C%B7%3A%0E%5C%0F%F6%D0%03%0D%60%21%91%86%C1%02%27%FA%D9%23l%10K%0E%20A%B7%94%E3z%AB%FF%FD%FE%0B%D95%C7~%D0%0A%C6X%B72%20%EF%9FX%98%1En%18%BBlw%DB%2B%FE%16%5C%03%5B%FF%C4%60%0F2%F6h%C9p%2C%E4%F48%C4%EA%F6%7F%8B%D2%AF4%E5%FA%10%8F%AD%04M%84%5D%9C%C0%C5D%C4%5C15%E0%5D%26bq%19%08%C4%22%9A%00%00%F2%00%01%A2%03%E2%02%85%3F%CEUL%08m2%E5%A6%28%3Ew%CDb%836%8B%D9z%DA%5B%02%D776-%A5s%B2%09%84%40%00%02%BA%B5%057%D4%25%CE%E7%00%01%E2%01%DA%0A%950%81%9F0%0D%06%09%2A%86H%86%F7%0D%01%01%01%05%00%03%81%8D%000%81%89%02%81%81%00%C0%FB%16%1F%A6%9A%5E%A0%2A%D2%80%DA%8E%D9f%C1%85r%83t%A6%28P6%CC%20O%60%D9Pi%87%F3%F6%D7%8C%F8F%BFw%3C%08%10%FF%D8%02%3E%1B%03E%0B%24%D5T%3F%21T%FC%8Fl%5C%07%22%60o%AA%AF%8E%1E6%9A%7DvVbs%2C%BCrW-Z%0F%F1%9F%CA%DA%B3%E0%06%E9%81%F7-%01%16%D5%7D%DF%D4%21E%2F%B0%C1%A7%27%AF%C2%0C%B6%C3%EC%1C%BF%5D%82T%A5%DEa%C4%14%401%10%C6%23%02%03%01%00%01%00%00%00%01%9A%06%AD%05%82%04%CA%BEnewface%00%03%E2%02%85%D7%C0.%E6%A2%06%2B%91%AF8hE%F6%C9U%84%F7%7D%A1%B3U%3F%CF%B4%1B%B0%85%A4%24x%11m%00%04%D2%8E0%00%04%DA%9617%00%04%E2%EE192.168.122.2%00%04%EA%A66001%00%03%D2%D62147483647%00%00%00%00/%B7%E03%AB%844%8C%FE%A5h%95%A1vC%00%D7%B1%2B%3A%7B%A4%BC%D9u%5C7%A7W%0D%F8S%B4 (1022 bytes)
1400717926.944404 ccnd[660]: debug.3946 stale ccnx:/ccnx/%D7%C0.%E6%A2%06%2B%91%AF8hE%F6%C9U%84%F7%7D%A1%B3U%3F%CF%B4%1B%B0%85%A4%24x%11m/prefixreg/%04%82%02%AA%03%B2%08%85%5E%B6%1B%EB%2F%00%5D%93%3CP%DE%AC%EF%F1%2B%C1-h%AA%BB%5B%95%17c7%D6%07%25%CE%9E%CFIy%AF%1F-%D7ok0%60%F6%2F%B0%5D%29%2Fzc%0C%C0%11%CA%A5%F1%00Y%87%C3%D9%FD%A5%0E%9A%88%1D%FE%0A%B1%BB%B9%B3%0B%02%84%E0I%20o%C6%D3%0C%BB%EC%CD3%A8V%B2%3E%25kf%01X%91%CE%04q%FB%86%85%E9%EB%B1%1EN%7C%AE%DE%FE%EC%B7%2A%92%BA%24%E2%D9%0E%A7W%CB%27D%9D%5C%FC%00%00%F2%00%01%A2%03%E2%02%85%3F%CEUL%08m2%E5%A6%28%3Ew%CDb%836%8B%D9z%DA%5B%02%D776-%A5s%B2%09%84%40%00%02%BA%B5%057%D4%25%CF%00%00%01%E2%01%DA%0A%950%81%9F0%0D%06%09%2A%86H%86%F7%0D%01%01%01%05%00%03%81%8D%000%81%89%02%81%81%00%C0%FB%16%1F%A6%9A%5E%A0%2A%D2%80%DA%8E%D9f%C1%85r%83t%A6%28P6%CC%20O%60%D9Pi%87%F3%F6%D7%8C%F8F%BFw%3C%08%10%FF%D8%02%3E%1B%03E%0B%24%D5T%3F%21T%FC%8Fl%5C%07%22%60o%AA%AF%8E%1E6%9A%7DvVbs%2C%BCrW-Z%0F%F1%9F%CA%DA%B3%E0%06%E9%81%F7-%01%16%D5%7D%DF%D4%21E%2F%B0%C1%A7%27%AF%C2%0C%B6%C3%EC%1C%BF%5D%82T%A5%DEa%C4%14%401%10%C6%23%02%03%01%00%01%00%00%00%01%9A%04%D5%05%8A%04%CA%CEprefixreg%00%F2%00%03%E2%02%85%D7%C0.%E6%A2%06%2B%91%AF8hE%F6%C9U%84%F7%7D%A1%B3U%3F%CF%B4%1B%B0%85%A4%24x%11m%00%04%D2%8E7%00%03%D2%D62147483647%00%00%00%00/%EE%5B%9A%C0%25%80%C5m%14%0Bi%87%5B%19%B2x.%DD%D5%04%29%B1%CE%FB%9D%1D.%13%DEx%40%0B (977 bytes)
1400717928.298976 ccnd[660]: debug.3946 stale ccnx:/%C1.M.S.neighborhood/%C1.M.SRV/ccnd/KEY/%C1.M.K%00%D7%C0.%E6%A2%06%2B%91%AF8hE%F6%C9U%84%F7%7D%A1%B3U%3F%CF%B4%1B%B0%85%A4%24x%11m/%FD%057%D4%23%5B%D8/%00/%C12%A5%96%E0K%CE%29%B7%11N%2AS%D7%C8%9Dr%1A%AEI%BDI%1Aw%07%F9.%91%82%83%9C%8F (617 bytes)
