1400717640.000000 ccnd[674]: 6001 ____________________ Thu May 22 00:14:00 2014
1400717640.681138 ccnd[674]: CCND_DEBUG=-1 CCND_CAP=50000
1400717640.681308 ccnd[674]: listening on /tmp/.ccnd.sock.6001
1400717640.681368 ccnd[674]: accepting ipv4 datagrams on fd 4 rcvbuf 124928
1400717640.681390 ccnd[674]: accepting ipv4 connections on fd 5
1400717640.681434 ccnd[674]: accepting ipv6 datagrams on fd 6 rcvbuf 124928
1400717640.681455 ccnd[674]: accepting ipv6 connections on fd 7
1400717640.683536 ccnd[674]: debug.2428 prefix,ff=3 0 ccnx:/ccnx/ping (16 bytes)
1400717640.683635 ccnd[674]: debug.2428 prefix,ff=3 0 ccnx:/%C1.M.S.localhost/%C1.M.SRV/ccnd (37 bytes)
1400717640.683653 ccnd[674]: debug.2428 prefix,ff=3 0 ccnx:/%C1.M.S.neighborhood (24 bytes)
1400717640.683680 ccnd[674]: debug.2428 prefix,ff=0x17 0 ccnx:/ccnx/%D7%C0.%E6%A2%06%2B%91%AF8hE%F6%C9U%84%F7%7D%A1%B3U%3F%CF%B4%1B%B0%85%A4%24x%11m (45 bytes)
1400717640.683693 ccnd[674]: debug.2428 prefix,ff=0x23 0 ccnx:/%C1.M.S.localhost (20 bytes)
1400717640.734178 ccnd[674]: accepted client fd=8 id=6
1400717640.734391 ccnd[674]: shutdown client fd=8 id=6
1400717640.734409 ccnd[674]: recycling face id 6 (slot 6)
1400717640.738915 ccnd[674]: accepted client fd=8 id=6
1400717640.738993 ccnd[674]: shutdown client fd=8 id=6
1400717640.739006 ccnd[674]: recycling face id 6 (slot 6)
1400717676.000000 ccnd[674]: 6001 ____________________ Thu May 22 00:14:36 2014
1400717676.898498 ccnd[674]: accepted client fd=8 id=6
1400717676.945732 ccnd[674]: debug.3807 interest_from 6 ccnx:/%C1.M.S.localhost/%C1.M.SRV/ccnd/KEY (51 bytes,scope=1)
1400717676.945755 ccnd[674]: version: 20090701, prefix_comps: 4, min_suffix_comps: 0, max_suffix_comps: 32767, orderpref: 0, answerfrom: 3, scope: 1, lifetime: 4.0000, excl: 0 bytes, etc: 0 bytes
1400717676.945776 ccnd[674]: fwd.3059 adding 0
1400717676.945784 ccnd[674]: fwd.3059 adding 0
1400717676.945791 ccnd[674]: outbound.3131 adding 0
1400717676.945812 ccnd[674]: debug.3523 0x171ed20.0of1,usec=2314+3997686 6 ccnx:/%C1.M.S.localhost/%C1.M.SRV/ccnd/KEY (67 bytes,scope=1) D7C02E-02A2-0006-6CE6-BD8D3F
1400717676.948925 ccnd[674]: debug.3210 interest_to 0 ccnx:/%C1.M.S.localhost/%C1.M.SRV/ccnd/KEY (67 bytes,scope=1) D7C02E-02A2-0006-6CE6-BD8D3F
1400717676.948961 ccnd[674]: debug.158 ccnd_answer_req ccnx:/%C1.M.S.localhost/%C1.M.SRV/ccnd/KEY (67 bytes,scope=1) D7C02E-02A2-0006-6CE6-BD8D3F
1400717676.950056 ccnd[674]: debug.4109 content_from 0 ccnx:/%C1.M.S.localhost/%C1.M.SRV/ccnd/KEY/%C1.M.K%00%D7%C0.%E6%A2%06%2B%91%AF8hE%F6%C9U%84%F7%7D%A1%B3U%3F%CF%B4%1B%B0%85%A4%24x%11m/%FD%057%D4%14%8A%E6/%00/h%93%C8%B8%FB%CBWo%7BM%F1T7%F8%0Am%A0%89%C2%DB%F2%FDI%D2%87%96%22%B6%A73%A3%29 (611 bytes)
1400717676.950074 ccnd[674]: fwd.3059 adding 0
1400717676.950082 ccnd[674]: fwd.3059 adding 0
1400717676.950094 ccnd[674]: face 6 q 0 delay 3 usec
1400717676.950110 ccnd[674]: debug.1526 consume 6 ccnx:/%C1.M.S.localhost/%C1.M.SRV/ccnd/KEY (67 bytes,scope=1) D7C02E-02A2-0006-6CE6-BD8D3F
1400717676.950117 ccnd[674]: sl.1598 0 ci=4 osrc=4294967295 src=0 usec=10352
1400717676.950125 ccnd[674]: sl.1598 0 ci=3 osrc=4294967295 src=0 usec=10352
1400717676.950132 ccnd[674]: fwd.3059 adding 0
1400717676.950139 ccnd[674]: fwd.3059 adding 0
1400717676.950164 ccnd[674]: debug.1268 content_to 6 ccnx:/%C1.M.S.localhost/%C1.M.SRV/ccnd/KEY/%C1.M.K%00%D7%C0.%E6%A2%06%2B%91%AF8hE%F6%C9U%84%F7%7D%A1%B3U%3F%CF%B4%1B%B0%85%A4%24x%11m/%FD%057%D4%14%8A%E6/%00/h%93%C8%B8%FB%CBWo%7BM%F1T7%F8%0Am%A0%89%C2%DB%F2%FDI%D2%87%96%22%B6%A73%A3%29 (611 bytes)
1400717676.954943 ccnd[674]: debug.3807 interest_from 6 ccnx:/%C1.M.S.localhost/%C1.M.SRV/ccnd/KEY/%C1.M.K%00%D7%C0.%E6%A2%06%2B%91%AF8hE%F6%C9U%84%F7%7D%A1%B3U%3F%CF%B4%1B%B0%85%A4%24x%11m/%FD%057%D4%14%8A%E6 (108 bytes)
1400717676.954965 ccnd[674]: version: 20090701, prefix_comps: 6, min_suffix_comps: 1, max_suffix_comps: 3, orderpref: 0, answerfrom: 3, scope: -1, lifetime: 4.0000, excl: 0 bytes, etc: 0 bytes
1400717676.954997 ccnd[674]: debug.3856 first_candidate ccnx:/%C1.M.S.localhost/%C1.M.SRV/ccnd/KEY/%C1.M.K%00%D7%C0.%E6%A2%06%2B%91%AF8hE%F6%C9U%84%F7%7D%A1%B3U%3F%CF%B4%1B%B0%85%A4%24x%11m/%FD%057%D4%14%8A%E6/%00/h%93%C8%B8%FB%CBWo%7BM%F1T7%F8%0Am%A0%89%C2%DB%F2%FDI%D2%87%96%22%B6%A73%A3%29 (611 bytes)
1400717676.955047 ccnd[674]: debug.3884 matches ccnx:/%C1.M.S.localhost/%C1.M.SRV/ccnd/KEY/%C1.M.K%00%D7%C0.%E6%A2%06%2B%91%AF8hE%F6%C9U%84%F7%7D%A1%B3U%3F%CF%B4%1B%B0%85%A4%24x%11m/%FD%057%D4%14%8A%E6/%00/h%93%C8%B8%FB%CBWo%7BM%F1T7%F8%0Am%A0%89%C2%DB%F2%FDI%D2%87%96%22%B6%A73%A3%29 (611 bytes)
1400717676.955057 ccnd[674]: face 6 q 0 delay 3 usec
1400717676.955077 ccnd[674]: debug.3918 consume 6 ccnx:/%C1.M.S.localhost/%C1.M.SRV/ccnd/KEY/%C1.M.K%00%D7%C0.%E6%A2%06%2B%91%AF8hE%F6%C9U%84%F7%7D%A1%B3U%3F%CF%B4%1B%B0%85%A4%24x%11m/%FD%057%D4%14%8A%E6 (108 bytes)
1400717676.955085 ccnd[674]: fwd.3059 adding 0
1400717676.955092 ccnd[674]: fwd.3059 adding 0
1400717676.955100 ccnd[674]: fwd.3059 adding 0
1400717676.955106 ccnd[674]: fwd.3059 adding 0
1400717676.955131 ccnd[674]: debug.1268 content_to 6 ccnx:/%C1.M.S.localhost/%C1.M.SRV/ccnd/KEY/%C1.M.K%00%D7%C0.%E6%A2%06%2B%91%AF8hE%F6%C9U%84%F7%7D%A1%B3U%3F%CF%B4%1B%B0%85%A4%24x%11m/%FD%057%D4%14%8A%E6/%00/h%93%C8%B8%FB%CBWo%7BM%F1T7%F8%0Am%A0%89%C2%DB%F2%FDI%D2%87%96%22%B6%A73%A3%29 (611 bytes)
1400717677.140856 ccnd[674]: debug.3807 interest_from 6 ccnx:/ccnx/%D7%C0.%E6%A2%06%2B%91%AF8hE%F6%C9U%84%F7%7D%A1%B3U%3F%CF%B4%1B%B0%85%A4%24x%11m/selfreg/%04%82%02%AA%03%B2%08%85%1D%E2%10%FA%29%A8%D7%E8%EA%8E%DC%7F%B0R%1Bu%92%83%EFl%8C%AB%A3U%DE%3C%10%A0%C21%98%08%90%A1%81%81%2BBU4%07%2C%F6uwH%93%85%E43F%F3R%D8%AB%B2%F1-nL6%B1%82%D8Qt%81x%E4e%F1%F3%98%F3%06%AA%DB%FD%0Ai%A6%ED%B4%EAV%3D%7B%AD%AA%3E%BD%A3%AD%01b%00%23WN19%A4%FE%F7%CB%DF%40%0D%F3U%1FN%B4%F9%20%09%E8%2F%B5n0%FF%26%2B%1DX%CC%F2%00%00%F2%00%01%A2%03%E2%02%85%3F%CEUL%08m2%E5%A6%28%3Ew%CDb%836%8B%D9z%DA%5B%02%D776-%A5s%B2%09%84%40%00%02%BA%B5%057%D4%16%D1%85%00%01%E2%01%DA%0A%950%81%9F0%0D%06%09%2A%86H%86%F7%0D%01%01%01%05%00%03%81%8D%000%81%89%02%81%81%00%C0%FB%16%1F%A6%9A%5E%A0%2A%D2%80%DA%8E%D9f%C1%85r%83t%A6%28P6%CC%20O%60%D9Pi%87%F3%F6%D7%8C%F8F%BFw%3C%08%10%FF%D8%02%3E%1B%03E%0B%24%D5T%3F%21T%FC%8Fl%5C%07%22%60o%AA%AF%8E%1E6%9A%7DvVbs%2C%BCrW-Z%0F%F1%9F%CA%DA%B3%E0%06%E9%81%F7-%01%16%D5%7D%DF%D4%21E%2F%B0%C1%A7%27%AF%C2%0C%B6%C3%EC%1C%BF%5D%82T%A5%DEa%C4%14%401%10%C6%23%02%03%01%00%01%00%00%00%01%9A%09%ED%05%8A%04%CA%BEselfreg%00%F2%FA%C5ccnx.org%00%FA%ADUsers%00%FA%A5user%00%FA%A5Keys%00%FA%02%B5%C1.M.K%00%3F%CEUL%08m2%E5%A6%28%3Ew%CDb%836%8B%D9z%DA%5B%02%D776-%A5s%B2%09%84%40%00%FA%BD%FD%04%FB%C93%60%00%00%00%03%E2%02%85%D7%C0.%E6%A2%06%2B%91%AF8hE%F6%C9U%84%F7%7D%A1%B3U%3F%CF%B4%1B%B0%85%A4%24x%11m%00%04%FA%8E3%00%03%D2%D62147483647%00%00%00%00 (590 bytes,scope=1)
1400717677.140890 ccnd[674]: version: 20090701, prefix_comps: 4, min_suffix_comps: 0, max_suffix_comps: 32767, orderpref: 0, answerfrom: 3, scope: 1, lifetime: 4.0000, excl: 0 bytes, etc: 0 bytes
1400717677.000000 ccnd[674]: 6001 ____________________ Thu May 22 00:14:37 2014
1400717677.140923 ccnd[674]: debug.3856 first_candidate ccnx:/%C1.M.S.localhost/%C1.M.SRV/ccnd/KEY/%C1.M.K%00%D7%C0.%E6%A2%06%2B%91%AF8hE%F6%C9U%84%F7%7D%A1%B3U%3F%CF%B4%1B%B0%85%A4%24x%11m/%FD%057%D4%14%8A%E6/%00/h%93%C8%B8%FB%CBWo%7BM%F1T7%F8%0Am%A0%89%C2%DB%F2%FDI%D2%87%96%22%B6%A73%A3%29 (611 bytes)
1400717677.141034 ccnd[674]: debug.3863 prefix_mismatch ccnx:/ccnx/%D7%C0.%E6%A2%06%2B%91%AF8hE%F6%C9U%84%F7%7D%A1%B3U%3F%CF%B4%1B%B0%85%A4%24x%11m/selfreg/%04%82%02%AA%03%B2%08%85%1D%E2%10%FA%29%A8%D7%E8%EA%8E%DC%7F%B0R%1Bu%92%83%EFl%8C%AB%A3U%DE%3C%10%A0%C21%98%08%90%A1%81%81%2BBU4%07%2C%F6uwH%93%85%E43F%F3R%D8%AB%B2%F1-nL6%B1%82%D8Qt%81x%E4e%F1%F3%98%F3%06%AA%DB%FD%0Ai%A6%ED%B4%EAV%3D%7B%AD%AA%3E%BD%A3%AD%01b%00%23WN19%A4%FE%F7%CB%DF%40%0D%F3U%1FN%B4%F9%20%09%E8%2F%B5n0%FF%26%2B%1DX%CC%F2%00%00%F2%00%01%A2%03%E2%02%85%3F%CEUL%08m2%E5%A6%28%3Ew%CDb%836%8B%D9z%DA%5B%02%D776-%A5s%B2%09%84%40%00%02%BA%B5%057%D4%16%D1%85%00%01%E2%01%DA%0A%950%81%9F0%0D%06%09%2A%86H%86%F7%0D%01%01%01%05%00%03%81%8D%000%81%89%02%81%81%00%C0%FB%16%1F%A6%9A%5E%A0%2A%D2%80%DA%8E%D9f%C1%85r%83t%A6%28P6%CC%20O%60%D9Pi%87%F3%F6%D7%8C%F8F%BFw%3C%08%10%FF%D8%02%3E%1B%03E%0B%24%D5T%3F%21T%FC%8Fl%5C%07%22%60o%AA%AF%8E%1E6%9A%7DvVbs%2C%BCrW-Z%0F%F1%9F%CA%DA%B3%E0%06%E9%81%F7-%01%16%D5%7D%DF%D4%21E%2F%B0%C1%A7%27%AF%C2%0C%B6%C3%EC%1C%BF%5D%82T%A5%DEa%C4%14%401%10%C6%23%02%03%01%00%01%00%00%00%01%9A%09%ED%05%8A%04%CA%BEselfreg%00%F2%FA%C5ccnx.org%00%FA%ADUsers%00%FA%A5user%00%FA%A5Keys%00%FA%02%B5%C1.M.K%00%3F%CEUL%08m2%E5%A6%28%3Ew%CDb%836%8B%D9z%DA%5B%02%D776-%A5s%B2%09%84%40%00%FA%BD%FD%04%FB%C93%60%00%00%00%03%E2%02%85%D7%C0.%E6%A2%06%2B%91%AF8hE%F6%C9U%84%F7%7D%A1%B3U%3F%CF%B4%1B%B0%85%A4%24x%11m%00%04%FA%8E3%00%03%D2%D62147483647%00%00%00%00 (590 bytes,scope=1)
1400717677.141058 ccnd[674]: fwd.3059 adding 0
1400717677.141067 ccnd[674]: outbound.3131 adding 0
1400717677.141159 ccnd[674]: debug.3523 0x171edb0.0of1,usec=2125+3997875 6 ccnx:/ccnx/%D7%C0.%E6%A2%06%2B%91%AF8hE%F6%C9U%84%F7%7D%A1%B3U%3F%CF%B4%1B%B0%85%A4%24x%11m/selfreg/%04%82%02%AA%03%B2%08%85%1D%E2%10%FA%29%A8%D7%E8%EA%8E%DC%7F%B0R%1Bu%92%83%EFl%8C%AB%A3U%DE%3C%10%A0%C21%98%08%90%A1%81%81%2BBU4%07%2C%F6uwH%93%85%E43F%F3R%D8%AB%B2%F1-nL6%B1%82%D8Qt%81x%E4e%F1%F3%98%F3%06%AA%DB%FD%0Ai%A6%ED%B4%EAV%3D%7B%AD%AA%3E%BD%A3%AD%01b%00%23WN19%A4%FE%F7%CB%DF%40%0D%F3U%1FN%B4%F9%20%09%E8%2F%B5n0%FF%26%2B%1DX%CC%F2%00%00%F2%00%01%A2%03%E2%02%85%3F%CEUL%08m2%E5%A6%28%3Ew%CDb%836%8B%D9z%DA%5B%02%D776-%A5s%B2%09%84%40%00%02%BA%B5%057%D4%16%D1%85%00%01%E2%01%DA%0A%950%81%9F0%0D%06%09%2A%86H%86%F7%0D%01%01%01%05%00%03%81%8D%000%81%89%02%81%81%00%C0%FB%16%1F%A6%9A%5E%A0%2A%D2%80%DA%8E%D9f%C1%85r%83t%A6%28P6%CC%20O%60%D9Pi%87%F3%F6%D7%8C%F8F%BFw%3C%08%10%FF%D8%02%3E%1B%03E%0B%24%D5T%3F%21T%FC%8Fl%5C%07%22%60o%AA%AF%8E%1E6%9A%7DvVbs%2C%BCrW-Z%0F%F1%9F%CA%DA%B3%E0%06%E9%81%F7-%01%16%D5%7D%DF%D4%21E%2F%B0%C1%A7%27%AF%C2%0C%B6%C3%EC%1C%BF%5D%82T%A5%DEa%C4%14%401%10%C6%23%02%03%01%00%01%00%00%00%01%9A%09%ED%05%8A%04%CA%BEselfreg%00%F2%FA%C5ccnx.org%00%FA%ADUsers%00%FA%A5user%00%FA%A5Keys%00%FA%02%B5%C1.M.K%00%3F%CEUL%08m2%E5%A6%28%3Ew%CDb%836%8B%D9z%DA%5B%02%D776-%A5s%B2%09%84%40%00%FA%BD%FD%04%FB%C93%60%00%00%00%03%E2%02%85%D7%C0.%E6%A2%06%2B%91%AF8hE%F6%C9U%84%F7%7D%A1%B3U%3F%CF%B4%1B%B0%85%A4%24x%11m%00%04%FA%8E3%00%03%D2%D62147483647%00%00%00%00 (606 bytes,scope=1) D7C02E-02A2-0006-6CF4-5F8ADB
1400717677.144369 ccnd[674]: debug.3210 interest_to 0 ccnx:/ccnx/%D7%C0.%E6%A2%06%2B%91%AF8hE%F6%C9U%84%F7%7D%A1%B3U%3F%CF%B4%1B%B0%85%A4%24x%11m/selfreg/%04%82%02%AA%03%B2%08%85%1D%E2%10%FA%29%A8%D7%E8%EA%8E%DC%7F%B0R%1Bu%92%83%EFl%8C%AB%A3U%DE%3C%10%A0%C21%98%08%90%A1%81%81%2BBU4%07%2C%F6uwH%93%85%E43F%F3R%D8%AB%B2%F1-nL6%B1%82%D8Qt%81x%E4e%F1%F3%98%F3%06%AA%DB%FD%0Ai%A6%ED%B4%EAV%3D%7B%AD%AA%3E%BD%A3%AD%01b%00%23WN19%A4%FE%F7%CB%DF%40%0D%F3U%1FN%B4%F9%20%09%E8%2F%B5n0%FF%26%2B%1DX%CC%F2%00%00%F2%00%01%A2%03%E2%02%85%3F%CEUL%08m2%E5%A6%28%3Ew%CDb%836%8B%D9z%DA%5B%02%D776-%A5s%B2%09%84%40%00%02%BA%B5%057%D4%16%D1%85%00%01%E2%01%DA%0A%950%81%9F0%0D%06%09%2A%86H%86%F7%0D%01%01%01%05%00%03%81%8D%000%81%89%02%81%81%00%C0%FB%16%1F%A6%9A%5E%A0%2A%D2%80%DA%8E%D9f%C1%85r%83t%A6%28P6%CC%20O%60%D9Pi%87%F3%F6%D7%8C%F8F%BFw%3C%08%10%FF%D8%02%3E%1B%03E%0B%24%D5T%3F%21T%FC%8Fl%5C%07%22%60o%AA%AF%8E%1E6%9A%7DvVbs%2C%BCrW-Z%0F%F1%9F%CA%DA%B3%E0%06%E9%81%F7-%01%16%D5%7D%DF%D4%21E%2F%B0%C1%A7%27%AF%C2%0C%B6%C3%EC%1C%BF%5D%82T%A5%DEa%C4%14%401%10%C6%23%02%03%01%00%01%00%00%00%01%9A%09%ED%05%8A%04%CA%BEselfreg%00%F2%FA%C5ccnx.org%00%FA%ADUsers%00%FA%A5user%00%FA%A5Keys%00%FA%02%B5%C1.M.K%00%3F%CEUL%08m2%E5%A6%28%3Ew%CDb%836%8B%D9z%DA%5B%02%D776-%A5s%B2%09%84%40%00%FA%BD%FD%04%FB%C93%60%00%00%00%03%E2%02%85%D7%C0.%E6%A2%06%2B%91%AF8hE%F6%C9U%84%F7%7D%A1%B3U%3F%CF%B4%1B%B0%85%A4%24x%11m%00%04%FA%8E3%00%03%D2%D62147483647%00%00%00%00 (606 bytes,scope=1) D7C02E-02A2-0006-6CF4-5F8ADB
1400717677.144481 ccnd[674]: debug.158 ccnd_answer_req ccnx:/ccnx/%D7%C0.%E6%A2%06%2B%91%AF8hE%F6%C9U%84%F7%7D%A1%B3U%3F%CF%B4%1B%B0%85%A4%24x%11m/selfreg/%04%82%02%AA%03%B2%08%85%1D%E2%10%FA%29%A8%D7%E8%EA%8E%DC%7F%B0R%1Bu%92%83%EFl%8C%AB%A3U%DE%3C%10%A0%C21%98%08%90%A1%81%81%2BBU4%07%2C%F6uwH%93%85%E43F%F3R%D8%AB%B2%F1-nL6%B1%82%D8Qt%81x%E4e%F1%F3%98%F3%06%AA%DB%FD%0Ai%A6%ED%B4%EAV%3D%7B%AD%AA%3E%BD%A3%AD%01b%00%23WN19%A4%FE%F7%CB%DF%40%0D%F3U%1FN%B4%F9%20%09%E8%2F%B5n0%FF%26%2B%1DX%CC%F2%00%00%F2%00%01%A2%03%E2%02%85%3F%CEUL%08m2%E5%A6%28%3Ew%CDb%836%8B%D9z%DA%5B%02%D776-%A5s%B2%09%84%40%00%02%BA%B5%057%D4%16%D1%85%00%01%E2%01%DA%0A%950%81%9F0%0D%06%09%2A%86H%86%F7%0D%01%01%01%05%00%03%81%8D%000%81%89%02%81%81%00%C0%FB%16%1F%A6%9A%5E%A0%2A%D2%80%DA%8E%D9f%C1%85r%83t%A6%28P6%CC%20O%60%D9Pi%87%F3%F6%D7%8C%F8F%BFw%3C%08%10%FF%D8%02%3E%1B%03E%0B%24%D5T%3F%21T%FC%8Fl%5C%07%22%60o%AA%AF%8E%1E6%9A%7DvVbs%2C%BCrW-Z%0F%F1%9F%CA%DA%B3%E0%06%E9%81%F7-%01%16%D5%7D%DF%D4%21E%2F%B0%C1%A7%27%AF%C2%0C%B6%C3%EC%1C%BF%5D%82T%A5%DEa%C4%14%401%10%C6%23%02%03%01%00%01%00%00%00%01%9A%09%ED%05%8A%04%CA%BEselfreg%00%F2%FA%C5ccnx.org%00%FA%ADUsers%00%FA%A5user%00%FA%A5Keys%00%FA%02%B5%C1.M.K%00%3F%CEUL%08m2%E5%A6%28%3Ew%CDb%836%8B%D9z%DA%5B%02%D776-%A5s%B2%09%84%40%00%FA%BD%FD%04%FB%C93%60%00%00%00%03%E2%02%85%D7%C0.%E6%A2%06%2B%91%AF8hE%F6%C9U%84%F7%7D%A1%B3U%3F%CF%B4%1B%B0%85%A4%24x%11m%00%04%FA%8E3%00%03%D2%D62147483647%00%00%00%00 (606 bytes,scope=1) D7C02E-02A2-0006-6CF4-5F8ADB
1400717677.144636 ccnd[674]: debug.2428 prefix,ff=3 6 ccnx:/ccnx.org/Users/user/Keys/%C1.M.K%00%3F%CEUL%08m2%E5%A6%28%3Ew%CDb%836%8B%D9z%DA%5B%02%D776-%A5s%B2%09%84%40/%FD%04%FB%C93%60%00 (87 bytes)
1400717677.145284 ccnd[674]: debug.280 ccnd_answer_req_response ccnx:/ccnx/%D7%C0.%E6%A2%06%2B%91%AF8hE%F6%C9U%84%F7%7D%A1%B3U%3F%CF%B4%1B%B0%85%A4%24x%11m/selfreg/%04%82%02%AA%03%B2%08%85%1D%E2%10%FA%29%A8%D7%E8%EA%8E%DC%7F%B0R%1Bu%92%83%EFl%8C%AB%A3U%DE%3C%10%A0%C21%98%08%90%A1%81%81%2BBU4%07%2C%F6uwH%93%85%E43F%F3R%D8%AB%B2%F1-nL6%B1%82%D8Qt%81x%E4e%F1%F3%98%F3%06%AA%DB%FD%0Ai%A6%ED%B4%EAV%3D%7B%AD%AA%3E%BD%A3%AD%01b%00%23WN19%A4%FE%F7%CB%DF%40%0D%F3U%1FN%B4%F9%20%09%E8%2F%B5n0%FF%26%2B%1DX%CC%F2%00%00%F2%00%01%A2%03%E2%02%85%3F%CEUL%08m2%E5%A6%28%3Ew%CDb%836%8B%D9z%DA%5B%02%D776-%A5s%B2%09%84%40%00%02%BA%B5%057%D4%16%D1%85%00%01%E2%01%DA%0A%950%81%9F0%0D%06%09%2A%86H%86%F7%0D%01%01%01%05%00%03%81%8D%000%81%89%02%81%81%00%C0%FB%16%1F%A6%9A%5E%A0%2A%D2%80%DA%8E%D9f%C1%85r%83t%A6%28P6%CC%20O%60%D9Pi%87%F3%F6%D7%8C%F8F%BFw%3C%08%10%FF%D8%02%3E%1B%03E%0B%24%D5T%3F%21T%FC%8Fl%5C%07%22%60o%AA%AF%8E%1E6%9A%7DvVbs%2C%BCrW-Z%0F%F1%9F%CA%DA%B3%E0%06%E9%81%F7-%01%16%D5%7D%DF%D4%21E%2F%B0%C1%A7%27%AF%C2%0C%B6%C3%EC%1C%BF%5D%82T%A5%DEa%C4%14%401%10%C6%23%02%03%01%00%01%00%00%00%01%9A%09%ED%05%8A%04%CA%BEselfreg%00%F2%FA%C5ccnx.org%00%FA%ADUsers%00%FA%A5user%00%FA%A5Keys%00%FA%02%B5%C1.M.K%00%3F%CEUL%08m2%E5%A6%28%3Ew%CDb%836%8B%D9z%DA%5B%02%D776-%A5s%B2%09%84%40%00%FA%BD%FD%04%FB%C93%60%00%00%00%03%E2%02%85%D7%C0.%E6%A2%06%2B%91%AF8hE%F6%C9U%84%F7%7D%A1%B3U%3F%CF%B4%1B%B0%85%A4%24x%11m%00%04%FA%8E3%00%03%D2%D62147483647%00%00%00%00 (1103 bytes)
1400717677.145391 ccnd[674]: debug.4109 content_from 0 ccnx:/ccnx/%D7%C0.%E6%A2%06%2B%91%AF8hE%F6%C9U%84%F7%7D%A1%B3U%3F%CF%B4%1B%B0%85%A4%24x%11m/selfreg/%04%82%02%AA%03%B2%08%85%1D%E2%10%FA%29%A8%D7%E8%EA%8E%DC%7F%B0R%1Bu%92%83%EFl%8C%AB%A3U%DE%3C%10%A0%C21%98%08%90%A1%81%81%2BBU4%07%2C%F6uwH%93%85%E43F%F3R%D8%AB%B2%F1-nL6%B1%82%D8Qt%81x%E4e%F1%F3%98%F3%06%AA%DB%FD%0Ai%A6%ED%B4%EAV%3D%7B%AD%AA%3E%BD%A3%AD%01b%00%23WN19%A4%FE%F7%CB%DF%40%0D%F3U%1FN%B4%F9%20%09%E8%2F%B5n0%FF%26%2B%1DX%CC%F2%00%00%F2%00%01%A2%03%E2%02%85%3F%CEUL%08m2%E5%A6%28%3Ew%CDb%836%8B%D9z%DA%5B%02%D776-%A5s%B2%09%84%40%00%02%BA%B5%057%D4%16%D1%85%00%01%E2%01%DA%0A%950%81%9F0%0D%06%09%2A%86H%86%F7%0D%01%01%01%05%00%03%81%8D%000%81%89%02%81%81%00%C0%FB%16%1F%A6%9A%5E%A0%2A%D2%80%DA%8E%D9f%C1%85r%83t%A6%28P6%CC%20O%60%D9Pi%87%F3%F6%D7%8C%F8F%BFw%3C%08%10%FF%D8%02%3E%1B%03E%0B%24%D5T%3F%21T%FC%8Fl%5C%07%22%60o%AA%AF%8E%1E6%9A%7DvVbs%2C%BCrW-Z%0F%F1%9F%CA%DA%B3%E0%06%E9%81%F7-%01%16%D5%7D%DF%D4%21E%2F%B0%C1%A7%27%AF%C2%0C%B6%C3%EC%1C%BF%5D%82T%A5%DEa%C4%14%401%10%C6%23%02%03%01%00%01%00%00%00%01%9A%09%ED%05%8A%04%CA%BEselfreg%00%F2%FA%C5ccnx.org%00%FA%ADUsers%00%FA%A5user%00%FA%A5Keys%00%FA%02%B5%C1.M.K%00%3F%CEUL%08m2%E5%A6%28%3Ew%CDb%836%8B%D9z%DA%5B%02%D776-%A5s%B2%09%84%40%00%FA%BD%FD%04%FB%C93%60%00%00%00%03%E2%02%85%D7%C0.%E6%A2%06%2B%91%AF8hE%F6%C9U%84%F7%7D%A1%B3U%3F%CF%B4%1B%B0%85%A4%24x%11m%00%04%FA%8E3%00%03%D2%D62147483647%00%00%00%00/%1A%03A%95%22%96%97U%24%13%FC%DF%ADL%EC%CDA%3D%15%FEo%F2%09%80%FD6%DC%00%0Ag%B8%ED (1139 bytes)
1400717677.145422 ccnd[674]: fwd.3059 adding 0
1400717677.145435 ccnd[674]: face 6 q 0 delay 3 usec
1400717677.145521 ccnd[674]: debug.1526 consume 6 ccnx:/ccnx/%D7%C0.%E6%A2%06%2B%91%AF8hE%F6%C9U%84%F7%7D%A1%B3U%3F%CF%B4%1B%B0%85%A4%24x%11m/selfreg/%04%82%02%AA%03%B2%08%85%1D%E2%10%FA%29%A8%D7%E8%EA%8E%DC%7F%B0R%1Bu%92%83%EFl%8C%AB%A3U%DE%3C%10%A0%C21%98%08%90%A1%81%81%2BBU4%07%2C%F6uwH%93%85%E43F%F3R%D8%AB%B2%F1-nL6%B1%82%D8Qt%81x%E4e%F1%F3%98%F3%06%AA%DB%FD%0Ai%A6%ED%B4%EAV%3D%7B%AD%AA%3E%BD%A3%AD%01b%00%23WN19%A4%FE%F7%CB%DF%40%0D%F3U%1FN%B4%F9%20%09%E8%2F%B5n0%FF%26%2B%1DX%CC%F2%00%00%F2%00%01%A2%03%E2%02%85%3F%CEUL%08m2%E5%A6%28%3Ew%CDb%836%8B%D9z%DA%5B%02%D776-%A5s%B2%09%84%40%00%02%BA%B5%057%D4%16%D1%85%00%01%E2%01%DA%0A%950%81%9F0%0D%06%09%2A%86H%86%F7%0D%01%01%01%05%00%03%81%8D%000%81%89%02%81%81%00%C0%FB%16%1F%A6%9A%5E%A0%2A%D2%80%DA%8E%D9f%C1%85r%83t%A6%28P6%CC%20O%60%D9Pi%87%F3%F6%D7%8C%F8F%BFw%3C%08%10%FF%D8%02%3E%1B%03E%0B%24%D5T%3F%21T%FC%8Fl%5C%07%22%60o%AA%AF%8E%1E6%9A%7DvVbs%2C%BCrW-Z%0F%F1%9F%CA%DA%B3%E0%06%E9%81%F7-%01%16%D5%7D%DF%D4%21E%2F%B0%C1%A7%27%AF%C2%0C%B6%C3%EC%1C%BF%5D%82T%A5%DEa%C4%14%401%10%C6%23%02%03%01%00%01%00%00%00%01%9A%09%ED%05%8A%04%CA%BEselfreg%00%F2%FA%C5ccnx.org%00%FA%ADUsers%00%FA%A5user%00%FA%A5Keys%00%FA%02%B5%C1.M.K%00%3F%CEUL%08m2%E5%A6%28%3Ew%CDb%836%8B%D9z%DA%5B%02%D776-%A5s%B2%09%84%40%00%FA%BD%FD%04%FB%C93%60%00%00%00%03%E2%02%85%D7%C0.%E6%A2%06%2B%91%AF8hE%F6%C9U%84%F7%7D%A1%B3U%3F%CF%B4%1B%B0%85%A4%24x%11m%00%04%FA%8E3%00%03%D2%D62147483647%00%00%00%00 (606 bytes,scope=1) D7C02E-02A2-0006-6CF4-5F8ADB
1400717677.145531 ccnd[674]: sl.1598 0 ci=4 osrc=4294967295 src=0 usec=10352
1400717677.145539 ccnd[674]: fwd.3059 adding 0
1400717677.145545 ccnd[674]: sl.1598 0 ci=3 osrc=4294967295 src=0 usec=10352
1400717677.145552 ccnd[674]: fwd.3059 adding 0
1400717677.145642 ccnd[674]: debug.1268 content_to 6 ccnx:/ccnx/%D7%C0.%E6%A2%06%2B%91%AF8hE%F6%C9U%84%F7%7D%A1%B3U%3F%CF%B4%1B%B0%85%A4%24x%11m/selfreg/%04%82%02%AA%03%B2%08%85%1D%E2%10%FA%29%A8%D7%E8%EA%8E%DC%7F%B0R%1Bu%92%83%EFl%8C%AB%A3U%DE%3C%10%A0%C21%98%08%90%A1%81%81%2BBU4%07%2C%F6uwH%93%85%E43F%F3R%D8%AB%B2%F1-nL6%B1%82%D8Qt%81x%E4e%F1%F3%98%F3%06%AA%DB%FD%0Ai%A6%ED%B4%EAV%3D%7B%AD%AA%3E%BD%A3%AD%01b%00%23WN19%A4%FE%F7%CB%DF%40%0D%F3U%1FN%B4%F9%20%09%E8%2F%B5n0%FF%26%2B%1DX%CC%F2%00%00%F2%00%01%A2%03%E2%02%85%3F%CEUL%08m2%E5%A6%28%3Ew%CDb%836%8B%D9z%DA%5B%02%D776-%A5s%B2%09%84%40%00%02%BA%B5%057%D4%16%D1%85%00%01%E2%01%DA%0A%950%81%9F0%0D%06%09%2A%86H%86%F7%0D%01%01%01%05%00%03%81%8D%000%81%89%02%81%81%00%C0%FB%16%1F%A6%9A%5E%A0%2A%D2%80%DA%8E%D9f%C1%85r%83t%A6%28P6%CC%20O%60%D9Pi%87%F3%F6%D7%8C%F8F%BFw%3C%08%10%FF%D8%02%3E%1B%03E%0B%24%D5T%3F%21T%FC%8Fl%5C%07%22%60o%AA%AF%8E%1E6%9A%7DvVbs%2C%BCrW-Z%0F%F1%9F%CA%DA%B3%E0%06%E9%81%F7-%01%16%D5%7D%DF%D4%21E%2F%B0%C1%A7%27%AF%C2%0C%B6%C3%EC%1C%BF%5D%82T%A5%DEa%C4%14%401%10%C6%23%02%03%01%00%01%00%00%00%01%9A%09%ED%05%8A%04%CA%BEselfreg%00%F2%FA%C5ccnx.org%00%FA%ADUsers%00%FA%A5user%00%FA%A5Keys%00%FA%02%B5%C1.M.K%00%3F%CEUL%08m2%E5%A6%28%3Ew%CDb%836%8B%D9z%DA%5B%02%D776-%A5s%B2%09%84%40%00%FA%BD%FD%04%FB%C93%60%00%00%00%03%E2%02%85%D7%C0.%E6%A2%06%2B%91%AF8hE%F6%C9U%84%F7%7D%A1%B3U%3F%CF%B4%1B%B0%85%A4%24x%11m%00%04%FA%8E3%00%03%D2%D62147483647%00%00%00%00/%1A%03A%95%22%96%97U%24%13%FC%DF%ADL%EC%CDA%3D%15%FEo%F2%09%80%FD6%DC%00%0Ag%B8%ED (1139 bytes)
1400717677.260365 ccnd[674]: debug.3807 interest_from 6 ccnx:/ccnx/%D7%C0.%E6%A2%06%2B%91%AF8hE%F6%C9U%84%F7%7D%A1%B3U%3F%CF%B4%1B%B0%85%A4%24x%11m/selfreg/%04%82%02%AA%03%B2%08%85%BE%EC%60%02%A2%A1%D3%D44u%AA%B6%B5%DE%C9q%BD%AAB%0E%DCET%87%ACt%B1%80%A4%7F%25%FE%82OP%60u%C0%7D%1E%1E%EAH%C3%B0%E8%F8D%B1%03%5C%A3X%C23%F5%0D%E6%CD%B6_%A3Ol%B4%1B%DEV%1DI%86%1A%AD%3DF%D4%09%B3%D4O%82%0E%DAo%E8%C2%9E-T%F5%B5eb%BEI%5E%A8%C7%01U%BD%24%CEFA%D6%B3%FB%B1%C8~%F0Rt1%B4%D1v%3F%F3%C0%BCbM%D9E%E4%D7%00%00%F2%00%01%A2%03%E2%02%85%3F%CEUL%08m2%E5%A6%28%3Ew%CDb%836%8B%D9z%DA%5B%02%D776-%A5s%B2%09%84%40%00%02%BA%B5%057%D4%16%D3%BA%00%01%E2%01%DA%0A%950%81%9F0%0D%06%09%2A%86H%86%F7%0D%01%01%01%05%00%03%81%8D%000%81%89%02%81%81%00%C0%FB%16%1F%A6%9A%5E%A0%2A%D2%80%DA%8E%D9f%C1%85r%83t%A6%28P6%CC%20O%60%D9Pi%87%F3%F6%D7%8C%F8F%BFw%3C%08%10%FF%D8%02%3E%1B%03E%0B%24%D5T%3F%21T%FC%8Fl%5C%07%22%60o%AA%AF%8E%1E6%9A%7DvVbs%2C%BCrW-Z%0F%F1%9F%CA%DA%B3%E0%06%E9%81%F7-%01%16%D5%7D%DF%D4%21E%2F%B0%C1%A7%27%AF%C2%0C%B6%C3%EC%1C%BF%5D%82T%A5%DEa%C4%14%401%10%C6%23%02%03%01%00%01%00%00%00%01%9A%05%9D%05%8A%04%CA%BEselfreg%00%F2%FA%A5test%00%FA%8D1%00%00%03%E2%02%85%D7%C0.%E6%A2%06%2B%91%AF8hE%F6%C9U%84%F7%7D%A1%B3U%3F%CF%B4%1B%B0%85%A4%24x%11m%00%04%FA%8E3%00%03%D2%D62147483647%00%00%00%00 (516 bytes,scope=1)
1400717677.260409 ccnd[674]: version: 20090701, prefix_comps: 4, min_suffix_comps: 0, max_suffix_comps: 32767, orderpref: 0, answerfrom: 3, scope: 1, lifetime: 4.0000, excl: 0 bytes, etc: 0 bytes
1400717677.260508 ccnd[674]: debug.3856 first_candidate ccnx:/ccnx/%D7%C0.%E6%A2%06%2B%91%AF8hE%F6%C9U%84%F7%7D%A1%B3U%3F%CF%B4%1B%B0%85%A4%24x%11m/selfreg/%04%82%02%AA%03%B2%08%85%1D%E2%10%FA%29%A8%D7%E8%EA%8E%DC%7F%B0R%1Bu%92%83%EFl%8C%AB%A3U%DE%3C%10%A0%C21%98%08%90%A1%81%81%2BBU4%07%2C%F6uwH%93%85%E43F%F3R%D8%AB%B2%F1-nL6%B1%82%D8Qt%81x%E4e%F1%F3%98%F3%06%AA%DB%FD%0Ai%A6%ED%B4%EAV%3D%7B%AD%AA%3E%BD%A3%AD%01b%00%23WN19%A4%FE%F7%CB%DF%40%0D%F3U%1FN%B4%F9%20%09%E8%2F%B5n0%FF%26%2B%1DX%CC%F2%00%00%F2%00%01%A2%03%E2%02%85%3F%CEUL%08m2%E5%A6%28%3Ew%CDb%836%8B%D9z%DA%5B%02%D776-%A5s%B2%09%84%40%00%02%BA%B5%057%D4%16%D1%85%00%01%E2%01%DA%0A%950%81%9F0%0D%06%09%2A%86H%86%F7%0D%01%01%01%05%00%03%81%8D%000%81%89%02%81%81%00%C0%FB%16%1F%A6%9A%5E%A0%2A%D2%80%DA%8E%D9f%C1%85r%83t%A6%28P6%CC%20O%60%D9Pi%87%F3%F6%D7%8C%F8F%BFw%3C%08%10%FF%D8%02%3E%1B%03E%0B%24%D5T%3F%21T%FC%8Fl%5C%07%22%60o%AA%AF%8E%1E6%9A%7DvVbs%2C%BCrW-Z%0F%F1%9F%CA%DA%B3%E0%06%E9%81%F7-%01%16%D5%7D%DF%D4%21E%2F%B0%C1%A7%27%AF%C2%0C%B6%C3%EC%1C%BF%5D%82T%A5%DEa%C4%14%401%10%C6%23%02%03%01%00%01%00%00%00%01%9A%09%ED%05%8A%04%CA%BEselfreg%00%F2%FA%C5ccnx.org%00%FA%ADUsers%00%FA%A5user%00%FA%A5Keys%00%FA%02%B5%C1.M.K%00%3F%CEUL%08m2%E5%A6%28%3Ew%CDb%836%8B%D9z%DA%5B%02%D776-%A5s%B2%09%84%40%00%FA%BD%FD%04%FB%C93%60%00%00%00%03%E2%02%85%D7%C0.%E6%A2%06%2B%91%AF8hE%F6%C9U%84%F7%7D%A1%B3U%3F%CF%B4%1B%B0%85%A4%24x%11m%00%04%FA%8E3%00%03%D2%D62147483647%00%00%00%00/%1A%03A%95%22%96%97U%24%13%FC%DF%ADL%EC%CDA%3D%15%FEo%F2%09%80%FD6%DC%00%0Ag%B8%ED (1139 bytes)
1400717677.260587 ccnd[674]: debug.3863 prefix_mismatch ccnx:/ccnx/%D7%C0.%E6%A2%06%2B%91%AF8hE%F6%C9U%84%F7%7D%A1%B3U%3F%CF%B4%1B%B0%85%A4%24x%11m/selfreg/%04%82%02%AA%03%B2%08%85%BE%EC%60%02%A2%A1%D3%D44u%AA%B6%B5%DE%C9q%BD%AAB%0E%DCET%87%ACt%B1%80%A4%7F%25%FE%82OP%60u%C0%7D%1E%1E%EAH%C3%B0%E8%F8D%B1%03%5C%A3X%C23%F5%0D%E6%CD%B6_%A3Ol%B4%1B%DEV%1DI%86%1A%AD%3DF%D4%09%B3%D4O%82%0E%DAo%E8%C2%9E-T%F5%B5eb%BEI%5E%A8%C7%01U%BD%24%CEFA%D6%B3%FB%B1%C8~%F0Rt1%B4%D1v%3F%F3%C0%BCbM%D9E%E4%D7%00%00%F2%00%01%A2%03%E2%02%85%3F%CEUL%08m2%E5%A6%28%3Ew%CDb%836%8B%D9z%DA%5B%02%D776-%A5s%B2%09%84%40%00%02%BA%B5%057%D4%16%D3%BA%00%01%E2%01%DA%0A%950%81%9F0%0D%06%09%2A%86H%86%F7%0D%01%01%01%05%00%03%81%8D%000%81%89%02%81%81%00%C0%FB%16%1F%A6%9A%5E%A0%2A%D2%80%DA%8E%D9f%C1%85r%83t%A6%28P6%CC%20O%60%D9Pi%87%F3%F6%D7%8C%F8F%BFw%3C%08%10%FF%D8%02%3E%1B%03E%0B%24%D5T%3F%21T%FC%8Fl%5C%07%22%60o%AA%AF%8E%1E6%9A%7DvVbs%2C%BCrW-Z%0F%F1%9F%CA%DA%B3%E0%06%E9%81%F7-%01%16%D5%7D%DF%D4%21E%2F%B0%C1%A7%27%AF%C2%0C%B6%C3%EC%1C%BF%5D%82T%A5%DEa%C4%14%401%10%C6%23%02%03%01%00%01%00%00%00%01%9A%05%9D%05%8A%04%CA%BEselfreg%00%F2%FA%A5test%00%FA%8D1%00%00%03%E2%02%85%D7%C0.%E6%A2%06%2B%91%AF8hE%F6%C9U%84%F7%7D%A1%B3U%3F%CF%B4%1B%B0%85%A4%24x%11m%00%04%FA%8E3%00%03%D2%D62147483647%00%00%00%00 (516 bytes,scope=1)
1400717677.260597 ccnd[674]: outbound.3131 adding 0
1400717677.260682 ccnd[674]: debug.3523 0x1723f60.0of1,usec=62+3999938 6 ccnx:/ccnx/%D7%C0.%E6%A2%06%2B%91%AF8hE%F6%C9U%84%F7%7D%A1%B3U%3F%CF%B4%1B%B0%85%A4%24x%11m/selfreg/%04%82%02%AA%03%B2%08%85%BE%EC%60%02%A2%A1%D3%D44u%AA%B6%B5%DE%C9q%BD%AAB%0E%DCET%87%ACt%B1%80%A4%7F%25%FE%82OP%60u%C0%7D%1E%1E%EAH%C3%B0%E8%F8D%B1%03%5C%A3X%C23%F5%0D%E6%CD%B6_%A3Ol%B4%1B%DEV%1DI%86%1A%AD%3DF%D4%09%B3%D4O%82%0E%DAo%E8%C2%9E-T%F5%B5eb%BEI%5E%A8%C7%01U%BD%24%CEFA%D6%B3%FB%B1%C8~%F0Rt1%B4%D1v%3F%F3%C0%BCbM%D9E%E4%D7%00%00%F2%00%01%A2%03%E2%02%85%3F%CEUL%08m2%E5%A6%28%3Ew%CDb%836%8B%D9z%DA%5B%02%D776-%A5s%B2%09%84%40%00%02%BA%B5%057%D4%16%D3%BA%00%01%E2%01%DA%0A%950%81%9F0%0D%06%09%2A%86H%86%F7%0D%01%01%01%05%00%03%81%8D%000%81%89%02%81%81%00%C0%FB%16%1F%A6%9A%5E%A0%2A%D2%80%DA%8E%D9f%C1%85r%83t%A6%28P6%CC%20O%60%D9Pi%87%F3%F6%D7%8C%F8F%BFw%3C%08%10%FF%D8%02%3E%1B%03E%0B%24%D5T%3F%21T%FC%8Fl%5C%07%22%60o%AA%AF%8E%1E6%9A%7DvVbs%2C%BCrW-Z%0F%F1%9F%CA%DA%B3%E0%06%E9%81%F7-%01%16%D5%7D%DF%D4%21E%2F%B0%C1%A7%27%AF%C2%0C%B6%C3%EC%1C%BF%5D%82T%A5%DEa%C4%14%401%10%C6%23%02%03%01%00%01%00%00%00%01%9A%05%9D%05%8A%04%CA%BEselfreg%00%F2%FA%A5test%00%FA%8D1%00%00%03%E2%02%85%D7%C0.%E6%A2%06%2B%91%AF8hE%F6%C9U%84%F7%7D%A1%B3U%3F%CF%B4%1B%B0%85%A4%24x%11m%00%04%FA%8E3%00%03%D2%D62147483647%00%00%00%00 (532 bytes,scope=1) D7C02E-02A2-0006-6D25-AE785E
1400717677.261849 ccnd[674]: debug.3210 interest_to 0 ccnx:/ccnx/%D7%C0.%E6%A2%06%2B%91%AF8hE%F6%C9U%84%F7%7D%A1%B3U%3F%CF%B4%1B%B0%85%A4%24x%11m/selfreg/%04%82%02%AA%03%B2%08%85%BE%EC%60%02%A2%A1%D3%D44u%AA%B6%B5%DE%C9q%BD%AAB%0E%DCET%87%ACt%B1%80%A4%7F%25%FE%82OP%60u%C0%7D%1E%1E%EAH%C3%B0%E8%F8D%B1%03%5C%A3X%C23%F5%0D%E6%CD%B6_%A3Ol%B4%1B%DEV%1DI%86%1A%AD%3DF%D4%09%B3%D4O%82%0E%DAo%E8%C2%9E-T%F5%B5eb%BEI%5E%A8%C7%01U%BD%24%CEFA%D6%B3%FB%B1%C8~%F0Rt1%B4%D1v%3F%F3%C0%BCbM%D9E%E4%D7%00%00%F2%00%01%A2%03%E2%02%85%3F%CEUL%08m2%E5%A6%28%3Ew%CDb%836%8B%D9z%DA%5B%02%D776-%A5s%B2%09%84%40%00%02%BA%B5%057%D4%16%D3%BA%00%01%E2%01%DA%0A%950%81%9F0%0D%06%09%2A%86H%86%F7%0D%01%01%01%05%00%03%81%8D%000%81%89%02%81%81%00%C0%FB%16%1F%A6%9A%5E%A0%2A%D2%80%DA%8E%D9f%C1%85r%83t%A6%28P6%CC%20O%60%D9Pi%87%F3%F6%D7%8C%F8F%BFw%3C%08%10%FF%D8%02%3E%1B%03E%0B%24%D5T%3F%21T%FC%8Fl%5C%07%22%60o%AA%AF%8E%1E6%9A%7DvVbs%2C%BCrW-Z%0F%F1%9F%CA%DA%B3%E0%06%E9%81%F7-%01%16%D5%7D%DF%D4%21E%2F%B0%C1%A7%27%AF%C2%0C%B6%C3%EC%1C%BF%5D%82T%A5%DEa%C4%14%401%10%C6%23%02%03%01%00%01%00%00%00%01%9A%05%9D%05%8A%04%CA%BEselfreg%00%F2%FA%A5test%00%FA%8D1%00%00%03%E2%02%85%D7%C0.%E6%A2%06%2B%91%AF8hE%F6%C9U%84%F7%7D%A1%B3U%3F%CF%B4%1B%B0%85%A4%24x%11m%00%04%FA%8E3%00%03%D2%D62147483647%00%00%00%00 (532 bytes,scope=1) D7C02E-02A2-0006-6D25-AE785E
1400717677.261938 ccnd[674]: debug.158 ccnd_answer_req ccnx:/ccnx/%D7%C0.%E6%A2%06%2B%91%AF8hE%F6%C9U%84%F7%7D%A1%B3U%3F%CF%B4%1B%B0%85%A4%24x%11m/selfreg/%04%82%02%AA%03%B2%08%85%BE%EC%60%02%A2%A1%D3%D44u%AA%B6%B5%DE%C9q%BD%AAB%0E%DCET%87%ACt%B1%80%A4%7F%25%FE%82OP%60u%C0%7D%1E%1E%EAH%C3%B0%E8%F8D%B1%03%5C%A3X%C23%F5%0D%E6%CD%B6_%A3Ol%B4%1B%DEV%1DI%86%1A%AD%3DF%D4%09%B3%D4O%82%0E%DAo%E8%C2%9E-T%F5%B5eb%BEI%5E%A8%C7%01U%BD%24%CEFA%D6%B3%FB%B1%C8~%F0Rt1%B4%D1v%3F%F3%C0%BCbM%D9E%E4%D7%00%00%F2%00%01%A2%03%E2%02%85%3F%CEUL%08m2%E5%A6%28%3Ew%CDb%836%8B%D9z%DA%5B%02%D776-%A5s%B2%09%84%40%00%02%BA%B5%057%D4%16%D3%BA%00%01%E2%01%DA%0A%950%81%9F0%0D%06%09%2A%86H%86%F7%0D%01%01%01%05%00%03%81%8D%000%81%89%02%81%81%00%C0%FB%16%1F%A6%9A%5E%A0%2A%D2%80%DA%8E%D9f%C1%85r%83t%A6%28P6%CC%20O%60%D9Pi%87%F3%F6%D7%8C%F8F%BFw%3C%08%10%FF%D8%02%3E%1B%03E%0B%24%D5T%3F%21T%FC%8Fl%5C%07%22%60o%AA%AF%8E%1E6%9A%7DvVbs%2C%BCrW-Z%0F%F1%9F%CA%DA%B3%E0%06%E9%81%F7-%01%16%D5%7D%DF%D4%21E%2F%B0%C1%A7%27%AF%C2%0C%B6%C3%EC%1C%BF%5D%82T%A5%DEa%C4%14%401%10%C6%23%02%03%01%00%01%00%00%00%01%9A%05%9D%05%8A%04%CA%BEselfreg%00%F2%FA%A5test%00%FA%8D1%00%00%03%E2%02%85%D7%C0.%E6%A2%06%2B%91%AF8hE%F6%C9U%84%F7%7D%A1%B3U%3F%CF%B4%1B%B0%85%A4%24x%11m%00%04%FA%8E3%00%03%D2%D62147483647%00%00%00%00 (532 bytes,scope=1) D7C02E-02A2-0006-6D25-AE785E
1400717677.262031 ccnd[674]: debug.2428 prefix,ff=3 6 ccnx:/test/1 (13 bytes)
1400717677.262672 ccnd[674]: debug.280 ccnd_answer_req_response ccnx:/ccnx/%D7%C0.%E6%A2%06%2B%91%AF8hE%F6%C9U%84%F7%7D%A1%B3U%3F%CF%B4%1B%B0%85%A4%24x%11m/selfreg/%04%82%02%AA%03%B2%08%85%BE%EC%60%02%A2%A1%D3%D44u%AA%B6%B5%DE%C9q%BD%AAB%0E%DCET%87%ACt%B1%80%A4%7F%25%FE%82OP%60u%C0%7D%1E%1E%EAH%C3%B0%E8%F8D%B1%03%5C%A3X%C23%F5%0D%E6%CD%B6_%A3Ol%B4%1B%DEV%1DI%86%1A%AD%3DF%D4%09%B3%D4O%82%0E%DAo%E8%C2%9E-T%F5%B5eb%BEI%5E%A8%C7%01U%BD%24%CEFA%D6%B3%FB%B1%C8~%F0Rt1%B4%D1v%3F%F3%C0%BCbM%D9E%E4%D7%00%00%F2%00%01%A2%03%E2%02%85%3F%CEUL%08m2%E5%A6%28%3Ew%CDb%836%8B%D9z%DA%5B%02%D776-%A5s%B2%09%84%40%00%02%BA%B5%057%D4%16%D3%BA%00%01%E2%01%DA%0A%950%81%9F0%0D%06%09%2A%86H%86%F7%0D%01%01%01%05%00%03%81%8D%000%81%89%02%81%81%00%C0%FB%16%1F%A6%9A%5E%A0%2A%D2%80%DA%8E%D9f%C1%85r%83t%A6%28P6%CC%20O%60%D9Pi%87%F3%F6%D7%8C%F8F%BFw%3C%08%10%FF%D8%02%3E%1B%03E%0B%24%D5T%3F%21T%FC%8Fl%5C%07%22%60o%AA%AF%8E%1E6%9A%7DvVbs%2C%BCrW-Z%0F%F1%9F%CA%DA%B3%E0%06%E9%81%F7-%01%16%D5%7D%DF%D4%21E%2F%B0%C1%A7%27%AF%C2%0C%B6%C3%EC%1C%BF%5D%82T%A5%DEa%C4%14%401%10%C6%23%02%03%01%00%01%00%00%00%01%9A%05%9D%05%8A%04%CA%BEselfreg%00%F2%FA%A5test%00%FA%8D1%00%00%03%E2%02%85%D7%C0.%E6%A2%06%2B%91%AF8hE%F6%C9U%84%F7%7D%A1%B3U%3F%CF%B4%1B%B0%85%A4%24x%11m%00%04%FA%8E3%00%03%D2%D62147483647%00%00%00%00 (955 bytes)
1400717677.262779 ccnd[674]: debug.4109 content_from 0 ccnx:/ccnx/%D7%C0.%E6%A2%06%2B%91%AF8hE%F6%C9U%84%F7%7D%A1%B3U%3F%CF%B4%1B%B0%85%A4%24x%11m/selfreg/%04%82%02%AA%03%B2%08%85%BE%EC%60%02%A2%A1%D3%D44u%AA%B6%B5%DE%C9q%BD%AAB%0E%DCET%87%ACt%B1%80%A4%7F%25%FE%82OP%60u%C0%7D%1E%1E%EAH%C3%B0%E8%F8D%B1%03%5C%A3X%C23%F5%0D%E6%CD%B6_%A3Ol%B4%1B%DEV%1DI%86%1A%AD%3DF%D4%09%B3%D4O%82%0E%DAo%E8%C2%9E-T%F5%B5eb%BEI%5E%A8%C7%01U%BD%24%CEFA%D6%B3%FB%B1%C8~%F0Rt1%B4%D1v%3F%F3%C0%BCbM%D9E%E4%D7%00%00%F2%00%01%A2%03%E2%02%85%3F%CEUL%08m2%E5%A6%28%3Ew%CDb%836%8B%D9z%DA%5B%02%D776-%A5s%B2%09%84%40%00%02%BA%B5%057%D4%16%D3%BA%00%01%E2%01%DA%0A%950%81%9F0%0D%06%09%2A%86H%86%F7%0D%01%01%01%05%00%03%81%8D%000%81%89%02%81%81%00%C0%FB%16%1F%A6%9A%5E%A0%2A%D2%80%DA%8E%D9f%C1%85r%83t%A6%28P6%CC%20O%60%D9Pi%87%F3%F6%D7%8C%F8F%BFw%3C%08%10%FF%D8%02%3E%1B%03E%0B%24%D5T%3F%21T%FC%8Fl%5C%07%22%60o%AA%AF%8E%1E6%9A%7DvVbs%2C%BCrW-Z%0F%F1%9F%CA%DA%B3%E0%06%E9%81%F7-%01%16%D5%7D%DF%D4%21E%2F%B0%C1%A7%27%AF%C2%0C%B6%C3%EC%1C%BF%5D%82T%A5%DEa%C4%14%401%10%C6%23%02%03%01%00%01%00%00%00%01%9A%05%9D%05%8A%04%CA%BEselfreg%00%F2%FA%A5test%00%FA%8D1%00%00%03%E2%02%85%D7%C0.%E6%A2%06%2B%91%AF8hE%F6%C9U%84%F7%7D%A1%B3U%3F%CF%B4%1B%B0%85%A4%24x%11m%00%04%FA%8E3%00%03%D2%D62147483647%00%00%00%00/%2AcV%F2%9C%A4f%1F%24%A5r%B0T%A8%DFab%03%C3%04%2A%0B%C7B%7F%FB%C8%01%97N%86%95 (991 bytes)
1400717677.262803 ccnd[674]: fwd.3059 adding 0
1400717677.262816 ccnd[674]: face 6 q 0 delay 3 usec
1400717677.262895 ccnd[674]: debug.1526 consume 6 ccnx:/ccnx/%D7%C0.%E6%A2%06%2B%91%AF8hE%F6%C9U%84%F7%7D%A1%B3U%3F%CF%B4%1B%B0%85%A4%24x%11m/selfreg/%04%82%02%AA%03%B2%08%85%BE%EC%60%02%A2%A1%D3%D44u%AA%B6%B5%DE%C9q%BD%AAB%0E%DCET%87%ACt%B1%80%A4%7F%25%FE%82OP%60u%C0%7D%1E%1E%EAH%C3%B0%E8%F8D%B1%03%5C%A3X%C23%F5%0D%E6%CD%B6_%A3Ol%B4%1B%DEV%1DI%86%1A%AD%3DF%D4%09%B3%D4O%82%0E%DAo%E8%C2%9E-T%F5%B5eb%BEI%5E%A8%C7%01U%BD%24%CEFA%D6%B3%FB%B1%C8~%F0Rt1%B4%D1v%3F%F3%C0%BCbM%D9E%E4%D7%00%00%F2%00%01%A2%03%E2%02%85%3F%CEUL%08m2%E5%A6%28%3Ew%CDb%836%8B%D9z%DA%5B%02%D776-%A5s%B2%09%84%40%00%02%BA%B5%057%D4%16%D3%BA%00%01%E2%01%DA%0A%950%81%9F0%0D%06%09%2A%86H%86%F7%0D%01%01%01%05%00%03%81%8D%000%81%89%02%81%81%00%C0%FB%16%1F%A6%9A%5E%A0%2A%D2%80%DA%8E%D9f%C1%85r%83t%A6%28P6%CC%20O%60%D9Pi%87%F3%F6%D7%8C%F8F%BFw%3C%08%10%FF%D8%02%3E%1B%03E%0B%24%D5T%3F%21T%FC%8Fl%5C%07%22%60o%AA%AF%8E%1E6%9A%7DvVbs%2C%BCrW-Z%0F%F1%9F%CA%DA%B3%E0%06%E9%81%F7-%01%16%D5%7D%DF%D4%21E%2F%B0%C1%A7%27%AF%C2%0C%B6%C3%EC%1C%BF%5D%82T%A5%DEa%C4%14%401%10%C6%23%02%03%01%00%01%00%00%00%01%9A%05%9D%05%8A%04%CA%BEselfreg%00%F2%FA%A5test%00%FA%8D1%00%00%03%E2%02%85%D7%C0.%E6%A2%06%2B%91%AF8hE%F6%C9U%84%F7%7D%A1%B3U%3F%CF%B4%1B%B0%85%A4%24x%11m%00%04%FA%8E3%00%03%D2%D62147483647%00%00%00%00 (532 bytes,scope=1) D7C02E-02A2-0006-6D25-AE785E
1400717677.262904 ccnd[674]: sl.1598 0 ci=4 osrc=4294967295 src=0 usec=10272
1400717677.262911 ccnd[674]: fwd.3059 adding 0
1400717677.262918 ccnd[674]: sl.1598 0 ci=3 osrc=4294967295 src=0 usec=10272
1400717677.262925 ccnd[674]: fwd.3059 adding 0
1400717677.263008 ccnd[674]: debug.1268 content_to 6 ccnx:/ccnx/%D7%C0.%E6%A2%06%2B%91%AF8hE%F6%C9U%84%F7%7D%A1%B3U%3F%CF%B4%1B%B0%85%A4%24x%11m/selfreg/%04%82%02%AA%03%B2%08%85%BE%EC%60%02%A2%A1%D3%D44u%AA%B6%B5%DE%C9q%BD%AAB%0E%DCET%87%ACt%B1%80%A4%7F%25%FE%82OP%60u%C0%7D%1E%1E%EAH%C3%B0%E8%F8D%B1%03%5C%A3X%C23%F5%0D%E6%CD%B6_%A3Ol%B4%1B%DEV%1DI%86%1A%AD%3DF%D4%09%B3%D4O%82%0E%DAo%E8%C2%9E-T%F5%B5eb%BEI%5E%A8%C7%01U%BD%24%CEFA%D6%B3%FB%B1%C8~%F0Rt1%B4%D1v%3F%F3%C0%BCbM%D9E%E4%D7%00%00%F2%00%01%A2%03%E2%02%85%3F%CEUL%08m2%E5%A6%28%3Ew%CDb%836%8B%D9z%DA%5B%02%D776-%A5s%B2%09%84%40%00%02%BA%B5%057%D4%16%D3%BA%00%01%E2%01%DA%0A%950%81%9F0%0D%06%09%2A%86H%86%F7%0D%01%01%01%05%00%03%81%8D%000%81%89%02%81%81%00%C0%FB%16%1F%A6%9A%5E%A0%2A%D2%80%DA%8E%D9f%C1%85r%83t%A6%28P6%CC%20O%60%D9Pi%87%F3%F6%D7%8C%F8F%BFw%3C%08%10%FF%D8%02%3E%1B%03E%0B%24%D5T%3F%21T%FC%8Fl%5C%07%22%60o%AA%AF%8E%1E6%9A%7DvVbs%2C%BCrW-Z%0F%F1%9F%CA%DA%B3%E0%06%E9%81%F7-%01%16%D5%7D%DF%D4%21E%2F%B0%C1%A7%27%AF%C2%0C%B6%C3%EC%1C%BF%5D%82T%A5%DEa%C4%14%401%10%C6%23%02%03%01%00%01%00%00%00%01%9A%05%9D%05%8A%04%CA%BEselfreg%00%F2%FA%A5test%00%FA%8D1%00%00%03%E2%02%85%D7%C0.%E6%A2%06%2B%91%AF8hE%F6%C9U%84%F7%7D%A1%B3U%3F%CF%B4%1B%B0%85%A4%24x%11m%00%04%FA%8E3%00%03%D2%D62147483647%00%00%00%00/%2AcV%F2%9C%A4f%1F%24%A5r%B0T%A8%DFab%03%C3%04%2A%0B%C7B%7F%FB%C8%01%97N%86%95 (991 bytes)
1400717678.000000 ccnd[674]: 6001 ____________________ Thu May 22 00:14:38 2014
1400717678.340780 ccnd[674]: accepted datagram client id=7 (flags=0x40012) 192.168.122.2 port 6001
1400717678.340851 ccnd[674]: debug.3807 interest_from 7 ccnx:/test/1 (32 bytes) 6A536B-0285-0008-6D30-16C77B
1400717678.340862 ccnd[674]: version: 20090701, prefix_comps: 2, min_suffix_comps: 0, max_suffix_comps: 32767, orderpref: 0, answerfrom: 3, scope: -1, lifetime: 4.0000, excl: 0 bytes, etc: 0 bytes
1400717678.340909 ccnd[674]: debug.3856 first_candidate ccnx:/%C1.M.S.localhost/%C1.M.SRV/ccnd/KEY/%C1.M.K%00%D7%C0.%E6%A2%06%2B%91%AF8hE%F6%C9U%84%F7%7D%A1%B3U%3F%CF%B4%1B%B0%85%A4%24x%11m/%FD%057%D4%14%8A%E6/%00/h%93%C8%B8%FB%CBWo%7BM%F1T7%F8%0Am%A0%89%C2%DB%F2%FDI%D2%87%96%22%B6%A73%A3%29 (611 bytes)
1400717678.340931 ccnd[674]: debug.3863 prefix_mismatch ccnx:/test/1 (32 bytes) 6A536B-0285-0008-6D30-16C77B
1400717678.340941 ccnd[674]: fwd.3059 adding 6
1400717678.340952 ccnd[674]: outbound.3131 adding 6
1400717678.340978 ccnd[674]: debug.3523 0x171e9f0.0of1,usec=1480+3998520 7 ccnx:/test/1 (32 bytes) 6A536B-0285-0008-6D30-16C77B
1400717678.341005 ccnd[674]: debug.3807 interest_from 7 ccnx:/%C1.M.S.neighborhood/%C1.M.SRV/ccnd/KEY (55 bytes,scope=2)
1400717678.341015 ccnd[674]: version: 20090701, prefix_comps: 4, min_suffix_comps: 0, max_suffix_comps: 32767, orderpref: 0, answerfrom: 3, scope: 2, lifetime: 4.0000, excl: 0 bytes, etc: 0 bytes
1400717678.341035 ccnd[674]: fwd.3059 adding 0
1400717678.341046 ccnd[674]: outbound.3131 adding 0
1400717678.341075 ccnd[674]: debug.3523 0x1724d90.0of1,usec=3213+3996787 7 ccnx:/%C1.M.S.neighborhood/%C1.M.SRV/ccnd/KEY (71 bytes,scope=2) D7C02E-02A2-0007-6E57-09FC2D
1400717678.343241 ccnd[674]: debug.3210 interest_to 6 ccnx:/test/1 (32 bytes) 6A536B-0285-0008-6D30-16C77B
1400717678.343298 ccnd[674]: debug.3249 0x171e9f0.1of1,usec=250000+3748520 7 ccnx:/test/1 (32 bytes) 6A536B-0285-0008-6D30-16C77B
1400717678.345135 ccnd[674]: debug.4109 content_from 6 ccnx:/test/1/%FD%057%D4%16%D4%5E/%00/%0A%E4y%2A%C6%5E%BD%F5%13%FD6%C3%09%EC%C2%91%3Fz%89%9A_%CF%E1%5C%24-%A1SE%085%B4 (433 bytes)
1400717678.345164 ccnd[674]: face 7 q 1 delay 1116 usec
1400717678.345187 ccnd[674]: debug.1526 consume 7 ccnx:/test/1 (32 bytes) 6A536B-0285-0008-6D30-16C77B
1400717678.345197 ccnd[674]: sl.1598 6 ci=2 osrc=4294967295 src=6 usec=10352
1400717678.345209 ccnd[674]: sl.1598 6 ci=1 osrc=4294967295 src=6 usec=10352
1400717678.345237 ccnd[674]: debug.3210 interest_to 0 ccnx:/%C1.M.S.neighborhood/%C1.M.SRV/ccnd/KEY (71 bytes,scope=2) D7C02E-02A2-0007-6E57-09FC2D
1400717678.345267 ccnd[674]: debug.158 ccnd_answer_req ccnx:/%C1.M.S.neighborhood/%C1.M.SRV/ccnd/KEY (71 bytes,scope=2) D7C02E-02A2-0007-6E57-09FC2D
1400717678.346221 ccnd[674]: debug.4109 content_from 0 ccnx:/%C1.M.S.neighborhood/%C1.M.SRV/ccnd/KEY/%C1.M.K%00%D7%C0.%E6%A2%06%2B%91%AF8hE%F6%C9U%84%F7%7D%A1%B3U%3F%CF%B4%1B%B0%85%A4%24x%11m/%FD%057%D4%14%8A%E6/%00/q%C6%C8O%0B%E6%DA%1E%C0%8F%04%24%EB%DF%FD3%DA%3B%F1w%98s%5DP%F0F%90%BA%8D%FCp%8D (617 bytes)
1400717678.346265 ccnd[674]: fwd.3059 adding 0
1400717678.346295 ccnd[674]: debug.1526 consume 7 ccnx:/%C1.M.S.neighborhood/%C1.M.SRV/ccnd/KEY (71 bytes,scope=2) D7C02E-02A2-0007-6E57-09FC2D
1400717678.346305 ccnd[674]: sl.1598 0 ci=4 osrc=4294967295 src=0 usec=10352
1400717678.346316 ccnd[674]: fwd.3059 adding 0
1400717678.346326 ccnd[674]: sl.1598 0 ci=3 osrc=4294967295 src=0 usec=10352
1400717678.346337 ccnd[674]: fwd.3059 adding 0
1400717678.346366 ccnd[674]: debug.1268 content_to 7 ccnx:/test/1/%FD%057%D4%16%D4%5E/%00/%0A%E4y%2A%C6%5E%BD%F5%13%FD6%C3%09%EC%C2%91%3Fz%89%9A_%CF%E1%5C%24-%A1SE%085%B4 (433 bytes)
1400717678.346397 ccnd[674]: face 7 queued 1 delay 1047
1400717678.347567 ccnd[674]: debug.1268 content_to 7 ccnx:/%C1.M.S.neighborhood/%C1.M.SRV/ccnd/KEY/%C1.M.K%00%D7%C0.%E6%A2%06%2B%91%AF8hE%F6%C9U%84%F7%7D%A1%B3U%3F%CF%B4%1B%B0%85%A4%24x%11m/%FD%057%D4%14%8A%E6/%00/q%C6%C8O%0B%E6%DA%1E%C0%8F%04%24%EB%DF%FD3%DA%3B%F1w%98s%5DP%F0F%90%BA%8D%FCp%8D (617 bytes)
1400717679.000000 ccnd[674]: 6001 ____________________ Thu May 22 00:14:39 2014
1400717679.972681 ccnd[674]: accepted client fd=9 id=8
1400717679.972827 ccnd[674]: debug.3807 interest_from 8 ccnx:/%C1.M.S.localhost/%C1.M.SRV/ccnd/KEY (51 bytes,scope=1)
1400717679.972840 ccnd[674]: version: 20090701, prefix_comps: 4, min_suffix_comps: 0, max_suffix_comps: 32767, orderpref: 0, answerfrom: 3, scope: 1, lifetime: 4.0000, excl: 0 bytes, etc: 0 bytes
1400717679.972888 ccnd[674]: debug.3856 first_candidate ccnx:/%C1.M.S.localhost/%C1.M.SRV/ccnd/KEY/%C1.M.K%00%D7%C0.%E6%A2%06%2B%91%AF8hE%F6%C9U%84%F7%7D%A1%B3U%3F%CF%B4%1B%B0%85%A4%24x%11m/%FD%057%D4%14%8A%E6/%00/h%93%C8%B8%FB%CBWo%7BM%F1T7%F8%0Am%A0%89%C2%DB%F2%FDI%D2%87%96%22%B6%A73%A3%29 (611 bytes)
1400717679.972930 ccnd[674]: debug.3884 matches ccnx:/%C1.M.S.localhost/%C1.M.SRV/ccnd/KEY/%C1.M.K%00%D7%C0.%E6%A2%06%2B%91%AF8hE%F6%C9U%84%F7%7D%A1%B3U%3F%CF%B4%1B%B0%85%A4%24x%11m/%FD%057%D4%14%8A%E6/%00/h%93%C8%B8%FB%CBWo%7BM%F1T7%F8%0Am%A0%89%C2%DB%F2%FDI%D2%87%96%22%B6%A73%A3%29 (611 bytes)
1400717679.972944 ccnd[674]: face 8 q 0 delay 3 usec
1400717679.972964 ccnd[674]: debug.3918 consume 8 ccnx:/%C1.M.S.localhost/%C1.M.SRV/ccnd/KEY (51 bytes,scope=1)
1400717679.972978 ccnd[674]: fwd.3059 adding 0
1400717679.972988 ccnd[674]: fwd.3059 adding 0
1400717679.972998 ccnd[674]: fwd.3059 adding 0
1400717679.973008 ccnd[674]: fwd.3059 adding 0
1400717679.973018 ccnd[674]: fwd.3059 adding 0
1400717679.973028 ccnd[674]: fwd.3059 adding 0
1400717679.973038 ccnd[674]: fwd.3059 adding 0
1400717679.973048 ccnd[674]: fwd.3059 adding 0
1400717679.973058 ccnd[674]: fwd.3059 adding 0
1400717679.973068 ccnd[674]: fwd.3059 adding 0
1400717679.973104 ccnd[674]: debug.1268 content_to 8 ccnx:/%C1.M.S.localhost/%C1.M.SRV/ccnd/KEY/%C1.M.K%00%D7%C0.%E6%A2%06%2B%91%AF8hE%F6%C9U%84%F7%7D%A1%B3U%3F%CF%B4%1B%B0%85%A4%24x%11m/%FD%057%D4%14%8A%E6/%00/h%93%C8%B8%FB%CBWo%7BM%F1T7%F8%0Am%A0%89%C2%DB%F2%FDI%D2%87%96%22%B6%A73%A3%29 (611 bytes)
1400717679.978413 ccnd[674]: debug.3807 interest_from 8 ccnx:/ccnx/%D7%C0.%E6%A2%06%2B%91%AF8hE%F6%C9U%84%F7%7D%A1%B3U%3F%CF%B4%1B%B0%85%A4%24x%11m/newface/%04%82%02%AA%03%B2%08%85yF%EC%7Fcl%91%5E%C2%2F%24R%1E%02n%ECU%F1%09z%14%A3%DD%F6%00%E1%C4%E84%A9%B7%03%9B%24%E3sT%12s%9A%C5%A4%A42%11%BA%0D%3A%A4f%9B%F8%EE%86%94%ED%D2%3B%FB%23%00%3C%1D%C3%C7%F5%23%13Z%88e%97%A9%19%09H%F6%D8%C0%2B%F34%E1%BC%A6%9B%80%86%C6t%A4%FE%E4G%A2%FC%BA_%F3%EA%8D%15%A7%BC%3A%1C%3D%0E%1Cy%82%EB%FB%88%8F%D2L%1Co%7B4%A2%3F%13%B3%BE%01%C3%00%00%F2%00%01%A2%03%E2%02%85%3F%CEUL%08m2%E5%A6%28%3Ew%CDb%836%8B%D9z%DA%5B%02%D776-%A5s%B2%09%84%40%00%02%BA%B5%057%D4%16%FF%A3%00%01%E2%01%DA%0A%950%81%9F0%0D%06%09%2A%86H%86%F7%0D%01%01%01%05%00%03%81%8D%000%81%89%02%81%81%00%C0%FB%16%1F%A6%9A%5E%A0%2A%D2%80%DA%8E%D9f%C1%85r%83t%A6%28P6%CC%20O%60%D9Pi%87%F3%F6%D7%8C%F8F%BFw%3C%08%10%FF%D8%02%3E%1B%03E%0B%24%D5T%3F%21T%FC%8Fl%5C%07%22%60o%AA%AF%8E%1E6%9A%7DvVbs%2C%BCrW-Z%0F%F1%9F%CA%DA%B3%E0%06%E9%81%F7-%01%16%D5%7D%DF%D4%21E%2F%B0%C1%A7%27%AF%C2%0C%B6%C3%EC%1C%BF%5D%82T%A5%DEa%C4%14%401%10%C6%23%02%03%01%00%01%00%00%00%01%9A%06%AD%05%82%04%CA%BEnewface%00%03%E2%02%85%D7%C0.%E6%A2%06%2B%91%AF8hE%F6%C9U%84%F7%7D%A1%B3U%3F%CF%B4%1B%B0%85%A4%24x%11m%00%04%D2%8E0%00%04%DA%9617%00%04%E2%EE192.168.122.2%00%04%EA%A66001%00%03%D2%D62147483647%00%00%00%00 (534 bytes,scope=1)
1400717679.978435 ccnd[674]: version: 20090701, prefix_comps: 4, min_suffix_comps: 0, max_suffix_comps: 32767, orderpref: 0, answerfrom: 3, scope: 1, lifetime: 4.0000, excl: 0 bytes, etc: 0 bytes
1400717679.978519 ccnd[674]: debug.3856 first_candidate ccnx:/ccnx/%D7%C0.%E6%A2%06%2B%91%AF8hE%F6%C9U%84%F7%7D%A1%B3U%3F%CF%B4%1B%B0%85%A4%24x%11m/selfreg/%04%82%02%AA%03%B2%08%85%BE%EC%60%02%A2%A1%D3%D44u%AA%B6%B5%DE%C9q%BD%AAB%0E%DCET%87%ACt%B1%80%A4%7F%25%FE%82OP%60u%C0%7D%1E%1E%EAH%C3%B0%E8%F8D%B1%03%5C%A3X%C23%F5%0D%E6%CD%B6_%A3Ol%B4%1B%DEV%1DI%86%1A%AD%3DF%D4%09%B3%D4O%82%0E%DAo%E8%C2%9E-T%F5%B5eb%BEI%5E%A8%C7%01U%BD%24%CEFA%D6%B3%FB%B1%C8~%F0Rt1%B4%D1v%3F%F3%C0%BCbM%D9E%E4%D7%00%00%F2%00%01%A2%03%E2%02%85%3F%CEUL%08m2%E5%A6%28%3Ew%CDb%836%8B%D9z%DA%5B%02%D776-%A5s%B2%09%84%40%00%02%BA%B5%057%D4%16%D3%BA%00%01%E2%01%DA%0A%950%81%9F0%0D%06%09%2A%86H%86%F7%0D%01%01%01%05%00%03%81%8D%000%81%89%02%81%81%00%C0%FB%16%1F%A6%9A%5E%A0%2A%D2%80%DA%8E%D9f%C1%85r%83t%A6%28P6%CC%20O%60%D9Pi%87%F3%F6%D7%8C%F8F%BFw%3C%08%10%FF%D8%02%3E%1B%03E%0B%24%D5T%3F%21T%FC%8Fl%5C%07%22%60o%AA%AF%8E%1E6%9A%7DvVbs%2C%BCrW-Z%0F%F1%9F%CA%DA%B3%E0%06%E9%81%F7-%01%16%D5%7D%DF%D4%21E%2F%B0%C1%A7%27%AF%C2%0C%B6%C3%EC%1C%BF%5D%82T%A5%DEa%C4%14%401%10%C6%23%02%03%01%00%01%00%00%00%01%9A%05%9D%05%8A%04%CA%BEselfreg%00%F2%FA%A5test%00%FA%8D1%00%00%03%E2%02%85%D7%C0.%E6%A2%06%2B%91%AF8hE%F6%C9U%84%F7%7D%A1%B3U%3F%CF%B4%1B%B0%85%A4%24x%11m%00%04%FA%8E3%00%03%D2%D62147483647%00%00%00%00/%2AcV%F2%9C%A4f%1F%24%A5r%B0T%A8%DFab%03%C3%04%2A%0B%C7B%7F%FB%C8%01%97N%86%95 (991 bytes)
1400717679.978599 ccnd[674]: debug.3863 prefix_mismatch ccnx:/ccnx/%D7%C0.%E6%A2%06%2B%91%AF8hE%F6%C9U%84%F7%7D%A1%B3U%3F%CF%B4%1B%B0%85%A4%24x%11m/newface/%04%82%02%AA%03%B2%08%85yF%EC%7Fcl%91%5E%C2%2F%24R%1E%02n%ECU%F1%09z%14%A3%DD%F6%00%E1%C4%E84%A9%B7%03%9B%24%E3sT%12s%9A%C5%A4%A42%11%BA%0D%3A%A4f%9B%F8%EE%86%94%ED%D2%3B%FB%23%00%3C%1D%C3%C7%F5%23%13Z%88e%97%A9%19%09H%F6%D8%C0%2B%F34%E1%BC%A6%9B%80%86%C6t%A4%FE%E4G%A2%FC%BA_%F3%EA%8D%15%A7%BC%3A%1C%3D%0E%1Cy%82%EB%FB%88%8F%D2L%1Co%7B4%A2%3F%13%B3%BE%01%C3%00%00%F2%00%01%A2%03%E2%02%85%3F%CEUL%08m2%E5%A6%28%3Ew%CDb%836%8B%D9z%DA%5B%02%D776-%A5s%B2%09%84%40%00%02%BA%B5%057%D4%16%FF%A3%00%01%E2%01%DA%0A%950%81%9F0%0D%06%09%2A%86H%86%F7%0D%01%01%01%05%00%03%81%8D%000%81%89%02%81%81%00%C0%FB%16%1F%A6%9A%5E%A0%2A%D2%80%DA%8E%D9f%C1%85r%83t%A6%28P6%CC%20O%60%D9Pi%87%F3%F6%D7%8C%F8F%BFw%3C%08%10%FF%D8%02%3E%1B%03E%0B%24%D5T%3F%21T%FC%8Fl%5C%07%22%60o%AA%AF%8E%1E6%9A%7DvVbs%2C%BCrW-Z%0F%F1%9F%CA%DA%B3%E0%06%E9%81%F7-%01%16%D5%7D%DF%D4%21E%2F%B0%C1%A7%27%AF%C2%0C%B6%C3%EC%1C%BF%5D%82T%A5%DEa%C4%14%401%10%C6%23%02%03%01%00%01%00%00%00%01%9A%06%AD%05%82%04%CA%BEnewface%00%03%E2%02%85%D7%C0.%E6%A2%06%2B%91%AF8hE%F6%C9U%84%F7%7D%A1%B3U%3F%CF%B4%1B%B0%85%A4%24x%11m%00%04%D2%8E0%00%04%DA%9617%00%04%E2%EE192.168.122.2%00%04%EA%A66001%00%03%D2%D62147483647%00%00%00%00 (534 bytes,scope=1)
1400717679.978608 ccnd[674]: outbound.3131 adding 0
1400717679.978692 ccnd[674]: debug.3523 0x1728aa0.0of1,usec=2321+3997679 8 ccnx:/ccnx/%D7%C0.%E6%A2%06%2B%91%AF8hE%F6%C9U%84%F7%7D%A1%B3U%3F%CF%B4%1B%B0%85%A4%24x%11m/newface/%04%82%02%AA%03%B2%08%85yF%EC%7Fcl%91%5E%C2%2F%24R%1E%02n%ECU%F1%09z%14%A3%DD%F6%00%E1%C4%E84%A9%B7%03%9B%24%E3sT%12s%9A%C5%A4%A42%11%BA%0D%3A%A4f%9B%F8%EE%86%94%ED%D2%3B%FB%23%00%3C%1D%C3%C7%F5%23%13Z%88e%97%A9%19%09H%F6%D8%C0%2B%F34%E1%BC%A6%9B%80%86%C6t%A4%FE%E4G%A2%FC%BA_%F3%EA%8D%15%A7%BC%3A%1C%3D%0E%1Cy%82%EB%FB%88%8F%D2L%1Co%7B4%A2%3F%13%B3%BE%01%C3%00%00%F2%00%01%A2%03%E2%02%85%3F%CEUL%08m2%E5%A6%28%3Ew%CDb%836%8B%D9z%DA%5B%02%D776-%A5s%B2%09%84%40%00%02%BA%B5%057%D4%16%FF%A3%00%01%E2%01%DA%0A%950%81%9F0%0D%06%09%2A%86H%86%F7%0D%01%01%01%05%00%03%81%8D%000%81%89%02%81%81%00%C0%FB%16%1F%A6%9A%5E%A0%2A%D2%80%DA%8E%D9f%C1%85r%83t%A6%28P6%CC%20O%60%D9Pi%87%F3%F6%D7%8C%F8F%BFw%3C%08%10%FF%D8%02%3E%1B%03E%0B%24%D5T%3F%21T%FC%8Fl%5C%07%22%60o%AA%AF%8E%1E6%9A%7DvVbs%2C%BCrW-Z%0F%F1%9F%CA%DA%B3%E0%06%E9%81%F7-%01%16%D5%7D%DF%D4%21E%2F%B0%C1%A7%27%AF%C2%0C%B6%C3%EC%1C%BF%5D%82T%A5%DEa%C4%14%401%10%C6%23%02%03%01%00%01%00%00%00%01%9A%06%AD%05%82%04%CA%BEnewface%00%03%E2%02%85%D7%C0.%E6%A2%06%2B%91%AF8hE%F6%C9U%84%F7%7D%A1%B3U%3F%CF%B4%1B%B0%85%A4%24x%11m%00%04%D2%8E0%00%04%DA%9617%00%04%E2%EE192.168.122.2%00%04%EA%A66001%00%03%D2%D62147483647%00%00%00%00 (550 bytes,scope=1) D7C02E-02A2-0008-6FF9-041ADF
1400717679.981942 ccnd[674]: debug.3210 interest_to 0 ccnx:/ccnx/%D7%C0.%E6%A2%06%2B%91%AF8hE%F6%C9U%84%F7%7D%A1%B3U%3F%CF%B4%1B%B0%85%A4%24x%11m/newface/%04%82%02%AA%03%B2%08%85yF%EC%7Fcl%91%5E%C2%2F%24R%1E%02n%ECU%F1%09z%14%A3%DD%F6%00%E1%C4%E84%A9%B7%03%9B%24%E3sT%12s%9A%C5%A4%A42%11%BA%0D%3A%A4f%9B%F8%EE%86%94%ED%D2%3B%FB%23%00%3C%1D%C3%C7%F5%23%13Z%88e%97%A9%19%09H%F6%D8%C0%2B%F34%E1%BC%A6%9B%80%86%C6t%A4%FE%E4G%A2%FC%BA_%F3%EA%8D%15%A7%BC%3A%1C%3D%0E%1Cy%82%EB%FB%88%8F%D2L%1Co%7B4%A2%3F%13%B3%BE%01%C3%00%00%F2%00%01%A2%03%E2%02%85%3F%CEUL%08m2%E5%A6%28%3Ew%CDb%836%8B%D9z%DA%5B%02%D776-%A5s%B2%09%84%40%00%02%BA%B5%057%D4%16%FF%A3%00%01%E2%01%DA%0A%950%81%9F0%0D%06%09%2A%86H%86%F7%0D%01%01%01%05%00%03%81%8D%000%81%89%02%81%81%00%C0%FB%16%1F%A6%9A%5E%A0%2A%D2%80%DA%8E%D9f%C1%85r%83t%A6%28P6%CC%20O%60%D9Pi%87%F3%F6%D7%8C%F8F%BFw%3C%08%10%FF%D8%02%3E%1B%03E%0B%24%D5T%3F%21T%FC%8Fl%5C%07%22%60o%AA%AF%8E%1E6%9A%7DvVbs%2C%BCrW-Z%0F%F1%9F%CA%DA%B3%E0%06%E9%81%F7-%01%16%D5%7D%DF%D4%21E%2F%B0%C1%A7%27%AF%C2%0C%B6%C3%EC%1C%BF%5D%82T%A5%DEa%C4%14%401%10%C6%23%02%03%01%00%01%00%00%00%01%9A%06%AD%05%82%04%CA%BEnewface%00%03%E2%02%85%D7%C0.%E6%A2%06%2B%91%AF8hE%F6%C9U%84%F7%7D%A1%B3U%3F%CF%B4%1B%B0%85%A4%24x%11m%00%04%D2%8E0%00%04%DA%9617%00%04%E2%EE192.168.122.2%00%04%EA%A66001%00%03%D2%D62147483647%00%00%00%00 (550 bytes,scope=1) D7C02E-02A2-0008-6FF9-041ADF
1400717679.982030 ccnd[674]: debug.158 ccnd_answer_req ccnx:/ccnx/%D7%C0.%E6%A2%06%2B%91%AF8hE%F6%C9U%84%F7%7D%A1%B3U%3F%CF%B4%1B%B0%85%A4%24x%11m/newface/%04%82%02%AA%03%B2%08%85yF%EC%7Fcl%91%5E%C2%2F%24R%1E%02n%ECU%F1%09z%14%A3%DD%F6%00%E1%C4%E84%A9%B7%03%9B%24%E3sT%12s%9A%C5%A4%A42%11%BA%0D%3A%A4f%9B%F8%EE%86%94%ED%D2%3B%FB%23%00%3C%1D%C3%C7%F5%23%13Z%88e%97%A9%19%09H%F6%D8%C0%2B%F34%E1%BC%A6%9B%80%86%C6t%A4%FE%E4G%A2%FC%BA_%F3%EA%8D%15%A7%BC%3A%1C%3D%0E%1Cy%82%EB%FB%88%8F%D2L%1Co%7B4%A2%3F%13%B3%BE%01%C3%00%00%F2%00%01%A2%03%E2%02%85%3F%CEUL%08m2%E5%A6%28%3Ew%CDb%836%8B%D9z%DA%5B%02%D776-%A5s%B2%09%84%40%00%02%BA%B5%057%D4%16%FF%A3%00%01%E2%01%DA%0A%950%81%9F0%0D%06%09%2A%86H%86%F7%0D%01%01%01%05%00%03%81%8D%000%81%89%02%81%81%00%C0%FB%16%1F%A6%9A%5E%A0%2A%D2%80%DA%8E%D9f%C1%85r%83t%A6%28P6%CC%20O%60%D9Pi%87%F3%F6%D7%8C%F8F%BFw%3C%08%10%FF%D8%02%3E%1B%03E%0B%24%D5T%3F%21T%FC%8Fl%5C%07%22%60o%AA%AF%8E%1E6%9A%7DvVbs%2C%BCrW-Z%0F%F1%9F%CA%DA%B3%E0%06%E9%81%F7-%01%16%D5%7D%DF%D4%21E%2F%B0%C1%A7%27%AF%C2%0C%B6%C3%EC%1C%BF%5D%82T%A5%DEa%C4%14%401%10%C6%23%02%03%01%00%01%00%00%00%01%9A%06%AD%05%82%04%CA%BEnewface%00%03%E2%02%85%D7%C0.%E6%A2%06%2B%91%AF8hE%F6%C9U%84%F7%7D%A1%B3U%3F%CF%B4%1B%B0%85%A4%24x%11m%00%04%D2%8E0%00%04%DA%9617%00%04%E2%EE192.168.122.2%00%04%EA%A66001%00%03%D2%D62147483647%00%00%00%00 (550 bytes,scope=1) D7C02E-02A2-0008-6FF9-041ADF
1400717679.982126 ccnd[674]: ccnd_req_newface from 8: getaddrinfo(192.168.122.2, 6001, ...) returned 0
1400717679.982762 ccnd[674]: debug.280 ccnd_answer_req_response ccnx:/ccnx/%D7%C0.%E6%A2%06%2B%91%AF8hE%F6%C9U%84%F7%7D%A1%B3U%3F%CF%B4%1B%B0%85%A4%24x%11m/newface/%04%82%02%AA%03%B2%08%85yF%EC%7Fcl%91%5E%C2%2F%24R%1E%02n%ECU%F1%09z%14%A3%DD%F6%00%E1%C4%E84%A9%B7%03%9B%24%E3sT%12s%9A%C5%A4%A42%11%BA%0D%3A%A4f%9B%F8%EE%86%94%ED%D2%3B%FB%23%00%3C%1D%C3%C7%F5%23%13Z%88e%97%A9%19%09H%F6%D8%C0%2B%F34%E1%BC%A6%9B%80%86%C6t%A4%FE%E4G%A2%FC%BA_%F3%EA%8D%15%A7%BC%3A%1C%3D%0E%1Cy%82%EB%FB%88%8F%D2L%1Co%7B4%A2%3F%13%B3%BE%01%C3%00%00%F2%00%01%A2%03%E2%02%85%3F%CEUL%08m2%E5%A6%28%3Ew%CDb%836%8B%D9z%DA%5B%02%D776-%A5s%B2%09%84%40%00%02%BA%B5%057%D4%16%FF%A3%00%01%E2%01%DA%0A%950%81%9F0%0D%06%09%2A%86H%86%F7%0D%01%01%01%05%00%03%81%8D%000%81%89%02%81%81%00%C0%FB%16%1F%A6%9A%5E%A0%2A%D2%80%DA%8E%D9f%C1%85r%83t%A6%28P6%CC%20O%60%D9Pi%87%F3%F6%D7%8C%F8F%BFw%3C%08%10%FF%D8%02%3E%1B%03E%0B%24%D5T%3F%21T%FC%8Fl%5C%07%22%60o%AA%AF%8E%1E6%9A%7DvVbs%2C%BCrW-Z%0F%F1%9F%CA%DA%B3%E0%06%E9%81%F7-%01%16%D5%7D%DF%D4%21E%2F%B0%C1%A7%27%AF%C2%0C%B6%C3%EC%1C%BF%5D%82T%A5%DEa%C4%14%401%10%C6%23%02%03%01%00%01%00%00%00%01%9A%06%AD%05%82%04%CA%BEnewface%00%03%E2%02%85%D7%C0.%E6%A2%06%2B%91%AF8hE%F6%C9U%84%F7%7D%A1%B3U%3F%CF%B4%1B%B0%85%A4%24x%11m%00%04%D2%8E0%00%04%DA%9617%00%04%E2%EE192.168.122.2%00%04%EA%A66001%00%03%D2%D62147483647%00%00%00%00 (986 bytes)
1400717679.982871 ccnd[674]: debug.4109 content_from 0 ccnx:/ccnx/%D7%C0.%E6%A2%06%2B%91%AF8hE%F6%C9U%84%F7%7D%A1%B3U%3F%CF%B4%1B%B0%85%A4%24x%11m/newface/%04%82%02%AA%03%B2%08%85yF%EC%7Fcl%91%5E%C2%2F%24R%1E%02n%ECU%F1%09z%14%A3%DD%F6%00%E1%C4%E84%A9%B7%03%9B%24%E3sT%12s%9A%C5%A4%A42%11%BA%0D%3A%A4f%9B%F8%EE%86%94%ED%D2%3B%FB%23%00%3C%1D%C3%C7%F5%23%13Z%88e%97%A9%19%09H%F6%D8%C0%2B%F34%E1%BC%A6%9B%80%86%C6t%A4%FE%E4G%A2%FC%BA_%F3%EA%8D%15%A7%BC%3A%1C%3D%0E%1Cy%82%EB%FB%88%8F%D2L%1Co%7B4%A2%3F%13%B3%BE%01%C3%00%00%F2%00%01%A2%03%E2%02%85%3F%CEUL%08m2%E5%A6%28%3Ew%CDb%836%8B%D9z%DA%5B%02%D776-%A5s%B2%09%84%40%00%02%BA%B5%057%D4%16%FF%A3%00%01%E2%01%DA%0A%950%81%9F0%0D%06%09%2A%86H%86%F7%0D%01%01%01%05%00%03%81%8D%000%81%89%02%81%81%00%C0%FB%16%1F%A6%9A%5E%A0%2A%D2%80%DA%8E%D9f%C1%85r%83t%A6%28P6%CC%20O%60%D9Pi%87%F3%F6%D7%8C%F8F%BFw%3C%08%10%FF%D8%02%3E%1B%03E%0B%24%D5T%3F%21T%FC%8Fl%5C%07%22%60o%AA%AF%8E%1E6%9A%7DvVbs%2C%BCrW-Z%0F%F1%9F%CA%DA%B3%E0%06%E9%81%F7-%01%16%D5%7D%DF%D4%21E%2F%B0%C1%A7%27%AF%C2%0C%B6%C3%EC%1C%BF%5D%82T%A5%DEa%C4%14%401%10%C6%23%02%03%01%00%01%00%00%00%01%9A%06%AD%05%82%04%CA%BEnewface%00%03%E2%02%85%D7%C0.%E6%A2%06%2B%91%AF8hE%F6%C9U%84%F7%7D%A1%B3U%3F%CF%B4%1B%B0%85%A4%24x%11m%00%04%D2%8E0%00%04%DA%9617%00%04%E2%EE192.168.122.2%00%04%EA%A66001%00%03%D2%D62147483647%00%00%00%00/%5C%ABN%F7%A5%C9%22%F2%D8%99%13f%D0%A0%9B%E9%C1%E57%5B-L5%DF~%A3%5B%802%0B%D4%EF (1022 bytes)
1400717679.982895 ccnd[674]: fwd.3059 adding 0
1400717679.982907 ccnd[674]: face 8 q 0 delay 3 usec
1400717679.982987 ccnd[674]: debug.1526 consume 8 ccnx:/ccnx/%D7%C0.%E6%A2%06%2B%91%AF8hE%F6%C9U%84%F7%7D%A1%B3U%3F%CF%B4%1B%B0%85%A4%24x%11m/newface/%04%82%02%AA%03%B2%08%85yF%EC%7Fcl%91%5E%C2%2F%24R%1E%02n%ECU%F1%09z%14%A3%DD%F6%00%E1%C4%E84%A9%B7%03%9B%24%E3sT%12s%9A%C5%A4%A42%11%BA%0D%3A%A4f%9B%F8%EE%86%94%ED%D2%3B%FB%23%00%3C%1D%C3%C7%F5%23%13Z%88e%97%A9%19%09H%F6%D8%C0%2B%F34%E1%BC%A6%9B%80%86%C6t%A4%FE%E4G%A2%FC%BA_%F3%EA%8D%15%A7%BC%3A%1C%3D%0E%1Cy%82%EB%FB%88%8F%D2L%1Co%7B4%A2%3F%13%B3%BE%01%C3%00%00%F2%00%01%A2%03%E2%02%85%3F%CEUL%08m2%E5%A6%28%3Ew%CDb%836%8B%D9z%DA%5B%02%D776-%A5s%B2%09%84%40%00%02%BA%B5%057%D4%16%FF%A3%00%01%E2%01%DA%0A%950%81%9F0%0D%06%09%2A%86H%86%F7%0D%01%01%01%05%00%03%81%8D%000%81%89%02%81%81%00%C0%FB%16%1F%A6%9A%5E%A0%2A%D2%80%DA%8E%D9f%C1%85r%83t%A6%28P6%CC%20O%60%D9Pi%87%F3%F6%D7%8C%F8F%BFw%3C%08%10%FF%D8%02%3E%1B%03E%0B%24%D5T%3F%21T%FC%8Fl%5C%07%22%60o%AA%AF%8E%1E6%9A%7DvVbs%2C%BCrW-Z%0F%F1%9F%CA%DA%B3%E0%06%E9%81%F7-%01%16%D5%7D%DF%D4%21E%2F%B0%C1%A7%27%AF%C2%0C%B6%C3%EC%1C%BF%5D%82T%A5%DEa%C4%14%401%10%C6%23%02%03%01%00%01%00%00%00%01%9A%06%AD%05%82%04%CA%BEnewface%00%03%E2%02%85%D7%C0.%E6%A2%06%2B%91%AF8hE%F6%C9U%84%F7%7D%A1%B3U%3F%CF%B4%1B%B0%85%A4%24x%11m%00%04%D2%8E0%00%04%DA%9617%00%04%E2%EE192.168.122.2%00%04%EA%A66001%00%03%D2%D62147483647%00%00%00%00 (550 bytes,scope=1) D7C02E-02A2-0008-6FF9-041ADF
1400717679.982996 ccnd[674]: sl.1598 0 ci=4 osrc=4294967295 src=0 usec=10352
1400717679.983004 ccnd[674]: fwd.3059 adding 0
1400717679.983011 ccnd[674]: sl.1598 0 ci=3 osrc=4294967295 src=0 usec=10352
1400717679.983093 ccnd[674]: debug.1268 content_to 8 ccnx:/ccnx/%D7%C0.%E6%A2%06%2B%91%AF8hE%F6%C9U%84%F7%7D%A1%B3U%3F%CF%B4%1B%B0%85%A4%24x%11m/newface/%04%82%02%AA%03%B2%08%85yF%EC%7Fcl%91%5E%C2%2F%24R%1E%02n%ECU%F1%09z%14%A3%DD%F6%00%E1%C4%E84%A9%B7%03%9B%24%E3sT%12s%9A%C5%A4%A42%11%BA%0D%3A%A4f%9B%F8%EE%86%94%ED%D2%3B%FB%23%00%3C%1D%C3%C7%F5%23%13Z%88e%97%A9%19%09H%F6%D8%C0%2B%F34%E1%BC%A6%9B%80%86%C6t%A4%FE%E4G%A2%FC%BA_%F3%EA%8D%15%A7%BC%3A%1C%3D%0E%1Cy%82%EB%FB%88%8F%D2L%1Co%7B4%A2%3F%13%B3%BE%01%C3%00%00%F2%00%01%A2%03%E2%02%85%3F%CEUL%08m2%E5%A6%28%3Ew%CDb%836%8B%D9z%DA%5B%02%D776-%A5s%B2%09%84%40%00%02%BA%B5%057%D4%16%FF%A3%00%01%E2%01%DA%0A%950%81%9F0%0D%06%09%2A%86H%86%F7%0D%01%01%01%05%00%03%81%8D%000%81%89%02%81%81%00%C0%FB%16%1F%A6%9A%5E%A0%2A%D2%80%DA%8E%D9f%C1%85r%83t%A6%28P6%CC%20O%60%D9Pi%87%F3%F6%D7%8C%F8F%BFw%3C%08%10%FF%D8%02%3E%1B%03E%0B%24%D5T%3F%21T%FC%8Fl%5C%07%22%60o%AA%AF%8E%1E6%9A%7DvVbs%2C%BCrW-Z%0F%F1%9F%CA%DA%B3%E0%06%E9%81%F7-%01%16%D5%7D%DF%D4%21E%2F%B0%C1%A7%27%AF%C2%0C%B6%C3%EC%1C%BF%5D%82T%A5%DEa%C4%14%401%10%C6%23%02%03%01%00%01%00%00%00%01%9A%06%AD%05%82%04%CA%BEnewface%00%03%E2%02%85%D7%C0.%E6%A2%06%2B%91%AF8hE%F6%C9U%84%F7%7D%A1%B3U%3F%CF%B4%1B%B0%85%A4%24x%11m%00%04%D2%8E0%00%04%DA%9617%00%04%E2%EE192.168.122.2%00%04%EA%A66001%00%03%D2%D62147483647%00%00%00%00/%5C%ABN%F7%A5%C9%22%F2%D8%99%13f%D0%A0%9B%E9%C1%E57%5B-L5%DF~%A3%5B%802%0B%D4%EF (1022 bytes)
1400717679.983837 ccnd[674]: debug.3807 interest_from 8 ccnx:/ccnx/%D7%C0.%E6%A2%06%2B%91%AF8hE%F6%C9U%84%F7%7D%A1%B3U%3F%CF%B4%1B%B0%85%A4%24x%11m/prefixreg/%04%82%02%AA%03%B2%08%85%17%BC%A7-%C0%19%18%7D%25%DB%0FC%DC%28%19%1A%80%C2%AB%14%C2%0D%1CD%D1%B59k..%23%DC.%1D%F2%22%5BmqS%15%AF5q%E1%EC%80%C6%F9%00%27%27%D3g%FBa%7F%A938R%CDx%C8%B0%83%B5%BD%BA%FB%D2%25~SQ%BDd%A9Y%F2%E6%FB%F0h%AF%5E%F3q%AF%9C%FA%B3u%03%ED.%1C%E2%B4%C9%DCO%C6%BA%9E%2FP%A6%F3%F8q%5C%21%E5%D5%10%BA%DE%2CE%FA%F08%1B%1F%1A8%21%00%00%F2%00%01%A2%03%E2%02%85%3F%CEUL%08m2%E5%A6%28%3Ew%CDb%836%8B%D9z%DA%5B%02%D776-%A5s%B2%09%84%40%00%02%BA%B5%057%D4%16%FF%BB%00%01%E2%01%DA%0A%950%81%9F0%0D%06%09%2A%86H%86%F7%0D%01%01%01%05%00%03%81%8D%000%81%89%02%81%81%00%C0%FB%16%1F%A6%9A%5E%A0%2A%D2%80%DA%8E%D9f%C1%85r%83t%A6%28P6%CC%20O%60%D9Pi%87%F3%F6%D7%8C%F8F%BFw%3C%08%10%FF%D8%02%3E%1B%03E%0B%24%D5T%3F%21T%FC%8Fl%5C%07%22%60o%AA%AF%8E%1E6%9A%7DvVbs%2C%BCrW-Z%0F%F1%9F%CA%DA%B3%E0%06%E9%81%F7-%01%16%D5%7D%DF%D4%21E%2F%B0%C1%A7%27%AF%C2%0C%B6%C3%EC%1C%BF%5D%82T%A5%DEa%C4%14%401%10%C6%23%02%03%01%00%01%00%00%00%01%9A%04%D5%05%8A%04%CA%CEprefixreg%00%F2%00%03%E2%02%85%D7%C0.%E6%A2%06%2B%91%AF8hE%F6%C9U%84%F7%7D%A1%B3U%3F%CF%B4%1B%B0%85%A4%24x%11m%00%04%D2%8E7%00%03%D2%D62147483647%00%00%00%00 (509 bytes,scope=1)
1400717679.983848 ccnd[674]: version: 20090701, prefix_comps: 4, min_suffix_comps: 0, max_suffix_comps: 32767, orderpref: 0, answerfrom: 3, scope: 1, lifetime: 4.0000, excl: 0 bytes, etc: 0 bytes
1400717679.983875 ccnd[674]: debug.3856 first_candidate ccnx:/test/1/%FD%057%D4%16%D4%5E/%00/%0A%E4y%2A%C6%5E%BD%F5%13%FD6%C3%09%EC%C2%91%3Fz%89%9A_%CF%E1%5C%24-%A1SE%085%B4 (433 bytes)
1400717679.983949 ccnd[674]: debug.3863 prefix_mismatch ccnx:/ccnx/%D7%C0.%E6%A2%06%2B%91%AF8hE%F6%C9U%84%F7%7D%A1%B3U%3F%CF%B4%1B%B0%85%A4%24x%11m/prefixreg/%04%82%02%AA%03%B2%08%85%17%BC%A7-%C0%19%18%7D%25%DB%0FC%DC%28%19%1A%80%C2%AB%14%C2%0D%1CD%D1%B59k..%23%DC.%1D%F2%22%5BmqS%15%AF5q%E1%EC%80%C6%F9%00%27%27%D3g%FBa%7F%A938R%CDx%C8%B0%83%B5%BD%BA%FB%D2%25~SQ%BDd%A9Y%F2%E6%FB%F0h%AF%5E%F3q%AF%9C%FA%B3u%03%ED.%1C%E2%B4%C9%DCO%C6%BA%9E%2FP%A6%F3%F8q%5C%21%E5%D5%10%BA%DE%2CE%FA%F08%1B%1F%1A8%21%00%00%F2%00%01%A2%03%E2%02%85%3F%CEUL%08m2%E5%A6%28%3Ew%CDb%836%8B%D9z%DA%5B%02%D776-%A5s%B2%09%84%40%00%02%BA%B5%057%D4%16%FF%BB%00%01%E2%01%DA%0A%950%81%9F0%0D%06%09%2A%86H%86%F7%0D%01%01%01%05%00%03%81%8D%000%81%89%02%81%81%00%C0%FB%16%1F%A6%9A%5E%A0%2A%D2%80%DA%8E%D9f%C1%85r%83t%A6%28P6%CC%20O%60%D9Pi%87%F3%F6%D7%8C%F8F%BFw%3C%08%10%FF%D8%02%3E%1B%03E%0B%24%D5T%3F%21T%FC%8Fl%5C%07%22%60o%AA%AF%8E%1E6%9A%7DvVbs%2C%BCrW-Z%0F%F1%9F%CA%DA%B3%E0%06%E9%81%F7-%01%16%D5%7D%DF%D4%21E%2F%B0%C1%A7%27%AF%C2%0C%B6%C3%EC%1C%BF%5D%82T%A5%DEa%C4%14%401%10%C6%23%02%03%01%00%01%00%00%00%01%9A%04%D5%05%8A%04%CA%CEprefixreg%00%F2%00%03%E2%02%85%D7%C0.%E6%A2%06%2B%91%AF8hE%F6%C9U%84%F7%7D%A1%B3U%3F%CF%B4%1B%B0%85%A4%24x%11m%00%04%D2%8E7%00%03%D2%D62147483647%00%00%00%00 (509 bytes,scope=1)
1400717679.983966 ccnd[674]: outbound.3131 adding 0
1400717679.984046 ccnd[674]: debug.3523 0x17227e0.0of1,usec=1044+3998956 8 ccnx:/ccnx/%D7%C0.%E6%A2%06%2B%91%AF8hE%F6%C9U%84%F7%7D%A1%B3U%3F%CF%B4%1B%B0%85%A4%24x%11m/prefixreg/%04%82%02%AA%03%B2%08%85%17%BC%A7-%C0%19%18%7D%25%DB%0FC%DC%28%19%1A%80%C2%AB%14%C2%0D%1CD%D1%B59k..%23%DC.%1D%F2%22%5BmqS%15%AF5q%E1%EC%80%C6%F9%00%27%27%D3g%FBa%7F%A938R%CDx%C8%B0%83%B5%BD%BA%FB%D2%25~SQ%BDd%A9Y%F2%E6%FB%F0h%AF%5E%F3q%AF%9C%FA%B3u%03%ED.%1C%E2%B4%C9%DCO%C6%BA%9E%2FP%A6%F3%F8q%5C%21%E5%D5%10%BA%DE%2CE%FA%F08%1B%1F%1A8%21%00%00%F2%00%01%A2%03%E2%02%85%3F%CEUL%08m2%E5%A6%28%3Ew%CDb%836%8B%D9z%DA%5B%02%D776-%A5s%B2%09%84%40%00%02%BA%B5%057%D4%16%FF%BB%00%01%E2%01%DA%0A%950%81%9F0%0D%06%09%2A%86H%86%F7%0D%01%01%01%05%00%03%81%8D%000%81%89%02%81%81%00%C0%FB%16%1F%A6%9A%5E%A0%2A%D2%80%DA%8E%D9f%C1%85r%83t%A6%28P6%CC%20O%60%D9Pi%87%F3%F6%D7%8C%F8F%BFw%3C%08%10%FF%D8%02%3E%1B%03E%0B%24%D5T%3F%21T%FC%8Fl%5C%07%22%60o%AA%AF%8E%1E6%9A%7DvVbs%2C%BCrW-Z%0F%F1%9F%CA%DA%B3%E0%06%E9%81%F7-%01%16%D5%7D%DF%D4%21E%2F%B0%C1%A7%27%AF%C2%0C%B6%C3%EC%1C%BF%5D%82T%A5%DEa%C4%14%401%10%C6%23%02%03%01%00%01%00%00%00%01%9A%04%D5%05%8A%04%CA%CEprefixreg%00%F2%00%03%E2%02%85%D7%C0.%E6%A2%06%2B%91%AF8hE%F6%C9U%84%F7%7D%A1%B3U%3F%CF%B4%1B%B0%85%A4%24x%11m%00%04%D2%8E7%00%03%D2%D62147483647%00%00%00%00 (525 bytes,scope=1) D7C02E-02A2-0008-6FFB-C3446D
1400717679.986290 ccnd[674]: debug.3210 interest_to 0 ccnx:/ccnx/%D7%C0.%E6%A2%06%2B%91%AF8hE%F6%C9U%84%F7%7D%A1%B3U%3F%CF%B4%1B%B0%85%A4%24x%11m/prefixreg/%04%82%02%AA%03%B2%08%85%17%BC%A7-%C0%19%18%7D%25%DB%0FC%DC%28%19%1A%80%C2%AB%14%C2%0D%1CD%D1%B59k..%23%DC.%1D%F2%22%5BmqS%15%AF5q%E1%EC%80%C6%F9%00%27%27%D3g%FBa%7F%A938R%CDx%C8%B0%83%B5%BD%BA%FB%D2%25~SQ%BDd%A9Y%F2%E6%FB%F0h%AF%5E%F3q%AF%9C%FA%B3u%03%ED.%1C%E2%B4%C9%DCO%C6%BA%9E%2FP%A6%F3%F8q%5C%21%E5%D5%10%BA%DE%2CE%FA%F08%1B%1F%1A8%21%00%00%F2%00%01%A2%03%E2%02%85%3F%CEUL%08m2%E5%A6%28%3Ew%CDb%836%8B%D9z%DA%5B%02%D776-%A5s%B2%09%84%40%00%02%BA%B5%057%D4%16%FF%BB%00%01%E2%01%DA%0A%950%81%9F0%0D%06%09%2A%86H%86%F7%0D%01%01%01%05%00%03%81%8D%000%81%89%02%81%81%00%C0%FB%16%1F%A6%9A%5E%A0%2A%D2%80%DA%8E%D9f%C1%85r%83t%A6%28P6%CC%20O%60%D9Pi%87%F3%F6%D7%8C%F8F%BFw%3C%08%10%FF%D8%02%3E%1B%03E%0B%24%D5T%3F%21T%FC%8Fl%5C%07%22%60o%AA%AF%8E%1E6%9A%7DvVbs%2C%BCrW-Z%0F%F1%9F%CA%DA%B3%E0%06%E9%81%F7-%01%16%D5%7D%DF%D4%21E%2F%B0%C1%A7%27%AF%C2%0C%B6%C3%EC%1C%BF%5D%82T%A5%DEa%C4%14%401%10%C6%23%02%03%01%00%01%00%00%00%01%9A%04%D5%05%8A%04%CA%CEprefixreg%00%F2%00%03%E2%02%85%D7%C0.%E6%A2%06%2B%91%AF8hE%F6%C9U%84%F7%7D%A1%B3U%3F%CF%B4%1B%B0%85%A4%24x%11m%00%04%D2%8E7%00%03%D2%D62147483647%00%00%00%00 (525 bytes,scope=1) D7C02E-02A2-0008-6FFB-C3446D
1400717679.986373 ccnd[674]: debug.158 ccnd_answer_req ccnx:/ccnx/%D7%C0.%E6%A2%06%2B%91%AF8hE%F6%C9U%84%F7%7D%A1%B3U%3F%CF%B4%1B%B0%85%A4%24x%11m/prefixreg/%04%82%02%AA%03%B2%08%85%17%BC%A7-%C0%19%18%7D%25%DB%0FC%DC%28%19%1A%80%C2%AB%14%C2%0D%1CD%D1%B59k..%23%DC.%1D%F2%22%5BmqS%15%AF5q%E1%EC%80%C6%F9%00%27%27%D3g%FBa%7F%A938R%CDx%C8%B0%83%B5%BD%BA%FB%D2%25~SQ%BDd%A9Y%F2%E6%FB%F0h%AF%5E%F3q%AF%9C%FA%B3u%03%ED.%1C%E2%B4%C9%DCO%C6%BA%9E%2FP%A6%F3%F8q%5C%21%E5%D5%10%BA%DE%2CE%FA%F08%1B%1F%1A8%21%00%00%F2%00%01%A2%03%E2%02%85%3F%CEUL%08m2%E5%A6%28%3Ew%CDb%836%8B%D9z%DA%5B%02%D776-%A5s%B2%09%84%40%00%02%BA%B5%057%D4%16%FF%BB%00%01%E2%01%DA%0A%950%81%9F0%0D%06%09%2A%86H%86%F7%0D%01%01%01%05%00%03%81%8D%000%81%89%02%81%81%00%C0%FB%16%1F%A6%9A%5E%A0%2A%D2%80%DA%8E%D9f%C1%85r%83t%A6%28P6%CC%20O%60%D9Pi%87%F3%F6%D7%8C%F8F%BFw%3C%08%10%FF%D8%02%3E%1B%03E%0B%24%D5T%3F%21T%FC%8Fl%5C%07%22%60o%AA%AF%8E%1E6%9A%7DvVbs%2C%BCrW-Z%0F%F1%9F%CA%DA%B3%E0%06%E9%81%F7-%01%16%D5%7D%DF%D4%21E%2F%B0%C1%A7%27%AF%C2%0C%B6%C3%EC%1C%BF%5D%82T%A5%DEa%C4%14%401%10%C6%23%02%03%01%00%01%00%00%00%01%9A%04%D5%05%8A%04%CA%CEprefixreg%00%F2%00%03%E2%02%85%D7%C0.%E6%A2%06%2B%91%AF8hE%F6%C9U%84%F7%7D%A1%B3U%3F%CF%B4%1B%B0%85%A4%24x%11m%00%04%D2%8E7%00%03%D2%D62147483647%00%00%00%00 (525 bytes,scope=1) D7C02E-02A2-0008-6FFB-C3446D
1400717679.986437 ccnd[674]: debug.2428 prefix,ff=3 7 ccnx:/ (2 bytes)
1400717679.987072 ccnd[674]: debug.280 ccnd_answer_req_response ccnx:/ccnx/%D7%C0.%E6%A2%06%2B%91%AF8hE%F6%C9U%84%F7%7D%A1%B3U%3F%CF%B4%1B%B0%85%A4%24x%11m/prefixreg/%04%82%02%AA%03%B2%08%85%17%BC%A7-%C0%19%18%7D%25%DB%0FC%DC%28%19%1A%80%C2%AB%14%C2%0D%1CD%D1%B59k..%23%DC.%1D%F2%22%5BmqS%15%AF5q%E1%EC%80%C6%F9%00%27%27%D3g%FBa%7F%A938R%CDx%C8%B0%83%B5%BD%BA%FB%D2%25~SQ%BDd%A9Y%F2%E6%FB%F0h%AF%5E%F3q%AF%9C%FA%B3u%03%ED.%1C%E2%B4%C9%DCO%C6%BA%9E%2FP%A6%F3%F8q%5C%21%E5%D5%10%BA%DE%2CE%FA%F08%1B%1F%1A8%21%00%00%F2%00%01%A2%03%E2%02%85%3F%CEUL%08m2%E5%A6%28%3Ew%CDb%836%8B%D9z%DA%5B%02%D776-%A5s%B2%09%84%40%00%02%BA%B5%057%D4%16%FF%BB%00%01%E2%01%DA%0A%950%81%9F0%0D%06%09%2A%86H%86%F7%0D%01%01%01%05%00%03%81%8D%000%81%89%02%81%81%00%C0%FB%16%1F%A6%9A%5E%A0%2A%D2%80%DA%8E%D9f%C1%85r%83t%A6%28P6%CC%20O%60%D9Pi%87%F3%F6%D7%8C%F8F%BFw%3C%08%10%FF%D8%02%3E%1B%03E%0B%24%D5T%3F%21T%FC%8Fl%5C%07%22%60o%AA%AF%8E%1E6%9A%7DvVbs%2C%BCrW-Z%0F%F1%9F%CA%DA%B3%E0%06%E9%81%F7-%01%16%D5%7D%DF%D4%21E%2F%B0%C1%A7%27%AF%C2%0C%B6%C3%EC%1C%BF%5D%82T%A5%DEa%C4%14%401%10%C6%23%02%03%01%00%01%00%00%00%01%9A%04%D5%05%8A%04%CA%CEprefixreg%00%F2%00%03%E2%02%85%D7%C0.%E6%A2%06%2B%91%AF8hE%F6%C9U%84%F7%7D%A1%B3U%3F%CF%B4%1B%B0%85%A4%24x%11m%00%04%D2%8E7%00%03%D2%D62147483647%00%00%00%00 (941 bytes)
1400717679.987171 ccnd[674]: debug.4109 content_from 0 ccnx:/ccnx/%D7%C0.%E6%A2%06%2B%91%AF8hE%F6%C9U%84%F7%7D%A1%B3U%3F%CF%B4%1B%B0%85%A4%24x%11m/prefixreg/%04%82%02%AA%03%B2%08%85%17%BC%A7-%C0%19%18%7D%25%DB%0FC%DC%28%19%1A%80%C2%AB%14%C2%0D%1CD%D1%B59k..%23%DC.%1D%F2%22%5BmqS%15%AF5q%E1%EC%80%C6%F9%00%27%27%D3g%FBa%7F%A938R%CDx%C8%B0%83%B5%BD%BA%FB%D2%25~SQ%BDd%A9Y%F2%E6%FB%F0h%AF%5E%F3q%AF%9C%FA%B3u%03%ED.%1C%E2%B4%C9%DCO%C6%BA%9E%2FP%A6%F3%F8q%5C%21%E5%D5%10%BA%DE%2CE%FA%F08%1B%1F%1A8%21%00%00%F2%00%01%A2%03%E2%02%85%3F%CEUL%08m2%E5%A6%28%3Ew%CDb%836%8B%D9z%DA%5B%02%D776-%A5s%B2%09%84%40%00%02%BA%B5%057%D4%16%FF%BB%00%01%E2%01%DA%0A%950%81%9F0%0D%06%09%2A%86H%86%F7%0D%01%01%01%05%00%03%81%8D%000%81%89%02%81%81%00%C0%FB%16%1F%A6%9A%5E%A0%2A%D2%80%DA%8E%D9f%C1%85r%83t%A6%28P6%CC%20O%60%D9Pi%87%F3%F6%D7%8C%F8F%BFw%3C%08%10%FF%D8%02%3E%1B%03E%0B%24%D5T%3F%21T%FC%8Fl%5C%07%22%60o%AA%AF%8E%1E6%9A%7DvVbs%2C%BCrW-Z%0F%F1%9F%CA%DA%B3%E0%06%E9%81%F7-%01%16%D5%7D%DF%D4%21E%2F%B0%C1%A7%27%AF%C2%0C%B6%C3%EC%1C%BF%5D%82T%A5%DEa%C4%14%401%10%C6%23%02%03%01%00%01%00%00%00%01%9A%04%D5%05%8A%04%CA%CEprefixreg%00%F2%00%03%E2%02%85%D7%C0.%E6%A2%06%2B%91%AF8hE%F6%C9U%84%F7%7D%A1%B3U%3F%CF%B4%1B%B0%85%A4%24x%11m%00%04%D2%8E7%00%03%D2%D62147483647%00%00%00%00/Vsa%A4%AE%CE%AEASn%A0%5Cq%84%9B%92%E5%81Ri%B3%23N%BA%CDr_ri%AC%21j (977 bytes)
1400717679.987196 ccnd[674]: fwd.3059 adding 0
1400717679.987204 ccnd[674]: fwd.3059 adding 7
1400717679.987215 ccnd[674]: face 8 q 0 delay 3 usec
1400717679.987296 ccnd[674]: debug.1526 consume 8 ccnx:/ccnx/%D7%C0.%E6%A2%06%2B%91%AF8hE%F6%C9U%84%F7%7D%A1%B3U%3F%CF%B4%1B%B0%85%A4%24x%11m/prefixreg/%04%82%02%AA%03%B2%08%85%17%BC%A7-%C0%19%18%7D%25%DB%0FC%DC%28%19%1A%80%C2%AB%14%C2%0D%1CD%D1%B59k..%23%DC.%1D%F2%22%5BmqS%15%AF5q%E1%EC%80%C6%F9%00%27%27%D3g%FBa%7F%A938R%CDx%C8%B0%83%B5%BD%BA%FB%D2%25~SQ%BDd%A9Y%F2%E6%FB%F0h%AF%5E%F3q%AF%9C%FA%B3u%03%ED.%1C%E2%B4%C9%DCO%C6%BA%9E%2FP%A6%F3%F8q%5C%21%E5%D5%10%BA%DE%2CE%FA%F08%1B%1F%1A8%21%00%00%F2%00%01%A2%03%E2%02%85%3F%CEUL%08m2%E5%A6%28%3Ew%CDb%836%8B%D9z%DA%5B%02%D776-%A5s%B2%09%84%40%00%02%BA%B5%057%D4%16%FF%BB%00%01%E2%01%DA%0A%950%81%9F0%0D%06%09%2A%86H%86%F7%0D%01%01%01%05%00%03%81%8D%000%81%89%02%81%81%00%C0%FB%16%1F%A6%9A%5E%A0%2A%D2%80%DA%8E%D9f%C1%85r%83t%A6%28P6%CC%20O%60%D9Pi%87%F3%F6%D7%8C%F8F%BFw%3C%08%10%FF%D8%02%3E%1B%03E%0B%24%D5T%3F%21T%FC%8Fl%5C%07%22%60o%AA%AF%8E%1E6%9A%7DvVbs%2C%BCrW-Z%0F%F1%9F%CA%DA%B3%E0%06%E9%81%F7-%01%16%D5%7D%DF%D4%21E%2F%B0%C1%A7%27%AF%C2%0C%B6%C3%EC%1C%BF%5D%82T%A5%DEa%C4%14%401%10%C6%23%02%03%01%00%01%00%00%00%01%9A%04%D5%05%8A%04%CA%CEprefixreg%00%F2%00%03%E2%02%85%D7%C0.%E6%A2%06%2B%91%AF8hE%F6%C9U%84%F7%7D%A1%B3U%3F%CF%B4%1B%B0%85%A4%24x%11m%00%04%D2%8E7%00%03%D2%D62147483647%00%00%00%00 (525 bytes,scope=1) D7C02E-02A2-0008-6FFB-C3446D
1400717679.987312 ccnd[674]: sl.1598 0 ci=4 osrc=4294967295 src=0 usec=10352
1400717679.987320 ccnd[674]: fwd.3059 adding 0
1400717679.987327 ccnd[674]: fwd.3059 adding 7
1400717679.987334 ccnd[674]: sl.1598 0 ci=3 osrc=4294967295 src=0 usec=10352
1400717679.987341 ccnd[674]: fwd.3059 adding 0
1400717679.987347 ccnd[674]: fwd.3059 adding 7
1400717679.987354 ccnd[674]: fwd.3059 adding 7
1400717679.987361 ccnd[674]: fwd.3059 adding 7
1400717679.987444 ccnd[674]: debug.1268 content_to 8 ccnx:/ccnx/%D7%C0.%E6%A2%06%2B%91%AF8hE%F6%C9U%84%F7%7D%A1%B3U%3F%CF%B4%1B%B0%85%A4%24x%11m/prefixreg/%04%82%02%AA%03%B2%08%85%17%BC%A7-%C0%19%18%7D%25%DB%0FC%DC%28%19%1A%80%C2%AB%14%C2%0D%1CD%D1%B59k..%23%DC.%1D%F2%22%5BmqS%15%AF5q%E1%EC%80%C6%F9%00%27%27%D3g%FBa%7F%A938R%CDx%C8%B0%83%B5%BD%BA%FB%D2%25~SQ%BDd%A9Y%F2%E6%FB%F0h%AF%5E%F3q%AF%9C%FA%B3u%03%ED.%1C%E2%B4%C9%DCO%C6%BA%9E%2FP%A6%F3%F8q%5C%21%E5%D5%10%BA%DE%2CE%FA%F08%1B%1F%1A8%21%00%00%F2%00%01%A2%03%E2%02%85%3F%CEUL%08m2%E5%A6%28%3Ew%CDb%836%8B%D9z%DA%5B%02%D776-%A5s%B2%09%84%40%00%02%BA%B5%057%D4%16%FF%BB%00%01%E2%01%DA%0A%950%81%9F0%0D%06%09%2A%86H%86%F7%0D%01%01%01%05%00%03%81%8D%000%81%89%02%81%81%00%C0%FB%16%1F%A6%9A%5E%A0%2A%D2%80%DA%8E%D9f%C1%85r%83t%A6%28P6%CC%20O%60%D9Pi%87%F3%F6%D7%8C%F8F%BFw%3C%08%10%FF%D8%02%3E%1B%03E%0B%24%D5T%3F%21T%FC%8Fl%5C%07%22%60o%AA%AF%8E%1E6%9A%7DvVbs%2C%BCrW-Z%0F%F1%9F%CA%DA%B3%E0%06%E9%81%F7-%01%16%D5%7D%DF%D4%21E%2F%B0%C1%A7%27%AF%C2%0C%B6%C3%EC%1C%BF%5D%82T%A5%DEa%C4%14%401%10%C6%23%02%03%01%00%01%00%00%00%01%9A%04%D5%05%8A%04%CA%CEprefixreg%00%F2%00%03%E2%02%85%D7%C0.%E6%A2%06%2B%91%AF8hE%F6%C9U%84%F7%7D%A1%B3U%3F%CF%B4%1B%B0%85%A4%24x%11m%00%04%D2%8E7%00%03%D2%D62147483647%00%00%00%00/Vsa%A4%AE%CE%AEASn%A0%5Cq%84%9B%92%E5%81Ri%B3%23N%BA%CDr_ri%AC%21j (977 bytes)
1400717679.987786 ccnd[674]: shutdown client fd=9 id=8
1400717679.987797 ccnd[674]: releasing face id 8 (slot 8)
1400717683.000000 ccnd[674]: 6001 ____________________ Thu May 22 00:14:43 2014
1400717683.349598 ccnd[674]: debug.3946 stale ccnx:/%C1.M.S.neighborhood/%C1.M.SRV/ccnd/KEY/%C1.M.K%00%D7%C0.%E6%A2%06%2B%91%AF8hE%F6%C9U%84%F7%7D%A1%B3U%3F%CF%B4%1B%B0%85%A4%24x%11m/%FD%057%D4%14%8A%E6/%00/q%C6%C8O%0B%E6%DA%1E%C0%8F%04%24%EB%DF%FD3%DA%3B%F1w%98s%5DP%F0F%90%BA%8D%FCp%8D (617 bytes)
1400717686.337275 ccnd[674]: debug.3807 interest_from 7 ccnx:/test/1 (32 bytes) 6A536B-0285-0008-75CF-B43382
1400717686.337296 ccnd[674]: version: 20090701, prefix_comps: 2, min_suffix_comps: 0, max_suffix_comps: 32767, orderpref: 0, answerfrom: 3, scope: -1, lifetime: 4.0000, excl: 0 bytes, etc: 0 bytes
1400717686.337333 ccnd[674]: debug.3856 first_candidate ccnx:/test/1/%FD%057%D4%16%D4%5E/%00/%0A%E4y%2A%C6%5E%BD%F5%13%FD6%C3%09%EC%C2%91%3Fz%89%9A_%CF%E1%5C%24-%A1SE%085%B4 (433 bytes)
1400717686.337365 ccnd[674]: debug.3884 matches ccnx:/test/1/%FD%057%D4%16%D4%5E/%00/%0A%E4y%2A%C6%5E%BD%F5%13%FD6%C3%09%EC%C2%91%3Fz%89%9A_%CF%E1%5C%24-%A1SE%085%B4 (433 bytes)
1400717686.337378 ccnd[674]: face 7 q 1 delay 1332 usec
1400717686.337399 ccnd[674]: debug.3918 consume 7 ccnx:/test/1 (32 bytes) 6A536B-0285-0008-75CF-B43382
1400717686.337410 ccnd[674]: fwd.3059 adding 6
1400717686.337421 ccnd[674]: fwd.3059 adding 7
1400717686.337431 ccnd[674]: fwd.3059 adding 7
1400717686.337441 ccnd[674]: fwd.3059 adding 7
1400717686.337465 ccnd[674]: debug.3807 interest_from 7 ccnx:/%C1.M.S.neighborhood/%C1.M.SRV/ccnd/KEY (55 bytes,scope=2)
1400717686.337475 ccnd[674]: version: 20090701, prefix_comps: 4, min_suffix_comps: 0, max_suffix_comps: 32767, orderpref: 0, answerfrom: 3, scope: 2, lifetime: 4.0000, excl: 0 bytes, etc: 0 bytes
1400717686.337522 ccnd[674]: debug.3856 first_candidate ccnx:/%C1.M.S.neighborhood/%C1.M.SRV/ccnd/KEY/%C1.M.K%00%D7%C0.%E6%A2%06%2B%91%AF8hE%F6%C9U%84%F7%7D%A1%B3U%3F%CF%B4%1B%B0%85%A4%24x%11m/%FD%057%D4%14%8A%E6/%00/q%C6%C8O%0B%E6%DA%1E%C0%8F%04%24%EB%DF%FD3%DA%3B%F1w%98s%5DP%F0F%90%BA%8D%FCp%8D (617 bytes)
1400717686.337534 ccnd[674]: fwd.3059 adding 0
1400717686.337544 ccnd[674]: fwd.3059 adding 7
1400717686.337554 ccnd[674]: outbound.3131 adding 0
1400717686.337602 ccnd[674]: debug.3523 0x17289a0.0of1,usec=301+3999699 7 ccnx:/%C1.M.S.neighborhood/%C1.M.SRV/ccnd/KEY (71 bytes,scope=2) D7C02E-02A2-0007-7656-9AE6B9
1400717686.338769 ccnd[674]: debug.3210 interest_to 0 ccnx:/%C1.M.S.neighborhood/%C1.M.SRV/ccnd/KEY (71 bytes,scope=2) D7C02E-02A2-0007-7656-9AE6B9
1400717686.338800 ccnd[674]: debug.158 ccnd_answer_req ccnx:/%C1.M.S.neighborhood/%C1.M.SRV/ccnd/KEY (71 bytes,scope=2) D7C02E-02A2-0007-7656-9AE6B9
1400717686.338876 ccnd[674]: debug.4109 content_from 0 ccnx:/%C1.M.S.neighborhood/%C1.M.SRV/ccnd/KEY/%C1.M.K%00%D7%C0.%E6%A2%06%2B%91%AF8hE%F6%C9U%84%F7%7D%A1%B3U%3F%CF%B4%1B%B0%85%A4%24x%11m/%FD%057%D4%14%8A%E6/%00/q%C6%C8O%0B%E6%DA%1E%C0%8F%04%24%EB%DF%FD3%DA%3B%F1w%98s%5DP%F0F%90%BA%8D%FCp%8D (617 bytes)
1400717686.338897 ccnd[674]: fwd.3059 adding 0
1400717686.338908 ccnd[674]: fwd.3059 adding 7
1400717686.338935 ccnd[674]: debug.1526 consume 7 ccnx:/%C1.M.S.neighborhood/%C1.M.SRV/ccnd/KEY (71 bytes,scope=2) D7C02E-02A2-0007-7656-9AE6B9
1400717686.338945 ccnd[674]: sl.1598 0 ci=4 osrc=0 src=0 usec=10352
1400717686.338956 ccnd[674]: fwd.3059 adding 0
1400717686.338966 ccnd[674]: fwd.3059 adding 7
1400717686.338979 ccnd[674]: sl.1598 0 ci=3 osrc=0 src=0 usec=10352
1400717686.338990 ccnd[674]: fwd.3059 adding 0
1400717686.338999 ccnd[674]: fwd.3059 adding 7
1400717686.339028 ccnd[674]: debug.1268 content_to 7 ccnx:/test/1/%FD%057%D4%16%D4%5E/%00/%0A%E4y%2A%C6%5E%BD%F5%13%FD6%C3%09%EC%C2%91%3Fz%89%9A_%CF%E1%5C%24-%A1SE%085%B4 (433 bytes)
1400717686.339053 ccnd[674]: face 7 queued 1 delay 700
1400717686.000000 ccnd[674]: 6001 ____________________ Thu May 22 00:14:46 2014
1400717686.340173 ccnd[674]: debug.1268 content_to 7 ccnx:/%C1.M.S.neighborhood/%C1.M.SRV/ccnd/KEY/%C1.M.K%00%D7%C0.%E6%A2%06%2B%91%AF8hE%F6%C9U%84%F7%7D%A1%B3U%3F%CF%B4%1B%B0%85%A4%24x%11m/%FD%057%D4%14%8A%E6/%00/q%C6%C8O%0B%E6%DA%1E%C0%8F%04%24%EB%DF%FD3%DA%3B%F1w%98s%5DP%F0F%90%BA%8D%FCp%8D (617 bytes)
1400717687.146332 ccnd[674]: debug.3946 stale ccnx:/ccnx/%D7%C0.%E6%A2%06%2B%91%AF8hE%F6%C9U%84%F7%7D%A1%B3U%3F%CF%B4%1B%B0%85%A4%24x%11m/selfreg/%04%82%02%AA%03%B2%08%85%1D%E2%10%FA%29%A8%D7%E8%EA%8E%DC%7F%B0R%1Bu%92%83%EFl%8C%AB%A3U%DE%3C%10%A0%C21%98%08%90%A1%81%81%2BBU4%07%2C%F6uwH%93%85%E43F%F3R%D8%AB%B2%F1-nL6%B1%82%D8Qt%81x%E4e%F1%F3%98%F3%06%AA%DB%FD%0Ai%A6%ED%B4%EAV%3D%7B%AD%AA%3E%BD%A3%AD%01b%00%23WN19%A4%FE%F7%CB%DF%40%0D%F3U%1FN%B4%F9%20%09%E8%2F%B5n0%FF%26%2B%1DX%CC%F2%00%00%F2%00%01%A2%03%E2%02%85%3F%CEUL%08m2%E5%A6%28%3Ew%CDb%836%8B%D9z%DA%5B%02%D776-%A5s%B2%09%84%40%00%02%BA%B5%057%D4%16%D1%85%00%01%E2%01%DA%0A%950%81%9F0%0D%06%09%2A%86H%86%F7%0D%01%01%01%05%00%03%81%8D%000%81%89%02%81%81%00%C0%FB%16%1F%A6%9A%5E%A0%2A%D2%80%DA%8E%D9f%C1%85r%83t%A6%28P6%CC%20O%60%D9Pi%87%F3%F6%D7%8C%F8F%BFw%3C%08%10%FF%D8%02%3E%1B%03E%0B%24%D5T%3F%21T%FC%8Fl%5C%07%22%60o%AA%AF%8E%1E6%9A%7DvVbs%2C%BCrW-Z%0F%F1%9F%CA%DA%B3%E0%06%E9%81%F7-%01%16%D5%7D%DF%D4%21E%2F%B0%C1%A7%27%AF%C2%0C%B6%C3%EC%1C%BF%5D%82T%A5%DEa%C4%14%401%10%C6%23%02%03%01%00%01%00%00%00%01%9A%09%ED%05%8A%04%CA%BEselfreg%00%F2%FA%C5ccnx.org%00%FA%ADUsers%00%FA%A5user%00%FA%A5Keys%00%FA%02%B5%C1.M.K%00%3F%CEUL%08m2%E5%A6%28%3Ew%CDb%836%8B%D9z%DA%5B%02%D776-%A5s%B2%09%84%40%00%FA%BD%FD%04%FB%C93%60%00%00%00%03%E2%02%85%D7%C0.%E6%A2%06%2B%91%AF8hE%F6%C9U%84%F7%7D%A1%B3U%3F%CF%B4%1B%B0%85%A4%24x%11m%00%04%FA%8E3%00%03%D2%D62147483647%00%00%00%00/%1A%03A%95%22%96%97U%24%13%FC%DF%ADL%EC%CDA%3D%15%FEo%F2%09%80%FD6%DC%00%0Ag%B8%ED (1139 bytes)
1400717687.263675 ccnd[674]: debug.3946 stale ccnx:/ccnx/%D7%C0.%E6%A2%06%2B%91%AF8hE%F6%C9U%84%F7%7D%A1%B3U%3F%CF%B4%1B%B0%85%A4%24x%11m/selfreg/%04%82%02%AA%03%B2%08%85%BE%EC%60%02%A2%A1%D3%D44u%AA%B6%B5%DE%C9q%BD%AAB%0E%DCET%87%ACt%B1%80%A4%7F%25%FE%82OP%60u%C0%7D%1E%1E%EAH%C3%B0%E8%F8D%B1%03%5C%A3X%C23%F5%0D%E6%CD%B6_%A3Ol%B4%1B%DEV%1DI%86%1A%AD%3DF%D4%09%B3%D4O%82%0E%DAo%E8%C2%9E-T%F5%B5eb%BEI%5E%A8%C7%01U%BD%24%CEFA%D6%B3%FB%B1%C8~%F0Rt1%B4%D1v%3F%F3%C0%BCbM%D9E%E4%D7%00%00%F2%00%01%A2%03%E2%02%85%3F%CEUL%08m2%E5%A6%28%3Ew%CDb%836%8B%D9z%DA%5B%02%D776-%A5s%B2%09%84%40%00%02%BA%B5%057%D4%16%D3%BA%00%01%E2%01%DA%0A%950%81%9F0%0D%06%09%2A%86H%86%F7%0D%01%01%01%05%00%03%81%8D%000%81%89%02%81%81%00%C0%FB%16%1F%A6%9A%5E%A0%2A%D2%80%DA%8E%D9f%C1%85r%83t%A6%28P6%CC%20O%60%D9Pi%87%F3%F6%D7%8C%F8F%BFw%3C%08%10%FF%D8%02%3E%1B%03E%0B%24%D5T%3F%21T%FC%8Fl%5C%07%22%60o%AA%AF%8E%1E6%9A%7DvVbs%2C%BCrW-Z%0F%F1%9F%CA%DA%B3%E0%06%E9%81%F7-%01%16%D5%7D%DF%D4%21E%2F%B0%C1%A7%27%AF%C2%0C%B6%C3%EC%1C%BF%5D%82T%A5%DEa%C4%14%401%10%C6%23%02%03%01%00%01%00%00%00%01%9A%05%9D%05%8A%04%CA%BEselfreg%00%F2%FA%A5test%00%FA%8D1%00%00%03%E2%02%85%D7%C0.%E6%A2%06%2B%91%AF8hE%F6%C9U%84%F7%7D%A1%B3U%3F%CF%B4%1B%B0%85%A4%24x%11m%00%04%FA%8E3%00%03%D2%D62147483647%00%00%00%00/%2AcV%F2%9C%A4f%1F%24%A5r%B0T%A8%DFab%03%C3%04%2A%0B%C7B%7F%FB%C8%01%97N%86%95 (991 bytes)
1400717689.984829 ccnd[674]: debug.3946 stale ccnx:/ccnx/%D7%C0.%E6%A2%06%2B%91%AF8hE%F6%C9U%84%F7%7D%A1%B3U%3F%CF%B4%1B%B0%85%A4%24x%11m/newface/%04%82%02%AA%03%B2%08%85yF%EC%7Fcl%91%5E%C2%2F%24R%1E%02n%ECU%F1%09z%14%A3%DD%F6%00%E1%C4%E84%A9%B7%03%9B%24%E3sT%12s%9A%C5%A4%A42%11%BA%0D%3A%A4f%9B%F8%EE%86%94%ED%D2%3B%FB%23%00%3C%1D%C3%C7%F5%23%13Z%88e%97%A9%19%09H%F6%D8%C0%2B%F34%E1%BC%A6%9B%80%86%C6t%A4%FE%E4G%A2%FC%BA_%F3%EA%8D%15%A7%BC%3A%1C%3D%0E%1Cy%82%EB%FB%88%8F%D2L%1Co%7B4%A2%3F%13%B3%BE%01%C3%00%00%F2%00%01%A2%03%E2%02%85%3F%CEUL%08m2%E5%A6%28%3Ew%CDb%836%8B%D9z%DA%5B%02%D776-%A5s%B2%09%84%40%00%02%BA%B5%057%D4%16%FF%A3%00%01%E2%01%DA%0A%950%81%9F0%0D%06%09%2A%86H%86%F7%0D%01%01%01%05%00%03%81%8D%000%81%89%02%81%81%00%C0%FB%16%1F%A6%9A%5E%A0%2A%D2%80%DA%8E%D9f%C1%85r%83t%A6%28P6%CC%20O%60%D9Pi%87%F3%F6%D7%8C%F8F%BFw%3C%08%10%FF%D8%02%3E%1B%03E%0B%24%D5T%3F%21T%FC%8Fl%5C%07%22%60o%AA%AF%8E%1E6%9A%7DvVbs%2C%BCrW-Z%0F%F1%9F%CA%DA%B3%E0%06%E9%81%F7-%01%16%D5%7D%DF%D4%21E%2F%B0%C1%A7%27%AF%C2%0C%B6%C3%EC%1C%BF%5D%82T%A5%DEa%C4%14%401%10%C6%23%02%03%01%00%01%00%00%00%01%9A%06%AD%05%82%04%CA%BEnewface%00%03%E2%02%85%D7%C0.%E6%A2%06%2B%91%AF8hE%F6%C9U%84%F7%7D%A1%B3U%3F%CF%B4%1B%B0%85%A4%24x%11m%00%04%D2%8E0%00%04%DA%9617%00%04%E2%EE192.168.122.2%00%04%EA%A66001%00%03%D2%D62147483647%00%00%00%00/%5C%ABN%F7%A5%C9%22%F2%D8%99%13f%D0%A0%9B%E9%C1%E57%5B-L5%DF~%A3%5B%802%0B%D4%EF (1022 bytes)
1400717689.988089 ccnd[674]: debug.3946 stale ccnx:/ccnx/%D7%C0.%E6%A2%06%2B%91%AF8hE%F6%C9U%84%F7%7D%A1%B3U%3F%CF%B4%1B%B0%85%A4%24x%11m/prefixreg/%04%82%02%AA%03%B2%08%85%17%BC%A7-%C0%19%18%7D%25%DB%0FC%DC%28%19%1A%80%C2%AB%14%C2%0D%1CD%D1%B59k..%23%DC.%1D%F2%22%5BmqS%15%AF5q%E1%EC%80%C6%F9%00%27%27%D3g%FBa%7F%A938R%CDx%C8%B0%83%B5%BD%BA%FB%D2%25~SQ%BDd%A9Y%F2%E6%FB%F0h%AF%5E%F3q%AF%9C%FA%B3u%03%ED.%1C%E2%B4%C9%DCO%C6%BA%9E%2FP%A6%F3%F8q%5C%21%E5%D5%10%BA%DE%2CE%FA%F08%1B%1F%1A8%21%00%00%F2%00%01%A2%03%E2%02%85%3F%CEUL%08m2%E5%A6%28%3Ew%CDb%836%8B%D9z%DA%5B%02%D776-%A5s%B2%09%84%40%00%02%BA%B5%057%D4%16%FF%BB%00%01%E2%01%DA%0A%950%81%9F0%0D%06%09%2A%86H%86%F7%0D%01%01%01%05%00%03%81%8D%000%81%89%02%81%81%00%C0%FB%16%1F%A6%9A%5E%A0%2A%D2%80%DA%8E%D9f%C1%85r%83t%A6%28P6%CC%20O%60%D9Pi%87%F3%F6%D7%8C%F8F%BFw%3C%08%10%FF%D8%02%3E%1B%03E%0B%24%D5T%3F%21T%FC%8Fl%5C%07%22%60o%AA%AF%8E%1E6%9A%7DvVbs%2C%BCrW-Z%0F%F1%9F%CA%DA%B3%E0%06%E9%81%F7-%01%16%D5%7D%DF%D4%21E%2F%B0%C1%A7%27%AF%C2%0C%B6%C3%EC%1C%BF%5D%82T%A5%DEa%C4%14%401%10%C6%23%02%03%01%00%01%00%00%00%01%9A%04%D5%05%8A%04%CA%CEprefixreg%00%F2%00%03%E2%02%85%D7%C0.%E6%A2%06%2B%91%AF8hE%F6%C9U%84%F7%7D%A1%B3U%3F%CF%B4%1B%B0%85%A4%24x%11m%00%04%D2%8E7%00%03%D2%D62147483647%00%00%00%00/Vsa%A4%AE%CE%AEASn%A0%5Cq%84%9B%92%E5%81Ri%B3%23N%BA%CDr_ri%AC%21j (977 bytes)
1400717691.339662 ccnd[674]: debug.3946 stale ccnx:/%C1.M.S.neighborhood/%C1.M.SRV/ccnd/KEY/%C1.M.K%00%D7%C0.%E6%A2%06%2B%91%AF8hE%F6%C9U%84%F7%7D%A1%B3U%3F%CF%B4%1B%B0%85%A4%24x%11m/%FD%057%D4%14%8A%E6/%00/q%C6%C8O%0B%E6%DA%1E%C0%8F%04%24%EB%DF%FD3%DA%3B%F1w%98s%5DP%F0F%90%BA%8D%FCp%8D (617 bytes)
