<?xml version="1.0" encoding="UTF-8" standalone="no"?>
<!DOCTYPE log SYSTEM "logger.dtd">
<log>
<record>
  <date>2014-05-21T23:40:24</date>
  <millis>1400715624964</millis>
  <sequence>0</sequence>
  <logger>ccnx.Default</logger>
  <level>INFO</level>
  <class>thoth.CCNComms</class>
  <method>createConnection</method>
  <thread>10</thread>
  <message>Connecting to CCN network...</message>
</record>
<record>
  <date>2014-05-21T23:40:25</date>
  <millis>1400715625392</millis>
  <sequence>1</sequence>
  <logger>ccnx.Keys</logger>
  <level>INFO</level>
  <class>org.ccnx.ccn.impl.security.keys.BasicKeyManager</class>
  <method>loadKeyStore</method>
  <thread>10</thread>
  <message>Loading CCN key store from /home/user/.ccnx/.ccnx_keystore...last modified 1337758518000(ms).</message>
</record>
<record>
  <date>2014-05-21T23:40:25</date>
  <millis>1400715625393</millis>
  <sequence>2</sequence>
  <logger>ccnx.Keys</logger>
  <level>INFO</level>
  <class>org.ccnx.ccn.impl.security.keys.BasicKeyManager</class>
  <method>readKeyStore</method>
  <thread>10</thread>
  <message>Loading CCN key store...</message>
</record>
<record>
  <date>2014-05-21T23:40:25</date>
  <millis>1400715625469</millis>
  <sequence>3</sequence>
  <logger>ccnx.Keys</logger>
  <level>INFO</level>
  <class>org.ccnx.ccn.impl.security.keys.BasicKeyManager</class>
  <method>loadKeyStore</method>
  <thread>10</thread>
  <message>Loaded CCN key store from /home/user/.ccnx/.ccnx_keystore...version 2012-05-23 07:35:18.0 ms: 1337758518000</message>
</record>
<record>
  <date>2014-05-21T23:40:25</date>
  <millis>1400715625471</millis>
  <sequence>4</sequence>
  <logger>ccnx.Keys</logger>
  <level>INFO</level>
  <class>org.ccnx.ccn.impl.security.keys.BasicKeyManager</class>
  <method>loadValuesFromKeystore</method>
  <thread>10</thread>
  <message>Loading key store file:/home/user/.ccnx/.ccnx_keystore version 2012-05-23 07:35:18.0 version component %FD%04%FB%C93%60%00 millis 1337758518000</message>
</record>
<record>
  <date>2014-05-21T23:40:25</date>
  <millis>1400715625511</millis>
  <sequence>5</sequence>
  <logger>ccnx.Keys</logger>
  <level>INFO</level>
  <class>org.ccnx.ccn.impl.security.keys.BasicKeyManager</class>
  <method>loadValuesFromKeystore</method>
  <thread>10</thread>
  <message>Default key ID for user user: P85VTAhtMuWmKD53zWKDNovZetpbAtc3Ni2lc7IJhEA=</message>
</record>
<record>
  <date>2014-05-21T23:40:25</date>
  <millis>1400715625568</millis>
  <sequence>6</sequence>
  <logger>ccnx.Default</logger>
  <level>INFO</level>
  <class>org.ccnx.ccn.impl.security.keys.SecureKeyCache</class>
  <method>loadKeyStore</method>
  <thread>10</thread>
  <message>KeyCache: loading signing key P85VTAhtMuWmKD53zWKDNovZetpbAtc3Ni2lc7IJhEA=, remembering public key in public key cache.</message>
</record>
<record>
  <date>2014-05-21T23:40:25</date>
  <millis>1400715625578</millis>
  <sequence>7</sequence>
  <logger>ccnx.AccessControl</logger>
  <level>INFO</level>
  <class>org.ccnx.ccn.impl.security.keys.SecureKeyCache</class>
  <method>addMyPrivateKey</method>
  <thread>10</thread>
  <message>SecureKeyCache: adding my private key 3fce554c086d32e5a6283e77cd6283368bd97ada5b02d737362da573b2098440</message>
</record>
<record>
  <date>2014-05-21T23:40:25</date>
  <millis>1400715625579</millis>
  <sequence>8</sequence>
  <logger>ccnx.Keys</logger>
  <level>INFO</level>
  <class>org.ccnx.ccn.impl.security.keys.BasicKeyManager</class>
  <method>loadValuesFromConfiguration</method>
  <thread>10</thread>
  <message>loadValuesFromConfiguration: attempting to load configuration from /home/user/.ccnx/ccnx_config.bin</message>
</record>
<record>
  <date>2014-05-21T23:40:25</date>
  <millis>1400715625579</millis>
  <sequence>9</sequence>
  <logger>ccnx.Keys</logger>
  <level>INFO</level>
  <class>org.ccnx.ccn.impl.security.keys.BasicKeyManager</class>
  <method>loadValuesFromConfiguration</method>
  <thread>10</thread>
  <message>loadValuesFromConfiguration: configuration file /home/user/.ccnx/ccnx_config.bin does not exist.</message>
</record>
<record>
  <date>2014-05-21T23:40:25</date>
  <millis>1400715625579</millis>
  <sequence>10</sequence>
  <logger>ccnx.Keys</logger>
  <level>INFO</level>
  <class>org.ccnx.ccn.impl.security.keys.BasicKeyManager</class>
  <method>loadSavedSecureKeyCache</method>
  <thread>10</thread>
  <message>Not loading key cache in response to user configuration variable.</message>
</record>
<record>
  <date>2014-05-21T23:40:25</date>
  <millis>1400715625636</millis>
  <sequence>11</sequence>
  <logger>ccnx.NetManager</logger>
  <level>WARNING</level>
  <class>org.ccnx.ccn.impl.CCNNetworkManager</class>
  <method>&lt;init&gt;</method>
  <thread>10</thread>
  <message>NetworkManager 1: Non-standard CCN agent port 6001 per property ccn.agent.port</message>
</record>
<record>
  <date>2014-05-21T23:40:25</date>
  <millis>1400715625636</millis>
  <sequence>12</sequence>
  <logger>ccnx.NetManager</logger>
  <level>INFO</level>
  <class>org.ccnx.ccn.impl.CCNNetworkManager</class>
  <method>&lt;init&gt;</method>
  <thread>10</thread>
  <message>NetworkManager 1: Contacting CCN agent at localhost:6001</message>
</record>
<record>
  <date>2014-05-21T23:40:25</date>
  <millis>1400715625649</millis>
  <sequence>13</sequence>
  <logger>ccnx.NetManager</logger>
  <level>INFO</level>
  <class>org.ccnx.ccn.impl.CCNNetworkChannel</class>
  <method>&lt;init&gt;</method>
  <thread>10</thread>
  <message>NetworkChannel 1: Starting up CCNNetworkChannel using TCP.</message>
</record>
<record>
  <date>2014-05-21T23:40:25</date>
  <millis>1400715625649</millis>
  <sequence>14</sequence>
  <logger>ccnx.NetManager</logger>
  <level>INFO</level>
  <class>org.ccnx.ccn.impl.CCNNetworkChannel</class>
  <method>open</method>
  <thread>10</thread>
  <message>NetworkChannel 1: open()</message>
</record>
<record>
  <date>2014-05-21T23:40:25</date>
  <millis>1400715625671</millis>
  <sequence>15</sequence>
  <logger>ccnx.NetManager</logger>
  <level>INFO</level>
  <class>org.ccnx.ccn.impl.CCNNetworkChannel</class>
  <method>open</method>
  <thread>10</thread>
  <message>NetworkChannel 1: Contacting CCN agent at localhost:6001 on local port 54784</message>
</record>
<record>
  <date>2014-05-21T23:40:25</date>
  <millis>1400715625672</millis>
  <sequence>16</sequence>
  <logger>ccnx.NetManager</logger>
  <level>INFO</level>
  <class>org.ccnx.ccn.CCNHandle</class>
  <method>&lt;init&gt;</method>
  <thread>10</thread>
  <message>CCNHandle 1: Handle is now open</message>
</record>
<record>
  <date>2014-05-21T23:40:25</date>
  <millis>1400715625682</millis>
  <sequence>17</sequence>
  <logger>ccnx.NetManager</logger>
  <level>INFO</level>
  <class>org.ccnx.ccn.impl.CCNNetworkManager</class>
  <method>run</method>
  <thread>11</thread>
  <message>NetworkManager 1: CCNNetworkManager processing thread started for port: 6001</message>
</record>
<record>
  <date>2014-05-21T23:40:25</date>
  <millis>1400715625704</millis>
  <sequence>18</sequence>
  <logger>ccnx.Keys</logger>
  <level>INFO</level>
  <class>org.ccnx.ccn.impl.security.keys.PublicKeyCache</class>
  <method>getPublicKeyObject</method>
  <thread>10</thread>
  <message>Retrieved key 18Au5qIGK5GvOGhF9slVhPd9obNVP8+0G7CFpCR4EW0= using locator NAME: /%C1.M.S.localhost/%C1.M.SRV/ccnd/KEY/%C1.M.K%00%D7%C0.%E6%A2%06%2B%91%AF8hE%F6%C9U%84%F7%7D%A1%B3U%3F%CF%B4%1B%B0%85%A4%24x%11m/%FD%057%D3%94W%87.</message>
</record>
<record>
  <date>2014-05-21T23:40:25</date>
  <millis>1400715625705</millis>
  <sequence>19</sequence>
  <logger>ccnx.Keys</logger>
  <level>INFO</level>
  <class>org.ccnx.ccn.impl.security.keys.PublicKeyCache</class>
  <method>getPublicKeyObject</method>
  <thread>10</thread>
  <message>Retrieved key 18Au5qIGK5GvOGhF9slVhPd9obNVP8+0G7CFpCR4EW0= using locator NAME: /%C1.M.S.localhost/%C1.M.SRV/ccnd/KEY/%C1.M.K%00%D7%C0.%E6%A2%06%2B%91%AF8hE%F6%C9U%84%F7%7D%A1%B3U%3F%CF%B4%1B%B0%85%A4%24x%11m/%FD%057%D3%94W%87 - got /%C1.M.S.localhost/%C1.M.SRV/ccnd/KEY/%C1.M.K%00%D7%C0.%E6%A2%06%2B%91%AF8hE%F6%C9U%84%F7%7D%A1%B3U%3F%CF%B4%1B%B0%85%A4%24x%11m/%FD%057%D3%94W%87/%00</message>
</record>
<record>
  <date>2014-05-21T23:40:25</date>
  <millis>1400715625722</millis>
  <sequence>20</sequence>
  <logger>ccnx.IO</logger>
  <level>INFO</level>
  <class>org.ccnx.ccn.io.CCNAbstractInputStream</class>
  <method>&lt;init&gt;</method>
  <thread>10</thread>
  <message>CCNAbstractInputStream: /%C1.M.S.localhost/%C1.M.SRV/ccnd/KEY/%C1.M.K%00%D7%C0.%E6%A2%06%2B%91%AF8hE%F6%C9U%84%F7%7D%A1%B3U%3F%CF%B4%1B%B0%85%A4%24x%11m/%FD%057%D3%94W%87 segment 0</message>
</record>
<record>
  <date>2014-05-21T23:40:25</date>
  <millis>1400715625726</millis>
  <sequence>21</sequence>
  <logger>ccnx.Pipeline</logger>
  <level>INFO</level>
  <class>org.ccnx.ccn.io.CCNAbstractInputStream</class>
  <method>startPipeline</method>
  <thread>10</thread>
  <message>PIPELINE: starting pipelining</message>
</record>
<record>
  <date>2014-05-21T23:40:25</date>
  <millis>1400715625727</millis>
  <sequence>22</sequence>
  <logger>ccnx.Pipeline</logger>
  <level>INFO</level>
  <class>org.ccnx.ccn.io.CCNAbstractInputStream</class>
  <method>startPipeline</method>
  <thread>10</thread>
  <message>PIPELINE: BaseName for pipeline: /%C1.M.S.localhost/%C1.M.SRV/ccnd/KEY/%C1.M.K%00%D7%C0.%E6%A2%06%2B%91%AF8hE%F6%C9U%84%F7%7D%A1%B3U%3F%CF%B4%1B%B0%85%A4%24x%11m/%FD%057%D3%94W%87 base name: /%C1.M.S.localhost/%C1.M.SRV/ccnd/KEY/%C1.M.K%00%D7%C0.%E6%A2%06%2B%91%AF8hE%F6%C9U%84%F7%7D%A1%B3U%3F%CF%B4%1B%B0%85%A4%24x%11m/%FD%057%D3%94W%87</message>
</record>
<record>
  <date>2014-05-21T23:40:25</date>
  <millis>1400715625727</millis>
  <sequence>23</sequence>
  <logger>ccnx.Pipeline</logger>
  <level>INFO</level>
  <class>org.ccnx.ccn.io.CCNAbstractInputStream</class>
  <method>startPipeline</method>
  <thread>10</thread>
  <message>PIPELINE: we already have the first segment...  start from there: /%C1.M.S.localhost/%C1.M.SRV/ccnd/KEY/%C1.M.K%00%D7%C0.%E6%A2%06%2B%91%AF8hE%F6%C9U%84%F7%7D%A1%B3U%3F%CF%B4%1B%B0%85%A4%24x%11m/%FD%057%D3%94W%87/%00</message>
</record>
<record>
  <date>2014-05-21T23:40:25</date>
  <millis>1400715625727</millis>
  <sequence>24</sequence>
  <logger>ccnx.Pipeline</logger>
  <level>INFO</level>
  <class>org.ccnx.ccn.io.CCNAbstractInputStream</class>
  <method>startPipeline</method>
  <thread>10</thread>
  <message>PIPELINE: we already have the last segment...  don't need to pipeline (returning)</message>
</record>
<record>
  <date>2014-05-21T23:40:25</date>
  <millis>1400715625730</millis>
  <sequence>25</sequence>
  <logger>ccnx.Pipeline</logger>
  <level>INFO</level>
  <class>org.ccnx.ccn.io.CCNAbstractInputStream</class>
  <method>seek</method>
  <thread>10</thread>
  <message>PIPELINE: in seek(0) currentSegment 0</message>
</record>
<record>
  <date>2014-05-21T23:40:25</date>
  <millis>1400715625731</millis>
  <sequence>26</sequence>
  <logger>ccnx.Pipeline</logger>
  <level>INFO</level>
  <class>org.ccnx.ccn.io.CCNAbstractInputStream</class>
  <method>tell</method>
  <thread>10</thread>
  <message>PIPELINE: in tell() currentSegment 0</message>
</record>
<record>
  <date>2014-05-21T23:40:25</date>
  <millis>1400715625731</millis>
  <sequence>27</sequence>
  <logger>ccnx.Pipeline</logger>
  <level>INFO</level>
  <class>org.ccnx.ccn.io.CCNAbstractInputStream</class>
  <method>skip</method>
  <thread>10</thread>
  <message>PIPELINE: in skip(0) currentSegment 0</message>
</record>
<record>
  <date>2014-05-21T23:40:25</date>
  <millis>1400715625763</millis>
  <sequence>28</sequence>
  <logger>ccnx.Keys</logger>
  <level>INFO</level>
  <class>org.ccnx.ccn.impl.security.keys.PublicKeyCache</class>
  <method>getPublicKeyObject</method>
  <thread>10</thread>
  <message>Retrieved public key using name: /%C1.M.S.localhost/%C1.M.SRV/ccnd/KEY/%C1.M.K%00%D7%C0.%E6%A2%06%2B%91%AF8hE%F6%C9U%84%F7%7D%A1%B3U%3F%CF%B4%1B%B0%85%A4%24x%11m/%FD%057%D3%94W%87</message>
</record>
<record>
  <date>2014-05-21T23:40:25</date>
  <millis>1400715625763</millis>
  <sequence>29</sequence>
  <logger>ccnx.Keys</logger>
  <level>INFO</level>
  <class>org.ccnx.ccn.impl.security.keys.PublicKeyCache</class>
  <method>getPublicKey</method>
  <thread>10</thread>
  <message>Retrieved key 18Au5qIGK5GvOGhF9slVhPd9obNVP8+0G7CFpCR4EW0= from network with locator NAME: /%C1.M.S.localhost/%C1.M.SRV/ccnd/KEY/%C1.M.K%00%D7%C0.%E6%A2%06%2B%91%AF8hE%F6%C9U%84%F7%7D%A1%B3U%3F%CF%B4%1B%B0%85%A4%24x%11m/%FD%057%D3%94W%87!</message>
</record>
<record>
  <date>2014-05-21T23:40:25</date>
  <millis>1400715625765</millis>
  <sequence>30</sequence>
  <logger>ccnx.Default</logger>
  <level>INFO</level>
  <class>org.ccnx.ccn.config.PlatformConfiguration</class>
  <method>&lt;clinit&gt;</method>
  <thread>10</thread>
  <message>BC provider: BC</message>
</record>
<record>
  <date>2014-05-21T23:40:25</date>
  <millis>1400715625778</millis>
  <sequence>31</sequence>
  <logger>ccnx.Default</logger>
  <level>INFO</level>
  <class>org.ccnx.ccn.config.PlatformConfiguration</class>
  <method>&lt;clinit&gt;</method>
  <thread>10</thread>
  <message>Provider info: BouncyCastle Security Provider v1.43 version: 1.43</message>
</record>
<record>
  <date>2014-05-21T23:40:25</date>
  <millis>1400715625779</millis>
  <sequence>32</sequence>
  <logger>ccnx.Default</logger>
  <level>INFO</level>
  <class>org.ccnx.ccn.config.PlatformConfiguration</class>
  <method>&lt;clinit&gt;</method>
  <thread>10</thread>
  <message>java.vm.name = OpenJDK 64-Bit Server VM</message>
</record>
<record>
  <date>2014-05-21T23:40:25</date>
  <millis>1400715625838</millis>
  <sequence>33</sequence>
  <logger>ccnx.IO</logger>
  <level>INFO</level>
  <class>org.ccnx.ccn.impl.CCNFlowControl</class>
  <method>addNameSpace</method>
  <thread>10</thread>
  <message>Flow controller addNameSpace: added namespace: /ccnx.org/Users/user/Keys/%C1.M.K%00%3F%CEUL%08m2%E5%A6%28%3Ew%CDb%836%8B%D9z%DA%5B%02%D776-%A5s%B2%09%84%40/%FD%04%FB%C93%60%00</message>
</record>
<record>
  <date>2014-05-21T23:40:25</date>
  <millis>1400715625839</millis>
  <sequence>34</sequence>
  <logger>ccnx.Keys</logger>
  <level>INFO</level>
  <class>org.ccnx.ccn.impl.security.keys.BasicKeyManager</class>
  <method>getKeyLocator</method>
  <thread>10</thread>
  <message>getKeyLocator: returning locator KEY: P85VTAhtMuWmKD53zWKDNovZetpbAtc3Ni2lc7IJhEA= for key P85VTAhtMuWmKD53zWKDNovZetpbAtc3Ni2lc7IJhEA=</message>
</record>
<record>
  <date>2014-05-21T23:40:25</date>
  <millis>1400715625840</millis>
  <sequence>35</sequence>
  <logger>ccnx.Keys</logger>
  <level>INFO</level>
  <class>org.ccnx.ccn.KeyManager</class>
  <method>publishKey</method>
  <thread>10</thread>
  <message>publishKey: key not previously published, making new key object /ccnx.org/Users/user/Keys/%C1.M.K%00%3F%CEUL%08m2%E5%A6%28%3Ew%CDb%836%8B%D9z%DA%5B%02%D776-%A5s%B2%09%84%40 with version 2012-05-23 07:35:18.0 displayed as %FD%04%FB%C93%60%00</message>
</record>
<record>
  <date>2014-05-21T23:40:25</date>
  <millis>1400715625851</millis>
  <sequence>36</sequence>
  <logger>ccnx.IO</logger>
  <level>INFO</level>
  <class>org.ccnx.ccn.io.CCNAbstractOutputStream</class>
  <method>&lt;init&gt;</method>
  <thread>10</thread>
  <message>CCNAbstractOutputStream: /ccnx.org/Users/user/Keys/%C1.M.K%00%3F%CEUL%08m2%E5%A6%28%3Ew%CDb%836%8B%D9z%DA%5B%02%D776-%A5s%B2%09%84%40/%FD%04%FB%C93%60%00 blocksize is 4096</message>
</record>
<record>
  <date>2014-05-21T23:40:25</date>
  <millis>1400715625851</millis>
  <sequence>37</sequence>
  <logger>ccnx.IO</logger>
  <level>INFO</level>
  <class>org.ccnx.ccn.io.CCNAbstractOutputStream</class>
  <method>startWrite</method>
  <thread>10</thread>
  <message>CCNAbstractOutputStream: startWrite -- searching for keys.</message>
</record>
<record>
  <date>2014-05-21T23:40:25</date>
  <millis>1400715625863</millis>
  <sequence>38</sequence>
  <logger>ccnx.AccessControl</logger>
  <level>INFO</level>
  <class>org.ccnx.ccn.profiles.security.access.AccessControlManager</class>
  <method>keysForOutput</method>
  <thread>10</thread>
  <message>keysForOutput: found an acm: (null)</message>
</record>
<record>
  <date>2014-05-21T23:40:25</date>
  <millis>1400715625864</millis>
  <sequence>39</sequence>
  <logger>ccnx.IO</logger>
  <level>INFO</level>
  <class>org.ccnx.ccn.io.CCNOutputStream</class>
  <method>flushToNetwork</method>
  <thread>10</thread>
  <message>flush: outputting to the segmenter, baseName /ccnx.org/Users/user/Keys/%C1.M.K%00%3F%CEUL%08m2%E5%A6%28%3Ew%CDb%836%8B%D9z%DA%5B%02%D776-%A5s%B2%09%84%40/%FD%04%FB%C93%60%00 basenameindex %00; 162 bytes written, holding back 162 flushing final blocks? false.</message>
</record>
<record>
  <date>2014-05-21T23:40:25</date>
  <millis>1400715625864</millis>
  <sequence>40</sequence>
  <logger>ccnx.IO</logger>
  <level>INFO</level>
  <class>org.ccnx.ccn.io.CCNOutputStream</class>
  <method>flushToNetwork</method>
  <thread>10</thread>
  <message>HEADER: CCNOutputStream: flushToNetwork: new _baseNameIndex 0</message>
</record>
<record>
  <date>2014-05-21T23:40:25</date>
  <millis>1400715625865</millis>
  <sequence>41</sequence>
  <logger>ccnx.IO</logger>
  <level>INFO</level>
  <class>org.ccnx.ccn.io.CCNOutputStream</class>
  <method>flushToNetwork</method>
  <thread>10</thread>
  <message>flush: outputting to the segmenter, baseName /ccnx.org/Users/user/Keys/%C1.M.K%00%3F%CEUL%08m2%E5%A6%28%3Ew%CDb%836%8B%D9z%DA%5B%02%D776-%A5s%B2%09%84%40/%FD%04%FB%C93%60%00 basenameindex %00; 162 bytes written, holding back 0 flushing final blocks? true.</message>
</record>
<record>
  <date>2014-05-21T23:40:25</date>
  <millis>1400715625894</millis>
  <sequence>42</sequence>
  <logger>ccnx.IO</logger>
  <level>INFO</level>
  <class>org.ccnx.ccn.io.CCNOutputStream</class>
  <method>flushToNetwork</method>
  <thread>10</thread>
  <message>HEADER: CCNOutputStream: flushToNetwork: new _baseNameIndex 1</message>
</record>
<record>
  <date>2014-05-21T23:40:25</date>
  <millis>1400715625894</millis>
  <sequence>43</sequence>
  <logger>ccnx.IO</logger>
  <level>INFO</level>
  <class>org.ccnx.ccn.io.CCNOutputStream</class>
  <method>close</method>
  <thread>10</thread>
  <message>CCNOutputStream close: /ccnx.org/Users/user/Keys/%C1.M.K%00%3F%CEUL%08m2%E5%A6%28%3Ew%CDb%836%8B%D9z%DA%5B%02%D776-%A5s%B2%09%84%40/%FD%04%FB%C93%60%00</message>
</record>
<record>
  <date>2014-05-21T23:40:25</date>
  <millis>1400715625899</millis>
  <sequence>44</sequence>
  <logger>ccnx.Keys</logger>
  <level>INFO</level>
  <class>org.ccnx.ccn.KeyManager</class>
  <method>publishKey</method>
  <thread>10</thread>
  <message>Published key Sun RSA public key, 1024 bits
  modulus: 135515730741970300619524312848087570934064847375151356585979084294777182880762622181873711448853282416959097500261212440524116969539524736868412447388635477571462931795186547314185772803679668430525151807847552466697188897703971229919242881009113025121583910733198803237713676991272899853950119558461671917091
  public exponent: 65537 to name /ccnx.org/Users/user/Keys/%C1.M.K%00%3F%CEUL%08m2%E5%A6%28%3Ew%CDb%836%8B%D9z%DA%5B%02%D776-%A5s%B2%09%84%40/%FD%04%FB%C93%60%00 with key locator NAME: /ccnx.org/Users/user/Keys/%C1.M.K%00%3F%CEUL%08m2%E5%A6%28%3Ew%CDb%836%8B%D9z%DA%5B%02%D776-%A5s%B2%09%84%40/%FD%04%FB%C93%60%00 KEY:fueal60gr9ismj2gfjnplh86dkbr5tdkmo2qsrjcbd5eep0j120; ephemeral digest Z%F2%DF%F7p%B2%92%AC%D3%0B%2F%02%0C%FF%B5F%DF%9E%9DL%25Ar%0Eo%92%94%17%BDD%CE%8C.</message>
</record>
<record>
  <date>2014-05-21T23:40:25</date>
  <millis>1400715625900</millis>
  <sequence>45</sequence>
  <logger>ccnx.Keys</logger>
  <level>INFO</level>
  <class>org.ccnx.ccn.impl.security.keys.BasicKeyManager</class>
  <method>publishKey</method>
  <thread>10</thread>
  <message>publishKey: published key P85VTAhtMuWmKD53zWKDNovZetpbAtc3Ni2lc7IJhEA=
 under specified key name /ccnx.org/Users/user/Keys/%C1.M.K%00%3F%CEUL%08m2%E5%A6%28%3Ew%CDb%836%8B%D9z%DA%5B%02%D776-%A5s%B2%09%84%40/%FD%04%FB%C93%60%00
 key locator: NAME: /ccnx.org/Users/user/Keys/%C1.M.K%00%3F%CEUL%08m2%E5%A6%28%3Ew%CDb%836%8B%D9z%DA%5B%02%D776-%A5s%B2%09%84%40/%FD%04%FB%C93%60%00 KEY:fueal60gr9ismj2gfjnplh86dkbr5tdkmo2qsrjcbd5eep0j120</message>
</record>
<record>
  <date>2014-05-21T23:40:25</date>
  <millis>1400715625901</millis>
  <sequence>46</sequence>
  <logger>ccnx.Keys</logger>
  <level>INFO</level>
  <class>org.ccnx.ccn.impl.security.keys.BasicKeyManager</class>
  <method>publishKey</method>
  <thread>10</thread>
  <message>publishKey: storing key locator P85VTAhtMuWmKD53zWKDNovZetpbAtc3Ni2lc7IJhEA= for key NAME: /ccnx.org/Users/user/Keys/%C1.M.K%00%3F%CEUL%08m2%E5%A6%28%3Ew%CDb%836%8B%D9z%DA%5B%02%D776-%A5s%B2%09%84%40/%FD%04%FB%C93%60%00 KEY:fueal60gr9ismj2gfjnplh86dkbr5tdkmo2qsrjcbd5eep0j120</message>
</record>
<record>
  <date>2014-05-21T23:40:25</date>
  <millis>1400715625902</millis>
  <sequence>47</sequence>
  <logger>ccnx.Default</logger>
  <level>INFO</level>
  <class>thoth.CCNComms</class>
  <method>createConnection</method>
  <thread>10</thread>
  <message>Connected to 18Au5qIGK5GvOGhF9slVhPd9obNVP8+0G7CFpCR4EW0= over TCP.</message>
</record>
<record>
  <date>2014-05-21T23:40:25</date>
  <millis>1400715625910</millis>
  <sequence>48</sequence>
  <logger>ccnx.Default</logger>
  <level>INFO</level>
  <class>thoth.DTNode</class>
  <method>PowerOn</method>
  <thread>10</thread>
  <message>Our public key is: P85VTAhtMuWmKD53zWKDNovZetpbAtc3Ni2lc7IJhEA=</message>
</record>
<record>
  <date>2014-05-21T23:40:25</date>
  <millis>1400715625911</millis>
  <sequence>49</sequence>
  <logger>ccnx.Default</logger>
  <level>INFO</level>
  <class>thoth.DTNode</class>
  <method>PowerOn</method>
  <thread>10</thread>
  <message>Our public key fingerprint is: 362da573b2098440</message>
</record>
<record>
  <date>2014-05-21T23:40:25</date>
  <millis>1400715625947</millis>
  <sequence>50</sequence>
  <logger>ccnx.Default</logger>
  <level>INFO</level>
  <class>thoth.DTNode</class>
  <method>createContentObjects</method>
  <thread>10</thread>
  <message>Creating CO with name: /test/1/%FD%057%D3%96%9F%27/%00</message>
</record>
<record>
  <date>2014-05-21T23:40:25</date>
  <millis>1400715625948</millis>
  <sequence>51</sequence>
  <logger>ccnx.Default</logger>
  <level>INFO</level>
  <class>thoth.DTNode</class>
  <method>createContentObjects</method>
  <thread>10</thread>
  <message>Got length = 46</message>
</record>
<record>
  <date>2014-05-21T23:40:25</date>
  <millis>1400715625948</millis>
  <sequence>52</sequence>
  <logger>ccnx.Default</logger>
  <level>INFO</level>
  <class>thoth.DTNode</class>
  <method>createContentObjects</method>
  <thread>10</thread>
  <message>Read file into memory</message>
</record>
<record>
  <date>2014-05-21T23:40:25</date>
  <millis>1400715625949</millis>
  <sequence>53</sequence>
  <logger>ccnx.Keys</logger>
  <level>INFO</level>
  <class>org.ccnx.ccn.impl.security.keys.BasicKeyManager</class>
  <method>getKeyLocator</method>
  <thread>10</thread>
  <message>getKeyLocator: returning locator NAME: /ccnx.org/Users/user/Keys/%C1.M.K%00%3F%CEUL%08m2%E5%A6%28%3Ew%CDb%836%8B%D9z%DA%5B%02%D776-%A5s%B2%09%84%40/%FD%04%FB%C93%60%00 KEY:fueal60gr9ismj2gfjnplh86dkbr5tdkmo2qsrjcbd5eep0j120 for key P85VTAhtMuWmKD53zWKDNovZetpbAtc3Ni2lc7IJhEA=</message>
</record>
<record>
  <date>2014-05-21T23:40:25</date>
  <millis>1400715625965</millis>
  <sequence>54</sequence>
  <logger>ccnx.Default</logger>
  <level>INFO</level>
  <class>thoth.DTNode</class>
  <method>createContentObjects</method>
  <thread>10</thread>
  <message>Built object..</message>
</record>
<record>
  <date>2014-05-21T23:40:25</date>
  <millis>1400715625965</millis>
  <sequence>55</sequence>
  <logger>ccnx.Default</logger>
  <level>INFO</level>
  <class>thoth.DTNode</class>
  <method>createContentObjects</method>
  <thread>10</thread>
  <message>Added object to list</message>
</record>
<record>
  <date>2014-05-21T23:40:25</date>
  <millis>1400715625968</millis>
  <sequence>56</sequence>
  <logger>ccnx.Default</logger>
  <level>INFO</level>
  <class>thoth.DTNode</class>
  <method>waitForTestbedSync</method>
  <thread>10</thread>
  <message>Waiting for synchronization signal..</message>
</record>
<record>
  <date>2014-05-21T23:40:25</date>
  <millis>1400715625969</millis>
  <sequence>57</sequence>
  <logger>ccnx.Default</logger>
  <level>INFO</level>
  <class>thoth.DTNode.BeaconGenerator</class>
  <method>run</method>
  <thread>12</thread>
  <message>Starting beacon thread..</message>
</record>
<record>
  <date>2014-05-21T23:40:25</date>
  <millis>1400715625969</millis>
  <sequence>58</sequence>
  <logger>ccnx.Default</logger>
  <level>INFO</level>
  <class>thoth.DTNode.BeaconGenerator</class>
  <method>run</method>
  <thread>12</thread>
  <message>Sent ready signal to server.</message>
</record>
<record>
  <date>2014-05-21T23:40:26</date>
  <millis>1400715626134</millis>
  <sequence>59</sequence>
  <logger>ccnx.Default</logger>
  <level>INFO</level>
  <class>thoth.DTNode</class>
  <method>waitForTestbedSync</method>
  <thread>10</thread>
  <message>Got synchronization signal, good to go!</message>
</record>
<record>
  <date>2014-05-21T23:40:26</date>
  <millis>1400715626135</millis>
  <sequence>60</sequence>
  <logger>ccnx.Default</logger>
  <level>INFO</level>
  <class>thoth.DTNode</class>
  <method>PowerOn</method>
  <thread>10</thread>
  <message>NODE is in SENDER MODE</message>
</record>
<record>
  <date>2014-05-21T23:40:26</date>
  <millis>1400715626135</millis>
  <sequence>61</sequence>
  <logger>ccnx.Default</logger>
  <level>INFO</level>
  <class>thoth.CCNComms</class>
  <method>handleInterests</method>
  <thread>10</thread>
  <message>Listening for interests..</message>
</record>
<record>
  <date>2014-05-21T23:40:29</date>
  <millis>1400715629135</millis>
  <sequence>62</sequence>
  <logger>ccnx.Default</logger>
  <level>INFO</level>
  <class>thoth.CCNComms</class>
  <method>handleInterests</method>
  <thread>10</thread>
  <message>Listening for interests..</message>
</record>
<record>
  <date>2014-05-21T23:40:32</date>
  <millis>1400715632136</millis>
  <sequence>63</sequence>
  <logger>ccnx.Default</logger>
  <level>INFO</level>
  <class>thoth.CCNComms</class>
  <method>handleInterests</method>
  <thread>10</thread>
  <message>Listening for interests..</message>
</record>
<record>
  <date>2014-05-21T23:40:35</date>
  <millis>1400715635136</millis>
  <sequence>64</sequence>
  <logger>ccnx.Default</logger>
  <level>INFO</level>
  <class>thoth.CCNComms</class>
  <method>handleInterests</method>
  <thread>10</thread>
  <message>Listening for interests..</message>
</record>
<record>
  <date>2014-05-21T23:40:35</date>
  <millis>1400715635141</millis>
  <sequence>65</sequence>
  <logger>ccnx.Default</logger>
  <level>INFO</level>
  <class>thoth.CCNComms.SenderListener</class>
  <method>handleInterest</method>
  <thread>11</thread>
  <message>Received an interest: /test/1: </message>
</record>
<record>
  <date>2014-05-21T23:40:35</date>
  <millis>1400715635144</millis>
  <sequence>66</sequence>
  <logger>ccnx.Default</logger>
  <level>INFO</level>
  <class>thoth.DTNode</class>
  <method>handleRequests</method>
  <thread>10</thread>
  <message>Checking if we have a CO to match this interest..</message>
</record>
<record>
  <date>2014-05-21T23:40:35</date>
  <millis>1400715635145</millis>
  <sequence>67</sequence>
  <logger>ccnx.Default</logger>
  <level>INFO</level>
  <class>thoth.DTNode</class>
  <method>handleRequests</method>
  <thread>10</thread>
  <message>Found match! Writing CO to network..</message>
</record>
<record>
  <date>2014-05-21T23:40:35</date>
  <millis>1400715635145</millis>
  <sequence>68</sequence>
  <logger>ccnx.Default</logger>
  <level>INFO</level>
  <class>thoth.CCNComms</class>
  <method>handleInterests</method>
  <thread>10</thread>
  <message>Listening for interests..</message>
</record>
<record>
  <date>2014-05-21T23:40:38</date>
  <millis>1400715638146</millis>
  <sequence>69</sequence>
  <logger>ccnx.Default</logger>
  <level>INFO</level>
  <class>thoth.CCNComms</class>
  <method>handleInterests</method>
  <thread>10</thread>
  <message>Listening for interests..</message>
</record>
<record>
  <date>2014-05-21T23:40:41</date>
  <millis>1400715641146</millis>
  <sequence>70</sequence>
  <logger>ccnx.Default</logger>
  <level>INFO</level>
  <class>thoth.CCNComms</class>
  <method>handleInterests</method>
  <thread>10</thread>
  <message>Listening for interests..</message>
</record>
<record>
  <date>2014-05-21T23:40:44</date>
  <millis>1400715644147</millis>
  <sequence>71</sequence>
  <logger>ccnx.Default</logger>
  <level>INFO</level>
  <class>thoth.CCNComms</class>
  <method>handleInterests</method>
  <thread>10</thread>
  <message>Listening for interests..</message>
</record>
<record>
  <date>2014-05-21T23:40:47</date>
  <millis>1400715647147</millis>
  <sequence>72</sequence>
  <logger>ccnx.Default</logger>
  <level>INFO</level>
  <class>thoth.CCNComms</class>
  <method>handleInterests</method>
  <thread>10</thread>
  <message>Listening for interests..</message>
</record>
<record>
  <date>2014-05-21T23:40:50</date>
  <millis>1400715650147</millis>
  <sequence>73</sequence>
  <logger>ccnx.Default</logger>
  <level>INFO</level>
  <class>thoth.CCNComms</class>
  <method>handleInterests</method>
  <thread>10</thread>
  <message>Listening for interests..</message>
</record>
<record>
  <date>2014-05-21T23:40:53</date>
  <millis>1400715653148</millis>
  <sequence>74</sequence>
  <logger>ccnx.Default</logger>
  <level>INFO</level>
  <class>thoth.CCNComms</class>
  <method>handleInterests</method>
  <thread>10</thread>
  <message>Listening for interests..</message>
</record>
<record>
  <date>2014-05-21T23:40:56</date>
  <millis>1400715656148</millis>
  <sequence>75</sequence>
  <logger>ccnx.Default</logger>
  <level>INFO</level>
  <class>thoth.CCNComms</class>
  <method>handleInterests</method>
  <thread>10</thread>
  <message>Listening for interests..</message>
</record>
<record>
  <date>2014-05-21T23:40:59</date>
  <millis>1400715659149</millis>
  <sequence>76</sequence>
  <logger>ccnx.Default</logger>
  <level>INFO</level>
  <class>thoth.CCNComms</class>
  <method>handleInterests</method>
  <thread>10</thread>
  <message>Listening for interests..</message>
</record>
<record>
  <date>2014-05-21T23:41:02</date>
  <millis>1400715662149</millis>
  <sequence>77</sequence>
  <logger>ccnx.Default</logger>
  <level>INFO</level>
  <class>thoth.CCNComms</class>
  <method>handleInterests</method>
  <thread>10</thread>
  <message>Listening for interests..</message>
</record>
<record>
  <date>2014-05-21T23:41:05</date>
  <millis>1400715665150</millis>
  <sequence>78</sequence>
  <logger>ccnx.Default</logger>
  <level>INFO</level>
  <class>thoth.CCNComms</class>
  <method>handleInterests</method>
  <thread>10</thread>
  <message>Listening for interests..</message>
</record>
<record>
  <date>2014-05-21T23:41:08</date>
  <millis>1400715668150</millis>
  <sequence>79</sequence>
  <logger>ccnx.Default</logger>
  <level>INFO</level>
  <class>thoth.CCNComms</class>
  <method>handleInterests</method>
  <thread>10</thread>
  <message>Listening for interests..</message>
</record>
<record>
  <date>2014-05-21T23:41:11</date>
  <millis>1400715671150</millis>
  <sequence>80</sequence>
  <logger>ccnx.Default</logger>
  <level>INFO</level>
  <class>thoth.CCNComms</class>
  <method>handleInterests</method>
  <thread>10</thread>
  <message>Listening for interests..</message>
</record>
<record>
  <date>2014-05-21T23:41:11</date>
  <millis>1400715671401</millis>
  <sequence>81</sequence>
  <logger>ccnx.NetManager</logger>
  <level>INFO</level>
  <class>org.ccnx.ccn.impl.CCNNetworkChannel</class>
  <method>close</method>
  <thread>11</thread>
  <message>NetworkChannel 1: close(true)</message>
</record>
</log>
